<?xml version="1.0" encoding="UTF-8"?><TestSessionContainer xmlns="http://www.codecover.org/xml/testsession-container" Date="1416508895139" TestSessionContainerId="53d68781-2ffc-4b0d-8114-906e711f5bc4" version="1.0">
<SrcFileList>
<SrcFile Content="package game;&#10;&#10;/**&#10; * View contains the messages sent to the user and the way the board will be displayed to the user.&#10; * &#10; */&#10;public class View {&#10;&#9;private static String errorMessage;&#10;&#9;&#10;&#9;public void DisplayMenu() {&#10;&#9;&#9;System.out.println(&quot;What variation of Chess do you want to play?&quot;);&#10;&#9;&#9;System.out.println(&quot;1. Classic Chess&quot;);&#10;&#9;&#9;System.out.println(&quot;2. Peasants Revolt Chess&quot;);&#10;&#9;&#9;System.out.println(&quot;3. Take All Chess&quot;);&#10;&#9;&#9;System.out.println(&quot;4. Testing Suite&quot;);&#10;&#9;&#9;System.out.println(&quot;Enter the index of the variation.&quot;);&#10;&#9;}&#10;&#9;&#10;&#9;public void DisplayBoard(Board gameBoard) {&#10;&#9;&#9;&#10;&#9;&#9;System.out.print(&quot;    A B C D E F G H&quot; + &quot;\n\n&quot;);&#10;&#9;&#9;&#10;&#9;&#9;for(int y = 0; y &lt; gameBoard.height; y++) {&#10;&#9;&#9;&#9;System.out.print(y + &quot;   &quot;);&#10;&#9;&#9;&#9;for(int x = 0; x &lt; gameBoard.width; x++) {&#10;&#9;&#9;&#9;&#9;if (gameBoard.tiles[x][y].piece == null) {&#10;&#9;&#9;&#9;&#9;&#9;System.out.print(&quot;- &quot;);&#10;&#9;&#9;&#9;&#9;}&#10;&#9;&#9;&#9;&#9;else {&#10;&#9;&#9;&#9;&#9;&#9;System.out.print(gameBoard.tiles[x][y].piece.toString() + &quot; &quot;);&#10;&#9;&#9;&#9;&#9;}&#10;&#9;&#9;&#9;}&#10;&#9;&#9;&#9;System.out.print(&quot;  &quot; + y + &quot;\n&quot;);&#10;&#9;&#9;}&#10;&#9;&#9;&#10;&#9;&#9;System.out.print(&quot;\n    A B C D E F G H&quot; + &quot;\n&quot; );&#10;&#9;&#9;&#10;&#9;}&#10;&#9;&#10;&#9;public void DisplayTurnNotification(int turnNumber, String color) {&#10;&#9;&#9;System.out.println(&quot;Turn #&quot; + turnNumber + &quot;: It's &quot; + color + &quot;'s turn.&quot;);&#10;&#9;&#9;System.out.println(&quot;Please enter a move. (eg: a2-a3)&quot;);&#10;&#9;}&#10;&#9;&#10;&#9;public void DisplayErrorMessage() {&#10;&#9;&#9;System.out.println(&quot;!Error =&gt; &quot; + View.getErrorMessage());&#10;&#9;&#9;View.setErrorMessage(&quot;&quot;);&#10;&#9;}&#10;&#9;&#10;&#9;public void DisplayErrorMessage(String errorMessage) {&#10;&#9;&#9;View.setErrorMessage(errorMessage);&#10;&#9;&#9;DisplayErrorMessage();&#10;&#9;}&#10;&#9;&#10;&#9;public void DisplayStalemateMessage(String stalematedColor) {&#10;&#9;&#9;System.out.println(&quot;The game resulted in a stalemate&quot;);&#10;&#9;}&#10;&#9;&#10;&#9;public void DisplaySurrenderMessage(String surrenderingColor) {&#10;&#9;&#9;String winningColor = &quot;White&quot;;&#10;&#9;&#9;if(surrenderingColor.equals(&quot;White&quot;)) {&#10;&#9;&#9;&#9;winningColor = &quot;Black&quot;;&#10;&#9;&#9;}&#10;&#9;&#9;System.out.println(surrenderingColor + &quot; surrendered. &quot; + winningColor + &quot; is the winner.&quot;);&#10;&#9;}&#10;&#9;&#10;&#9;public void DisplayWinMessage(Player winningPlayer) {&#10;&#9;&#9;if(winningPlayer == null) {&#10;&#9;&#9;&#9;System.out.println(&quot;Stalement. Game Over&quot;);&#10;&#9;&#9;}&#10;&#9;&#9;else {&#10;&#9;&#9;&#9;System.out.println(winningPlayer.color + &quot; is the winner.&quot;);&#10;&#9;&#9;}&#10;&#9;}&#10;&#9;&#10;&#9;public void DisplayExitMessage() {&#10;&#9;&#9;System.out.println(&quot;Thanks for playing!&quot;);&#10;&#9;}&#10;&#10;&#9;public static String getErrorMessage() {&#10;&#9;&#9;return errorMessage;&#10;&#9;}&#10;&#10;&#9;public static void setErrorMessage(String errorMessage) {&#10;&#9;&#9;View.errorMessage = errorMessage;&#10;&#9;}&#10;}&#10;" Filename="View.java" Intrnl_Id="1"/>
<SrcFile Content="package game;&#10;&#10;/**&#10; * Tile class is placed on each spot on the board. Holds a reference to the piece on it.&#10; * &#10; */&#10;public class Tile {&#10;&#9;public Piece piece;&#10;&#9;public int xCord = -1;&#10;&#9;public int yCord = -1;&#10;&#9;&#10;&#9;public Tile() {&#10;&#9;&#9;piece = null;&#10;&#9;}&#10;&#9;&#10;&#9;public Tile(Piece piece) {&#10;&#9;&#9;this.piece = piece;&#10;&#9;}&#10;&#10;&#9;public void addPiece(Piece piece) {&#10;&#9;&#9;if(piece != null) {&#10;&#9;&#9;&#9;this.piece = piece;&#10;&#9;&#9;}&#10;&#9;}&#10;&#10;&#9;public Piece getPiece() {&#10;&#9;&#9;return this.piece;&#10;&#9;}&#10;&#9;&#10;&#9;private String xCordToChar() {&#10;&#9;&#9;String returnVal = &quot;&quot;;&#10;&#9;&#9;returnVal = (this.xCord == 0) ? &quot;A&quot; : returnVal;&#10;&#9;&#9;returnVal = (this.xCord == 1) ? &quot;B&quot; : returnVal;&#10;&#9;&#9;returnVal = (this.xCord == 2) ? &quot;C&quot; : returnVal;&#10;&#9;&#9;returnVal = (this.xCord == 3) ? &quot;D&quot; : returnVal;&#10;&#9;&#9;returnVal = (this.xCord == 4) ? &quot;E&quot; : returnVal;&#10;&#9;&#9;returnVal = (this.xCord == 5) ? &quot;F&quot; : returnVal;&#10;&#9;&#9;returnVal = (this.xCord == 6) ? &quot;G&quot; : returnVal;&#10;&#9;&#9;returnVal = (this.xCord == 7) ? &quot;H&quot; : returnVal;&#10;&#9;&#9;&#10;&#9;&#9;return returnVal;&#10;&#9;}&#10;&#9;&#10;&#9;public String toString() {&#10;&#9;&#9;if(this.piece != null) {&#10;&#9;&#9;&#9;return &quot;xCord =&gt; &quot; + xCordToChar()&#10;&#9;&#9;&#9;&#9;&#9;+ &quot; yCord =&gt; &quot; + this.yCord&#10;&#9;&#9;&#9;&#9;&#9;+ &quot; piece =&gt; &quot; + this.piece.toString();&#10;&#9;&#9;} else {&#10;&#9;&#9;&#9;return &quot;xCord =&gt; &quot; + xCordToChar()&#10;&#9;&#9;&#9;&#9;&#9;+ &quot; yCord =&gt; &quot; + this.yCord&#10;&#9;&#9;&#9;&#9;&#9;+ &quot; piece =&gt; N/A&quot;;&#10;&#9;&#9;}&#10;&#9;}&#10;&#9;&#10;}" Filename="Tile.java" Intrnl_Id="2"/>
<SrcFile Content="package game;&#10;&#10;import java.io.BufferedReader;&#10;import java.io.ByteArrayInputStream;&#10;import java.io.IOException;&#10;import java.io.InputStream;&#10;import java.io.InputStreamReader;&#10;&#10;/**&#10; * &#10; * This class is the testing suite class and is used to run a testing suite in order to allow our code to be tested using a framework custom created by us.&#10; *&#10; */&#10;public class TestingSuite {&#10;&#10;&#9;public View view = null;&#10;&#9;public Game game = null;&#10;&#9;public InputStream stdin = System.in;&#10;&#9;&#10;&#9;public TestingSuite(View view) {&#10;&#9;&#9;this.view = view;&#10;&#9;}&#10;&#10;&#9;/**&#10;&#9; * This method is called when the test suite is called from the main menu, and is used to display the testing menu to the users, as well as gather their input in regards to which tests to run.&#10;&#9; */&#10;&#9;public void start() {&#10;&#10;&#9;&#9;game = null;&#10;&#10;&#9;&#9;BufferedReader br = new BufferedReader(new InputStreamReader(System.in));&#10;&#9;&#9;String input = null;&#10;&#9;&#9;while (input == null) {&#10;&#10;&#9;&#9;&#9;System.out.println(&quot;Welcome to the Automatic Testing Suite&quot;);&#10;&#9;&#9;&#9;System.out.println(&quot;Select a test to run:&quot;);&#10;&#9;&#9;&#9;System.out.println(&quot;0. Return to main menu.&quot;);&#10;&#9;&#9;&#9;System.out.println(&quot;1. Run All Test Cases.&quot;);&#10;&#9;&#9;&#9;System.out.println(&quot;2. Classic Chess: Fool's Mate&quot;);&#10;&#9;&#9;&#9;System.out.println(&quot;3. Classic Chess: Scholar's Mate&quot;);&#10;&#9;&#9;&#9;System.out.println(&quot;4. Classic Chess: Castling&quot;);&#10;&#9;&#9;&#9;System.out.println(&quot;5. Classic Chess: Check&quot;);&#10;&#9;&#9;&#9;System.out.println(&quot;6. Classic Chess: Stalemate&quot;);&#10;&#9;&#9;&#9;System.out.println(&quot;7. Take All Chess: Taking all pieces&quot;);&#10;&#9;&#9;&#9;System.out.println(&quot;8. Take All Chess: Stalemate&quot;);&#10;&#9;&#9;&#9;System.out.println(&quot;9. Piece Movement: Take own piece&quot;);&#10;&#9;&#9;&#9;System.out.println(&quot;10. Piece Movement: Move onto self&quot;);&#10;&#9;&#9;&#9;System.out.println(&quot;11. Piece Movement: En Passant Positive&quot;);&#10;&#9;&#9;&#9;System.out.println(&quot;12. Piece Movement: En Passant Negative&quot;);&#10;&#9;&#9;&#9;System.out.println(&quot;13. Piece Movement: Pawn Promotion&quot;);&#10;&#9;&#9;&#9;System.out.println(&quot;14. Piece Movement: Pawn&quot;);&#10;&#9;&#9;&#9;System.out.println(&quot;15. Piece Movement: Rook&quot;);&#10;&#9;&#9;&#9;System.out.println(&quot;16. Piece Movement: Knight&quot;);&#10;&#9;&#9;&#9;System.out.println(&quot;17. Piece Movement: Bishop&quot;);&#10;&#9;&#9;&#9;System.out.println(&quot;18. Piece Movement: Queen&quot;);&#10;&#9;&#9;&#9;System.out.println(&quot;19. Piece Movement: King&quot;);&#10;&#9;&#9;&#9;System.out.println(&quot;20. Move Instantiation&quot;);&#10;&#9;&#9;&#9;System.out.println(&quot;21. Stalemate Message&quot;);&#10;&#9;&#9;&#9;System.out.println(&quot;22. View Test&quot;);&#10;&#10;&#9;&#9;&#9;try {&#10;&#9;&#9;&#9;&#9;input = br.readLine();&#10;&#9;&#9;&#9;} catch (IOException e) {&#10;&#9;&#9;&#9;&#9;input = null;&#10;&#9;&#9;&#9;&#9;View.setErrorMessage(&quot;Input Error: Unable to read input.&quot;);&#10;&#9;&#9;&#9;&#9;view.DisplayErrorMessage();&#10;&#9;&#9;&#9;}&#10;&#10;&#9;&#9;&#9;if (input != null) {&#10;&#9;&#9;&#9;&#9;try {&#10;&#9;&#9;&#9;&#9;&#9;if (input.equalsIgnoreCase(&quot;exit&quot;)&#10;&#9;&#9;&#9;&#9;&#9;&#9;&#9;|| input.equalsIgnoreCase(&quot;quit&quot;)&#10;&#9;&#9;&#9;&#9;&#9;&#9;&#9;|| input.equalsIgnoreCase(&quot;q&quot;)) {&#10;&#9;&#9;&#9;&#9;&#9;&#9;view.DisplayExitMessage();&#10;&#9;&#9;&#9;&#9;&#9;&#9;System.exit(0);&#10;&#9;&#9;&#9;&#9;&#9;}&#10;&#10;&#9;&#9;&#9;&#9;&#9;int option = Integer.parseInt(input);&#10;&#10;&#9;&#9;&#9;&#9;&#9;if (option == 0) {&#10;&#9;&#9;&#9;&#9;&#9;&#9;break;&#10;&#9;&#9;&#9;&#9;&#9;} else if (option == 1) {&#10;&#9;&#9;&#9;&#9;&#9;&#9;runAllTestCases();&#10;&#9;&#9;&#9;&#9;&#9;&#9;input = null;&#10;&#9;&#9;&#9;&#9;&#9;} else if (option == 2) {&#10;&#9;&#9;&#9;&#9;&#9;&#9;foolsMate();&#10;&#9;&#9;&#9;&#9;&#9;&#9;input = null;&#10;&#9;&#9;&#9;&#9;&#9;} else if (option == 3) {&#10;&#9;&#9;&#9;&#9;&#9;&#9;scholarsMate();&#10;&#9;&#9;&#9;&#9;&#9;&#9;input = null;&#10;&#9;&#9;&#9;&#9;&#9;} else if (option == 4) {&#10;&#9;&#9;&#9;&#9;&#9;&#9;classicCastling();&#10;&#9;&#9;&#9;&#9;&#9;&#9;input = null;&#10;&#9;&#9;&#9;&#9;&#9;} else if (option == 5) {&#10;&#9;&#9;&#9;&#9;&#9;&#9;classicCheck();&#10;&#9;&#9;&#9;&#9;&#9;&#9;input = null;&#10;&#9;&#9;&#9;&#9;&#9;} else if (option == 6) {&#10;&#9;&#9;&#9;&#9;&#9;&#9;classicStalemate();&#10;&#9;&#9;&#9;&#9;&#9;&#9;input = null;&#10;&#9;&#9;&#9;&#9;&#9;} else if (option == 7) {&#10;&#9;&#9;&#9;&#9;&#9;&#9;takeAll();&#10;&#9;&#9;&#9;&#9;&#9;&#9;input = null;&#10;&#9;&#9;&#9;&#9;&#9;} else if (option == 8) {&#10;&#9;&#9;&#9;&#9;&#9;&#9;takeAllStalemate();&#10;&#9;&#9;&#9;&#9;&#9;&#9;input = null;&#10;&#9;&#9;&#9;&#9;&#9;} else if (option == 9) {&#10;&#9;&#9;&#9;&#9;&#9;&#9;takeOwnPiece();&#10;&#9;&#9;&#9;&#9;&#9;&#9;input = null;&#10;&#9;&#9;&#9;&#9;&#9;} else if (option == 10) {&#10;&#9;&#9;&#9;&#9;&#9;&#9;moveOntoSelf();&#10;&#9;&#9;&#9;&#9;&#9;&#9;input = null;&#10;&#9;&#9;&#9;&#9;&#9;} else if (option == 11) {&#10;&#9;&#9;&#9;&#9;&#9;&#9;enPassantPositiveTest();&#10;&#9;&#9;&#9;&#9;&#9;&#9;input = null;&#10;&#9;&#9;&#9;&#9;&#9;} else if (option == 12) {&#10;&#9;&#9;&#9;&#9;&#9;&#9;enPassantNegativeTest();&#10;&#9;&#9;&#9;&#9;&#9;&#9;input = null;&#10;&#9;&#9;&#9;&#9;&#9;} else if (option == 13) {&#10;&#9;&#9;&#9;&#9;&#9;&#9;pawnPromotion();&#10;&#9;&#9;&#9;&#9;&#9;&#9;input = null;&#10;&#9;&#9;&#9;&#9;&#9;} else if (option == 14) {&#10;&#9;&#9;&#9;&#9;&#9;&#9;pawnMovementTest();&#10;&#9;&#9;&#9;&#9;&#9;&#9;input = null;&#10;&#9;&#9;&#9;&#9;&#9;} else if (option == 15) {&#10;&#9;&#9;&#9;&#9;&#9;&#9;rookMovementTest();&#10;&#9;&#9;&#9;&#9;&#9;&#9;input = null;&#10;&#9;&#9;&#9;&#9;&#9;} else if (option == 16) {&#10;&#9;&#9;&#9;&#9;&#9;&#9;knightMovementTest();&#10;&#9;&#9;&#9;&#9;&#9;&#9;input = null;&#10;&#9;&#9;&#9;&#9;&#9;} else if (option == 17) {&#10;&#9;&#9;&#9;&#9;&#9;&#9;bishopMovementTest();&#10;&#9;&#9;&#9;&#9;&#9;&#9;input = null;&#10;&#9;&#9;&#9;&#9;&#9;} else if (option == 18) {&#10;&#9;&#9;&#9;&#9;&#9;&#9;queenMovementTest();&#10;&#9;&#9;&#9;&#9;&#9;&#9;input = null;&#10;&#9;&#9;&#9;&#9;&#9;} else if (option == 19) {&#10;&#9;&#9;&#9;&#9;&#9;&#9;kingMovementTest();&#10;&#9;&#9;&#9;&#9;&#9;&#9;input = null;&#10;&#9;&#9;&#9;&#9;&#9;/*} else if (option == 20) {&#10;&#9;&#9;&#9;&#9;&#9;&#9;moveInstantiationTest();&#10;&#9;&#9;&#9;&#9;&#9;&#9;input = null;&#10;&#9;&#9;&#9;&#9;&#9;} else if (option == 21) {&#10;&#9;&#9;&#9;&#9;&#9;&#9;stalemateMessageTest();&#10;&#9;&#9;&#9;&#9;&#9;&#9;input = null;&#10;&#9;&#9;&#9;&#9;&#9;} else if (option == 22) {&#10;&#9;&#9;&#9;&#9;&#9;&#9;viewTest();&#10;&#9;&#9;&#9;&#9;&#9;&#9;input = null;*/&#10;&#9;&#9;&#9;&#9;&#9;} else {&#10;&#9;&#9;&#9;&#9;&#9;&#9;input = null;&#10;&#9;&#9;&#9;&#9;&#9;&#9;System.out.println(&quot;Input Error: Not a valid test index.&quot;);&#10;&#9;&#9;&#9;&#9;&#9;}&#10;&#9;&#9;&#9;&#9;} catch (Exception e) {&#10;&#9;&#9;&#9;&#9;&#9;input = null;&#10;&#9;&#9;&#9;&#9;&#9;System.out.println(&quot;Error loading test.&quot;);&#10;&#9;&#9;&#9;&#9;}&#10;&#9;&#9;&#9;}&#10;&#10;&#9;&#9;}&#10;&#9;}&#10;&#10;&#9;/**&#10;&#9; * This method is used to handle each move that the testing suite wants to make.&#10;&#9; * @param move The move that is going to be made&#10;&#9; */&#10;&#9;public void completeMove(Move move) {&#10;&#9;&#9;System.out.println(move.activePlayer + &quot; moves &quot; + move.text);&#10;&#10;&#9;&#9;if (move.IsValid() &amp;&amp; game.rules.ValidateMove(move, game.board) == 0) {&#10;&#9;&#9;&#9;MoveCompleteResult moveResult = game.CompleteMove(move);&#10;&#9;&#9;&#9;game.NextTurn();&#10;&#9;&#9;&#9;view.DisplayBoard(game.board);&#10;&#9;&#9;&#9;// check for game ending condition&#10;&#10;&#9;&#9;&#9;if (moveResult.gameOver) {&#10;&#9;&#9;&#9;&#9;view.DisplayWinMessage(moveResult.winner);&#10;&#9;&#9;&#9;&#9;game.GameOver = true;&#10;&#9;&#9;&#9;}&#10;&#9;&#9;} else {&#10;&#9;&#9;&#9;view.DisplayErrorMessage();&#10;&#9;&#9;}&#10;&#10;&#9;}&#10;&#10;&#9;/**&#10;&#9; * This method is called when the user wants to run all the test cases. &#10;&#9; */&#10;&#9;private void runAllTestCases() {&#10;&#9;&#9;foolsMate();&#10;&#9;&#9;scholarsMate();&#10;&#9;&#9;classicCastling();&#10;&#9;&#9;classicCheck();&#10;&#9;&#9;classicStalemate();&#10;&#9;&#9;takeAll();&#10;&#9;&#9;takeAllStalemate();&#10;&#9;&#9;takeOwnPiece();&#10;&#9;&#9;moveOntoSelf();&#10;&#9;&#9;enPassantPositiveTest();&#10;&#9;&#9;enPassantNegativeTest();&#10;&#9;&#9;pawnPromotion();&#10;&#9;&#9;pawnMovementTest();&#10;&#9;&#9;rookMovementTest();&#10;&#9;&#9;knightMovementTest();&#10;&#9;&#9;bishopMovementTest();&#10;&#9;&#9;queenMovementTest();&#10;&#9;&#9;kingMovementTest();&#10;&#9;&#9;moveInstantiationTest();&#10;&#9;&#9;stalemateMessageTest();&#10;&#9;&#9;viewTest();&#10;&#9;}&#10;&#9;&#10;&#9;/**&#10;&#9; * This test is used to test the Fool's Mate scenario in classic chess.&#10;&#9; */&#10;&#9;private void foolsMate() {&#10;&#9;&#9;boolean success = true;&#10;&#10;&#9;&#9;System.out.println(&quot;Beginning Classic Chess: Fool's Mate test..&quot;);&#10;&#9;&#9;game = new Game();&#10;&#9;&#9;game.rules = new ClassicChess();&#10;&#9;&#9;game.board = game.rules.SetStartingPositions(this.game.white,&#10;&#9;&#9;&#9;&#9;this.game.black);&#10;&#9;&#9;view.DisplayBoard(game.board);&#10;&#9;&#9;game.NextTurn();&#10;&#10;&#9;&#9;try {&#10;&#9;&#9;&#9;completeMove(new Move(game.activePlayer, &quot;c1-c2&quot;, game.board)); // w&#10;&#9;&#9;&#9;completeMove(new Move(game.activePlayer, &quot;d6-d4&quot;, game.board)); // b&#10;&#9;&#9;&#9;completeMove(new Move(game.activePlayer, &quot;b1-b3&quot;, game.board)); // w&#10;&#9;&#9;&#9;completeMove(new Move(game.activePlayer, &quot;e7-a3&quot;, game.board)); // b&#10;&#10;&#9;&#9;} catch (Exception e) {&#10;&#9;&#9;&#9;success = false;&#10;&#9;&#9;&#9;System.out.println(e.getMessage());&#10;&#9;&#9;}&#10;&#9;&#9;if (success &amp;&amp; game.GameOver) {&#10;&#9;&#9;&#9;System.out.println(&quot;| PASS | Classic Chess: Fool's Mate test was successful.\n&quot;);&#10;&#9;&#9;&#9;return;&#10;&#9;&#9;}&#10;&#9;&#9;System.out.println(&quot;| FAIL | Classic Chess: Fool's Mate test failed.\n&quot;);&#10;&#9;&#9;return;&#10;&#10;&#9;}&#10;&#10;&#9;/**&#10;&#9; * This test is used to test the Scholar's Mate scenario in classic chess.&#10;&#9; */&#10;&#9;private void scholarsMate() {&#10;&#9;&#9;boolean success = true;&#10;&#10;&#9;&#9;System.out.println(&quot;Beginning Classic Chess: Scholar's Mate test..&quot;);&#10;&#9;&#9;game = new Game();&#10;&#9;&#9;game.rules = new ClassicChess();&#10;&#9;&#9;game.board = game.rules.SetStartingPositions(this.game.white,&#10;&#9;&#9;&#9;&#9;this.game.black);&#10;&#9;&#9;view.DisplayBoard(game.board);&#10;&#9;&#9;game.NextTurn();&#10;&#10;&#9;&#9;try {&#10;&#9;&#9;&#9;completeMove(new Move(game.activePlayer, &quot;d1-d3&quot;, game.board)); // w&#10;&#9;&#9;&#9;completeMove(new Move(game.activePlayer, &quot;d6-d4&quot;, game.board)); // b&#10;&#9;&#9;&#9;completeMove(new Move(game.activePlayer, &quot;c0-f3&quot;, game.board)); // w&#10;&#9;&#9;&#9;completeMove(new Move(game.activePlayer, &quot;c7-f4&quot;, game.board)); // b&#10;&#9;&#9;&#9;completeMove(new Move(game.activePlayer, &quot;e0-a4&quot;, game.board)); // w&#10;&#9;&#9;&#9;completeMove(new Move(game.activePlayer, &quot;b7-c5&quot;, game.board)); // b&#10;&#9;&#9;&#9;completeMove(new Move(game.activePlayer, &quot;a4-c6&quot;, game.board)); // w&#10;&#9;&#9;} catch (Exception e) {&#10;&#9;&#9;&#9;success = false;&#10;&#9;&#9;&#9;System.out.println(e.getMessage());&#10;&#9;&#9;}&#10;&#10;&#9;&#9;if (success &amp;&amp; game.GameOver) {&#10;&#9;&#9;&#9;System.out.println(&quot;| PASS | Classic Chess: Scholar's Mate test was successful.\n&quot;);&#10;&#9;&#9;&#9;return;&#10;&#9;&#9;}&#10;&#9;&#9;System.out.println(&quot;| FAIL | Classic Chess: Scholar's Mate test failed.\n&quot;);&#10;&#9;&#9;return;&#10;&#9;}&#10;&#9;&#10;&#9;private void classicCastling() {&#10;&#9;&#9;boolean success = true;&#10;&#10;&#9;&#9;System.out.println(&quot;Beginning Classic Chess: Castling test..&quot;);&#10;&#9;&#9;game = new Game();&#10;&#9;&#9;game.rules = new ClassicChess();&#10;&#9;&#9;Board board = new Board(8, 8);&#10;&#9;&#9;Player white = game.white;&#10;&#9;&#9;Player black = game.black;&#10;&#10;&#9;&#9;board.AddPiece(new King(white), 3, 0);&#10;        board.AddPiece(new Rook(white), 0, 0);&#10;&#9;&#9;board.AddPiece(new King(black), 3, 7);&#10;        board.AddPiece(new Rook(black), 7, 7);&#10;&#10;&#9;&#9;game.board = board;&#10;&#9;&#9;view.DisplayBoard(game.board);&#10;&#9;&#9;game.NextTurn();&#10;&#10;&#9;&#9;try {&#10;&#9;&#9;&#9;completeMove(new Move(game.activePlayer, &quot;d0-b0&quot;, game.board)); // w&#10;            &#10;            if (game.board.tiles[1][0].piece.getClass() != King.class || game.board.tiles[2][0].piece.getClass() != Rook.class) {&#10;&#9;&#9;&#9;&#9;System.out.println(&quot;| FAIL | Castling: King failed castling left.&quot;);&#10;&#9;&#9;&#9;&#9;success = false;&#10;&#9;&#9;&#9;}&#10;            &#10;            completeMove(new Move(game.activePlayer, &quot;d7-f7&quot;, game.board)); // b&#10;            &#10;            if (game.board.tiles[5][7].piece.getClass() != King.class || game.board.tiles[4][7].piece.getClass() != Rook.class) {&#10;&#9;&#9;&#9;&#9;System.out.println(&quot;| FAIL | Castling: King failed castling right.&quot;);&#10;&#9;&#9;&#9;&#9;success = false;&#10;&#9;&#9;&#9;}&#10;            &#10;&#9;&#9;} catch (Exception e) {&#10;&#9;&#9;&#9;success = false;&#10;&#9;&#9;&#9;System.out.println(e.getMessage());&#10;&#9;&#9;}&#10;&#9;&#9;&#10;&#9;&#9;if (success) {&#10;&#9;&#9;&#9;System.out.println(&quot;| PASS | Classic Chess: Castling was successful.\n&quot;);&#10;&#9;&#9;&#9;return;&#10;&#9;&#9;}&#10;&#9;&#9;System.out.println(&quot;| FAIL | Classic Chess: Castling failed.\n&quot;);&#10;&#9;&#9;return;&#10;&#9;}&#10;&#9;&#10;&#9;private void classicCheck() {&#10;&#9;&#9;boolean success = true;&#10;&#10;&#9;&#9;System.out.println(&quot;Beginning Classic Chess: Check test..&quot;);&#10;&#9;&#9;game = new Game();&#10;&#9;&#9;game.rules = new ClassicChess();&#10;&#9;&#9;game.board = game.rules.SetStartingPositions(this.game.white,&#10;&#9;&#9;&#9;&#9;this.game.black);&#10;&#9;&#9;view.DisplayBoard(game.board);&#10;&#9;&#9;game.NextTurn();&#10;&#10;&#9;&#9;try {&#10;&#9;&#9;&#9;completeMove(new Move(game.activePlayer, &quot;c0-c2&quot;, game.board)); // w&#10;&#9;&#9;&#9;completeMove(new Move(game.activePlayer, &quot;b1-b2&quot;, game.board)); // w&#10;&#9;&#9;&#9;completeMove(new Move(game.activePlayer, &quot;b6-b5&quot;, game.board)); // b&#10;&#9;&#9;&#9;completeMove(new Move(game.activePlayer, &quot;c0-a2&quot;, game.board)); // w&#10;&#9;&#9;&#9;completeMove(new Move(game.activePlayer, &quot;c7-a5&quot;, game.board)); // b&#10;&#9;&#9;&#9;// place black in check&#10;&#9;&#9;&#9;completeMove(new Move(game.activePlayer, &quot;a2-e6&quot;, game.board)); // w&#10;&#9;&#9;&#9;&#10;&#9;&#9;&#9;// attempt to make a move while in check&#10;&#9;&#9;&#9;completeMove(new Move(game.activePlayer, &quot;c6-c5&quot;, game.board)); // b&#10;&#9;&#9;&#9;&#10;&#9;&#9;&#9;if (game.board.tiles[2][6].piece.getClass() != Pawn.class || game.board.tiles[2][5].piece != null) {&#10;&#9;&#9;&#9;&#9;System.out.println(&quot;| FAIL | Piece Movement: Pawn moved while in checkmate.&quot;);&#10;&#9;&#9;&#9;&#9;success = false;&#10;&#9;&#9;&#9;}&#10;&#9;&#9;&#9;&#10;&#9;&#9;&#9;// get out of check&#10;&#9;&#9;&#9;completeMove(new Move(game.activePlayer, &quot;f7-e6&quot;, game.board)); // b&#10;&#9;&#9;&#9;&#10;&#9;&#9;} catch (Exception e) {&#10;&#9;&#9;&#9;success = false;&#10;&#9;&#9;&#9;System.out.println(e.getMessage());&#10;&#9;&#9;}&#10;&#10;&#9;&#9;if (success) {&#10;&#9;&#9;&#9;System.out.println(&quot;| PASS | Classic Chess: Check test was successful.\n&quot;);&#10;&#9;&#9;&#9;return;&#10;&#9;&#9;}&#10;&#9;&#9;System.out.println(&quot;| FAIL | Classic Chess: Check test failed.\n&quot;);&#10;&#9;&#9;return;&#10;&#9;}&#10;&#9;&#10;&#9;&#10;&#9;/**&#10;&#9; * This method is used to test if the stalemate check is working properly in a classic chess game. &#10;&#9; */&#10;&#9;private void classicStalemate() {&#10;&#9;&#9;boolean success = true;&#10;&#10;&#9;&#9;System.out.println(&quot;Beginning Classic Chess: Stalemate test..&quot;);&#10;&#9;&#9;game = new Game();&#10;&#9;&#9;game.rules = new ClassicChess();&#10;&#9;&#9;Board board = new Board(8, 8);&#10;&#9;&#9;Player white = game.white;&#10;&#9;&#9;Player black = game.black;&#10;&#10;&#9;&#9;board.AddPiece(new King(white), 1, 1);&#10;&#9;&#9;board.AddPiece(new King(black), 6, 6);&#10;&#10;&#9;&#9;board.AddPiece(new Rook(black), 0, 6);&#10;&#9;&#9;board.AddPiece(new Rook(black), 2, 6);&#10;&#9;&#9;board.AddPiece(new Rook(black), 6, 3);&#9;&#10;&#10;&#9;&#9;game.board = board;&#10;&#9;&#9;view.DisplayBoard(game.board);&#10;&#9;&#9;game.NextTurn();&#10;&#10;&#9;&#9;try {&#10;&#9;&#9;&#9;completeMove(new Move(game.activePlayer, &quot;b1-b0&quot;, game.board)); // w&#10;&#9;&#9;&#9;completeMove(new Move(game.activePlayer, &quot;g3-g1&quot;, game.board)); // b&#10;&#9;&#9;&#9;if(game.rules.checkForStalemate(game.activePlayer, game.board)){&#10;&#9;&#9;&#9;&#9;view.DisplayStalemateMessage(game.rules.getStalemateMessage(game.activePlayer));&#10;&#9;&#9;&#9;&#9;game.GameOver = true;&#10;&#9;&#9;&#9;}&#10;&#9;&#9;} catch (Exception e) {&#10;&#9;&#9;&#9;success = false;&#10;&#9;&#9;&#9;System.out.println(e.getMessage());&#10;&#9;&#9;}&#10;&#9;&#9;if (success &amp;&amp; game.GameOver) {&#10;&#9;&#9;&#9;System.out.println(&quot;| PASS | Classic Chess: Stalemate test was successful.\n&quot;);&#10;&#9;&#9;&#9;return;&#10;&#9;&#9;}&#10;&#9;&#9;System.out.println(&quot;| FAIL | Classic Chess: Stalemate test failed.\n&quot;);&#10;&#9;&#9;return;&#10;&#9;}&#10;&#10;&#9;/**&#10;&#9; * This method is used to test taking all pieces in a take all chess game.&#10;&#9; */&#10;&#9;private void takeAll() {&#10;&#9;&#9;boolean success = true;&#10;&#10;&#9;&#9;System.out.println(&quot;Beginning Take All Chess: Taking all pieces test..&quot;);&#10;&#9;&#9;game = new Game();&#10;&#9;&#9;game.rules = new TakeAllChess();&#10;&#9;&#9;Board board = new Board(8, 8);&#10;&#9;&#9;Player white = game.white;&#10;&#9;&#9;Player black = game.black;&#10;&#10;&#9;&#9;board.AddPiece(new Pawn(white), 0, 1);&#10;&#9;&#9;board.AddPiece(new Pawn(black), 1, 2);&#10;&#10;&#9;&#9;game.board = board;&#10;&#9;&#9;view.DisplayBoard(game.board);&#10;&#9;&#9;game.NextTurn();&#10;&#10;&#9;&#9;try {&#10;&#9;&#9;&#9;completeMove(new Move(game.activePlayer, &quot;a1-b2&quot;, game.board)); // w&#10;&#9;&#9;} catch (Exception e) {&#10;&#9;&#9;&#9;success = false;&#10;&#9;&#9;&#9;System.out.println(e.getMessage());&#10;&#9;&#9;}&#10;&#9;&#9;if (success &amp;&amp; game.GameOver) {&#10;&#9;&#9;&#9;System.out.println(&quot;| PASS | Take All Chess: Taking all pieces was successful.\n&quot;);&#10;&#9;&#9;&#9;return;&#10;&#9;&#9;}&#10;&#9;&#9;System.out.println(&quot;| FAIL | Take All Chess: Taking all pieces failed.\n&quot;);&#10;&#9;&#9;return;&#10;&#10;&#9;}&#10;&#9;&#10;&#9;&#10;&#9;/**&#10;&#9; * This method is used to test if the stalemate check is working properly in a take all game. &#10;&#9; */&#10;&#9;private void takeAllStalemate() {&#10;&#9;&#9;boolean success = true;&#10;&#10;&#9;&#9;System.out.println(&quot;Beginning Take All Chess: Stalemate test..&quot;);&#10;&#9;&#9;game = new Game();&#10;&#9;&#9;game.rules = new TakeAllChess();&#10;&#9;&#9;Board board = new Board(8, 8);&#10;&#9;&#9;Player white = game.white;&#10;&#9;&#9;Player black = game.black;&#10;&#10;&#9;&#9;board.AddPiece(new Pawn(white), 3, 3);&#10;&#9;&#9;board.AddPiece(new Pawn(black), 3, 5);&#9;&#10;&#10;&#9;&#9;game.board = board;&#10;&#9;&#9;view.DisplayBoard(game.board);&#10;&#9;&#9;game.NextTurn();&#10;&#10;&#9;&#9;try {&#10;&#9;&#9;&#9;completeMove(new Move(game.activePlayer, &quot;d3-d4&quot;, game.board)); // w&#10;&#9;&#9;&#9;if(game.rules.checkForStalemate(game.activePlayer, game.board)){&#10;&#9;&#9;&#9;&#9;view.DisplayStalemateMessage(game.rules.getStalemateMessage(game.activePlayer));&#10;&#9;&#9;&#9;&#9;game.GameOver = true;&#10;&#9;&#9;&#9;}&#10;&#9;&#9;} catch (Exception e) {&#10;&#9;&#9;&#9;success = false;&#10;&#9;&#9;&#9;System.out.println(e.getMessage());&#10;&#9;&#9;}&#10;&#9;&#9;if (success &amp;&amp; game.GameOver) {&#10;&#9;&#9;&#9;System.out.println(&quot;| PASS | Take All Chess: Stalemate was successful.\n&quot;);&#10;&#9;&#9;&#9;return;&#10;&#9;&#9;}&#10;&#9;&#9;System.out.println(&quot;| FAIL | Take All Chess: Stalemate failed.\n&quot;);&#10;&#9;&#9;return;&#10;&#10;&#9;}&#10;&#10;&#9;/**&#10;&#9; * This method is used to test if a piece is able to take a piece of the same colour as the active player.&#10;&#9; * This is expected to have an error message printed.&#10;&#9; */&#10;&#9;private void takeOwnPiece() {&#10;&#9;&#9;boolean success = true;&#10;&#10;&#9;&#9;System.out.println(&quot;Beginning Piece Movement: Take own piece test..&quot;);&#10;&#9;&#9;game = new Game();&#10;&#9;&#9;game.rules = new ClassicChess();&#10;&#9;&#9;game.board = game.rules.SetStartingPositions(this.game.white,&#10;&#9;&#9;&#9;&#9;this.game.black);&#10;&#9;&#9;view.DisplayBoard(game.board);&#10;&#9;&#9;game.NextTurn();&#10;&#10;&#9;&#9;try {&#10;&#9;&#9;&#9;completeMove(new Move(game.activePlayer, &quot;e0-f1&quot;, game.board)); // w&#10;&#9;&#9;} catch (Exception e) {&#10;&#9;&#9;&#9;success = false;&#10;&#9;&#9;&#9;System.out.println(e.getMessage());&#10;&#9;&#9;}&#10;&#9;&#9;if (success &amp;&amp; game.board.tiles[4][0].piece.getClass() == Queen.class &amp;&amp; game.board.tiles[5][1].piece.getClass() == Pawn.class) {&#10;&#9;&#9;&#9;System.out.println(&quot;| PASS | Piece Movement: Take own piece test was successful.\n&quot;);&#10;&#9;&#9;&#9;return;&#10;&#9;&#9;}&#10;&#9;&#9;System.out.println(&quot;| FAIL | Piece Movement: Take own piece test failed.\n&quot;);&#10;&#9;&#9;return;&#10;&#10;&#9;}&#10;&#9;&#10;&#9;/**&#10;&#9; * This method is used to test if a piece is able to move onto the same tile where the piece currently is.&#10;&#9; * This is expected to have an error message printed.&#10;&#9; */&#10;&#9;private void moveOntoSelf() {&#10;&#9;&#9;boolean success = true;&#10;&#10;&#9;&#9;System.out.println(&quot;Beginning Piece Movement: Move onto self test..&quot;);&#10;&#9;&#9;game = new Game();&#10;&#9;&#9;game.rules = new ClassicChess();&#10;&#9;&#9;game.board = game.rules.SetStartingPositions(this.game.white,&#10;&#9;&#9;&#9;&#9;this.game.black);&#10;&#9;&#9;view.DisplayBoard(game.board);&#10;&#9;&#9;game.NextTurn();&#10;&#10;&#9;&#9;try {&#10;&#9;&#9;&#9;completeMove(new Move(game.activePlayer, &quot;e0-e0&quot;, game.board)); // w&#10;&#9;&#9;} catch (Exception e) {&#10;&#9;&#9;&#9;success = false;&#10;&#9;&#9;&#9;System.out.println(e.getMessage());&#10;&#9;&#9;}&#10;&#9;&#9;if (success &amp;&amp; game.board.tiles[4][0].piece.getClass() == Queen.class) {&#10;&#9;&#9;&#9;System.out.println(&quot;| PASS | Piece Movement: Move onto self test was successful.\n&quot;);&#10;&#9;&#9;&#9;return;&#10;&#9;&#9;}&#10;&#9;&#9;System.out.println(&quot;| FAIL | Piece Movement: Move onto self test failed.\n&quot;);&#10;&#9;&#9;return;&#10;&#10;&#9;}&#10;&#9;&#10;&#9;/**&#10;&#9; * This method is used to test if En Passant can properly be performed when the conditions are right.&#10;&#9; */&#10;&#9;private void enPassantPositiveTest() {&#10;&#9;&#9;boolean success = true;&#10;&#10;&#9;&#9;System.out.println(&quot;Beginning Piece Movement: En Passant Positive test..&quot;);&#10;&#9;&#9;game = new Game();&#10;&#9;&#9;game.rules = new ClassicChess();&#10;&#9;&#9;game.board = game.rules.SetStartingPositions(this.game.white,&#10;&#9;&#9;&#9;&#9;this.game.black);&#10;&#9;&#9;view.DisplayBoard(game.board);&#10;&#9;&#9;game.NextTurn();&#10;&#10;&#9;&#9;try {&#10;&#9;&#9;&#9;completeMove(new Move(game.activePlayer, &quot;d1-d3&quot;, game.board)); // w&#10;&#9;&#9;&#9;completeMove(new Move(game.activePlayer, &quot;e6-e4&quot;, game.board)); // b&#10;&#9;&#9;&#9;completeMove(new Move(game.activePlayer, &quot;d3-e4&quot;, game.board)); // w&#10;&#9;&#9;&#9;completeMove(new Move(game.activePlayer, &quot;d6-d4&quot;, game.board)); // b&#10;&#9;&#9;&#9;completeMove(new Move(game.activePlayer, &quot;e4-d5&quot;, game.board)); // w&#10;&#9;&#9;} catch (Exception e) {&#10;&#9;&#9;&#9;success = false;&#10;&#9;&#9;&#9;System.out.println(e.getMessage());&#10;&#9;&#9;}&#10;&#9;&#9;if (success &amp;&amp; game.board.tiles[3][5].piece.getClass() == Pawn.class &amp;&amp; game.board.tiles[3][4].piece == null) {&#10;&#9;&#9;&#9;System.out.println(&quot;| PASS | Piece Movement: En Passant Positive test was successful.\n&quot;);&#10;&#9;&#9;&#9;return;&#10;&#9;&#9;}&#10;&#9;&#9;System.out.println(&quot;| FAIL | Piece Movement: En Passant Positive test failed.\n&quot;);&#10;&#9;&#9;return;&#10;&#9;}&#10;&#9;&#10;&#9;/**&#10;&#9; * This method is used to test if En Passant can not be performed when the conditions are wrong.&#10;&#9; * This is expected to have an error message printed.&#10;&#9; */&#10;&#9;private void enPassantNegativeTest() {&#10;&#9;&#9;boolean success = true;&#10;&#10;&#9;&#9;System.out.println(&quot;Beginning Piece Movement: En Passant Negative test..&quot;);&#10;&#9;&#9;game = new Game();&#10;&#9;&#9;game.rules = new ClassicChess();&#10;&#9;&#9;game.board = game.rules.SetStartingPositions(this.game.white,&#10;&#9;&#9;&#9;&#9;this.game.black);&#10;&#9;&#9;view.DisplayBoard(game.board);&#10;&#9;&#9;game.NextTurn();&#10;&#10;&#9;&#9;try {&#10;&#9;&#9;&#9;completeMove(new Move(game.activePlayer, &quot;d1-d3&quot;, game.board)); // w&#10;&#9;&#9;&#9;completeMove(new Move(game.activePlayer, &quot;e6-e4&quot;, game.board)); // b&#10;&#9;&#9;&#9;completeMove(new Move(game.activePlayer, &quot;d3-e4&quot;, game.board)); // w&#10;&#9;&#9;&#9;completeMove(new Move(game.activePlayer, &quot;d6-d4&quot;, game.board)); // b&#10;&#9;&#9;&#9;completeMove(new Move(game.activePlayer, &quot;a1-a2&quot;, game.board)); // w&#10;&#9;&#9;&#9;completeMove(new Move(game.activePlayer, &quot;h6-h4&quot;, game.board)); // b&#10;&#9;&#9;&#9;completeMove(new Move(game.activePlayer, &quot;e4-d5&quot;, game.board)); // w&#10;&#9;&#9;} catch (Exception e) {&#10;&#9;&#9;&#9;success = false;&#10;&#9;&#9;&#9;System.out.println(e.getMessage());&#10;&#9;&#9;}&#10;&#9;&#9;if (success &amp;&amp; game.board.tiles[4][4].piece.getClass() == Pawn.class &amp;&amp; game.board.tiles[3][4].piece.getClass() == Pawn.class) {&#10;&#9;&#9;&#9;System.out.println(&quot;| PASS | Piece Movement: En Passant Negative test was successful.\n&quot;);&#10;&#9;&#9;&#9;return;&#10;&#9;&#9;}&#10;&#9;&#9;System.out.println(&quot;| FAIL | Piece Movement: En Passant Negative test failed.\n&quot;);&#10;&#9;&#9;return;&#10;&#10;&#9;}&#10;&#9;&#10;&#9;&#10;&#9;/**&#10;&#9; * This method is used to test if all the possible scenarios for Pawn Promotion are working.&#10;&#9; */&#10;&#9;private void pawnPromotion() {&#10;&#9;&#9;boolean success = true;&#10;&#10;&#9;&#9;System.out.println(&quot;Beginning Piece Movement: Pawn Promotion test..&quot;);&#10;&#9;&#9;game = new Game();&#10;&#9;&#9;game.rules = new ClassicChess();&#10;&#9;&#9;Board board = new Board(8, 8);&#10;&#9;&#9;Player white = game.white;&#10;&#9;&#9;Player black = game.black;&#10;&#10;&#9;&#9;board.AddPiece(new King(white), 6, 6);&#10;&#9;&#9;board.AddPiece(new King(black), 6, 1);&#10;&#9;&#9;&#10;&#9;&#9;board.AddPiece(new Pawn(black), 0, 1);&#10;&#9;&#9;board.AddPiece(new Pawn(black), 1, 1);&#10;&#9;&#9;board.AddPiece(new Pawn(black), 2, 1);&#10;&#9;&#9;&#10;&#9;&#9;board.AddPiece(new Pawn(white), 0, 6);&#10;&#9;&#9;board.AddPiece(new Pawn(white), 1, 6);&#10;&#9;&#9;board.AddPiece(new Pawn(white), 2, 6);&#10;&#10;&#9;&#9;game.board = board;&#10;&#9;&#9;view.DisplayBoard(game.board);&#10;&#9;&#9;game.NextTurn();&#10;&#10;&#9;&#9;try {&#10;&#9;&#9;&#9;//promote a white Pawn into a Rook&#10;&#9;&#9;&#9;String data = &quot;R\r\n&quot;;&#10;&#9;&#9;&#9;try {&#10;&#9;&#9;&#9;&#9;//changes standard input, reads in data from above.&#10;&#9;&#9;&#9;&#9;System.setIn(new ByteArrayInputStream(data.getBytes()));&#10;&#9;&#9;&#9;&#9;completeMove(new Move(game.activePlayer, &quot;a6-a7&quot;, game.board)); // w&#10;&#9;&#9;&#9;} finally {&#10;&#9;&#9;&#9;&#9;System.setIn(stdin);&#10;&#9;&#9;&#9;}&#10;&#9;&#9;&#9;if (game.board.tiles[0][7].piece.getClass() != Rook.class) {&#10;&#9;&#9;&#9;&#9;System.out.println(&quot;| FAIL | Piece Movement: Pawn Promotion failed to promote a pawn to a Rook&quot;);&#10;&#9;&#9;&#9;&#9;success = false;&#10;&#9;&#9;&#9;}&#10;&#9;&#9;&#9;&#10;&#9;&#9;&#9;//promote a black Pawn into a Knight&#10;&#9;&#9;&#9;data = &quot;N\r\n&quot;;&#10;&#9;&#9;&#9;try {&#10;&#9;&#9;&#9;&#9;System.setIn(new ByteArrayInputStream(data.getBytes()));&#10;&#9;&#9;&#9;&#9;completeMove(new Move(game.activePlayer, &quot;a1-a0&quot;, game.board)); // b&#10;&#9;&#9;&#9;} finally {&#10;&#9;&#9;&#9;&#9;System.setIn(stdin);&#10;&#9;&#9;&#9;}&#10;&#9;&#9;&#9;if (game.board.tiles[0][0].piece.getClass() != Knight.class) {&#10;&#9;&#9;&#9;&#9;System.out.println(&quot;| FAIL | Piece Movement: Pawn Promotion failed to promote a pawn to a Knight&quot;);&#10;&#9;&#9;&#9;&#9;success = false;&#10;&#9;&#9;&#9;}&#10;&#9;&#9;&#9;&#10;&#9;&#9;&#9;//promote a white Pawn into a Queen&#10;&#9;&#9;&#9;data = &quot;Q\r\n&quot;;&#10;&#9;&#9;&#9;try {&#10;&#9;&#9;&#9;&#9;System.setIn(new ByteArrayInputStream(data.getBytes()));&#10;&#9;&#9;&#9;&#9;completeMove(new Move(game.activePlayer, &quot;b6-b7&quot;, game.board)); // w&#10;&#9;&#9;&#9;} finally {&#10;&#9;&#9;&#9;&#9;System.setIn(stdin);&#10;&#9;&#9;&#9;}&#10;&#9;&#9;&#9;if (game.board.tiles[1][7].piece.getClass() != Queen.class) {&#10;&#9;&#9;&#9;&#9;System.out.println(&quot;| FAIL | Piece Movement: Pawn Promotion failed to promote a pawn to a Queen&quot;);&#10;&#9;&#9;&#9;&#9;success = false;&#10;&#9;&#9;&#9;}&#10;&#9;&#9;&#9;&#10;&#9;&#9;&#9;//promote a black Pawn into a Bishop&#10;&#9;&#9;&#9;data = &quot;B\r\n&quot;;&#10;&#9;&#9;&#9;try {&#10;&#9;&#9;&#9;&#9;System.setIn(new ByteArrayInputStream(data.getBytes()));&#10;&#9;&#9;&#9;&#9;completeMove(new Move(game.activePlayer, &quot;b1-b0&quot;, game.board)); // b&#10;&#9;&#9;&#9;} finally {&#10;&#9;&#9;&#9;&#9;System.setIn(stdin);&#10;&#9;&#9;&#9;}&#10;&#9;&#9;&#9;if (game.board.tiles[1][0].piece.getClass() != Bishop.class) {&#10;&#9;&#9;&#9;&#9;System.out.println(&quot;| FAIL | Piece Movement: Pawn Promotion failed to promote a pawn to a Bishop&quot;);&#10;&#9;&#9;&#9;&#9;success = false;&#10;&#9;&#9;&#9;}&#10;&#9;&#9;&#9;&#10;&#9;&#9;} catch (Exception e) {&#10;&#9;&#9;&#9;success = false;&#10;&#9;&#9;&#9;System.out.println(e.getMessage());&#10;&#9;&#9;}&#10;&#9;&#9;if (success) {&#10;&#9;&#9;&#9;System.out.println(&quot;| PASS | Piece Movement: Pawn Promotion was successful.\n&quot;);&#10;&#9;&#9;&#9;return;&#10;&#9;&#9;}&#10;&#9;&#9;System.out.println(&quot;| FAIL | Piece Movement: Pawn Promotion failed.\n&quot;);&#10;&#9;&#9;return;&#10;&#10;&#9;}&#10;&#9;&#10;&#9;&#10;&#9;/**&#10;&#9; * This method is used to test all of the pawn movement scenarios.&#10;&#9; */&#10;&#9;private void pawnMovementTest() {&#10;&#9;&#9;boolean success = true;&#10;&#10;&#9;&#9;System.out.println(&quot;Beginning Piece Movement: Pawn test..&quot;);&#10;&#9;&#9;game = new Game();&#10;&#9;&#9;game.rules = new ClassicChess();&#10;&#9;&#9;game.board = game.rules.SetStartingPositions(this.game.white,&#10;&#9;&#9;&#9;&#9;this.game.black);&#10;&#9;&#9;view.DisplayBoard(game.board);&#10;&#9;&#9;game.NextTurn();&#10;&#10;&#9;&#9;try {&#10;&#9;&#9;&#9;// move 1 piece forward&#10;&#9;&#9;&#9;completeMove(new Move(game.activePlayer, &quot;a1-a2&quot;, game.board)); // w&#10;&#9;&#9;&#9;&#10;&#9;&#9;&#9;if (game.board.tiles[0][2].piece.getClass() != Pawn.class || game.board.tiles[0][1].piece != null) {&#10;&#9;&#9;&#9;&#9;System.out.println(&quot;| FAIL | Piece Movement: Pawn failed to move one tile forward.&quot;);&#10;&#9;&#9;&#9;&#9;success = false;&#10;&#9;&#9;&#9;}&#10;&#9;&#9;&#9;&#10;&#9;&#9;&#9;// move knight infront of black pawn&#10;&#9;&#9;&#9;completeMove(new Move(game.activePlayer, &quot;b7-a5&quot;, game.board)); // b&#10;&#9;&#9;&#9;// double jump&#10;&#9;&#9;&#9;completeMove(new Move(game.activePlayer, &quot;b1-b3&quot;, game.board)); // w&#10;&#9;&#9;&#9;&#10;&#9;&#9;&#9;if (game.board.tiles[1][3].piece.getClass() != Pawn.class || game.board.tiles[1][1].piece != null) {&#10;&#9;&#9;&#9;&#9;System.out.println(&quot;| FAIL | Piece Movement: Pawn failed to double jump.&quot;);&#10;&#9;&#9;&#9;&#9;success = false;&#10;&#9;&#9;&#9;}&#10;&#9;&#9;&#9;&#10;&#9;&#9;&#9;// negative test - double jump with piece infront&#10;&#9;&#9;&#9;completeMove(new Move(game.activePlayer, &quot;a6-a4&quot;, game.board)); // b&#10;&#9;&#9;&#9;&#10;&#9;&#9;&#9;if (game.board.tiles[0][6].piece.getClass() != Pawn.class || game.board.tiles[0][4].piece != null || game.board.tiles[0][5].piece.getClass() != Knight.class ) {&#10;&#9;&#9;&#9;&#9;System.out.println(&quot;| FAIL | Piece Movement: Pawn failed the test for double jump with a piece inbetween.&quot;);&#10;&#9;&#9;&#9;&#9;success = false;&#10;&#9;&#9;&#9;}&#10;&#9;&#9;&#9;&#10;&#9;&#9;&#9;completeMove(new Move(game.activePlayer, &quot;c6-c4&quot;, game.board)); // b&#10;&#9;&#9;&#9;// take other piece&#10;&#9;&#9;&#9;completeMove(new Move(game.activePlayer, &quot;b3-c4&quot;, game.board)); // w&#10;&#9;&#9;&#9;&#10;&#9;&#9;&#9;if (game.board.tiles[2][4].piece.getClass() != Pawn.class || game.board.tiles[1][3].piece != null) {&#10;&#9;&#9;&#9;&#9;System.out.println(&quot;| FAIL | Piece Movement: Pawn failed to take the other piece.&quot;);&#10;&#9;&#9;&#9;&#9;success = false;&#10;&#9;&#9;&#9;}&#10;&#9;&#9;&#9;&#10;&#9;&#9;&#9;completeMove(new Move(game.activePlayer, &quot;d6-d4&quot;, game.board)); // b&#10;&#9;&#9;&#9;// fail double jump&#10;&#9;&#9;&#9;completeMove(new Move(game.activePlayer, &quot;c4-c6&quot;, game.board)); // w&#10;&#9;&#9;&#9;&#10;&#9;&#9;&#9;if (game.board.tiles[2][4].piece.getClass() != Pawn.class) {&#10;&#9;&#9;&#9;&#9;System.out.println(&quot;| FAIL | Piece Movement: Pawn failed the double jump test after already double jumping.&quot;);&#10;&#9;&#9;&#9;&#9;success = false;&#10;&#9;&#9;&#9;}&#10;&#9;&#9;&#9;&#10;&#9;&#9;&#9;// negative movement&#10;&#9;&#9;&#9;completeMove(new Move(game.activePlayer, &quot;a2-a1&quot;, game.board)); // w&#10;&#9;&#9;&#9;&#10;&#9;&#9;&#9;if (game.board.tiles[0][2].piece.getClass() != Pawn.class) {&#10;&#9;&#9;&#9;&#9;System.out.println(&quot;| FAIL | Piece Movement: Pawn failed the negative direction test.&quot;);&#10;&#9;&#9;&#9;&#9;success = false;&#10;&#9;&#9;&#9;}&#10;&#9;&#9;&#9;&#10;&#9;&#9;&#9;// movement outside moveset&#10;&#9;&#9;&#9;completeMove(new Move(game.activePlayer, &quot;a2-g5&quot;, game.board)); // w&#10;&#9;&#9;&#9;&#10;&#9;&#9;&#9;if (game.board.tiles[0][2].piece.getClass() != Pawn.class) {&#10;&#9;&#9;&#9;&#9;System.out.println(&quot;| FAIL | Piece Movement: Pawn failed the moveset movement test.&quot;);&#10;&#9;&#9;&#9;&#9;success = false;&#10;&#9;&#9;&#9;}&#10;&#9;&#9;&#9;&#10;&#9;&#9;&#9;completeMove(new Move(game.activePlayer, &quot;h1-h3&quot;, game.board)); // w&#10;&#9;&#9;&#9;completeMove(new Move(game.activePlayer, &quot;h6-h4&quot;, game.board)); // b&#10;&#9;&#9;&#9;&#10;&#9;&#9;&#9;// enemy piece infront of pawn&#10;&#9;&#9;&#9;completeMove(new Move(game.activePlayer, &quot;h3-h4&quot;, game.board)); // w&#10;&#9;&#9;&#9;&#10;&#9;&#9;&#9;if (game.board.tiles[7][3].piece.getClass() != Pawn.class || game.board.tiles[7][4].piece.getClass() != Pawn.class) {&#10;&#9;&#9;&#9;&#9;System.out.println(&quot;| FAIL | Piece Movement: Pawn failed the piece infront of it test.&quot;);&#10;&#9;&#9;&#9;&#9;success = false;&#10;&#9;&#9;&#9;}&#10;&#9;&#9;&#9;&#10;&#9;&#9;&#9;&#10;&#9;&#9;} catch (Exception e) {&#10;&#9;&#9;&#9;success = false;&#10;&#9;&#9;&#9;System.out.println(e.getMessage());&#10;&#9;&#9;}&#10;&#9;&#9;if (success) {&#10;&#9;&#9;&#9;System.out.println(&quot;| PASS | Piece Movement: Pawn test was successful.\n&quot;);&#10;&#9;&#9;&#9;return;&#10;&#9;&#9;}&#10;&#9;&#9;System.out.println(&quot;| FAIL | Piece Movement: Pawn test failed.\n&quot;);&#10;&#9;&#9;return;&#10;&#9;}&#10;&#9;&#10;&#9;/**&#10;&#9; * This method is used to test all of the rook movement scenarios.&#10;&#9; */&#10;&#9;private void rookMovementTest() {&#10;&#9;&#9;boolean success = true;&#10;&#10;&#9;&#9;System.out.println(&quot;Beginning Piece Movement: Rook test..&quot;);&#10;&#9;&#9;game = new Game();&#10;&#9;&#9;game.rules = new ClassicChess();&#10;&#9;&#9;game.board = game.rules.SetStartingPositions(this.game.white,&#10;&#9;&#9;&#9;&#9;this.game.black);&#10;&#9;&#9;view.DisplayBoard(game.board);&#10;&#9;&#9;game.NextTurn();&#10;&#10;&#9;&#9;try {&#10;&#9;&#9;&#9;completeMove(new Move(game.activePlayer, &quot;a1-a3&quot;, game.board)); // w&#10;&#9;&#9;&#9;&#10;&#9;&#9;&#9;completeMove(new Move(game.activePlayer, &quot;b6-b5&quot;, game.board)); // b&#10;&#9;&#9;&#9;// negative test: move rook past pawn&#10;&#9;&#9;&#9;completeMove(new Move(game.activePlayer, &quot;a0-a4&quot;, game.board)); // w&#10;&#9;&#9;&#9;&#10;&#9;&#9;&#9;if (game.board.tiles[0][0].piece.getClass() != Rook.class || game.board.tiles[0][4].piece != null) {&#10;&#9;&#9;&#9;&#9;System.out.println(&quot;| FAIL | Piece Movement: Rook failed the piece infront of it test.&quot;);&#10;&#9;&#9;&#9;&#9;success = false;&#10;&#9;&#9;&#9;}&#10;&#9;&#9;&#9;&#10;&#9;&#9;&#9;// normal vertical movement&#10;&#9;&#9;&#9;completeMove(new Move(game.activePlayer, &quot;a0-a2&quot;, game.board)); // w&#10;&#9;&#9;&#9;if (game.board.tiles[0][2].piece.getClass() != Rook.class || game.board.tiles[0][0].piece != null) {&#10;&#9;&#9;&#9;&#9;System.out.println(&quot;| FAIL | Piece Movement: Rook failed the vertical movement test.&quot;);&#10;&#9;&#9;&#9;&#9;success = false;&#10;&#9;&#9;&#9;}&#10;&#9;&#9;&#9;&#10;&#9;&#9;&#9;completeMove(new Move(game.activePlayer, &quot;b5-b4&quot;, game.board)); // b&#10;&#9;&#9;&#9;&#10;&#9;&#9;&#9;// normal horizontal movement&#10;&#9;&#9;&#9;completeMove(new Move(game.activePlayer, &quot;a2-b2&quot;, game.board)); // w&#10;&#9;&#9;&#9;if (game.board.tiles[1][2].piece.getClass() != Rook.class || game.board.tiles[0][2].piece != null) {&#10;&#9;&#9;&#9;&#9;System.out.println(&quot;| FAIL | Piece Movement: Rook failed the horizontal movement test.&quot;);&#10;&#9;&#9;&#9;&#9;success = false;&#10;&#9;&#9;&#9;}&#10;&#9;&#9;&#9;&#10;&#9;&#9;&#9;completeMove(new Move(game.activePlayer, &quot;b4-b3&quot;, game.board)); // b&#10;&#9;&#9;&#9;&#10;&#9;&#9;&#9;// taking an enemy piece&#10;&#9;&#9;&#9;completeMove(new Move(game.activePlayer, &quot;b2-b3&quot;, game.board)); // w&#10;&#9;&#9;&#9;if (game.board.tiles[1][3].piece.getClass() != Rook.class || game.board.tiles[1][2].piece != null) {&#10;&#9;&#9;&#9;&#9;System.out.println(&quot;| FAIL | Piece Movement: Rook failed the taking enemy piece test.&quot;);&#10;&#9;&#9;&#9;&#9;success = false;&#10;&#9;&#9;&#9;}&#10;&#9;&#9;&#9;&#10;&#9;&#9;&#9;&#10;&#9;&#9;} catch (Exception e) {&#10;&#9;&#9;&#9;success = false;&#10;&#9;&#9;&#9;System.out.println(e.getMessage());&#10;&#9;&#9;}&#10;&#9;&#9;if (success) {&#10;&#9;&#9;&#9;System.out.println(&quot;| PASS | Piece Movement: Rook test was successful.\n&quot;);&#10;&#9;&#9;&#9;return;&#10;&#9;&#9;}&#10;&#9;&#9;System.out.println(&quot;| FAIL | Piece Movement: Rook test failed.\n&quot;);&#10;&#9;&#9;return;&#10;&#9;}&#10;&#9;&#10;&#9;&#10;&#9;/**&#10;&#9; * This method is used to test all of the knight movement scenarios.&#10;&#9; */&#10;&#9;private void knightMovementTest() {&#10;&#9;&#9;boolean success = true;&#10;&#10;&#9;&#9;System.out.println(&quot;Beginning Piece Movement: Knight test..&quot;);&#10;&#9;&#9;game = new Game();&#10;&#9;&#9;game.rules = new ClassicChess();&#10;&#9;&#9;game.board = game.rules.SetStartingPositions(this.game.white,&#10;&#9;&#9;&#9;&#9;this.game.black);&#10;&#9;&#9;view.DisplayBoard(game.board);&#10;&#9;&#9;game.NextTurn();&#10;&#10;&#9;&#9;try {&#10;&#9;&#9;&#9;completeMove(new Move(game.activePlayer, &quot;b0-a2&quot;, game.board)); // w&#10;&#9;&#9;&#9;&#10;&#9;&#9;&#9;if (game.board.tiles[0][2].piece.getClass() != Knight.class || game.board.tiles[1][0].piece != null) {&#10;&#9;&#9;&#9;&#9;System.out.println(&quot;| FAIL | Piece Movement: Knight failed passing over piece and 2 down, 1 left movement test.&quot;);&#10;&#9;&#9;&#9;&#9;success = false;&#10;&#9;&#9;&#9;}&#10;&#9;&#9;&#9;&#10;&#9;&#9;&#9;completeMove(new Move(game.activePlayer, &quot;b7-a5&quot;, game.board)); // b&#10;&#9;&#9;&#9;&#10;&#9;&#9;&#9;if (game.board.tiles[0][5].piece.getClass() != Knight.class || game.board.tiles[1][7].piece != null) {&#10;&#9;&#9;&#9;&#9;System.out.println(&quot;| FAIL | Piece Movement: Knight failed passing over piece and 2 up, 1 left movement test.&quot;);&#10;&#9;&#9;&#9;&#9;success = false;&#10;&#9;&#9;&#9;}&#10;&#10;&#9;&#9;&#9;completeMove(new Move(game.activePlayer, &quot;a2-b4&quot;, game.board)); // w&#10;&#9;&#9;&#9;&#10;&#9;&#9;&#9;if (game.board.tiles[1][4].piece.getClass() != Knight.class || game.board.tiles[0][2].piece != null) {&#10;&#9;&#9;&#9;&#9;System.out.println(&quot;| FAIL | Piece Movement: Knight failed 2 down, 1 right movement test.&quot;);&#10;&#9;&#9;&#9;&#9;success = false;&#10;&#9;&#9;&#9;}&#10;&#9;&#9;&#9;&#10;&#9;&#9;&#9;completeMove(new Move(game.activePlayer, &quot;a5-b3&quot;, game.board)); // b&#10;&#9;&#9;&#9;&#10;&#9;&#9;&#9;if (game.board.tiles[1][3].piece.getClass() != Knight.class || game.board.tiles[0][5].piece != null) {&#10;&#9;&#9;&#9;&#9;System.out.println(&quot;| FAIL | Piece Movement: Knight failed 2 up, 1 right movement test.&quot;);&#10;&#9;&#9;&#9;&#9;success = false;&#10;&#9;&#9;&#9;}&#10;&#9;&#9;&#9;&#10;&#9;&#9;&#9;completeMove(new Move(game.activePlayer, &quot;b4-d5&quot;, game.board)); // w&#10;&#9;&#9;&#9;&#10;&#9;&#9;&#9;if (game.board.tiles[3][5].piece.getClass() != Knight.class || game.board.tiles[1][4].piece != null) {&#10;&#9;&#9;&#9;&#9;System.out.println(&quot;| FAIL | Piece Movement: Knight failed 1 down, 2 right movement test.&quot;);&#10;&#9;&#9;&#9;&#9;success = false;&#10;&#9;&#9;&#9;}&#10;&#9;&#9;&#9;&#10;&#9;&#9;&#9;completeMove(new Move(game.activePlayer, &quot;b3-d2&quot;, game.board)); // b&#10;&#9;&#9;&#9;&#10;&#9;&#9;&#9;if (game.board.tiles[3][2].piece.getClass() != Knight.class || game.board.tiles[1][3].piece != null) {&#10;&#9;&#9;&#9;&#9;System.out.println(&quot;| FAIL | Piece Movement: Knight failed 1 up, 2 right movement test.&quot;);&#10;&#9;&#9;&#9;&#9;success = false;&#10;&#9;&#9;&#9;}&#10;&#9;&#9;&#9;&#10;&#9;&#9;&#9;completeMove(new Move(game.activePlayer, &quot;d5-b6&quot;, game.board)); // w&#10;&#9;&#9;&#9;&#10;&#9;&#9;&#9;if (game.board.tiles[1][6].piece.getClass() != Knight.class || game.board.tiles[3][5].piece != null) {&#10;&#9;&#9;&#9;&#9;System.out.println(&quot;| FAIL | Piece Movement: Knight failed taking enemy piece and 1 down, 2 left movement test.&quot;);&#10;&#9;&#9;&#9;&#9;success = false;&#10;&#9;&#9;&#9;}&#10;&#9;&#9;&#9;&#10;&#9;&#9;&#9;&#10;&#9;&#9;} catch (Exception e) {&#10;&#9;&#9;&#9;success = false;&#10;&#9;&#9;&#9;System.out.println(e.getMessage());&#10;&#9;&#9;}&#10;&#9;&#9;if (success) {&#10;&#9;&#9;&#9;System.out.println(&quot;| PASS | Piece Movement: Knight test was successful.\n&quot;);&#10;&#9;&#9;&#9;return;&#10;&#9;&#9;}&#10;&#9;&#9;System.out.println(&quot;| FAIL | Piece Movement: Knight test failed.\n&quot;);&#10;&#9;&#9;return;&#10;&#9;}&#10;&#9;&#10;&#9;&#10;&#9;/**&#10;&#9; * This method is used to test all of the bishop movement scenarios.&#10;&#9; */&#10;&#9;private void bishopMovementTest() {&#10;&#9;&#9;boolean success = true;&#10;&#10;&#9;&#9;System.out.println(&quot;Beginning Piece Movement: Bishop test..&quot;);&#10;&#9;&#9;game = new Game();&#10;&#9;&#9;game.rules = new ClassicChess();&#10;&#9;&#9;game.board = game.rules.SetStartingPositions(this.game.white,&#10;&#9;&#9;&#9;&#9;this.game.black);&#10;&#9;&#9;view.DisplayBoard(game.board);&#10;&#9;&#9;game.NextTurn();&#10;&#10;&#9;&#9;try {&#10;&#9;&#9;&#9;completeMove(new Move(game.activePlayer, &quot;c0-c2&quot;, game.board)); // w&#10;&#9;&#9;&#9;&#10;&#9;&#9;&#9;if (game.board.tiles[2][0].piece.getClass() != Bishop.class || game.board.tiles[2][2].piece != null) {&#10;&#9;&#9;&#9;&#9;System.out.println(&quot;| FAIL | Piece Movement: Bishop failed passing over piece and moveset test.&quot;);&#10;&#9;&#9;&#9;&#9;success = false;&#10;&#9;&#9;&#9;}&#10;&#9;&#9;&#9;&#10;&#9;&#9;&#9;// move pawns out of the way&#10;&#9;&#9;&#9;completeMove(new Move(game.activePlayer, &quot;b1-b2&quot;, game.board)); // w&#10;&#9;&#9;&#9;completeMove(new Move(game.activePlayer, &quot;b6-b5&quot;, game.board)); // b&#10;&#9;&#9;&#9;&#10;&#9;&#9;&#9;completeMove(new Move(game.activePlayer, &quot;c0-a2&quot;, game.board)); // w&#10;&#9;&#9;&#9;&#10;&#9;&#9;&#9;if (game.board.tiles[0][2].piece.getClass() != Bishop.class || game.board.tiles[2][0].piece != null) {&#10;&#9;&#9;&#9;&#9;System.out.println(&quot;| FAIL | Piece Movement: Bishop failed diagonal down left test.&quot;);&#10;&#9;&#9;&#9;&#9;success = false;&#10;&#9;&#9;&#9;}&#10;&#9;&#9;&#9;&#10;&#9;&#9;&#9;completeMove(new Move(game.activePlayer, &quot;c7-a5&quot;, game.board)); // b&#10;&#9;&#9;&#9;&#10;&#9;&#9;&#9;if (game.board.tiles[0][5].piece.getClass() != Bishop.class || game.board.tiles[2][7].piece != null) {&#10;&#9;&#9;&#9;&#9;System.out.println(&quot;| FAIL | Piece Movement: Bishop failed diagonal up left test.&quot;);&#10;&#9;&#9;&#9;&#9;success = false;&#10;&#9;&#9;&#9;}&#10;&#9;&#9;&#9;&#10;&#9;&#9;&#9;completeMove(new Move(game.activePlayer, &quot;a2-e6&quot;, game.board)); // w&#10;&#9;&#9;&#9;&#10;&#9;&#9;&#9;if (game.board.tiles[4][6].piece.getClass() != Bishop.class || game.board.tiles[0][2].piece != null) {&#10;&#9;&#9;&#9;&#9;System.out.println(&quot;| FAIL | Piece Movement: Bishop failed taking enemy piece and diagonal down right test.&quot;);&#10;&#9;&#9;&#9;&#9;success = false;&#10;&#9;&#9;&#9;}&#10;&#9;&#9;&#9;&#10;&#9;&#9;&#9;// take other bishop to get out of check&#10;&#9;&#9;&#9;completeMove(new Move(game.activePlayer, &quot;f7-e6&quot;, game.board)); // b&#10;&#9;&#9;&#9;completeMove(new Move(game.activePlayer, &quot;a1-a2&quot;, game.board)); // w&#10;&#9;&#9;&#9;&#10;&#9;&#9;&#9;completeMove(new Move(game.activePlayer, &quot;a5-e1&quot;, game.board)); // b&#10;&#9;&#9;&#9;&#10;&#9;&#9;&#9;if (game.board.tiles[4][1].piece.getClass() != Bishop.class || game.board.tiles[0][5].piece != null) {&#10;&#9;&#9;&#9;&#9;System.out.println(&quot;| FAIL | Piece Movement: Bishop failed taking enemy piece and diagonal up right test.&quot;);&#10;&#9;&#9;&#9;&#9;success = false;&#10;&#9;&#9;&#9;}&#10;&#9;&#9;&#9;&#10;&#9;&#9;&#9;&#10;&#9;&#9;} catch (Exception e) {&#10;&#9;&#9;&#9;success = false;&#10;&#9;&#9;&#9;System.out.println(e.getMessage());&#10;&#9;&#9;}&#10;&#9;&#9;if (success) {&#10;&#9;&#9;&#9;System.out.println(&quot;| PASS | Piece Movement: Bishop test was successful.\n&quot;);&#10;&#9;&#9;&#9;return;&#10;&#9;&#9;}&#10;&#9;&#9;System.out.println(&quot;| FAIL | Piece Movement: Bishop test failed.\n&quot;);&#10;&#9;&#9;return;&#10;&#9;}&#10;&#9;&#10;&#9;&#10;&#9;/**&#10;&#9; * This method is used to test all of the queen movement scenarios.&#10;&#9; */&#10;&#9;private void queenMovementTest() {&#10;&#9;&#9;boolean success = true;&#10;&#10;&#9;&#9;System.out.println(&quot;Beginning Piece Movement: Queen test..&quot;);&#10;&#9;&#9;game = new Game();&#10;&#9;&#9;game.rules = new ClassicChess();&#10;&#9;&#9;game.board = game.rules.SetStartingPositions(this.game.white,&#10;&#9;&#9;&#9;&#9;this.game.black);&#10;&#9;&#9;view.DisplayBoard(game.board);&#10;&#9;&#9;game.NextTurn();&#10;&#10;&#9;&#9;try {&#10;&#9;&#9;&#9;// negative test: move queen vertically past pawn&#10;&#9;&#9;&#9;completeMove(new Move(game.activePlayer, &quot;e0-e2&quot;, game.board)); // w&#10;&#9;&#9;&#9;&#10;&#9;&#9;&#9;// negative test: move queen diagonal past pawn&#10;&#9;&#9;&#9;completeMove(new Move(game.activePlayer, &quot;e0-g2&quot;, game.board)); // w&#10;&#9;&#9;&#9;&#10;&#9;&#9;&#9;// move pawn out of the way&#10;&#9;&#9;&#9;completeMove(new Move(game.activePlayer, &quot;e1-e3&quot;, game.board)); // w&#10;&#9;&#9;&#9;&#10;&#9;&#9;&#9;// move pawn out of the way&#10;&#9;&#9;&#9;completeMove(new Move(game.activePlayer, &quot;e6-e4&quot;, game.board)); // b&#10;&#10;&#9;&#9;&#9;// move queen behind pawn&#10;&#9;&#9;&#9;completeMove(new Move(game.activePlayer, &quot;e0-e2&quot;, game.board)); // w&#10;&#9;&#9;&#9;if (game.board.tiles[4][2].piece.getClass() != Queen.class || game.board.tiles[4][0].piece != null) {&#10;&#9;&#9;&#9;&#9;System.out.println(&quot;| FAIL | Piece Movement: Queen failed vertical movement test.&quot;);&#10;&#9;&#9;&#9;&#9;success = false;&#10;&#9;&#9;&#9;}&#10;&#9;&#9;&#9;&#10;&#9;&#9;&#9;// move queen behind pawn&#10;&#9;&#9;&#9;completeMove(new Move(game.activePlayer, &quot;e7-e5&quot;, game.board)); // b&#10;&#9;&#9;&#9;if (game.board.tiles[4][5].piece.getClass() != Queen.class || game.board.tiles[4][7].piece != null) {&#10;&#9;&#9;&#9;&#9;System.out.println(&quot;| FAIL | Piece Movement: Queen failed vertical movement test.&quot;);&#10;&#9;&#9;&#9;&#9;success = false;&#10;&#9;&#9;&#9;}&#10;&#9;&#9;&#9;&#10;&#9;&#9;&#9;// move queen diagonal&#10;&#9;&#9;&#9;completeMove(new Move(game.activePlayer, &quot;e2-c4&quot;, game.board)); // w&#10;&#9;&#9;&#9;if (game.board.tiles[2][4].piece.getClass() != Queen.class || game.board.tiles[4][2].piece != null) {&#10;&#9;&#9;&#9;&#9;System.out.println(&quot;| FAIL | Piece Movement: Queen failed diagonal movement test.&quot;);&#10;&#9;&#9;&#9;&#9;success = false;&#10;&#9;&#9;&#9;}&#10;&#9;&#9;&#9;&#10;&#9;&#9;&#9;// move queen horizontal&#10;&#9;&#9;&#9;completeMove(new Move(game.activePlayer, &quot;e5-a5&quot;, game.board)); // b&#10;&#9;&#9;&#9;if (game.board.tiles[0][5].piece.getClass() != Queen.class || game.board.tiles[4][5].piece != null) {&#10;&#9;&#9;&#9;&#9;System.out.println(&quot;| FAIL | Piece Movement: Queen failed horizontal movement test.&quot;);&#10;&#9;&#9;&#9;&#9;success = false;&#10;&#9;&#9;&#9;}&#10;&#9;&#9;&#9;&#10;&#9;&#9;&#9;// negative test: move queen to a spot outside their move set&#10;&#9;&#9;&#9;completeMove(new Move(game.activePlayer, &quot;c4-h5&quot;, game.board)); // w&#10;&#9;&#9;&#9;if (game.board.tiles[2][4].piece.getClass() != Queen.class || game.board.tiles[7][5].piece != null) {&#10;&#9;&#9;&#9;&#9;System.out.println(&quot;| FAIL | Piece Movement: Queen failed moveset movement test.&quot;);&#10;&#9;&#9;&#9;&#9;success = false;&#10;&#9;&#9;&#9;}&#10;&#9;&#9;&#9;&#10;&#9;&#9;} catch (Exception e) {&#10;&#9;&#9;&#9;success = false;&#10;&#9;&#9;&#9;System.out.println(e.getMessage());&#10;&#9;&#9;}&#10;&#9;&#9;if (success) {&#10;&#9;&#9;&#9;System.out.println(&quot;| PASS | Piece Movement: Queen test was successful.\n&quot;);&#10;&#9;&#9;&#9;return;&#10;&#9;&#9;}&#10;&#9;&#9;System.out.println(&quot;| FAIL | Piece Movement: Queen test failed.\n&quot;);&#10;&#9;&#9;return;&#10;&#9;}&#10;&#9;&#10;&#9;&#10;&#9;/**&#10;&#9; * This method is used to test all of the queen movement scenarios.&#10;&#9; */&#10;&#9;private void kingMovementTest() {&#10;&#9;&#9;boolean success = true;&#10;&#10;&#9;&#9;System.out.println(&quot;Beginning Piece Movement: King test..&quot;);&#10;&#9;&#9;game = new Game();&#10;&#9;&#9;game.rules = new ClassicChess();&#10;&#9;&#9;game.board = game.rules.SetStartingPositions(this.game.white,&#10;&#9;&#9;&#9;&#9;this.game.black);&#10;&#9;&#9;view.DisplayBoard(game.board);&#10;&#9;&#9;game.NextTurn();&#10;&#10;&#9;&#9;try {&#10;&#9;&#9;&#9;// negative test: move king vertically past pawn&#10;&#9;&#9;&#9;completeMove(new Move(game.activePlayer, &quot;d0-d2&quot;, game.board)); // w&#10;&#9;&#9;&#9;&#10;&#9;&#9;&#9;// negative test: move king diagonal past pawn&#10;&#9;&#9;&#9;completeMove(new Move(game.activePlayer, &quot;d0-g2&quot;, game.board)); // w&#10;&#9;&#9;&#9;&#10;&#9;&#9;&#9;// move pawn out of the way&#10;&#9;&#9;&#9;completeMove(new Move(game.activePlayer, &quot;d1-d3&quot;, game.board)); // w&#10;&#9;&#9;&#9;&#10;&#9;&#9;&#9;// move pawn out of the way&#10;&#9;&#9;&#9;completeMove(new Move(game.activePlayer, &quot;d6-d4&quot;, game.board)); // b&#10;&#10;&#9;&#9;&#9;// move king vertically&#10;&#9;&#9;&#9;completeMove(new Move(game.activePlayer, &quot;d0-d1&quot;, game.board)); // w&#10;&#9;&#9;&#9;if (game.board.tiles[3][1].piece.getClass() != King.class || game.board.tiles[3][0].piece != null) {&#10;&#9;&#9;&#9;&#9;System.out.println(&quot;| FAIL | Piece Movement: King failed vertical movement test white side.&quot;);&#10;&#9;&#9;&#9;&#9;success = false;&#10;&#9;&#9;&#9;}&#10;&#9;&#9;&#9;&#10;&#9;&#9;&#9;// move king vertically&#10;&#9;&#9;&#9;completeMove(new Move(game.activePlayer, &quot;d7-d6&quot;, game.board)); // b&#10;&#9;&#9;&#9;if (game.board.tiles[3][6].piece.getClass() != King.class || game.board.tiles[3][7].piece != null) {&#10;&#9;&#9;&#9;&#9;System.out.println(&quot;| FAIL | Piece Movement: King failed vertical movement test black side.&quot;);&#10;&#9;&#9;&#9;&#9;success = false;&#10;&#9;&#9;&#9;}&#10;&#9;&#9;&#9;&#10;&#9;&#9;&#9;// move king diagonal&#10;&#9;&#9;&#9;completeMove(new Move(game.activePlayer, &quot;d1-c2&quot;, game.board)); // w&#10;&#9;&#9;&#9;if (game.board.tiles[2][2].piece.getClass() != King.class || game.board.tiles[3][1].piece != null) {&#10;&#9;&#9;&#9;&#9;System.out.println(&quot;| FAIL | Piece Movement: King failed diagonal movement test white side.&quot;);&#10;&#9;&#9;&#9;&#9;success = false;&#10;&#9;&#9;&#9;}&#10;&#9;&#9;&#9;&#10;&#9;&#9;&#9;// move king diagonal&#10;&#9;&#9;&#9;completeMove(new Move(game.activePlayer, &quot;d6-e5&quot;, game.board)); // b&#10;&#9;&#9;&#9;if (game.board.tiles[4][5].piece.getClass() != King.class || game.board.tiles[3][6].piece != null) {&#10;&#9;&#9;&#9;&#9;System.out.println(&quot;| FAIL | Piece Movement: King failed diagonal movement test black side.&quot;);&#10;&#9;&#9;&#9;&#9;success = false;&#10;&#9;&#9;&#9;}&#10;&#9;&#9;&#9;&#10;&#9;&#9;&#9;// move king horizontal&#10;&#9;&#9;&#9;completeMove(new Move(game.activePlayer, &quot;c2-b2&quot;, game.board)); // w&#10;&#9;&#9;&#9;if (game.board.tiles[1][2].piece.getClass() != King.class || game.board.tiles[2][2].piece != null) {&#10;&#9;&#9;&#9;&#9;System.out.println(&quot;| FAIL | Piece Movement: King failed horizontal movement test white side.&quot;);&#10;&#9;&#9;&#9;&#9;success = false;&#10;&#9;&#9;&#9;}&#10;&#9;&#9;&#9;&#10;&#9;&#9;&#9;// move king horizontal&#10;&#9;&#9;&#9;completeMove(new Move(game.activePlayer, &quot;e5-f5&quot;, game.board)); // b&#10;&#9;&#9;&#9;if (game.board.tiles[5][5].piece.getClass() != King.class || game.board.tiles[4][5].piece != null) {&#10;&#9;&#9;&#9;&#9;System.out.println(&quot;| FAIL | Piece Movement: King failed horizontal movement test black side.&quot;);&#10;&#9;&#9;&#9;&#9;success = false;&#10;&#9;&#9;&#9;}&#10;&#9;&#9;&#9;&#10;&#9;&#9;&#9;// negative test: move queen to a spot outside their move set&#10;&#9;&#9;&#9;completeMove(new Move(game.activePlayer, &quot;b2-h5&quot;, game.board)); // w&#10;&#9;&#9;&#9;if (game.board.tiles[1][2].piece.getClass() != King.class || game.board.tiles[7][5].piece != null) {&#10;&#9;&#9;&#9;&#9;System.out.println(&quot;| FAIL | Piece Movement: King failed moveset movement test.&quot;);&#10;&#9;&#9;&#9;&#9;success = false;&#10;&#9;&#9;&#9;}&#10;&#9;&#9;&#9;&#10;&#9;&#9;} catch (Exception e) {&#10;&#9;&#9;&#9;success = false;&#10;&#9;&#9;&#9;System.out.println(e.getMessage());&#10;&#9;&#9;}&#10;&#9;&#9;if (success) {&#10;&#9;&#9;&#9;System.out.println(&quot;| PASS | Piece Movement: King test was successful.\n&quot;);&#10;&#9;&#9;&#9;return;&#10;&#9;&#9;}&#10;&#9;&#9;System.out.println(&quot;| FAIL | Piece Movement: King test failed.\n&quot;);&#10;&#9;&#9;return;&#10;&#9;}&#10;&#9;&#10;&#9;/*private void moveInstantiationTest() {&#10;&#9;&#9;&#10;&#9;&#9;boolean success = true;&#10;&#10;&#9;&#9;System.out.println(&quot;Beginning Move instantiation test..&quot;);&#10;&#9;&#9;game = new Game();&#10;&#9;&#9;game.rules = new ClassicChess();&#10;&#9;&#9;game.board = game.rules.SetStartingPositions(this.game.white,&#10;&#9;&#9;&#9;&#9;this.game.black);&#10;&#9;&#9;game.NextTurn();&#10;&#10;&#9;&#9;try {&#10;&#9;&#9;&#9;Move move = new Move(game.activePlayer, &quot;d0-d2&quot;, game.board);&#10;&#9;&#9;&#9;move = new Move(move);&#10;&#9;&#9;&#9;move = new Move(game.activePlayer, game.board.tiles[0][0], game.board.tiles[1][1]);&#10;&#9;&#9;&#9;&#10;&#9;&#9;} catch (Exception e) {&#10;&#9;&#9;&#9;success = false;&#10;&#9;&#9;&#9;System.out.println(e.getMessage());&#10;&#9;&#9;}&#10;&#9;&#9;if (success) {&#10;&#9;&#9;&#9;System.out.println(&quot;| PASS | Move Instantiation test was successful.\n&quot;);&#10;&#9;&#9;&#9;return;&#10;&#9;&#9;}&#10;&#9;&#9;System.out.println(&quot;| FAIL | Move Instantiation test failed.\n&quot;);&#10;&#9;&#9;return;&#10;&#9;}&#10;&#9;&#10;&#9;private void viewTest() {&#10;&#9;&#9;boolean success = true;&#10;&#9;&#9;game = new Game();&#10;&#9;&#9;game.rules = new ClassicChess();&#10;&#9;&#9;game.board = game.rules.SetStartingPositions(this.game.white,&#10;&#9;&#9;&#9;&#9;this.game.black);&#10;&#9;&#9;game.NextTurn();&#10;&#9;&#9;&#10;&#9;&#9;try {&#10;&#9;&#9;View view = new View();&#10;&#10;&#9;&#9;view.DisplayBoard(game.board);&#10;&#9;&#9;view.DisplayTurnNotification(game.turnNumber, game.activePlayer.color);&#10;&#9;&#9;view.setErrorMessage(&quot;Test Message&quot;);&#10;&#9;&#9;view.DisplayErrorMessage();&#10;&#9;&#9;view.DisplayErrorMessage(view.getErrorMessage());&#10;&#9;&#9;view.DisplayStalemateMessage(game.activePlayer.color);&#10;&#9;&#9;view.DisplaySurrenderMessage(game.activePlayer.color);&#10;&#9;&#9;view.DisplayWinMessage(game.activePlayer);&#10;&#9;&#9;view.DisplayExitMessage();&#10;&#9;&#9;}&#10;&#9;&#9;catch (Exception e) {&#10;&#9;&#9;&#9;success = false;&#10;&#9;&#9;}&#10;&#9;&#9;if (success) {&#10;&#9;&#9;&#9;System.out.println(&quot;| PASS | View test was successful.\n&quot;);&#10;&#9;&#9;&#9;return;&#10;&#9;&#9;}&#10;&#9;&#9;System.out.println(&quot;| FAIL | View test failed.\n&quot;);&#10;&#9;&#9;return;&#10;&#9;}&#10;&#9;&#10;&#9;public void stalemateMessageTest() {&#10;&#9;&#9;boolean success = true;&#10;&#9;&#9;&#10;&#9;&#9;try {&#10;&#9;&#9;Rules rules = new ClassicChess();&#10;&#9;&#9;rules.getStalemateMessage(new Player());&#10;&#10;&#9;&#9;}&#10;&#9;&#9;catch (Exception e) {&#10;&#9;&#9;&#9;success = false;&#10;&#9;&#9;}&#10;&#9;&#9;if (success) {&#10;&#9;&#9;&#9;System.out.println(&quot;| PASS | Stalemate Message test was successful.\n&quot;);&#10;&#9;&#9;&#9;return;&#10;&#9;&#9;}&#10;&#9;&#9;System.out.println(&quot;| FAIL | Stalemate Message test failed.\n&quot;);&#10;&#9;&#9;return;&#10;&#9;} */&#10;&#10;}&#10;" Filename="TestingSuite.java" Intrnl_Id="3"/>
<SrcFile Content="package game;&#10;&#10;import java.util.Random;&#10;&#10;import org.testng.Assert;&#10;import org.testng.annotations.Test;&#10;&#10;public class TestNG {&#10;&#9;&#10;&#9;/**&#10;&#9; * This method is used to handle each move that the testing suite wants to make.&#10;&#9; * @param move The move that is going to be made&#10;&#9; */&#10;&#9;public void CompleteMove(Move move, Game game) {&#10;&#9;&#9;//System.out.print(move);&#10;&#9;&#9;if (move.IsValid() &amp;&amp; game.rules.ValidateMove(move, game.board) == 0) {&#10;&#9;&#9;&#9;MoveCompleteResult moveResult = game.CompleteMove(move);&#10;&#9;&#9;&#9;game.NextTurn();&#10;&#9;&#9;&#9;//System.out.println(move.piece);&#10;&#9;&#9;&#9;//new View().DisplayBoard(game.board);&#10;&#9;&#9;&#9;// check for game ending condition&#10;&#9;&#9;&#9;if (moveResult.gameOver) {&#10;&#9;&#9;&#9;&#9;game.GameOver = true;&#10;&#9;&#9;&#9;}&#10;&#9;&#9;}&#10;&#10;&#9;}&#10;&#9;&#10;&#9;@Test&#10;&#9;public void testGameInstantiation() {&#10;&#9;&#9;&#10;&#9;&#9;Game game = new Game();&#10;&#9;&#9;&#10;&#9;&#9;Assert.assertNotNull(game.white);&#10;&#9;&#9;Assert.assertNotNull(game.black);&#10;&#9;&#9;Assert.assertEquals(game.turnNumber, 0);&#10;&#9;&#9;Assert.assertEquals(game.activePlayer, game.black);&#10;&#9;}&#10;&#9;&#10;&#9;@Test&#10;&#9;public void testBoardInstantiation() {&#10;&#9;&#9;&#10;&#9;&#9;Board board = new Board(8,8);&#10;&#9;&#9;&#10;&#9;&#9;Assert.assertEquals(board.width, 8);&#10;&#9;&#9;Assert.assertEquals(board.height, 8);&#10;&#9;&#9;Assert.assertNotNull(board.tiles);&#10;&#9;&#9;&#10;&#9;&#9;Board newBoard = new Board(board);&#10;&#9;&#9;&#10;&#9;&#9;Assert.assertEquals(newBoard.width, 8);&#10;&#9;&#9;Assert.assertEquals(newBoard.height, 8);&#10;&#9;&#9;Assert.assertNotNull(newBoard.tiles);&#10;&#9;}&#10;  &#10;&#9;@Test&#10;&#9;public void testPieceInstantiation() {&#10;&#9;&#9;&#10;&#9;&#9;Player white = new Player();&#10;&#9;&#9;white.color = &quot;White&quot;;&#10;&#9;&#9;Piece piece = new King(white);&#10;&#9;&#9;&#10;&#9;&#9;Assert.assertEquals(white, piece.owner);&#10;&#9;&#9;Assert.assertEquals(&quot;K&quot;, piece.toString());&#10;&#9;}&#10;&#9;&#10;&#9;@Test&#10;&#9;public void testAddPiece() {&#10;&#9;&#9;Board board = new Board(8,8);&#10;&#9;&#9;Player white = new Player();&#10;&#9;&#9;white.color = &quot;White&quot;;&#10;&#9;&#9;&#10;&#9;&#9;Piece piece = new King(white);&#10;&#9;&#9;board.AddPiece(piece, 3, 3);&#10;&#9;&#9;&#10;&#9;&#9;Assert.assertEquals(board.tiles[3][3].piece, piece);&#10;&#9;}&#10;&#9;&#10;&#9;@Test&#10;&#9;public void testCheck() {&#10;&#9;&#9;View view = new View();&#10;&#9;&#9;Game game = new Game();&#10;&#9;&#9;game.rules = new ClassicChess();&#10;&#9;&#9;game.board = new Board(8,8);&#10;&#9;&#9;game.board.AddPiece(new King(game.white), 2, 2);&#10;&#9;&#9;game.board.AddPiece(new Knight(game.white), 3, 3);&#10;&#9;&#9;game.board.AddPiece(new Knight(game.black), 5, 5);&#10;&#9;&#9;game.board.AddPiece(new King(game.black), 6, 6);&#10;&#9;&#9;game.NextTurn();&#10;&#9;&#9;CompleteMove(new Move(game.activePlayer, &quot;d3-e5&quot;, game.board), game);&#10;&#9;&#9;&#10;&#9;&#9;Assert.assertEquals(game.rules.CheckForCheck(game.activePlayer.opponent, game.board), true);&#10;&#9;&#9;Assert.assertEquals(game.GameOver, false);&#10;&#9;}&#10;&#9;&#10;&#9;@Test&#10;&#9;public void testCheckMate() {&#10;&#9;&#9;View view = new View();&#10;&#9;&#9;Game game = new Game();&#10;&#9;&#9;game.rules = new ClassicChess();&#10;&#9;&#9;game.board = new Board(8,8);&#10;&#9;&#9;game.board.AddPiece(new King(game.white), 2, 2);&#10;&#9;&#9;game.board.AddPiece(new Rook(game.white), 7, 2);&#10;&#9;&#9;game.board.AddPiece(new Rook(game.white), 0, 4);&#10;&#9;&#9;game.board.AddPiece(new Rook(game.white), 0, 6);&#10;&#9;&#9;game.board.AddPiece(new King(game.black), 5, 5);&#10;&#9;&#9;game.NextTurn();&#10;&#9;&#9;CompleteMove(new Move(game.activePlayer, &quot;h2-h5&quot;, game.board), game);&#10;&#9;&#9;&#10;&#9;&#9;Assert.assertEquals(game.rules.CheckForCheck(game.activePlayer.opponent, game.board), true);&#10;&#9;&#9;Assert.assertEquals(game.GameOver, true);&#10;&#9;}&#10;&#9;&#10;&#9;@Test&#10;&#9;public void testFuzzInput() {&#10;&#9;&#9;View view = new View();&#10;&#9;&#9;Game game = new Game();&#10;&#9;&#9;game.rules = new ClassicChess();&#10;&#9;&#9;game.board = game.rules.SetStartingPositions(game.white, game.black);&#10;&#10;&#9;&#9;game.NextTurn();&#10;&#9;&#9;&#10;&#9;&#9;int i = 0;&#10;&#9;&#9;while (i &lt; 10000) {&#10;&#9;&#9;&#9;CompleteMove(genRandomMove(game.activePlayer, game.board), game);&#10;&#9;&#9;&#9;i++;&#10;&#9;&#9;}&#10;&#9;&#9;&#10;&#9;}&#10;&#9;&#10;&#9;//generates a random, not necessarily valid move&#10;&#9;private Move genRandomMove(Player player, Board board) {&#10;&#9;&#9;int min = 0;&#10;&#9;&#9;int max = board.listOfTiles.size() - 1;&#10;&#9;&#9;&#10;&#9;&#9;Tile startTile = board.listOfTiles.get(new Random().nextInt((max - min) + 1) + min);&#10;&#9;&#9;Tile endTile = board.listOfTiles.get(new Random().nextInt((max - min) + 1) + min);&#10;&#9;&#9;&#10;&#9;&#9;return new Move(player, startTile, endTile);&#10;&#9;}&#10;}&#10;" Filename="TestNG.java" Intrnl_Id="4"/>
<SrcFile Content="package game;&#10;&#10;import java.io.BufferedReader;&#10;import java.io.IOException;&#10;import java.io.InputStreamReader;&#10;&#10;/**&#10; * Take all chess variant rules class.&#10; */&#10;public class TakeAllChess extends Rules {&#10;&#10;&#9;public TakeAllChess() {&#10;&#9;&#9;super();&#10;&#9;}&#10;&#10;&#9;/**&#10;&#9; * @see game.Rules#SetStartingPositions(game.Player, game.Player)&#10;&#9; */&#10;&#9;public Board SetStartingPositions(Player white, Player black) {&#10;&#10;&#9;&#9;Board board = new Board(8,8);&#10;&#10;&#9;&#9;board.AddPiece(new Pawn(white), 0, 1);&#10;&#9;&#9;board.AddPiece(new Pawn(white), 1, 1);&#10;&#9;&#9;board.AddPiece(new Pawn(white), 2, 1);&#10;&#9;&#9;board.AddPiece(new Pawn(white), 3, 1);&#10;&#9;&#9;board.AddPiece(new Pawn(white), 4, 1);&#10;&#9;&#9;board.AddPiece(new Pawn(white), 5, 1);&#10;&#9;&#9;board.AddPiece(new Pawn(white), 6, 1);&#10;&#9;&#9;board.AddPiece(new Pawn(white), 7, 1);&#10;&#9;&#9;board.AddPiece(new Rook(white), 0, 0);&#10;&#9;&#9;board.AddPiece(new Knight(white), 1, 0);&#10;&#9;&#9;board.AddPiece(new Bishop(white), 2, 0);&#10;&#9;&#9;board.AddPiece(new Queen(white), 3, 0);&#10;&#9;&#9;board.AddPiece(new King(white), 4, 0);&#10;&#9;&#9;board.AddPiece(new Bishop(white), 5, 0);&#10;&#9;&#9;board.AddPiece(new Knight(white), 6, 0);&#10;&#9;&#9;board.AddPiece(new Rook(white), 7, 0);&#10;&#10;&#9;&#9;board.AddPiece(new Pawn(black), 0, 6);&#10;&#9;&#9;board.AddPiece(new Pawn(black), 1, 6);&#10;&#9;&#9;board.AddPiece(new Pawn(black), 2, 6);&#10;&#9;&#9;board.AddPiece(new Pawn(black), 3, 6);&#10;&#9;&#9;board.AddPiece(new Pawn(black), 4, 6);&#10;&#9;&#9;board.AddPiece(new Pawn(black), 5, 6);&#10;&#9;&#9;board.AddPiece(new Pawn(black), 6, 6);&#10;&#9;&#9;board.AddPiece(new Pawn(black), 7, 6);&#10;&#9;&#9;board.AddPiece(new Rook(black), 0, 7);&#10;&#9;&#9;board.AddPiece(new Knight(black), 1, 7);&#10;&#9;&#9;board.AddPiece(new Bishop(black), 2, 7);&#10;&#9;&#9;board.AddPiece(new Queen(black), 3, 7);&#10;&#9;&#9;board.AddPiece(new King(black), 4, 7);&#10;&#9;&#9;board.AddPiece(new Bishop(black), 5, 7);&#10;&#9;&#9;board.AddPiece(new Knight(black), 6, 7);&#10;&#9;&#9;board.AddPiece(new Rook(black), 7, 7);&#10;&#10;&#9;&#9;return board;&#10;&#9;}&#10;&#10;&#10;&#9;/**&#10;&#9; * @return true if it's a valid move, false if invalid&#10;&#9; */&#10;&#9;public boolean validatePawnMove(Move move, Board board)&#10;&#9;{&#10;&#9;&#9;// get direction it can go in&#10;&#9;&#9;int direction = -1;&#10;&#10;&#9;&#9;// white on top&#10;&#9;&#9;if(move.activePlayer.color.equals(&quot;White&quot;)) {&#10;&#9;&#9;&#9;direction = 1;&#10;&#9;&#9;}&#10;&#10;&#9;&#9;int yDifference = move.endPosition.yCord - move.startPosition.yCord;&#10;&#9;&#9;int xDifference = Math.abs(move.endPosition.xCord - move.startPosition.xCord);&#10;&#9;&#9;if(yDifference == direction) {&#10;&#9;&#9;&#9;// pawn is moving straight by 1 space&#10;&#9;&#9;&#9;if(xDifference == 0) {&#10;&#9;&#9;&#9;&#9;// if there is no piece ahead, it's valid&#10;&#9;&#9;&#9;&#9;if(move.endPosition.piece == null) {&#10;&#9;&#9;&#9;&#9;&#9;return true;&#10;&#9;&#9;&#9;&#9;}&#10;&#9;&#9;&#9;&#9;else {&#10;&#9;&#9;&#9;&#9;&#9;return false;&#10;&#9;&#9;&#9;&#9;}&#10;&#9;&#9;&#9;}&#10;&#9;&#9;&#9;// pawn is moving diagonal by 1 space&#10;&#9;&#9;&#9;else if(xDifference == 1) {&#10;&#9;&#9;&#9;&#9;// can't move diagonal without a piece&#10;&#9;&#9;&#9;&#9;if(move.endPosition.piece == null) {&#10;&#9;&#9;&#9;&#9;&#9;//checking if the piece adjacent to the pawn moving was a pawn and had done a double jump the last turn (checking condition for En Passant)&#10;&#9;&#9;&#9;&#9;&#9;if(board.tiles[move.endPosition.xCord][move.startPosition.yCord].piece != null){&#10;&#9;&#9;&#9;&#9;&#9;&#9;if(board.tiles[move.endPosition.xCord][move.startPosition.yCord].piece.getClass() == Pawn.class){&#10;&#9;&#9;&#9;&#9;&#9;&#9;&#9;Pawn p = (Pawn)board.tiles[move.endPosition.xCord][move.startPosition.yCord].piece;&#10;&#9;&#9;&#9;&#9;&#9;&#9;&#9;if(p.lastMoveJump == true &amp;&amp; p.owner != move.activePlayer){&#10;&#9;&#9;&#9;&#9;&#9;&#9;&#9;&#9;board.tiles[move.endPosition.xCord][move.startPosition.yCord].piece = null;&#10;&#9;&#9;&#9;&#9;&#9;&#9;&#9;&#9;return true;&#10;&#9;&#9;&#9;&#9;&#9;&#9;&#9;}&#10;&#9;&#9;&#9;&#9;&#9;&#9;}&#10;&#9;&#9;&#9;&#9;&#9;}&#10;&#9;&#9;&#9;&#9;&#9;return false;&#10;&#9;&#9;&#9;&#9;}&#10;&#9;&#9;&#9;&#9;// can only move diagonal if the piece is owned by the other player&#10;&#9;&#9;&#9;&#9;else if(move.endPosition.piece.owner != move.activePlayer) {&#10;&#9;&#9;&#9;&#9;&#9;return true;&#10;&#9;&#9;&#9;&#9;}&#10;&#9;&#9;&#9;}&#10;&#9;&#9;}&#10;&#9;&#9;else if(move.piece.hasMoved == false &amp;&amp; yDifference == direction * 2 &amp;&amp; xDifference == 0) {&#10;&#9;&#9;&#9;// double jump for first move&#10;&#9;&#9;&#9;//checking that the final position is empty (does not contain a piece) and that the space in between is also empty.&#10;&#9;&#9;&#9;if(move.endPosition.piece == null &amp;&amp; board.tiles[move.startPosition.xCord][move.startPosition.yCord + direction].piece == null) {&#10;&#9;&#9;&#9;&#9;return true;&#10;&#9;&#9;&#9;}&#10;&#9;&#9;&#9;else {&#10;&#9;&#9;&#9;&#9;return false;&#10;&#9;&#9;&#9;}&#10;&#9;&#9;}&#10;&#9;&#9;return false;&#10;&#9;}&#10;&#10;&#9;/**&#10;&#9; * @return true if it's a valid move, false if invalid&#10;&#9; */&#10;&#9;public boolean validateQueenMove(Move move, Board board)&#10;&#9;{&#10;&#9;&#9;// check what the move way is, horizontal or diagonal&#10;&#9;&#9;int xDiff = Math.abs(move.startPosition.xCord - move.endPosition.xCord);&#10;&#9;&#9;int yDiff = Math.abs(move.startPosition.yCord - move.endPosition.yCord);&#10;&#10;&#9;&#9;// if it attacks the same team&#10;&#9;&#9;if(move.endPosition.piece != null &amp;&amp; move.endPosition.piece.owner == move.activePlayer) {&#10;&#9;&#9;&#9;return false;&#10;&#9;&#9;}&#10;&#10;&#9;&#9;int xDir = 1;&#10;&#9;&#9;int yDir = 1;&#10;&#10;&#9;&#9;// moving left&#10;&#9;&#9;if(move.startPosition.xCord - move.endPosition.xCord &gt; 0) {&#10;&#9;&#9;&#9;xDir = -1;&#10;&#9;&#9;}&#10;&#9;&#9;// moving up&#10;&#9;&#9;if(move.startPosition.yCord - move.endPosition.yCord &gt; 0) {&#10;&#9;&#9;&#9;yDir = -1;&#10;&#9;&#9;}&#10;&#10;&#9;&#9;// diagonal movement&#10;&#9;&#9;if(xDiff == yDiff) {&#10;&#9;&#9;&#9;for(int i=1; i &lt; yDiff; i++ ) {&#10;&#9;&#9;&#9;&#9;Tile t = board.tiles[move.startPosition.xCord + (xDir * i)][move.startPosition.yCord + (yDir * i)];&#10;&#9;&#9;&#9;&#9;if(t.piece != null) {&#10;&#9;&#9;&#9;&#9;&#9;return false;&#10;&#9;&#9;&#9;&#9;}&#10;&#9;&#9;&#9;}&#10;&#9;&#9;&#9;return true;&#10;&#9;&#9;}&#10;&#9;&#9;// horizontal movement&#10;&#9;&#9;else if(yDiff == 0) {&#10;&#9;&#9;&#9;for(int i=1; i &lt; xDiff; i++ ) {&#10;&#9;&#9;&#9;&#9;Tile t = board.tiles[move.startPosition.xCord + (xDir * i)][move.startPosition.yCord];&#10;&#9;&#9;&#9;&#9;if(t.piece != null) {&#10;&#9;&#9;&#9;&#9;&#9;return false;&#10;&#9;&#9;&#9;&#9;}&#10;&#9;&#9;&#9;}&#10;&#9;&#9;&#9;return true;&#10;&#9;&#9;}&#10;&#9;&#9;// vertical movement&#10;&#9;&#9;else if(xDiff == 0) {&#10;&#9;&#9;&#9;for(int i=1; i &lt; yDiff; i++ ) {&#10;&#9;&#9;&#9;&#9;Tile t = board.tiles[move.startPosition.xCord][move.startPosition.yCord + (yDir * i)];&#10;&#9;&#9;&#9;&#9;if(t.piece != null) {&#10;&#9;&#9;&#9;&#9;&#9;return false;&#10;&#9;&#9;&#9;&#9;}&#10;&#9;&#9;&#9;}&#10;&#9;&#9;&#9;return true;&#10;&#9;&#9;}&#10;&#10;&#9;&#9;return false;&#10;&#9;}&#10;&#10;&#9;/**&#10;&#9; * @return true if it's a valid move, false if invalid&#10;&#9; */&#10;&#9;public boolean validateBishopMove(Move move, Board board)&#10;&#9;{&#10;&#9;&#9;// check what the move way is, horizontal or diagonal&#10;&#9;&#9;int xDiff = Math.abs(move.startPosition.xCord - move.endPosition.xCord);&#10;&#9;&#9;int yDiff = Math.abs(move.startPosition.yCord - move.endPosition.yCord);&#10;&#10;&#9;&#9;// if it attacks the same team&#10;&#9;&#9;if(move.endPosition.piece != null &amp;&amp; move.endPosition.piece.owner == move.activePlayer) {&#10;&#9;&#9;&#9;return false;&#10;&#9;&#9;}&#10;&#10;&#9;&#9;// diagonal movement&#10;&#9;&#9;if(xDiff == yDiff) {&#10;&#9;&#9;&#9;int xDir = 1;&#10;&#9;&#9;&#9;int yDir = 1;&#10;&#10;&#9;&#9;&#9;// moving left&#10;&#9;&#9;&#9;if(move.startPosition.xCord - move.endPosition.xCord &gt; 0) {&#10;&#9;&#9;&#9;&#9;xDir = -1;&#10;&#9;&#9;&#9;}&#10;&#9;&#9;&#9;// moving up&#10;&#9;&#9;&#9;if(move.startPosition.yCord - move.endPosition.yCord &gt; 0) {&#10;&#9;&#9;&#9;&#9;yDir = -1;&#10;&#9;&#9;&#9;}&#10;&#10;&#9;&#9;&#9;for(int i=1; i &lt; yDiff; i++ ) {&#10;&#9;&#9;&#9;&#9;Tile t = board.tiles[move.startPosition.xCord + (xDir * i)][move.startPosition.yCord + (yDir * i)];&#10;&#9;&#9;&#9;&#9;if(t.piece != null) {&#10;&#9;&#9;&#9;&#9;&#9;return false;&#10;&#9;&#9;&#9;&#9;}&#10;&#9;&#9;&#9;}&#10;&#9;&#9;&#9;return true;&#10;&#9;&#9;}&#10;&#10;&#9;&#9;return false;&#10;&#9;}&#10;&#10;&#9;/** &#10;&#9; * @return true if it's a valid move, false if invalid&#10;&#9; */&#10;&#9;public boolean validateRookMove(Move move, Board board)&#10;&#9;{&#10;&#9;&#9;// check what the move way is, horizontal or diagonal&#10;&#9;&#9;int xDiff = Math.abs(move.startPosition.xCord - move.endPosition.xCord);&#10;&#9;&#9;int yDiff = Math.abs(move.startPosition.yCord - move.endPosition.yCord);&#10;&#10;&#9;&#9;// if it attacks the same team&#10;&#9;&#9;if(move.endPosition.piece != null &amp;&amp; move.endPosition.piece.owner == move.activePlayer) {&#10;&#9;&#9;&#9;return false;&#10;&#9;&#9;}&#10;&#10;&#9;&#9;int xDir = 1;&#10;&#9;&#9;int yDir = 1;&#10;&#10;&#9;&#9;// moving left&#10;&#9;&#9;if(move.startPosition.xCord - move.endPosition.xCord &gt; 0) {&#10;&#9;&#9;&#9;xDir = -1;&#10;&#9;&#9;}&#10;&#9;&#9;// moving up&#10;&#9;&#9;if(move.startPosition.yCord - move.endPosition.yCord &gt; 0) {&#10;&#9;&#9;&#9;yDir = -1;&#10;&#9;&#9;}&#10;&#10;&#9;&#9;// vertical movement&#10;&#9;&#9;if(xDiff == 0) {&#10;&#9;&#9;&#9;for(int i=1; i &lt; yDiff; i++ ) {&#10;&#10;&#9;&#9;&#9;&#9;Tile t = board.tiles[move.startPosition.xCord][move.startPosition.yCord + (yDir * i)];&#10;&#9;&#9;&#9;&#9;if(t.piece != null) {&#10;&#9;&#9;&#9;&#9;&#9;return false;&#10;&#9;&#9;&#9;&#9;}&#10;&#9;&#9;&#9;}&#10;&#9;&#9;&#9;return true;&#10;&#9;&#9;}&#10;&#9;&#9;// horizontal movement&#10;&#9;&#9;else if(yDiff == 0) {&#10;&#9;&#9;&#9;for(int i=1; i &lt; xDiff; i++ ) {&#10;&#9;&#9;&#9;&#9;Tile t = board.tiles[move.startPosition.xCord + (xDir * i)][move.startPosition.yCord];&#10;&#9;&#9;&#9;&#9;if(t.piece != null) {&#10;&#9;&#9;&#9;&#9;&#9;return false;&#10;&#9;&#9;&#9;&#9;}&#10;&#9;&#9;&#9;}&#10;&#9;&#9;&#9;return true;&#10;&#9;&#9;}&#10;&#10;&#9;&#9;return false;&#10;&#9;}&#10;&#10;&#9;/** &#10;&#9; * @return true if it's a valid move, false if invalid&#10;&#9; */&#10;&#9;public boolean validateKnightMove(Move move, Board board)&#10;&#9;{&#10;&#9;&#9;// if it attacks the same team&#10;&#9;&#9;if(move.endPosition.piece != null &amp;&amp; move.endPosition.piece.owner == move.activePlayer) {&#10;&#9;&#9;&#9;return false;&#10;&#9;&#9;}&#10;&#10;&#9;&#9;// check what the move way is, horizontal or diagonal&#10;&#9;&#9;int xDiff = Math.abs(move.startPosition.xCord - move.endPosition.xCord);&#10;&#9;&#9;int yDiff = Math.abs(move.startPosition.yCord - move.endPosition.yCord);&#10;&#10;&#10;&#9;&#9;if(yDiff == 2 &amp;&amp; xDiff == 1) {&#10;&#9;&#9;&#9;return true;&#10;&#9;&#9;}&#10;&#9;&#9;else if(yDiff == 1 &amp;&amp; xDiff == 2) {&#10;&#9;&#9;&#9;return true;&#10;&#9;&#9;}&#10;&#10;&#9;&#9;return false;&#10;&#9;}&#10;&#10;&#9;/** &#10;&#9; * @return true if it's a valid move, false if invalid&#10;&#9; */&#10;&#9;public boolean validateKingMove(Move move, Board board)&#10;&#9;{&#10;&#9;&#9;// if it attacks the same team&#10;&#9;&#9;if(move.endPosition.piece != null &amp;&amp; move.endPosition.piece.owner == move.activePlayer) {&#10;&#9;&#9;&#9;return false;&#10;&#9;&#9;}&#10;&#10;&#9;&#9;// check what the move way is, horizontal or diagonal&#10;&#9;&#9;int xDiff = Math.abs(move.startPosition.xCord - move.endPosition.xCord);&#10;&#9;&#9;int yDiff = Math.abs(move.startPosition.yCord - move.endPosition.yCord);&#10;&#10;&#9;&#9;if(yDiff &lt;= 1 &amp;&amp; xDiff &lt;= 1) {&#10;&#9;&#9;&#9;return true;&#10;&#9;&#9;}&#10;&#10;&#9;&#9;return false;&#10;&#9;}&#10;&#10;&#10;&#9;/**&#10;&#9; * &#10;&#9; * @see game.Rules#ValidateMove(game.Move, game.Board)&#10;&#9; */&#10;&#9;public int ValidateMove(Move move, Board board)&#10;&#9;{&#10;&#9;&#9;int isValidMove = -1;&#10;&#10;&#9;&#9;if(move.piece.getClass() == Pawn.class) {&#10;&#9;&#9;&#9;isValidMove = (validatePawnMove(move, board) == true) ? 0 : 1;&#10;&#9;&#9;}&#10;&#9;&#9;else if(move.piece.getClass() == Bishop.class) {&#10;&#9;&#9;&#9;isValidMove = (validateBishopMove(move, board) == true) ? 0 : 1;&#10;&#9;&#9;}&#10;&#9;&#9;else if(move.piece.getClass() == Queen.class) {&#10;&#9;&#9;&#9;isValidMove = (validateQueenMove(move, board) == true) ? 0 : 1;&#10;&#9;&#9;}&#10;&#9;&#9;else if(move.piece.getClass() == Rook.class) {&#10;&#9;&#9;&#9;isValidMove = (validateRookMove(move, board) == true) ? 0 : 1;&#10;&#9;&#9;}&#10;&#9;&#9;else if(move.piece.getClass() == Knight.class) {&#10;&#9;&#9;&#9;isValidMove = (validateKnightMove(move, board) == true) ? 0 : 1;&#10;&#9;&#9;}&#10;&#9;&#9;else if(move.piece.getClass() == King.class) {&#10;&#9;&#9;&#9;isValidMove = (validateKingMove(move, board) == true) ? 0 : 1;&#10;&#9;&#9;}&#10;&#10;&#9;&#9;if(isValidMove == 1) {&#10;&#9;&#9;&#9;View.setErrorMessage(&quot;Illegally inputted move, piece can't move in the specified manner.&quot;);&#10;&#9;&#9;&#9;return 1;&#10;&#9;&#9;}&#10;&#10;&#9;&#9;if(move.endPosition.piece != null &amp;&amp; move.endPosition.piece.owner != move.activePlayer) { //Player is killing the opponents piece, no need to check if they have a potential kill move&#10;&#9;&#9;&#9;return 0;&#10;&#9;&#9;}&#10;&#10;&#9;&#9;if(checkIfKillIsPossible(move.activePlayer, board) == true) {&#10;&#9;&#9;&#9;return 3;&#10;&#9;&#9;}&#10;&#9;&#9;//isValidMove = validateBoardState(move, board) ? isValidMove : false;&#10;&#10;&#9;&#9;return 0;&#10;&#9;&#9;//return isValidMove;&#10;&#9;}&#10;&#10;&#9;//Pretty sure this function sets last jumped to 0 for everything, has to do with En Passant&#10;&#9;public void setLastMoveJump(Player activePlayer, Board board){&#10;&#9;&#9;for(int y = 0; y &lt; board.height; y++) {&#10;&#9;&#9;&#9;for(int x = 0; x &lt; board.width; x++) {&#10;&#9;&#9;&#9;&#9;if (board.tiles[x][y].piece != null) {&#10;&#9;&#9;&#9;&#9;&#9;if(board.tiles[x][y].piece.getClass() == Pawn.class &amp;&amp; board.tiles[x][y].piece.owner == activePlayer){&#10;&#9;&#9;&#9;&#9;&#9;&#9;Pawn p = (Pawn)board.tiles[x][y].piece;&#10;&#9;&#9;&#9;&#9;&#9;&#9;p.lastMoveJump = false;&#10;&#9;&#9;&#9;&#9;&#9;}&#10;&#9;&#9;&#9;&#9;}&#10;&#9;&#9;&#9;}&#10;&#9;&#9;}&#10;&#9;}&#10;&#10;&#9;/**&#10;&#9; * Move has been validated, performing the move&#10;&#9; * @param board&#10;&#9; * @param move&#10;&#9; * @return &#9;MoveCompleteResult&#10;&#9; */&#10;&#9;public MoveCompleteResult ruleCompleteMove(Board board, Move move){&#10;&#9;&#9;setLastMoveJump(move.activePlayer, board);&#10;&#9;&#9;if(move.piece.getClass() == Pawn.class &amp;&amp; Math.abs(move.startPosition.yCord - move.endPosition.yCord) == 2) {&#10;&#9;&#9;&#9;Pawn p = (Pawn)move.piece;&#10;&#9;&#9;&#9;p.lastMoveJump = true;&#10;&#9;&#9;}else if(move.piece.getClass() == Pawn.class &amp;&amp; move.endPosition.yCord == 7 &amp;&amp; move.piece.owner.color.equals(&quot;White&quot;)) {&#10;&#9;&#9;&#9;getPawnPromotionInput(board, move);&#10;&#9;&#9;}else if(move.piece.getClass() == Pawn.class &amp;&amp; move.endPosition.yCord == 0 &amp;&amp; move.piece.owner.color.equals(&quot;Black&quot;)) {&#10;&#9;&#9;&#9;getPawnPromotionInput(board, move);&#10;&#9;&#9;}&#10;&#10;&#9;&#9;boolean victoryStatus = checkWinCondition(move.activePlayer, board);&#10;&#9;&#9;if(victoryStatus) {&#10;&#9;&#9;&#9;MoveCompleteResult moveResult = new MoveCompleteResult(true);&#10;&#9;&#9;&#9;moveResult.winner = move.activePlayer;&#10;&#9;&#9;&#9;return moveResult;&#10;&#9;&#9;}&#10;&#10;&#9;&#9;return new MoveCompleteResult(false);&#10;&#9;}&#10;&#10;&#9;/**&#10;&#9; * Gets input for doing the Pawn Promotion&#10;&#9; */&#10;&#9;public void getPawnPromotionInput(Board board, Move move){&#10;&#9;&#9;System.out.println(&quot;Please enter a valid input for Pawn Promotion. Choose between Q (Queen), R (Rook), N (Knight), and B (Bishop).&quot;);&#10;&#9;&#9;BufferedReader br = new BufferedReader(new InputStreamReader(System.in));&#10;&#9;&#9;String input = null;&#10;&#9;&#9;while (input == null) {&#10;&#9;&#9;&#9;try {&#10;&#9;&#9;&#9;&#9;input = br.readLine();&#10;&#9;&#9;&#9;} catch (IOException e) {&#10;&#9;&#9;&#9;&#9;input = null;&#10;&#9;&#9;&#9;&#9;System.out.println(&quot;Input Error: Unable to read input.&quot;);&#10;&#9;&#9;&#9;}&#10;&#9;&#9;&#9;if (input != null) {&#10;&#9;&#9;&#9;&#9;try {&#10;&#9;&#9;&#9;&#9;&#9;if(input.equalsIgnoreCase(&quot;k&quot;) || input.equalsIgnoreCase(&quot;king&quot;)) {&#10;&#9;&#9;&#9;&#9;&#9;&#9;board.tiles[move.endPosition.xCord][move.endPosition.yCord].addPiece(new King(move.activePlayer));&#10;&#9;&#9;&#9;&#9;&#9;}&#10;&#9;&#9;&#9;&#9;&#9;else if(input.equalsIgnoreCase(&quot;q&quot;) || input.equalsIgnoreCase(&quot;queen&quot;)) {&#10;&#9;&#9;&#9;&#9;&#9;&#9;board.tiles[move.endPosition.xCord][move.endPosition.yCord].addPiece(new Queen(move.activePlayer));&#10;&#9;&#9;&#9;&#9;&#9;}&#10;&#9;&#9;&#9;&#9;&#9;else if(input.equalsIgnoreCase(&quot;r&quot;) || input.equalsIgnoreCase(&quot;rook&quot;)) {&#10;&#9;&#9;&#9;&#9;&#9;&#9;board.tiles[move.endPosition.xCord][move.endPosition.yCord].addPiece(new Rook(move.activePlayer));&#10;&#9;&#9;&#9;&#9;&#9;}&#10;&#9;&#9;&#9;&#9;&#9;else if(input.equalsIgnoreCase(&quot;n&quot;) || input.equalsIgnoreCase(&quot;knight&quot;)) {&#10;&#9;&#9;&#9;&#9;&#9;&#9;board.tiles[move.endPosition.xCord][move.endPosition.yCord].addPiece(new Knight(move.activePlayer));&#10;&#9;&#9;&#9;&#9;&#9;}&#10;&#9;&#9;&#9;&#9;&#9;else if(input.equalsIgnoreCase(&quot;b&quot;) || input.equalsIgnoreCase(&quot;bishop&quot;)) {&#10;&#9;&#9;&#9;&#9;&#9;&#9;board.tiles[move.endPosition.xCord][move.endPosition.yCord].addPiece(new Bishop(move.activePlayer));&#10;&#9;&#9;&#9;&#9;&#9;}&#10;&#9;&#9;&#9;&#9;&#9;else{&#10;&#9;&#9;&#9;&#9;&#9;&#9;input = null;&#10;&#9;&#9;&#9;&#9;&#9;&#9;System.out.println(&quot;Please choose a valid input between K (King), Q (Queen), R (Rook), N (Knight), and B (Bishop).&quot;);&#10;&#9;&#9;&#9;&#9;&#9;}&#10;&#9;&#9;&#9;&#9;}&#10;&#9;&#9;&#9;&#9;catch (Exception e)&#10;&#9;&#9;&#9;&#9;{&#10;&#9;&#9;&#9;&#9;&#9;input = null;&#10;&#9;&#9;&#9;&#9;&#9;System.out.println(&quot;Please choose a valid input between K (King), Q (Queen), R (Rook), N (Knight), and B (Bishop).&quot;);&#10;&#9;&#9;&#9;&#9;}&#10;&#9;&#9;&#9;}&#10;&#9;&#9;}&#10;&#9;}&#10;&#10;&#9;/**&#10;&#9; * @return false - no one has won, true - someone wins&#10;&#9; * should be called after a move has happened, checks if the active player has won (all the opponents pieces are gone)&#10;&#9; */&#10;&#9;public boolean checkWinCondition(Player activePlayer, Board board) {&#10;&#9;&#9;for (Tile tile : board.listOfTiles) {&#10;&#9;&#9;&#9;if (tile.piece != null) {&#10;&#9;&#9;&#9;&#9;if (tile.piece.owner != activePlayer) {&#10;&#9;&#9;&#9;&#9;&#9;return false;&#10;&#9;&#9;&#9;&#9;}&#10;&#9;&#9;&#9;}&#10;&#9;&#9;}&#10;&#10;&#9;&#9;return true;&#10;&#9;}&#10;&#10;&#9;/**&#10;&#9; * Ran after every move is validated if the player isn't killing someone. &#10;&#9; * Returns true if that player could have killed someone but didn't&#10;&#9; * Returns false otherwise&#10;&#9; */&#10;&#9;private boolean checkIfKillIsPossible(Player activePlayer, Board board) {&#10;&#10;&#9;&#9;//iterate through the enemy pieces and tell them to try and kill the friendly king&#10;&#9;&#9;//if they can (legally) then the active player has put themself in check&#10;&#9;&#9;for (Tile tile : board.listOfTiles) {&#10;&#9;&#9;&#9;if (tile.piece != null) {&#10;&#9;&#9;&#9;&#9;if (tile.piece.owner == activePlayer) {&#10;&#9;&#9;&#9;&#9;&#9;//try to make a kill&#10;&#9;&#9;&#9;&#9;&#9;Move exMove = new Move();&#10;&#9;&#9;&#9;&#9;&#9;exMove.activePlayer = tile.piece.owner;&#10;&#9;&#9;&#9;&#9;&#9;exMove.startPosition = tile;&#10;&#9;&#9;&#9;&#9;&#9;exMove.piece = tile.piece;&#10;&#10;&#9;&#9;&#9;&#9;&#9;for (Tile endTile : board.listOfTiles) {&#10;&#9;&#9;&#9;&#9;&#9;&#9;if (endTile.piece != null) {&#10;&#9;&#9;&#9;&#9;&#9;&#9;&#9;if (endTile.piece.owner != activePlayer) {&#10;&#10;&#9;&#9;&#9;&#9;&#9;&#9;&#9;&#9;exMove.endPosition = endTile;&#10;&#9;&#9;&#9;&#9;&#9;&#9;&#9;&#9;boolean isValid = false;&#10;&#9;&#9;&#9;&#9;&#9;&#9;&#9;&#9;if(exMove.piece.getClass() == Pawn.class) {&#10;&#9;&#9;&#9;&#9;&#9;&#9;&#9;&#9;&#9;isValid = validatePawnMove(exMove, board);&#10;&#9;&#9;&#9;&#9;&#9;&#9;&#9;&#9;}&#10;&#9;&#9;&#9;&#9;&#9;&#9;&#9;&#9;else if(exMove.piece.getClass() == Bishop.class) {&#10;&#9;&#9;&#9;&#9;&#9;&#9;&#9;&#9;&#9;isValid = validateBishopMove(exMove, board);&#10;&#9;&#9;&#9;&#9;&#9;&#9;&#9;&#9;}&#10;&#9;&#9;&#9;&#9;&#9;&#9;&#9;&#9;else if(exMove.piece.getClass() == Queen.class) {&#10;&#9;&#9;&#9;&#9;&#9;&#9;&#9;&#9;&#9;isValid = validateQueenMove(exMove, board);&#10;&#9;&#9;&#9;&#9;&#9;&#9;&#9;&#9;}&#10;&#9;&#9;&#9;&#9;&#9;&#9;&#9;&#9;else if(exMove.piece.getClass() == Rook.class) {&#10;&#9;&#9;&#9;&#9;&#9;&#9;&#9;&#9;&#9;isValid = validateRookMove(exMove, board);&#10;&#9;&#9;&#9;&#9;&#9;&#9;&#9;&#9;}&#10;&#9;&#9;&#9;&#9;&#9;&#9;&#9;&#9;else if(exMove.piece.getClass() == Knight.class) {&#10;&#9;&#9;&#9;&#9;&#9;&#9;&#9;&#9;&#9;isValid = validateKnightMove(exMove, board);&#10;&#9;&#9;&#9;&#9;&#9;&#9;&#9;&#9;}&#10;&#9;&#9;&#9;&#9;&#9;&#9;&#9;&#9;else if(exMove.piece.getClass() == King.class) {&#10;&#9;&#9;&#9;&#9;&#9;&#9;&#9;&#9;&#9;isValid = validateKingMove(exMove, board);&#10;&#9;&#9;&#9;&#9;&#9;&#9;&#9;&#9;}&#10;&#9;&#9;&#9;&#9;&#9;&#9;&#9;&#9;if (isValid) {&#10;&#9;&#9;&#9;&#9;&#9;&#9;&#9;&#9;&#9;View.setErrorMessage(&quot;A capturing move is available but the move specified captures nothing. See below for details.\n&quot; + exMove.toString());&#10;&#9;&#9;&#9;&#9;&#9;&#9;&#9;&#9;&#9;return true;&#10;&#9;&#9;&#9;&#9;&#9;&#9;&#9;&#9;}&#10;&#10;&#9;&#9;&#9;&#9;&#9;&#9;&#9;}&#10;&#9;&#9;&#9;&#9;&#9;&#9;}&#10;&#9;&#9;&#9;&#9;&#9;}&#10;&#10;&#9;&#9;&#9;&#9;}&#10;&#9;&#9;&#9;}&#10;&#9;&#9;}&#10;&#9;&#9;return false;&#10;&#9;}&#10;&#10;&#9;/**&#10;&#9; * @param activePlayer - what player you want to check if has their opponent in check&#10;&#9; * @param board - the board you want to check for check on.&#10;&#9; * @return true if the active player is in check, false if they are not.&#10;&#9; */&#10;&#9;public boolean CheckForCheck(Player activePlayer, Board board) {&#10;&#10;&#9;&#9;//locate the friendly and enemy kings&#10;&#9;&#9;Tile enemyKing = null;&#10;&#9;&#9;for (Tile tile: board.listOfTiles) {&#10;&#9;&#9;&#9;if (tile.piece != null) {&#10;&#9;&#9;&#9;&#9;if (tile.piece.getClass() == King.class &amp;&amp; tile.piece.owner != activePlayer) {&#10;&#9;&#9;&#9;&#9;&#9;enemyKing = tile;&#10;&#9;&#9;&#9;&#9;}&#10;&#9;&#9;&#9;}&#10;&#9;&#9;}&#10;&#10;&#9;&#9;//if (kingPosition == null) { return false; }&#10;&#9;&#9;if (enemyKing == null) { return false; }&#10;&#10;&#9;&#9;//iterate through the active players pieces and tell them to try and kill the friendly king&#10;&#9;&#9;//if they can (legally) then the active player is in check&#10;&#9;&#9;for (Tile tile : board.listOfTiles) {&#10;&#9;&#9;&#9;if (tile.piece != null) {&#10;&#9;&#9;&#9;&#9;if (tile.piece.owner == activePlayer) {&#10;&#9;&#9;&#9;&#9;&#9;//try to kill the king&#10;&#9;&#9;&#9;&#9;&#9;Move regicide = new Move();&#10;&#9;&#9;&#9;&#9;&#9;regicide.activePlayer = tile.piece.owner;&#10;&#9;&#9;&#9;&#9;&#9;regicide.startPosition = tile;&#10;&#9;&#9;&#9;&#9;&#9;regicide.endPosition = enemyKing;&#10;&#9;&#9;&#9;&#9;&#9;regicide.piece = tile.piece;&#10;&#10;&#9;&#9;&#9;&#9;&#9;boolean isValid = false;&#10;&#9;&#9;&#9;&#9;&#9;if(regicide.piece.getClass() == Pawn.class) {&#10;&#9;&#9;&#9;&#9;&#9;&#9;isValid = validatePawnMove(regicide, board);&#10;&#9;&#9;&#9;&#9;&#9;}&#10;&#9;&#9;&#9;&#9;&#9;else if(regicide.piece.getClass() == Bishop.class) {&#10;&#9;&#9;&#9;&#9;&#9;&#9;isValid = validateBishopMove(regicide, board);&#10;&#9;&#9;&#9;&#9;&#9;}&#10;&#9;&#9;&#9;&#9;&#9;else if(regicide.piece.getClass() == Queen.class) {&#10;&#9;&#9;&#9;&#9;&#9;&#9;isValid = validateQueenMove(regicide, board);&#10;&#9;&#9;&#9;&#9;&#9;}&#10;&#9;&#9;&#9;&#9;&#9;else if(regicide.piece.getClass() == Rook.class) {&#10;&#9;&#9;&#9;&#9;&#9;&#9;isValid = validateRookMove(regicide, board);&#10;&#9;&#9;&#9;&#9;&#9;}&#10;&#9;&#9;&#9;&#9;&#9;else if(regicide.piece.getClass() == Knight.class) {&#10;&#9;&#9;&#9;&#9;&#9;&#9;isValid = validateKnightMove(regicide, board);&#10;&#9;&#9;&#9;&#9;&#9;}&#10;&#9;&#9;&#9;&#9;&#9;else if(regicide.piece.getClass() == King.class) {&#10;&#9;&#9;&#9;&#9;&#9;&#9;isValid = validateKingMove(regicide, board);&#10;&#9;&#9;&#9;&#9;&#9;}&#10;&#9;&#9;&#9;&#9;&#9;if (isValid) {&#10;&#9;&#9;&#9;&#9;&#9;&#9;return true;&#10;&#9;&#9;&#9;&#9;&#9;}&#10;&#9;&#9;&#9;&#9;}&#10;&#9;&#9;&#9;}&#10;&#9;&#9;}&#10;&#10;&#9;&#9;return false;&#10;&#9;}&#10;&#10;&#9;/**&#10;&#9; * Called before every move, checks for stalemate and ends the game accordingly.&#10;&#9; */&#10;&#9;public boolean checkForStalemate(Player activePlayer, Board board) {&#10;&#9;&#9;//Check all pieces for a valid move, to start with the player doesn't need to move his King.&#10;&#9;&#9;Tile kingTile = null;&#10;&#10;&#9;&#9;for (Tile tile : board.listOfTiles) {&#10;&#9;&#9;&#9;if (tile.piece != null) {&#10;&#9;&#9;&#9;&#9;if (tile.piece.owner == activePlayer) {&#10;&#9;&#9;&#9;&#9;&#9;Move exMove = new Move();&#10;&#9;&#9;&#9;&#9;&#9;exMove.activePlayer = tile.piece.owner;&#10;&#9;&#9;&#9;&#9;&#9;exMove.startPosition = tile;&#10;&#9;&#9;&#9;&#9;&#9;exMove.piece = tile.piece;&#10;&#9;&#9;&#9;&#9;&#9;if(tile.piece.getClass() == King.class) {&#10;&#9;&#9;&#9;&#9;&#9;&#9;kingTile = tile;&#10;&#9;&#9;&#9;&#9;&#9;}&#10;&#9;&#9;&#9;&#9;&#9;for (Tile endTile : board.listOfTiles) {&#10;&#9;&#9;&#9;&#9;&#9;&#9;exMove.endPosition = endTile;&#10;&#9;&#9;&#9;&#9;&#9;&#9;boolean isValid = false;&#10;&#9;&#9;&#9;&#9;&#9;&#9;if(exMove.piece.getClass() == Pawn.class) {&#10;&#9;&#9;&#9;&#9;&#9;&#9;&#9;isValid = validatePawnMove(exMove, board);&#10;&#9;&#9;&#9;&#9;&#9;&#9;}&#10;&#9;&#9;&#9;&#9;&#9;&#9;else if(exMove.piece.getClass() == Bishop.class) {&#10;&#9;&#9;&#9;&#9;&#9;&#9;&#9;isValid = validateBishopMove(exMove, board);&#10;&#9;&#9;&#9;&#9;&#9;&#9;}&#10;&#9;&#9;&#9;&#9;&#9;&#9;else if(exMove.piece.getClass() == Queen.class) {&#10;&#9;&#9;&#9;&#9;&#9;&#9;&#9;isValid = validateQueenMove(exMove, board);&#10;&#9;&#9;&#9;&#9;&#9;&#9;}&#10;&#9;&#9;&#9;&#9;&#9;&#9;else if(exMove.piece.getClass() == Rook.class) {&#10;&#9;&#9;&#9;&#9;&#9;&#9;&#9;isValid = validateRookMove(exMove, board);&#10;&#9;&#9;&#9;&#9;&#9;&#9;}&#10;&#9;&#9;&#9;&#9;&#9;&#9;else if(exMove.piece.getClass() == Knight.class) {&#10;&#9;&#9;&#9;&#9;&#9;&#9;&#9;isValid = validateKnightMove(exMove, board);&#10;&#9;&#9;&#9;&#9;&#9;&#9;}&#10;&#9;&#9;&#9;&#9;&#9;&#9;if (isValid) {&#10;&#9;&#9;&#9;&#9;&#9;&#9;&#9;return false;&#10;&#9;&#9;&#9;&#9;&#9;&#9;}&#10;&#9;&#9;&#9;&#9;&#9;}&#10;&#9;&#9;&#9;&#9;}&#10;&#9;&#9;&#9;}&#10;&#9;&#9;}&#10;&#10;&#9;&#9;//Has no valid moves other than potentially the king.&#10;&#9;&#9;if(kingTile == null) { //player has no king, no king and no valid moves = stalemate.&#10;&#9;&#9;&#9;return true;&#10;&#9;&#9;}&#10;&#10;&#9;&#9;//Loop through all the potential moved for the king, and check if the player is in check for each of them.&#10;&#9;&#9;Move exMove = new Move();&#10;&#9;&#9;exMove.activePlayer = activePlayer;&#10;&#9;&#9;exMove.startPosition = kingTile;&#10;&#9;&#9;exMove.piece = kingTile.piece;&#10;&#10;&#9;&#9;for (Tile endTile : board.listOfTiles) {&#10;&#9;&#9;&#9;exMove.endPosition = endTile;&#10;&#9;&#9;&#9;if(!validateKingMove(exMove, board)) {&#10;&#9;&#9;&#9;&#9;continue;&#10;&#9;&#9;&#9;}&#10;&#9;&#9;&#9;//is a valid move for the king. Perform the move on a fake board and check for check.&#10;&#9;&#9;&#9;Board newBoard = new Board(board);&#9;&#10;&#9;&#9;&#9;newBoard.tiles[endTile.xCord][endTile.yCord].piece = new King(activePlayer);&#10;&#9;&#9;&#9;newBoard.tiles[kingTile.xCord][kingTile.yCord].piece = null;&#10;&#10;&#9;&#9;&#9;if(!CheckForCheck(activePlayer.opponent, newBoard)) { //opponent doesn't have them in check after the move&#10;&#9;&#9;&#9;&#9;return false;&#10;&#9;&#9;&#9;}&#10;&#9;&#9;}&#10;&#10;&#9;&#9;return true;&#10;&#9;}&#10;&#10;&#9;/**&#10;&#9; * Gives the stalemate message based on which player was put into stalemate.&#10;&#9; * @param activePlayer - The player who's turn it currently is.&#10;&#9; * @return true if the current player was just put into stalemate, false if they weren't&#10;&#9; */&#10;&#9;public String getStalemateMessage(Player activePlayer) {&#10;&#9;&#9;return this.stalemateMessage + &quot; &quot; + activePlayer.color + &quot; wins&quot;;&#10;&#9;}&#10;}&#10;" Filename="TakeAllChess.java" Intrnl_Id="5"/>
<SrcFile Content=" package game;&#10;&#10; &#10; /**&#10;  * Rules contains custom starting positions and custom move validation for each piece &#10;  */&#10;public class Rules {&#10;&#9;public String stalemateMessage;&#10;&#9;&#9;&#10;&#9;public Rules() {&#10;&#9;&#9;&#10;&#9;}&#10;&#9;&#10;&#9;/**&#10;&#9; * Creates a newly set up board&#10;&#9; * @return The game board with pieces in starting positions&#10;&#9; */&#10;&#9;public Board SetStartingPositions(Player white, Player black) {&#10;&#9;&#9;return null;&#10;&#9;}&#10;&#9;&#10;&#9;/**&#10;&#9; * Returns the validity of a move&#10;&#9; * @return:&#10;&#9; * 0 - move is valid&#10;&#9; * 1 - Move doesn't align with the rules for that piece types allowed movement&#10;&#9; * 2 - Movement puts the user in check&#10;&#9; * 3 - A kill is possible at another spot on the board but the user is moving to not kill&#10;&#9;*/&#10;&#9;public int ValidateMove(Move move, Board board)&#10;&#9;{&#10;&#9;&#9;return 1;&#10;&#9;}&#10;&#9;&#10;&#9;/**&#10;&#9; * Allows rules to have control over what happens after a move&#10;&#9; * @param activePlayer &#9;&#9;&#9;- reference to the player whos turn it is&#10;&#9; * @param board &#9;&#9;&#9;&#9;- reference to the game board&#10;&#9; * @param move&#9;&#9;&#9;&#9;&#9;- reference to the move project&#10;&#9; * @return MoveCompleteResult&#9;- result of the last move, whether it ends the game and who wins&#10;&#9; */&#10;&#9;public MoveCompleteResult ruleCompleteMove(Player activePlayer, Board board, Move move){&#10;&#9;&#9;return new MoveCompleteResult(false);&#10;&#9;}&#10;&#9;&#10;&#9;/**&#10;&#9; * Allows rules to have control over what happens after a move&#10;&#9; * @param board &#9;&#9;&#9;&#9;- reference to the game board&#10;&#9; * @param move&#9;&#9;&#9;&#9;&#9;- reference to the move project&#10;&#9; * @return MoveCompleteResult&#9;- result of the last move, whether it ends the game and who wins&#10;&#9; */&#10;&#9;public MoveCompleteResult ruleCompleteMove(Board board, Move move){&#10;&#9;&#9;return new MoveCompleteResult(false);&#10;&#9;}&#10;&#9;&#10;&#9;/**&#10;&#9; * Called after every move in classic and peasants revolt. Checks if the move a player just submitted puts them self into check&#10;&#9; * @return false - move given puts the active player in check, true - the move is valid, it doesn't put the active player in check.&#10;&#9; */&#10;&#9;private boolean validateBoardState(Move move, Board board) {&#10;&#9;&#9;return false;&#10;&#9;}&#10;&#9;&#10;&#9;/**&#10;&#9; * Called when a pawn gets to the far side of the board. Gets the choice of piece from teh user and changes the piece accordingly.&#10;&#9; */&#10;&#9;public void getPawnPromotionInput(Board board, Move move) {&#10;&#9;&#9;&#10;&#9;}&#10;&#9;&#10;&#9;/**&#10;&#9; * Called before every move, checks for stalemate and ends the game accordingly.&#10;&#9; */&#10;&#9;public boolean checkForStalemate(Player activePlayer, Board board) {&#10;&#9;&#9;return false;&#10;&#9;}&#10;&#9;&#10;&#9;/**&#10;&#9; * Gives the stalemate message based on which player was put into stalemate.&#10;&#9; * @param activePlayer - The player who's turn it currently is.&#10;&#9; * @return true if the current player was just put into stalemate, false if they weren't&#10;&#9; */&#10;&#9;public String getStalemateMessage(Player activePlayer) {&#10;&#9;&#9;return this.stalemateMessage;&#10;&#9;}&#10;&#9;&#10;&#9;public boolean CheckForCheck(Player activePlayer, Board board) {&#10;&#9;&#9;return false;&#10;&#9;}&#10;&#9;&#10;}&#10;" Filename="Rules.java" Intrnl_Id="6"/>
<SrcFile Content="package game;&#10;&#10;/**&#10; * Extends Piece and uses a letter to represent the value&#10; */&#10;public class Rook extends Piece {&#10;&#9;public Rook (Player owner) {&#10;&#9;&#9;super(owner);&#10;&#9;}&#10;&#10;&#9;/**&#10;&#9; * returns the letter that represents the piece for the color they are on&#10;&#9; */&#10;&#9;public String toString() {&#10;&#9;&#9;if (owner.color.equals(&quot;White&quot;)) {&#10;&#9;&#9;&#9;return &quot;R&quot;;&#10;&#9;&#9;}&#10;&#9;&#9;return &quot;r&quot;;&#10;&#9;&#9;&#10;&#9;}&#10;}" Filename="Rook.java" Intrnl_Id="7"/>
<SrcFile Content="package game;&#10;&#10;/**&#10; * Extends Piece and uses a letter to represent the value&#10; */&#10;public class Queen extends Piece {&#10;&#9;public Queen (Player owner) {&#10;&#9;&#9;super(owner);&#10;&#9;}&#10;&#10;&#9;/**&#10;&#9; * returns the letter that represents the piece for the color they are on&#10;&#9; */&#10;&#9;public String toString() {&#10;&#9;&#9;if (owner.color.equals(&quot;White&quot;)) {&#10;&#9;&#9;&#9;return &quot;Q&quot;;&#10;&#9;&#9;}&#10;&#9;&#9;return &quot;q&quot;;&#10;&#9;&#9;&#10;&#9;}&#10;}" Filename="Queen.java" Intrnl_Id="8"/>
<SrcFile Content="package game;&#10;&#10;/**&#10; * Container that has a reference to the player's color and opponent&#10; */&#10;public class Player {&#10;&#9;&#10;&#9;// &quot;White&quot; or &quot;Black&quot;&#10;&#9;public String color;&#10;&#9;public Player opponent = null;&#10;&#9;&#10;&#9;public String toString() {&#10;&#9;&#9;return color;&#10;&#9;}&#10;&#10;}&#10;" Filename="Player.java" Intrnl_Id="9"/>
<SrcFile Content="package game;&#10;&#10;/**&#10; * Generic Piece class that is extended by each individual game piece (Bishop, King, Knight, Pawn, Queen, Rook).&#10; * Contains a reference to the player and a variable for if it has moved.&#10; */&#10;public class Piece {&#10;&#9;&#10;&#9;public Player owner = null;&#10;&#9;public Boolean hasMoved = false;&#10;&#9;&#10;&#9;public Piece(Player owner) {&#10;&#9;&#9;this.owner = owner;&#10;&#9;}&#10;&#9;&#10;&#10;}" Filename="Piece.java" Intrnl_Id="10"/>
<SrcFile Content="package game;&#10;import java.io.*;&#10;&#10;/**&#10; * &#10; * This is the class that represents the game mode of Peasants Revolt. The class contains the rules for validating moves and checking boardstate (e.g. check, checkmate, etc.).&#10; *&#10; */&#10;public class PeasantsRevoltChess extends Rules {&#10;&#10;&#9;public PeasantsRevoltChess() {&#10;&#9;&#9;super();&#10;&#10;&#9;&#9;this.stalemateMessage = &quot;No valid moves available, game ends in a stalemate.&quot;;&#10;&#9;}&#10;&#10;&#9;/**&#10;&#9; * &#10;&#9; */&#10;&#9;public Board SetStartingPositions(Player white, Player black) {&#10;&#10;&#9;&#9;Board board = new Board(8,8);&#10;&#10;&#9;&#9;board.AddPiece(new Pawn(white), 0, 1);&#10;&#9;&#9;board.AddPiece(new Pawn(white), 1, 1);&#10;&#9;&#9;board.AddPiece(new Pawn(white), 2, 1);&#10;&#9;&#9;board.AddPiece(new Pawn(white), 3, 1);&#10;&#9;&#9;board.AddPiece(new Pawn(white), 4, 1);&#10;&#9;&#9;board.AddPiece(new Pawn(white), 5, 1);&#10;&#9;&#9;board.AddPiece(new Pawn(white), 6, 1);&#10;&#9;&#9;board.AddPiece(new Pawn(white), 7, 1);&#10;&#9;&#9;board.AddPiece(new King(white), 4, 0);&#10;&#9;&#9;&#10;&#9;&#9;board.AddPiece(new Pawn(black), 4, 6);&#10;&#9;&#9;board.AddPiece(new Knight(black), 1, 7);&#10;&#9;&#9;board.AddPiece(new Knight(black), 2, 7);&#10;&#9;&#9;board.AddPiece(new King(black), 4, 7);&#10;&#9;&#9;board.AddPiece(new Knight(black), 5, 7);&#10;&#9;&#9;board.AddPiece(new Knight(black), 6, 7);&#10;&#10;&#9;&#9;return board;&#10;&#9;}&#10;&#10;&#9;/**&#10;&#9; * This method verifies the move is valid for the specified piece.&#10;&#9; * @param move The suggested move inputed by the player.&#10;&#9; * @param board The board in its current state&#10;&#9; * @return true if it's a valid move, false if invalid&#10;&#9; */&#10;&#9;public boolean validatePawnMove(Move move, Board board)&#10;&#9;{&#10;&#9;&#9;// get direction it can go in&#10;&#9;&#9;int direction = -1;&#10;&#10;&#9;&#9;// white on top&#10;&#9;&#9;if(move.activePlayer.color.equals(&quot;White&quot;)) {&#10;&#9;&#9;&#9;direction = 1;&#10;&#9;&#9;}&#10;&#10;&#9;&#9;int yDifference = move.endPosition.yCord - move.startPosition.yCord;&#10;&#9;&#9;int xDifference = Math.abs(move.endPosition.xCord - move.startPosition.xCord);&#10;&#9;&#9;if(yDifference == direction) {&#10;&#9;&#9;&#9;// pawn is moving straight by 1 space&#10;&#9;&#9;&#9;if(xDifference == 0) {&#10;&#9;&#9;&#9;&#9;// if there is no piece ahead, it's valid&#10;&#9;&#9;&#9;&#9;if(move.endPosition.piece == null) {&#10;&#9;&#9;&#9;&#9;&#9;return true;&#10;&#9;&#9;&#9;&#9;}&#10;&#9;&#9;&#9;&#9;else {&#10;&#9;&#9;&#9;&#9;&#9;return false;&#10;&#9;&#9;&#9;&#9;}&#10;&#9;&#9;&#9;}&#10;&#9;&#9;&#9;// pawn is moving diagonal by 1 space&#10;&#9;&#9;&#9;else if(xDifference == 1) {&#10;&#9;&#9;&#9;&#9;// can't move diagonal without a piece&#10;&#9;&#9;&#9;&#9;if(move.endPosition.piece == null) {&#10;&#9;&#9;&#9;&#9;&#9;//checking if the piece adjacent to the pawn moving was a pawn and had done a double jump the last turn (checking condition for En Passant)&#10;&#9;&#9;&#9;&#9;&#9;if(board.tiles[move.endPosition.xCord][move.startPosition.yCord].piece != null){&#10;&#9;&#9;&#9;&#9;&#9;&#9;if(board.tiles[move.endPosition.xCord][move.startPosition.yCord].piece.getClass() == Pawn.class){&#10;&#9;&#9;&#9;&#9;&#9;&#9;&#9;Pawn p = (Pawn)board.tiles[move.endPosition.xCord][move.startPosition.yCord].piece;&#10;&#9;&#9;&#9;&#9;&#9;&#9;&#9;if(p.lastMoveJump == true &amp;&amp; p.owner != move.activePlayer){&#10;&#9;&#9;&#9;&#9;&#9;&#9;&#9;&#9;board.tiles[move.endPosition.xCord][move.startPosition.yCord].piece = null;&#10;&#9;&#9;&#9;&#9;&#9;&#9;&#9;&#9;return true;&#10;&#9;&#9;&#9;&#9;&#9;&#9;&#9;}&#10;&#9;&#9;&#9;&#9;&#9;&#9;}&#10;&#9;&#9;&#9;&#9;&#9;}&#10;&#9;&#9;&#9;&#9;&#9;return false;&#10;&#9;&#9;&#9;&#9;}&#10;&#9;&#9;&#9;&#9;// can only move diagonal if the piece is owned by the other player&#10;&#9;&#9;&#9;&#9;else if(move.endPosition.piece.owner != move.activePlayer) {&#10;&#9;&#9;&#9;&#9;&#9;return true;&#10;&#9;&#9;&#9;&#9;}&#10;&#9;&#9;&#9;}&#10;&#9;&#9;}&#10;&#9;&#9;else if(move.piece.hasMoved == false &amp;&amp; yDifference == direction * 2 &amp;&amp; xDifference == 0) {&#10;&#9;&#9;&#9;// double jump for first move&#10;&#9;&#9;&#9;//checking that the final position is empty (does not contain a piece) and that the space in between is also empty.&#10;&#9;&#9;&#9;if(move.endPosition.piece == null &amp;&amp; board.tiles[move.startPosition.xCord][move.startPosition.yCord + direction].piece == null) {&#10;&#9;&#9;&#9;&#9;return true;&#10;&#9;&#9;&#9;}&#10;&#9;&#9;&#9;else {&#10;&#9;&#9;&#9;&#9;return false;&#10;&#9;&#9;&#9;}&#10;&#9;&#9;}&#10;&#9;&#9;return false;&#10;&#9;}&#10;&#10;&#9;/**&#10;&#9; * This method verifies the move is valid for the specified piece.&#10;&#9; * @param move The suggested move inputed by the player.&#10;&#9; * @param board The board in its current state&#10;&#9; * @return true if it's a valid move, false if invalid&#10;&#9; */&#10;&#9;public boolean validateQueenMove(Move move, Board board)&#10;&#9;{&#10;&#9;&#9;// check what the move way is, horizontal or diagonal&#10;&#9;&#9;int xDiff = Math.abs(move.startPosition.xCord - move.endPosition.xCord);&#10;&#9;&#9;int yDiff = Math.abs(move.startPosition.yCord - move.endPosition.yCord);&#10;&#10;&#9;&#9;// if it attacks the same team&#10;&#9;&#9;if(move.endPosition.piece != null &amp;&amp; move.endPosition.piece.owner == move.activePlayer) {&#10;&#9;&#9;&#9;return false;&#10;&#9;&#9;}&#10;&#10;&#9;&#9;int xDir = 1;&#10;&#9;&#9;int yDir = 1;&#10;&#10;&#9;&#9;// moving left&#10;&#9;&#9;if(move.startPosition.xCord - move.endPosition.xCord &gt; 0) {&#10;&#9;&#9;&#9;xDir = -1;&#10;&#9;&#9;}&#10;&#9;&#9;// moving up&#10;&#9;&#9;if(move.startPosition.yCord - move.endPosition.yCord &gt; 0) {&#10;&#9;&#9;&#9;yDir = -1;&#10;&#9;&#9;}&#10;&#10;&#9;&#9;// diagonal movement&#10;&#9;&#9;if(xDiff == yDiff) {&#10;&#9;&#9;&#9;for(int i=1; i &lt; yDiff; i++ ) {&#10;&#9;&#9;&#9;&#9;Tile t = board.tiles[move.startPosition.xCord + (xDir * i)][move.startPosition.yCord + (yDir * i)];&#10;&#9;&#9;&#9;&#9;if(t.piece != null) {&#10;&#9;&#9;&#9;&#9;&#9;return false;&#10;&#9;&#9;&#9;&#9;}&#10;&#9;&#9;&#9;}&#10;&#9;&#9;&#9;return true;&#10;&#9;&#9;}&#10;&#9;&#9;// horizontal movement&#10;&#9;&#9;else if(yDiff == 0) {&#10;&#9;&#9;&#9;for(int i=1; i &lt; xDiff; i++ ) {&#10;&#9;&#9;&#9;&#9;Tile t = board.tiles[move.startPosition.xCord + (xDir * i)][move.startPosition.yCord];&#10;&#9;&#9;&#9;&#9;if(t.piece != null) {&#10;&#9;&#9;&#9;&#9;&#9;return false;&#10;&#9;&#9;&#9;&#9;}&#10;&#9;&#9;&#9;}&#10;&#9;&#9;&#9;return true;&#10;&#9;&#9;}&#10;&#9;&#9;// vertical movement&#10;&#9;&#9;else if(xDiff == 0) {&#10;&#9;&#9;&#9;for(int i=1; i &lt; yDiff; i++ ) {&#10;&#9;&#9;&#9;&#9;Tile t = board.tiles[move.startPosition.xCord][move.startPosition.yCord + (yDir * i)];&#10;&#9;&#9;&#9;&#9;if(t.piece != null) {&#10;&#9;&#9;&#9;&#9;&#9;return false;&#10;&#9;&#9;&#9;&#9;}&#10;&#9;&#9;&#9;}&#10;&#9;&#9;&#9;return true;&#10;&#9;&#9;}&#10;&#10;&#9;&#9;return false;&#10;&#9;}&#10;&#10;&#9;/**&#10;&#9; * This method verifies the move is valid for the specified piece.&#10;&#9; * @param move The suggested move inputed by the player.&#10;&#9; * @param board The board in its current state&#10;&#9; * @return true if it's a valid move, false if invalid&#10;&#9; */&#10;&#9;public boolean validateBishopMove(Move move, Board board)&#10;&#9;{&#10;&#9;&#9;// check what the move way is, horizontal or diagonal&#10;&#9;&#9;int xDiff = Math.abs(move.startPosition.xCord - move.endPosition.xCord);&#10;&#9;&#9;int yDiff = Math.abs(move.startPosition.yCord - move.endPosition.yCord);&#10;&#10;&#9;&#9;// if it attacks the same team&#10;&#9;&#9;if(move.endPosition.piece != null &amp;&amp; move.endPosition.piece.owner == move.activePlayer) {&#10;&#9;&#9;&#9;return false;&#10;&#9;&#9;}&#10;&#10;&#9;&#9;// diagonal movement&#10;&#9;&#9;if(xDiff == yDiff) {&#10;&#9;&#9;&#9;int xDir = 1;&#10;&#9;&#9;&#9;int yDir = 1;&#10;&#10;&#9;&#9;&#9;// moving left&#10;&#9;&#9;&#9;if(move.startPosition.xCord - move.endPosition.xCord &gt; 0) {&#10;&#9;&#9;&#9;&#9;xDir = -1;&#10;&#9;&#9;&#9;}&#10;&#9;&#9;&#9;// moving up&#10;&#9;&#9;&#9;if(move.startPosition.yCord - move.endPosition.yCord &gt; 0) {&#10;&#9;&#9;&#9;&#9;yDir = -1;&#10;&#9;&#9;&#9;}&#10;&#10;&#9;&#9;&#9;for(int i=1; i &lt; yDiff; i++ ) {&#10;&#9;&#9;&#9;&#9;Tile t = board.tiles[move.startPosition.xCord + (xDir * i)][move.startPosition.yCord + (yDir * i)];&#10;&#9;&#9;&#9;&#9;if(t.piece != null) {&#10;&#9;&#9;&#9;&#9;&#9;return false;&#10;&#9;&#9;&#9;&#9;}&#10;&#9;&#9;&#9;}&#10;&#9;&#9;&#9;return true;&#10;&#9;&#9;}&#10;&#10;&#9;&#9;return false;&#10;&#9;}&#10;&#10;&#9;/**&#10;&#9; * This method verifies the move is valid for the specified piece.&#10;&#9; * @param move The suggested move inputed by the player.&#10;&#9; * @param board The board in its current state&#10;&#9; * @return true if it's a valid move, false if invalid&#10;&#9; */&#10;&#9;public boolean validateRookMove(Move move, Board board)&#10;&#9;{&#10;&#9;&#9;// check what the move way is, horizontal or diagonal&#10;&#9;&#9;int xDiff = Math.abs(move.startPosition.xCord - move.endPosition.xCord);&#10;&#9;&#9;int yDiff = Math.abs(move.startPosition.yCord - move.endPosition.yCord);&#10;&#10;&#9;&#9;// if it attacks the same team&#10;&#9;&#9;if(move.endPosition.piece != null &amp;&amp; move.endPosition.piece.owner == move.activePlayer) {&#10;&#9;&#9;&#9;return false;&#10;&#9;&#9;}&#10;&#10;&#9;&#9;int xDir = 1;&#10;&#9;&#9;int yDir = 1;&#10;&#10;&#9;&#9;// moving left&#10;&#9;&#9;if(move.startPosition.xCord - move.endPosition.xCord &gt; 0) {&#10;&#9;&#9;&#9;xDir = -1;&#10;&#9;&#9;}&#10;&#9;&#9;// moving up&#10;&#9;&#9;if(move.startPosition.yCord - move.endPosition.yCord &gt; 0) {&#10;&#9;&#9;&#9;yDir = -1;&#10;&#9;&#9;}&#10;&#10;&#9;&#9;// vertical movement&#10;&#9;&#9;if(xDiff == 0) {&#10;&#9;&#9;&#9;for(int i=1; i &lt; yDiff; i++ ) {&#10;&#10;&#9;&#9;&#9;&#9;Tile t = board.tiles[move.startPosition.xCord][move.startPosition.yCord + (yDir * i)];&#10;&#9;&#9;&#9;&#9;if(t.piece != null) {&#10;&#9;&#9;&#9;&#9;&#9;return false;&#10;&#9;&#9;&#9;&#9;}&#10;&#9;&#9;&#9;}&#10;&#9;&#9;&#9;return true;&#10;&#9;&#9;}&#10;&#9;&#9;// horizontal movement&#10;&#9;&#9;else if(yDiff == 0) {&#10;&#9;&#9;&#9;for(int i=1; i &lt; xDiff; i++ ) {&#10;&#9;&#9;&#9;&#9;Tile t = board.tiles[move.startPosition.xCord + (xDir * i)][move.startPosition.yCord];&#10;&#9;&#9;&#9;&#9;if(t.piece != null) {&#10;&#9;&#9;&#9;&#9;&#9;return false;&#10;&#9;&#9;&#9;&#9;}&#10;&#9;&#9;&#9;}&#10;&#9;&#9;&#9;return true;&#10;&#9;&#9;}&#10;&#10;&#9;&#9;return false;&#10;&#9;}&#10;&#10;&#9;/**&#10;&#9; * This method verifies the move is valid for the specified piece.&#10;&#9; * @param move The suggested move inputed by the player.&#10;&#9; * @param board The board in its current state&#10;&#9; * @return true if it's a valid move, false if invalid&#10;&#9; */&#10;&#9;public boolean validateKnightMove(Move move, Board board)&#10;&#9;{&#10;&#9;&#9;// if it attacks the same team&#10;&#9;&#9;if(move.endPosition.piece != null &amp;&amp; move.endPosition.piece.owner == move.activePlayer) {&#10;&#9;&#9;&#9;return false;&#10;&#9;&#9;}&#10;&#10;&#9;&#9;// check what the move way is, horizontal or diagonal&#10;&#9;&#9;int xDiff = Math.abs(move.startPosition.xCord - move.endPosition.xCord);&#10;&#9;&#9;int yDiff = Math.abs(move.startPosition.yCord - move.endPosition.yCord);&#10;&#10;&#10;&#9;&#9;if(yDiff == 2 &amp;&amp; xDiff == 1) {&#10;&#9;&#9;&#9;return true;&#10;&#9;&#9;}&#10;&#9;&#9;else if(yDiff == 1 &amp;&amp; xDiff == 2) {&#10;&#9;&#9;&#9;return true;&#10;&#9;&#9;}&#10;&#10;&#9;&#9;return false;&#10;&#9;}&#10;&#10;&#9;/**&#10;&#9; * This method verifies the move is valid for the specified piece.&#10;&#9; * @param move The suggested move inputed by the player.&#10;&#9; * @param board The board in its current state&#10;&#9; * @return true if it's a valid move, false if invalid&#10;&#9; */&#10;&#9;public boolean validateKingMove(Move move, Board board)&#10;&#9;{&#10;&#9;&#9;// if it attacks the same team&#10;&#9;&#9;if(move.endPosition.piece != null &amp;&amp; move.endPosition.piece.owner == move.activePlayer) {&#10;&#9;&#9;&#9;return false;&#10;&#9;&#9;}&#10;&#10;&#9;&#9;// check what the move way is, horizontal or diagonal&#10;&#9;&#9;int xDiff = Math.abs(move.startPosition.xCord - move.endPosition.xCord);&#10;&#9;&#9;int yDiff = Math.abs(move.startPosition.yCord - move.endPosition.yCord);&#10;&#10;&#10;&#9;&#9;if(yDiff &lt;= 1 &amp;&amp; xDiff &lt;= 1) {&#10;&#9;&#9;&#9;return true;&#10;&#9;&#9;}&#10;&#9;&#9;// the king is attempting to castle&#10;&#9;&#9;else if(xDiff == 2) {&#10;&#9;&#9;&#9;// can't castle if the king has moved&#10;&#9;&#9;&#9;if(move.piece.hasMoved == true) {&#10;&#9;&#9;&#9;&#9;return false;&#10;&#9;&#9;&#9;}&#10;&#9;&#9;&#9;int startXCord = move.startPosition.xCord;&#10;&#9;&#9;&#9;int startYCord = move.startPosition.yCord;&#10;&#10;&#9;&#9;&#9;// check right rook&#10;&#9;&#9;&#9;if(move.startPosition.xCord &lt; move.endPosition.xCord) {&#10;&#9;&#9;&#9;&#9;// if a piece isn't there, if it has moved, or if it isn't a rook, it doesn't pass&#10;&#9;&#9;&#9;&#9;if(board.tiles[7][startYCord].piece == null || board.tiles[7][startYCord].piece.hasMoved == true || board.tiles[7][startYCord].piece.getClass() != Rook.class) {&#10;&#9;&#9;&#9;&#9;&#9;return false;&#10;&#9;&#9;&#9;&#9;}&#10;&#10;&#9;&#9;&#9;&#9;// if there are no pieces inbetween&#10;&#9;&#9;&#9;&#9;if(board.tiles[startXCord + 1][startYCord].piece == null &amp;&amp; board.tiles[startXCord + 2][startYCord].piece == null) {&#10;&#9;&#9;&#9;&#9;&#9;board.tiles[startXCord + 1][startYCord].piece = board.tiles[7][startYCord].piece;&#10;&#9;&#9;&#9;&#9;&#9;board.tiles[7][startYCord].piece = null;&#10;&#9;&#9;&#9;&#9;&#9;return true;&#10;&#9;&#9;&#9;&#9;}&#10;&#9;&#9;&#9;}&#10;&#9;&#9;&#9;// check left rook&#10;&#9;&#9;&#9;else {&#10;&#9;&#9;&#9;&#9;// if a piece isn't there, if it has moved, or if it isn't a rook, it doesn't pass&#10;&#9;&#9;&#9;&#9;if(board.tiles[0][startYCord].piece == null || board.tiles[0][startYCord].piece.hasMoved == true || board.tiles[0][startYCord].piece.getClass() != Rook.class) {&#10;&#9;&#9;&#9;&#9;&#9;return false;&#10;&#9;&#9;&#9;&#9;}&#10;&#10;&#9;&#9;&#9;&#9;// if there are no pieces inbetween&#10;&#9;&#9;&#9;&#9;if(board.tiles[startXCord - 1][startYCord].piece == null &amp;&amp; board.tiles[startXCord - 2][startYCord].piece == null &amp;&amp; board.tiles[startXCord - 3][startYCord].piece == null) {&#10;&#9;&#9;&#9;&#9;&#9;board.tiles[startXCord - 1][startYCord].piece = board.tiles[0][startYCord].piece;&#10;&#9;&#9;&#9;&#9;&#9;board.tiles[0][startYCord].piece = null;&#10;&#9;&#9;&#9;&#9;&#9;return true;&#10;&#9;&#9;&#9;&#9;}&#10;&#9;&#9;&#9;}&#10;&#9;&#9;}&#10;&#10;&#9;&#9;return false;&#10;&#9;}&#10;&#10;&#9;/**&#10;&#9; * This method verifies the move is valid for all pieces. It does this by calling the specific method for each piece, as well as calling the method to check for boardstate.&#10;&#9; * @param move The suggested move inputed by the player.&#10;&#9; * @param board The board in its current state&#10;&#9; * @return true if it's a valid move, false if invalid&#10;&#9; */&#10;&#9;public int ValidateMove(Move move, Board board)&#10;&#9;{&#10;&#9;&#9;int isValid = 1;&#10;&#10;&#9;&#9;if(move.piece.getClass() == Pawn.class) {&#10;&#9;&#9;&#9;isValid = (validatePawnMove(move, board) == true) ? 0 : 1;&#10;&#9;&#9;}&#10;&#9;&#9;else if(move.piece.getClass() == Bishop.class) {&#10;&#9;&#9;&#9;isValid = (validateBishopMove(move, board) == true) ? 0 : 1;&#10;&#9;&#9;}&#10;&#9;&#9;else if(move.piece.getClass() == Queen.class) {&#10;&#9;&#9;&#9;isValid = (validateQueenMove(move, board) == true) ? 0 : 1;&#10;&#9;&#9;}&#10;&#9;&#9;else if(move.piece.getClass() == Rook.class) {&#10;&#9;&#9;&#9;isValid = (validateRookMove(move, board) == true) ? 0 : 1;&#10;&#9;&#9;}&#10;&#9;&#9;else if(move.piece.getClass() == Knight.class) {&#10;&#9;&#9;&#9;isValid = (validateKnightMove(move, board) == true) ? 0 : 1;&#10;&#9;&#9;}&#10;&#9;&#9;else if(move.piece.getClass() == King.class) {&#10;&#9;&#9;&#9;isValid = (validateKingMove(move, board) == true) ? 0 : 1;&#10;&#9;&#9;}&#10;&#10;&#9;&#9;if(isValid == 1) {&#10;&#9;&#9;&#9;View.setErrorMessage(&quot;Illegally inputted move, piece can't move in the specified manner.&quot;);&#10;&#9;&#9;}&#10;&#10;&#9;&#9;isValid = validateBoardState(move, board) ? isValid : 2;&#10;&#9;&#9;if(isValid == 2) {&#10;&#9;&#9;&#9;View.setErrorMessage(&quot;Move puts the King in check&quot;);&#10;&#9;&#9;}&#10;&#10;&#9;&#9;return isValid;&#10;&#9;}&#10;&#10;&#9;/**&#10;&#9; * This method is used to check if the player is going to be placed into check by making the move.&#10;&#9; * @param activePlayer - what player you want to check if has their opponent in check&#10;&#9; * @param board - the board you want to check for check on.&#10;&#9; * @return true if the active player is in check, false if they are not.&#10;&#9; */&#10;&#9;public boolean CheckForCheck(Player activePlayer, Board board) {&#10;&#10;&#9;&#9;//locate the friendly and enemy kings&#10;&#9;&#9;Tile kingPosition = null;&#10;&#9;&#9;Tile enemyKing = null;&#10;&#9;&#9;for (Tile tile: board.listOfTiles) {&#10;&#9;&#9;&#9;if (tile.piece != null) {&#10;&#9;&#9;&#9;&#9;if (tile.piece.getClass() == King.class &amp;&amp; tile.piece.owner == activePlayer) {&#10;&#9;&#9;&#9;&#9;&#9;kingPosition = tile;&#10;&#9;&#9;&#9;&#9;}&#10;&#9;&#9;&#9;&#9;else if (tile.piece.getClass() == King.class &amp;&amp; tile.piece.owner != activePlayer) {&#10;&#9;&#9;&#9;&#9;&#9;enemyKing = tile;&#10;&#9;&#9;&#9;&#9;}&#10;&#9;&#9;&#9;}&#10;&#9;&#9;}&#10;&#9;&#9;//if (kingPosition == null) { return false; }&#10;&#9;&#9;if (enemyKing == null) { return false; }&#10;&#10;&#9;&#9;//iterate through the active players pieces and tell them to try and kill the friendly king&#10;&#9;&#9;//if they can (legally) then the active player is in check&#10;&#9;&#9;for (Tile tile : board.listOfTiles) {&#10;&#9;&#9;&#9;if (tile.piece != null) {&#10;&#9;&#9;&#9;&#9;if (tile.piece.owner == activePlayer) {&#10;&#9;&#9;&#9;&#9;&#9;//try to kill the king&#10;&#9;&#9;&#9;&#9;&#9;Move regicide = new Move();&#10;&#9;&#9;&#9;&#9;&#9;regicide.activePlayer = tile.piece.owner;&#10;&#9;&#9;&#9;&#9;&#9;regicide.startPosition = tile;&#10;&#9;&#9;&#9;&#9;&#9;regicide.endPosition = enemyKing;&#10;&#9;&#9;&#9;&#9;&#9;regicide.piece = tile.piece;&#10;&#10;&#9;&#9;&#9;&#9;&#9;boolean isValid = false;&#10;&#9;&#9;&#9;&#9;&#9;if(regicide.piece.getClass() == Pawn.class) {&#10;&#9;&#9;&#9;&#9;&#9;&#9;isValid = validatePawnMove(regicide, board);&#10;&#9;&#9;&#9;&#9;&#9;}&#10;&#9;&#9;&#9;&#9;&#9;else if(regicide.piece.getClass() == Bishop.class) {&#10;&#9;&#9;&#9;&#9;&#9;&#9;isValid = validateBishopMove(regicide, board);&#10;&#9;&#9;&#9;&#9;&#9;}&#10;&#9;&#9;&#9;&#9;&#9;else if(regicide.piece.getClass() == Queen.class) {&#10;&#9;&#9;&#9;&#9;&#9;&#9;isValid = validateQueenMove(regicide, board);&#10;&#9;&#9;&#9;&#9;&#9;}&#10;&#9;&#9;&#9;&#9;&#9;else if(regicide.piece.getClass() == Rook.class) {&#10;&#9;&#9;&#9;&#9;&#9;&#9;isValid = validateRookMove(regicide, board);&#10;&#9;&#9;&#9;&#9;&#9;}&#10;&#9;&#9;&#9;&#9;&#9;else if(regicide.piece.getClass() == Knight.class) {&#10;&#9;&#9;&#9;&#9;&#9;&#9;isValid = validateKnightMove(regicide, board);&#10;&#9;&#9;&#9;&#9;&#9;}&#10;&#9;&#9;&#9;&#9;&#9;else if(regicide.piece.getClass() == King.class) {&#10;&#9;&#9;&#9;&#9;&#9;&#9;isValid = validateKingMove(regicide, board);&#10;&#9;&#9;&#9;&#9;&#9;}&#10;&#9;&#9;&#9;&#9;&#9;if (isValid) {&#10;&#9;&#9;&#9;&#9;&#9;&#9;return true;&#10;&#9;&#9;&#9;&#9;&#9;}&#10;&#9;&#9;&#9;&#9;}&#10;&#9;&#9;&#9;}&#10;&#9;&#9;}&#10;&#10;&#9;&#9;return false;&#10;&#9;}&#10;&#10;&#9;/**&#10;&#9; * Checks if a player put themselves into check&#10;&#9; * @param move The suggested move inputed by the player&#10;&#9; * @param board The board in its current state&#10;&#9; * @return false if the move put the active player in check, true if they didn't&#10;&#9; */&#10;&#9;private boolean validateBoardState(Move move, Board board) {&#10;&#10;&#9;&#9;//create deep copies of move and board&#10;&#9;&#9;Board newBoard = new Board(board);&#10;&#9;&#9;Move newMove = new Move(move);&#10;&#10;&#9;&#9;newMove.ConvertToDifferentBoard(newBoard);&#10;&#10;&#9;&#9;//make the suggested move on the fake board&#10;&#9;&#9;newMove.startPosition.piece = null;&#10;&#9;&#9;newMove.endPosition.piece = newMove.piece;&#10;&#10;&#9;&#9;return !CheckForCheck(newMove.activePlayer.opponent, newBoard);&#10;&#10;&#9;}&#10;&#10;&#9;/**&#10;&#9; * Sets the boolean value for last move jump to false every move that occurs.&#10;&#9; * @param activePlayer The current player.&#10;&#9; * @param board The current board.&#10;&#9; */&#10;&#9;public void setLastMoveJump(Player activePlayer, Board board){&#10;&#9;&#9;for(int y = 0; y &lt; board.height; y++) {&#10;&#9;&#9;&#9;for(int x = 0; x &lt; board.width; x++) {&#10;&#9;&#9;&#9;&#9;if (board.tiles[x][y].piece != null) {&#10;&#9;&#9;&#9;&#9;&#9;if(board.tiles[x][y].piece.getClass() == Pawn.class &amp;&amp; board.tiles[x][y].piece.owner == activePlayer){&#10;&#9;&#9;&#9;&#9;&#9;&#9;Pawn p = (Pawn)board.tiles[x][y].piece;&#10;&#9;&#9;&#9;&#9;&#9;&#9;p.lastMoveJump = false;&#10;&#9;&#9;&#9;&#9;&#9;}&#10;&#9;&#9;&#9;&#9;}&#10;&#9;&#9;&#9;}&#10;&#9;&#9;}&#10;&#9;}&#10;&#10;&#10;&#9;/**&#10;&#9; * Checks for special conditions, such as checkmate.&#10;&#9; * @param activePlayer the current player.&#10;&#9; * @param board The current board.&#10;&#9; * @param move The move that just occurred.&#10;&#9; * @return MoveCompleteResult The result of the move occurring.&#10;&#9; */&#10;&#9;public MoveCompleteResult ruleCompleteMove(Player activePlayer, Board board, Move move){&#10;&#9;&#9;setLastMoveJump(activePlayer, board);&#10;&#9;&#9;if(move.piece.getClass() == Pawn.class &amp;&amp; Math.abs(move.startPosition.yCord - move.endPosition.yCord) == 2) {&#10;&#9;&#9;&#9;Pawn p = (Pawn)move.piece;&#10;&#9;&#9;&#9;p.lastMoveJump = true;&#10;&#9;&#9;}else if(move.piece.getClass() == Pawn.class &amp;&amp; move.endPosition.yCord == 7 &amp;&amp; move.piece.owner.color.equals(&quot;White&quot;)) {&#10;&#9;&#9;&#9;getPawnPromotionInput(board, move);&#10;&#9;&#9;}else if(move.piece.getClass() == Pawn.class &amp;&amp; move.endPosition.yCord == 0 &amp;&amp; move.piece.owner.color.equals(&quot;Black&quot;)) {&#10;&#9;&#9;&#9;getPawnPromotionInput(board, move);&#10;&#9;&#9;}&#10;&#10;&#9;&#9;if (CheckForCheck(activePlayer, board)) {&#10;&#10;&#9;&#9;&#9;boolean checkmate = true;&#10;&#9;&#9;&#9;Board newBoard = new Board(board);&#10;&#9;&#9;&#9;Move savingMove = null;&#10;&#10;&#9;&#9;&#9;for (Tile tile: newBoard.listOfTiles) {&#10;&#9;&#9;&#9;&#9;if (checkmate &amp;&amp; tile.piece != null &amp;&amp; tile.piece.owner == activePlayer.opponent) {&#10;&#10;&#9;&#9;&#9;&#9;&#9;for (Tile endPosition: newBoard.listOfTiles) {&#10;&#9;&#9;&#9;&#9;&#9;&#9;savingMove = new Move();&#10;&#9;&#9;&#9;&#9;&#9;&#9;savingMove.activePlayer = activePlayer.opponent;&#10;&#9;&#9;&#9;&#9;&#9;&#9;savingMove.piece = tile.piece;&#10;&#9;&#9;&#9;&#9;&#9;&#9;savingMove.startPosition = tile;&#10;&#9;&#9;&#9;&#9;&#9;&#9;savingMove.endPosition = endPosition;&#10;&#9;&#9;&#9;&#9;&#9;&#9;//System.out.println(&quot;New saving move attempt: &quot; + savingMove.piece + &quot; &quot; + savingMove.startPosition.xCord + &quot;,&quot; + savingMove.startPosition.yCord + &quot;-&quot; + savingMove.endPosition.xCord + &quot;,&quot; + savingMove.endPosition.yCord);&#10;&#10;&#9;&#9;&#9;&#9;&#9;&#9;boolean isValid = false;&#10;&#9;&#9;&#9;&#9;&#9;&#9;if(savingMove.piece.getClass() == Pawn.class) {&#10;&#9;&#9;&#9;&#9;&#9;&#9;&#9;isValid = validatePawnMove(savingMove, newBoard);&#10;&#9;&#9;&#9;&#9;&#9;&#9;}&#10;&#9;&#9;&#9;&#9;&#9;&#9;else if(savingMove.piece.getClass() == Bishop.class) {&#10;&#9;&#9;&#9;&#9;&#9;&#9;&#9;isValid = validateBishopMove(savingMove, newBoard);&#10;&#9;&#9;&#9;&#9;&#9;&#9;}&#10;&#9;&#9;&#9;&#9;&#9;&#9;else if(savingMove.piece.getClass() == Queen.class) {&#10;&#9;&#9;&#9;&#9;&#9;&#9;&#9;isValid = validateQueenMove(savingMove, newBoard);&#10;&#9;&#9;&#9;&#9;&#9;&#9;}&#10;&#9;&#9;&#9;&#9;&#9;&#9;else if(savingMove.piece.getClass() == Rook.class) {&#10;&#9;&#9;&#9;&#9;&#9;&#9;&#9;isValid = validateRookMove(savingMove, newBoard);&#10;&#9;&#9;&#9;&#9;&#9;&#9;}&#10;&#9;&#9;&#9;&#9;&#9;&#9;else if(savingMove.piece.getClass() == Knight.class) {&#10;&#9;&#9;&#9;&#9;&#9;&#9;&#9;isValid = validateKnightMove(savingMove, newBoard);&#10;&#9;&#9;&#9;&#9;&#9;&#9;}&#10;&#9;&#9;&#9;&#9;&#9;&#9;else if(savingMove.piece.getClass() == King.class) {&#10;&#9;&#9;&#9;&#9;&#9;&#9;&#9;isValid = validateKingMove(savingMove, newBoard);&#10;&#9;&#9;&#9;&#9;&#9;&#9;}&#10;&#9;&#9;&#9;&#9;&#9;&#9;//System.out.println(&quot;valid? &quot; + isValid);&#10;&#9;&#9;&#9;&#9;&#9;&#9;if (isValid) {&#10;&#9;&#9;&#9;&#9;&#9;&#9;&#9;Board tempBoard = new Board(newBoard);&#10;&#9;&#9;&#9;&#9;&#9;&#9;&#9;savingMove.ConvertToDifferentBoard(tempBoard);&#10;&#10;&#9;&#9;&#9;&#9;&#9;&#9;&#9;//do the move&#10;&#9;&#9;&#9;&#9;&#9;&#9;&#9;savingMove.startPosition.piece = null;&#10;&#9;&#9;&#9;&#9;&#9;&#9;&#9;savingMove.endPosition.piece = savingMove.piece;&#10;&#10;&#9;&#9;&#9;&#9;&#9;&#9;&#9;//System.out.println(&quot;but does it get us out of check? &quot; + !CheckForCheck(activePlayer, tempBoard));&#10;&#9;&#9;&#9;&#9;&#9;&#9;&#9;if (!CheckForCheck(activePlayer, tempBoard)) {&#10;&#9;&#9;&#9;&#9;&#9;&#9;&#9;&#9;checkmate = false;&#10;&#9;&#9;&#9;&#9;&#9;&#9;&#9;}&#10;&#9;&#9;&#9;&#9;&#9;&#9;}&#10;&#9;&#9;&#9;&#9;&#9;}&#10;&#9;&#9;&#9;&#9;}&#10;&#9;&#9;&#9;}&#10;&#10;&#9;&#9;&#9;if (checkmate) {&#10;&#9;&#9;&#9;&#9;System.out.println(activePlayer + &quot; has put &quot; + activePlayer.opponent + &quot; into checkmate!&quot;);&#10;&#9;&#9;&#9;&#9;MoveCompleteResult moveResult = new MoveCompleteResult(true);&#10;&#9;&#9;&#9;&#9;moveResult.winner = activePlayer;&#10;&#9;&#9;&#9;&#9;return moveResult;&#10;&#9;&#9;&#9;}&#10;&#10;&#9;&#9;&#9;System.out.println(activePlayer + &quot; has put &quot; + activePlayer.opponent + &quot; into check.&quot;);&#10;&#9;&#9;}&#10;&#9;&#9;return new MoveCompleteResult(false);&#10;&#9;}&#10;&#10;&#9;/**&#10;&#9; * Gets input for doing the Pawn Promotion&#10;&#9; */&#10;&#9;public void getPawnPromotionInput(Board board, Move move){&#10;&#9;&#9;System.out.println(&quot;Please enter a valid input for Pawn Promotion. Choose between Q (Queen), R (Rook), N (Knight), and B (Bishop).&quot;);&#10;&#9;&#9;BufferedReader br = new BufferedReader(new InputStreamReader(System.in));&#10;&#9;&#9;String input = null;&#10;&#9;&#9;while (input == null) {&#10;&#9;&#9;&#9;try {&#10;&#9;&#9;&#9;&#9;input = br.readLine();&#10;&#9;&#9;&#9;} catch (IOException e) {&#10;&#9;&#9;&#9;&#9;input = null;&#10;&#9;&#9;&#9;&#9;System.out.println(&quot;Input Error: Unable to read input.&quot;);&#10;&#9;&#9;&#9;}&#10;&#9;&#9;&#9;if (input != null) {&#10;&#9;&#9;&#9;&#9;try {&#10;&#9;&#9;&#9;&#9;&#9;if(input.equalsIgnoreCase(&quot;q&quot;) || input.equalsIgnoreCase(&quot;queen&quot;)) {&#10;&#9;&#9;&#9;&#9;&#9;&#9;board.tiles[move.endPosition.xCord][move.endPosition.yCord].addPiece(new Queen(move.activePlayer));&#10;&#9;&#9;&#9;&#9;&#9;}&#10;&#9;&#9;&#9;&#9;&#9;else if(input.equalsIgnoreCase(&quot;r&quot;) || input.equalsIgnoreCase(&quot;rook&quot;)) {&#10;&#9;&#9;&#9;&#9;&#9;&#9;board.tiles[move.endPosition.xCord][move.endPosition.yCord].addPiece(new Rook(move.activePlayer));&#10;&#9;&#9;&#9;&#9;&#9;}&#10;&#9;&#9;&#9;&#9;&#9;else if(input.equalsIgnoreCase(&quot;n&quot;) || input.equalsIgnoreCase(&quot;knight&quot;)) {&#10;&#9;&#9;&#9;&#9;&#9;&#9;board.tiles[move.endPosition.xCord][move.endPosition.yCord].addPiece(new Knight(move.activePlayer));&#10;&#9;&#9;&#9;&#9;&#9;}&#10;&#9;&#9;&#9;&#9;&#9;else if(input.equalsIgnoreCase(&quot;b&quot;) || input.equalsIgnoreCase(&quot;bishop&quot;)) {&#10;&#9;&#9;&#9;&#9;&#9;&#9;board.tiles[move.endPosition.xCord][move.endPosition.yCord].addPiece(new Bishop(move.activePlayer));&#10;&#9;&#9;&#9;&#9;&#9;}&#10;&#9;&#9;&#9;&#9;&#9;else{&#10;&#9;&#9;&#9;&#9;&#9;&#9;input = null;&#10;&#9;&#9;&#9;&#9;&#9;&#9;System.out.println(&quot;Please choose a valid input between Q (Queen), R (Rook), N (Knight), and B (Bishop).&quot;);&#10;&#9;&#9;&#9;&#9;&#9;}&#10;&#9;&#9;&#9;&#9;}&#10;&#9;&#9;&#9;&#9;catch (Exception e)&#10;&#9;&#9;&#9;&#9;{&#10;&#9;&#9;&#9;&#9;&#9;input = null;&#10;&#9;&#9;&#9;&#9;&#9;System.out.println(&quot;Please choose a valid input between Q (Queen), R (Rook), N (Knight), and B (Bishop).&quot;);&#10;&#9;&#9;&#9;&#9;}&#10;&#9;&#9;&#9;}&#10;&#9;&#9;}&#10;&#9;}&#10;&#10;&#9;/**&#10;&#9; * Called before every move, checks for stalemate and ends the game accordingly.&#10;&#9; */&#10;&#9;public boolean checkForStalemate(Player activePlayer, Board board) {&#10;&#9;&#9;//Check all pieces for a valid move, to start with the player doesn't need to move his King.&#10;&#9;&#9;Tile kingTile = null;&#10;&#10;&#9;&#9;for (Tile tile : board.listOfTiles) {&#10;&#9;&#9;&#9;if (tile.piece != null) {&#10;&#9;&#9;&#9;&#9;if (tile.piece.owner == activePlayer) {&#10;&#9;&#9;&#9;&#9;&#9;Move exMove = new Move();&#10;&#9;&#9;&#9;&#9;&#9;exMove.activePlayer = tile.piece.owner;&#10;&#9;&#9;&#9;&#9;&#9;exMove.startPosition = tile;&#10;&#9;&#9;&#9;&#9;&#9;exMove.piece = tile.piece;&#10;&#9;&#9;&#9;&#9;&#9;if(tile.piece.getClass() == King.class) {&#10;&#9;&#9;&#9;&#9;&#9;&#9;kingTile = tile;&#10;&#9;&#9;&#9;&#9;&#9;}&#10;&#9;&#9;&#9;&#9;&#9;for (Tile endTile : board.listOfTiles) {&#10;&#9;&#9;&#9;&#9;&#9;&#9;exMove.endPosition = endTile;&#10;&#9;&#9;&#9;&#9;&#9;&#9;boolean isValid = false;&#10;&#9;&#9;&#9;&#9;&#9;&#9;if(exMove.piece.getClass() == Pawn.class) {&#10;&#9;&#9;&#9;&#9;&#9;&#9;&#9;isValid = validatePawnMove(exMove, board);&#10;&#9;&#9;&#9;&#9;&#9;&#9;}&#10;&#9;&#9;&#9;&#9;&#9;&#9;else if(exMove.piece.getClass() == Bishop.class) {&#10;&#9;&#9;&#9;&#9;&#9;&#9;&#9;isValid = validateBishopMove(exMove, board);&#10;&#9;&#9;&#9;&#9;&#9;&#9;}&#10;&#9;&#9;&#9;&#9;&#9;&#9;else if(exMove.piece.getClass() == Queen.class) {&#10;&#9;&#9;&#9;&#9;&#9;&#9;&#9;isValid = validateQueenMove(exMove, board);&#10;&#9;&#9;&#9;&#9;&#9;&#9;}&#10;&#9;&#9;&#9;&#9;&#9;&#9;else if(exMove.piece.getClass() == Rook.class) {&#10;&#9;&#9;&#9;&#9;&#9;&#9;&#9;isValid = validateRookMove(exMove, board);&#10;&#9;&#9;&#9;&#9;&#9;&#9;}&#10;&#9;&#9;&#9;&#9;&#9;&#9;else if(exMove.piece.getClass() == Knight.class) {&#10;&#9;&#9;&#9;&#9;&#9;&#9;&#9;isValid = validateKnightMove(exMove, board);&#10;&#9;&#9;&#9;&#9;&#9;&#9;}&#10;&#9;&#9;&#9;&#9;&#9;&#9;if (isValid) {&#10;&#9;&#9;&#9;&#9;&#9;&#9;&#9;return false;&#10;&#9;&#9;&#9;&#9;&#9;&#9;}&#10;&#9;&#9;&#9;&#9;&#9;}&#10;&#9;&#9;&#9;&#9;}&#10;&#9;&#9;&#9;}&#10;&#9;&#9;}&#10;&#10;&#9;&#9;//Has no valid moves other than potentially the king.&#10;&#9;&#9;if(kingTile == null) { //player has no king, can't be in stalemate with no king.&#10;&#9;&#9;&#9;return false;&#10;&#9;&#9;}&#10;&#10;&#9;&#9;//Loop through all the potential moved for the king, and check if the player is in check for each of them.&#10;&#9;&#9;Move exMove = new Move();&#10;&#9;&#9;exMove.activePlayer = activePlayer;&#10;&#9;&#9;exMove.startPosition = kingTile;&#10;&#9;&#9;exMove.piece = kingTile.piece;&#10;&#10;&#9;&#9;for (Tile endTile : board.listOfTiles) {&#10;&#9;&#9;&#9;exMove.endPosition = endTile;&#10;&#9;&#9;&#9;if(!validateKingMove(exMove, board)) {&#10;&#9;&#9;&#9;&#9;continue;&#10;&#9;&#9;&#9;}&#10;&#9;&#9;&#9;//is a valid move for the king. Perform the move on a fake board and check for check.&#10;&#9;&#9;&#9;Board newBoard = new Board(board);&#9;&#10;&#9;&#9;&#9;newBoard.tiles[endTile.xCord][endTile.yCord].piece = new King(activePlayer);&#10;&#9;&#9;&#9;newBoard.tiles[kingTile.xCord][kingTile.yCord].piece = null;&#10;&#10;&#9;&#9;&#9;if(!CheckForCheck(activePlayer.opponent, newBoard)) { //opponent doesn't have them in check after the move&#10;&#9;&#9;&#9;&#9;return false;&#10;&#9;&#9;&#9;}&#10;&#9;&#9;}&#10;&#10;&#9;&#9;return true;&#10;&#9;}&#10;&#10;&#9;/**&#10;&#9; * Gives the stalemate message based on which player was put into stalemate.&#10;&#9; * @param activePlayer - The player who's turn it currently is.&#10;&#9; * @return true if the current player was just put into stalemate, false if they weren't&#10;&#9; */&#10;&#9;public String getStalemateMessage(Player activePlayer) {&#10;&#9;&#9;return this.stalemateMessage;&#10;&#9;}&#10;}&#10;" Filename="PeasantsRevoltChess.java" Intrnl_Id="11"/>
<SrcFile Content="package game;&#10;&#10;/**&#10; * Extends Piece and uses a letter to represent the value&#10; */&#10;public class Pawn extends Piece {&#10;&#9;public Boolean lastMoveJump = false;&#10;&#9;public Pawn (Player owner) {&#10;&#9;&#9;super(owner);&#10;&#9;}&#10;&#9;&#10;&#9;/**&#10;&#9; * returns the letter that represents the piece for the color they are on&#10;&#9; */&#10;&#9;public String toString() {&#10;&#9;&#9;if (owner.color.equals(&quot;White&quot;)) {&#10;&#9;&#9;&#9;return &quot;P&quot;;&#10;&#9;&#9;}&#10;&#9;&#9;return &quot;p&quot;;&#10;&#9;&#9;&#10;&#9;}&#10;}" Filename="Pawn.java" Intrnl_Id="12"/>
<SrcFile Content="package game;&#10;&#10;/**&#10; * Container class for the result of a game state. Specifying if the game is ended or not. If the game is ended, &#10; * and no winner is provided it is assumed to be a stalemate.&#10; *&#10; */&#10;public class MoveCompleteResult {&#10;&#9;public boolean gameOver;&#10;&#9;public Player winner;&#10;&#9;&#10;&#9;public MoveCompleteResult(boolean endGame)&#10;&#9;{&#10;&#9;&#9;gameOver = endGame;&#10;&#9;}&#10;}&#10;" Filename="MoveCompleteResult.java" Intrnl_Id="13"/>
<SrcFile Content="package game;&#10;&#10;/**&#10; *  Class to hold a move a piece can make, their start/end positions, and their player&#10; */&#10;public class Move {&#10;&#9;&#10;&#9;public Player activePlayer = null;&#10;&#9;public Piece piece = null;&#10;&#9;public Tile endPosition = null;&#10;&#9;public Tile startPosition = null;&#10;&#9;public String text = &quot;&quot;;&#10;&#9;&#10;&#9;public Move() {}&#10;&#9;&#10;&#9;public Move(Move move) {&#10;&#9;&#9;this.activePlayer = move.activePlayer;&#10;&#9;&#9;this.startPosition = move.startPosition;&#10;&#9;&#9;this.endPosition = move.endPosition;&#10;&#9;&#9;this.piece = move.piece;&#10;&#9;}&#10;&#10;&#9;public Move(Player activePlayer, Tile startTile, Tile endTile) {&#10;&#9;&#9;this.activePlayer = activePlayer;&#10;&#9;&#9;this.startPosition = startTile;&#10;&#9;&#9;this.piece = startTile.piece;&#10;&#9;&#9;this.endPosition = endTile;&#10;&#9;}&#10;&#9;&#10;&#9;public Move(Player activePlayer, String move, Board board) {&#10;&#9;&#9;this.text = move;&#10;&#9;&#9;this.activePlayer = activePlayer;&#10;&#10;&#9;&#9;String start = move.substring(0, move.indexOf('-')).toLowerCase();&#10;&#9;&#9;String end = move.substring(move.indexOf('-')+1).toLowerCase();&#10;&#10;&#9;&#9;int startX = -1;&#10;&#9;&#9;int startY = Integer.valueOf(start.substring(1)); //Character.getNumericValue(start.charAt(1));&#10;&#9;&#9;&#10;&#9;&#9;startX = (start.charAt(0) == 'a') ? 0 : startX;&#10;&#9;&#9;startX = (start.charAt(0) == 'b') ? 1 : startX;&#10;&#9;&#9;startX = (start.charAt(0) == 'c') ? 2 : startX;&#10;&#9;&#9;startX = (start.charAt(0) == 'd') ? 3 : startX;&#10;&#9;&#9;startX = (start.charAt(0) == 'e') ? 4 : startX;&#10;&#9;&#9;startX = (start.charAt(0) == 'f') ? 5 : startX;&#10;&#9;&#9;startX = (start.charAt(0) == 'g') ? 6 : startX;&#10;&#9;&#9;startX = (start.charAt(0) == 'h') ? 7 : startX;&#10;&#9;&#9;startX = (start.charAt(0) == 'i') ? 8 : startX;&#10;&#9;&#9;startX = (start.charAt(0) == 'j') ? 9 : startX;&#10;&#9;&#9;&#9;&#9;&#10;&#9;&#9;if(startX != -1 &amp;&amp; startY &lt; board.height &amp;&amp; startY &gt; -1) {&#10;&#9;&#9;&#9;Tile tile = board.tiles[startX][startY];&#10;&#10;&#9;&#9;&#9;piece = tile.piece;&#10;&#9;&#9;&#9;startPosition = tile;&#10;&#9;&#9;&#9;tile.xCord = startX;&#10;&#9;&#9;&#9;tile.yCord = startY;&#10;&#9;&#9;}&#10;&#9;&#9;&#10;&#9;&#9;int endX = -1;&#10;&#9;&#9;int endY = Integer.valueOf(end.substring(1));;&#10;&#9;&#9;&#10;&#9;&#9;endX = (end.charAt(0) == 'a') ? 0 : endX;&#10;&#9;&#9;endX = (end.charAt(0) == 'b') ? 1 : endX;&#10;&#9;&#9;endX = (end.charAt(0) == 'c') ? 2 : endX;&#10;&#9;&#9;endX = (end.charAt(0) == 'd') ? 3 : endX;&#10;&#9;&#9;endX = (end.charAt(0) == 'e') ? 4 : endX;&#10;&#9;&#9;endX = (end.charAt(0) == 'f') ? 5 : endX;&#10;&#9;&#9;endX = (end.charAt(0) == 'g') ? 6 : endX;&#10;&#9;&#9;endX = (end.charAt(0) == 'h') ? 7 : endX;&#10;&#9;&#9;endX = (end.charAt(0) == 'i') ? 8 : endX;&#10;&#9;&#9;endX = (end.charAt(0) == 'j') ? 9 : endX;&#10;&#9;&#9;&#10;&#9;&#9;if(endX != -1 &amp;&amp; endY &lt; board.height &amp;&amp; endY &gt; -1) {&#10;&#9;&#9;&#9;endPosition = board.tiles[endX][endY];&#10;&#9;&#9;&#9;endPosition.xCord = endX;&#10;&#9;&#9;&#9;endPosition.yCord = endY;&#10;&#9;&#9;}&#10;&#9;}&#10;&#9;&#10;&#9;/**&#10;&#9; * Determines if a move is valid. If it is invalid it sets an error message for the view to display later.&#10;&#9; * @return True if valid. False if invalid.&#10;&#9; */&#10;&#9;public boolean IsValid()&#10;&#9;{&#10;&#9;&#9;if (piece != null &amp;&amp; startPosition != null &amp;&amp; endPosition != null &amp;&amp; activePlayer != null &amp;&amp; piece.owner == activePlayer)&#10;&#9;&#9;&#9;return true;&#10;&#10;&#9;&#9;if(endPosition == null) { View.setErrorMessage(&quot;Move not possible, tile specified for end position doesn't exist.&quot;); }&#10;&#9;&#9;if(startPosition == null) { View.setErrorMessage(&quot;Move not possible, tile specified for start position doesn't exist.&quot;); }&#10;&#9;&#9;if(activePlayer == null) { View.setErrorMessage(&quot;System error, no active player.&quot;); }&#10;&#9;&#9;if(piece == null) { View.setErrorMessage(&quot;Move not possible, piece doesn't exist on specified tile.&quot;); }&#10;&#9;&#9;if(piece != null &amp;&amp; piece.owner != activePlayer) { View.setErrorMessage(&quot;Move not possible, active player doesn't own the piece specified to move.&quot;); }&#10;&#9;&#9;&#10;&#9;&#9;return false;&#10;&#9;}&#10;&#9;&#10;&#9;public String toString() {&#10;&#9;&#9;return &quot;== Move == &quot;&#10;&#9;&#9;&#9;&#9;+ &quot;\n Start Position =&gt; &quot; + this.startPosition.toString() &#10;&#9;&#9;&#9;&#9;+ &quot;\n End Position =&gt; &quot; + this.endPosition.toString();&#10;&#9;&#10;&#9;}&#10;&#10;&#9;public void ConvertToDifferentBoard(Board newBoard) {&#10;&#9;&#9;for (Tile tile: newBoard.listOfTiles) {&#10;&#9;&#9;&#9;if (this.startPosition.xCord == tile.xCord &amp;&amp; &#10;&#9;&#9;&#9;&#9;&#9;this.startPosition.yCord == tile.yCord) {&#10;&#9;&#9;&#9;&#9;this.startPosition = tile;&#10;&#9;&#9;&#9;}&#10;&#9;&#9;&#9;else if (this.endPosition.xCord == tile.xCord &amp;&amp; &#10;&#9;&#9;&#9;&#9;&#9;this.endPosition.yCord == tile.yCord) {&#10;&#9;&#9;&#9;&#9;this.endPosition = tile;&#10;&#9;&#9;&#9;}&#10;&#9;&#9;}&#10;&#9;}&#10;&#9;&#10;}&#10;" Filename="Move.java" Intrnl_Id="14"/>
<SrcFile Content="package game;&#10;&#10;&#10;/**&#10; * Extends Piece and uses a letter to represent the value&#10; */&#10;public class Knight extends Piece {&#10;&#9;public Knight (Player owner) {&#10;&#9;&#9;super(owner);&#10;&#9;}&#10;&#10;&#9;/**&#10;&#9; * returns the letter that represents the piece for the color they are on&#10;&#9; */&#10;&#9;public String toString() {&#10;&#9;&#9;if (owner.color.equals(&quot;White&quot;)) {&#10;&#9;&#9;&#9;return &quot;N&quot;;&#10;&#9;&#9;}&#10;&#9;&#9;return &quot;n&quot;;&#10;&#9;&#9;&#10;&#9;}&#10;}" Filename="Knight.java" Intrnl_Id="15"/>
<SrcFile Content="package game;&#10;&#10;/**&#10; * Extends Piece and uses a letter to represent the value&#10; */&#10;public class King extends Piece {&#10;&#9;public King (Player owner) {&#10;&#9;&#9;super(owner);&#10;&#9;}&#10;&#10;&#9;/**&#10;&#9; * returns the letter that represents the piece for the color they are on&#10;&#9; */&#10;&#9;public String toString() {&#10;&#9;&#9;if (owner.color.equals(&quot;White&quot;)) {&#10;&#9;&#9;&#9;return &quot;K&quot;;&#10;&#9;&#9;}&#10;&#9;&#9;return &quot;k&quot;;&#10;&#9;&#9;&#10;&#9;}&#10;}" Filename="King.java" Intrnl_Id="16"/>
<SrcFile Content="package game;&#10;&#10;/**&#10; * The Game class is essentially the starting point for the game. It creates the controller that holds the functionality of playing, and instantiates the game.&#10; */&#10;public class Game {&#10;&#9;&#10;&#9;public Rules rules = null;&#10;&#9;public Board board = null;&#10;&#9;&#10;&#9;public int turnNumber = 0;&#10;&#9;public Player activePlayer = null;&#10;&#9;&#10;&#9;public Player white = null;&#10;&#9;public Player black = null;&#10;&#9;&#10;&#9;public boolean GameOver = false;&#10;&#9;&#10;&#9;public Game() {&#10;&#9;&#9;white = new Player();&#10;&#9;&#9;black = new Player();&#10;&#9;&#9;&#10;&#9;&#9;white.color = &quot;White&quot;;&#10;&#9;&#9;black.color = &quot;Black&quot;;&#10;&#9;&#9;&#10;&#9;&#9;white.opponent = black;&#10;&#9;&#9;black.opponent = white;&#10;&#9;&#9;&#10;&#9;&#9;turnNumber = 0;&#10;&#9;&#9;activePlayer = black;&#10;&#9;}&#10;&#9;&#10;&#9;/**&#10;&#9; * Called after a move has been inputed and the rules have checked the board for a win/tie condition. Changes the active player&#10;&#9; */&#10;&#9;public void NextTurn() {&#10;&#9;&#9;turnNumber++;&#10;&#9;&#9;&#10;&#9;&#9;if (activePlayer == black) {&#10;&#9;&#9;&#9;activePlayer = white;&#10;&#9;&#9;}&#10;&#9;&#9;else {&#10;&#9;&#9;&#9;activePlayer = black;&#10;&#9;&#9;}&#10;&#9;}&#10;&#9;&#10;&#9;&#10;&#9;/**&#10;&#9; * This method is called when the move is finally validated and is used to move the piece and call the rule specific &#10;&#9; * @param move The validated move inputed by the player.&#10;&#9; * @return &#9;MoveCompleteResult;&#10;&#9; */&#10;&#9;public MoveCompleteResult CompleteMove(Move move) {&#10;&#9;&#9;Piece piece = move.piece;&#10;&#9;&#9;&#10;&#9;&#9;move.startPosition.piece = null;&#10;&#9;&#9;move.endPosition.piece = piece;&#10;&#9;&#9;piece.hasMoved = true;&#10;&#9;&#9;MoveCompleteResult gameResult = rules.ruleCompleteMove(board, move);&#10;&#9;&#9;return gameResult;&#10;&#9;}&#10;&#9;&#10;&#9;/**&#10;&#9; * Main class, creates a game controller and initiates a play.&#10;&#9; * @param args Any arguments passed into the program.&#10;&#9; */&#10;&#9;public static void main(String[] args) {&#10;&#9;    &#10;&#9;&#9;Controller controller = new Controller(new View());&#10;&#9;&#9;&#10;&#9;&#9;controller.play();&#10;&#9;&#9;&#10;&#9;}&#10;&#10;}" Filename="Game.java" Intrnl_Id="17"/>
<SrcFile Content="package game;&#10;import java.io.*;&#10;&#10;/**&#10; * The way the user interacts with the game.&#10; */&#10;public class Controller {&#10;&#9;public View view = null;&#10;&#9;public Game game = null;&#10;&#9;&#10;&#9;public Controller(View view) {&#10;&#9;&#9;this.view = view;&#10;&#9;}&#10;&#9;&#10;&#9;/**&#10;&#9; * Handles user input and keeps track of what the user is input towards&#10;&#9; */&#10;&#9;public void play() {&#10;&#9;&#9;&#10;&#9;&#9;while (true) {&#10;&#9;&#9;&#9;&#10;&#9;&#9;&#9;if (game == null) {&#10;&#9;&#9;&#9;&#9;//start new game&#10;&#9;&#9;&#9;&#9;this.game = new Game();&#10;&#9;&#9;&#9;&#10;&#9;&#9;&#9;}&#10;&#9;&#9;&#9;&#10;&#9;&#9;&#9;if (game.rules == null) {&#10;&#9;&#9;&#9;&#9;&#10;&#9;&#9;&#9;&#9;BufferedReader br = new BufferedReader(new InputStreamReader(System.in));&#10;&#9;&#9;&#9;&#9;String input = null;&#10;&#9;&#9;&#9;&#9;while (input == null) {&#10;&#9;&#9;&#9;&#9;&#9;view.DisplayMenu();&#10;&#9;&#9;&#9;&#9;&#9;try {&#10;&#9;&#9;&#9;&#9;&#9;&#9; input = br.readLine();&#10;&#9;&#9;&#9;&#9;&#9;} catch (IOException e) {&#10;&#9;&#9;&#9;&#9;&#9;&#9;input = null;&#10;&#9;&#9;&#9;&#9;&#9;&#9;System.out.println(&quot;Input Error: Unable to read input.&quot;);&#10;&#9;&#9;&#9;&#9;&#9;}&#10;&#9;&#9;&#9;&#9;&#9;&#10;&#9;&#9;&#9;&#9;&#9;if (input != null) {&#10;&#9;&#9;&#9;&#9;&#9;&#9;try {&#10;&#9;&#9;&#9;&#9;&#9;&#9;&#9;if(input.equalsIgnoreCase(&quot;exit&quot;)) {&#10;&#9;&#9;&#9;&#9;&#9;&#9;&#9;&#9;view.DisplayExitMessage();&#10;&#9;&#9;&#9;&#9;&#9;&#9;&#9;&#9;System.exit(0);&#10;&#9;&#9;&#9;&#9;&#9;&#9;&#9;}&#10;&#9;&#9;&#9;&#9;&#9;&#9;&#9;&#10;&#9;&#9;&#9;&#9;&#9;&#9;&#9;int variation = Integer.parseInt(input);&#10;&#9;&#9;&#9;&#9;&#9;&#9;&#9;&#10;&#9;&#9;&#9;&#9;&#9;&#9;&#9;if (variation == 1) { game.rules = new ClassicChess(); }&#10;&#9;&#9;&#9;&#9;&#9;&#9;&#9;else if (variation == 2) { game.rules = new PeasantsRevoltChess(); }&#10;&#9;&#9;&#9;&#9;&#9;&#9;&#9;else if (variation == 3) { game.rules = new TakeAllChess(); }&#10;&#9;&#9;&#9;&#9;&#9;&#9;&#9;else if (variation == 4) { &#10;&#9;&#9;&#9;&#9;&#9;&#9;&#9;&#9;new TestingSuite(new View()).start(); &#10;&#9;&#9;&#9;&#9;&#9;&#9;&#9;&#9;input = null;&#10;&#9;&#9;&#9;&#9;&#9;&#9;&#9;&#9;}&#10;&#9;&#9;&#9;&#9;&#9;&#9;&#9;else {&#10;&#9;&#9;&#9;&#9;&#9;&#9;&#9;&#9;input = null;&#10;&#9;&#9;&#9;&#9;&#9;&#9;&#9;&#9;System.out.println(&quot;Input Error: Not a valid variation index.&quot;);&#10;&#9;&#9;&#9;&#9;&#9;&#9;&#9;}&#10;&#9;&#9;&#9;&#9;&#9;&#9;}&#10;&#9;&#9;&#9;&#9;&#9;&#9;catch (Exception e)&#10;&#9;&#9;&#9;&#9;&#9;&#9;{&#10;&#9;&#9;&#9;&#9;&#9;&#9;&#9;input = null;&#10;&#9;&#9;&#9;&#9;&#9;&#9;&#9;System.out.println(&quot;Error loading variation.&quot;);&#10;&#9;&#9;&#9;&#9;&#9;&#9;}&#10;&#9;&#9;&#9;&#9;&#9;}&#10;&#9;&#9;&#9;&#9;&#9;&#10;&#9;&#9;&#9;&#9;}&#10;&#9;&#9;&#9;&#9;game.board = game.rules.SetStartingPositions(this.game.white, this.game.black);&#10;&#9;&#9;&#9;}&#10;&#9;&#9;&#9;&#10;&#9;&#9;&#9;if (game != null) {&#10;&#9;&#9;&#9;&#9;view.DisplayBoard(game.board);&#10;&#9;&#9;&#9;&#9;game.NextTurn();&#10;&#9;&#9;&#9;&#9;&#10;&#9;&#9;&#9;&#9;&#10;&#9;&#9;&#9;&#9;BufferedReader br = new BufferedReader(new InputStreamReader(System.in));&#10;&#9;&#9;&#9;&#9;String input = null;&#10;&#9;&#9;&#9;&#9;while (input == null) {&#10;&#9;&#9;&#9;&#9;&#9;if(game.rules.checkForStalemate(game.activePlayer, game.board)) {&#10;&#9;&#9;&#9;&#9;&#9;&#9;view.DisplayStalemateMessage(game.rules.getStalemateMessage(game.activePlayer));&#10;&#9;&#9;&#9;&#9;&#9;&#9;game = null;&#10;&#9;&#9;&#9;&#9;&#9;&#9;break;&#10;&#9;&#9;&#9;&#9;&#9;}&#10;&#9;&#9;&#9;&#9;&#9;&#10;&#9;&#9;&#9;&#9;&#9;view.DisplayTurnNotification(game.turnNumber, game.activePlayer.color);&#10;&#9;&#9;&#9;&#9;&#9;try {&#10;&#9;&#9;&#9;&#9;&#9;&#9; input = br.readLine();&#10;&#9;&#9;&#9;&#9;&#9;} catch (IOException e) {&#10;&#9;&#9;&#9;&#9;&#9;&#9;input = null;&#10;&#9;&#9;&#9;&#9;&#9;&#9;View.setErrorMessage(&quot;Input Error: Unable to read input.&quot;);&#10;&#9;&#9;&#9;&#9;&#9;&#9;view.DisplayErrorMessage();&#10;&#9;&#9;&#9;&#9;&#9;}&#10;&#9;&#9;&#9;&#9;&#9;&#10;&#9;&#9;&#9;&#9;&#9;if (input != null) {&#10;&#9;&#9;&#9;&#9;&#9;&#9;try {&#10;&#9;&#9;&#9;&#9;&#9;&#9;&#9;&#10;&#9;&#9;&#9;&#9;&#9;&#9;&#9;if(input.equalsIgnoreCase(&quot;q&quot;) || input.equalsIgnoreCase(&quot;quit&quot;)) {&#10;&#9;&#9;&#9;&#9;&#9;&#9;&#9;&#9;view.DisplaySurrenderMessage(game.activePlayer.color);&#10;&#9;&#9;&#9;&#9;&#9;&#9;&#9;&#9;game = null;&#10;&#9;&#9;&#9;&#9;&#9;&#9;&#9;&#9;break;&#10;&#9;&#9;&#9;&#9;&#9;&#9;&#9;}&#10;&#9;&#9;&#9;&#9;&#9;&#9;&#9;&#10;&#9;&#9;&#9;&#9;&#9;&#9;&#9;if(input.equalsIgnoreCase(&quot;exit&quot;)) {&#10;&#9;&#9;&#9;&#9;&#9;&#9;&#9;&#9;view.DisplayExitMessage();&#10;&#9;&#9;&#9;&#9;&#9;&#9;&#9;&#9;System.exit(0);&#10;&#9;&#9;&#9;&#9;&#9;&#9;&#9;}&#10;&#9;&#9;&#9;&#9;&#9;&#9;&#9;&#10;&#9;&#9;&#9;&#9;&#9;&#9;&#9;&#10;&#9;&#9;&#9;&#9;&#9;&#9;&#9;&#10;&#9;&#9;&#9;&#9;&#9;&#9;&#9;Move move = new Move(game.activePlayer, input, game.board);&#10;&#9;&#9;&#9;&#9;&#9;&#10;&#9;&#9;&#9;&#9;&#9;&#9;&#9;if (move.IsValid() &amp;&amp; game.rules.ValidateMove(move, game.board) == 0) {&#10;&#9;&#9;&#9;&#9;&#9;&#9;&#9;&#9;MoveCompleteResult moveResult = game.CompleteMove(move);&#10;&#9;&#9;&#9;&#9;&#9;&#9;&#9;&#9;// check for game ending condition&#10;&#9;&#9;&#9;&#9;&#9;&#9;&#9;&#9;if(moveResult.gameOver) {&#10;&#9;&#9;&#9;&#9;&#9;&#9;&#9;&#9;&#9;view.DisplayWinMessage(moveResult.winner);&#10;&#9;&#9;&#9;&#9;&#9;&#9;&#9;&#9;&#9;game = null;&#10;&#9;&#9;&#9;&#9;&#9;&#9;&#9;&#9;&#9;break;&#10;&#9;&#9;&#9;&#9;&#9;&#9;&#9;&#9;}&#10;&#9;&#9;&#9;&#9;&#9;&#9;&#9;}&#10;&#9;&#9;&#9;&#9;&#9;&#9;&#9;else {&#10;&#9;&#9;&#9;&#9;&#9;&#9;&#9;&#9;input = null;&#10;&#9;&#9;&#9;&#9;&#9;&#9;&#9;&#9;view.DisplayErrorMessage();&#10;&#9;&#9;&#9;&#9;&#9;&#9;&#9;}&#10;&#9;&#9;&#9;&#9;&#9;&#9;}&#10;&#9;&#9;&#9;&#9;&#9;&#9;catch (Exception e)&#10;&#9;&#9;&#9;&#9;&#9;&#9;{&#10;&#9;&#9;&#9;&#9;&#9;&#9;&#9;input = null;&#10;&#9;&#9;&#9;&#9;&#9;&#9;&#9;System.out.println(&quot;Input Error: Unable to parse input.&quot;);&#10;&#9;&#9;&#9;&#9;&#9;&#9;&#9;e.printStackTrace();&#10;&#9;&#9;&#9;&#9;&#9;&#9;}&#10;&#9;&#9;&#9;&#9;&#9;}&#10;&#9;&#9;&#9;&#9;&#9;&#10;&#9;&#9;&#9;&#9;}&#10;&#9;&#9;&#9;}&#10;&#10;&#9;&#9;}&#10;&#9;&#9;&#9;&#10;&#9;&#9;&#10;&#9;}&#10;&#9;&#10;}&#10;" Filename="Controller.java" Intrnl_Id="18"/>
<SrcFile Content="package game;&#10;import java.io.*;&#10;&#10;/**&#10; * &#10; * This is the class that represents the game mode of Classic Chess. The class contains the rules for validating moves and checking boardstate (e.g. check, checkmate, etc.).&#10; *&#10; */&#10;public class ClassicChess extends Rules {&#10;&#10;&#9;public ClassicChess() {&#10;&#9;&#9;super();&#10;&#10;&#9;&#9;this.stalemateMessage = &quot;No valid moves available, game ends in a stalemate.&quot;;&#10;&#9;}&#10;&#10;&#9;/**&#10;&#9; * &#10;&#9; */&#10;&#9;public Board SetStartingPositions(Player white, Player black) {&#10;&#10;&#9;&#9;Board board = new Board(8,8);&#10;&#10;&#9;&#9;board.AddPiece(new Pawn(white), 0, 1);&#10;&#9;&#9;board.AddPiece(new Pawn(white), 1, 1);&#10;&#9;&#9;board.AddPiece(new Pawn(white), 2, 1);&#10;&#9;&#9;board.AddPiece(new Pawn(white), 3, 1);&#10;&#9;&#9;board.AddPiece(new Pawn(white), 4, 1);&#10;&#9;&#9;board.AddPiece(new Pawn(white), 5, 1);&#10;&#9;&#9;board.AddPiece(new Pawn(white), 6, 1);&#10;&#9;&#9;board.AddPiece(new Pawn(white), 7, 1);&#10;&#9;&#9;board.AddPiece(new Rook(white), 0, 0);&#10;&#9;&#9;board.AddPiece(new Knight(white), 1, 0);&#10;&#9;&#9;board.AddPiece(new Bishop(white), 2, 0);&#10;&#9;&#9;board.AddPiece(new Queen(white), 4, 0);&#10;&#9;&#9;board.AddPiece(new King(white), 3, 0);&#10;&#9;&#9;board.AddPiece(new Bishop(white), 5, 0);&#10;&#9;&#9;board.AddPiece(new Knight(white), 6, 0);&#10;&#9;&#9;board.AddPiece(new Rook(white), 7, 0);&#10;&#10;&#9;&#9;board.AddPiece(new Pawn(black), 0, 6);&#10;&#9;&#9;board.AddPiece(new Pawn(black), 1, 6);&#10;&#9;&#9;board.AddPiece(new Pawn(black), 2, 6);&#10;&#9;&#9;board.AddPiece(new Pawn(black), 3, 6);&#10;&#9;&#9;board.AddPiece(new Pawn(black), 4, 6);&#10;&#9;&#9;board.AddPiece(new Pawn(black), 5, 6);&#10;&#9;&#9;board.AddPiece(new Pawn(black), 6, 6);&#10;&#9;&#9;board.AddPiece(new Pawn(black), 7, 6);&#10;&#9;&#9;board.AddPiece(new Rook(black), 0, 7);&#10;&#9;&#9;board.AddPiece(new Knight(black), 1, 7);&#10;&#9;&#9;board.AddPiece(new Bishop(black), 2, 7);&#10;&#9;&#9;board.AddPiece(new King(black), 3, 7);&#10;&#9;&#9;board.AddPiece(new Queen(black), 4, 7);&#10;&#9;&#9;board.AddPiece(new Bishop(black), 5, 7);&#10;&#9;&#9;board.AddPiece(new Knight(black), 6, 7);&#10;&#9;&#9;board.AddPiece(new Rook(black), 7, 7);&#10;&#10;&#9;&#9;return board;&#10;&#9;}&#10;&#10;&#9;/**&#10;&#9; * This method verifies the move is valid for the specified piece.&#10;&#9; * @param move The suggested move inputed by the player.&#10;&#9; * @param board The board in its current state&#10;&#9; * @return true if it's a valid move, false if invalid&#10;&#9; */&#10;&#9;public boolean validatePawnMove(Move move, Board board)&#10;&#9;{&#10;&#9;&#9;// get direction it can go in&#10;&#9;&#9;int direction = -1;&#10;&#10;&#9;&#9;// white on top&#10;&#9;&#9;if(move.activePlayer.color.equals(&quot;White&quot;)) {&#10;&#9;&#9;&#9;direction = 1;&#10;&#9;&#9;}&#10;&#10;&#9;&#9;int yDifference = move.endPosition.yCord - move.startPosition.yCord;&#10;&#9;&#9;int xDifference = Math.abs(move.endPosition.xCord - move.startPosition.xCord);&#10;&#9;&#9;if(yDifference == direction) {&#10;&#9;&#9;&#9;// pawn is moving straight by 1 space&#10;&#9;&#9;&#9;if(xDifference == 0) {&#10;&#9;&#9;&#9;&#9;// if there is no piece ahead, it's valid&#10;&#9;&#9;&#9;&#9;if(move.endPosition.piece == null) {&#10;&#9;&#9;&#9;&#9;&#9;return true;&#10;&#9;&#9;&#9;&#9;}&#10;&#9;&#9;&#9;&#9;else {&#10;&#9;&#9;&#9;&#9;&#9;return false;&#10;&#9;&#9;&#9;&#9;}&#10;&#9;&#9;&#9;}&#10;&#9;&#9;&#9;// pawn is moving diagonal by 1 space&#10;&#9;&#9;&#9;else if(xDifference == 1) {&#10;&#9;&#9;&#9;&#9;// can't move diagonal without a piece&#10;&#9;&#9;&#9;&#9;if(move.endPosition.piece == null) {&#10;&#9;&#9;&#9;&#9;&#9;//checking if the piece adjacent to the pawn moving was a pawn and had done a double jump the last turn (checking condition for En Passant)&#10;&#9;&#9;&#9;&#9;&#9;if(board.tiles[move.endPosition.xCord][move.startPosition.yCord].piece != null){&#10;&#9;&#9;&#9;&#9;&#9;&#9;if(board.tiles[move.endPosition.xCord][move.startPosition.yCord].piece.getClass() == Pawn.class){&#10;&#9;&#9;&#9;&#9;&#9;&#9;&#9;Pawn p = (Pawn)board.tiles[move.endPosition.xCord][move.startPosition.yCord].piece;&#10;&#9;&#9;&#9;&#9;&#9;&#9;&#9;if(p.lastMoveJump == true &amp;&amp; p.owner != move.activePlayer){&#10;&#9;&#9;&#9;&#9;&#9;&#9;&#9;&#9;board.tiles[move.endPosition.xCord][move.startPosition.yCord].piece = null;&#10;&#9;&#9;&#9;&#9;&#9;&#9;&#9;&#9;return true;&#10;&#9;&#9;&#9;&#9;&#9;&#9;&#9;}&#10;&#9;&#9;&#9;&#9;&#9;&#9;}&#10;&#9;&#9;&#9;&#9;&#9;}&#10;&#9;&#9;&#9;&#9;&#9;return false;&#10;&#9;&#9;&#9;&#9;}&#10;&#9;&#9;&#9;&#9;// can only move diagonal if the piece is owned by the other player&#10;&#9;&#9;&#9;&#9;else if(move.endPosition.piece.owner != move.activePlayer) {&#10;&#9;&#9;&#9;&#9;&#9;return true;&#10;&#9;&#9;&#9;&#9;}&#10;&#9;&#9;&#9;}&#10;&#9;&#9;}&#10;&#9;&#9;else if(move.piece.hasMoved == false &amp;&amp; yDifference == direction * 2 &amp;&amp; xDifference == 0) {&#10;&#9;&#9;&#9;// double jump for first move&#10;&#9;&#9;&#9;//checking that the final position is empty (does not contain a piece) and that the space in between is also empty.&#10;&#9;&#9;&#9;if(move.endPosition.piece == null &amp;&amp; board.tiles[move.startPosition.xCord][move.startPosition.yCord + direction].piece == null) {&#10;&#9;&#9;&#9;&#9;return true;&#10;&#9;&#9;&#9;}&#10;&#9;&#9;&#9;else {&#10;&#9;&#9;&#9;&#9;return false;&#10;&#9;&#9;&#9;}&#10;&#9;&#9;}&#10;&#9;&#9;return false;&#10;&#9;}&#10;&#10;&#9;/**&#10;&#9; * This method verifies the move is valid for the specified piece.&#10;&#9; * @param move The suggested move inputed by the player.&#10;&#9; * @param board The board in its current state&#10;&#9; * @return true if it's a valid move, false if invalid&#10;&#9; */&#10;&#9;public boolean validateQueenMove(Move move, Board board)&#10;&#9;{&#10;&#9;&#9;// check what the move way is, horizontal or diagonal&#10;&#9;&#9;int xDiff = Math.abs(move.startPosition.xCord - move.endPosition.xCord);&#10;&#9;&#9;int yDiff = Math.abs(move.startPosition.yCord - move.endPosition.yCord);&#10;&#10;&#9;&#9;// if it attacks the same team&#10;&#9;&#9;if(move.endPosition.piece != null &amp;&amp; move.endPosition.piece.owner == move.activePlayer) {&#10;&#9;&#9;&#9;return false;&#10;&#9;&#9;}&#10;&#10;&#9;&#9;int xDir = 1;&#10;&#9;&#9;int yDir = 1;&#10;&#10;&#9;&#9;// moving left&#10;&#9;&#9;if(move.startPosition.xCord - move.endPosition.xCord &gt; 0) {&#10;&#9;&#9;&#9;xDir = -1;&#10;&#9;&#9;}&#10;&#9;&#9;// moving up&#10;&#9;&#9;if(move.startPosition.yCord - move.endPosition.yCord &gt; 0) {&#10;&#9;&#9;&#9;yDir = -1;&#10;&#9;&#9;}&#10;&#10;&#9;&#9;// diagonal movement&#10;&#9;&#9;if(xDiff == yDiff) {&#10;&#9;&#9;&#9;for(int i=1; i &lt; yDiff; i++ ) {&#10;&#9;&#9;&#9;&#9;Tile t = board.tiles[move.startPosition.xCord + (xDir * i)][move.startPosition.yCord + (yDir * i)];&#10;&#9;&#9;&#9;&#9;if(t.piece != null) {&#10;&#9;&#9;&#9;&#9;&#9;return false;&#10;&#9;&#9;&#9;&#9;}&#10;&#9;&#9;&#9;}&#10;&#9;&#9;&#9;return true;&#10;&#9;&#9;}&#10;&#9;&#9;// horizontal movement&#10;&#9;&#9;else if(yDiff == 0) {&#10;&#9;&#9;&#9;for(int i=1; i &lt; xDiff; i++ ) {&#10;&#9;&#9;&#9;&#9;Tile t = board.tiles[move.startPosition.xCord + (xDir * i)][move.startPosition.yCord];&#10;&#9;&#9;&#9;&#9;if(t.piece != null) {&#10;&#9;&#9;&#9;&#9;&#9;return false;&#10;&#9;&#9;&#9;&#9;}&#10;&#9;&#9;&#9;}&#10;&#9;&#9;&#9;return true;&#10;&#9;&#9;}&#10;&#9;&#9;// vertical movement&#10;&#9;&#9;else if(xDiff == 0) {&#10;&#9;&#9;&#9;for(int i=1; i &lt; yDiff; i++ ) {&#10;&#9;&#9;&#9;&#9;Tile t = board.tiles[move.startPosition.xCord][move.startPosition.yCord + (yDir * i)];&#10;&#9;&#9;&#9;&#9;if(t.piece != null) {&#10;&#9;&#9;&#9;&#9;&#9;return false;&#10;&#9;&#9;&#9;&#9;}&#10;&#9;&#9;&#9;}&#10;&#9;&#9;&#9;return true;&#10;&#9;&#9;}&#10;&#10;&#9;&#9;return false;&#10;&#9;}&#10;&#10;&#9;/**&#10;&#9; * This method verifies the move is valid for the specified piece.&#10;&#9; * @param move The suggested move inputed by the player.&#10;&#9; * @param board The board in its current state&#10;&#9; * @return true if it's a valid move, false if invalid&#10;&#9; */&#10;&#9;public boolean validateBishopMove(Move move, Board board)&#10;&#9;{&#10;&#9;&#9;// check what the move way is, horizontal or diagonal&#10;&#9;&#9;int xDiff = Math.abs(move.startPosition.xCord - move.endPosition.xCord);&#10;&#9;&#9;int yDiff = Math.abs(move.startPosition.yCord - move.endPosition.yCord);&#10;&#10;&#9;&#9;// if it attacks the same team&#10;&#9;&#9;if(move.endPosition.piece != null &amp;&amp; move.endPosition.piece.owner == move.activePlayer) {&#10;&#9;&#9;&#9;return false;&#10;&#9;&#9;}&#10;&#10;&#9;&#9;// diagonal movement&#10;&#9;&#9;if(xDiff == yDiff) {&#10;&#9;&#9;&#9;int xDir = 1;&#10;&#9;&#9;&#9;int yDir = 1;&#10;&#10;&#9;&#9;&#9;// moving left&#10;&#9;&#9;&#9;if(move.startPosition.xCord - move.endPosition.xCord &gt; 0) {&#10;&#9;&#9;&#9;&#9;xDir = -1;&#10;&#9;&#9;&#9;}&#10;&#9;&#9;&#9;// moving up&#10;&#9;&#9;&#9;if(move.startPosition.yCord - move.endPosition.yCord &gt; 0) {&#10;&#9;&#9;&#9;&#9;yDir = -1;&#10;&#9;&#9;&#9;}&#10;&#10;&#9;&#9;&#9;for(int i=1; i &lt; yDiff; i++ ) {&#10;&#9;&#9;&#9;&#9;Tile t = board.tiles[move.startPosition.xCord + (xDir * i)][move.startPosition.yCord + (yDir * i)];&#10;&#9;&#9;&#9;&#9;if(t.piece != null) {&#10;&#9;&#9;&#9;&#9;&#9;return false;&#10;&#9;&#9;&#9;&#9;}&#10;&#9;&#9;&#9;}&#10;&#9;&#9;&#9;return true;&#10;&#9;&#9;}&#10;&#10;&#9;&#9;return false;&#10;&#9;}&#10;&#10;&#9;/**&#10;&#9; * This method verifies the move is valid for the specified piece.&#10;&#9; * @param move The suggested move inputed by the player.&#10;&#9; * @param board The board in its current state&#10;&#9; * @return true if it's a valid move, false if invalid&#10;&#9; */&#10;&#9;public boolean validateRookMove(Move move, Board board)&#10;&#9;{&#10;&#9;&#9;// check what the move way is, horizontal or diagonal&#10;&#9;&#9;int xDiff = Math.abs(move.startPosition.xCord - move.endPosition.xCord);&#10;&#9;&#9;int yDiff = Math.abs(move.startPosition.yCord - move.endPosition.yCord);&#10;&#10;&#9;&#9;// if it attacks the same team&#10;&#9;&#9;if(move.endPosition.piece != null &amp;&amp; move.endPosition.piece.owner == move.activePlayer) {&#10;&#9;&#9;&#9;return false;&#10;&#9;&#9;}&#10;&#10;&#9;&#9;int xDir = 1;&#10;&#9;&#9;int yDir = 1;&#10;&#10;&#9;&#9;// moving left&#10;&#9;&#9;if(move.startPosition.xCord - move.endPosition.xCord &gt; 0) {&#10;&#9;&#9;&#9;xDir = -1;&#10;&#9;&#9;}&#10;&#9;&#9;// moving up&#10;&#9;&#9;if(move.startPosition.yCord - move.endPosition.yCord &gt; 0) {&#10;&#9;&#9;&#9;yDir = -1;&#10;&#9;&#9;}&#10;&#10;&#9;&#9;// vertical movement&#10;&#9;&#9;if(xDiff == 0) {&#10;&#9;&#9;&#9;for(int i=1; i &lt; yDiff; i++ ) {&#10;&#10;&#9;&#9;&#9;&#9;Tile t = board.tiles[move.startPosition.xCord][move.startPosition.yCord + (yDir * i)];&#10;&#9;&#9;&#9;&#9;if(t.piece != null) {&#10;&#9;&#9;&#9;&#9;&#9;return false;&#10;&#9;&#9;&#9;&#9;}&#10;&#9;&#9;&#9;}&#10;&#9;&#9;&#9;return true;&#10;&#9;&#9;}&#10;&#9;&#9;// horizontal movement&#10;&#9;&#9;else if(yDiff == 0) {&#10;&#9;&#9;&#9;for(int i=1; i &lt; xDiff; i++ ) {&#10;&#9;&#9;&#9;&#9;Tile t = board.tiles[move.startPosition.xCord + (xDir * i)][move.startPosition.yCord];&#10;&#9;&#9;&#9;&#9;if(t.piece != null) {&#10;&#9;&#9;&#9;&#9;&#9;return false;&#10;&#9;&#9;&#9;&#9;}&#10;&#9;&#9;&#9;}&#10;&#9;&#9;&#9;return true;&#10;&#9;&#9;}&#10;&#10;&#9;&#9;return false;&#10;&#9;}&#10;&#10;&#9;/**&#10;&#9; * This method verifies the move is valid for the specified piece.&#10;&#9; * @param move The suggested move inputed by the player.&#10;&#9; * @param board The board in its current state&#10;&#9; * @return true if it's a valid move, false if invalid&#10;&#9; */&#10;&#9;public boolean validateKnightMove(Move move, Board board)&#10;&#9;{&#10;&#9;&#9;// if it attacks the same team&#10;&#9;&#9;if(move.endPosition.piece != null &amp;&amp; move.endPosition.piece.owner == move.activePlayer) {&#10;&#9;&#9;&#9;return false;&#10;&#9;&#9;}&#10;&#10;&#9;&#9;// check what the move way is, horizontal or diagonal&#10;&#9;&#9;int xDiff = Math.abs(move.startPosition.xCord - move.endPosition.xCord);&#10;&#9;&#9;int yDiff = Math.abs(move.startPosition.yCord - move.endPosition.yCord);&#10;&#10;&#10;&#9;&#9;if(yDiff == 2 &amp;&amp; xDiff == 1) {&#10;&#9;&#9;&#9;return true;&#10;&#9;&#9;}&#10;&#9;&#9;else if(yDiff == 1 &amp;&amp; xDiff == 2) {&#10;&#9;&#9;&#9;return true;&#10;&#9;&#9;}&#10;&#10;&#9;&#9;return false;&#10;&#9;}&#10;&#10;&#9;/**&#10;&#9; * This method verifies the move is valid for the specified piece.&#10;&#9; * @param move The suggested move inputed by the player.&#10;&#9; * @param board The board in its current state&#10;&#9; * @return true if it's a valid move, false if invalid&#10;&#9; */&#10;&#9;public boolean validateKingMove(Move move, Board board)&#10;&#9;{&#10;&#9;&#9;// if it attacks the same team&#10;&#9;&#9;if(move.endPosition.piece != null &amp;&amp; move.endPosition.piece.owner == move.activePlayer) {&#10;&#9;&#9;&#9;return false;&#10;&#9;&#9;}&#10;&#10;&#9;&#9;// check what the move way is, horizontal or diagonal&#10;&#9;&#9;int xDiff = Math.abs(move.startPosition.xCord - move.endPosition.xCord);&#10;&#9;&#9;int yDiff = Math.abs(move.startPosition.yCord - move.endPosition.yCord);&#10;&#10;&#10;&#9;&#9;if(yDiff &lt;= 1 &amp;&amp; xDiff &lt;= 1) {&#10;&#9;&#9;&#9;return true;&#10;&#9;&#9;}&#10;&#9;&#9;// the king is attempting to castle&#10;&#9;&#9;else if(xDiff == 2) {&#10;&#9;&#9;&#9;// can't castle if the king has moved&#10;&#9;&#9;&#9;if(move.piece.hasMoved == true) {&#10;&#9;&#9;&#9;&#9;return false;&#10;&#9;&#9;&#9;}&#10;&#9;&#9;&#9;int startXCord = move.startPosition.xCord;&#10;&#9;&#9;&#9;int startYCord = move.startPosition.yCord;&#10;&#10;&#9;&#9;&#9;// check right rook&#10;&#9;&#9;&#9;if(move.startPosition.xCord &lt; move.endPosition.xCord) {&#10;&#9;&#9;&#9;&#9;// if a piece isn't there, if it has moved, or if it isn't a rook, it doesn't pass&#10;&#9;&#9;&#9;&#9;if(board.tiles[7][startYCord].piece == null || board.tiles[7][startYCord].piece.hasMoved == true || board.tiles[7][startYCord].piece.getClass() != Rook.class) {&#10;&#9;&#9;&#9;&#9;&#9;return false;&#10;&#9;&#9;&#9;&#9;}&#10;&#10;&#9;&#9;&#9;&#9;// if there are no pieces inbetween&#10;&#9;&#9;&#9;&#9;if(board.tiles[startXCord + 1][startYCord].piece == null &amp;&amp; board.tiles[startXCord + 2][startYCord].piece == null &amp;&amp; board.tiles[startXCord + 3][startYCord].piece == null) {&#10;&#9;&#9;&#9;&#9;&#9;board.tiles[startXCord + 1][startYCord].piece = board.tiles[7][startYCord].piece;&#10;&#9;&#9;&#9;&#9;&#9;board.tiles[7][startYCord].piece = null;&#10;&#9;&#9;&#9;&#9;&#9;return true;&#10;&#9;&#9;&#9;&#9;}&#10;&#9;&#9;&#9;}&#10;&#9;&#9;&#9;// check left rook&#10;&#9;&#9;&#9;else {&#10;&#9;&#9;&#9;&#9;// if a piece isn't there, if it has moved, or if it isn't a rook, it doesn't pass&#10;&#9;&#9;&#9;&#9;if(board.tiles[0][startYCord].piece == null || board.tiles[0][startYCord].piece.hasMoved == true || board.tiles[0][startYCord].piece.getClass() != Rook.class) {&#10;&#9;&#9;&#9;&#9;&#9;return false;&#10;&#9;&#9;&#9;&#9;}&#10;&#10;&#9;&#9;&#9;&#9;// if there are no pieces inbetween&#10;&#9;&#9;&#9;&#9;if(board.tiles[startXCord - 1][startYCord].piece == null &amp;&amp; board.tiles[startXCord - 2][startYCord].piece == null) {&#10;&#9;&#9;&#9;&#9;&#9;board.tiles[startXCord - 1][startYCord].piece = board.tiles[0][startYCord].piece;&#10;&#9;&#9;&#9;&#9;&#9;board.tiles[0][startYCord].piece = null;&#10;&#9;&#9;&#9;&#9;&#9;return true;&#10;&#9;&#9;&#9;&#9;}&#10;&#9;&#9;&#9;}&#10;&#9;&#9;}&#10;&#10;&#9;&#9;return false;&#10;&#9;}&#10;&#10;&#9;/**&#10;&#9; * This method verifies the move is valid for all pieces. It does this by calling the specific method for each piece, as well as calling the method to check for boardstate.&#10;&#9; * @param move The suggested move inputed by the player.&#10;&#9; * @param board The board in its current state&#10;&#9; * @return true if it's a valid move, false if invalid&#10;&#9; */&#10;&#9;public int ValidateMove(Move move, Board board)&#10;&#9;{&#10;&#9;&#9;int isValid = 1;&#10;&#10;&#9;&#9;if(move.piece.getClass() == Pawn.class) {&#10;&#9;&#9;&#9;isValid = (validatePawnMove(move, board) == true) ? 0 : 1;&#10;&#9;&#9;}&#10;&#9;&#9;else if(move.piece.getClass() == Bishop.class) {&#10;&#9;&#9;&#9;isValid = (validateBishopMove(move, board) == true) ? 0 : 1;&#10;&#9;&#9;}&#10;&#9;&#9;else if(move.piece.getClass() == Queen.class) {&#10;&#9;&#9;&#9;isValid = (validateQueenMove(move, board) == true) ? 0 : 1;&#10;&#9;&#9;}&#10;&#9;&#9;else if(move.piece.getClass() == Rook.class) {&#10;&#9;&#9;&#9;isValid = (validateRookMove(move, board) == true) ? 0 : 1;&#10;&#9;&#9;}&#10;&#9;&#9;else if(move.piece.getClass() == Knight.class) {&#10;&#9;&#9;&#9;isValid = (validateKnightMove(move, board) == true) ? 0 : 1;&#10;&#9;&#9;}&#10;&#9;&#9;else if(move.piece.getClass() == King.class) {&#10;&#9;&#9;&#9;isValid = (validateKingMove(move, board) == true) ? 0 : 1;&#10;&#9;&#9;}&#10;&#10;&#9;&#9;if(isValid == 1) {&#10;&#9;&#9;&#9;View.setErrorMessage(&quot;Illegally inputted move, piece can't move in the specified manner.&quot;);&#10;&#9;&#9;}&#10;&#10;&#9;&#9;isValid = validateBoardState(move, board) ? isValid : 2;&#10;&#9;&#9;if(isValid == 2) {&#10;&#9;&#9;&#9;View.setErrorMessage(&quot;Move puts the King in check&quot;);&#10;&#9;&#9;}&#10;&#10;&#9;&#9;return isValid;&#10;&#9;}&#10;&#10;&#9;/**&#10;&#9; * This method is used to check if the player has their opponent in check on the given board&#10;&#9; * @param activePlayer - the player who has established check&#10;&#9; * @param board - the board you want to check for check on&#10;&#9; * @return true if the active player has their opponent in check, false otherwise&#10;&#9; */&#10;&#9;public boolean CheckForCheck(Player activePlayer, Board board) {&#10;&#10;&#9;&#9;//locate the friendly and enemy kings&#10;&#9;&#9;Tile kingPosition = null;&#10;&#9;&#9;Tile enemyKing = null;&#10;&#9;&#9;for (Tile tile: board.listOfTiles) {&#10;&#9;&#9;&#9;if (tile.piece != null) {&#10;&#9;&#9;&#9;&#9;if (tile.piece.getClass() == King.class &amp;&amp; tile.piece.owner == activePlayer) {&#10;&#9;&#9;&#9;&#9;&#9;kingPosition = tile;&#10;&#9;&#9;&#9;&#9;}&#10;&#9;&#9;&#9;&#9;else if (tile.piece.getClass() == King.class &amp;&amp; tile.piece.owner != activePlayer) {&#10;&#9;&#9;&#9;&#9;&#9;enemyKing = tile;&#10;&#9;&#9;&#9;&#9;}&#10;&#9;&#9;&#9;}&#10;&#9;&#9;}&#10;&#9;&#9;//if (kingPosition == null) { return false; }&#10;&#9;&#9;if (enemyKing == null) { return false; }&#10;&#10;&#9;&#9;//iterate through the active players pieces and tell them to try and kill the enemy king&#10;&#9;&#9;//if they can (legally) then the active player has their opponent in check&#10;&#9;&#9;for (Tile tile : board.listOfTiles) {&#10;&#9;&#9;&#9;if (tile.piece != null) {&#10;&#9;&#9;&#9;&#9;if (tile.piece.owner == activePlayer) {&#10;&#9;&#9;&#9;&#9;&#9;//try to kill the king&#10;&#9;&#9;&#9;&#9;&#9;Move regicide = new Move();&#10;&#9;&#9;&#9;&#9;&#9;regicide.activePlayer = tile.piece.owner;&#10;&#9;&#9;&#9;&#9;&#9;regicide.startPosition = tile;&#10;&#9;&#9;&#9;&#9;&#9;regicide.endPosition = enemyKing;&#10;&#9;&#9;&#9;&#9;&#9;regicide.piece = tile.piece;&#10;&#10;&#9;&#9;&#9;&#9;&#9;boolean isValid = false;&#10;&#9;&#9;&#9;&#9;&#9;if(regicide.piece.getClass() == Pawn.class) {&#10;&#9;&#9;&#9;&#9;&#9;&#9;isValid = validatePawnMove(regicide, board);&#10;&#9;&#9;&#9;&#9;&#9;}&#10;&#9;&#9;&#9;&#9;&#9;else if(regicide.piece.getClass() == Bishop.class) {&#10;&#9;&#9;&#9;&#9;&#9;&#9;isValid = validateBishopMove(regicide, board);&#10;&#9;&#9;&#9;&#9;&#9;}&#10;&#9;&#9;&#9;&#9;&#9;else if(regicide.piece.getClass() == Queen.class) {&#10;&#9;&#9;&#9;&#9;&#9;&#9;isValid = validateQueenMove(regicide, board);&#10;&#9;&#9;&#9;&#9;&#9;}&#10;&#9;&#9;&#9;&#9;&#9;else if(regicide.piece.getClass() == Rook.class) {&#10;&#9;&#9;&#9;&#9;&#9;&#9;isValid = validateRookMove(regicide, board);&#10;&#9;&#9;&#9;&#9;&#9;}&#10;&#9;&#9;&#9;&#9;&#9;else if(regicide.piece.getClass() == Knight.class) {&#10;&#9;&#9;&#9;&#9;&#9;&#9;isValid = validateKnightMove(regicide, board);&#10;&#9;&#9;&#9;&#9;&#9;}&#10;&#9;&#9;&#9;&#9;&#9;else if(regicide.piece.getClass() == King.class) {&#10;&#9;&#9;&#9;&#9;&#9;&#9;isValid = validateKingMove(regicide, board);&#10;&#9;&#9;&#9;&#9;&#9;}&#10;&#9;&#9;&#9;&#9;&#9;if (isValid) {&#10;&#9;&#9;&#9;&#9;&#9;&#9;return true;&#10;&#9;&#9;&#9;&#9;&#9;}&#10;&#9;&#9;&#9;&#9;}&#10;&#9;&#9;&#9;}&#10;&#9;&#9;}&#10;&#10;&#9;&#9;return false;&#10;&#9;}&#10;&#10;&#9;/**&#10;&#9; * Checks if a player would put themselves into check by doing the specified move&#10;&#9; * @param move The suggested move inputed by the player&#10;&#9; * @param board The board in its current state&#10;&#9; * @return true if the move will not put the active (moving) player in check, false otherwise&#10;&#9; */&#10;&#9;private boolean validateBoardState(Move move, Board board) {&#10;&#10;&#9;&#9;//create deep copies of move and board&#10;&#9;&#9;Board newBoard = new Board(board);&#10;&#9;&#9;Move newMove = new Move(move);&#10;&#10;&#9;&#9;newMove.ConvertToDifferentBoard(newBoard);&#10;&#10;&#9;&#9;//make the suggested move on the fake board&#10;&#9;&#9;newMove.startPosition.piece = null;&#10;&#9;&#9;newMove.endPosition.piece = newMove.piece;&#10;&#10;&#9;&#9;return !CheckForCheck(newMove.activePlayer.opponent, newBoard);&#10;&#10;&#9;}&#10;&#10;&#9;/**&#10;&#9; * Sets the boolean value for last move jump to false every move that occurs.&#10;&#9; * @param activePlayer The current player.&#10;&#9; * @param board The current board.&#10;&#9; */&#10;&#9;public void setLastMoveJump(Player activePlayer, Board board){&#10;&#9;&#9;for(int y = 0; y &lt; board.height; y++) {&#10;&#9;&#9;&#9;for(int x = 0; x &lt; board.width; x++) {&#10;&#9;&#9;&#9;&#9;if (board.tiles[x][y].piece != null) {&#10;&#9;&#9;&#9;&#9;&#9;if(board.tiles[x][y].piece.getClass() == Pawn.class &amp;&amp; board.tiles[x][y].piece.owner == activePlayer){&#10;&#9;&#9;&#9;&#9;&#9;&#9;Pawn p = (Pawn)board.tiles[x][y].piece;&#10;&#9;&#9;&#9;&#9;&#9;&#9;p.lastMoveJump = false;&#10;&#9;&#9;&#9;&#9;&#9;}&#10;&#9;&#9;&#9;&#9;}&#10;&#9;&#9;&#9;}&#10;&#9;&#9;}&#10;&#9;}&#10;&#10;&#10;&#9;/**&#10;&#9; * Checks for special conditions, such as checkmate.&#10;&#9; * @param activePlayer the current (moving) player.&#10;&#9; * @param board The current board.&#10;&#9; * @param move The move that just occurred.&#10;&#9; * @return MoveCompleteResult The result of the move occurring.&#10;&#9; */&#10;&#9;public MoveCompleteResult ruleCompleteMove(Board board, Move move){&#10;&#9;&#9;setLastMoveJump(move.activePlayer, board);&#10;&#9;&#9;if(move.piece.getClass() == Pawn.class &amp;&amp; Math.abs(move.startPosition.yCord - move.endPosition.yCord) == 2) {&#10;&#9;&#9;&#9;Pawn p = (Pawn)move.piece;&#10;&#9;&#9;&#9;p.lastMoveJump = true;&#10;&#9;&#9;}else if(move.piece.getClass() == Pawn.class &amp;&amp; move.endPosition.yCord == 7 &amp;&amp; move.piece.owner.color.equals(&quot;White&quot;)) {&#10;&#9;&#9;&#9;getPawnPromotionInput(board, move);&#10;&#9;&#9;}else if(move.piece.getClass() == Pawn.class &amp;&amp; move.endPosition.yCord == 0 &amp;&amp; move.piece.owner.color.equals(&quot;Black&quot;)) {&#10;&#9;&#9;&#9;getPawnPromotionInput(board, move);&#10;&#9;&#9;}&#10;&#10;&#9;&#9;//System.out.println(&quot;Does &quot; + move.activePlayer + &quot; have opp in Check? &quot; + CheckForCheck(move.activePlayer, board));&#10;&#9;&#9;//this move has put the opponent in (at least) check&#10;&#9;&#9;if (CheckForCheck(move.activePlayer, board)) {&#10;&#10;&#9;&#9;&#9;boolean checkmate = true;&#10;&#9;&#9;&#9;Board newBoard = new Board(board);&#10;&#9;&#9;&#9;Move savingMove = null;&#10;&#10;&#9;&#9;&#9;for (Tile tile: newBoard.listOfTiles) {&#10;&#9;&#9;&#9;&#9;if (checkmate &amp;&amp; tile.piece != null &amp;&amp; tile.piece.owner == move.activePlayer.opponent) {&#10;&#10;&#9;&#9;&#9;&#9;&#9;for (Tile endPosition: newBoard.listOfTiles) {&#10;&#9;&#9;&#9;&#9;&#9;&#9;savingMove = new Move();&#10;&#9;&#9;&#9;&#9;&#9;&#9;savingMove.activePlayer = move.activePlayer.opponent;&#10;&#9;&#9;&#9;&#9;&#9;&#9;savingMove.piece = tile.piece;&#10;&#9;&#9;&#9;&#9;&#9;&#9;savingMove.startPosition = tile;&#10;&#9;&#9;&#9;&#9;&#9;&#9;savingMove.endPosition = endPosition;&#10;&#9;&#9;&#9;&#9;&#9;&#9;//System.out.println(&quot;New saving move attempt: &quot; + savingMove.piece + &quot; &quot; + savingMove.startPosition.xCord + &quot;,&quot; + savingMove.startPosition.yCord + &quot;-&quot; + savingMove.endPosition.xCord + &quot;,&quot; + savingMove.endPosition.yCord);&#10;&#10;&#9;&#9;&#9;&#9;&#9;&#9;boolean isValid = false;&#10;&#9;&#9;&#9;&#9;&#9;&#9;if(savingMove.piece.getClass() == Pawn.class) {&#10;&#9;&#9;&#9;&#9;&#9;&#9;&#9;isValid = validatePawnMove(savingMove, newBoard);&#10;&#9;&#9;&#9;&#9;&#9;&#9;}&#10;&#9;&#9;&#9;&#9;&#9;&#9;else if(savingMove.piece.getClass() == Bishop.class) {&#10;&#9;&#9;&#9;&#9;&#9;&#9;&#9;isValid = validateBishopMove(savingMove, newBoard);&#10;&#9;&#9;&#9;&#9;&#9;&#9;}&#10;&#9;&#9;&#9;&#9;&#9;&#9;else if(savingMove.piece.getClass() == Queen.class) {&#10;&#9;&#9;&#9;&#9;&#9;&#9;&#9;isValid = validateQueenMove(savingMove, newBoard);&#10;&#9;&#9;&#9;&#9;&#9;&#9;}&#10;&#9;&#9;&#9;&#9;&#9;&#9;else if(savingMove.piece.getClass() == Rook.class) {&#10;&#9;&#9;&#9;&#9;&#9;&#9;&#9;isValid = validateRookMove(savingMove, newBoard);&#10;&#9;&#9;&#9;&#9;&#9;&#9;}&#10;&#9;&#9;&#9;&#9;&#9;&#9;else if(savingMove.piece.getClass() == Knight.class) {&#10;&#9;&#9;&#9;&#9;&#9;&#9;&#9;isValid = validateKnightMove(savingMove, newBoard);&#10;&#9;&#9;&#9;&#9;&#9;&#9;}&#10;&#9;&#9;&#9;&#9;&#9;&#9;else if(savingMove.piece.getClass() == King.class) {&#10;&#9;&#9;&#9;&#9;&#9;&#9;&#9;isValid = validateKingMove(savingMove, newBoard);&#10;&#9;&#9;&#9;&#9;&#9;&#9;}&#10;&#9;&#9;&#9;&#9;&#9;&#9;//System.out.println(&quot;valid? &quot; + isValid);&#10;&#9;&#9;&#9;&#9;&#9;&#9;if (isValid) {&#10;&#9;&#9;&#9;&#9;&#9;&#9;&#9;Board tempBoard = new Board(newBoard);&#10;&#9;&#9;&#9;&#9;&#9;&#9;&#9;savingMove.ConvertToDifferentBoard(tempBoard);&#10;&#10;&#9;&#9;&#9;&#9;&#9;&#9;&#9;//do the move&#10;&#9;&#9;&#9;&#9;&#9;&#9;&#9;savingMove.startPosition.piece = null;&#10;&#9;&#9;&#9;&#9;&#9;&#9;&#9;savingMove.endPosition.piece = savingMove.piece;&#10;&#10;&#9;&#9;&#9;&#9;&#9;&#9;&#9;//System.out.println(&quot;but does it get us out of check? &quot; + !CheckForCheck(move.activePlayer, tempBoard));&#10;&#9;&#9;&#9;&#9;&#9;&#9;&#9;if (!CheckForCheck(move.activePlayer, tempBoard)) {&#10;&#9;&#9;&#9;&#9;&#9;&#9;&#9;&#9;checkmate = false;&#10;&#9;&#9;&#9;&#9;&#9;&#9;&#9;}&#10;&#9;&#9;&#9;&#9;&#9;&#9;}&#10;&#9;&#9;&#9;&#9;&#9;}&#10;&#9;&#9;&#9;&#9;}&#10;&#9;&#9;&#9;}&#10;&#10;&#9;&#9;&#9;if (checkmate) {&#10;&#9;&#9;&#9;&#9;System.out.println(move.activePlayer + &quot; has put &quot; + move.activePlayer.opponent + &quot; into checkmate!&quot;);&#10;&#9;&#9;&#9;&#9;MoveCompleteResult moveResult = new MoveCompleteResult(true);&#10;&#9;&#9;&#9;&#9;moveResult.winner = move.activePlayer;&#10;&#9;&#9;&#9;&#9;return moveResult;&#10;&#9;&#9;&#9;}&#10;&#10;&#9;&#9;&#9;System.out.println(move.activePlayer + &quot; has put &quot; + move.activePlayer.opponent + &quot; into check.&quot;);&#10;&#9;&#9;}&#10;&#9;&#9;return new MoveCompleteResult(false);&#10;&#9;}&#10;&#10;&#9;/**&#10;&#9; * Gets input for doing the Pawn Promotion&#10;&#9; */&#10;&#9;public void getPawnPromotionInput(Board board, Move move){&#10;&#9;&#9;System.out.println(&quot;Please enter a valid input for Pawn Promotion. Choose between Q (Queen), R (Rook), N (Knight), and B (Bishop).&quot;);&#10;&#9;&#9;BufferedReader br = new BufferedReader(new InputStreamReader(System.in));&#10;&#9;&#9;String input = null;&#10;&#9;&#9;while (input == null) {&#10;&#9;&#9;&#9;try {&#10;&#9;&#9;&#9;&#9;input = br.readLine();&#10;&#9;&#9;&#9;} catch (IOException e) {&#10;&#9;&#9;&#9;&#9;input = null;&#10;&#9;&#9;&#9;&#9;System.out.println(&quot;Input Error: Unable to read input.&quot;);&#10;&#9;&#9;&#9;}&#10;&#9;&#9;&#9;if (input != null) {&#10;&#9;&#9;&#9;&#9;try {&#10;&#9;&#9;&#9;&#9;&#9;if(input.equalsIgnoreCase(&quot;q&quot;) || input.equalsIgnoreCase(&quot;queen&quot;)) {&#10;&#9;&#9;&#9;&#9;&#9;&#9;board.tiles[move.endPosition.xCord][move.endPosition.yCord].addPiece(new Queen(move.activePlayer));&#10;&#9;&#9;&#9;&#9;&#9;}&#10;&#9;&#9;&#9;&#9;&#9;else if(input.equalsIgnoreCase(&quot;r&quot;) || input.equalsIgnoreCase(&quot;rook&quot;)) {&#10;&#9;&#9;&#9;&#9;&#9;&#9;board.tiles[move.endPosition.xCord][move.endPosition.yCord].addPiece(new Rook(move.activePlayer));&#10;&#9;&#9;&#9;&#9;&#9;}&#10;&#9;&#9;&#9;&#9;&#9;else if(input.equalsIgnoreCase(&quot;n&quot;) || input.equalsIgnoreCase(&quot;knight&quot;)) {&#10;&#9;&#9;&#9;&#9;&#9;&#9;board.tiles[move.endPosition.xCord][move.endPosition.yCord].addPiece(new Knight(move.activePlayer));&#10;&#9;&#9;&#9;&#9;&#9;}&#10;&#9;&#9;&#9;&#9;&#9;else if(input.equalsIgnoreCase(&quot;b&quot;) || input.equalsIgnoreCase(&quot;bishop&quot;)) {&#10;&#9;&#9;&#9;&#9;&#9;&#9;board.tiles[move.endPosition.xCord][move.endPosition.yCord].addPiece(new Bishop(move.activePlayer));&#10;&#9;&#9;&#9;&#9;&#9;}&#10;&#9;&#9;&#9;&#9;&#9;else{&#10;&#9;&#9;&#9;&#9;&#9;&#9;input = null;&#10;&#9;&#9;&#9;&#9;&#9;&#9;System.out.println(&quot;Please choose a valid input between Q (Queen), R (Rook), N (Knight), and B (Bishop).&quot;);&#10;&#9;&#9;&#9;&#9;&#9;}&#10;&#9;&#9;&#9;&#9;}&#10;&#9;&#9;&#9;&#9;catch (Exception e)&#10;&#9;&#9;&#9;&#9;{&#10;&#9;&#9;&#9;&#9;&#9;input = null;&#10;&#9;&#9;&#9;&#9;&#9;System.out.println(&quot;Please choose a valid input between Q (Queen), R (Rook), N (Knight), and B (Bishop).&quot;);&#10;&#9;&#9;&#9;&#9;}&#10;&#9;&#9;&#9;}&#10;&#9;&#9;}&#10;&#9;}&#10;&#10;&#9;/**&#10;&#9; * Called before every move, checks for stalemate and ends the game accordingly.&#10;&#9; */&#10;&#9;public boolean checkForStalemate(Player activePlayer, Board board) {&#10;&#9;&#9;//Check all pieces for a valid move, to start with the player doesn't need to move his King.&#10;&#9;&#9;Tile kingTile = null;&#10;&#10;&#9;&#9;for (Tile tile : board.listOfTiles) {&#10;&#9;&#9;&#9;if (tile.piece != null) {&#10;&#9;&#9;&#9;&#9;if (tile.piece.owner == activePlayer) {&#10;&#9;&#9;&#9;&#9;&#9;Move exMove = new Move();&#10;&#9;&#9;&#9;&#9;&#9;exMove.activePlayer = tile.piece.owner;&#10;&#9;&#9;&#9;&#9;&#9;exMove.startPosition = tile;&#10;&#9;&#9;&#9;&#9;&#9;exMove.piece = tile.piece;&#10;&#9;&#9;&#9;&#9;&#9;if(tile.piece.getClass() == King.class) {&#10;&#9;&#9;&#9;&#9;&#9;&#9;kingTile = tile;&#10;&#9;&#9;&#9;&#9;&#9;}&#10;&#9;&#9;&#9;&#9;&#9;for (Tile endTile : board.listOfTiles) {&#10;&#9;&#9;&#9;&#9;&#9;&#9;exMove.endPosition = endTile;&#10;&#9;&#9;&#9;&#9;&#9;&#9;boolean isValid = false;&#10;&#9;&#9;&#9;&#9;&#9;&#9;if(exMove.piece.getClass() == Pawn.class) {&#10;&#9;&#9;&#9;&#9;&#9;&#9;&#9;isValid = validatePawnMove(exMove, board);&#10;&#9;&#9;&#9;&#9;&#9;&#9;}&#10;&#9;&#9;&#9;&#9;&#9;&#9;else if(exMove.piece.getClass() == Bishop.class) {&#10;&#9;&#9;&#9;&#9;&#9;&#9;&#9;isValid = validateBishopMove(exMove, board);&#10;&#9;&#9;&#9;&#9;&#9;&#9;}&#10;&#9;&#9;&#9;&#9;&#9;&#9;else if(exMove.piece.getClass() == Queen.class) {&#10;&#9;&#9;&#9;&#9;&#9;&#9;&#9;isValid = validateQueenMove(exMove, board);&#10;&#9;&#9;&#9;&#9;&#9;&#9;}&#10;&#9;&#9;&#9;&#9;&#9;&#9;else if(exMove.piece.getClass() == Rook.class) {&#10;&#9;&#9;&#9;&#9;&#9;&#9;&#9;isValid = validateRookMove(exMove, board);&#10;&#9;&#9;&#9;&#9;&#9;&#9;}&#10;&#9;&#9;&#9;&#9;&#9;&#9;else if(exMove.piece.getClass() == Knight.class) {&#10;&#9;&#9;&#9;&#9;&#9;&#9;&#9;isValid = validateKnightMove(exMove, board);&#10;&#9;&#9;&#9;&#9;&#9;&#9;}&#10;&#9;&#9;&#9;&#9;&#9;&#9;if (isValid) {&#10;&#9;&#9;&#9;&#9;&#9;&#9;&#9;return false;&#10;&#9;&#9;&#9;&#9;&#9;&#9;}&#10;&#9;&#9;&#9;&#9;&#9;}&#10;&#9;&#9;&#9;&#9;}&#10;&#9;&#9;&#9;}&#10;&#9;&#9;}&#10;&#10;&#9;&#9;//Has no valid moves other than potentially the king.&#10;&#9;&#9;if(kingTile == null) { //player has no king, can't be in stalemate with no king.&#10;&#9;&#9;&#9;return false;&#10;&#9;&#9;}&#10;&#10;&#9;&#9;//Loop through all the potential moved for the king, and check if the player is in check for each of them.&#10;&#9;&#9;Move exMove = new Move();&#10;&#9;&#9;exMove.activePlayer = activePlayer;&#10;&#9;&#9;exMove.startPosition = kingTile;&#10;&#9;&#9;exMove.piece = kingTile.piece;&#10;&#10;&#9;&#9;for (Tile endTile : board.listOfTiles) {&#10;&#9;&#9;&#9;exMove.endPosition = endTile;&#10;&#9;&#9;&#9;if(!validateKingMove(exMove, board)) {&#10;&#9;&#9;&#9;&#9;continue;&#10;&#9;&#9;&#9;}&#10;&#9;&#9;&#9;//is a valid move for the king. Perform the move on a fake board and check for check.&#10;&#9;&#9;&#9;Board newBoard = new Board(board);&#9;&#10;&#9;&#9;&#9;newBoard.tiles[endTile.xCord][endTile.yCord].piece = new King(activePlayer);&#10;&#9;&#9;&#9;newBoard.tiles[kingTile.xCord][kingTile.yCord].piece = null;&#10;&#10;&#9;&#9;&#9;if(!CheckForCheck(activePlayer.opponent, newBoard)) { //opponent doesn't have them in check after the move&#10;&#9;&#9;&#9;&#9;return false;&#10;&#9;&#9;&#9;}&#10;&#9;&#9;}&#10;&#10;&#9;&#9;return true;&#10;&#9;}&#10;&#10;&#9;/**&#10;&#9; * Gives the stalemate message based on which player was put into stalemate.&#10;&#9; * @param activePlayer - The player who's turn it currently is.&#10;&#9; * @return true if the current player was just put into stalemate, false if they weren't&#10;&#9; */&#10;&#9;public String getStalemateMessage(Player activePlayer) {&#10;&#9;&#9;return this.stalemateMessage;&#10;&#9;}&#10;}&#10;" Filename="ClassicChess.java" Intrnl_Id="19"/>
<SrcFile Content="package game;&#10;import java.util.*;&#10;&#10;public class Board {&#10;&#9;public Tile[][] tiles;&#10;&#9;public int width = 0;&#10;&#9;public int height = 0;&#10;&#9;&#10;&#9;public List&lt;Tile&gt; listOfTiles = new ArrayList&lt;Tile&gt;();&#10;&#9;&#10;&#9;&#10;&#9;public Board(int width, int height) {&#10;&#9;&#9;&#10;&#9;&#9;this.width = width;&#10;&#9;&#9;this.height = height;&#10;&#9;&#9;&#10;&#9;&#9;tiles = new Tile[width][height];&#10;&#9;&#9;for(int x = 0; x &lt; width; x++) {&#10;&#9;&#9;&#9;for(int y = 0; y &lt; height; y++) {&#10;&#9;&#9;&#9;&#9;Tile tile = new Tile();&#10;&#9;&#9;&#9;&#9;tile.xCord = x;&#10;&#9;&#9;&#9;&#9;tile.yCord = y;&#10;&#9;&#9;&#9;&#9;tiles[x][y] = tile;&#10;&#9;&#9;&#9;&#9;listOfTiles.add(tile);&#10;&#9;&#9;&#9;}&#10;&#9;&#9;}&#10;&#9;}&#10;&#9;&#10;&#9;//creates a deep copy of board&#10;&#9;public Board(Board board) {&#10;&#9;&#9;width = board.width;&#10;&#9;&#9;height = board.height;&#10;&#9;&#9;&#10;&#9;&#9;tiles = new Tile[width][height];&#10;&#9;&#9;for(int x = 0; x &lt; width; x++) {&#10;&#9;&#9;&#9;for(int y = 0; y &lt; height; y++) {&#10;&#9;&#9;&#9;&#9;Tile tile = new Tile();&#10;&#9;&#9;&#9;&#9;tile.xCord = x;&#10;&#9;&#9;&#9;&#9;tile.yCord = y;&#10;&#9;&#9;&#9;&#9;tiles[x][y] = tile;&#10;&#9;&#9;&#9;&#9;listOfTiles.add(tile);&#10;&#9;&#9;&#9;}&#10;&#9;&#9;}&#10;&#9;&#9;for (Tile tile: board.listOfTiles) {&#10;&#9;&#9;&#9;if (tile.piece != null) {&#10;&#9;&#9;&#9;&#9;AddPiece(tile.piece, tile.xCord, tile.yCord);&#10;&#9;&#9;&#9;}&#10;&#9;&#9;}&#10;&#9;}&#10;&#9;&#10;&#9;public void AddPiece(Piece piece, int xCoord, int yCoord) {&#10;&#9;&#9;tiles[xCoord][yCoord].addPiece(piece);&#10;&#9;}&#10;}" Filename="Board.java" Intrnl_Id="20"/>
<SrcFile Content="package game;&#10;&#10;/**&#10; * Extends Piece and uses a letter to represent the value&#10; */&#10;public class Bishop extends Piece {&#10;&#9;public Bishop (Player owner) {&#10;&#9;&#9;super(owner);&#10;&#9;}&#10;&#10;&#9;/**&#10;&#9; * returns the letter that represents the piece for the color they are on&#10;&#9; */&#10;&#9;public String toString() {&#10;&#9;&#9;if (owner.color.equals(&quot;White&quot;)) {&#10;&#9;&#9;&#9;return &quot;B&quot;;&#10;&#9;&#9;}&#10;&#9;&#9;return &quot;b&quot;;&#10;&#9;&#9;&#10;&#9;}&#10;}" Filename="Bishop.java" Intrnl_Id="21"/>
</SrcFileList>
<CritList>
<CritListEntry Name="org.codecover.model.utils.criteria.BranchCoverage" PluginName="org.codecover"/>
<CritListEntry Name="org.codecover.model.utils.criteria.ConditionCoverage" PluginName="org.codecover"/>
<CritListEntry Name="org.codecover.model.utils.criteria.StatementCoverage" PluginName="org.codecover"/>
</CritList>
<BoolOpList>
<BoolOp Arity="1" Intrnl_Id="22" Name="not (!)">
<BoolAssgnmntBoolMapList>
<MapEntry BoolAssgnmnt="0" Value="true"/>
<MapEntry BoolAssgnmnt="1" Value="false"/>
</BoolAssgnmntBoolMapList>
</BoolOp>
<BoolOp Arity="2" Intrnl_Id="23" Name="conditional and (&amp;&amp;)">
<BoolAssgnmntBoolMapList>
<MapEntry BoolAssgnmnt="10" Value="false"/>
<MapEntry BoolAssgnmnt="02" Value="false"/>
<MapEntry BoolAssgnmnt="11" Value="true"/>
</BoolAssgnmntBoolMapList>
</BoolOp>
<BoolOp Arity="2" Intrnl_Id="24" Name="conditional or (||)">
<BoolAssgnmntBoolMapList>
<MapEntry BoolAssgnmnt="01" Value="true"/>
<MapEntry BoolAssgnmnt="00" Value="false"/>
<MapEntry BoolAssgnmnt="12" Value="true"/>
</BoolAssgnmntBoolMapList>
</BoolOp>
</BoolOpList>
<HierarchyLvlTypeList>
<HierarchyLvlType EnglishName="package" IntrnlName="package" Intrnl_Id="25"/>
<HierarchyLvlType EnglishName="class" IntrnlName="class" Intrnl_Id="26"/>
<HierarchyLvlType EnglishName="method" IntrnlName="method" Intrnl_Id="27"/>
<HierarchyLvlType EnglishName="default package" IntrnlName="default package" Intrnl_Id="28"/>
</HierarchyLvlTypeList>
<MASTRoot>
<HierarchyLvl HierarchyLvlId="1146" HierarchyLvlTypeId="28" Intrnl_Id="29" Name="default package">
<Header/>
<LocList/>
<HierarchyLvl HierarchyLvlId="1145" HierarchyLvlTypeId="25" Intrnl_Id="30" Name="game">
<Header/>
<LocList/>
<HierarchyLvl HierarchyLvlId="997" HierarchyLvlTypeId="26" Intrnl_Id="31" Name="View">
<Header>
<Loc EndOffset="144" SrcFileId="1" StartOffset="127"/>
</Header>
<LocList>
<Loc EndOffset="2365" SrcFileId="1" StartOffset="127"/>
</LocList>
<HierarchyLvl HierarchyLvlId="986" HierarchyLvlTypeId="27" Intrnl_Id="32" Name="DisplayMenu">
<Header>
<Loc EndOffset="212" SrcFileId="1" StartOffset="187"/>
</Header>
<LocList>
<Loc EndOffset="523" SrcFileId="1" StartOffset="187"/>
</LocList>
<StmntSeq Intrnl_Id="33">
<LocList>
<Loc EndOffset="284" SrcFileId="1" StartOffset="217"/>
<Loc EndOffset="326" SrcFileId="1" StartOffset="287"/>
<Loc EndOffset="376" SrcFileId="1" StartOffset="329"/>
<Loc EndOffset="419" SrcFileId="1" StartOffset="379"/>
<Loc EndOffset="461" SrcFileId="1" StartOffset="422"/>
<Loc EndOffset="520" SrcFileId="1" StartOffset="464"/>
</LocList>
<BasicStmnt CovItemId="S1" CovItemPrefix="game.View.java" Intrnl_Id="34">
<LocList>
<Loc EndOffset="284" SrcFileId="1" StartOffset="217"/>
</LocList>
</BasicStmnt>
<BasicStmnt CovItemId="S2" CovItemPrefix="game.View.java" Intrnl_Id="35">
<LocList>
<Loc EndOffset="326" SrcFileId="1" StartOffset="287"/>
</LocList>
</BasicStmnt>
<BasicStmnt CovItemId="S3" CovItemPrefix="game.View.java" Intrnl_Id="36">
<LocList>
<Loc EndOffset="376" SrcFileId="1" StartOffset="329"/>
</LocList>
</BasicStmnt>
<BasicStmnt CovItemId="S4" CovItemPrefix="game.View.java" Intrnl_Id="37">
<LocList>
<Loc EndOffset="419" SrcFileId="1" StartOffset="379"/>
</LocList>
</BasicStmnt>
<BasicStmnt CovItemId="S5" CovItemPrefix="game.View.java" Intrnl_Id="38">
<LocList>
<Loc EndOffset="461" SrcFileId="1" StartOffset="422"/>
</LocList>
</BasicStmnt>
<BasicStmnt CovItemId="S6" CovItemPrefix="game.View.java" Intrnl_Id="39">
<LocList>
<Loc EndOffset="520" SrcFileId="1" StartOffset="464"/>
</LocList>
</BasicStmnt>
</StmntSeq>
</HierarchyLvl>
<HierarchyLvl HierarchyLvlId="987" HierarchyLvlTypeId="27" Intrnl_Id="40" Name="DisplayBoard">
<Header>
<Loc EndOffset="568" SrcFileId="1" StartOffset="527"/>
</Header>
<LocList>
<Loc EndOffset="1029" SrcFileId="1" StartOffset="527"/>
</LocList>
<StmntSeq Intrnl_Id="41">
<LocList>
<Loc EndOffset="625" SrcFileId="1" StartOffset="576"/>
<Loc EndOffset="967" SrcFileId="1" StartOffset="631"/>
<Loc EndOffset="1023" SrcFileId="1" StartOffset="973"/>
</LocList>
<BasicStmnt CovItemId="S7" CovItemPrefix="game.View.java" Intrnl_Id="42">
<LocList>
<Loc EndOffset="625" SrcFileId="1" StartOffset="576"/>
</LocList>
</BasicStmnt>
<LoopStmnt CovItemId="S8" CovItemPrefix="game.View.java" Intrnl_Id="43" MltplExecId="L1-2" MltplExecPrefix="game.View.java" NvrExecId="L1-0" NvrExecPrefix="game.View.java" OnceExecutedId="L1-1" OnceExecutedPrefix="game.View.java" OptBodyExec="true">
<StmntSeq Intrnl_Id="44">
<LocList>
<Loc EndOffset="706" SrcFileId="1" StartOffset="678"/>
<Loc EndOffset="925" SrcFileId="1" StartOffset="710"/>
<Loc EndOffset="963" SrcFileId="1" StartOffset="929"/>
</LocList>
<BasicStmnt CovItemId="S9" CovItemPrefix="game.View.java" Intrnl_Id="45">
<LocList>
<Loc EndOffset="706" SrcFileId="1" StartOffset="678"/>
</LocList>
</BasicStmnt>
<LoopStmnt CovItemId="S10" CovItemPrefix="game.View.java" Intrnl_Id="46" MltplExecId="L2-2" MltplExecPrefix="game.View.java" NvrExecId="L2-0" NvrExecPrefix="game.View.java" OnceExecutedId="L2-1" OnceExecutedPrefix="game.View.java" OptBodyExec="true">
<StmntSeq Intrnl_Id="47">
<LocList>
<Loc EndOffset="920" SrcFileId="1" StartOffset="757"/>
</LocList>
<CondStmnt CovItemId="S11" CovItemPrefix="game.View.java" Intrnl_Id="48">
<Branch CovItemId="B1" CovItemPrefix="game.View.java" Implct="false" Intrnl_Id="49">
<Cond/>
<LocList>
<Loc EndOffset="834" SrcFileId="1" StartOffset="798"/>
</LocList>
<StmntSeq Intrnl_Id="50">
<LocList>
<Loc EndOffset="828" SrcFileId="1" StartOffset="805"/>
</LocList>
<BasicStmnt CovItemId="S12" CovItemPrefix="game.View.java" Intrnl_Id="51">
<LocList>
<Loc EndOffset="828" SrcFileId="1" StartOffset="805"/>
</LocList>
</BasicStmnt>
</StmntSeq>
</Branch>
<Branch CovItemId="B2" CovItemPrefix="game.View.java" Implct="false" Intrnl_Id="52">
<Cond>
<Loc EndOffset="843" SrcFileId="1" StartOffset="839"/>
</Cond>
<LocList>
<Loc EndOffset="920" SrcFileId="1" StartOffset="844"/>
</LocList>
<StmntSeq Intrnl_Id="53">
<LocList>
<Loc EndOffset="914" SrcFileId="1" StartOffset="851"/>
</LocList>
<BasicStmnt CovItemId="S13" CovItemPrefix="game.View.java" Intrnl_Id="54">
<LocList>
<Loc EndOffset="914" SrcFileId="1" StartOffset="851"/>
</LocList>
</BasicStmnt>
</StmntSeq>
</Branch>
<Keyword EndOffset="759" SrcFileId="1" StartOffset="757"/>
<LocList>
<Loc EndOffset="920" SrcFileId="1" StartOffset="757"/>
</LocList>
<RootTerm CovItemId="C3" CovItemPrefix="game.View.java" Intrnl_Id="55">
<BasicBoolTerm Intrnl_Id="56">
<LocList>
<Loc EndOffset="796" SrcFileId="1" StartOffset="761"/>
</LocList>
</BasicBoolTerm>
</RootTerm>
</CondStmnt>
</StmntSeq>
<Keyword EndOffset="713" SrcFileId="1" StartOffset="710"/>
<LocList>
<Loc EndOffset="925" SrcFileId="1" StartOffset="710"/>
</LocList>
<RootTerm CovItemId="C2" CovItemPrefix="game.View.java" Intrnl_Id="57">
<BasicBoolTerm Intrnl_Id="58">
<LocList>
<Loc EndOffset="744" SrcFileId="1" StartOffset="725"/>
</LocList>
</BasicBoolTerm>
</RootTerm>
</LoopStmnt>
<BasicStmnt CovItemId="S14" CovItemPrefix="game.View.java" Intrnl_Id="59">
<LocList>
<Loc EndOffset="963" SrcFileId="1" StartOffset="929"/>
</LocList>
</BasicStmnt>
</StmntSeq>
<Keyword EndOffset="634" SrcFileId="1" StartOffset="631"/>
<LocList>
<Loc EndOffset="967" SrcFileId="1" StartOffset="631"/>
</LocList>
<RootTerm CovItemId="C1" CovItemPrefix="game.View.java" Intrnl_Id="60">
<BasicBoolTerm Intrnl_Id="61">
<LocList>
<Loc EndOffset="666" SrcFileId="1" StartOffset="646"/>
</LocList>
</BasicBoolTerm>
</RootTerm>
</LoopStmnt>
<BasicStmnt CovItemId="S15" CovItemPrefix="game.View.java" Intrnl_Id="62">
<LocList>
<Loc EndOffset="1023" SrcFileId="1" StartOffset="973"/>
</LocList>
</BasicStmnt>
</StmntSeq>
</HierarchyLvl>
<HierarchyLvl HierarchyLvlId="988" HierarchyLvlTypeId="27" Intrnl_Id="63" Name="DisplayTurnNotification">
<Header>
<Loc EndOffset="1098" SrcFileId="1" StartOffset="1033"/>
</Header>
<LocList>
<Loc EndOffset="1239" SrcFileId="1" StartOffset="1033"/>
</LocList>
<StmntSeq Intrnl_Id="64">
<LocList>
<Loc EndOffset="1178" SrcFileId="1" StartOffset="1103"/>
<Loc EndOffset="1236" SrcFileId="1" StartOffset="1181"/>
</LocList>
<BasicStmnt CovItemId="S16" CovItemPrefix="game.View.java" Intrnl_Id="65">
<LocList>
<Loc EndOffset="1178" SrcFileId="1" StartOffset="1103"/>
</LocList>
</BasicStmnt>
<BasicStmnt CovItemId="S17" CovItemPrefix="game.View.java" Intrnl_Id="66">
<LocList>
<Loc EndOffset="1236" SrcFileId="1" StartOffset="1181"/>
</LocList>
</BasicStmnt>
</StmntSeq>
</HierarchyLvl>
<HierarchyLvl HierarchyLvlId="989" HierarchyLvlTypeId="27" Intrnl_Id="67" Name="DisplayErrorMessage">
<Header>
<Loc EndOffset="1276" SrcFileId="1" StartOffset="1243"/>
</Header>
<LocList>
<Loc EndOffset="1370" SrcFileId="1" StartOffset="1243"/>
</LocList>
<StmntSeq Intrnl_Id="68">
<LocList>
<Loc EndOffset="1339" SrcFileId="1" StartOffset="1281"/>
<Loc EndOffset="1367" SrcFileId="1" StartOffset="1342"/>
</LocList>
<BasicStmnt CovItemId="S18" CovItemPrefix="game.View.java" Intrnl_Id="69">
<LocList>
<Loc EndOffset="1339" SrcFileId="1" StartOffset="1281"/>
</LocList>
</BasicStmnt>
<BasicStmnt CovItemId="S19" CovItemPrefix="game.View.java" Intrnl_Id="70">
<LocList>
<Loc EndOffset="1367" SrcFileId="1" StartOffset="1342"/>
</LocList>
</BasicStmnt>
</StmntSeq>
</HierarchyLvl>
<HierarchyLvl HierarchyLvlId="990" HierarchyLvlTypeId="27" Intrnl_Id="71" Name="DisplayErrorMessage">
<Header>
<Loc EndOffset="1426" SrcFileId="1" StartOffset="1374"/>
</Header>
<LocList>
<Loc EndOffset="1494" SrcFileId="1" StartOffset="1374"/>
</LocList>
<StmntSeq Intrnl_Id="72">
<LocList>
<Loc EndOffset="1466" SrcFileId="1" StartOffset="1431"/>
<Loc EndOffset="1491" SrcFileId="1" StartOffset="1469"/>
</LocList>
<BasicStmnt CovItemId="S20" CovItemPrefix="game.View.java" Intrnl_Id="73">
<LocList>
<Loc EndOffset="1466" SrcFileId="1" StartOffset="1431"/>
</LocList>
</BasicStmnt>
<BasicStmnt CovItemId="S21" CovItemPrefix="game.View.java" Intrnl_Id="74">
<LocList>
<Loc EndOffset="1491" SrcFileId="1" StartOffset="1469"/>
</LocList>
</BasicStmnt>
</StmntSeq>
</HierarchyLvl>
<HierarchyLvl HierarchyLvlId="991" HierarchyLvlTypeId="27" Intrnl_Id="75" Name="DisplayStalemateMessage">
<Header>
<Loc EndOffset="1557" SrcFileId="1" StartOffset="1498"/>
</Header>
<LocList>
<Loc EndOffset="1620" SrcFileId="1" StartOffset="1498"/>
</LocList>
<StmntSeq Intrnl_Id="76">
<LocList>
<Loc EndOffset="1617" SrcFileId="1" StartOffset="1562"/>
</LocList>
<BasicStmnt CovItemId="S22" CovItemPrefix="game.View.java" Intrnl_Id="77">
<LocList>
<Loc EndOffset="1617" SrcFileId="1" StartOffset="1562"/>
</LocList>
</BasicStmnt>
</StmntSeq>
</HierarchyLvl>
<HierarchyLvl HierarchyLvlId="992" HierarchyLvlTypeId="27" Intrnl_Id="78" Name="DisplaySurrenderMessage">
<Header>
<Loc EndOffset="1685" SrcFileId="1" StartOffset="1624"/>
</Header>
<LocList>
<Loc EndOffset="1891" SrcFileId="1" StartOffset="1624"/>
</LocList>
<StmntSeq Intrnl_Id="79">
<LocList>
<Loc EndOffset="1720" SrcFileId="1" StartOffset="1690"/>
<Loc EndOffset="1793" SrcFileId="1" StartOffset="1723"/>
<Loc EndOffset="1888" SrcFileId="1" StartOffset="1796"/>
</LocList>
<BasicStmnt CovItemId="S23" CovItemPrefix="game.View.java" Intrnl_Id="80">
<LocList>
<Loc EndOffset="1720" SrcFileId="1" StartOffset="1690"/>
</LocList>
</BasicStmnt>
<CondStmnt CovItemId="S24" CovItemPrefix="game.View.java" Intrnl_Id="81">
<Branch CovItemId="B3" CovItemPrefix="game.View.java" Implct="false" Intrnl_Id="82">
<Cond/>
<LocList>
<Loc EndOffset="1793" SrcFileId="1" StartOffset="1761"/>
</LocList>
<StmntSeq Intrnl_Id="83">
<LocList>
<Loc EndOffset="1789" SrcFileId="1" StartOffset="1766"/>
</LocList>
<BasicStmnt CovItemId="S25" CovItemPrefix="game.View.java" Intrnl_Id="84">
<LocList>
<Loc EndOffset="1789" SrcFileId="1" StartOffset="1766"/>
</LocList>
</BasicStmnt>
</StmntSeq>
</Branch>
<Branch CovItemId="B4" CovItemPrefix="game.View.java" Implct="true" Intrnl_Id="85">
<Cond/>
<LocList/>
<StmntSeq Intrnl_Id="86">
<LocList/>
</StmntSeq>
</Branch>
<Keyword EndOffset="1725" SrcFileId="1" StartOffset="1723"/>
<LocList>
<Loc EndOffset="1793" SrcFileId="1" StartOffset="1723"/>
</LocList>
<RootTerm CovItemId="C4" CovItemPrefix="game.View.java" Intrnl_Id="87">
<BasicBoolTerm Intrnl_Id="88">
<LocList>
<Loc EndOffset="1759" SrcFileId="1" StartOffset="1726"/>
</LocList>
</BasicBoolTerm>
</RootTerm>
</CondStmnt>
<BasicStmnt CovItemId="S26" CovItemPrefix="game.View.java" Intrnl_Id="89">
<LocList>
<Loc EndOffset="1888" SrcFileId="1" StartOffset="1796"/>
</LocList>
</BasicStmnt>
</StmntSeq>
</HierarchyLvl>
<HierarchyLvl HierarchyLvlId="993" HierarchyLvlTypeId="27" Intrnl_Id="90" Name="DisplayWinMessage">
<Header>
<Loc EndOffset="1946" SrcFileId="1" StartOffset="1895"/>
</Header>
<LocList>
<Loc EndOffset="2109" SrcFileId="1" StartOffset="1895"/>
</LocList>
<StmntSeq Intrnl_Id="91">
<LocList>
<Loc EndOffset="2106" SrcFileId="1" StartOffset="1951"/>
</LocList>
<CondStmnt CovItemId="S27" CovItemPrefix="game.View.java" Intrnl_Id="92">
<Branch CovItemId="B5" CovItemPrefix="game.View.java" Implct="false" Intrnl_Id="93">
<Cond/>
<LocList>
<Loc EndOffset="2029" SrcFileId="1" StartOffset="1977"/>
</LocList>
<StmntSeq Intrnl_Id="94">
<LocList>
<Loc EndOffset="2025" SrcFileId="1" StartOffset="1982"/>
</LocList>
<BasicStmnt CovItemId="S28" CovItemPrefix="game.View.java" Intrnl_Id="95">
<LocList>
<Loc EndOffset="2025" SrcFileId="1" StartOffset="1982"/>
</LocList>
</BasicStmnt>
</StmntSeq>
</Branch>
<Branch CovItemId="B6" CovItemPrefix="game.View.java" Implct="false" Intrnl_Id="96">
<Cond>
<Loc EndOffset="2036" SrcFileId="1" StartOffset="2032"/>
</Cond>
<LocList>
<Loc EndOffset="2106" SrcFileId="1" StartOffset="2037"/>
</LocList>
<StmntSeq Intrnl_Id="97">
<LocList>
<Loc EndOffset="2102" SrcFileId="1" StartOffset="2042"/>
</LocList>
<BasicStmnt CovItemId="S29" CovItemPrefix="game.View.java" Intrnl_Id="98">
<LocList>
<Loc EndOffset="2102" SrcFileId="1" StartOffset="2042"/>
</LocList>
</BasicStmnt>
</StmntSeq>
</Branch>
<Keyword EndOffset="1953" SrcFileId="1" StartOffset="1951"/>
<LocList>
<Loc EndOffset="2106" SrcFileId="1" StartOffset="1951"/>
</LocList>
<RootTerm CovItemId="C5" CovItemPrefix="game.View.java" Intrnl_Id="99">
<BasicBoolTerm Intrnl_Id="100">
<LocList>
<Loc EndOffset="1975" SrcFileId="1" StartOffset="1954"/>
</LocList>
</BasicBoolTerm>
</RootTerm>
</CondStmnt>
</StmntSeq>
</HierarchyLvl>
<HierarchyLvl HierarchyLvlId="994" HierarchyLvlTypeId="27" Intrnl_Id="101" Name="DisplayExitMessage">
<Header>
<Loc EndOffset="2145" SrcFileId="1" StartOffset="2113"/>
</Header>
<LocList>
<Loc EndOffset="2195" SrcFileId="1" StartOffset="2113"/>
</LocList>
<StmntSeq Intrnl_Id="102">
<LocList>
<Loc EndOffset="2192" SrcFileId="1" StartOffset="2150"/>
</LocList>
<BasicStmnt CovItemId="S30" CovItemPrefix="game.View.java" Intrnl_Id="103">
<LocList>
<Loc EndOffset="2192" SrcFileId="1" StartOffset="2150"/>
</LocList>
</BasicStmnt>
</StmntSeq>
</HierarchyLvl>
<HierarchyLvl HierarchyLvlId="995" HierarchyLvlTypeId="27" Intrnl_Id="104" Name="getErrorMessage">
<Header>
<Loc EndOffset="2236" SrcFileId="1" StartOffset="2198"/>
</Header>
<LocList>
<Loc EndOffset="2264" SrcFileId="1" StartOffset="2198"/>
</LocList>
<StmntSeq Intrnl_Id="105">
<LocList>
<Loc EndOffset="2261" SrcFileId="1" StartOffset="2241"/>
</LocList>
<BasicStmnt CovItemId="S31" CovItemPrefix="game.View.java" Intrnl_Id="106">
<LocList>
<Loc EndOffset="2261" SrcFileId="1" StartOffset="2241"/>
</LocList>
</BasicStmnt>
</StmntSeq>
</HierarchyLvl>
<HierarchyLvl HierarchyLvlId="996" HierarchyLvlTypeId="27" Intrnl_Id="107" Name="setErrorMessage">
<Header>
<Loc EndOffset="2322" SrcFileId="1" StartOffset="2267"/>
</Header>
<LocList>
<Loc EndOffset="2363" SrcFileId="1" StartOffset="2267"/>
</LocList>
<StmntSeq Intrnl_Id="108">
<LocList>
<Loc EndOffset="2360" SrcFileId="1" StartOffset="2327"/>
</LocList>
<BasicStmnt CovItemId="S32" CovItemPrefix="game.View.java" Intrnl_Id="109">
<LocList>
<Loc EndOffset="2360" SrcFileId="1" StartOffset="2327"/>
</LocList>
</BasicStmnt>
</StmntSeq>
</HierarchyLvl>
</HierarchyLvl>
<HierarchyLvl HierarchyLvlId="1004" HierarchyLvlTypeId="26" Intrnl_Id="110" Name="Tile">
<Header>
<Loc EndOffset="133" SrcFileId="2" StartOffset="116"/>
</Header>
<LocList>
<Loc EndOffset="1222" SrcFileId="2" StartOffset="116"/>
</LocList>
<StmntSeq Intrnl_Id="111">
<LocList>
<Loc EndOffset="180" SrcFileId="2" StartOffset="158"/>
<Loc EndOffset="204" SrcFileId="2" StartOffset="182"/>
</LocList>
<BasicStmnt CovItemId="S1" CovItemPrefix="game.Tile.java" Intrnl_Id="112">
<LocList>
<Loc EndOffset="180" SrcFileId="2" StartOffset="158"/>
</LocList>
</BasicStmnt>
<BasicStmnt CovItemId="S2" CovItemPrefix="game.Tile.java" Intrnl_Id="113">
<LocList>
<Loc EndOffset="204" SrcFileId="2" StartOffset="182"/>
</LocList>
</BasicStmnt>
</StmntSeq>
<HierarchyLvl HierarchyLvlId="998" HierarchyLvlTypeId="27" Intrnl_Id="114" Name="Tile">
<Header>
<Loc EndOffset="221" SrcFileId="2" StartOffset="208"/>
</Header>
<LocList>
<Loc EndOffset="242" SrcFileId="2" StartOffset="208"/>
</LocList>
<StmntSeq Intrnl_Id="115">
<LocList>
<Loc EndOffset="239" SrcFileId="2" StartOffset="226"/>
</LocList>
<BasicStmnt CovItemId="S3" CovItemPrefix="game.Tile.java" Intrnl_Id="116">
<LocList>
<Loc EndOffset="239" SrcFileId="2" StartOffset="226"/>
</LocList>
</BasicStmnt>
</StmntSeq>
</HierarchyLvl>
<HierarchyLvl HierarchyLvlId="999" HierarchyLvlTypeId="27" Intrnl_Id="117" Name="Tile">
<Header>
<Loc EndOffset="270" SrcFileId="2" StartOffset="246"/>
</Header>
<LocList>
<Loc EndOffset="297" SrcFileId="2" StartOffset="246"/>
</LocList>
<StmntSeq Intrnl_Id="118">
<LocList>
<Loc EndOffset="294" SrcFileId="2" StartOffset="275"/>
</LocList>
<BasicStmnt CovItemId="S4" CovItemPrefix="game.Tile.java" Intrnl_Id="119">
<LocList>
<Loc EndOffset="294" SrcFileId="2" StartOffset="275"/>
</LocList>
</BasicStmnt>
</StmntSeq>
</HierarchyLvl>
<HierarchyLvl HierarchyLvlId="1000" HierarchyLvlTypeId="27" Intrnl_Id="120" Name="addPiece">
<Header>
<Loc EndOffset="333" SrcFileId="2" StartOffset="300"/>
</Header>
<LocList>
<Loc EndOffset="387" SrcFileId="2" StartOffset="300"/>
</LocList>
<StmntSeq Intrnl_Id="121">
<LocList>
<Loc EndOffset="384" SrcFileId="2" StartOffset="338"/>
</LocList>
<CondStmnt CovItemId="S5" CovItemPrefix="game.Tile.java" Intrnl_Id="122">
<Branch CovItemId="B1" CovItemPrefix="game.Tile.java" Implct="false" Intrnl_Id="123">
<Cond/>
<LocList>
<Loc EndOffset="384" SrcFileId="2" StartOffset="356"/>
</LocList>
<StmntSeq Intrnl_Id="124">
<LocList>
<Loc EndOffset="380" SrcFileId="2" StartOffset="361"/>
</LocList>
<BasicStmnt CovItemId="S6" CovItemPrefix="game.Tile.java" Intrnl_Id="125">
<LocList>
<Loc EndOffset="380" SrcFileId="2" StartOffset="361"/>
</LocList>
</BasicStmnt>
</StmntSeq>
</Branch>
<Branch CovItemId="B2" CovItemPrefix="game.Tile.java" Implct="true" Intrnl_Id="126">
<Cond/>
<LocList/>
<StmntSeq Intrnl_Id="127">
<LocList/>
</StmntSeq>
</Branch>
<Keyword EndOffset="340" SrcFileId="2" StartOffset="338"/>
<LocList>
<Loc EndOffset="384" SrcFileId="2" StartOffset="338"/>
</LocList>
<RootTerm CovItemId="C1" CovItemPrefix="game.Tile.java" Intrnl_Id="128">
<BasicBoolTerm Intrnl_Id="129">
<LocList>
<Loc EndOffset="354" SrcFileId="2" StartOffset="341"/>
</LocList>
</BasicBoolTerm>
</RootTerm>
</CondStmnt>
</StmntSeq>
</HierarchyLvl>
<HierarchyLvl HierarchyLvlId="1001" HierarchyLvlTypeId="27" Intrnl_Id="130" Name="getPiece">
<Header>
<Loc EndOffset="413" SrcFileId="2" StartOffset="390"/>
</Header>
<LocList>
<Loc EndOffset="439" SrcFileId="2" StartOffset="390"/>
</LocList>
<StmntSeq Intrnl_Id="131">
<LocList>
<Loc EndOffset="436" SrcFileId="2" StartOffset="418"/>
</LocList>
<BasicStmnt CovItemId="S7" CovItemPrefix="game.Tile.java" Intrnl_Id="132">
<LocList>
<Loc EndOffset="436" SrcFileId="2" StartOffset="418"/>
</LocList>
</BasicStmnt>
</StmntSeq>
</HierarchyLvl>
<HierarchyLvl HierarchyLvlId="1002" HierarchyLvlTypeId="27" Intrnl_Id="133" Name="xCordToChar">
<Header>
<Loc EndOffset="471" SrcFileId="2" StartOffset="443"/>
</Header>
<LocList>
<Loc EndOffset="932" SrcFileId="2" StartOffset="443"/>
</LocList>
<StmntSeq Intrnl_Id="134">
<LocList>
<Loc EndOffset="498" SrcFileId="2" StartOffset="476"/>
<Loc EndOffset="549" SrcFileId="2" StartOffset="501"/>
<Loc EndOffset="600" SrcFileId="2" StartOffset="552"/>
<Loc EndOffset="651" SrcFileId="2" StartOffset="603"/>
<Loc EndOffset="702" SrcFileId="2" StartOffset="654"/>
<Loc EndOffset="753" SrcFileId="2" StartOffset="705"/>
<Loc EndOffset="804" SrcFileId="2" StartOffset="756"/>
<Loc EndOffset="855" SrcFileId="2" StartOffset="807"/>
<Loc EndOffset="906" SrcFileId="2" StartOffset="858"/>
<Loc EndOffset="929" SrcFileId="2" StartOffset="912"/>
</LocList>
<BasicStmnt CovItemId="S8" CovItemPrefix="game.Tile.java" Intrnl_Id="135">
<LocList>
<Loc EndOffset="498" SrcFileId="2" StartOffset="476"/>
</LocList>
</BasicStmnt>
<BasicStmnt CovItemId="S9" CovItemPrefix="game.Tile.java" Intrnl_Id="136">
<LocList>
<Loc EndOffset="549" SrcFileId="2" StartOffset="501"/>
</LocList>
<QMO CovItemId="Q0" CovItemPrefix="game.Tile.java" Intrnl_Id="137">
<LocList>
<Loc EndOffset="530" SrcFileId="2" StartOffset="513"/>
</LocList>
<QMO_E CovItemId="Q0-0" CovItemPrefix="game.Tile.java" Intrnl_Id="138">
<LocList>
<Loc EndOffset="536" SrcFileId="2" StartOffset="533"/>
</LocList>
</QMO_E>
<QMO_E CovItemId="Q0-1" CovItemPrefix="game.Tile.java" Intrnl_Id="139">
<LocList>
<Loc EndOffset="548" SrcFileId="2" StartOffset="539"/>
</LocList>
</QMO_E>
</QMO>
</BasicStmnt>
<BasicStmnt CovItemId="S10" CovItemPrefix="game.Tile.java" Intrnl_Id="140">
<LocList>
<Loc EndOffset="600" SrcFileId="2" StartOffset="552"/>
</LocList>
<QMO CovItemId="Q1" CovItemPrefix="game.Tile.java" Intrnl_Id="141">
<LocList>
<Loc EndOffset="581" SrcFileId="2" StartOffset="564"/>
</LocList>
<QMO_E CovItemId="Q1-0" CovItemPrefix="game.Tile.java" Intrnl_Id="142">
<LocList>
<Loc EndOffset="587" SrcFileId="2" StartOffset="584"/>
</LocList>
</QMO_E>
<QMO_E CovItemId="Q1-1" CovItemPrefix="game.Tile.java" Intrnl_Id="143">
<LocList>
<Loc EndOffset="599" SrcFileId="2" StartOffset="590"/>
</LocList>
</QMO_E>
</QMO>
</BasicStmnt>
<BasicStmnt CovItemId="S11" CovItemPrefix="game.Tile.java" Intrnl_Id="144">
<LocList>
<Loc EndOffset="651" SrcFileId="2" StartOffset="603"/>
</LocList>
<QMO CovItemId="Q2" CovItemPrefix="game.Tile.java" Intrnl_Id="145">
<LocList>
<Loc EndOffset="632" SrcFileId="2" StartOffset="615"/>
</LocList>
<QMO_E CovItemId="Q2-0" CovItemPrefix="game.Tile.java" Intrnl_Id="146">
<LocList>
<Loc EndOffset="638" SrcFileId="2" StartOffset="635"/>
</LocList>
</QMO_E>
<QMO_E CovItemId="Q2-1" CovItemPrefix="game.Tile.java" Intrnl_Id="147">
<LocList>
<Loc EndOffset="650" SrcFileId="2" StartOffset="641"/>
</LocList>
</QMO_E>
</QMO>
</BasicStmnt>
<BasicStmnt CovItemId="S12" CovItemPrefix="game.Tile.java" Intrnl_Id="148">
<LocList>
<Loc EndOffset="702" SrcFileId="2" StartOffset="654"/>
</LocList>
<QMO CovItemId="Q3" CovItemPrefix="game.Tile.java" Intrnl_Id="149">
<LocList>
<Loc EndOffset="683" SrcFileId="2" StartOffset="666"/>
</LocList>
<QMO_E CovItemId="Q3-0" CovItemPrefix="game.Tile.java" Intrnl_Id="150">
<LocList>
<Loc EndOffset="689" SrcFileId="2" StartOffset="686"/>
</LocList>
</QMO_E>
<QMO_E CovItemId="Q3-1" CovItemPrefix="game.Tile.java" Intrnl_Id="151">
<LocList>
<Loc EndOffset="701" SrcFileId="2" StartOffset="692"/>
</LocList>
</QMO_E>
</QMO>
</BasicStmnt>
<BasicStmnt CovItemId="S13" CovItemPrefix="game.Tile.java" Intrnl_Id="152">
<LocList>
<Loc EndOffset="753" SrcFileId="2" StartOffset="705"/>
</LocList>
<QMO CovItemId="Q4" CovItemPrefix="game.Tile.java" Intrnl_Id="153">
<LocList>
<Loc EndOffset="734" SrcFileId="2" StartOffset="717"/>
</LocList>
<QMO_E CovItemId="Q4-0" CovItemPrefix="game.Tile.java" Intrnl_Id="154">
<LocList>
<Loc EndOffset="740" SrcFileId="2" StartOffset="737"/>
</LocList>
</QMO_E>
<QMO_E CovItemId="Q4-1" CovItemPrefix="game.Tile.java" Intrnl_Id="155">
<LocList>
<Loc EndOffset="752" SrcFileId="2" StartOffset="743"/>
</LocList>
</QMO_E>
</QMO>
</BasicStmnt>
<BasicStmnt CovItemId="S14" CovItemPrefix="game.Tile.java" Intrnl_Id="156">
<LocList>
<Loc EndOffset="804" SrcFileId="2" StartOffset="756"/>
</LocList>
<QMO CovItemId="Q5" CovItemPrefix="game.Tile.java" Intrnl_Id="157">
<LocList>
<Loc EndOffset="785" SrcFileId="2" StartOffset="768"/>
</LocList>
<QMO_E CovItemId="Q5-0" CovItemPrefix="game.Tile.java" Intrnl_Id="158">
<LocList>
<Loc EndOffset="791" SrcFileId="2" StartOffset="788"/>
</LocList>
</QMO_E>
<QMO_E CovItemId="Q5-1" CovItemPrefix="game.Tile.java" Intrnl_Id="159">
<LocList>
<Loc EndOffset="803" SrcFileId="2" StartOffset="794"/>
</LocList>
</QMO_E>
</QMO>
</BasicStmnt>
<BasicStmnt CovItemId="S15" CovItemPrefix="game.Tile.java" Intrnl_Id="160">
<LocList>
<Loc EndOffset="855" SrcFileId="2" StartOffset="807"/>
</LocList>
<QMO CovItemId="Q6" CovItemPrefix="game.Tile.java" Intrnl_Id="161">
<LocList>
<Loc EndOffset="836" SrcFileId="2" StartOffset="819"/>
</LocList>
<QMO_E CovItemId="Q6-0" CovItemPrefix="game.Tile.java" Intrnl_Id="162">
<LocList>
<Loc EndOffset="842" SrcFileId="2" StartOffset="839"/>
</LocList>
</QMO_E>
<QMO_E CovItemId="Q6-1" CovItemPrefix="game.Tile.java" Intrnl_Id="163">
<LocList>
<Loc EndOffset="854" SrcFileId="2" StartOffset="845"/>
</LocList>
</QMO_E>
</QMO>
</BasicStmnt>
<BasicStmnt CovItemId="S16" CovItemPrefix="game.Tile.java" Intrnl_Id="164">
<LocList>
<Loc EndOffset="906" SrcFileId="2" StartOffset="858"/>
</LocList>
<QMO CovItemId="Q7" CovItemPrefix="game.Tile.java" Intrnl_Id="165">
<LocList>
<Loc EndOffset="887" SrcFileId="2" StartOffset="870"/>
</LocList>
<QMO_E CovItemId="Q7-0" CovItemPrefix="game.Tile.java" Intrnl_Id="166">
<LocList>
<Loc EndOffset="893" SrcFileId="2" StartOffset="890"/>
</LocList>
</QMO_E>
<QMO_E CovItemId="Q7-1" CovItemPrefix="game.Tile.java" Intrnl_Id="167">
<LocList>
<Loc EndOffset="905" SrcFileId="2" StartOffset="896"/>
</LocList>
</QMO_E>
</QMO>
</BasicStmnt>
<BasicStmnt CovItemId="S17" CovItemPrefix="game.Tile.java" Intrnl_Id="168">
<LocList>
<Loc EndOffset="929" SrcFileId="2" StartOffset="912"/>
</LocList>
</BasicStmnt>
</StmntSeq>
</HierarchyLvl>
<HierarchyLvl HierarchyLvlId="1003" HierarchyLvlTypeId="27" Intrnl_Id="169" Name="toString">
<Header>
<Loc EndOffset="960" SrcFileId="2" StartOffset="936"/>
</Header>
<LocList>
<Loc EndOffset="1218" SrcFileId="2" StartOffset="936"/>
</LocList>
<StmntSeq Intrnl_Id="170">
<LocList>
<Loc EndOffset="1215" SrcFileId="2" StartOffset="965"/>
</LocList>
<CondStmnt CovItemId="S18" CovItemPrefix="game.Tile.java" Intrnl_Id="171">
<Branch CovItemId="B3" CovItemPrefix="game.Tile.java" Implct="false" Intrnl_Id="172">
<Cond/>
<LocList>
<Loc EndOffset="1109" SrcFileId="2" StartOffset="988"/>
</LocList>
<StmntSeq Intrnl_Id="173">
<LocList>
<Loc EndOffset="1105" SrcFileId="2" StartOffset="993"/>
</LocList>
<BasicStmnt CovItemId="S19" CovItemPrefix="game.Tile.java" Intrnl_Id="174">
<LocList>
<Loc EndOffset="1105" SrcFileId="2" StartOffset="993"/>
</LocList>
</BasicStmnt>
</StmntSeq>
</Branch>
<Branch CovItemId="B4" CovItemPrefix="game.Tile.java" Implct="false" Intrnl_Id="175">
<Cond>
<Loc EndOffset="1114" SrcFileId="2" StartOffset="1110"/>
</Cond>
<LocList>
<Loc EndOffset="1215" SrcFileId="2" StartOffset="1115"/>
</LocList>
<StmntSeq Intrnl_Id="176">
<LocList>
<Loc EndOffset="1211" SrcFileId="2" StartOffset="1120"/>
</LocList>
<BasicStmnt CovItemId="S20" CovItemPrefix="game.Tile.java" Intrnl_Id="177">
<LocList>
<Loc EndOffset="1211" SrcFileId="2" StartOffset="1120"/>
</LocList>
</BasicStmnt>
</StmntSeq>
</Branch>
<Keyword EndOffset="967" SrcFileId="2" StartOffset="965"/>
<LocList>
<Loc EndOffset="1215" SrcFileId="2" StartOffset="965"/>
</LocList>
<RootTerm CovItemId="C2" CovItemPrefix="game.Tile.java" Intrnl_Id="178">
<BasicBoolTerm Intrnl_Id="179">
<LocList>
<Loc EndOffset="986" SrcFileId="2" StartOffset="968"/>
</LocList>
</BasicBoolTerm>
</RootTerm>
</CondStmnt>
</StmntSeq>
</HierarchyLvl>
</HierarchyLvl>
<HierarchyLvl HierarchyLvlId="1027" HierarchyLvlTypeId="26" Intrnl_Id="180" Name="TestingSuite">
<Header>
<Loc EndOffset="370" SrcFileId="3" StartOffset="345"/>
</Header>
<LocList>
<Loc EndOffset="42041" SrcFileId="3" StartOffset="345"/>
</LocList>
<StmntSeq Intrnl_Id="181">
<LocList>
<Loc EndOffset="399" SrcFileId="3" StartOffset="375"/>
<Loc EndOffset="425" SrcFileId="3" StartOffset="401"/>
<Loc EndOffset="464" SrcFileId="3" StartOffset="427"/>
</LocList>
<BasicStmnt CovItemId="S1" CovItemPrefix="game.TestingSuite.java" Intrnl_Id="182">
<LocList>
<Loc EndOffset="399" SrcFileId="3" StartOffset="375"/>
</LocList>
</BasicStmnt>
<BasicStmnt CovItemId="S2" CovItemPrefix="game.TestingSuite.java" Intrnl_Id="183">
<LocList>
<Loc EndOffset="425" SrcFileId="3" StartOffset="401"/>
</LocList>
</BasicStmnt>
<BasicStmnt CovItemId="S3" CovItemPrefix="game.TestingSuite.java" Intrnl_Id="184">
<LocList>
<Loc EndOffset="464" SrcFileId="3" StartOffset="427"/>
</LocList>
</BasicStmnt>
</StmntSeq>
<HierarchyLvl HierarchyLvlId="1005" HierarchyLvlTypeId="27" Intrnl_Id="185" Name="TestingSuite">
<Header>
<Loc EndOffset="498" SrcFileId="3" StartOffset="468"/>
</Header>
<LocList>
<Loc EndOffset="523" SrcFileId="3" StartOffset="468"/>
</LocList>
<StmntSeq Intrnl_Id="186">
<LocList>
<Loc EndOffset="520" SrcFileId="3" StartOffset="503"/>
</LocList>
<BasicStmnt CovItemId="S4" CovItemPrefix="game.TestingSuite.java" Intrnl_Id="187">
<LocList>
<Loc EndOffset="520" SrcFileId="3" StartOffset="503"/>
</LocList>
</BasicStmnt>
</StmntSeq>
</HierarchyLvl>
<HierarchyLvl HierarchyLvlId="1006" HierarchyLvlTypeId="27" Intrnl_Id="188" Name="start">
<Header>
<Loc EndOffset="749" SrcFileId="3" StartOffset="730"/>
</Header>
<LocList>
<Loc EndOffset="4655" SrcFileId="3" StartOffset="730"/>
</LocList>
<StmntSeq Intrnl_Id="189">
<LocList>
<Loc EndOffset="767" SrcFileId="3" StartOffset="755"/>
<Loc EndOffset="844" SrcFileId="3" StartOffset="771"/>
<Loc EndOffset="867" SrcFileId="3" StartOffset="847"/>
<Loc EndOffset="4652" SrcFileId="3" StartOffset="870"/>
</LocList>
<BasicStmnt CovItemId="S5" CovItemPrefix="game.TestingSuite.java" Intrnl_Id="190">
<LocList>
<Loc EndOffset="767" SrcFileId="3" StartOffset="755"/>
</LocList>
</BasicStmnt>
<BasicStmnt CovItemId="S6" CovItemPrefix="game.TestingSuite.java" Intrnl_Id="191">
<LocList>
<Loc EndOffset="844" SrcFileId="3" StartOffset="771"/>
</LocList>
</BasicStmnt>
<BasicStmnt CovItemId="S7" CovItemPrefix="game.TestingSuite.java" Intrnl_Id="192">
<LocList>
<Loc EndOffset="867" SrcFileId="3" StartOffset="847"/>
</LocList>
</BasicStmnt>
<LoopStmnt CovItemId="S8" CovItemPrefix="game.TestingSuite.java" Intrnl_Id="193" MltplExecId="L1-2" MltplExecPrefix="game.TestingSuite.java" NvrExecId="L1-0" NvrExecPrefix="game.TestingSuite.java" OnceExecutedId="L1-1" OnceExecutedPrefix="game.TestingSuite.java" OptBodyExec="true">
<StmntSeq Intrnl_Id="194">
<LocList>
<Loc EndOffset="959" SrcFileId="3" StartOffset="898"/>
<Loc EndOffset="1007" SrcFileId="3" StartOffset="963"/>
<Loc EndOffset="1057" SrcFileId="3" StartOffset="1011"/>
<Loc EndOffset="1106" SrcFileId="3" StartOffset="1061"/>
<Loc EndOffset="1162" SrcFileId="3" StartOffset="1110"/>
<Loc EndOffset="1221" SrcFileId="3" StartOffset="1166"/>
<Loc EndOffset="1274" SrcFileId="3" StartOffset="1225"/>
<Loc EndOffset="1324" SrcFileId="3" StartOffset="1278"/>
<Loc EndOffset="1378" SrcFileId="3" StartOffset="1328"/>
<Loc EndOffset="1441" SrcFileId="3" StartOffset="1382"/>
<Loc EndOffset="1496" SrcFileId="3" StartOffset="1445"/>
<Loc EndOffset="1556" SrcFileId="3" StartOffset="1500"/>
<Loc EndOffset="1617" SrcFileId="3" StartOffset="1560"/>
<Loc EndOffset="1683" SrcFileId="3" StartOffset="1621"/>
<Loc EndOffset="1749" SrcFileId="3" StartOffset="1687"/>
<Loc EndOffset="1810" SrcFileId="3" StartOffset="1753"/>
<Loc EndOffset="1861" SrcFileId="3" StartOffset="1814"/>
<Loc EndOffset="1912" SrcFileId="3" StartOffset="1865"/>
<Loc EndOffset="1965" SrcFileId="3" StartOffset="1916"/>
<Loc EndOffset="2018" SrcFileId="3" StartOffset="1969"/>
<Loc EndOffset="2070" SrcFileId="3" StartOffset="2022"/>
<Loc EndOffset="2121" SrcFileId="3" StartOffset="2074"/>
<Loc EndOffset="2170" SrcFileId="3" StartOffset="2125"/>
<Loc EndOffset="2218" SrcFileId="3" StartOffset="2174"/>
<Loc EndOffset="2258" SrcFileId="3" StartOffset="2222"/>
<Loc EndOffset="2295" SrcFileId="3" StartOffset="2273"/>
<Loc EndOffset="2443" SrcFileId="3" StartOffset="2263"/>
<Loc EndOffset="4647" SrcFileId="3" StartOffset="2448"/>
</LocList>
<BasicStmnt CovItemId="S9" CovItemPrefix="game.TestingSuite.java" Intrnl_Id="195">
<LocList>
<Loc EndOffset="959" SrcFileId="3" StartOffset="898"/>
</LocList>
</BasicStmnt>
<BasicStmnt CovItemId="S10" CovItemPrefix="game.TestingSuite.java" Intrnl_Id="196">
<LocList>
<Loc EndOffset="1007" SrcFileId="3" StartOffset="963"/>
</LocList>
</BasicStmnt>
<BasicStmnt CovItemId="S11" CovItemPrefix="game.TestingSuite.java" Intrnl_Id="197">
<LocList>
<Loc EndOffset="1057" SrcFileId="3" StartOffset="1011"/>
</LocList>
</BasicStmnt>
<BasicStmnt CovItemId="S12" CovItemPrefix="game.TestingSuite.java" Intrnl_Id="198">
<LocList>
<Loc EndOffset="1106" SrcFileId="3" StartOffset="1061"/>
</LocList>
</BasicStmnt>
<BasicStmnt CovItemId="S13" CovItemPrefix="game.TestingSuite.java" Intrnl_Id="199">
<LocList>
<Loc EndOffset="1162" SrcFileId="3" StartOffset="1110"/>
</LocList>
</BasicStmnt>
<BasicStmnt CovItemId="S14" CovItemPrefix="game.TestingSuite.java" Intrnl_Id="200">
<LocList>
<Loc EndOffset="1221" SrcFileId="3" StartOffset="1166"/>
</LocList>
</BasicStmnt>
<BasicStmnt CovItemId="S15" CovItemPrefix="game.TestingSuite.java" Intrnl_Id="201">
<LocList>
<Loc EndOffset="1274" SrcFileId="3" StartOffset="1225"/>
</LocList>
</BasicStmnt>
<BasicStmnt CovItemId="S16" CovItemPrefix="game.TestingSuite.java" Intrnl_Id="202">
<LocList>
<Loc EndOffset="1324" SrcFileId="3" StartOffset="1278"/>
</LocList>
</BasicStmnt>
<BasicStmnt CovItemId="S17" CovItemPrefix="game.TestingSuite.java" Intrnl_Id="203">
<LocList>
<Loc EndOffset="1378" SrcFileId="3" StartOffset="1328"/>
</LocList>
</BasicStmnt>
<BasicStmnt CovItemId="S18" CovItemPrefix="game.TestingSuite.java" Intrnl_Id="204">
<LocList>
<Loc EndOffset="1441" SrcFileId="3" StartOffset="1382"/>
</LocList>
</BasicStmnt>
<BasicStmnt CovItemId="S19" CovItemPrefix="game.TestingSuite.java" Intrnl_Id="205">
<LocList>
<Loc EndOffset="1496" SrcFileId="3" StartOffset="1445"/>
</LocList>
</BasicStmnt>
<BasicStmnt CovItemId="S20" CovItemPrefix="game.TestingSuite.java" Intrnl_Id="206">
<LocList>
<Loc EndOffset="1556" SrcFileId="3" StartOffset="1500"/>
</LocList>
</BasicStmnt>
<BasicStmnt CovItemId="S21" CovItemPrefix="game.TestingSuite.java" Intrnl_Id="207">
<LocList>
<Loc EndOffset="1617" SrcFileId="3" StartOffset="1560"/>
</LocList>
</BasicStmnt>
<BasicStmnt CovItemId="S22" CovItemPrefix="game.TestingSuite.java" Intrnl_Id="208">
<LocList>
<Loc EndOffset="1683" SrcFileId="3" StartOffset="1621"/>
</LocList>
</BasicStmnt>
<BasicStmnt CovItemId="S23" CovItemPrefix="game.TestingSuite.java" Intrnl_Id="209">
<LocList>
<Loc EndOffset="1749" SrcFileId="3" StartOffset="1687"/>
</LocList>
</BasicStmnt>
<BasicStmnt CovItemId="S24" CovItemPrefix="game.TestingSuite.java" Intrnl_Id="210">
<LocList>
<Loc EndOffset="1810" SrcFileId="3" StartOffset="1753"/>
</LocList>
</BasicStmnt>
<BasicStmnt CovItemId="S25" CovItemPrefix="game.TestingSuite.java" Intrnl_Id="211">
<LocList>
<Loc EndOffset="1861" SrcFileId="3" StartOffset="1814"/>
</LocList>
</BasicStmnt>
<BasicStmnt CovItemId="S26" CovItemPrefix="game.TestingSuite.java" Intrnl_Id="212">
<LocList>
<Loc EndOffset="1912" SrcFileId="3" StartOffset="1865"/>
</LocList>
</BasicStmnt>
<BasicStmnt CovItemId="S27" CovItemPrefix="game.TestingSuite.java" Intrnl_Id="213">
<LocList>
<Loc EndOffset="1965" SrcFileId="3" StartOffset="1916"/>
</LocList>
</BasicStmnt>
<BasicStmnt CovItemId="S28" CovItemPrefix="game.TestingSuite.java" Intrnl_Id="214">
<LocList>
<Loc EndOffset="2018" SrcFileId="3" StartOffset="1969"/>
</LocList>
</BasicStmnt>
<BasicStmnt CovItemId="S29" CovItemPrefix="game.TestingSuite.java" Intrnl_Id="215">
<LocList>
<Loc EndOffset="2070" SrcFileId="3" StartOffset="2022"/>
</LocList>
</BasicStmnt>
<BasicStmnt CovItemId="S30" CovItemPrefix="game.TestingSuite.java" Intrnl_Id="216">
<LocList>
<Loc EndOffset="2121" SrcFileId="3" StartOffset="2074"/>
</LocList>
</BasicStmnt>
<BasicStmnt CovItemId="S31" CovItemPrefix="game.TestingSuite.java" Intrnl_Id="217">
<LocList>
<Loc EndOffset="2170" SrcFileId="3" StartOffset="2125"/>
</LocList>
</BasicStmnt>
<BasicStmnt CovItemId="S32" CovItemPrefix="game.TestingSuite.java" Intrnl_Id="218">
<LocList>
<Loc EndOffset="2218" SrcFileId="3" StartOffset="2174"/>
</LocList>
</BasicStmnt>
<BasicStmnt CovItemId="S33" CovItemPrefix="game.TestingSuite.java" Intrnl_Id="219">
<LocList>
<Loc EndOffset="2258" SrcFileId="3" StartOffset="2222"/>
</LocList>
</BasicStmnt>
<BasicStmnt CovItemId="S35" CovItemPrefix="game.TestingSuite.java" Intrnl_Id="220">
<LocList>
<Loc EndOffset="2295" SrcFileId="3" StartOffset="2273"/>
</LocList>
</BasicStmnt>
<CondStmnt CovItemId="S34" CovItemPrefix="game.TestingSuite.java" Intrnl_Id="221">
<Branch CovItemId="B1" CovItemPrefix="game.TestingSuite.java" Implct="true" Intrnl_Id="222">
<Cond/>
<LocList/>
<StmntSeq Intrnl_Id="223">
<LocList/>
</StmntSeq>
</Branch>
<Branch CovItemId="B2" CovItemPrefix="game.TestingSuite.java" Implct="false" Intrnl_Id="224">
<Cond>
<Loc EndOffset="2322" SrcFileId="3" StartOffset="2301"/>
</Cond>
<LocList>
<Loc EndOffset="2443" SrcFileId="3" StartOffset="2323"/>
</LocList>
<StmntSeq Intrnl_Id="225">
<LocList>
<Loc EndOffset="2342" SrcFileId="3" StartOffset="2329"/>
<Loc EndOffset="2406" SrcFileId="3" StartOffset="2347"/>
<Loc EndOffset="2438" SrcFileId="3" StartOffset="2411"/>
</LocList>
<BasicStmnt CovItemId="S36" CovItemPrefix="game.TestingSuite.java" Intrnl_Id="226">
<LocList>
<Loc EndOffset="2342" SrcFileId="3" StartOffset="2329"/>
</LocList>
</BasicStmnt>
<BasicStmnt CovItemId="S37" CovItemPrefix="game.TestingSuite.java" Intrnl_Id="227">
<LocList>
<Loc EndOffset="2406" SrcFileId="3" StartOffset="2347"/>
</LocList>
</BasicStmnt>
<BasicStmnt CovItemId="S38" CovItemPrefix="game.TestingSuite.java" Intrnl_Id="228">
<LocList>
<Loc EndOffset="2438" SrcFileId="3" StartOffset="2411"/>
</LocList>
</BasicStmnt>
</StmntSeq>
</Branch>
<Keyword EndOffset="2266" SrcFileId="3" StartOffset="2263"/>
<LocList>
<Loc EndOffset="2443" SrcFileId="3" StartOffset="2263"/>
</LocList>
</CondStmnt>
<CondStmnt CovItemId="S39" CovItemPrefix="game.TestingSuite.java" Intrnl_Id="229">
<Branch CovItemId="B3" CovItemPrefix="game.TestingSuite.java" Implct="false" Intrnl_Id="230">
<Cond/>
<LocList>
<Loc EndOffset="4647" SrcFileId="3" StartOffset="2467"/>
</LocList>
<StmntSeq Intrnl_Id="231">
<LocList>
<Loc EndOffset="2662" SrcFileId="3" StartOffset="2484"/>
<Loc EndOffset="2706" SrcFileId="3" StartOffset="2669"/>
<Loc EndOffset="4541" SrcFileId="3" StartOffset="2713"/>
<Loc EndOffset="4642" SrcFileId="3" StartOffset="2473"/>
</LocList>
<CondStmnt CovItemId="S41" CovItemPrefix="game.TestingSuite.java" Intrnl_Id="232">
<Branch CovItemId="B6" CovItemPrefix="game.TestingSuite.java" Implct="false" Intrnl_Id="233">
<Cond/>
<LocList>
<Loc EndOffset="2662" SrcFileId="3" StartOffset="2599"/>
</LocList>
<StmntSeq Intrnl_Id="234">
<LocList>
<Loc EndOffset="2633" SrcFileId="3" StartOffset="2607"/>
<Loc EndOffset="2655" SrcFileId="3" StartOffset="2640"/>
</LocList>
<BasicStmnt CovItemId="S42" CovItemPrefix="game.TestingSuite.java" Intrnl_Id="235">
<LocList>
<Loc EndOffset="2633" SrcFileId="3" StartOffset="2607"/>
</LocList>
</BasicStmnt>
<BasicStmnt CovItemId="S43" CovItemPrefix="game.TestingSuite.java" Intrnl_Id="236">
<LocList>
<Loc EndOffset="2655" SrcFileId="3" StartOffset="2640"/>
</LocList>
</BasicStmnt>
</StmntSeq>
</Branch>
<Branch CovItemId="B7" CovItemPrefix="game.TestingSuite.java" Implct="true" Intrnl_Id="237">
<Cond/>
<LocList/>
<StmntSeq Intrnl_Id="238">
<LocList/>
</StmntSeq>
</Branch>
<Keyword EndOffset="2486" SrcFileId="3" StartOffset="2484"/>
<LocList>
<Loc EndOffset="2662" SrcFileId="3" StartOffset="2484"/>
</LocList>
<RootTerm CovItemId="C3" CovItemPrefix="game.TestingSuite.java" Intrnl_Id="239">
<OpTerm BooleanOpId="24" Intrnl_Id="240">
<OpTerm BooleanOpId="24" Intrnl_Id="241">
<BasicBoolTerm Intrnl_Id="242">
<LocList>
<Loc EndOffset="2518" SrcFileId="3" StartOffset="2488"/>
</LocList>
</BasicBoolTerm>
<BasicBoolTerm Intrnl_Id="243">
<LocList>
<Loc EndOffset="2559" SrcFileId="3" StartOffset="2529"/>
</LocList>
</BasicBoolTerm>
<LocList>
<Loc EndOffset="2528" SrcFileId="3" StartOffset="2526"/>
</LocList>
</OpTerm>
<BasicBoolTerm Intrnl_Id="244">
<LocList>
<Loc EndOffset="2597" SrcFileId="3" StartOffset="2570"/>
</LocList>
</BasicBoolTerm>
<LocList>
<Loc EndOffset="2569" SrcFileId="3" StartOffset="2567"/>
</LocList>
</OpTerm>
</RootTerm>
</CondStmnt>
<BasicStmnt CovItemId="S44" CovItemPrefix="game.TestingSuite.java" Intrnl_Id="245">
<LocList>
<Loc EndOffset="2706" SrcFileId="3" StartOffset="2669"/>
</LocList>
</BasicStmnt>
<CondStmnt CovItemId="S45" CovItemPrefix="game.TestingSuite.java" Intrnl_Id="246">
<Branch CovItemId="B8" CovItemPrefix="game.TestingSuite.java" Implct="false" Intrnl_Id="247">
<Cond/>
<LocList>
<Loc EndOffset="2751" SrcFileId="3" StartOffset="2730"/>
</LocList>
<StmntSeq Intrnl_Id="248">
<LocList>
<Loc EndOffset="2744" SrcFileId="3" StartOffset="2738"/>
</LocList>
<BasicStmnt CovItemId="S46" CovItemPrefix="game.TestingSuite.java" Intrnl_Id="249">
<LocList>
<Loc EndOffset="2744" SrcFileId="3" StartOffset="2738"/>
</LocList>
</BasicStmnt>
</StmntSeq>
</Branch>
<Branch CovItemId="B9" CovItemPrefix="game.TestingSuite.java" Implct="false" Intrnl_Id="250">
<Cond>
<Loc EndOffset="2756" SrcFileId="3" StartOffset="2752"/>
</Cond>
<LocList>
<Loc EndOffset="4541" SrcFileId="3" StartOffset="2757"/>
</LocList>
<StmntSeq Intrnl_Id="251">
<LocList>
<Loc EndOffset="4541" SrcFileId="3" StartOffset="2757"/>
</LocList>
<CondStmnt CovItemId="S47" CovItemPrefix="game.TestingSuite.java" Intrnl_Id="252">
<Branch CovItemId="B10" CovItemPrefix="game.TestingSuite.java" Implct="false" Intrnl_Id="253">
<Cond/>
<LocList>
<Loc EndOffset="2827" SrcFileId="3" StartOffset="2774"/>
</LocList>
<StmntSeq Intrnl_Id="254">
<LocList>
<Loc EndOffset="2800" SrcFileId="3" StartOffset="2782"/>
<Loc EndOffset="2820" SrcFileId="3" StartOffset="2807"/>
</LocList>
<BasicStmnt CovItemId="S48" CovItemPrefix="game.TestingSuite.java" Intrnl_Id="255">
<LocList>
<Loc EndOffset="2800" SrcFileId="3" StartOffset="2782"/>
</LocList>
</BasicStmnt>
<BasicStmnt CovItemId="S49" CovItemPrefix="game.TestingSuite.java" Intrnl_Id="256">
<LocList>
<Loc EndOffset="2820" SrcFileId="3" StartOffset="2807"/>
</LocList>
</BasicStmnt>
</StmntSeq>
</Branch>
<Branch CovItemId="B11" CovItemPrefix="game.TestingSuite.java" Implct="false" Intrnl_Id="257">
<Cond>
<Loc EndOffset="2832" SrcFileId="3" StartOffset="2828"/>
</Cond>
<LocList>
<Loc EndOffset="4541" SrcFileId="3" StartOffset="2833"/>
</LocList>
<StmntSeq Intrnl_Id="258">
<LocList>
<Loc EndOffset="4541" SrcFileId="3" StartOffset="2833"/>
</LocList>
<CondStmnt CovItemId="S50" CovItemPrefix="game.TestingSuite.java" Intrnl_Id="259">
<Branch CovItemId="B12" CovItemPrefix="game.TestingSuite.java" Implct="false" Intrnl_Id="260">
<Cond/>
<LocList>
<Loc EndOffset="2897" SrcFileId="3" StartOffset="2850"/>
</LocList>
<StmntSeq Intrnl_Id="261">
<LocList>
<Loc EndOffset="2870" SrcFileId="3" StartOffset="2858"/>
<Loc EndOffset="2890" SrcFileId="3" StartOffset="2877"/>
</LocList>
<BasicStmnt CovItemId="S51" CovItemPrefix="game.TestingSuite.java" Intrnl_Id="262">
<LocList>
<Loc EndOffset="2870" SrcFileId="3" StartOffset="2858"/>
</LocList>
</BasicStmnt>
<BasicStmnt CovItemId="S52" CovItemPrefix="game.TestingSuite.java" Intrnl_Id="263">
<LocList>
<Loc EndOffset="2890" SrcFileId="3" StartOffset="2877"/>
</LocList>
</BasicStmnt>
</StmntSeq>
</Branch>
<Branch CovItemId="B13" CovItemPrefix="game.TestingSuite.java" Implct="false" Intrnl_Id="264">
<Cond>
<Loc EndOffset="2902" SrcFileId="3" StartOffset="2898"/>
</Cond>
<LocList>
<Loc EndOffset="4541" SrcFileId="3" StartOffset="2903"/>
</LocList>
<StmntSeq Intrnl_Id="265">
<LocList>
<Loc EndOffset="4541" SrcFileId="3" StartOffset="2903"/>
</LocList>
<CondStmnt CovItemId="S53" CovItemPrefix="game.TestingSuite.java" Intrnl_Id="266">
<Branch CovItemId="B14" CovItemPrefix="game.TestingSuite.java" Implct="false" Intrnl_Id="267">
<Cond/>
<LocList>
<Loc EndOffset="2970" SrcFileId="3" StartOffset="2920"/>
</LocList>
<StmntSeq Intrnl_Id="268">
<LocList>
<Loc EndOffset="2943" SrcFileId="3" StartOffset="2928"/>
<Loc EndOffset="2963" SrcFileId="3" StartOffset="2950"/>
</LocList>
<BasicStmnt CovItemId="S54" CovItemPrefix="game.TestingSuite.java" Intrnl_Id="269">
<LocList>
<Loc EndOffset="2943" SrcFileId="3" StartOffset="2928"/>
</LocList>
</BasicStmnt>
<BasicStmnt CovItemId="S55" CovItemPrefix="game.TestingSuite.java" Intrnl_Id="270">
<LocList>
<Loc EndOffset="2963" SrcFileId="3" StartOffset="2950"/>
</LocList>
</BasicStmnt>
</StmntSeq>
</Branch>
<Branch CovItemId="B15" CovItemPrefix="game.TestingSuite.java" Implct="false" Intrnl_Id="271">
<Cond>
<Loc EndOffset="2975" SrcFileId="3" StartOffset="2971"/>
</Cond>
<LocList>
<Loc EndOffset="4541" SrcFileId="3" StartOffset="2976"/>
</LocList>
<StmntSeq Intrnl_Id="272">
<LocList>
<Loc EndOffset="4541" SrcFileId="3" StartOffset="2976"/>
</LocList>
<CondStmnt CovItemId="S56" CovItemPrefix="game.TestingSuite.java" Intrnl_Id="273">
<Branch CovItemId="B16" CovItemPrefix="game.TestingSuite.java" Implct="false" Intrnl_Id="274">
<Cond/>
<LocList>
<Loc EndOffset="3046" SrcFileId="3" StartOffset="2993"/>
</LocList>
<StmntSeq Intrnl_Id="275">
<LocList>
<Loc EndOffset="3019" SrcFileId="3" StartOffset="3001"/>
<Loc EndOffset="3039" SrcFileId="3" StartOffset="3026"/>
</LocList>
<BasicStmnt CovItemId="S57" CovItemPrefix="game.TestingSuite.java" Intrnl_Id="276">
<LocList>
<Loc EndOffset="3019" SrcFileId="3" StartOffset="3001"/>
</LocList>
</BasicStmnt>
<BasicStmnt CovItemId="S58" CovItemPrefix="game.TestingSuite.java" Intrnl_Id="277">
<LocList>
<Loc EndOffset="3039" SrcFileId="3" StartOffset="3026"/>
</LocList>
</BasicStmnt>
</StmntSeq>
</Branch>
<Branch CovItemId="B17" CovItemPrefix="game.TestingSuite.java" Implct="false" Intrnl_Id="278">
<Cond>
<Loc EndOffset="3051" SrcFileId="3" StartOffset="3047"/>
</Cond>
<LocList>
<Loc EndOffset="4541" SrcFileId="3" StartOffset="3052"/>
</LocList>
<StmntSeq Intrnl_Id="279">
<LocList>
<Loc EndOffset="4541" SrcFileId="3" StartOffset="3052"/>
</LocList>
<CondStmnt CovItemId="S59" CovItemPrefix="game.TestingSuite.java" Intrnl_Id="280">
<Branch CovItemId="B18" CovItemPrefix="game.TestingSuite.java" Implct="false" Intrnl_Id="281">
<Cond/>
<LocList>
<Loc EndOffset="3119" SrcFileId="3" StartOffset="3069"/>
</LocList>
<StmntSeq Intrnl_Id="282">
<LocList>
<Loc EndOffset="3092" SrcFileId="3" StartOffset="3077"/>
<Loc EndOffset="3112" SrcFileId="3" StartOffset="3099"/>
</LocList>
<BasicStmnt CovItemId="S60" CovItemPrefix="game.TestingSuite.java" Intrnl_Id="283">
<LocList>
<Loc EndOffset="3092" SrcFileId="3" StartOffset="3077"/>
</LocList>
</BasicStmnt>
<BasicStmnt CovItemId="S61" CovItemPrefix="game.TestingSuite.java" Intrnl_Id="284">
<LocList>
<Loc EndOffset="3112" SrcFileId="3" StartOffset="3099"/>
</LocList>
</BasicStmnt>
</StmntSeq>
</Branch>
<Branch CovItemId="B19" CovItemPrefix="game.TestingSuite.java" Implct="false" Intrnl_Id="285">
<Cond>
<Loc EndOffset="3124" SrcFileId="3" StartOffset="3120"/>
</Cond>
<LocList>
<Loc EndOffset="4541" SrcFileId="3" StartOffset="3125"/>
</LocList>
<StmntSeq Intrnl_Id="286">
<LocList>
<Loc EndOffset="4541" SrcFileId="3" StartOffset="3125"/>
</LocList>
<CondStmnt CovItemId="S62" CovItemPrefix="game.TestingSuite.java" Intrnl_Id="287">
<Branch CovItemId="B20" CovItemPrefix="game.TestingSuite.java" Implct="false" Intrnl_Id="288">
<Cond/>
<LocList>
<Loc EndOffset="3196" SrcFileId="3" StartOffset="3142"/>
</LocList>
<StmntSeq Intrnl_Id="289">
<LocList>
<Loc EndOffset="3169" SrcFileId="3" StartOffset="3150"/>
<Loc EndOffset="3189" SrcFileId="3" StartOffset="3176"/>
</LocList>
<BasicStmnt CovItemId="S63" CovItemPrefix="game.TestingSuite.java" Intrnl_Id="290">
<LocList>
<Loc EndOffset="3169" SrcFileId="3" StartOffset="3150"/>
</LocList>
</BasicStmnt>
<BasicStmnt CovItemId="S64" CovItemPrefix="game.TestingSuite.java" Intrnl_Id="291">
<LocList>
<Loc EndOffset="3189" SrcFileId="3" StartOffset="3176"/>
</LocList>
</BasicStmnt>
</StmntSeq>
</Branch>
<Branch CovItemId="B21" CovItemPrefix="game.TestingSuite.java" Implct="false" Intrnl_Id="292">
<Cond>
<Loc EndOffset="3201" SrcFileId="3" StartOffset="3197"/>
</Cond>
<LocList>
<Loc EndOffset="4541" SrcFileId="3" StartOffset="3202"/>
</LocList>
<StmntSeq Intrnl_Id="293">
<LocList>
<Loc EndOffset="4541" SrcFileId="3" StartOffset="3202"/>
</LocList>
<CondStmnt CovItemId="S65" CovItemPrefix="game.TestingSuite.java" Intrnl_Id="294">
<Branch CovItemId="B22" CovItemPrefix="game.TestingSuite.java" Implct="false" Intrnl_Id="295">
<Cond/>
<LocList>
<Loc EndOffset="3264" SrcFileId="3" StartOffset="3219"/>
</LocList>
<StmntSeq Intrnl_Id="296">
<LocList>
<Loc EndOffset="3237" SrcFileId="3" StartOffset="3227"/>
<Loc EndOffset="3257" SrcFileId="3" StartOffset="3244"/>
</LocList>
<BasicStmnt CovItemId="S66" CovItemPrefix="game.TestingSuite.java" Intrnl_Id="297">
<LocList>
<Loc EndOffset="3237" SrcFileId="3" StartOffset="3227"/>
</LocList>
</BasicStmnt>
<BasicStmnt CovItemId="S67" CovItemPrefix="game.TestingSuite.java" Intrnl_Id="298">
<LocList>
<Loc EndOffset="3257" SrcFileId="3" StartOffset="3244"/>
</LocList>
</BasicStmnt>
</StmntSeq>
</Branch>
<Branch CovItemId="B23" CovItemPrefix="game.TestingSuite.java" Implct="false" Intrnl_Id="299">
<Cond>
<Loc EndOffset="3269" SrcFileId="3" StartOffset="3265"/>
</Cond>
<LocList>
<Loc EndOffset="4541" SrcFileId="3" StartOffset="3270"/>
</LocList>
<StmntSeq Intrnl_Id="300">
<LocList>
<Loc EndOffset="4541" SrcFileId="3" StartOffset="3270"/>
</LocList>
<CondStmnt CovItemId="S68" CovItemPrefix="game.TestingSuite.java" Intrnl_Id="301">
<Branch CovItemId="B24" CovItemPrefix="game.TestingSuite.java" Implct="false" Intrnl_Id="302">
<Cond/>
<LocList>
<Loc EndOffset="3341" SrcFileId="3" StartOffset="3287"/>
</LocList>
<StmntSeq Intrnl_Id="303">
<LocList>
<Loc EndOffset="3314" SrcFileId="3" StartOffset="3295"/>
<Loc EndOffset="3334" SrcFileId="3" StartOffset="3321"/>
</LocList>
<BasicStmnt CovItemId="S69" CovItemPrefix="game.TestingSuite.java" Intrnl_Id="304">
<LocList>
<Loc EndOffset="3314" SrcFileId="3" StartOffset="3295"/>
</LocList>
</BasicStmnt>
<BasicStmnt CovItemId="S70" CovItemPrefix="game.TestingSuite.java" Intrnl_Id="305">
<LocList>
<Loc EndOffset="3334" SrcFileId="3" StartOffset="3321"/>
</LocList>
</BasicStmnt>
</StmntSeq>
</Branch>
<Branch CovItemId="B25" CovItemPrefix="game.TestingSuite.java" Implct="false" Intrnl_Id="306">
<Cond>
<Loc EndOffset="3346" SrcFileId="3" StartOffset="3342"/>
</Cond>
<LocList>
<Loc EndOffset="4541" SrcFileId="3" StartOffset="3347"/>
</LocList>
<StmntSeq Intrnl_Id="307">
<LocList>
<Loc EndOffset="4541" SrcFileId="3" StartOffset="3347"/>
</LocList>
<CondStmnt CovItemId="S71" CovItemPrefix="game.TestingSuite.java" Intrnl_Id="308">
<Branch CovItemId="B26" CovItemPrefix="game.TestingSuite.java" Implct="false" Intrnl_Id="309">
<Cond/>
<LocList>
<Loc EndOffset="3414" SrcFileId="3" StartOffset="3364"/>
</LocList>
<StmntSeq Intrnl_Id="310">
<LocList>
<Loc EndOffset="3387" SrcFileId="3" StartOffset="3372"/>
<Loc EndOffset="3407" SrcFileId="3" StartOffset="3394"/>
</LocList>
<BasicStmnt CovItemId="S72" CovItemPrefix="game.TestingSuite.java" Intrnl_Id="311">
<LocList>
<Loc EndOffset="3387" SrcFileId="3" StartOffset="3372"/>
</LocList>
</BasicStmnt>
<BasicStmnt CovItemId="S73" CovItemPrefix="game.TestingSuite.java" Intrnl_Id="312">
<LocList>
<Loc EndOffset="3407" SrcFileId="3" StartOffset="3394"/>
</LocList>
</BasicStmnt>
</StmntSeq>
</Branch>
<Branch CovItemId="B27" CovItemPrefix="game.TestingSuite.java" Implct="false" Intrnl_Id="313">
<Cond>
<Loc EndOffset="3419" SrcFileId="3" StartOffset="3415"/>
</Cond>
<LocList>
<Loc EndOffset="4541" SrcFileId="3" StartOffset="3420"/>
</LocList>
<StmntSeq Intrnl_Id="314">
<LocList>
<Loc EndOffset="4541" SrcFileId="3" StartOffset="3420"/>
</LocList>
<CondStmnt CovItemId="S74" CovItemPrefix="game.TestingSuite.java" Intrnl_Id="315">
<Branch CovItemId="B28" CovItemPrefix="game.TestingSuite.java" Implct="false" Intrnl_Id="316">
<Cond/>
<LocList>
<Loc EndOffset="3488" SrcFileId="3" StartOffset="3438"/>
</LocList>
<StmntSeq Intrnl_Id="317">
<LocList>
<Loc EndOffset="3461" SrcFileId="3" StartOffset="3446"/>
<Loc EndOffset="3481" SrcFileId="3" StartOffset="3468"/>
</LocList>
<BasicStmnt CovItemId="S75" CovItemPrefix="game.TestingSuite.java" Intrnl_Id="318">
<LocList>
<Loc EndOffset="3461" SrcFileId="3" StartOffset="3446"/>
</LocList>
</BasicStmnt>
<BasicStmnt CovItemId="S76" CovItemPrefix="game.TestingSuite.java" Intrnl_Id="319">
<LocList>
<Loc EndOffset="3481" SrcFileId="3" StartOffset="3468"/>
</LocList>
</BasicStmnt>
</StmntSeq>
</Branch>
<Branch CovItemId="B29" CovItemPrefix="game.TestingSuite.java" Implct="false" Intrnl_Id="320">
<Cond>
<Loc EndOffset="3493" SrcFileId="3" StartOffset="3489"/>
</Cond>
<LocList>
<Loc EndOffset="4541" SrcFileId="3" StartOffset="3494"/>
</LocList>
<StmntSeq Intrnl_Id="321">
<LocList>
<Loc EndOffset="4541" SrcFileId="3" StartOffset="3494"/>
</LocList>
<CondStmnt CovItemId="S77" CovItemPrefix="game.TestingSuite.java" Intrnl_Id="322">
<Branch CovItemId="B30" CovItemPrefix="game.TestingSuite.java" Implct="false" Intrnl_Id="323">
<Cond/>
<LocList>
<Loc EndOffset="3571" SrcFileId="3" StartOffset="3512"/>
</LocList>
<StmntSeq Intrnl_Id="324">
<LocList>
<Loc EndOffset="3544" SrcFileId="3" StartOffset="3520"/>
<Loc EndOffset="3564" SrcFileId="3" StartOffset="3551"/>
</LocList>
<BasicStmnt CovItemId="S78" CovItemPrefix="game.TestingSuite.java" Intrnl_Id="325">
<LocList>
<Loc EndOffset="3544" SrcFileId="3" StartOffset="3520"/>
</LocList>
</BasicStmnt>
<BasicStmnt CovItemId="S79" CovItemPrefix="game.TestingSuite.java" Intrnl_Id="326">
<LocList>
<Loc EndOffset="3564" SrcFileId="3" StartOffset="3551"/>
</LocList>
</BasicStmnt>
</StmntSeq>
</Branch>
<Branch CovItemId="B31" CovItemPrefix="game.TestingSuite.java" Implct="false" Intrnl_Id="327">
<Cond>
<Loc EndOffset="3576" SrcFileId="3" StartOffset="3572"/>
</Cond>
<LocList>
<Loc EndOffset="4541" SrcFileId="3" StartOffset="3577"/>
</LocList>
<StmntSeq Intrnl_Id="328">
<LocList>
<Loc EndOffset="4541" SrcFileId="3" StartOffset="3577"/>
</LocList>
<CondStmnt CovItemId="S80" CovItemPrefix="game.TestingSuite.java" Intrnl_Id="329">
<Branch CovItemId="B32" CovItemPrefix="game.TestingSuite.java" Implct="false" Intrnl_Id="330">
<Cond/>
<LocList>
<Loc EndOffset="3654" SrcFileId="3" StartOffset="3595"/>
</LocList>
<StmntSeq Intrnl_Id="331">
<LocList>
<Loc EndOffset="3627" SrcFileId="3" StartOffset="3603"/>
<Loc EndOffset="3647" SrcFileId="3" StartOffset="3634"/>
</LocList>
<BasicStmnt CovItemId="S81" CovItemPrefix="game.TestingSuite.java" Intrnl_Id="332">
<LocList>
<Loc EndOffset="3627" SrcFileId="3" StartOffset="3603"/>
</LocList>
</BasicStmnt>
<BasicStmnt CovItemId="S82" CovItemPrefix="game.TestingSuite.java" Intrnl_Id="333">
<LocList>
<Loc EndOffset="3647" SrcFileId="3" StartOffset="3634"/>
</LocList>
</BasicStmnt>
</StmntSeq>
</Branch>
<Branch CovItemId="B33" CovItemPrefix="game.TestingSuite.java" Implct="false" Intrnl_Id="334">
<Cond>
<Loc EndOffset="3659" SrcFileId="3" StartOffset="3655"/>
</Cond>
<LocList>
<Loc EndOffset="4541" SrcFileId="3" StartOffset="3660"/>
</LocList>
<StmntSeq Intrnl_Id="335">
<LocList>
<Loc EndOffset="4541" SrcFileId="3" StartOffset="3660"/>
</LocList>
<CondStmnt CovItemId="S83" CovItemPrefix="game.TestingSuite.java" Intrnl_Id="336">
<Branch CovItemId="B34" CovItemPrefix="game.TestingSuite.java" Implct="false" Intrnl_Id="337">
<Cond/>
<LocList>
<Loc EndOffset="3729" SrcFileId="3" StartOffset="3678"/>
</LocList>
<StmntSeq Intrnl_Id="338">
<LocList>
<Loc EndOffset="3702" SrcFileId="3" StartOffset="3686"/>
<Loc EndOffset="3722" SrcFileId="3" StartOffset="3709"/>
</LocList>
<BasicStmnt CovItemId="S84" CovItemPrefix="game.TestingSuite.java" Intrnl_Id="339">
<LocList>
<Loc EndOffset="3702" SrcFileId="3" StartOffset="3686"/>
</LocList>
</BasicStmnt>
<BasicStmnt CovItemId="S85" CovItemPrefix="game.TestingSuite.java" Intrnl_Id="340">
<LocList>
<Loc EndOffset="3722" SrcFileId="3" StartOffset="3709"/>
</LocList>
</BasicStmnt>
</StmntSeq>
</Branch>
<Branch CovItemId="B35" CovItemPrefix="game.TestingSuite.java" Implct="false" Intrnl_Id="341">
<Cond>
<Loc EndOffset="3734" SrcFileId="3" StartOffset="3730"/>
</Cond>
<LocList>
<Loc EndOffset="4541" SrcFileId="3" StartOffset="3735"/>
</LocList>
<StmntSeq Intrnl_Id="342">
<LocList>
<Loc EndOffset="4541" SrcFileId="3" StartOffset="3735"/>
</LocList>
<CondStmnt CovItemId="S86" CovItemPrefix="game.TestingSuite.java" Intrnl_Id="343">
<Branch CovItemId="B36" CovItemPrefix="game.TestingSuite.java" Implct="false" Intrnl_Id="344">
<Cond/>
<LocList>
<Loc EndOffset="3807" SrcFileId="3" StartOffset="3753"/>
</LocList>
<StmntSeq Intrnl_Id="345">
<LocList>
<Loc EndOffset="3780" SrcFileId="3" StartOffset="3761"/>
<Loc EndOffset="3800" SrcFileId="3" StartOffset="3787"/>
</LocList>
<BasicStmnt CovItemId="S87" CovItemPrefix="game.TestingSuite.java" Intrnl_Id="346">
<LocList>
<Loc EndOffset="3780" SrcFileId="3" StartOffset="3761"/>
</LocList>
</BasicStmnt>
<BasicStmnt CovItemId="S88" CovItemPrefix="game.TestingSuite.java" Intrnl_Id="347">
<LocList>
<Loc EndOffset="3800" SrcFileId="3" StartOffset="3787"/>
</LocList>
</BasicStmnt>
</StmntSeq>
</Branch>
<Branch CovItemId="B37" CovItemPrefix="game.TestingSuite.java" Implct="false" Intrnl_Id="348">
<Cond>
<Loc EndOffset="3812" SrcFileId="3" StartOffset="3808"/>
</Cond>
<LocList>
<Loc EndOffset="4541" SrcFileId="3" StartOffset="3813"/>
</LocList>
<StmntSeq Intrnl_Id="349">
<LocList>
<Loc EndOffset="4541" SrcFileId="3" StartOffset="3813"/>
</LocList>
<CondStmnt CovItemId="S89" CovItemPrefix="game.TestingSuite.java" Intrnl_Id="350">
<Branch CovItemId="B38" CovItemPrefix="game.TestingSuite.java" Implct="false" Intrnl_Id="351">
<Cond/>
<LocList>
<Loc EndOffset="3885" SrcFileId="3" StartOffset="3831"/>
</LocList>
<StmntSeq Intrnl_Id="352">
<LocList>
<Loc EndOffset="3858" SrcFileId="3" StartOffset="3839"/>
<Loc EndOffset="3878" SrcFileId="3" StartOffset="3865"/>
</LocList>
<BasicStmnt CovItemId="S90" CovItemPrefix="game.TestingSuite.java" Intrnl_Id="353">
<LocList>
<Loc EndOffset="3858" SrcFileId="3" StartOffset="3839"/>
</LocList>
</BasicStmnt>
<BasicStmnt CovItemId="S91" CovItemPrefix="game.TestingSuite.java" Intrnl_Id="354">
<LocList>
<Loc EndOffset="3878" SrcFileId="3" StartOffset="3865"/>
</LocList>
</BasicStmnt>
</StmntSeq>
</Branch>
<Branch CovItemId="B39" CovItemPrefix="game.TestingSuite.java" Implct="false" Intrnl_Id="355">
<Cond>
<Loc EndOffset="3890" SrcFileId="3" StartOffset="3886"/>
</Cond>
<LocList>
<Loc EndOffset="4541" SrcFileId="3" StartOffset="3891"/>
</LocList>
<StmntSeq Intrnl_Id="356">
<LocList>
<Loc EndOffset="4541" SrcFileId="3" StartOffset="3891"/>
</LocList>
<CondStmnt CovItemId="S92" CovItemPrefix="game.TestingSuite.java" Intrnl_Id="357">
<Branch CovItemId="B40" CovItemPrefix="game.TestingSuite.java" Implct="false" Intrnl_Id="358">
<Cond/>
<LocList>
<Loc EndOffset="3965" SrcFileId="3" StartOffset="3909"/>
</LocList>
<StmntSeq Intrnl_Id="359">
<LocList>
<Loc EndOffset="3938" SrcFileId="3" StartOffset="3917"/>
<Loc EndOffset="3958" SrcFileId="3" StartOffset="3945"/>
</LocList>
<BasicStmnt CovItemId="S93" CovItemPrefix="game.TestingSuite.java" Intrnl_Id="360">
<LocList>
<Loc EndOffset="3938" SrcFileId="3" StartOffset="3917"/>
</LocList>
</BasicStmnt>
<BasicStmnt CovItemId="S94" CovItemPrefix="game.TestingSuite.java" Intrnl_Id="361">
<LocList>
<Loc EndOffset="3958" SrcFileId="3" StartOffset="3945"/>
</LocList>
</BasicStmnt>
</StmntSeq>
</Branch>
<Branch CovItemId="B41" CovItemPrefix="game.TestingSuite.java" Implct="false" Intrnl_Id="362">
<Cond>
<Loc EndOffset="3970" SrcFileId="3" StartOffset="3966"/>
</Cond>
<LocList>
<Loc EndOffset="4541" SrcFileId="3" StartOffset="3971"/>
</LocList>
<StmntSeq Intrnl_Id="363">
<LocList>
<Loc EndOffset="4541" SrcFileId="3" StartOffset="3971"/>
</LocList>
<CondStmnt CovItemId="S95" CovItemPrefix="game.TestingSuite.java" Intrnl_Id="364">
<Branch CovItemId="B42" CovItemPrefix="game.TestingSuite.java" Implct="false" Intrnl_Id="365">
<Cond/>
<LocList>
<Loc EndOffset="4045" SrcFileId="3" StartOffset="3989"/>
</LocList>
<StmntSeq Intrnl_Id="366">
<LocList>
<Loc EndOffset="4018" SrcFileId="3" StartOffset="3997"/>
<Loc EndOffset="4038" SrcFileId="3" StartOffset="4025"/>
</LocList>
<BasicStmnt CovItemId="S96" CovItemPrefix="game.TestingSuite.java" Intrnl_Id="367">
<LocList>
<Loc EndOffset="4018" SrcFileId="3" StartOffset="3997"/>
</LocList>
</BasicStmnt>
<BasicStmnt CovItemId="S97" CovItemPrefix="game.TestingSuite.java" Intrnl_Id="368">
<LocList>
<Loc EndOffset="4038" SrcFileId="3" StartOffset="4025"/>
</LocList>
</BasicStmnt>
</StmntSeq>
</Branch>
<Branch CovItemId="B43" CovItemPrefix="game.TestingSuite.java" Implct="false" Intrnl_Id="369">
<Cond>
<Loc EndOffset="4050" SrcFileId="3" StartOffset="4046"/>
</Cond>
<LocList>
<Loc EndOffset="4541" SrcFileId="3" StartOffset="4051"/>
</LocList>
<StmntSeq Intrnl_Id="370">
<LocList>
<Loc EndOffset="4541" SrcFileId="3" StartOffset="4051"/>
</LocList>
<CondStmnt CovItemId="S98" CovItemPrefix="game.TestingSuite.java" Intrnl_Id="371">
<Branch CovItemId="B44" CovItemPrefix="game.TestingSuite.java" Implct="false" Intrnl_Id="372">
<Cond/>
<LocList>
<Loc EndOffset="4124" SrcFileId="3" StartOffset="4069"/>
</LocList>
<StmntSeq Intrnl_Id="373">
<LocList>
<Loc EndOffset="4097" SrcFileId="3" StartOffset="4077"/>
<Loc EndOffset="4117" SrcFileId="3" StartOffset="4104"/>
</LocList>
<BasicStmnt CovItemId="S99" CovItemPrefix="game.TestingSuite.java" Intrnl_Id="374">
<LocList>
<Loc EndOffset="4097" SrcFileId="3" StartOffset="4077"/>
</LocList>
</BasicStmnt>
<BasicStmnt CovItemId="S100" CovItemPrefix="game.TestingSuite.java" Intrnl_Id="375">
<LocList>
<Loc EndOffset="4117" SrcFileId="3" StartOffset="4104"/>
</LocList>
</BasicStmnt>
</StmntSeq>
</Branch>
<Branch CovItemId="B45" CovItemPrefix="game.TestingSuite.java" Implct="false" Intrnl_Id="376">
<Cond>
<Loc EndOffset="4129" SrcFileId="3" StartOffset="4125"/>
</Cond>
<LocList>
<Loc EndOffset="4541" SrcFileId="3" StartOffset="4130"/>
</LocList>
<StmntSeq Intrnl_Id="377">
<LocList>
<Loc EndOffset="4541" SrcFileId="3" StartOffset="4130"/>
</LocList>
<CondStmnt CovItemId="S101" CovItemPrefix="game.TestingSuite.java" Intrnl_Id="378">
<Branch CovItemId="B46" CovItemPrefix="game.TestingSuite.java" Implct="false" Intrnl_Id="379">
<Cond/>
<LocList>
<Loc EndOffset="4441" SrcFileId="3" StartOffset="4148"/>
</LocList>
<StmntSeq Intrnl_Id="380">
<LocList>
<Loc EndOffset="4175" SrcFileId="3" StartOffset="4156"/>
<Loc EndOffset="4195" SrcFileId="3" StartOffset="4182"/>
</LocList>
<BasicStmnt CovItemId="S102" CovItemPrefix="game.TestingSuite.java" Intrnl_Id="381">
<LocList>
<Loc EndOffset="4175" SrcFileId="3" StartOffset="4156"/>
</LocList>
</BasicStmnt>
<BasicStmnt CovItemId="S103" CovItemPrefix="game.TestingSuite.java" Intrnl_Id="382">
<LocList>
<Loc EndOffset="4195" SrcFileId="3" StartOffset="4182"/>
</LocList>
</BasicStmnt>
</StmntSeq>
</Branch>
<Branch CovItemId="B47" CovItemPrefix="game.TestingSuite.java" Implct="false" Intrnl_Id="383">
<Cond>
<Loc EndOffset="4446" SrcFileId="3" StartOffset="4442"/>
</Cond>
<LocList>
<Loc EndOffset="4541" SrcFileId="3" StartOffset="4447"/>
</LocList>
<StmntSeq Intrnl_Id="384">
<LocList>
<Loc EndOffset="4468" SrcFileId="3" StartOffset="4455"/>
<Loc EndOffset="4534" SrcFileId="3" StartOffset="4475"/>
</LocList>
<BasicStmnt CovItemId="S104" CovItemPrefix="game.TestingSuite.java" Intrnl_Id="385">
<LocList>
<Loc EndOffset="4468" SrcFileId="3" StartOffset="4455"/>
</LocList>
</BasicStmnt>
<BasicStmnt CovItemId="S105" CovItemPrefix="game.TestingSuite.java" Intrnl_Id="386">
<LocList>
<Loc EndOffset="4534" SrcFileId="3" StartOffset="4475"/>
</LocList>
</BasicStmnt>
</StmntSeq>
</Branch>
<Keyword EndOffset="4132" SrcFileId="3" StartOffset="4130"/>
<LocList>
<Loc EndOffset="4541" SrcFileId="3" StartOffset="4130"/>
</LocList>
<RootTerm CovItemId="C23" CovItemPrefix="game.TestingSuite.java" Intrnl_Id="387">
<BasicBoolTerm Intrnl_Id="388">
<LocList>
<Loc EndOffset="4146" SrcFileId="3" StartOffset="4134"/>
</LocList>
</BasicBoolTerm>
</RootTerm>
</CondStmnt>
</StmntSeq>
</Branch>
<Keyword EndOffset="4053" SrcFileId="3" StartOffset="4051"/>
<LocList>
<Loc EndOffset="4541" SrcFileId="3" StartOffset="4051"/>
</LocList>
<RootTerm CovItemId="C22" CovItemPrefix="game.TestingSuite.java" Intrnl_Id="389">
<BasicBoolTerm Intrnl_Id="390">
<LocList>
<Loc EndOffset="4067" SrcFileId="3" StartOffset="4055"/>
</LocList>
</BasicBoolTerm>
</RootTerm>
</CondStmnt>
</StmntSeq>
</Branch>
<Keyword EndOffset="3973" SrcFileId="3" StartOffset="3971"/>
<LocList>
<Loc EndOffset="4541" SrcFileId="3" StartOffset="3971"/>
</LocList>
<RootTerm CovItemId="C21" CovItemPrefix="game.TestingSuite.java" Intrnl_Id="391">
<BasicBoolTerm Intrnl_Id="392">
<LocList>
<Loc EndOffset="3987" SrcFileId="3" StartOffset="3975"/>
</LocList>
</BasicBoolTerm>
</RootTerm>
</CondStmnt>
</StmntSeq>
</Branch>
<Keyword EndOffset="3893" SrcFileId="3" StartOffset="3891"/>
<LocList>
<Loc EndOffset="4541" SrcFileId="3" StartOffset="3891"/>
</LocList>
<RootTerm CovItemId="C20" CovItemPrefix="game.TestingSuite.java" Intrnl_Id="393">
<BasicBoolTerm Intrnl_Id="394">
<LocList>
<Loc EndOffset="3907" SrcFileId="3" StartOffset="3895"/>
</LocList>
</BasicBoolTerm>
</RootTerm>
</CondStmnt>
</StmntSeq>
</Branch>
<Keyword EndOffset="3815" SrcFileId="3" StartOffset="3813"/>
<LocList>
<Loc EndOffset="4541" SrcFileId="3" StartOffset="3813"/>
</LocList>
<RootTerm CovItemId="C19" CovItemPrefix="game.TestingSuite.java" Intrnl_Id="395">
<BasicBoolTerm Intrnl_Id="396">
<LocList>
<Loc EndOffset="3829" SrcFileId="3" StartOffset="3817"/>
</LocList>
</BasicBoolTerm>
</RootTerm>
</CondStmnt>
</StmntSeq>
</Branch>
<Keyword EndOffset="3737" SrcFileId="3" StartOffset="3735"/>
<LocList>
<Loc EndOffset="4541" SrcFileId="3" StartOffset="3735"/>
</LocList>
<RootTerm CovItemId="C18" CovItemPrefix="game.TestingSuite.java" Intrnl_Id="397">
<BasicBoolTerm Intrnl_Id="398">
<LocList>
<Loc EndOffset="3751" SrcFileId="3" StartOffset="3739"/>
</LocList>
</BasicBoolTerm>
</RootTerm>
</CondStmnt>
</StmntSeq>
</Branch>
<Keyword EndOffset="3662" SrcFileId="3" StartOffset="3660"/>
<LocList>
<Loc EndOffset="4541" SrcFileId="3" StartOffset="3660"/>
</LocList>
<RootTerm CovItemId="C17" CovItemPrefix="game.TestingSuite.java" Intrnl_Id="399">
<BasicBoolTerm Intrnl_Id="400">
<LocList>
<Loc EndOffset="3676" SrcFileId="3" StartOffset="3664"/>
</LocList>
</BasicBoolTerm>
</RootTerm>
</CondStmnt>
</StmntSeq>
</Branch>
<Keyword EndOffset="3579" SrcFileId="3" StartOffset="3577"/>
<LocList>
<Loc EndOffset="4541" SrcFileId="3" StartOffset="3577"/>
</LocList>
<RootTerm CovItemId="C16" CovItemPrefix="game.TestingSuite.java" Intrnl_Id="401">
<BasicBoolTerm Intrnl_Id="402">
<LocList>
<Loc EndOffset="3593" SrcFileId="3" StartOffset="3581"/>
</LocList>
</BasicBoolTerm>
</RootTerm>
</CondStmnt>
</StmntSeq>
</Branch>
<Keyword EndOffset="3496" SrcFileId="3" StartOffset="3494"/>
<LocList>
<Loc EndOffset="4541" SrcFileId="3" StartOffset="3494"/>
</LocList>
<RootTerm CovItemId="C15" CovItemPrefix="game.TestingSuite.java" Intrnl_Id="403">
<BasicBoolTerm Intrnl_Id="404">
<LocList>
<Loc EndOffset="3510" SrcFileId="3" StartOffset="3498"/>
</LocList>
</BasicBoolTerm>
</RootTerm>
</CondStmnt>
</StmntSeq>
</Branch>
<Keyword EndOffset="3422" SrcFileId="3" StartOffset="3420"/>
<LocList>
<Loc EndOffset="4541" SrcFileId="3" StartOffset="3420"/>
</LocList>
<RootTerm CovItemId="C14" CovItemPrefix="game.TestingSuite.java" Intrnl_Id="405">
<BasicBoolTerm Intrnl_Id="406">
<LocList>
<Loc EndOffset="3436" SrcFileId="3" StartOffset="3424"/>
</LocList>
</BasicBoolTerm>
</RootTerm>
</CondStmnt>
</StmntSeq>
</Branch>
<Keyword EndOffset="3349" SrcFileId="3" StartOffset="3347"/>
<LocList>
<Loc EndOffset="4541" SrcFileId="3" StartOffset="3347"/>
</LocList>
<RootTerm CovItemId="C13" CovItemPrefix="game.TestingSuite.java" Intrnl_Id="407">
<BasicBoolTerm Intrnl_Id="408">
<LocList>
<Loc EndOffset="3362" SrcFileId="3" StartOffset="3351"/>
</LocList>
</BasicBoolTerm>
</RootTerm>
</CondStmnt>
</StmntSeq>
</Branch>
<Keyword EndOffset="3272" SrcFileId="3" StartOffset="3270"/>
<LocList>
<Loc EndOffset="4541" SrcFileId="3" StartOffset="3270"/>
</LocList>
<RootTerm CovItemId="C12" CovItemPrefix="game.TestingSuite.java" Intrnl_Id="409">
<BasicBoolTerm Intrnl_Id="410">
<LocList>
<Loc EndOffset="3285" SrcFileId="3" StartOffset="3274"/>
</LocList>
</BasicBoolTerm>
</RootTerm>
</CondStmnt>
</StmntSeq>
</Branch>
<Keyword EndOffset="3204" SrcFileId="3" StartOffset="3202"/>
<LocList>
<Loc EndOffset="4541" SrcFileId="3" StartOffset="3202"/>
</LocList>
<RootTerm CovItemId="C11" CovItemPrefix="game.TestingSuite.java" Intrnl_Id="411">
<BasicBoolTerm Intrnl_Id="412">
<LocList>
<Loc EndOffset="3217" SrcFileId="3" StartOffset="3206"/>
</LocList>
</BasicBoolTerm>
</RootTerm>
</CondStmnt>
</StmntSeq>
</Branch>
<Keyword EndOffset="3127" SrcFileId="3" StartOffset="3125"/>
<LocList>
<Loc EndOffset="4541" SrcFileId="3" StartOffset="3125"/>
</LocList>
<RootTerm CovItemId="C10" CovItemPrefix="game.TestingSuite.java" Intrnl_Id="413">
<BasicBoolTerm Intrnl_Id="414">
<LocList>
<Loc EndOffset="3140" SrcFileId="3" StartOffset="3129"/>
</LocList>
</BasicBoolTerm>
</RootTerm>
</CondStmnt>
</StmntSeq>
</Branch>
<Keyword EndOffset="3054" SrcFileId="3" StartOffset="3052"/>
<LocList>
<Loc EndOffset="4541" SrcFileId="3" StartOffset="3052"/>
</LocList>
<RootTerm CovItemId="C9" CovItemPrefix="game.TestingSuite.java" Intrnl_Id="415">
<BasicBoolTerm Intrnl_Id="416">
<LocList>
<Loc EndOffset="3067" SrcFileId="3" StartOffset="3056"/>
</LocList>
</BasicBoolTerm>
</RootTerm>
</CondStmnt>
</StmntSeq>
</Branch>
<Keyword EndOffset="2978" SrcFileId="3" StartOffset="2976"/>
<LocList>
<Loc EndOffset="4541" SrcFileId="3" StartOffset="2976"/>
</LocList>
<RootTerm CovItemId="C8" CovItemPrefix="game.TestingSuite.java" Intrnl_Id="417">
<BasicBoolTerm Intrnl_Id="418">
<LocList>
<Loc EndOffset="2991" SrcFileId="3" StartOffset="2980"/>
</LocList>
</BasicBoolTerm>
</RootTerm>
</CondStmnt>
</StmntSeq>
</Branch>
<Keyword EndOffset="2905" SrcFileId="3" StartOffset="2903"/>
<LocList>
<Loc EndOffset="4541" SrcFileId="3" StartOffset="2903"/>
</LocList>
<RootTerm CovItemId="C7" CovItemPrefix="game.TestingSuite.java" Intrnl_Id="419">
<BasicBoolTerm Intrnl_Id="420">
<LocList>
<Loc EndOffset="2918" SrcFileId="3" StartOffset="2907"/>
</LocList>
</BasicBoolTerm>
</RootTerm>
</CondStmnt>
</StmntSeq>
</Branch>
<Keyword EndOffset="2835" SrcFileId="3" StartOffset="2833"/>
<LocList>
<Loc EndOffset="4541" SrcFileId="3" StartOffset="2833"/>
</LocList>
<RootTerm CovItemId="C6" CovItemPrefix="game.TestingSuite.java" Intrnl_Id="421">
<BasicBoolTerm Intrnl_Id="422">
<LocList>
<Loc EndOffset="2848" SrcFileId="3" StartOffset="2837"/>
</LocList>
</BasicBoolTerm>
</RootTerm>
</CondStmnt>
</StmntSeq>
</Branch>
<Keyword EndOffset="2759" SrcFileId="3" StartOffset="2757"/>
<LocList>
<Loc EndOffset="4541" SrcFileId="3" StartOffset="2757"/>
</LocList>
<RootTerm CovItemId="C5" CovItemPrefix="game.TestingSuite.java" Intrnl_Id="423">
<BasicBoolTerm Intrnl_Id="424">
<LocList>
<Loc EndOffset="2772" SrcFileId="3" StartOffset="2761"/>
</LocList>
</BasicBoolTerm>
</RootTerm>
</CondStmnt>
</StmntSeq>
</Branch>
<Keyword EndOffset="2715" SrcFileId="3" StartOffset="2713"/>
<LocList>
<Loc EndOffset="4541" SrcFileId="3" StartOffset="2713"/>
</LocList>
<RootTerm CovItemId="C4" CovItemPrefix="game.TestingSuite.java" Intrnl_Id="425">
<BasicBoolTerm Intrnl_Id="426">
<LocList>
<Loc EndOffset="2728" SrcFileId="3" StartOffset="2717"/>
</LocList>
</BasicBoolTerm>
</RootTerm>
</CondStmnt>
<CondStmnt CovItemId="S40" CovItemPrefix="game.TestingSuite.java" Intrnl_Id="427">
<Branch CovItemId="B5" CovItemPrefix="game.TestingSuite.java" Implct="true" Intrnl_Id="428">
<Cond/>
<LocList/>
<StmntSeq Intrnl_Id="429">
<LocList/>
</StmntSeq>
</Branch>
<Branch CovItemId="B48" CovItemPrefix="game.TestingSuite.java" Implct="false" Intrnl_Id="430">
<Cond>
<Loc EndOffset="4567" SrcFileId="3" StartOffset="4548"/>
</Cond>
<LocList>
<Loc EndOffset="4642" SrcFileId="3" StartOffset="4568"/>
</LocList>
<StmntSeq Intrnl_Id="431">
<LocList>
<Loc EndOffset="4588" SrcFileId="3" StartOffset="4575"/>
<Loc EndOffset="4636" SrcFileId="3" StartOffset="4594"/>
</LocList>
<BasicStmnt CovItemId="S106" CovItemPrefix="game.TestingSuite.java" Intrnl_Id="432">
<LocList>
<Loc EndOffset="4588" SrcFileId="3" StartOffset="4575"/>
</LocList>
</BasicStmnt>
<BasicStmnt CovItemId="S107" CovItemPrefix="game.TestingSuite.java" Intrnl_Id="433">
<LocList>
<Loc EndOffset="4636" SrcFileId="3" StartOffset="4594"/>
</LocList>
</BasicStmnt>
</StmntSeq>
</Branch>
<Keyword EndOffset="2476" SrcFileId="3" StartOffset="2473"/>
<LocList>
<Loc EndOffset="4642" SrcFileId="3" StartOffset="2473"/>
</LocList>
</CondStmnt>
</StmntSeq>
</Branch>
<Branch CovItemId="B4" CovItemPrefix="game.TestingSuite.java" Implct="true" Intrnl_Id="434">
<Cond/>
<LocList/>
<StmntSeq Intrnl_Id="435">
<LocList/>
</StmntSeq>
</Branch>
<Keyword EndOffset="2450" SrcFileId="3" StartOffset="2448"/>
<LocList>
<Loc EndOffset="4647" SrcFileId="3" StartOffset="2448"/>
</LocList>
<RootTerm CovItemId="C2" CovItemPrefix="game.TestingSuite.java" Intrnl_Id="436">
<BasicBoolTerm Intrnl_Id="437">
<LocList>
<Loc EndOffset="2465" SrcFileId="3" StartOffset="2452"/>
</LocList>
</BasicBoolTerm>
</RootTerm>
</CondStmnt>
</StmntSeq>
<Keyword EndOffset="875" SrcFileId="3" StartOffset="870"/>
<LocList>
<Loc EndOffset="4652" SrcFileId="3" StartOffset="870"/>
</LocList>
<RootTerm CovItemId="C1" CovItemPrefix="game.TestingSuite.java" Intrnl_Id="438">
<BasicBoolTerm Intrnl_Id="439">
<LocList>
<Loc EndOffset="890" SrcFileId="3" StartOffset="877"/>
</LocList>
</BasicBoolTerm>
</RootTerm>
</LoopStmnt>
</StmntSeq>
</HierarchyLvl>
<HierarchyLvl HierarchyLvlId="1007" HierarchyLvlTypeId="27" Intrnl_Id="440" Name="completeMove">
<Header>
<Loc EndOffset="4835" SrcFileId="3" StartOffset="4800"/>
</Header>
<LocList>
<Loc EndOffset="5288" SrcFileId="3" StartOffset="4800"/>
</LocList>
<StmntSeq Intrnl_Id="441">
<LocList>
<Loc EndOffset="4902" SrcFileId="3" StartOffset="4840"/>
<Loc EndOffset="5284" SrcFileId="3" StartOffset="4906"/>
</LocList>
<BasicStmnt CovItemId="S108" CovItemPrefix="game.TestingSuite.java" Intrnl_Id="442">
<LocList>
<Loc EndOffset="4902" SrcFileId="3" StartOffset="4840"/>
</LocList>
</BasicStmnt>
<CondStmnt CovItemId="S109" CovItemPrefix="game.TestingSuite.java" Intrnl_Id="443">
<Branch CovItemId="B49" CovItemPrefix="game.TestingSuite.java" Implct="false" Intrnl_Id="444">
<Cond/>
<LocList>
<Loc EndOffset="5242" SrcFileId="3" StartOffset="4976"/>
</LocList>
<StmntSeq Intrnl_Id="445">
<LocList>
<Loc EndOffset="5037" SrcFileId="3" StartOffset="4981"/>
<Loc EndOffset="5057" SrcFileId="3" StartOffset="5041"/>
<Loc EndOffset="5091" SrcFileId="3" StartOffset="5061"/>
<Loc EndOffset="5238" SrcFileId="3" StartOffset="5134"/>
</LocList>
<BasicStmnt CovItemId="S110" CovItemPrefix="game.TestingSuite.java" Intrnl_Id="446">
<LocList>
<Loc EndOffset="5037" SrcFileId="3" StartOffset="4981"/>
</LocList>
</BasicStmnt>
<BasicStmnt CovItemId="S111" CovItemPrefix="game.TestingSuite.java" Intrnl_Id="447">
<LocList>
<Loc EndOffset="5057" SrcFileId="3" StartOffset="5041"/>
</LocList>
</BasicStmnt>
<BasicStmnt CovItemId="S112" CovItemPrefix="game.TestingSuite.java" Intrnl_Id="448">
<LocList>
<Loc EndOffset="5091" SrcFileId="3" StartOffset="5061"/>
</LocList>
</BasicStmnt>
<CondStmnt CovItemId="S113" CovItemPrefix="game.TestingSuite.java" Intrnl_Id="449">
<Branch CovItemId="B51" CovItemPrefix="game.TestingSuite.java" Implct="false" Intrnl_Id="450">
<Cond/>
<LocList>
<Loc EndOffset="5238" SrcFileId="3" StartOffset="5159"/>
</LocList>
<StmntSeq Intrnl_Id="451">
<LocList>
<Loc EndOffset="5207" SrcFileId="3" StartOffset="5165"/>
<Loc EndOffset="5233" SrcFileId="3" StartOffset="5212"/>
</LocList>
<BasicStmnt CovItemId="S114" CovItemPrefix="game.TestingSuite.java" Intrnl_Id="452">
<LocList>
<Loc EndOffset="5207" SrcFileId="3" StartOffset="5165"/>
</LocList>
</BasicStmnt>
<BasicStmnt CovItemId="S115" CovItemPrefix="game.TestingSuite.java" Intrnl_Id="453">
<LocList>
<Loc EndOffset="5233" SrcFileId="3" StartOffset="5212"/>
</LocList>
</BasicStmnt>
</StmntSeq>
</Branch>
<Branch CovItemId="B52" CovItemPrefix="game.TestingSuite.java" Implct="true" Intrnl_Id="454">
<Cond/>
<LocList/>
<StmntSeq Intrnl_Id="455">
<LocList/>
</StmntSeq>
</Branch>
<Keyword EndOffset="5136" SrcFileId="3" StartOffset="5134"/>
<LocList>
<Loc EndOffset="5238" SrcFileId="3" StartOffset="5134"/>
</LocList>
<RootTerm CovItemId="C25" CovItemPrefix="game.TestingSuite.java" Intrnl_Id="456">
<BasicBoolTerm Intrnl_Id="457">
<LocList>
<Loc EndOffset="5157" SrcFileId="3" StartOffset="5138"/>
</LocList>
</BasicBoolTerm>
</RootTerm>
</CondStmnt>
</StmntSeq>
</Branch>
<Branch CovItemId="B50" CovItemPrefix="game.TestingSuite.java" Implct="false" Intrnl_Id="458">
<Cond>
<Loc EndOffset="5247" SrcFileId="3" StartOffset="5243"/>
</Cond>
<LocList>
<Loc EndOffset="5284" SrcFileId="3" StartOffset="5248"/>
</LocList>
<StmntSeq Intrnl_Id="459">
<LocList>
<Loc EndOffset="5280" SrcFileId="3" StartOffset="5253"/>
</LocList>
<BasicStmnt CovItemId="S116" CovItemPrefix="game.TestingSuite.java" Intrnl_Id="460">
<LocList>
<Loc EndOffset="5280" SrcFileId="3" StartOffset="5253"/>
</LocList>
</BasicStmnt>
</StmntSeq>
</Branch>
<Keyword EndOffset="4908" SrcFileId="3" StartOffset="4906"/>
<LocList>
<Loc EndOffset="5284" SrcFileId="3" StartOffset="4906"/>
</LocList>
<RootTerm CovItemId="C24" CovItemPrefix="game.TestingSuite.java" Intrnl_Id="461">
<OpTerm BooleanOpId="23" Intrnl_Id="462">
<BasicBoolTerm Intrnl_Id="463">
<LocList>
<Loc EndOffset="4924" SrcFileId="3" StartOffset="4910"/>
</LocList>
</BasicBoolTerm>
<BasicBoolTerm Intrnl_Id="464">
<LocList>
<Loc EndOffset="4974" SrcFileId="3" StartOffset="4928"/>
</LocList>
</BasicBoolTerm>
<LocList>
<Loc EndOffset="4927" SrcFileId="3" StartOffset="4925"/>
</LocList>
</OpTerm>
</RootTerm>
</CondStmnt>
</StmntSeq>
</HierarchyLvl>
<HierarchyLvl HierarchyLvlId="1008" HierarchyLvlTypeId="27" Intrnl_Id="465" Name="runAllTestCases">
<Header>
<Loc EndOffset="5405" SrcFileId="3" StartOffset="5375"/>
</Header>
<LocList>
<Loc EndOffset="5852" SrcFileId="3" StartOffset="5375"/>
</LocList>
<StmntSeq Intrnl_Id="466">
<LocList>
<Loc EndOffset="5422" SrcFileId="3" StartOffset="5410"/>
<Loc EndOffset="5440" SrcFileId="3" StartOffset="5425"/>
<Loc EndOffset="5461" SrcFileId="3" StartOffset="5443"/>
<Loc EndOffset="5479" SrcFileId="3" StartOffset="5464"/>
<Loc EndOffset="5501" SrcFileId="3" StartOffset="5482"/>
<Loc EndOffset="5514" SrcFileId="3" StartOffset="5504"/>
<Loc EndOffset="5536" SrcFileId="3" StartOffset="5517"/>
<Loc EndOffset="5554" SrcFileId="3" StartOffset="5539"/>
<Loc EndOffset="5572" SrcFileId="3" StartOffset="5557"/>
<Loc EndOffset="5599" SrcFileId="3" StartOffset="5575"/>
<Loc EndOffset="5626" SrcFileId="3" StartOffset="5602"/>
<Loc EndOffset="5645" SrcFileId="3" StartOffset="5629"/>
<Loc EndOffset="5667" SrcFileId="3" StartOffset="5648"/>
<Loc EndOffset="5689" SrcFileId="3" StartOffset="5670"/>
<Loc EndOffset="5713" SrcFileId="3" StartOffset="5692"/>
<Loc EndOffset="5737" SrcFileId="3" StartOffset="5716"/>
<Loc EndOffset="5760" SrcFileId="3" StartOffset="5740"/>
<Loc EndOffset="5782" SrcFileId="3" StartOffset="5763"/>
<Loc EndOffset="5809" SrcFileId="3" StartOffset="5785"/>
<Loc EndOffset="5835" SrcFileId="3" StartOffset="5812"/>
<Loc EndOffset="5849" SrcFileId="3" StartOffset="5838"/>
</LocList>
<BasicStmnt CovItemId="S117" CovItemPrefix="game.TestingSuite.java" Intrnl_Id="467">
<LocList>
<Loc EndOffset="5422" SrcFileId="3" StartOffset="5410"/>
</LocList>
</BasicStmnt>
<BasicStmnt CovItemId="S118" CovItemPrefix="game.TestingSuite.java" Intrnl_Id="468">
<LocList>
<Loc EndOffset="5440" SrcFileId="3" StartOffset="5425"/>
</LocList>
</BasicStmnt>
<BasicStmnt CovItemId="S119" CovItemPrefix="game.TestingSuite.java" Intrnl_Id="469">
<LocList>
<Loc EndOffset="5461" SrcFileId="3" StartOffset="5443"/>
</LocList>
</BasicStmnt>
<BasicStmnt CovItemId="S120" CovItemPrefix="game.TestingSuite.java" Intrnl_Id="470">
<LocList>
<Loc EndOffset="5479" SrcFileId="3" StartOffset="5464"/>
</LocList>
</BasicStmnt>
<BasicStmnt CovItemId="S121" CovItemPrefix="game.TestingSuite.java" Intrnl_Id="471">
<LocList>
<Loc EndOffset="5501" SrcFileId="3" StartOffset="5482"/>
</LocList>
</BasicStmnt>
<BasicStmnt CovItemId="S122" CovItemPrefix="game.TestingSuite.java" Intrnl_Id="472">
<LocList>
<Loc EndOffset="5514" SrcFileId="3" StartOffset="5504"/>
</LocList>
</BasicStmnt>
<BasicStmnt CovItemId="S123" CovItemPrefix="game.TestingSuite.java" Intrnl_Id="473">
<LocList>
<Loc EndOffset="5536" SrcFileId="3" StartOffset="5517"/>
</LocList>
</BasicStmnt>
<BasicStmnt CovItemId="S124" CovItemPrefix="game.TestingSuite.java" Intrnl_Id="474">
<LocList>
<Loc EndOffset="5554" SrcFileId="3" StartOffset="5539"/>
</LocList>
</BasicStmnt>
<BasicStmnt CovItemId="S125" CovItemPrefix="game.TestingSuite.java" Intrnl_Id="475">
<LocList>
<Loc EndOffset="5572" SrcFileId="3" StartOffset="5557"/>
</LocList>
</BasicStmnt>
<BasicStmnt CovItemId="S126" CovItemPrefix="game.TestingSuite.java" Intrnl_Id="476">
<LocList>
<Loc EndOffset="5599" SrcFileId="3" StartOffset="5575"/>
</LocList>
</BasicStmnt>
<BasicStmnt CovItemId="S127" CovItemPrefix="game.TestingSuite.java" Intrnl_Id="477">
<LocList>
<Loc EndOffset="5626" SrcFileId="3" StartOffset="5602"/>
</LocList>
</BasicStmnt>
<BasicStmnt CovItemId="S128" CovItemPrefix="game.TestingSuite.java" Intrnl_Id="478">
<LocList>
<Loc EndOffset="5645" SrcFileId="3" StartOffset="5629"/>
</LocList>
</BasicStmnt>
<BasicStmnt CovItemId="S129" CovItemPrefix="game.TestingSuite.java" Intrnl_Id="479">
<LocList>
<Loc EndOffset="5667" SrcFileId="3" StartOffset="5648"/>
</LocList>
</BasicStmnt>
<BasicStmnt CovItemId="S130" CovItemPrefix="game.TestingSuite.java" Intrnl_Id="480">
<LocList>
<Loc EndOffset="5689" SrcFileId="3" StartOffset="5670"/>
</LocList>
</BasicStmnt>
<BasicStmnt CovItemId="S131" CovItemPrefix="game.TestingSuite.java" Intrnl_Id="481">
<LocList>
<Loc EndOffset="5713" SrcFileId="3" StartOffset="5692"/>
</LocList>
</BasicStmnt>
<BasicStmnt CovItemId="S132" CovItemPrefix="game.TestingSuite.java" Intrnl_Id="482">
<LocList>
<Loc EndOffset="5737" SrcFileId="3" StartOffset="5716"/>
</LocList>
</BasicStmnt>
<BasicStmnt CovItemId="S133" CovItemPrefix="game.TestingSuite.java" Intrnl_Id="483">
<LocList>
<Loc EndOffset="5760" SrcFileId="3" StartOffset="5740"/>
</LocList>
</BasicStmnt>
<BasicStmnt CovItemId="S134" CovItemPrefix="game.TestingSuite.java" Intrnl_Id="484">
<LocList>
<Loc EndOffset="5782" SrcFileId="3" StartOffset="5763"/>
</LocList>
</BasicStmnt>
<BasicStmnt CovItemId="S135" CovItemPrefix="game.TestingSuite.java" Intrnl_Id="485">
<LocList>
<Loc EndOffset="5809" SrcFileId="3" StartOffset="5785"/>
</LocList>
</BasicStmnt>
<BasicStmnt CovItemId="S136" CovItemPrefix="game.TestingSuite.java" Intrnl_Id="486">
<LocList>
<Loc EndOffset="5835" SrcFileId="3" StartOffset="5812"/>
</LocList>
</BasicStmnt>
<BasicStmnt CovItemId="S137" CovItemPrefix="game.TestingSuite.java" Intrnl_Id="487">
<LocList>
<Loc EndOffset="5849" SrcFileId="3" StartOffset="5838"/>
</LocList>
</BasicStmnt>
</StmntSeq>
</HierarchyLvl>
<HierarchyLvl HierarchyLvlId="1009" HierarchyLvlTypeId="27" Intrnl_Id="488" Name="foolsMate">
<Header>
<Loc EndOffset="5963" SrcFileId="3" StartOffset="5939"/>
</Header>
<LocList>
<Loc EndOffset="6866" SrcFileId="3" StartOffset="5939"/>
</LocList>
<StmntSeq Intrnl_Id="489">
<LocList>
<Loc EndOffset="5991" SrcFileId="3" StartOffset="5968"/>
<Loc EndOffset="6061" SrcFileId="3" StartOffset="5995"/>
<Loc EndOffset="6082" SrcFileId="3" StartOffset="6064"/>
<Loc EndOffset="6117" SrcFileId="3" StartOffset="6085"/>
<Loc EndOffset="6203" SrcFileId="3" StartOffset="6120"/>
<Loc EndOffset="6236" SrcFileId="3" StartOffset="6206"/>
<Loc EndOffset="6255" SrcFileId="3" StartOffset="6239"/>
<Loc EndOffset="6331" SrcFileId="3" StartOffset="6268"/>
<Loc EndOffset="6403" SrcFileId="3" StartOffset="6340"/>
<Loc EndOffset="6475" SrcFileId="3" StartOffset="6412"/>
<Loc EndOffset="6547" SrcFileId="3" StartOffset="6484"/>
<Loc EndOffset="6642" SrcFileId="3" StartOffset="6259"/>
<Loc EndOffset="6776" SrcFileId="3" StartOffset="6645"/>
<Loc EndOffset="6852" SrcFileId="3" StartOffset="6779"/>
<Loc EndOffset="6862" SrcFileId="3" StartOffset="6855"/>
</LocList>
<BasicStmnt CovItemId="S138" CovItemPrefix="game.TestingSuite.java" Intrnl_Id="490">
<LocList>
<Loc EndOffset="5991" SrcFileId="3" StartOffset="5968"/>
</LocList>
</BasicStmnt>
<BasicStmnt CovItemId="S139" CovItemPrefix="game.TestingSuite.java" Intrnl_Id="491">
<LocList>
<Loc EndOffset="6061" SrcFileId="3" StartOffset="5995"/>
</LocList>
</BasicStmnt>
<BasicStmnt CovItemId="S140" CovItemPrefix="game.TestingSuite.java" Intrnl_Id="492">
<LocList>
<Loc EndOffset="6082" SrcFileId="3" StartOffset="6064"/>
</LocList>
</BasicStmnt>
<BasicStmnt CovItemId="S141" CovItemPrefix="game.TestingSuite.java" Intrnl_Id="493">
<LocList>
<Loc EndOffset="6117" SrcFileId="3" StartOffset="6085"/>
</LocList>
</BasicStmnt>
<BasicStmnt CovItemId="S142" CovItemPrefix="game.TestingSuite.java" Intrnl_Id="494">
<LocList>
<Loc EndOffset="6203" SrcFileId="3" StartOffset="6120"/>
</LocList>
</BasicStmnt>
<BasicStmnt CovItemId="S143" CovItemPrefix="game.TestingSuite.java" Intrnl_Id="495">
<LocList>
<Loc EndOffset="6236" SrcFileId="3" StartOffset="6206"/>
</LocList>
</BasicStmnt>
<BasicStmnt CovItemId="S144" CovItemPrefix="game.TestingSuite.java" Intrnl_Id="496">
<LocList>
<Loc EndOffset="6255" SrcFileId="3" StartOffset="6239"/>
</LocList>
</BasicStmnt>
<BasicStmnt CovItemId="S146" CovItemPrefix="game.TestingSuite.java" Intrnl_Id="497">
<LocList>
<Loc EndOffset="6331" SrcFileId="3" StartOffset="6268"/>
</LocList>
</BasicStmnt>
<BasicStmnt CovItemId="S147" CovItemPrefix="game.TestingSuite.java" Intrnl_Id="498">
<LocList>
<Loc EndOffset="6403" SrcFileId="3" StartOffset="6340"/>
</LocList>
</BasicStmnt>
<BasicStmnt CovItemId="S148" CovItemPrefix="game.TestingSuite.java" Intrnl_Id="499">
<LocList>
<Loc EndOffset="6475" SrcFileId="3" StartOffset="6412"/>
</LocList>
</BasicStmnt>
<BasicStmnt CovItemId="S149" CovItemPrefix="game.TestingSuite.java" Intrnl_Id="500">
<LocList>
<Loc EndOffset="6547" SrcFileId="3" StartOffset="6484"/>
</LocList>
</BasicStmnt>
<CondStmnt CovItemId="S145" CovItemPrefix="game.TestingSuite.java" Intrnl_Id="501">
<Branch CovItemId="B53" CovItemPrefix="game.TestingSuite.java" Implct="true" Intrnl_Id="502">
<Cond/>
<LocList/>
<StmntSeq Intrnl_Id="503">
<LocList/>
</StmntSeq>
</Branch>
<Branch CovItemId="B54" CovItemPrefix="game.TestingSuite.java" Implct="false" Intrnl_Id="504">
<Cond>
<Loc EndOffset="6577" SrcFileId="3" StartOffset="6558"/>
</Cond>
<LocList>
<Loc EndOffset="6642" SrcFileId="3" StartOffset="6578"/>
</LocList>
<StmntSeq Intrnl_Id="505">
<LocList>
<Loc EndOffset="6599" SrcFileId="3" StartOffset="6583"/>
<Loc EndOffset="6638" SrcFileId="3" StartOffset="6603"/>
</LocList>
<BasicStmnt CovItemId="S150" CovItemPrefix="game.TestingSuite.java" Intrnl_Id="506">
<LocList>
<Loc EndOffset="6599" SrcFileId="3" StartOffset="6583"/>
</LocList>
</BasicStmnt>
<BasicStmnt CovItemId="S151" CovItemPrefix="game.TestingSuite.java" Intrnl_Id="507">
<LocList>
<Loc EndOffset="6638" SrcFileId="3" StartOffset="6603"/>
</LocList>
</BasicStmnt>
</StmntSeq>
</Branch>
<Keyword EndOffset="6262" SrcFileId="3" StartOffset="6259"/>
<LocList>
<Loc EndOffset="6642" SrcFileId="3" StartOffset="6259"/>
</LocList>
</CondStmnt>
<CondStmnt CovItemId="S152" CovItemPrefix="game.TestingSuite.java" Intrnl_Id="508">
<Branch CovItemId="B55" CovItemPrefix="game.TestingSuite.java" Implct="false" Intrnl_Id="509">
<Cond/>
<LocList>
<Loc EndOffset="6776" SrcFileId="3" StartOffset="6675"/>
</LocList>
<StmntSeq Intrnl_Id="510">
<LocList>
<Loc EndOffset="6761" SrcFileId="3" StartOffset="6680"/>
<Loc EndOffset="6772" SrcFileId="3" StartOffset="6765"/>
</LocList>
<BasicStmnt CovItemId="S153" CovItemPrefix="game.TestingSuite.java" Intrnl_Id="511">
<LocList>
<Loc EndOffset="6761" SrcFileId="3" StartOffset="6680"/>
</LocList>
</BasicStmnt>
<BasicStmnt CovItemId="S154" CovItemPrefix="game.TestingSuite.java" Intrnl_Id="512">
<LocList>
<Loc EndOffset="6772" SrcFileId="3" StartOffset="6765"/>
</LocList>
</BasicStmnt>
</StmntSeq>
</Branch>
<Branch CovItemId="B56" CovItemPrefix="game.TestingSuite.java" Implct="true" Intrnl_Id="513">
<Cond/>
<LocList/>
<StmntSeq Intrnl_Id="514">
<LocList/>
</StmntSeq>
</Branch>
<Keyword EndOffset="6647" SrcFileId="3" StartOffset="6645"/>
<LocList>
<Loc EndOffset="6776" SrcFileId="3" StartOffset="6645"/>
</LocList>
<RootTerm CovItemId="C26" CovItemPrefix="game.TestingSuite.java" Intrnl_Id="515">
<OpTerm BooleanOpId="23" Intrnl_Id="516">
<BasicBoolTerm Intrnl_Id="517">
<LocList>
<Loc EndOffset="6656" SrcFileId="3" StartOffset="6649"/>
</LocList>
</BasicBoolTerm>
<BasicBoolTerm Intrnl_Id="518">
<LocList>
<Loc EndOffset="6673" SrcFileId="3" StartOffset="6660"/>
</LocList>
</BasicBoolTerm>
<LocList>
<Loc EndOffset="6659" SrcFileId="3" StartOffset="6657"/>
</LocList>
</OpTerm>
</RootTerm>
</CondStmnt>
<BasicStmnt CovItemId="S155" CovItemPrefix="game.TestingSuite.java" Intrnl_Id="519">
<LocList>
<Loc EndOffset="6852" SrcFileId="3" StartOffset="6779"/>
</LocList>
</BasicStmnt>
<BasicStmnt CovItemId="S156" CovItemPrefix="game.TestingSuite.java" Intrnl_Id="520">
<LocList>
<Loc EndOffset="6862" SrcFileId="3" StartOffset="6855"/>
</LocList>
</BasicStmnt>
</StmntSeq>
</HierarchyLvl>
<HierarchyLvl HierarchyLvlId="1010" HierarchyLvlTypeId="27" Intrnl_Id="521" Name="scholarsMate">
<Header>
<Loc EndOffset="6982" SrcFileId="3" StartOffset="6955"/>
</Header>
<LocList>
<Loc EndOffset="8109" SrcFileId="3" StartOffset="6955"/>
</LocList>
<StmntSeq Intrnl_Id="522">
<LocList>
<Loc EndOffset="7010" SrcFileId="3" StartOffset="6987"/>
<Loc EndOffset="7083" SrcFileId="3" StartOffset="7014"/>
<Loc EndOffset="7104" SrcFileId="3" StartOffset="7086"/>
<Loc EndOffset="7139" SrcFileId="3" StartOffset="7107"/>
<Loc EndOffset="7225" SrcFileId="3" StartOffset="7142"/>
<Loc EndOffset="7258" SrcFileId="3" StartOffset="7228"/>
<Loc EndOffset="7277" SrcFileId="3" StartOffset="7261"/>
<Loc EndOffset="7353" SrcFileId="3" StartOffset="7290"/>
<Loc EndOffset="7425" SrcFileId="3" StartOffset="7362"/>
<Loc EndOffset="7497" SrcFileId="3" StartOffset="7434"/>
<Loc EndOffset="7569" SrcFileId="3" StartOffset="7506"/>
<Loc EndOffset="7641" SrcFileId="3" StartOffset="7578"/>
<Loc EndOffset="7713" SrcFileId="3" StartOffset="7650"/>
<Loc EndOffset="7785" SrcFileId="3" StartOffset="7722"/>
<Loc EndOffset="7879" SrcFileId="3" StartOffset="7281"/>
<Loc EndOffset="8017" SrcFileId="3" StartOffset="7883"/>
<Loc EndOffset="8096" SrcFileId="3" StartOffset="8020"/>
<Loc EndOffset="8106" SrcFileId="3" StartOffset="8099"/>
</LocList>
<BasicStmnt CovItemId="S157" CovItemPrefix="game.TestingSuite.java" Intrnl_Id="523">
<LocList>
<Loc EndOffset="7010" SrcFileId="3" StartOffset="6987"/>
</LocList>
</BasicStmnt>
<BasicStmnt CovItemId="S158" CovItemPrefix="game.TestingSuite.java" Intrnl_Id="524">
<LocList>
<Loc EndOffset="7083" SrcFileId="3" StartOffset="7014"/>
</LocList>
</BasicStmnt>
<BasicStmnt CovItemId="S159" CovItemPrefix="game.TestingSuite.java" Intrnl_Id="525">
<LocList>
<Loc EndOffset="7104" SrcFileId="3" StartOffset="7086"/>
</LocList>
</BasicStmnt>
<BasicStmnt CovItemId="S160" CovItemPrefix="game.TestingSuite.java" Intrnl_Id="526">
<LocList>
<Loc EndOffset="7139" SrcFileId="3" StartOffset="7107"/>
</LocList>
</BasicStmnt>
<BasicStmnt CovItemId="S161" CovItemPrefix="game.TestingSuite.java" Intrnl_Id="527">
<LocList>
<Loc EndOffset="7225" SrcFileId="3" StartOffset="7142"/>
</LocList>
</BasicStmnt>
<BasicStmnt CovItemId="S162" CovItemPrefix="game.TestingSuite.java" Intrnl_Id="528">
<LocList>
<Loc EndOffset="7258" SrcFileId="3" StartOffset="7228"/>
</LocList>
</BasicStmnt>
<BasicStmnt CovItemId="S163" CovItemPrefix="game.TestingSuite.java" Intrnl_Id="529">
<LocList>
<Loc EndOffset="7277" SrcFileId="3" StartOffset="7261"/>
</LocList>
</BasicStmnt>
<BasicStmnt CovItemId="S165" CovItemPrefix="game.TestingSuite.java" Intrnl_Id="530">
<LocList>
<Loc EndOffset="7353" SrcFileId="3" StartOffset="7290"/>
</LocList>
</BasicStmnt>
<BasicStmnt CovItemId="S166" CovItemPrefix="game.TestingSuite.java" Intrnl_Id="531">
<LocList>
<Loc EndOffset="7425" SrcFileId="3" StartOffset="7362"/>
</LocList>
</BasicStmnt>
<BasicStmnt CovItemId="S167" CovItemPrefix="game.TestingSuite.java" Intrnl_Id="532">
<LocList>
<Loc EndOffset="7497" SrcFileId="3" StartOffset="7434"/>
</LocList>
</BasicStmnt>
<BasicStmnt CovItemId="S168" CovItemPrefix="game.TestingSuite.java" Intrnl_Id="533">
<LocList>
<Loc EndOffset="7569" SrcFileId="3" StartOffset="7506"/>
</LocList>
</BasicStmnt>
<BasicStmnt CovItemId="S169" CovItemPrefix="game.TestingSuite.java" Intrnl_Id="534">
<LocList>
<Loc EndOffset="7641" SrcFileId="3" StartOffset="7578"/>
</LocList>
</BasicStmnt>
<BasicStmnt CovItemId="S170" CovItemPrefix="game.TestingSuite.java" Intrnl_Id="535">
<LocList>
<Loc EndOffset="7713" SrcFileId="3" StartOffset="7650"/>
</LocList>
</BasicStmnt>
<BasicStmnt CovItemId="S171" CovItemPrefix="game.TestingSuite.java" Intrnl_Id="536">
<LocList>
<Loc EndOffset="7785" SrcFileId="3" StartOffset="7722"/>
</LocList>
</BasicStmnt>
<CondStmnt CovItemId="S164" CovItemPrefix="game.TestingSuite.java" Intrnl_Id="537">
<Branch CovItemId="B57" CovItemPrefix="game.TestingSuite.java" Implct="true" Intrnl_Id="538">
<Cond/>
<LocList/>
<StmntSeq Intrnl_Id="539">
<LocList/>
</StmntSeq>
</Branch>
<Branch CovItemId="B58" CovItemPrefix="game.TestingSuite.java" Implct="false" Intrnl_Id="540">
<Cond>
<Loc EndOffset="7814" SrcFileId="3" StartOffset="7795"/>
</Cond>
<LocList>
<Loc EndOffset="7879" SrcFileId="3" StartOffset="7815"/>
</LocList>
<StmntSeq Intrnl_Id="541">
<LocList>
<Loc EndOffset="7836" SrcFileId="3" StartOffset="7820"/>
<Loc EndOffset="7875" SrcFileId="3" StartOffset="7840"/>
</LocList>
<BasicStmnt CovItemId="S172" CovItemPrefix="game.TestingSuite.java" Intrnl_Id="542">
<LocList>
<Loc EndOffset="7836" SrcFileId="3" StartOffset="7820"/>
</LocList>
</BasicStmnt>
<BasicStmnt CovItemId="S173" CovItemPrefix="game.TestingSuite.java" Intrnl_Id="543">
<LocList>
<Loc EndOffset="7875" SrcFileId="3" StartOffset="7840"/>
</LocList>
</BasicStmnt>
</StmntSeq>
</Branch>
<Keyword EndOffset="7284" SrcFileId="3" StartOffset="7281"/>
<LocList>
<Loc EndOffset="7879" SrcFileId="3" StartOffset="7281"/>
</LocList>
</CondStmnt>
<CondStmnt CovItemId="S174" CovItemPrefix="game.TestingSuite.java" Intrnl_Id="544">
<Branch CovItemId="B59" CovItemPrefix="game.TestingSuite.java" Implct="false" Intrnl_Id="545">
<Cond/>
<LocList>
<Loc EndOffset="8017" SrcFileId="3" StartOffset="7913"/>
</LocList>
<StmntSeq Intrnl_Id="546">
<LocList>
<Loc EndOffset="8002" SrcFileId="3" StartOffset="7918"/>
<Loc EndOffset="8013" SrcFileId="3" StartOffset="8006"/>
</LocList>
<BasicStmnt CovItemId="S175" CovItemPrefix="game.TestingSuite.java" Intrnl_Id="547">
<LocList>
<Loc EndOffset="8002" SrcFileId="3" StartOffset="7918"/>
</LocList>
</BasicStmnt>
<BasicStmnt CovItemId="S176" CovItemPrefix="game.TestingSuite.java" Intrnl_Id="548">
<LocList>
<Loc EndOffset="8013" SrcFileId="3" StartOffset="8006"/>
</LocList>
</BasicStmnt>
</StmntSeq>
</Branch>
<Branch CovItemId="B60" CovItemPrefix="game.TestingSuite.java" Implct="true" Intrnl_Id="549">
<Cond/>
<LocList/>
<StmntSeq Intrnl_Id="550">
<LocList/>
</StmntSeq>
</Branch>
<Keyword EndOffset="7885" SrcFileId="3" StartOffset="7883"/>
<LocList>
<Loc EndOffset="8017" SrcFileId="3" StartOffset="7883"/>
</LocList>
<RootTerm CovItemId="C27" CovItemPrefix="game.TestingSuite.java" Intrnl_Id="551">
<OpTerm BooleanOpId="23" Intrnl_Id="552">
<BasicBoolTerm Intrnl_Id="553">
<LocList>
<Loc EndOffset="7894" SrcFileId="3" StartOffset="7887"/>
</LocList>
</BasicBoolTerm>
<BasicBoolTerm Intrnl_Id="554">
<LocList>
<Loc EndOffset="7911" SrcFileId="3" StartOffset="7898"/>
</LocList>
</BasicBoolTerm>
<LocList>
<Loc EndOffset="7897" SrcFileId="3" StartOffset="7895"/>
</LocList>
</OpTerm>
</RootTerm>
</CondStmnt>
<BasicStmnt CovItemId="S177" CovItemPrefix="game.TestingSuite.java" Intrnl_Id="555">
<LocList>
<Loc EndOffset="8096" SrcFileId="3" StartOffset="8020"/>
</LocList>
</BasicStmnt>
<BasicStmnt CovItemId="S178" CovItemPrefix="game.TestingSuite.java" Intrnl_Id="556">
<LocList>
<Loc EndOffset="8106" SrcFileId="3" StartOffset="8099"/>
</LocList>
</BasicStmnt>
</StmntSeq>
</HierarchyLvl>
<HierarchyLvl HierarchyLvlId="1011" HierarchyLvlTypeId="27" Intrnl_Id="557" Name="classicCastling">
<Header>
<Loc EndOffset="8143" SrcFileId="3" StartOffset="8113"/>
</Header>
<LocList>
<Loc EndOffset="9592" SrcFileId="3" StartOffset="8113"/>
</LocList>
<StmntSeq Intrnl_Id="558">
<LocList>
<Loc EndOffset="8171" SrcFileId="3" StartOffset="8148"/>
<Loc EndOffset="8238" SrcFileId="3" StartOffset="8175"/>
<Loc EndOffset="8259" SrcFileId="3" StartOffset="8241"/>
<Loc EndOffset="8294" SrcFileId="3" StartOffset="8262"/>
<Loc EndOffset="8327" SrcFileId="3" StartOffset="8297"/>
<Loc EndOffset="8356" SrcFileId="3" StartOffset="8330"/>
<Loc EndOffset="8385" SrcFileId="3" StartOffset="8359"/>
<Loc EndOffset="8427" SrcFileId="3" StartOffset="8389"/>
<Loc EndOffset="8474" SrcFileId="3" StartOffset="8436"/>
<Loc EndOffset="8515" SrcFileId="3" StartOffset="8477"/>
<Loc EndOffset="8562" SrcFileId="3" StartOffset="8524"/>
<Loc EndOffset="8585" SrcFileId="3" StartOffset="8566"/>
<Loc EndOffset="8618" SrcFileId="3" StartOffset="8588"/>
<Loc EndOffset="8637" SrcFileId="3" StartOffset="8621"/>
<Loc EndOffset="8713" SrcFileId="3" StartOffset="8650"/>
<Loc EndOffset="8960" SrcFileId="3" StartOffset="8744"/>
<Loc EndOffset="9049" SrcFileId="3" StartOffset="8986"/>
<Loc EndOffset="9297" SrcFileId="3" StartOffset="9080"/>
<Loc EndOffset="9399" SrcFileId="3" StartOffset="8641"/>
<Loc EndOffset="9511" SrcFileId="3" StartOffset="9405"/>
<Loc EndOffset="9579" SrcFileId="3" StartOffset="9514"/>
<Loc EndOffset="9589" SrcFileId="3" StartOffset="9582"/>
</LocList>
<BasicStmnt CovItemId="S179" CovItemPrefix="game.TestingSuite.java" Intrnl_Id="559">
<LocList>
<Loc EndOffset="8171" SrcFileId="3" StartOffset="8148"/>
</LocList>
</BasicStmnt>
<BasicStmnt CovItemId="S180" CovItemPrefix="game.TestingSuite.java" Intrnl_Id="560">
<LocList>
<Loc EndOffset="8238" SrcFileId="3" StartOffset="8175"/>
</LocList>
</BasicStmnt>
<BasicStmnt CovItemId="S181" CovItemPrefix="game.TestingSuite.java" Intrnl_Id="561">
<LocList>
<Loc EndOffset="8259" SrcFileId="3" StartOffset="8241"/>
</LocList>
</BasicStmnt>
<BasicStmnt CovItemId="S182" CovItemPrefix="game.TestingSuite.java" Intrnl_Id="562">
<LocList>
<Loc EndOffset="8294" SrcFileId="3" StartOffset="8262"/>
</LocList>
</BasicStmnt>
<BasicStmnt CovItemId="S183" CovItemPrefix="game.TestingSuite.java" Intrnl_Id="563">
<LocList>
<Loc EndOffset="8327" SrcFileId="3" StartOffset="8297"/>
</LocList>
</BasicStmnt>
<BasicStmnt CovItemId="S184" CovItemPrefix="game.TestingSuite.java" Intrnl_Id="564">
<LocList>
<Loc EndOffset="8356" SrcFileId="3" StartOffset="8330"/>
</LocList>
</BasicStmnt>
<BasicStmnt CovItemId="S185" CovItemPrefix="game.TestingSuite.java" Intrnl_Id="565">
<LocList>
<Loc EndOffset="8385" SrcFileId="3" StartOffset="8359"/>
</LocList>
</BasicStmnt>
<BasicStmnt CovItemId="S186" CovItemPrefix="game.TestingSuite.java" Intrnl_Id="566">
<LocList>
<Loc EndOffset="8427" SrcFileId="3" StartOffset="8389"/>
</LocList>
</BasicStmnt>
<BasicStmnt CovItemId="S187" CovItemPrefix="game.TestingSuite.java" Intrnl_Id="567">
<LocList>
<Loc EndOffset="8474" SrcFileId="3" StartOffset="8436"/>
</LocList>
</BasicStmnt>
<BasicStmnt CovItemId="S188" CovItemPrefix="game.TestingSuite.java" Intrnl_Id="568">
<LocList>
<Loc EndOffset="8515" SrcFileId="3" StartOffset="8477"/>
</LocList>
</BasicStmnt>
<BasicStmnt CovItemId="S189" CovItemPrefix="game.TestingSuite.java" Intrnl_Id="569">
<LocList>
<Loc EndOffset="8562" SrcFileId="3" StartOffset="8524"/>
</LocList>
</BasicStmnt>
<BasicStmnt CovItemId="S190" CovItemPrefix="game.TestingSuite.java" Intrnl_Id="570">
<LocList>
<Loc EndOffset="8585" SrcFileId="3" StartOffset="8566"/>
</LocList>
</BasicStmnt>
<BasicStmnt CovItemId="S191" CovItemPrefix="game.TestingSuite.java" Intrnl_Id="571">
<LocList>
<Loc EndOffset="8618" SrcFileId="3" StartOffset="8588"/>
</LocList>
</BasicStmnt>
<BasicStmnt CovItemId="S192" CovItemPrefix="game.TestingSuite.java" Intrnl_Id="572">
<LocList>
<Loc EndOffset="8637" SrcFileId="3" StartOffset="8621"/>
</LocList>
</BasicStmnt>
<BasicStmnt CovItemId="S194" CovItemPrefix="game.TestingSuite.java" Intrnl_Id="573">
<LocList>
<Loc EndOffset="8713" SrcFileId="3" StartOffset="8650"/>
</LocList>
</BasicStmnt>
<CondStmnt CovItemId="S195" CovItemPrefix="game.TestingSuite.java" Intrnl_Id="574">
<Branch CovItemId="B62" CovItemPrefix="game.TestingSuite.java" Implct="false" Intrnl_Id="575">
<Cond/>
<LocList>
<Loc EndOffset="8960" SrcFileId="3" StartOffset="8860"/>
</LocList>
<StmntSeq Intrnl_Id="576">
<LocList>
<Loc EndOffset="8934" SrcFileId="3" StartOffset="8866"/>
<Loc EndOffset="8955" SrcFileId="3" StartOffset="8939"/>
</LocList>
<BasicStmnt CovItemId="S196" CovItemPrefix="game.TestingSuite.java" Intrnl_Id="577">
<LocList>
<Loc EndOffset="8934" SrcFileId="3" StartOffset="8866"/>
</LocList>
</BasicStmnt>
<BasicStmnt CovItemId="S197" CovItemPrefix="game.TestingSuite.java" Intrnl_Id="578">
<LocList>
<Loc EndOffset="8955" SrcFileId="3" StartOffset="8939"/>
</LocList>
</BasicStmnt>
</StmntSeq>
</Branch>
<Branch CovItemId="B63" CovItemPrefix="game.TestingSuite.java" Implct="true" Intrnl_Id="579">
<Cond/>
<LocList/>
<StmntSeq Intrnl_Id="580">
<LocList/>
</StmntSeq>
</Branch>
<Keyword EndOffset="8746" SrcFileId="3" StartOffset="8744"/>
<LocList>
<Loc EndOffset="8960" SrcFileId="3" StartOffset="8744"/>
</LocList>
<RootTerm CovItemId="C28" CovItemPrefix="game.TestingSuite.java" Intrnl_Id="581">
<OpTerm BooleanOpId="24" Intrnl_Id="582">
<BasicBoolTerm Intrnl_Id="583">
<LocList>
<Loc EndOffset="8801" SrcFileId="3" StartOffset="8748"/>
</LocList>
</BasicBoolTerm>
<BasicBoolTerm Intrnl_Id="584">
<LocList>
<Loc EndOffset="8858" SrcFileId="3" StartOffset="8805"/>
</LocList>
</BasicBoolTerm>
<LocList>
<Loc EndOffset="8804" SrcFileId="3" StartOffset="8802"/>
</LocList>
</OpTerm>
</RootTerm>
</CondStmnt>
<BasicStmnt CovItemId="S198" CovItemPrefix="game.TestingSuite.java" Intrnl_Id="585">
<LocList>
<Loc EndOffset="9049" SrcFileId="3" StartOffset="8986"/>
</LocList>
</BasicStmnt>
<CondStmnt CovItemId="S199" CovItemPrefix="game.TestingSuite.java" Intrnl_Id="586">
<Branch CovItemId="B64" CovItemPrefix="game.TestingSuite.java" Implct="false" Intrnl_Id="587">
<Cond/>
<LocList>
<Loc EndOffset="9297" SrcFileId="3" StartOffset="9196"/>
</LocList>
<StmntSeq Intrnl_Id="588">
<LocList>
<Loc EndOffset="9271" SrcFileId="3" StartOffset="9202"/>
<Loc EndOffset="9292" SrcFileId="3" StartOffset="9276"/>
</LocList>
<BasicStmnt CovItemId="S200" CovItemPrefix="game.TestingSuite.java" Intrnl_Id="589">
<LocList>
<Loc EndOffset="9271" SrcFileId="3" StartOffset="9202"/>
</LocList>
</BasicStmnt>
<BasicStmnt CovItemId="S201" CovItemPrefix="game.TestingSuite.java" Intrnl_Id="590">
<LocList>
<Loc EndOffset="9292" SrcFileId="3" StartOffset="9276"/>
</LocList>
</BasicStmnt>
</StmntSeq>
</Branch>
<Branch CovItemId="B65" CovItemPrefix="game.TestingSuite.java" Implct="true" Intrnl_Id="591">
<Cond/>
<LocList/>
<StmntSeq Intrnl_Id="592">
<LocList/>
</StmntSeq>
</Branch>
<Keyword EndOffset="9082" SrcFileId="3" StartOffset="9080"/>
<LocList>
<Loc EndOffset="9297" SrcFileId="3" StartOffset="9080"/>
</LocList>
<RootTerm CovItemId="C29" CovItemPrefix="game.TestingSuite.java" Intrnl_Id="593">
<OpTerm BooleanOpId="24" Intrnl_Id="594">
<BasicBoolTerm Intrnl_Id="595">
<LocList>
<Loc EndOffset="9137" SrcFileId="3" StartOffset="9084"/>
</LocList>
</BasicBoolTerm>
<BasicBoolTerm Intrnl_Id="596">
<LocList>
<Loc EndOffset="9194" SrcFileId="3" StartOffset="9141"/>
</LocList>
</BasicBoolTerm>
<LocList>
<Loc EndOffset="9140" SrcFileId="3" StartOffset="9138"/>
</LocList>
</OpTerm>
</RootTerm>
</CondStmnt>
<CondStmnt CovItemId="S193" CovItemPrefix="game.TestingSuite.java" Intrnl_Id="597">
<Branch CovItemId="B61" CovItemPrefix="game.TestingSuite.java" Implct="true" Intrnl_Id="598">
<Cond/>
<LocList/>
<StmntSeq Intrnl_Id="599">
<LocList/>
</StmntSeq>
</Branch>
<Branch CovItemId="B66" CovItemPrefix="game.TestingSuite.java" Implct="false" Intrnl_Id="600">
<Cond>
<Loc EndOffset="9334" SrcFileId="3" StartOffset="9315"/>
</Cond>
<LocList>
<Loc EndOffset="9399" SrcFileId="3" StartOffset="9335"/>
</LocList>
<StmntSeq Intrnl_Id="601">
<LocList>
<Loc EndOffset="9356" SrcFileId="3" StartOffset="9340"/>
<Loc EndOffset="9395" SrcFileId="3" StartOffset="9360"/>
</LocList>
<BasicStmnt CovItemId="S202" CovItemPrefix="game.TestingSuite.java" Intrnl_Id="602">
<LocList>
<Loc EndOffset="9356" SrcFileId="3" StartOffset="9340"/>
</LocList>
</BasicStmnt>
<BasicStmnt CovItemId="S203" CovItemPrefix="game.TestingSuite.java" Intrnl_Id="603">
<LocList>
<Loc EndOffset="9395" SrcFileId="3" StartOffset="9360"/>
</LocList>
</BasicStmnt>
</StmntSeq>
</Branch>
<Keyword EndOffset="8644" SrcFileId="3" StartOffset="8641"/>
<LocList>
<Loc EndOffset="9399" SrcFileId="3" StartOffset="8641"/>
</LocList>
</CondStmnt>
<CondStmnt CovItemId="S204" CovItemPrefix="game.TestingSuite.java" Intrnl_Id="604">
<Branch CovItemId="B67" CovItemPrefix="game.TestingSuite.java" Implct="false" Intrnl_Id="605">
<Cond/>
<LocList>
<Loc EndOffset="9511" SrcFileId="3" StartOffset="9418"/>
</LocList>
<StmntSeq Intrnl_Id="606">
<LocList>
<Loc EndOffset="9496" SrcFileId="3" StartOffset="9423"/>
<Loc EndOffset="9507" SrcFileId="3" StartOffset="9500"/>
</LocList>
<BasicStmnt CovItemId="S205" CovItemPrefix="game.TestingSuite.java" Intrnl_Id="607">
<LocList>
<Loc EndOffset="9496" SrcFileId="3" StartOffset="9423"/>
</LocList>
</BasicStmnt>
<BasicStmnt CovItemId="S206" CovItemPrefix="game.TestingSuite.java" Intrnl_Id="608">
<LocList>
<Loc EndOffset="9507" SrcFileId="3" StartOffset="9500"/>
</LocList>
</BasicStmnt>
</StmntSeq>
</Branch>
<Branch CovItemId="B68" CovItemPrefix="game.TestingSuite.java" Implct="true" Intrnl_Id="609">
<Cond/>
<LocList/>
<StmntSeq Intrnl_Id="610">
<LocList/>
</StmntSeq>
</Branch>
<Keyword EndOffset="9407" SrcFileId="3" StartOffset="9405"/>
<LocList>
<Loc EndOffset="9511" SrcFileId="3" StartOffset="9405"/>
</LocList>
<RootTerm CovItemId="C30" CovItemPrefix="game.TestingSuite.java" Intrnl_Id="611">
<BasicBoolTerm Intrnl_Id="612">
<LocList>
<Loc EndOffset="9416" SrcFileId="3" StartOffset="9409"/>
</LocList>
</BasicBoolTerm>
</RootTerm>
</CondStmnt>
<BasicStmnt CovItemId="S207" CovItemPrefix="game.TestingSuite.java" Intrnl_Id="613">
<LocList>
<Loc EndOffset="9579" SrcFileId="3" StartOffset="9514"/>
</LocList>
</BasicStmnt>
<BasicStmnt CovItemId="S208" CovItemPrefix="game.TestingSuite.java" Intrnl_Id="614">
<LocList>
<Loc EndOffset="9589" SrcFileId="3" StartOffset="9582"/>
</LocList>
</BasicStmnt>
</StmntSeq>
</HierarchyLvl>
<HierarchyLvl HierarchyLvlId="1012" HierarchyLvlTypeId="27" Intrnl_Id="615" Name="classicCheck">
<Header>
<Loc EndOffset="9623" SrcFileId="3" StartOffset="9596"/>
</Header>
<LocList>
<Loc EndOffset="11101" SrcFileId="3" StartOffset="9596"/>
</LocList>
<StmntSeq Intrnl_Id="616">
<LocList>
<Loc EndOffset="9651" SrcFileId="3" StartOffset="9628"/>
<Loc EndOffset="9715" SrcFileId="3" StartOffset="9655"/>
<Loc EndOffset="9736" SrcFileId="3" StartOffset="9718"/>
<Loc EndOffset="9771" SrcFileId="3" StartOffset="9739"/>
<Loc EndOffset="9857" SrcFileId="3" StartOffset="9774"/>
<Loc EndOffset="9890" SrcFileId="3" StartOffset="9860"/>
<Loc EndOffset="9909" SrcFileId="3" StartOffset="9893"/>
<Loc EndOffset="9985" SrcFileId="3" StartOffset="9922"/>
<Loc EndOffset="10057" SrcFileId="3" StartOffset="9994"/>
<Loc EndOffset="10129" SrcFileId="3" StartOffset="10066"/>
<Loc EndOffset="10201" SrcFileId="3" StartOffset="10138"/>
<Loc EndOffset="10273" SrcFileId="3" StartOffset="10210"/>
<Loc EndOffset="10372" SrcFileId="3" StartOffset="10309"/>
<Loc EndOffset="10492" SrcFileId="3" StartOffset="10429"/>
<Loc EndOffset="10714" SrcFileId="3" StartOffset="10505"/>
<Loc EndOffset="10808" SrcFileId="3" StartOffset="10745"/>
<Loc EndOffset="10906" SrcFileId="3" StartOffset="9913"/>
<Loc EndOffset="11018" SrcFileId="3" StartOffset="10910"/>
<Loc EndOffset="11088" SrcFileId="3" StartOffset="11021"/>
<Loc EndOffset="11098" SrcFileId="3" StartOffset="11091"/>
</LocList>
<BasicStmnt CovItemId="S209" CovItemPrefix="game.TestingSuite.java" Intrnl_Id="617">
<LocList>
<Loc EndOffset="9651" SrcFileId="3" StartOffset="9628"/>
</LocList>
</BasicStmnt>
<BasicStmnt CovItemId="S210" CovItemPrefix="game.TestingSuite.java" Intrnl_Id="618">
<LocList>
<Loc EndOffset="9715" SrcFileId="3" StartOffset="9655"/>
</LocList>
</BasicStmnt>
<BasicStmnt CovItemId="S211" CovItemPrefix="game.TestingSuite.java" Intrnl_Id="619">
<LocList>
<Loc EndOffset="9736" SrcFileId="3" StartOffset="9718"/>
</LocList>
</BasicStmnt>
<BasicStmnt CovItemId="S212" CovItemPrefix="game.TestingSuite.java" Intrnl_Id="620">
<LocList>
<Loc EndOffset="9771" SrcFileId="3" StartOffset="9739"/>
</LocList>
</BasicStmnt>
<BasicStmnt CovItemId="S213" CovItemPrefix="game.TestingSuite.java" Intrnl_Id="621">
<LocList>
<Loc EndOffset="9857" SrcFileId="3" StartOffset="9774"/>
</LocList>
</BasicStmnt>
<BasicStmnt CovItemId="S214" CovItemPrefix="game.TestingSuite.java" Intrnl_Id="622">
<LocList>
<Loc EndOffset="9890" SrcFileId="3" StartOffset="9860"/>
</LocList>
</BasicStmnt>
<BasicStmnt CovItemId="S215" CovItemPrefix="game.TestingSuite.java" Intrnl_Id="623">
<LocList>
<Loc EndOffset="9909" SrcFileId="3" StartOffset="9893"/>
</LocList>
</BasicStmnt>
<BasicStmnt CovItemId="S217" CovItemPrefix="game.TestingSuite.java" Intrnl_Id="624">
<LocList>
<Loc EndOffset="9985" SrcFileId="3" StartOffset="9922"/>
</LocList>
</BasicStmnt>
<BasicStmnt CovItemId="S218" CovItemPrefix="game.TestingSuite.java" Intrnl_Id="625">
<LocList>
<Loc EndOffset="10057" SrcFileId="3" StartOffset="9994"/>
</LocList>
</BasicStmnt>
<BasicStmnt CovItemId="S219" CovItemPrefix="game.TestingSuite.java" Intrnl_Id="626">
<LocList>
<Loc EndOffset="10129" SrcFileId="3" StartOffset="10066"/>
</LocList>
</BasicStmnt>
<BasicStmnt CovItemId="S220" CovItemPrefix="game.TestingSuite.java" Intrnl_Id="627">
<LocList>
<Loc EndOffset="10201" SrcFileId="3" StartOffset="10138"/>
</LocList>
</BasicStmnt>
<BasicStmnt CovItemId="S221" CovItemPrefix="game.TestingSuite.java" Intrnl_Id="628">
<LocList>
<Loc EndOffset="10273" SrcFileId="3" StartOffset="10210"/>
</LocList>
</BasicStmnt>
<BasicStmnt CovItemId="S222" CovItemPrefix="game.TestingSuite.java" Intrnl_Id="629">
<LocList>
<Loc EndOffset="10372" SrcFileId="3" StartOffset="10309"/>
</LocList>
</BasicStmnt>
<BasicStmnt CovItemId="S223" CovItemPrefix="game.TestingSuite.java" Intrnl_Id="630">
<LocList>
<Loc EndOffset="10492" SrcFileId="3" StartOffset="10429"/>
</LocList>
</BasicStmnt>
<CondStmnt CovItemId="S224" CovItemPrefix="game.TestingSuite.java" Intrnl_Id="631">
<Branch CovItemId="B70" CovItemPrefix="game.TestingSuite.java" Implct="false" Intrnl_Id="632">
<Cond/>
<LocList>
<Loc EndOffset="10714" SrcFileId="3" StartOffset="10604"/>
</LocList>
<StmntSeq Intrnl_Id="633">
<LocList>
<Loc EndOffset="10688" SrcFileId="3" StartOffset="10610"/>
<Loc EndOffset="10709" SrcFileId="3" StartOffset="10693"/>
</LocList>
<BasicStmnt CovItemId="S225" CovItemPrefix="game.TestingSuite.java" Intrnl_Id="634">
<LocList>
<Loc EndOffset="10688" SrcFileId="3" StartOffset="10610"/>
</LocList>
</BasicStmnt>
<BasicStmnt CovItemId="S226" CovItemPrefix="game.TestingSuite.java" Intrnl_Id="635">
<LocList>
<Loc EndOffset="10709" SrcFileId="3" StartOffset="10693"/>
</LocList>
</BasicStmnt>
</StmntSeq>
</Branch>
<Branch CovItemId="B71" CovItemPrefix="game.TestingSuite.java" Implct="true" Intrnl_Id="636">
<Cond/>
<LocList/>
<StmntSeq Intrnl_Id="637">
<LocList/>
</StmntSeq>
</Branch>
<Keyword EndOffset="10507" SrcFileId="3" StartOffset="10505"/>
<LocList>
<Loc EndOffset="10714" SrcFileId="3" StartOffset="10505"/>
</LocList>
<RootTerm CovItemId="C31" CovItemPrefix="game.TestingSuite.java" Intrnl_Id="638">
<OpTerm BooleanOpId="24" Intrnl_Id="639">
<BasicBoolTerm Intrnl_Id="640">
<LocList>
<Loc EndOffset="10562" SrcFileId="3" StartOffset="10509"/>
</LocList>
</BasicBoolTerm>
<BasicBoolTerm Intrnl_Id="641">
<LocList>
<Loc EndOffset="10602" SrcFileId="3" StartOffset="10566"/>
</LocList>
</BasicBoolTerm>
<LocList>
<Loc EndOffset="10565" SrcFileId="3" StartOffset="10563"/>
</LocList>
</OpTerm>
</RootTerm>
</CondStmnt>
<BasicStmnt CovItemId="S227" CovItemPrefix="game.TestingSuite.java" Intrnl_Id="642">
<LocList>
<Loc EndOffset="10808" SrcFileId="3" StartOffset="10745"/>
</LocList>
</BasicStmnt>
<CondStmnt CovItemId="S216" CovItemPrefix="game.TestingSuite.java" Intrnl_Id="643">
<Branch CovItemId="B69" CovItemPrefix="game.TestingSuite.java" Implct="true" Intrnl_Id="644">
<Cond/>
<LocList/>
<StmntSeq Intrnl_Id="645">
<LocList/>
</StmntSeq>
</Branch>
<Branch CovItemId="B72" CovItemPrefix="game.TestingSuite.java" Implct="false" Intrnl_Id="646">
<Cond>
<Loc EndOffset="10841" SrcFileId="3" StartOffset="10822"/>
</Cond>
<LocList>
<Loc EndOffset="10906" SrcFileId="3" StartOffset="10842"/>
</LocList>
<StmntSeq Intrnl_Id="647">
<LocList>
<Loc EndOffset="10863" SrcFileId="3" StartOffset="10847"/>
<Loc EndOffset="10902" SrcFileId="3" StartOffset="10867"/>
</LocList>
<BasicStmnt CovItemId="S228" CovItemPrefix="game.TestingSuite.java" Intrnl_Id="648">
<LocList>
<Loc EndOffset="10863" SrcFileId="3" StartOffset="10847"/>
</LocList>
</BasicStmnt>
<BasicStmnt CovItemId="S229" CovItemPrefix="game.TestingSuite.java" Intrnl_Id="649">
<LocList>
<Loc EndOffset="10902" SrcFileId="3" StartOffset="10867"/>
</LocList>
</BasicStmnt>
</StmntSeq>
</Branch>
<Keyword EndOffset="9916" SrcFileId="3" StartOffset="9913"/>
<LocList>
<Loc EndOffset="10906" SrcFileId="3" StartOffset="9913"/>
</LocList>
</CondStmnt>
<CondStmnt CovItemId="S230" CovItemPrefix="game.TestingSuite.java" Intrnl_Id="650">
<Branch CovItemId="B73" CovItemPrefix="game.TestingSuite.java" Implct="false" Intrnl_Id="651">
<Cond/>
<LocList>
<Loc EndOffset="11018" SrcFileId="3" StartOffset="10923"/>
</LocList>
<StmntSeq Intrnl_Id="652">
<LocList>
<Loc EndOffset="11003" SrcFileId="3" StartOffset="10928"/>
<Loc EndOffset="11014" SrcFileId="3" StartOffset="11007"/>
</LocList>
<BasicStmnt CovItemId="S231" CovItemPrefix="game.TestingSuite.java" Intrnl_Id="653">
<LocList>
<Loc EndOffset="11003" SrcFileId="3" StartOffset="10928"/>
</LocList>
</BasicStmnt>
<BasicStmnt CovItemId="S232" CovItemPrefix="game.TestingSuite.java" Intrnl_Id="654">
<LocList>
<Loc EndOffset="11014" SrcFileId="3" StartOffset="11007"/>
</LocList>
</BasicStmnt>
</StmntSeq>
</Branch>
<Branch CovItemId="B74" CovItemPrefix="game.TestingSuite.java" Implct="true" Intrnl_Id="655">
<Cond/>
<LocList/>
<StmntSeq Intrnl_Id="656">
<LocList/>
</StmntSeq>
</Branch>
<Keyword EndOffset="10912" SrcFileId="3" StartOffset="10910"/>
<LocList>
<Loc EndOffset="11018" SrcFileId="3" StartOffset="10910"/>
</LocList>
<RootTerm CovItemId="C32" CovItemPrefix="game.TestingSuite.java" Intrnl_Id="657">
<BasicBoolTerm Intrnl_Id="658">
<LocList>
<Loc EndOffset="10921" SrcFileId="3" StartOffset="10914"/>
</LocList>
</BasicBoolTerm>
</RootTerm>
</CondStmnt>
<BasicStmnt CovItemId="S233" CovItemPrefix="game.TestingSuite.java" Intrnl_Id="659">
<LocList>
<Loc EndOffset="11088" SrcFileId="3" StartOffset="11021"/>
</LocList>
</BasicStmnt>
<BasicStmnt CovItemId="S234" CovItemPrefix="game.TestingSuite.java" Intrnl_Id="660">
<LocList>
<Loc EndOffset="11098" SrcFileId="3" StartOffset="11091"/>
</LocList>
</BasicStmnt>
</StmntSeq>
</HierarchyLvl>
<HierarchyLvl HierarchyLvlId="1013" HierarchyLvlTypeId="27" Intrnl_Id="661" Name="classicStalemate">
<Header>
<Loc EndOffset="11249" SrcFileId="3" StartOffset="11218"/>
</Header>
<LocList>
<Loc EndOffset="12420" SrcFileId="3" StartOffset="11218"/>
</LocList>
<StmntSeq Intrnl_Id="662">
<LocList>
<Loc EndOffset="11277" SrcFileId="3" StartOffset="11254"/>
<Loc EndOffset="11345" SrcFileId="3" StartOffset="11281"/>
<Loc EndOffset="11366" SrcFileId="3" StartOffset="11348"/>
<Loc EndOffset="11401" SrcFileId="3" StartOffset="11369"/>
<Loc EndOffset="11434" SrcFileId="3" StartOffset="11404"/>
<Loc EndOffset="11463" SrcFileId="3" StartOffset="11437"/>
<Loc EndOffset="11492" SrcFileId="3" StartOffset="11466"/>
<Loc EndOffset="11534" SrcFileId="3" StartOffset="11496"/>
<Loc EndOffset="11575" SrcFileId="3" StartOffset="11537"/>
<Loc EndOffset="11617" SrcFileId="3" StartOffset="11579"/>
<Loc EndOffset="11658" SrcFileId="3" StartOffset="11620"/>
<Loc EndOffset="11699" SrcFileId="3" StartOffset="11661"/>
<Loc EndOffset="11723" SrcFileId="3" StartOffset="11704"/>
<Loc EndOffset="11756" SrcFileId="3" StartOffset="11726"/>
<Loc EndOffset="11775" SrcFileId="3" StartOffset="11759"/>
<Loc EndOffset="11851" SrcFileId="3" StartOffset="11788"/>
<Loc EndOffset="11923" SrcFileId="3" StartOffset="11860"/>
<Loc EndOffset="12112" SrcFileId="3" StartOffset="11932"/>
<Loc EndOffset="12201" SrcFileId="3" StartOffset="11779"/>
<Loc EndOffset="12333" SrcFileId="3" StartOffset="12204"/>
<Loc EndOffset="12407" SrcFileId="3" StartOffset="12336"/>
<Loc EndOffset="12417" SrcFileId="3" StartOffset="12410"/>
</LocList>
<BasicStmnt CovItemId="S235" CovItemPrefix="game.TestingSuite.java" Intrnl_Id="663">
<LocList>
<Loc EndOffset="11277" SrcFileId="3" StartOffset="11254"/>
</LocList>
</BasicStmnt>
<BasicStmnt CovItemId="S236" CovItemPrefix="game.TestingSuite.java" Intrnl_Id="664">
<LocList>
<Loc EndOffset="11345" SrcFileId="3" StartOffset="11281"/>
</LocList>
</BasicStmnt>
<BasicStmnt CovItemId="S237" CovItemPrefix="game.TestingSuite.java" Intrnl_Id="665">
<LocList>
<Loc EndOffset="11366" SrcFileId="3" StartOffset="11348"/>
</LocList>
</BasicStmnt>
<BasicStmnt CovItemId="S238" CovItemPrefix="game.TestingSuite.java" Intrnl_Id="666">
<LocList>
<Loc EndOffset="11401" SrcFileId="3" StartOffset="11369"/>
</LocList>
</BasicStmnt>
<BasicStmnt CovItemId="S239" CovItemPrefix="game.TestingSuite.java" Intrnl_Id="667">
<LocList>
<Loc EndOffset="11434" SrcFileId="3" StartOffset="11404"/>
</LocList>
</BasicStmnt>
<BasicStmnt CovItemId="S240" CovItemPrefix="game.TestingSuite.java" Intrnl_Id="668">
<LocList>
<Loc EndOffset="11463" SrcFileId="3" StartOffset="11437"/>
</LocList>
</BasicStmnt>
<BasicStmnt CovItemId="S241" CovItemPrefix="game.TestingSuite.java" Intrnl_Id="669">
<LocList>
<Loc EndOffset="11492" SrcFileId="3" StartOffset="11466"/>
</LocList>
</BasicStmnt>
<BasicStmnt CovItemId="S242" CovItemPrefix="game.TestingSuite.java" Intrnl_Id="670">
<LocList>
<Loc EndOffset="11534" SrcFileId="3" StartOffset="11496"/>
</LocList>
</BasicStmnt>
<BasicStmnt CovItemId="S243" CovItemPrefix="game.TestingSuite.java" Intrnl_Id="671">
<LocList>
<Loc EndOffset="11575" SrcFileId="3" StartOffset="11537"/>
</LocList>
</BasicStmnt>
<BasicStmnt CovItemId="S244" CovItemPrefix="game.TestingSuite.java" Intrnl_Id="672">
<LocList>
<Loc EndOffset="11617" SrcFileId="3" StartOffset="11579"/>
</LocList>
</BasicStmnt>
<BasicStmnt CovItemId="S245" CovItemPrefix="game.TestingSuite.java" Intrnl_Id="673">
<LocList>
<Loc EndOffset="11658" SrcFileId="3" StartOffset="11620"/>
</LocList>
</BasicStmnt>
<BasicStmnt CovItemId="S246" CovItemPrefix="game.TestingSuite.java" Intrnl_Id="674">
<LocList>
<Loc EndOffset="11699" SrcFileId="3" StartOffset="11661"/>
</LocList>
</BasicStmnt>
<BasicStmnt CovItemId="S247" CovItemPrefix="game.TestingSuite.java" Intrnl_Id="675">
<LocList>
<Loc EndOffset="11723" SrcFileId="3" StartOffset="11704"/>
</LocList>
</BasicStmnt>
<BasicStmnt CovItemId="S248" CovItemPrefix="game.TestingSuite.java" Intrnl_Id="676">
<LocList>
<Loc EndOffset="11756" SrcFileId="3" StartOffset="11726"/>
</LocList>
</BasicStmnt>
<BasicStmnt CovItemId="S249" CovItemPrefix="game.TestingSuite.java" Intrnl_Id="677">
<LocList>
<Loc EndOffset="11775" SrcFileId="3" StartOffset="11759"/>
</LocList>
</BasicStmnt>
<BasicStmnt CovItemId="S251" CovItemPrefix="game.TestingSuite.java" Intrnl_Id="678">
<LocList>
<Loc EndOffset="11851" SrcFileId="3" StartOffset="11788"/>
</LocList>
</BasicStmnt>
<BasicStmnt CovItemId="S252" CovItemPrefix="game.TestingSuite.java" Intrnl_Id="679">
<LocList>
<Loc EndOffset="11923" SrcFileId="3" StartOffset="11860"/>
</LocList>
</BasicStmnt>
<CondStmnt CovItemId="S253" CovItemPrefix="game.TestingSuite.java" Intrnl_Id="680">
<Branch CovItemId="B76" CovItemPrefix="game.TestingSuite.java" Implct="false" Intrnl_Id="681">
<Cond/>
<LocList>
<Loc EndOffset="12112" SrcFileId="3" StartOffset="11995"/>
</LocList>
<StmntSeq Intrnl_Id="682">
<LocList>
<Loc EndOffset="12081" SrcFileId="3" StartOffset="12001"/>
<Loc EndOffset="12107" SrcFileId="3" StartOffset="12086"/>
</LocList>
<BasicStmnt CovItemId="S254" CovItemPrefix="game.TestingSuite.java" Intrnl_Id="683">
<LocList>
<Loc EndOffset="12081" SrcFileId="3" StartOffset="12001"/>
</LocList>
</BasicStmnt>
<BasicStmnt CovItemId="S255" CovItemPrefix="game.TestingSuite.java" Intrnl_Id="684">
<LocList>
<Loc EndOffset="12107" SrcFileId="3" StartOffset="12086"/>
</LocList>
</BasicStmnt>
</StmntSeq>
</Branch>
<Branch CovItemId="B77" CovItemPrefix="game.TestingSuite.java" Implct="true" Intrnl_Id="685">
<Cond/>
<LocList/>
<StmntSeq Intrnl_Id="686">
<LocList/>
</StmntSeq>
</Branch>
<Keyword EndOffset="11934" SrcFileId="3" StartOffset="11932"/>
<LocList>
<Loc EndOffset="12112" SrcFileId="3" StartOffset="11932"/>
</LocList>
<RootTerm CovItemId="C33" CovItemPrefix="game.TestingSuite.java" Intrnl_Id="687">
<BasicBoolTerm Intrnl_Id="688">
<LocList>
<Loc EndOffset="11994" SrcFileId="3" StartOffset="11935"/>
</LocList>
</BasicBoolTerm>
</RootTerm>
</CondStmnt>
<CondStmnt CovItemId="S250" CovItemPrefix="game.TestingSuite.java" Intrnl_Id="689">
<Branch CovItemId="B75" CovItemPrefix="game.TestingSuite.java" Implct="true" Intrnl_Id="690">
<Cond/>
<LocList/>
<StmntSeq Intrnl_Id="691">
<LocList/>
</StmntSeq>
</Branch>
<Branch CovItemId="B78" CovItemPrefix="game.TestingSuite.java" Implct="false" Intrnl_Id="692">
<Cond>
<Loc EndOffset="12136" SrcFileId="3" StartOffset="12117"/>
</Cond>
<LocList>
<Loc EndOffset="12201" SrcFileId="3" StartOffset="12137"/>
</LocList>
<StmntSeq Intrnl_Id="693">
<LocList>
<Loc EndOffset="12158" SrcFileId="3" StartOffset="12142"/>
<Loc EndOffset="12197" SrcFileId="3" StartOffset="12162"/>
</LocList>
<BasicStmnt CovItemId="S256" CovItemPrefix="game.TestingSuite.java" Intrnl_Id="694">
<LocList>
<Loc EndOffset="12158" SrcFileId="3" StartOffset="12142"/>
</LocList>
</BasicStmnt>
<BasicStmnt CovItemId="S257" CovItemPrefix="game.TestingSuite.java" Intrnl_Id="695">
<LocList>
<Loc EndOffset="12197" SrcFileId="3" StartOffset="12162"/>
</LocList>
</BasicStmnt>
</StmntSeq>
</Branch>
<Keyword EndOffset="11782" SrcFileId="3" StartOffset="11779"/>
<LocList>
<Loc EndOffset="12201" SrcFileId="3" StartOffset="11779"/>
</LocList>
</CondStmnt>
<CondStmnt CovItemId="S258" CovItemPrefix="game.TestingSuite.java" Intrnl_Id="696">
<Branch CovItemId="B79" CovItemPrefix="game.TestingSuite.java" Implct="false" Intrnl_Id="697">
<Cond/>
<LocList>
<Loc EndOffset="12333" SrcFileId="3" StartOffset="12234"/>
</LocList>
<StmntSeq Intrnl_Id="698">
<LocList>
<Loc EndOffset="12318" SrcFileId="3" StartOffset="12239"/>
<Loc EndOffset="12329" SrcFileId="3" StartOffset="12322"/>
</LocList>
<BasicStmnt CovItemId="S259" CovItemPrefix="game.TestingSuite.java" Intrnl_Id="699">
<LocList>
<Loc EndOffset="12318" SrcFileId="3" StartOffset="12239"/>
</LocList>
</BasicStmnt>
<BasicStmnt CovItemId="S260" CovItemPrefix="game.TestingSuite.java" Intrnl_Id="700">
<LocList>
<Loc EndOffset="12329" SrcFileId="3" StartOffset="12322"/>
</LocList>
</BasicStmnt>
</StmntSeq>
</Branch>
<Branch CovItemId="B80" CovItemPrefix="game.TestingSuite.java" Implct="true" Intrnl_Id="701">
<Cond/>
<LocList/>
<StmntSeq Intrnl_Id="702">
<LocList/>
</StmntSeq>
</Branch>
<Keyword EndOffset="12206" SrcFileId="3" StartOffset="12204"/>
<LocList>
<Loc EndOffset="12333" SrcFileId="3" StartOffset="12204"/>
</LocList>
<RootTerm CovItemId="C34" CovItemPrefix="game.TestingSuite.java" Intrnl_Id="703">
<OpTerm BooleanOpId="23" Intrnl_Id="704">
<BasicBoolTerm Intrnl_Id="705">
<LocList>
<Loc EndOffset="12215" SrcFileId="3" StartOffset="12208"/>
</LocList>
</BasicBoolTerm>
<BasicBoolTerm Intrnl_Id="706">
<LocList>
<Loc EndOffset="12232" SrcFileId="3" StartOffset="12219"/>
</LocList>
</BasicBoolTerm>
<LocList>
<Loc EndOffset="12218" SrcFileId="3" StartOffset="12216"/>
</LocList>
</OpTerm>
</RootTerm>
</CondStmnt>
<BasicStmnt CovItemId="S261" CovItemPrefix="game.TestingSuite.java" Intrnl_Id="707">
<LocList>
<Loc EndOffset="12407" SrcFileId="3" StartOffset="12336"/>
</LocList>
</BasicStmnt>
<BasicStmnt CovItemId="S262" CovItemPrefix="game.TestingSuite.java" Intrnl_Id="708">
<LocList>
<Loc EndOffset="12417" SrcFileId="3" StartOffset="12410"/>
</LocList>
</BasicStmnt>
</StmntSeq>
</HierarchyLvl>
<HierarchyLvl HierarchyLvlId="1014" HierarchyLvlTypeId="27" Intrnl_Id="709" Name="takeAll">
<Header>
<Loc EndOffset="12531" SrcFileId="3" StartOffset="12509"/>
</Header>
<LocList>
<Loc EndOffset="13339" SrcFileId="3" StartOffset="12509"/>
</LocList>
<StmntSeq Intrnl_Id="710">
<LocList>
<Loc EndOffset="12559" SrcFileId="3" StartOffset="12536"/>
<Loc EndOffset="12636" SrcFileId="3" StartOffset="12563"/>
<Loc EndOffset="12657" SrcFileId="3" StartOffset="12639"/>
<Loc EndOffset="12692" SrcFileId="3" StartOffset="12660"/>
<Loc EndOffset="12725" SrcFileId="3" StartOffset="12695"/>
<Loc EndOffset="12754" SrcFileId="3" StartOffset="12728"/>
<Loc EndOffset="12783" SrcFileId="3" StartOffset="12757"/>
<Loc EndOffset="12825" SrcFileId="3" StartOffset="12787"/>
<Loc EndOffset="12866" SrcFileId="3" StartOffset="12828"/>
<Loc EndOffset="12889" SrcFileId="3" StartOffset="12870"/>
<Loc EndOffset="12922" SrcFileId="3" StartOffset="12892"/>
<Loc EndOffset="12941" SrcFileId="3" StartOffset="12925"/>
<Loc EndOffset="13017" SrcFileId="3" StartOffset="12954"/>
<Loc EndOffset="13111" SrcFileId="3" StartOffset="12945"/>
<Loc EndOffset="13247" SrcFileId="3" StartOffset="13114"/>
<Loc EndOffset="13325" SrcFileId="3" StartOffset="13250"/>
<Loc EndOffset="13335" SrcFileId="3" StartOffset="13328"/>
</LocList>
<BasicStmnt CovItemId="S263" CovItemPrefix="game.TestingSuite.java" Intrnl_Id="711">
<LocList>
<Loc EndOffset="12559" SrcFileId="3" StartOffset="12536"/>
</LocList>
</BasicStmnt>
<BasicStmnt CovItemId="S264" CovItemPrefix="game.TestingSuite.java" Intrnl_Id="712">
<LocList>
<Loc EndOffset="12636" SrcFileId="3" StartOffset="12563"/>
</LocList>
</BasicStmnt>
<BasicStmnt CovItemId="S265" CovItemPrefix="game.TestingSuite.java" Intrnl_Id="713">
<LocList>
<Loc EndOffset="12657" SrcFileId="3" StartOffset="12639"/>
</LocList>
</BasicStmnt>
<BasicStmnt CovItemId="S266" CovItemPrefix="game.TestingSuite.java" Intrnl_Id="714">
<LocList>
<Loc EndOffset="12692" SrcFileId="3" StartOffset="12660"/>
</LocList>
</BasicStmnt>
<BasicStmnt CovItemId="S267" CovItemPrefix="game.TestingSuite.java" Intrnl_Id="715">
<LocList>
<Loc EndOffset="12725" SrcFileId="3" StartOffset="12695"/>
</LocList>
</BasicStmnt>
<BasicStmnt CovItemId="S268" CovItemPrefix="game.TestingSuite.java" Intrnl_Id="716">
<LocList>
<Loc EndOffset="12754" SrcFileId="3" StartOffset="12728"/>
</LocList>
</BasicStmnt>
<BasicStmnt CovItemId="S269" CovItemPrefix="game.TestingSuite.java" Intrnl_Id="717">
<LocList>
<Loc EndOffset="12783" SrcFileId="3" StartOffset="12757"/>
</LocList>
</BasicStmnt>
<BasicStmnt CovItemId="S270" CovItemPrefix="game.TestingSuite.java" Intrnl_Id="718">
<LocList>
<Loc EndOffset="12825" SrcFileId="3" StartOffset="12787"/>
</LocList>
</BasicStmnt>
<BasicStmnt CovItemId="S271" CovItemPrefix="game.TestingSuite.java" Intrnl_Id="719">
<LocList>
<Loc EndOffset="12866" SrcFileId="3" StartOffset="12828"/>
</LocList>
</BasicStmnt>
<BasicStmnt CovItemId="S272" CovItemPrefix="game.TestingSuite.java" Intrnl_Id="720">
<LocList>
<Loc EndOffset="12889" SrcFileId="3" StartOffset="12870"/>
</LocList>
</BasicStmnt>
<BasicStmnt CovItemId="S273" CovItemPrefix="game.TestingSuite.java" Intrnl_Id="721">
<LocList>
<Loc EndOffset="12922" SrcFileId="3" StartOffset="12892"/>
</LocList>
</BasicStmnt>
<BasicStmnt CovItemId="S274" CovItemPrefix="game.TestingSuite.java" Intrnl_Id="722">
<LocList>
<Loc EndOffset="12941" SrcFileId="3" StartOffset="12925"/>
</LocList>
</BasicStmnt>
<BasicStmnt CovItemId="S276" CovItemPrefix="game.TestingSuite.java" Intrnl_Id="723">
<LocList>
<Loc EndOffset="13017" SrcFileId="3" StartOffset="12954"/>
</LocList>
</BasicStmnt>
<CondStmnt CovItemId="S275" CovItemPrefix="game.TestingSuite.java" Intrnl_Id="724">
<Branch CovItemId="B81" CovItemPrefix="game.TestingSuite.java" Implct="true" Intrnl_Id="725">
<Cond/>
<LocList/>
<StmntSeq Intrnl_Id="726">
<LocList/>
</StmntSeq>
</Branch>
<Branch CovItemId="B82" CovItemPrefix="game.TestingSuite.java" Implct="false" Intrnl_Id="727">
<Cond>
<Loc EndOffset="13046" SrcFileId="3" StartOffset="13027"/>
</Cond>
<LocList>
<Loc EndOffset="13111" SrcFileId="3" StartOffset="13047"/>
</LocList>
<StmntSeq Intrnl_Id="728">
<LocList>
<Loc EndOffset="13068" SrcFileId="3" StartOffset="13052"/>
<Loc EndOffset="13107" SrcFileId="3" StartOffset="13072"/>
</LocList>
<BasicStmnt CovItemId="S277" CovItemPrefix="game.TestingSuite.java" Intrnl_Id="729">
<LocList>
<Loc EndOffset="13068" SrcFileId="3" StartOffset="13052"/>
</LocList>
</BasicStmnt>
<BasicStmnt CovItemId="S278" CovItemPrefix="game.TestingSuite.java" Intrnl_Id="730">
<LocList>
<Loc EndOffset="13107" SrcFileId="3" StartOffset="13072"/>
</LocList>
</BasicStmnt>
</StmntSeq>
</Branch>
<Keyword EndOffset="12948" SrcFileId="3" StartOffset="12945"/>
<LocList>
<Loc EndOffset="13111" SrcFileId="3" StartOffset="12945"/>
</LocList>
</CondStmnt>
<CondStmnt CovItemId="S279" CovItemPrefix="game.TestingSuite.java" Intrnl_Id="731">
<Branch CovItemId="B83" CovItemPrefix="game.TestingSuite.java" Implct="false" Intrnl_Id="732">
<Cond/>
<LocList>
<Loc EndOffset="13247" SrcFileId="3" StartOffset="13144"/>
</LocList>
<StmntSeq Intrnl_Id="733">
<LocList>
<Loc EndOffset="13232" SrcFileId="3" StartOffset="13149"/>
<Loc EndOffset="13243" SrcFileId="3" StartOffset="13236"/>
</LocList>
<BasicStmnt CovItemId="S280" CovItemPrefix="game.TestingSuite.java" Intrnl_Id="734">
<LocList>
<Loc EndOffset="13232" SrcFileId="3" StartOffset="13149"/>
</LocList>
</BasicStmnt>
<BasicStmnt CovItemId="S281" CovItemPrefix="game.TestingSuite.java" Intrnl_Id="735">
<LocList>
<Loc EndOffset="13243" SrcFileId="3" StartOffset="13236"/>
</LocList>
</BasicStmnt>
</StmntSeq>
</Branch>
<Branch CovItemId="B84" CovItemPrefix="game.TestingSuite.java" Implct="true" Intrnl_Id="736">
<Cond/>
<LocList/>
<StmntSeq Intrnl_Id="737">
<LocList/>
</StmntSeq>
</Branch>
<Keyword EndOffset="13116" SrcFileId="3" StartOffset="13114"/>
<LocList>
<Loc EndOffset="13247" SrcFileId="3" StartOffset="13114"/>
</LocList>
<RootTerm CovItemId="C35" CovItemPrefix="game.TestingSuite.java" Intrnl_Id="738">
<OpTerm BooleanOpId="23" Intrnl_Id="739">
<BasicBoolTerm Intrnl_Id="740">
<LocList>
<Loc EndOffset="13125" SrcFileId="3" StartOffset="13118"/>
</LocList>
</BasicBoolTerm>
<BasicBoolTerm Intrnl_Id="741">
<LocList>
<Loc EndOffset="13142" SrcFileId="3" StartOffset="13129"/>
</LocList>
</BasicBoolTerm>
<LocList>
<Loc EndOffset="13128" SrcFileId="3" StartOffset="13126"/>
</LocList>
</OpTerm>
</RootTerm>
</CondStmnt>
<BasicStmnt CovItemId="S282" CovItemPrefix="game.TestingSuite.java" Intrnl_Id="742">
<LocList>
<Loc EndOffset="13325" SrcFileId="3" StartOffset="13250"/>
</LocList>
</BasicStmnt>
<BasicStmnt CovItemId="S283" CovItemPrefix="game.TestingSuite.java" Intrnl_Id="743">
<LocList>
<Loc EndOffset="13335" SrcFileId="3" StartOffset="13328"/>
</LocList>
</BasicStmnt>
</StmntSeq>
</HierarchyLvl>
<HierarchyLvl HierarchyLvlId="1015" HierarchyLvlTypeId="27" Intrnl_Id="744" Name="takeAllStalemate">
<Header>
<Loc EndOffset="13482" SrcFileId="3" StartOffset="13451"/>
</Header>
<LocList>
<Loc EndOffset="14451" SrcFileId="3" StartOffset="13451"/>
</LocList>
<StmntSeq Intrnl_Id="745">
<LocList>
<Loc EndOffset="13510" SrcFileId="3" StartOffset="13487"/>
<Loc EndOffset="13579" SrcFileId="3" StartOffset="13514"/>
<Loc EndOffset="13600" SrcFileId="3" StartOffset="13582"/>
<Loc EndOffset="13635" SrcFileId="3" StartOffset="13603"/>
<Loc EndOffset="13668" SrcFileId="3" StartOffset="13638"/>
<Loc EndOffset="13697" SrcFileId="3" StartOffset="13671"/>
<Loc EndOffset="13726" SrcFileId="3" StartOffset="13700"/>
<Loc EndOffset="13768" SrcFileId="3" StartOffset="13730"/>
<Loc EndOffset="13809" SrcFileId="3" StartOffset="13771"/>
<Loc EndOffset="13833" SrcFileId="3" StartOffset="13814"/>
<Loc EndOffset="13866" SrcFileId="3" StartOffset="13836"/>
<Loc EndOffset="13885" SrcFileId="3" StartOffset="13869"/>
<Loc EndOffset="13961" SrcFileId="3" StartOffset="13898"/>
<Loc EndOffset="14150" SrcFileId="3" StartOffset="13970"/>
<Loc EndOffset="14239" SrcFileId="3" StartOffset="13889"/>
<Loc EndOffset="14367" SrcFileId="3" StartOffset="14242"/>
<Loc EndOffset="14437" SrcFileId="3" StartOffset="14370"/>
<Loc EndOffset="14447" SrcFileId="3" StartOffset="14440"/>
</LocList>
<BasicStmnt CovItemId="S284" CovItemPrefix="game.TestingSuite.java" Intrnl_Id="746">
<LocList>
<Loc EndOffset="13510" SrcFileId="3" StartOffset="13487"/>
</LocList>
</BasicStmnt>
<BasicStmnt CovItemId="S285" CovItemPrefix="game.TestingSuite.java" Intrnl_Id="747">
<LocList>
<Loc EndOffset="13579" SrcFileId="3" StartOffset="13514"/>
</LocList>
</BasicStmnt>
<BasicStmnt CovItemId="S286" CovItemPrefix="game.TestingSuite.java" Intrnl_Id="748">
<LocList>
<Loc EndOffset="13600" SrcFileId="3" StartOffset="13582"/>
</LocList>
</BasicStmnt>
<BasicStmnt CovItemId="S287" CovItemPrefix="game.TestingSuite.java" Intrnl_Id="749">
<LocList>
<Loc EndOffset="13635" SrcFileId="3" StartOffset="13603"/>
</LocList>
</BasicStmnt>
<BasicStmnt CovItemId="S288" CovItemPrefix="game.TestingSuite.java" Intrnl_Id="750">
<LocList>
<Loc EndOffset="13668" SrcFileId="3" StartOffset="13638"/>
</LocList>
</BasicStmnt>
<BasicStmnt CovItemId="S289" CovItemPrefix="game.TestingSuite.java" Intrnl_Id="751">
<LocList>
<Loc EndOffset="13697" SrcFileId="3" StartOffset="13671"/>
</LocList>
</BasicStmnt>
<BasicStmnt CovItemId="S290" CovItemPrefix="game.TestingSuite.java" Intrnl_Id="752">
<LocList>
<Loc EndOffset="13726" SrcFileId="3" StartOffset="13700"/>
</LocList>
</BasicStmnt>
<BasicStmnt CovItemId="S291" CovItemPrefix="game.TestingSuite.java" Intrnl_Id="753">
<LocList>
<Loc EndOffset="13768" SrcFileId="3" StartOffset="13730"/>
</LocList>
</BasicStmnt>
<BasicStmnt CovItemId="S292" CovItemPrefix="game.TestingSuite.java" Intrnl_Id="754">
<LocList>
<Loc EndOffset="13809" SrcFileId="3" StartOffset="13771"/>
</LocList>
</BasicStmnt>
<BasicStmnt CovItemId="S293" CovItemPrefix="game.TestingSuite.java" Intrnl_Id="755">
<LocList>
<Loc EndOffset="13833" SrcFileId="3" StartOffset="13814"/>
</LocList>
</BasicStmnt>
<BasicStmnt CovItemId="S294" CovItemPrefix="game.TestingSuite.java" Intrnl_Id="756">
<LocList>
<Loc EndOffset="13866" SrcFileId="3" StartOffset="13836"/>
</LocList>
</BasicStmnt>
<BasicStmnt CovItemId="S295" CovItemPrefix="game.TestingSuite.java" Intrnl_Id="757">
<LocList>
<Loc EndOffset="13885" SrcFileId="3" StartOffset="13869"/>
</LocList>
</BasicStmnt>
<BasicStmnt CovItemId="S297" CovItemPrefix="game.TestingSuite.java" Intrnl_Id="758">
<LocList>
<Loc EndOffset="13961" SrcFileId="3" StartOffset="13898"/>
</LocList>
</BasicStmnt>
<CondStmnt CovItemId="S298" CovItemPrefix="game.TestingSuite.java" Intrnl_Id="759">
<Branch CovItemId="B86" CovItemPrefix="game.TestingSuite.java" Implct="false" Intrnl_Id="760">
<Cond/>
<LocList>
<Loc EndOffset="14150" SrcFileId="3" StartOffset="14033"/>
</LocList>
<StmntSeq Intrnl_Id="761">
<LocList>
<Loc EndOffset="14119" SrcFileId="3" StartOffset="14039"/>
<Loc EndOffset="14145" SrcFileId="3" StartOffset="14124"/>
</LocList>
<BasicStmnt CovItemId="S299" CovItemPrefix="game.TestingSuite.java" Intrnl_Id="762">
<LocList>
<Loc EndOffset="14119" SrcFileId="3" StartOffset="14039"/>
</LocList>
</BasicStmnt>
<BasicStmnt CovItemId="S300" CovItemPrefix="game.TestingSuite.java" Intrnl_Id="763">
<LocList>
<Loc EndOffset="14145" SrcFileId="3" StartOffset="14124"/>
</LocList>
</BasicStmnt>
</StmntSeq>
</Branch>
<Branch CovItemId="B87" CovItemPrefix="game.TestingSuite.java" Implct="true" Intrnl_Id="764">
<Cond/>
<LocList/>
<StmntSeq Intrnl_Id="765">
<LocList/>
</StmntSeq>
</Branch>
<Keyword EndOffset="13972" SrcFileId="3" StartOffset="13970"/>
<LocList>
<Loc EndOffset="14150" SrcFileId="3" StartOffset="13970"/>
</LocList>
<RootTerm CovItemId="C36" CovItemPrefix="game.TestingSuite.java" Intrnl_Id="766">
<BasicBoolTerm Intrnl_Id="767">
<LocList>
<Loc EndOffset="14032" SrcFileId="3" StartOffset="13973"/>
</LocList>
</BasicBoolTerm>
</RootTerm>
</CondStmnt>
<CondStmnt CovItemId="S296" CovItemPrefix="game.TestingSuite.java" Intrnl_Id="768">
<Branch CovItemId="B85" CovItemPrefix="game.TestingSuite.java" Implct="true" Intrnl_Id="769">
<Cond/>
<LocList/>
<StmntSeq Intrnl_Id="770">
<LocList/>
</StmntSeq>
</Branch>
<Branch CovItemId="B88" CovItemPrefix="game.TestingSuite.java" Implct="false" Intrnl_Id="771">
<Cond>
<Loc EndOffset="14174" SrcFileId="3" StartOffset="14155"/>
</Cond>
<LocList>
<Loc EndOffset="14239" SrcFileId="3" StartOffset="14175"/>
</LocList>
<StmntSeq Intrnl_Id="772">
<LocList>
<Loc EndOffset="14196" SrcFileId="3" StartOffset="14180"/>
<Loc EndOffset="14235" SrcFileId="3" StartOffset="14200"/>
</LocList>
<BasicStmnt CovItemId="S301" CovItemPrefix="game.TestingSuite.java" Intrnl_Id="773">
<LocList>
<Loc EndOffset="14196" SrcFileId="3" StartOffset="14180"/>
</LocList>
</BasicStmnt>
<BasicStmnt CovItemId="S302" CovItemPrefix="game.TestingSuite.java" Intrnl_Id="774">
<LocList>
<Loc EndOffset="14235" SrcFileId="3" StartOffset="14200"/>
</LocList>
</BasicStmnt>
</StmntSeq>
</Branch>
<Keyword EndOffset="13892" SrcFileId="3" StartOffset="13889"/>
<LocList>
<Loc EndOffset="14239" SrcFileId="3" StartOffset="13889"/>
</LocList>
</CondStmnt>
<CondStmnt CovItemId="S303" CovItemPrefix="game.TestingSuite.java" Intrnl_Id="775">
<Branch CovItemId="B89" CovItemPrefix="game.TestingSuite.java" Implct="false" Intrnl_Id="776">
<Cond/>
<LocList>
<Loc EndOffset="14367" SrcFileId="3" StartOffset="14272"/>
</LocList>
<StmntSeq Intrnl_Id="777">
<LocList>
<Loc EndOffset="14352" SrcFileId="3" StartOffset="14277"/>
<Loc EndOffset="14363" SrcFileId="3" StartOffset="14356"/>
</LocList>
<BasicStmnt CovItemId="S304" CovItemPrefix="game.TestingSuite.java" Intrnl_Id="778">
<LocList>
<Loc EndOffset="14352" SrcFileId="3" StartOffset="14277"/>
</LocList>
</BasicStmnt>
<BasicStmnt CovItemId="S305" CovItemPrefix="game.TestingSuite.java" Intrnl_Id="779">
<LocList>
<Loc EndOffset="14363" SrcFileId="3" StartOffset="14356"/>
</LocList>
</BasicStmnt>
</StmntSeq>
</Branch>
<Branch CovItemId="B90" CovItemPrefix="game.TestingSuite.java" Implct="true" Intrnl_Id="780">
<Cond/>
<LocList/>
<StmntSeq Intrnl_Id="781">
<LocList/>
</StmntSeq>
</Branch>
<Keyword EndOffset="14244" SrcFileId="3" StartOffset="14242"/>
<LocList>
<Loc EndOffset="14367" SrcFileId="3" StartOffset="14242"/>
</LocList>
<RootTerm CovItemId="C37" CovItemPrefix="game.TestingSuite.java" Intrnl_Id="782">
<OpTerm BooleanOpId="23" Intrnl_Id="783">
<BasicBoolTerm Intrnl_Id="784">
<LocList>
<Loc EndOffset="14253" SrcFileId="3" StartOffset="14246"/>
</LocList>
</BasicBoolTerm>
<BasicBoolTerm Intrnl_Id="785">
<LocList>
<Loc EndOffset="14270" SrcFileId="3" StartOffset="14257"/>
</LocList>
</BasicBoolTerm>
<LocList>
<Loc EndOffset="14256" SrcFileId="3" StartOffset="14254"/>
</LocList>
</OpTerm>
</RootTerm>
</CondStmnt>
<BasicStmnt CovItemId="S306" CovItemPrefix="game.TestingSuite.java" Intrnl_Id="786">
<LocList>
<Loc EndOffset="14437" SrcFileId="3" StartOffset="14370"/>
</LocList>
</BasicStmnt>
<BasicStmnt CovItemId="S307" CovItemPrefix="game.TestingSuite.java" Intrnl_Id="787">
<LocList>
<Loc EndOffset="14447" SrcFileId="3" StartOffset="14440"/>
</LocList>
</BasicStmnt>
</StmntSeq>
</HierarchyLvl>
<HierarchyLvl HierarchyLvlId="1016" HierarchyLvlTypeId="27" Intrnl_Id="788" Name="takeOwnPiece">
<Header>
<Loc EndOffset="14654" SrcFileId="3" StartOffset="14627"/>
</Header>
<LocList>
<Loc EndOffset="15450" SrcFileId="3" StartOffset="14627"/>
</LocList>
<StmntSeq Intrnl_Id="789">
<LocList>
<Loc EndOffset="14682" SrcFileId="3" StartOffset="14659"/>
<Loc EndOffset="14756" SrcFileId="3" StartOffset="14686"/>
<Loc EndOffset="14777" SrcFileId="3" StartOffset="14759"/>
<Loc EndOffset="14812" SrcFileId="3" StartOffset="14780"/>
<Loc EndOffset="14898" SrcFileId="3" StartOffset="14815"/>
<Loc EndOffset="14931" SrcFileId="3" StartOffset="14901"/>
<Loc EndOffset="14950" SrcFileId="3" StartOffset="14934"/>
<Loc EndOffset="15026" SrcFileId="3" StartOffset="14963"/>
<Loc EndOffset="15120" SrcFileId="3" StartOffset="14954"/>
<Loc EndOffset="15356" SrcFileId="3" StartOffset="15123"/>
<Loc EndOffset="15436" SrcFileId="3" StartOffset="15359"/>
<Loc EndOffset="15446" SrcFileId="3" StartOffset="15439"/>
</LocList>
<BasicStmnt CovItemId="S308" CovItemPrefix="game.TestingSuite.java" Intrnl_Id="790">
<LocList>
<Loc EndOffset="14682" SrcFileId="3" StartOffset="14659"/>
</LocList>
</BasicStmnt>
<BasicStmnt CovItemId="S309" CovItemPrefix="game.TestingSuite.java" Intrnl_Id="791">
<LocList>
<Loc EndOffset="14756" SrcFileId="3" StartOffset="14686"/>
</LocList>
</BasicStmnt>
<BasicStmnt CovItemId="S310" CovItemPrefix="game.TestingSuite.java" Intrnl_Id="792">
<LocList>
<Loc EndOffset="14777" SrcFileId="3" StartOffset="14759"/>
</LocList>
</BasicStmnt>
<BasicStmnt CovItemId="S311" CovItemPrefix="game.TestingSuite.java" Intrnl_Id="793">
<LocList>
<Loc EndOffset="14812" SrcFileId="3" StartOffset="14780"/>
</LocList>
</BasicStmnt>
<BasicStmnt CovItemId="S312" CovItemPrefix="game.TestingSuite.java" Intrnl_Id="794">
<LocList>
<Loc EndOffset="14898" SrcFileId="3" StartOffset="14815"/>
</LocList>
</BasicStmnt>
<BasicStmnt CovItemId="S313" CovItemPrefix="game.TestingSuite.java" Intrnl_Id="795">
<LocList>
<Loc EndOffset="14931" SrcFileId="3" StartOffset="14901"/>
</LocList>
</BasicStmnt>
<BasicStmnt CovItemId="S314" CovItemPrefix="game.TestingSuite.java" Intrnl_Id="796">
<LocList>
<Loc EndOffset="14950" SrcFileId="3" StartOffset="14934"/>
</LocList>
</BasicStmnt>
<BasicStmnt CovItemId="S316" CovItemPrefix="game.TestingSuite.java" Intrnl_Id="797">
<LocList>
<Loc EndOffset="15026" SrcFileId="3" StartOffset="14963"/>
</LocList>
</BasicStmnt>
<CondStmnt CovItemId="S315" CovItemPrefix="game.TestingSuite.java" Intrnl_Id="798">
<Branch CovItemId="B91" CovItemPrefix="game.TestingSuite.java" Implct="true" Intrnl_Id="799">
<Cond/>
<LocList/>
<StmntSeq Intrnl_Id="800">
<LocList/>
</StmntSeq>
</Branch>
<Branch CovItemId="B92" CovItemPrefix="game.TestingSuite.java" Implct="false" Intrnl_Id="801">
<Cond>
<Loc EndOffset="15055" SrcFileId="3" StartOffset="15036"/>
</Cond>
<LocList>
<Loc EndOffset="15120" SrcFileId="3" StartOffset="15056"/>
</LocList>
<StmntSeq Intrnl_Id="802">
<LocList>
<Loc EndOffset="15077" SrcFileId="3" StartOffset="15061"/>
<Loc EndOffset="15116" SrcFileId="3" StartOffset="15081"/>
</LocList>
<BasicStmnt CovItemId="S317" CovItemPrefix="game.TestingSuite.java" Intrnl_Id="803">
<LocList>
<Loc EndOffset="15077" SrcFileId="3" StartOffset="15061"/>
</LocList>
</BasicStmnt>
<BasicStmnt CovItemId="S318" CovItemPrefix="game.TestingSuite.java" Intrnl_Id="804">
<LocList>
<Loc EndOffset="15116" SrcFileId="3" StartOffset="15081"/>
</LocList>
</BasicStmnt>
</StmntSeq>
</Branch>
<Keyword EndOffset="14957" SrcFileId="3" StartOffset="14954"/>
<LocList>
<Loc EndOffset="15120" SrcFileId="3" StartOffset="14954"/>
</LocList>
</CondStmnt>
<CondStmnt CovItemId="S319" CovItemPrefix="game.TestingSuite.java" Intrnl_Id="805">
<Branch CovItemId="B93" CovItemPrefix="game.TestingSuite.java" Implct="false" Intrnl_Id="806">
<Cond/>
<LocList>
<Loc EndOffset="15356" SrcFileId="3" StartOffset="15251"/>
</LocList>
<StmntSeq Intrnl_Id="807">
<LocList>
<Loc EndOffset="15341" SrcFileId="3" StartOffset="15256"/>
<Loc EndOffset="15352" SrcFileId="3" StartOffset="15345"/>
</LocList>
<BasicStmnt CovItemId="S320" CovItemPrefix="game.TestingSuite.java" Intrnl_Id="808">
<LocList>
<Loc EndOffset="15341" SrcFileId="3" StartOffset="15256"/>
</LocList>
</BasicStmnt>
<BasicStmnt CovItemId="S321" CovItemPrefix="game.TestingSuite.java" Intrnl_Id="809">
<LocList>
<Loc EndOffset="15352" SrcFileId="3" StartOffset="15345"/>
</LocList>
</BasicStmnt>
</StmntSeq>
</Branch>
<Branch CovItemId="B94" CovItemPrefix="game.TestingSuite.java" Implct="true" Intrnl_Id="810">
<Cond/>
<LocList/>
<StmntSeq Intrnl_Id="811">
<LocList/>
</StmntSeq>
</Branch>
<Keyword EndOffset="15125" SrcFileId="3" StartOffset="15123"/>
<LocList>
<Loc EndOffset="15356" SrcFileId="3" StartOffset="15123"/>
</LocList>
<RootTerm CovItemId="C38" CovItemPrefix="game.TestingSuite.java" Intrnl_Id="812">
<OpTerm BooleanOpId="23" Intrnl_Id="813">
<OpTerm BooleanOpId="23" Intrnl_Id="814">
<BasicBoolTerm Intrnl_Id="815">
<LocList>
<Loc EndOffset="15134" SrcFileId="3" StartOffset="15127"/>
</LocList>
</BasicBoolTerm>
<BasicBoolTerm Intrnl_Id="816">
<LocList>
<Loc EndOffset="15192" SrcFileId="3" StartOffset="15138"/>
</LocList>
</BasicBoolTerm>
<LocList>
<Loc EndOffset="15137" SrcFileId="3" StartOffset="15135"/>
</LocList>
</OpTerm>
<BasicBoolTerm Intrnl_Id="817">
<LocList>
<Loc EndOffset="15249" SrcFileId="3" StartOffset="15196"/>
</LocList>
</BasicBoolTerm>
<LocList>
<Loc EndOffset="15195" SrcFileId="3" StartOffset="15193"/>
</LocList>
</OpTerm>
</RootTerm>
</CondStmnt>
<BasicStmnt CovItemId="S322" CovItemPrefix="game.TestingSuite.java" Intrnl_Id="818">
<LocList>
<Loc EndOffset="15436" SrcFileId="3" StartOffset="15359"/>
</LocList>
</BasicStmnt>
<BasicStmnt CovItemId="S323" CovItemPrefix="game.TestingSuite.java" Intrnl_Id="819">
<LocList>
<Loc EndOffset="15446" SrcFileId="3" StartOffset="15439"/>
</LocList>
</BasicStmnt>
</StmntSeq>
</HierarchyLvl>
<HierarchyLvl HierarchyLvlId="1017" HierarchyLvlTypeId="27" Intrnl_Id="820" Name="moveOntoSelf">
<Header>
<Loc EndOffset="15654" SrcFileId="3" StartOffset="15627"/>
</Header>
<LocList>
<Loc EndOffset="16393" SrcFileId="3" StartOffset="15627"/>
</LocList>
<StmntSeq Intrnl_Id="821">
<LocList>
<Loc EndOffset="15682" SrcFileId="3" StartOffset="15659"/>
<Loc EndOffset="15756" SrcFileId="3" StartOffset="15686"/>
<Loc EndOffset="15777" SrcFileId="3" StartOffset="15759"/>
<Loc EndOffset="15812" SrcFileId="3" StartOffset="15780"/>
<Loc EndOffset="15898" SrcFileId="3" StartOffset="15815"/>
<Loc EndOffset="15931" SrcFileId="3" StartOffset="15901"/>
<Loc EndOffset="15950" SrcFileId="3" StartOffset="15934"/>
<Loc EndOffset="16026" SrcFileId="3" StartOffset="15963"/>
<Loc EndOffset="16120" SrcFileId="3" StartOffset="15954"/>
<Loc EndOffset="16299" SrcFileId="3" StartOffset="16123"/>
<Loc EndOffset="16379" SrcFileId="3" StartOffset="16302"/>
<Loc EndOffset="16389" SrcFileId="3" StartOffset="16382"/>
</LocList>
<BasicStmnt CovItemId="S324" CovItemPrefix="game.TestingSuite.java" Intrnl_Id="822">
<LocList>
<Loc EndOffset="15682" SrcFileId="3" StartOffset="15659"/>
</LocList>
</BasicStmnt>
<BasicStmnt CovItemId="S325" CovItemPrefix="game.TestingSuite.java" Intrnl_Id="823">
<LocList>
<Loc EndOffset="15756" SrcFileId="3" StartOffset="15686"/>
</LocList>
</BasicStmnt>
<BasicStmnt CovItemId="S326" CovItemPrefix="game.TestingSuite.java" Intrnl_Id="824">
<LocList>
<Loc EndOffset="15777" SrcFileId="3" StartOffset="15759"/>
</LocList>
</BasicStmnt>
<BasicStmnt CovItemId="S327" CovItemPrefix="game.TestingSuite.java" Intrnl_Id="825">
<LocList>
<Loc EndOffset="15812" SrcFileId="3" StartOffset="15780"/>
</LocList>
</BasicStmnt>
<BasicStmnt CovItemId="S328" CovItemPrefix="game.TestingSuite.java" Intrnl_Id="826">
<LocList>
<Loc EndOffset="15898" SrcFileId="3" StartOffset="15815"/>
</LocList>
</BasicStmnt>
<BasicStmnt CovItemId="S329" CovItemPrefix="game.TestingSuite.java" Intrnl_Id="827">
<LocList>
<Loc EndOffset="15931" SrcFileId="3" StartOffset="15901"/>
</LocList>
</BasicStmnt>
<BasicStmnt CovItemId="S330" CovItemPrefix="game.TestingSuite.java" Intrnl_Id="828">
<LocList>
<Loc EndOffset="15950" SrcFileId="3" StartOffset="15934"/>
</LocList>
</BasicStmnt>
<BasicStmnt CovItemId="S332" CovItemPrefix="game.TestingSuite.java" Intrnl_Id="829">
<LocList>
<Loc EndOffset="16026" SrcFileId="3" StartOffset="15963"/>
</LocList>
</BasicStmnt>
<CondStmnt CovItemId="S331" CovItemPrefix="game.TestingSuite.java" Intrnl_Id="830">
<Branch CovItemId="B95" CovItemPrefix="game.TestingSuite.java" Implct="true" Intrnl_Id="831">
<Cond/>
<LocList/>
<StmntSeq Intrnl_Id="832">
<LocList/>
</StmntSeq>
</Branch>
<Branch CovItemId="B96" CovItemPrefix="game.TestingSuite.java" Implct="false" Intrnl_Id="833">
<Cond>
<Loc EndOffset="16055" SrcFileId="3" StartOffset="16036"/>
</Cond>
<LocList>
<Loc EndOffset="16120" SrcFileId="3" StartOffset="16056"/>
</LocList>
<StmntSeq Intrnl_Id="834">
<LocList>
<Loc EndOffset="16077" SrcFileId="3" StartOffset="16061"/>
<Loc EndOffset="16116" SrcFileId="3" StartOffset="16081"/>
</LocList>
<BasicStmnt CovItemId="S333" CovItemPrefix="game.TestingSuite.java" Intrnl_Id="835">
<LocList>
<Loc EndOffset="16077" SrcFileId="3" StartOffset="16061"/>
</LocList>
</BasicStmnt>
<BasicStmnt CovItemId="S334" CovItemPrefix="game.TestingSuite.java" Intrnl_Id="836">
<LocList>
<Loc EndOffset="16116" SrcFileId="3" StartOffset="16081"/>
</LocList>
</BasicStmnt>
</StmntSeq>
</Branch>
<Keyword EndOffset="15957" SrcFileId="3" StartOffset="15954"/>
<LocList>
<Loc EndOffset="16120" SrcFileId="3" StartOffset="15954"/>
</LocList>
</CondStmnt>
<CondStmnt CovItemId="S335" CovItemPrefix="game.TestingSuite.java" Intrnl_Id="837">
<Branch CovItemId="B97" CovItemPrefix="game.TestingSuite.java" Implct="false" Intrnl_Id="838">
<Cond/>
<LocList>
<Loc EndOffset="16299" SrcFileId="3" StartOffset="16194"/>
</LocList>
<StmntSeq Intrnl_Id="839">
<LocList>
<Loc EndOffset="16284" SrcFileId="3" StartOffset="16199"/>
<Loc EndOffset="16295" SrcFileId="3" StartOffset="16288"/>
</LocList>
<BasicStmnt CovItemId="S336" CovItemPrefix="game.TestingSuite.java" Intrnl_Id="840">
<LocList>
<Loc EndOffset="16284" SrcFileId="3" StartOffset="16199"/>
</LocList>
</BasicStmnt>
<BasicStmnt CovItemId="S337" CovItemPrefix="game.TestingSuite.java" Intrnl_Id="841">
<LocList>
<Loc EndOffset="16295" SrcFileId="3" StartOffset="16288"/>
</LocList>
</BasicStmnt>
</StmntSeq>
</Branch>
<Branch CovItemId="B98" CovItemPrefix="game.TestingSuite.java" Implct="true" Intrnl_Id="842">
<Cond/>
<LocList/>
<StmntSeq Intrnl_Id="843">
<LocList/>
</StmntSeq>
</Branch>
<Keyword EndOffset="16125" SrcFileId="3" StartOffset="16123"/>
<LocList>
<Loc EndOffset="16299" SrcFileId="3" StartOffset="16123"/>
</LocList>
<RootTerm CovItemId="C39" CovItemPrefix="game.TestingSuite.java" Intrnl_Id="844">
<OpTerm BooleanOpId="23" Intrnl_Id="845">
<BasicBoolTerm Intrnl_Id="846">
<LocList>
<Loc EndOffset="16134" SrcFileId="3" StartOffset="16127"/>
</LocList>
</BasicBoolTerm>
<BasicBoolTerm Intrnl_Id="847">
<LocList>
<Loc EndOffset="16192" SrcFileId="3" StartOffset="16138"/>
</LocList>
</BasicBoolTerm>
<LocList>
<Loc EndOffset="16137" SrcFileId="3" StartOffset="16135"/>
</LocList>
</OpTerm>
</RootTerm>
</CondStmnt>
<BasicStmnt CovItemId="S338" CovItemPrefix="game.TestingSuite.java" Intrnl_Id="848">
<LocList>
<Loc EndOffset="16379" SrcFileId="3" StartOffset="16302"/>
</LocList>
</BasicStmnt>
<BasicStmnt CovItemId="S339" CovItemPrefix="game.TestingSuite.java" Intrnl_Id="849">
<LocList>
<Loc EndOffset="16389" SrcFileId="3" StartOffset="16382"/>
</LocList>
</BasicStmnt>
</StmntSeq>
</HierarchyLvl>
<HierarchyLvl HierarchyLvlId="1018" HierarchyLvlTypeId="27" Intrnl_Id="850" Name="enPassantPositiveTest">
<Header>
<Loc EndOffset="16546" SrcFileId="3" StartOffset="16510"/>
</Header>
<LocList>
<Loc EndOffset="17626" SrcFileId="3" StartOffset="16510"/>
</LocList>
<StmntSeq Intrnl_Id="851">
<LocList>
<Loc EndOffset="16574" SrcFileId="3" StartOffset="16551"/>
<Loc EndOffset="16653" SrcFileId="3" StartOffset="16578"/>
<Loc EndOffset="16674" SrcFileId="3" StartOffset="16656"/>
<Loc EndOffset="16709" SrcFileId="3" StartOffset="16677"/>
<Loc EndOffset="16795" SrcFileId="3" StartOffset="16712"/>
<Loc EndOffset="16828" SrcFileId="3" StartOffset="16798"/>
<Loc EndOffset="16847" SrcFileId="3" StartOffset="16831"/>
<Loc EndOffset="16923" SrcFileId="3" StartOffset="16860"/>
<Loc EndOffset="16995" SrcFileId="3" StartOffset="16932"/>
<Loc EndOffset="17067" SrcFileId="3" StartOffset="17004"/>
<Loc EndOffset="17139" SrcFileId="3" StartOffset="17076"/>
<Loc EndOffset="17211" SrcFileId="3" StartOffset="17148"/>
<Loc EndOffset="17305" SrcFileId="3" StartOffset="16851"/>
<Loc EndOffset="17528" SrcFileId="3" StartOffset="17308"/>
<Loc EndOffset="17613" SrcFileId="3" StartOffset="17531"/>
<Loc EndOffset="17623" SrcFileId="3" StartOffset="17616"/>
</LocList>
<BasicStmnt CovItemId="S340" CovItemPrefix="game.TestingSuite.java" Intrnl_Id="852">
<LocList>
<Loc EndOffset="16574" SrcFileId="3" StartOffset="16551"/>
</LocList>
</BasicStmnt>
<BasicStmnt CovItemId="S341" CovItemPrefix="game.TestingSuite.java" Intrnl_Id="853">
<LocList>
<Loc EndOffset="16653" SrcFileId="3" StartOffset="16578"/>
</LocList>
</BasicStmnt>
<BasicStmnt CovItemId="S342" CovItemPrefix="game.TestingSuite.java" Intrnl_Id="854">
<LocList>
<Loc EndOffset="16674" SrcFileId="3" StartOffset="16656"/>
</LocList>
</BasicStmnt>
<BasicStmnt CovItemId="S343" CovItemPrefix="game.TestingSuite.java" Intrnl_Id="855">
<LocList>
<Loc EndOffset="16709" SrcFileId="3" StartOffset="16677"/>
</LocList>
</BasicStmnt>
<BasicStmnt CovItemId="S344" CovItemPrefix="game.TestingSuite.java" Intrnl_Id="856">
<LocList>
<Loc EndOffset="16795" SrcFileId="3" StartOffset="16712"/>
</LocList>
</BasicStmnt>
<BasicStmnt CovItemId="S345" CovItemPrefix="game.TestingSuite.java" Intrnl_Id="857">
<LocList>
<Loc EndOffset="16828" SrcFileId="3" StartOffset="16798"/>
</LocList>
</BasicStmnt>
<BasicStmnt CovItemId="S346" CovItemPrefix="game.TestingSuite.java" Intrnl_Id="858">
<LocList>
<Loc EndOffset="16847" SrcFileId="3" StartOffset="16831"/>
</LocList>
</BasicStmnt>
<BasicStmnt CovItemId="S348" CovItemPrefix="game.TestingSuite.java" Intrnl_Id="859">
<LocList>
<Loc EndOffset="16923" SrcFileId="3" StartOffset="16860"/>
</LocList>
</BasicStmnt>
<BasicStmnt CovItemId="S349" CovItemPrefix="game.TestingSuite.java" Intrnl_Id="860">
<LocList>
<Loc EndOffset="16995" SrcFileId="3" StartOffset="16932"/>
</LocList>
</BasicStmnt>
<BasicStmnt CovItemId="S350" CovItemPrefix="game.TestingSuite.java" Intrnl_Id="861">
<LocList>
<Loc EndOffset="17067" SrcFileId="3" StartOffset="17004"/>
</LocList>
</BasicStmnt>
<BasicStmnt CovItemId="S351" CovItemPrefix="game.TestingSuite.java" Intrnl_Id="862">
<LocList>
<Loc EndOffset="17139" SrcFileId="3" StartOffset="17076"/>
</LocList>
</BasicStmnt>
<BasicStmnt CovItemId="S352" CovItemPrefix="game.TestingSuite.java" Intrnl_Id="863">
<LocList>
<Loc EndOffset="17211" SrcFileId="3" StartOffset="17148"/>
</LocList>
</BasicStmnt>
<CondStmnt CovItemId="S347" CovItemPrefix="game.TestingSuite.java" Intrnl_Id="864">
<Branch CovItemId="B99" CovItemPrefix="game.TestingSuite.java" Implct="true" Intrnl_Id="865">
<Cond/>
<LocList/>
<StmntSeq Intrnl_Id="866">
<LocList/>
</StmntSeq>
</Branch>
<Branch CovItemId="B100" CovItemPrefix="game.TestingSuite.java" Implct="false" Intrnl_Id="867">
<Cond>
<Loc EndOffset="17240" SrcFileId="3" StartOffset="17221"/>
</Cond>
<LocList>
<Loc EndOffset="17305" SrcFileId="3" StartOffset="17241"/>
</LocList>
<StmntSeq Intrnl_Id="868">
<LocList>
<Loc EndOffset="17262" SrcFileId="3" StartOffset="17246"/>
<Loc EndOffset="17301" SrcFileId="3" StartOffset="17266"/>
</LocList>
<BasicStmnt CovItemId="S353" CovItemPrefix="game.TestingSuite.java" Intrnl_Id="869">
<LocList>
<Loc EndOffset="17262" SrcFileId="3" StartOffset="17246"/>
</LocList>
</BasicStmnt>
<BasicStmnt CovItemId="S354" CovItemPrefix="game.TestingSuite.java" Intrnl_Id="870">
<LocList>
<Loc EndOffset="17301" SrcFileId="3" StartOffset="17266"/>
</LocList>
</BasicStmnt>
</StmntSeq>
</Branch>
<Keyword EndOffset="16854" SrcFileId="3" StartOffset="16851"/>
<LocList>
<Loc EndOffset="17305" SrcFileId="3" StartOffset="16851"/>
</LocList>
</CondStmnt>
<CondStmnt CovItemId="S355" CovItemPrefix="game.TestingSuite.java" Intrnl_Id="871">
<Branch CovItemId="B101" CovItemPrefix="game.TestingSuite.java" Implct="false" Intrnl_Id="872">
<Cond/>
<LocList>
<Loc EndOffset="17528" SrcFileId="3" StartOffset="17418"/>
</LocList>
<StmntSeq Intrnl_Id="873">
<LocList>
<Loc EndOffset="17513" SrcFileId="3" StartOffset="17423"/>
<Loc EndOffset="17524" SrcFileId="3" StartOffset="17517"/>
</LocList>
<BasicStmnt CovItemId="S356" CovItemPrefix="game.TestingSuite.java" Intrnl_Id="874">
<LocList>
<Loc EndOffset="17513" SrcFileId="3" StartOffset="17423"/>
</LocList>
</BasicStmnt>
<BasicStmnt CovItemId="S357" CovItemPrefix="game.TestingSuite.java" Intrnl_Id="875">
<LocList>
<Loc EndOffset="17524" SrcFileId="3" StartOffset="17517"/>
</LocList>
</BasicStmnt>
</StmntSeq>
</Branch>
<Branch CovItemId="B102" CovItemPrefix="game.TestingSuite.java" Implct="true" Intrnl_Id="876">
<Cond/>
<LocList/>
<StmntSeq Intrnl_Id="877">
<LocList/>
</StmntSeq>
</Branch>
<Keyword EndOffset="17310" SrcFileId="3" StartOffset="17308"/>
<LocList>
<Loc EndOffset="17528" SrcFileId="3" StartOffset="17308"/>
</LocList>
<RootTerm CovItemId="C40" CovItemPrefix="game.TestingSuite.java" Intrnl_Id="878">
<OpTerm BooleanOpId="23" Intrnl_Id="879">
<OpTerm BooleanOpId="23" Intrnl_Id="880">
<BasicBoolTerm Intrnl_Id="881">
<LocList>
<Loc EndOffset="17319" SrcFileId="3" StartOffset="17312"/>
</LocList>
</BasicBoolTerm>
<BasicBoolTerm Intrnl_Id="882">
<LocList>
<Loc EndOffset="17376" SrcFileId="3" StartOffset="17323"/>
</LocList>
</BasicBoolTerm>
<LocList>
<Loc EndOffset="17322" SrcFileId="3" StartOffset="17320"/>
</LocList>
</OpTerm>
<BasicBoolTerm Intrnl_Id="883">
<LocList>
<Loc EndOffset="17416" SrcFileId="3" StartOffset="17380"/>
</LocList>
</BasicBoolTerm>
<LocList>
<Loc EndOffset="17379" SrcFileId="3" StartOffset="17377"/>
</LocList>
</OpTerm>
</RootTerm>
</CondStmnt>
<BasicStmnt CovItemId="S358" CovItemPrefix="game.TestingSuite.java" Intrnl_Id="884">
<LocList>
<Loc EndOffset="17613" SrcFileId="3" StartOffset="17531"/>
</LocList>
</BasicStmnt>
<BasicStmnt CovItemId="S359" CovItemPrefix="game.TestingSuite.java" Intrnl_Id="885">
<LocList>
<Loc EndOffset="17623" SrcFileId="3" StartOffset="17616"/>
</LocList>
</BasicStmnt>
</StmntSeq>
</HierarchyLvl>
<HierarchyLvl HierarchyLvlId="1019" HierarchyLvlTypeId="27" Intrnl_Id="886" Name="enPassantNegativeTest">
<Header>
<Loc EndOffset="17829" SrcFileId="3" StartOffset="17793"/>
</Header>
<LocList>
<Loc EndOffset="19071" SrcFileId="3" StartOffset="17793"/>
</LocList>
<StmntSeq Intrnl_Id="887">
<LocList>
<Loc EndOffset="17857" SrcFileId="3" StartOffset="17834"/>
<Loc EndOffset="17936" SrcFileId="3" StartOffset="17861"/>
<Loc EndOffset="17957" SrcFileId="3" StartOffset="17939"/>
<Loc EndOffset="17992" SrcFileId="3" StartOffset="17960"/>
<Loc EndOffset="18078" SrcFileId="3" StartOffset="17995"/>
<Loc EndOffset="18111" SrcFileId="3" StartOffset="18081"/>
<Loc EndOffset="18130" SrcFileId="3" StartOffset="18114"/>
<Loc EndOffset="18206" SrcFileId="3" StartOffset="18143"/>
<Loc EndOffset="18278" SrcFileId="3" StartOffset="18215"/>
<Loc EndOffset="18350" SrcFileId="3" StartOffset="18287"/>
<Loc EndOffset="18422" SrcFileId="3" StartOffset="18359"/>
<Loc EndOffset="18494" SrcFileId="3" StartOffset="18431"/>
<Loc EndOffset="18566" SrcFileId="3" StartOffset="18503"/>
<Loc EndOffset="18638" SrcFileId="3" StartOffset="18575"/>
<Loc EndOffset="18732" SrcFileId="3" StartOffset="18134"/>
<Loc EndOffset="18972" SrcFileId="3" StartOffset="18735"/>
<Loc EndOffset="19057" SrcFileId="3" StartOffset="18975"/>
<Loc EndOffset="19067" SrcFileId="3" StartOffset="19060"/>
</LocList>
<BasicStmnt CovItemId="S360" CovItemPrefix="game.TestingSuite.java" Intrnl_Id="888">
<LocList>
<Loc EndOffset="17857" SrcFileId="3" StartOffset="17834"/>
</LocList>
</BasicStmnt>
<BasicStmnt CovItemId="S361" CovItemPrefix="game.TestingSuite.java" Intrnl_Id="889">
<LocList>
<Loc EndOffset="17936" SrcFileId="3" StartOffset="17861"/>
</LocList>
</BasicStmnt>
<BasicStmnt CovItemId="S362" CovItemPrefix="game.TestingSuite.java" Intrnl_Id="890">
<LocList>
<Loc EndOffset="17957" SrcFileId="3" StartOffset="17939"/>
</LocList>
</BasicStmnt>
<BasicStmnt CovItemId="S363" CovItemPrefix="game.TestingSuite.java" Intrnl_Id="891">
<LocList>
<Loc EndOffset="17992" SrcFileId="3" StartOffset="17960"/>
</LocList>
</BasicStmnt>
<BasicStmnt CovItemId="S364" CovItemPrefix="game.TestingSuite.java" Intrnl_Id="892">
<LocList>
<Loc EndOffset="18078" SrcFileId="3" StartOffset="17995"/>
</LocList>
</BasicStmnt>
<BasicStmnt CovItemId="S365" CovItemPrefix="game.TestingSuite.java" Intrnl_Id="893">
<LocList>
<Loc EndOffset="18111" SrcFileId="3" StartOffset="18081"/>
</LocList>
</BasicStmnt>
<BasicStmnt CovItemId="S366" CovItemPrefix="game.TestingSuite.java" Intrnl_Id="894">
<LocList>
<Loc EndOffset="18130" SrcFileId="3" StartOffset="18114"/>
</LocList>
</BasicStmnt>
<BasicStmnt CovItemId="S368" CovItemPrefix="game.TestingSuite.java" Intrnl_Id="895">
<LocList>
<Loc EndOffset="18206" SrcFileId="3" StartOffset="18143"/>
</LocList>
</BasicStmnt>
<BasicStmnt CovItemId="S369" CovItemPrefix="game.TestingSuite.java" Intrnl_Id="896">
<LocList>
<Loc EndOffset="18278" SrcFileId="3" StartOffset="18215"/>
</LocList>
</BasicStmnt>
<BasicStmnt CovItemId="S370" CovItemPrefix="game.TestingSuite.java" Intrnl_Id="897">
<LocList>
<Loc EndOffset="18350" SrcFileId="3" StartOffset="18287"/>
</LocList>
</BasicStmnt>
<BasicStmnt CovItemId="S371" CovItemPrefix="game.TestingSuite.java" Intrnl_Id="898">
<LocList>
<Loc EndOffset="18422" SrcFileId="3" StartOffset="18359"/>
</LocList>
</BasicStmnt>
<BasicStmnt CovItemId="S372" CovItemPrefix="game.TestingSuite.java" Intrnl_Id="899">
<LocList>
<Loc EndOffset="18494" SrcFileId="3" StartOffset="18431"/>
</LocList>
</BasicStmnt>
<BasicStmnt CovItemId="S373" CovItemPrefix="game.TestingSuite.java" Intrnl_Id="900">
<LocList>
<Loc EndOffset="18566" SrcFileId="3" StartOffset="18503"/>
</LocList>
</BasicStmnt>
<BasicStmnt CovItemId="S374" CovItemPrefix="game.TestingSuite.java" Intrnl_Id="901">
<LocList>
<Loc EndOffset="18638" SrcFileId="3" StartOffset="18575"/>
</LocList>
</BasicStmnt>
<CondStmnt CovItemId="S367" CovItemPrefix="game.TestingSuite.java" Intrnl_Id="902">
<Branch CovItemId="B103" CovItemPrefix="game.TestingSuite.java" Implct="true" Intrnl_Id="903">
<Cond/>
<LocList/>
<StmntSeq Intrnl_Id="904">
<LocList/>
</StmntSeq>
</Branch>
<Branch CovItemId="B104" CovItemPrefix="game.TestingSuite.java" Implct="false" Intrnl_Id="905">
<Cond>
<Loc EndOffset="18667" SrcFileId="3" StartOffset="18648"/>
</Cond>
<LocList>
<Loc EndOffset="18732" SrcFileId="3" StartOffset="18668"/>
</LocList>
<StmntSeq Intrnl_Id="906">
<LocList>
<Loc EndOffset="18689" SrcFileId="3" StartOffset="18673"/>
<Loc EndOffset="18728" SrcFileId="3" StartOffset="18693"/>
</LocList>
<BasicStmnt CovItemId="S375" CovItemPrefix="game.TestingSuite.java" Intrnl_Id="907">
<LocList>
<Loc EndOffset="18689" SrcFileId="3" StartOffset="18673"/>
</LocList>
</BasicStmnt>
<BasicStmnt CovItemId="S376" CovItemPrefix="game.TestingSuite.java" Intrnl_Id="908">
<LocList>
<Loc EndOffset="18728" SrcFileId="3" StartOffset="18693"/>
</LocList>
</BasicStmnt>
</StmntSeq>
</Branch>
<Keyword EndOffset="18137" SrcFileId="3" StartOffset="18134"/>
<LocList>
<Loc EndOffset="18732" SrcFileId="3" StartOffset="18134"/>
</LocList>
</CondStmnt>
<CondStmnt CovItemId="S377" CovItemPrefix="game.TestingSuite.java" Intrnl_Id="909">
<Branch CovItemId="B105" CovItemPrefix="game.TestingSuite.java" Implct="false" Intrnl_Id="910">
<Cond/>
<LocList>
<Loc EndOffset="18972" SrcFileId="3" StartOffset="18862"/>
</LocList>
<StmntSeq Intrnl_Id="911">
<LocList>
<Loc EndOffset="18957" SrcFileId="3" StartOffset="18867"/>
<Loc EndOffset="18968" SrcFileId="3" StartOffset="18961"/>
</LocList>
<BasicStmnt CovItemId="S378" CovItemPrefix="game.TestingSuite.java" Intrnl_Id="912">
<LocList>
<Loc EndOffset="18957" SrcFileId="3" StartOffset="18867"/>
</LocList>
</BasicStmnt>
<BasicStmnt CovItemId="S379" CovItemPrefix="game.TestingSuite.java" Intrnl_Id="913">
<LocList>
<Loc EndOffset="18968" SrcFileId="3" StartOffset="18961"/>
</LocList>
</BasicStmnt>
</StmntSeq>
</Branch>
<Branch CovItemId="B106" CovItemPrefix="game.TestingSuite.java" Implct="true" Intrnl_Id="914">
<Cond/>
<LocList/>
<StmntSeq Intrnl_Id="915">
<LocList/>
</StmntSeq>
</Branch>
<Keyword EndOffset="18737" SrcFileId="3" StartOffset="18735"/>
<LocList>
<Loc EndOffset="18972" SrcFileId="3" StartOffset="18735"/>
</LocList>
<RootTerm CovItemId="C41" CovItemPrefix="game.TestingSuite.java" Intrnl_Id="916">
<OpTerm BooleanOpId="23" Intrnl_Id="917">
<OpTerm BooleanOpId="23" Intrnl_Id="918">
<BasicBoolTerm Intrnl_Id="919">
<LocList>
<Loc EndOffset="18746" SrcFileId="3" StartOffset="18739"/>
</LocList>
</BasicBoolTerm>
<BasicBoolTerm Intrnl_Id="920">
<LocList>
<Loc EndOffset="18803" SrcFileId="3" StartOffset="18750"/>
</LocList>
</BasicBoolTerm>
<LocList>
<Loc EndOffset="18749" SrcFileId="3" StartOffset="18747"/>
</LocList>
</OpTerm>
<BasicBoolTerm Intrnl_Id="921">
<LocList>
<Loc EndOffset="18860" SrcFileId="3" StartOffset="18807"/>
</LocList>
</BasicBoolTerm>
<LocList>
<Loc EndOffset="18806" SrcFileId="3" StartOffset="18804"/>
</LocList>
</OpTerm>
</RootTerm>
</CondStmnt>
<BasicStmnt CovItemId="S380" CovItemPrefix="game.TestingSuite.java" Intrnl_Id="922">
<LocList>
<Loc EndOffset="19057" SrcFileId="3" StartOffset="18975"/>
</LocList>
</BasicStmnt>
<BasicStmnt CovItemId="S381" CovItemPrefix="game.TestingSuite.java" Intrnl_Id="923">
<LocList>
<Loc EndOffset="19067" SrcFileId="3" StartOffset="19060"/>
</LocList>
</BasicStmnt>
</StmntSeq>
</HierarchyLvl>
<HierarchyLvl HierarchyLvlId="1020" HierarchyLvlTypeId="27" Intrnl_Id="924" Name="pawnPromotion">
<Header>
<Loc EndOffset="19209" SrcFileId="3" StartOffset="19181"/>
</Header>
<LocList>
<Loc EndOffset="22013" SrcFileId="3" StartOffset="19181"/>
</LocList>
<StmntSeq Intrnl_Id="925">
<LocList>
<Loc EndOffset="19237" SrcFileId="3" StartOffset="19214"/>
<Loc EndOffset="19311" SrcFileId="3" StartOffset="19241"/>
<Loc EndOffset="19332" SrcFileId="3" StartOffset="19314"/>
<Loc EndOffset="19367" SrcFileId="3" StartOffset="19335"/>
<Loc EndOffset="19400" SrcFileId="3" StartOffset="19370"/>
<Loc EndOffset="19429" SrcFileId="3" StartOffset="19403"/>
<Loc EndOffset="19458" SrcFileId="3" StartOffset="19432"/>
<Loc EndOffset="19500" SrcFileId="3" StartOffset="19462"/>
<Loc EndOffset="19541" SrcFileId="3" StartOffset="19503"/>
<Loc EndOffset="19585" SrcFileId="3" StartOffset="19547"/>
<Loc EndOffset="19626" SrcFileId="3" StartOffset="19588"/>
<Loc EndOffset="19667" SrcFileId="3" StartOffset="19629"/>
<Loc EndOffset="19711" SrcFileId="3" StartOffset="19673"/>
<Loc EndOffset="19752" SrcFileId="3" StartOffset="19714"/>
<Loc EndOffset="19793" SrcFileId="3" StartOffset="19755"/>
<Loc EndOffset="19816" SrcFileId="3" StartOffset="19797"/>
<Loc EndOffset="19849" SrcFileId="3" StartOffset="19819"/>
<Loc EndOffset="19868" SrcFileId="3" StartOffset="19852"/>
<Loc EndOffset="19941" SrcFileId="3" StartOffset="19919"/>
<Loc EndOffset="20067" SrcFileId="3" StartOffset="20011"/>
<Loc EndOffset="20135" SrcFileId="3" StartOffset="20072"/>
<Loc EndOffset="20145" SrcFileId="3" StartOffset="19945"/>
<Loc EndOffset="20180" SrcFileId="3" StartOffset="20160"/>
<Loc EndOffset="20377" SrcFileId="3" StartOffset="20189"/>
<Loc EndOffset="20440" SrcFileId="3" StartOffset="20425"/>
<Loc EndOffset="20510" SrcFileId="3" StartOffset="20454"/>
<Loc EndOffset="20578" SrcFileId="3" StartOffset="20515"/>
<Loc EndOffset="20588" SrcFileId="3" StartOffset="20444"/>
<Loc EndOffset="20623" SrcFileId="3" StartOffset="20603"/>
<Loc EndOffset="20824" SrcFileId="3" StartOffset="20632"/>
<Loc EndOffset="20886" SrcFileId="3" StartOffset="20871"/>
<Loc EndOffset="20956" SrcFileId="3" StartOffset="20900"/>
<Loc EndOffset="21024" SrcFileId="3" StartOffset="20961"/>
<Loc EndOffset="21034" SrcFileId="3" StartOffset="20890"/>
<Loc EndOffset="21069" SrcFileId="3" StartOffset="21049"/>
<Loc EndOffset="21268" SrcFileId="3" StartOffset="21078"/>
<Loc EndOffset="21331" SrcFileId="3" StartOffset="21316"/>
<Loc EndOffset="21401" SrcFileId="3" StartOffset="21345"/>
<Loc EndOffset="21469" SrcFileId="3" StartOffset="21406"/>
<Loc EndOffset="21479" SrcFileId="3" StartOffset="21335"/>
<Loc EndOffset="21514" SrcFileId="3" StartOffset="21494"/>
<Loc EndOffset="21715" SrcFileId="3" StartOffset="21523"/>
<Loc EndOffset="21808" SrcFileId="3" StartOffset="19872"/>
<Loc EndOffset="21924" SrcFileId="3" StartOffset="21811"/>
<Loc EndOffset="21999" SrcFileId="3" StartOffset="21927"/>
<Loc EndOffset="22009" SrcFileId="3" StartOffset="22002"/>
</LocList>
<BasicStmnt CovItemId="S382" CovItemPrefix="game.TestingSuite.java" Intrnl_Id="926">
<LocList>
<Loc EndOffset="19237" SrcFileId="3" StartOffset="19214"/>
</LocList>
</BasicStmnt>
<BasicStmnt CovItemId="S383" CovItemPrefix="game.TestingSuite.java" Intrnl_Id="927">
<LocList>
<Loc EndOffset="19311" SrcFileId="3" StartOffset="19241"/>
</LocList>
</BasicStmnt>
<BasicStmnt CovItemId="S384" CovItemPrefix="game.TestingSuite.java" Intrnl_Id="928">
<LocList>
<Loc EndOffset="19332" SrcFileId="3" StartOffset="19314"/>
</LocList>
</BasicStmnt>
<BasicStmnt CovItemId="S385" CovItemPrefix="game.TestingSuite.java" Intrnl_Id="929">
<LocList>
<Loc EndOffset="19367" SrcFileId="3" StartOffset="19335"/>
</LocList>
</BasicStmnt>
<BasicStmnt CovItemId="S386" CovItemPrefix="game.TestingSuite.java" Intrnl_Id="930">
<LocList>
<Loc EndOffset="19400" SrcFileId="3" StartOffset="19370"/>
</LocList>
</BasicStmnt>
<BasicStmnt CovItemId="S387" CovItemPrefix="game.TestingSuite.java" Intrnl_Id="931">
<LocList>
<Loc EndOffset="19429" SrcFileId="3" StartOffset="19403"/>
</LocList>
</BasicStmnt>
<BasicStmnt CovItemId="S388" CovItemPrefix="game.TestingSuite.java" Intrnl_Id="932">
<LocList>
<Loc EndOffset="19458" SrcFileId="3" StartOffset="19432"/>
</LocList>
</BasicStmnt>
<BasicStmnt CovItemId="S389" CovItemPrefix="game.TestingSuite.java" Intrnl_Id="933">
<LocList>
<Loc EndOffset="19500" SrcFileId="3" StartOffset="19462"/>
</LocList>
</BasicStmnt>
<BasicStmnt CovItemId="S390" CovItemPrefix="game.TestingSuite.java" Intrnl_Id="934">
<LocList>
<Loc EndOffset="19541" SrcFileId="3" StartOffset="19503"/>
</LocList>
</BasicStmnt>
<BasicStmnt CovItemId="S391" CovItemPrefix="game.TestingSuite.java" Intrnl_Id="935">
<LocList>
<Loc EndOffset="19585" SrcFileId="3" StartOffset="19547"/>
</LocList>
</BasicStmnt>
<BasicStmnt CovItemId="S392" CovItemPrefix="game.TestingSuite.java" Intrnl_Id="936">
<LocList>
<Loc EndOffset="19626" SrcFileId="3" StartOffset="19588"/>
</LocList>
</BasicStmnt>
<BasicStmnt CovItemId="S393" CovItemPrefix="game.TestingSuite.java" Intrnl_Id="937">
<LocList>
<Loc EndOffset="19667" SrcFileId="3" StartOffset="19629"/>
</LocList>
</BasicStmnt>
<BasicStmnt CovItemId="S394" CovItemPrefix="game.TestingSuite.java" Intrnl_Id="938">
<LocList>
<Loc EndOffset="19711" SrcFileId="3" StartOffset="19673"/>
</LocList>
</BasicStmnt>
<BasicStmnt CovItemId="S395" CovItemPrefix="game.TestingSuite.java" Intrnl_Id="939">
<LocList>
<Loc EndOffset="19752" SrcFileId="3" StartOffset="19714"/>
</LocList>
</BasicStmnt>
<BasicStmnt CovItemId="S396" CovItemPrefix="game.TestingSuite.java" Intrnl_Id="940">
<LocList>
<Loc EndOffset="19793" SrcFileId="3" StartOffset="19755"/>
</LocList>
</BasicStmnt>
<BasicStmnt CovItemId="S397" CovItemPrefix="game.TestingSuite.java" Intrnl_Id="941">
<LocList>
<Loc EndOffset="19816" SrcFileId="3" StartOffset="19797"/>
</LocList>
</BasicStmnt>
<BasicStmnt CovItemId="S398" CovItemPrefix="game.TestingSuite.java" Intrnl_Id="942">
<LocList>
<Loc EndOffset="19849" SrcFileId="3" StartOffset="19819"/>
</LocList>
</BasicStmnt>
<BasicStmnt CovItemId="S399" CovItemPrefix="game.TestingSuite.java" Intrnl_Id="943">
<LocList>
<Loc EndOffset="19868" SrcFileId="3" StartOffset="19852"/>
</LocList>
</BasicStmnt>
<BasicStmnt CovItemId="S401" CovItemPrefix="game.TestingSuite.java" Intrnl_Id="944">
<LocList>
<Loc EndOffset="19941" SrcFileId="3" StartOffset="19919"/>
</LocList>
</BasicStmnt>
<BasicStmnt CovItemId="S403" CovItemPrefix="game.TestingSuite.java" Intrnl_Id="945">
<LocList>
<Loc EndOffset="20067" SrcFileId="3" StartOffset="20011"/>
</LocList>
</BasicStmnt>
<BasicStmnt CovItemId="S404" CovItemPrefix="game.TestingSuite.java" Intrnl_Id="946">
<LocList>
<Loc EndOffset="20135" SrcFileId="3" StartOffset="20072"/>
</LocList>
</BasicStmnt>
<CondStmnt CovItemId="S402" CovItemPrefix="game.TestingSuite.java" Intrnl_Id="947">
<Branch CovItemId="B108" CovItemPrefix="game.TestingSuite.java" Implct="true" Intrnl_Id="948">
<Cond/>
<LocList/>
<StmntSeq Intrnl_Id="949">
<LocList/>
</StmntSeq>
</Branch>
<Keyword EndOffset="19948" SrcFileId="3" StartOffset="19945"/>
<LocList>
<Loc EndOffset="20145" SrcFileId="3" StartOffset="19945"/>
</LocList>
</CondStmnt>
<BasicStmnt CovItemId="S405" CovItemPrefix="game.TestingSuite.java" Intrnl_Id="950">
<LocList>
<Loc EndOffset="20180" SrcFileId="3" StartOffset="20160"/>
</LocList>
</BasicStmnt>
<CondStmnt CovItemId="S406" CovItemPrefix="game.TestingSuite.java" Intrnl_Id="951">
<Branch CovItemId="B109" CovItemPrefix="game.TestingSuite.java" Implct="false" Intrnl_Id="952">
<Cond/>
<LocList>
<Loc EndOffset="20377" SrcFileId="3" StartOffset="20248"/>
</LocList>
<StmntSeq Intrnl_Id="953">
<LocList>
<Loc EndOffset="20351" SrcFileId="3" StartOffset="20254"/>
<Loc EndOffset="20372" SrcFileId="3" StartOffset="20356"/>
</LocList>
<BasicStmnt CovItemId="S407" CovItemPrefix="game.TestingSuite.java" Intrnl_Id="954">
<LocList>
<Loc EndOffset="20351" SrcFileId="3" StartOffset="20254"/>
</LocList>
</BasicStmnt>
<BasicStmnt CovItemId="S408" CovItemPrefix="game.TestingSuite.java" Intrnl_Id="955">
<LocList>
<Loc EndOffset="20372" SrcFileId="3" StartOffset="20356"/>
</LocList>
</BasicStmnt>
</StmntSeq>
</Branch>
<Branch CovItemId="B110" CovItemPrefix="game.TestingSuite.java" Implct="true" Intrnl_Id="956">
<Cond/>
<LocList/>
<StmntSeq Intrnl_Id="957">
<LocList/>
</StmntSeq>
</Branch>
<Keyword EndOffset="20191" SrcFileId="3" StartOffset="20189"/>
<LocList>
<Loc EndOffset="20377" SrcFileId="3" StartOffset="20189"/>
</LocList>
<RootTerm CovItemId="C42" CovItemPrefix="game.TestingSuite.java" Intrnl_Id="958">
<BasicBoolTerm Intrnl_Id="959">
<LocList>
<Loc EndOffset="20246" SrcFileId="3" StartOffset="20193"/>
</LocList>
</BasicBoolTerm>
</RootTerm>
</CondStmnt>
<BasicStmnt CovItemId="S409" CovItemPrefix="game.TestingSuite.java" Intrnl_Id="960">
<LocList>
<Loc EndOffset="20440" SrcFileId="3" StartOffset="20425"/>
</LocList>
</BasicStmnt>
<BasicStmnt CovItemId="S411" CovItemPrefix="game.TestingSuite.java" Intrnl_Id="961">
<LocList>
<Loc EndOffset="20510" SrcFileId="3" StartOffset="20454"/>
</LocList>
</BasicStmnt>
<BasicStmnt CovItemId="S412" CovItemPrefix="game.TestingSuite.java" Intrnl_Id="962">
<LocList>
<Loc EndOffset="20578" SrcFileId="3" StartOffset="20515"/>
</LocList>
</BasicStmnt>
<CondStmnt CovItemId="S410" CovItemPrefix="game.TestingSuite.java" Intrnl_Id="963">
<Branch CovItemId="B111" CovItemPrefix="game.TestingSuite.java" Implct="true" Intrnl_Id="964">
<Cond/>
<LocList/>
<StmntSeq Intrnl_Id="965">
<LocList/>
</StmntSeq>
</Branch>
<Keyword EndOffset="20447" SrcFileId="3" StartOffset="20444"/>
<LocList>
<Loc EndOffset="20588" SrcFileId="3" StartOffset="20444"/>
</LocList>
</CondStmnt>
<BasicStmnt CovItemId="S413" CovItemPrefix="game.TestingSuite.java" Intrnl_Id="966">
<LocList>
<Loc EndOffset="20623" SrcFileId="3" StartOffset="20603"/>
</LocList>
</BasicStmnt>
<CondStmnt CovItemId="S414" CovItemPrefix="game.TestingSuite.java" Intrnl_Id="967">
<Branch CovItemId="B112" CovItemPrefix="game.TestingSuite.java" Implct="false" Intrnl_Id="968">
<Cond/>
<LocList>
<Loc EndOffset="20824" SrcFileId="3" StartOffset="20693"/>
</LocList>
<StmntSeq Intrnl_Id="969">
<LocList>
<Loc EndOffset="20798" SrcFileId="3" StartOffset="20699"/>
<Loc EndOffset="20819" SrcFileId="3" StartOffset="20803"/>
</LocList>
<BasicStmnt CovItemId="S415" CovItemPrefix="game.TestingSuite.java" Intrnl_Id="970">
<LocList>
<Loc EndOffset="20798" SrcFileId="3" StartOffset="20699"/>
</LocList>
</BasicStmnt>
<BasicStmnt CovItemId="S416" CovItemPrefix="game.TestingSuite.java" Intrnl_Id="971">
<LocList>
<Loc EndOffset="20819" SrcFileId="3" StartOffset="20803"/>
</LocList>
</BasicStmnt>
</StmntSeq>
</Branch>
<Branch CovItemId="B113" CovItemPrefix="game.TestingSuite.java" Implct="true" Intrnl_Id="972">
<Cond/>
<LocList/>
<StmntSeq Intrnl_Id="973">
<LocList/>
</StmntSeq>
</Branch>
<Keyword EndOffset="20634" SrcFileId="3" StartOffset="20632"/>
<LocList>
<Loc EndOffset="20824" SrcFileId="3" StartOffset="20632"/>
</LocList>
<RootTerm CovItemId="C43" CovItemPrefix="game.TestingSuite.java" Intrnl_Id="974">
<BasicBoolTerm Intrnl_Id="975">
<LocList>
<Loc EndOffset="20691" SrcFileId="3" StartOffset="20636"/>
</LocList>
</BasicBoolTerm>
</RootTerm>
</CondStmnt>
<BasicStmnt CovItemId="S417" CovItemPrefix="game.TestingSuite.java" Intrnl_Id="976">
<LocList>
<Loc EndOffset="20886" SrcFileId="3" StartOffset="20871"/>
</LocList>
</BasicStmnt>
<BasicStmnt CovItemId="S419" CovItemPrefix="game.TestingSuite.java" Intrnl_Id="977">
<LocList>
<Loc EndOffset="20956" SrcFileId="3" StartOffset="20900"/>
</LocList>
</BasicStmnt>
<BasicStmnt CovItemId="S420" CovItemPrefix="game.TestingSuite.java" Intrnl_Id="978">
<LocList>
<Loc EndOffset="21024" SrcFileId="3" StartOffset="20961"/>
</LocList>
</BasicStmnt>
<CondStmnt CovItemId="S418" CovItemPrefix="game.TestingSuite.java" Intrnl_Id="979">
<Branch CovItemId="B114" CovItemPrefix="game.TestingSuite.java" Implct="true" Intrnl_Id="980">
<Cond/>
<LocList/>
<StmntSeq Intrnl_Id="981">
<LocList/>
</StmntSeq>
</Branch>
<Keyword EndOffset="20893" SrcFileId="3" StartOffset="20890"/>
<LocList>
<Loc EndOffset="21034" SrcFileId="3" StartOffset="20890"/>
</LocList>
</CondStmnt>
<BasicStmnt CovItemId="S421" CovItemPrefix="game.TestingSuite.java" Intrnl_Id="982">
<LocList>
<Loc EndOffset="21069" SrcFileId="3" StartOffset="21049"/>
</LocList>
</BasicStmnt>
<CondStmnt CovItemId="S422" CovItemPrefix="game.TestingSuite.java" Intrnl_Id="983">
<Branch CovItemId="B115" CovItemPrefix="game.TestingSuite.java" Implct="false" Intrnl_Id="984">
<Cond/>
<LocList>
<Loc EndOffset="21268" SrcFileId="3" StartOffset="21138"/>
</LocList>
<StmntSeq Intrnl_Id="985">
<LocList>
<Loc EndOffset="21242" SrcFileId="3" StartOffset="21144"/>
<Loc EndOffset="21263" SrcFileId="3" StartOffset="21247"/>
</LocList>
<BasicStmnt CovItemId="S423" CovItemPrefix="game.TestingSuite.java" Intrnl_Id="986">
<LocList>
<Loc EndOffset="21242" SrcFileId="3" StartOffset="21144"/>
</LocList>
</BasicStmnt>
<BasicStmnt CovItemId="S424" CovItemPrefix="game.TestingSuite.java" Intrnl_Id="987">
<LocList>
<Loc EndOffset="21263" SrcFileId="3" StartOffset="21247"/>
</LocList>
</BasicStmnt>
</StmntSeq>
</Branch>
<Branch CovItemId="B116" CovItemPrefix="game.TestingSuite.java" Implct="true" Intrnl_Id="988">
<Cond/>
<LocList/>
<StmntSeq Intrnl_Id="989">
<LocList/>
</StmntSeq>
</Branch>
<Keyword EndOffset="21080" SrcFileId="3" StartOffset="21078"/>
<LocList>
<Loc EndOffset="21268" SrcFileId="3" StartOffset="21078"/>
</LocList>
<RootTerm CovItemId="C44" CovItemPrefix="game.TestingSuite.java" Intrnl_Id="990">
<BasicBoolTerm Intrnl_Id="991">
<LocList>
<Loc EndOffset="21136" SrcFileId="3" StartOffset="21082"/>
</LocList>
</BasicBoolTerm>
</RootTerm>
</CondStmnt>
<BasicStmnt CovItemId="S425" CovItemPrefix="game.TestingSuite.java" Intrnl_Id="992">
<LocList>
<Loc EndOffset="21331" SrcFileId="3" StartOffset="21316"/>
</LocList>
</BasicStmnt>
<BasicStmnt CovItemId="S427" CovItemPrefix="game.TestingSuite.java" Intrnl_Id="993">
<LocList>
<Loc EndOffset="21401" SrcFileId="3" StartOffset="21345"/>
</LocList>
</BasicStmnt>
<BasicStmnt CovItemId="S428" CovItemPrefix="game.TestingSuite.java" Intrnl_Id="994">
<LocList>
<Loc EndOffset="21469" SrcFileId="3" StartOffset="21406"/>
</LocList>
</BasicStmnt>
<CondStmnt CovItemId="S426" CovItemPrefix="game.TestingSuite.java" Intrnl_Id="995">
<Branch CovItemId="B117" CovItemPrefix="game.TestingSuite.java" Implct="true" Intrnl_Id="996">
<Cond/>
<LocList/>
<StmntSeq Intrnl_Id="997">
<LocList/>
</StmntSeq>
</Branch>
<Keyword EndOffset="21338" SrcFileId="3" StartOffset="21335"/>
<LocList>
<Loc EndOffset="21479" SrcFileId="3" StartOffset="21335"/>
</LocList>
</CondStmnt>
<BasicStmnt CovItemId="S429" CovItemPrefix="game.TestingSuite.java" Intrnl_Id="998">
<LocList>
<Loc EndOffset="21514" SrcFileId="3" StartOffset="21494"/>
</LocList>
</BasicStmnt>
<CondStmnt CovItemId="S430" CovItemPrefix="game.TestingSuite.java" Intrnl_Id="999">
<Branch CovItemId="B118" CovItemPrefix="game.TestingSuite.java" Implct="false" Intrnl_Id="1000">
<Cond/>
<LocList>
<Loc EndOffset="21715" SrcFileId="3" StartOffset="21584"/>
</LocList>
<StmntSeq Intrnl_Id="1001">
<LocList>
<Loc EndOffset="21689" SrcFileId="3" StartOffset="21590"/>
<Loc EndOffset="21710" SrcFileId="3" StartOffset="21694"/>
</LocList>
<BasicStmnt CovItemId="S431" CovItemPrefix="game.TestingSuite.java" Intrnl_Id="1002">
<LocList>
<Loc EndOffset="21689" SrcFileId="3" StartOffset="21590"/>
</LocList>
</BasicStmnt>
<BasicStmnt CovItemId="S432" CovItemPrefix="game.TestingSuite.java" Intrnl_Id="1003">
<LocList>
<Loc EndOffset="21710" SrcFileId="3" StartOffset="21694"/>
</LocList>
</BasicStmnt>
</StmntSeq>
</Branch>
<Branch CovItemId="B119" CovItemPrefix="game.TestingSuite.java" Implct="true" Intrnl_Id="1004">
<Cond/>
<LocList/>
<StmntSeq Intrnl_Id="1005">
<LocList/>
</StmntSeq>
</Branch>
<Keyword EndOffset="21525" SrcFileId="3" StartOffset="21523"/>
<LocList>
<Loc EndOffset="21715" SrcFileId="3" StartOffset="21523"/>
</LocList>
<RootTerm CovItemId="C45" CovItemPrefix="game.TestingSuite.java" Intrnl_Id="1006">
<BasicBoolTerm Intrnl_Id="1007">
<LocList>
<Loc EndOffset="21582" SrcFileId="3" StartOffset="21527"/>
</LocList>
</BasicBoolTerm>
</RootTerm>
</CondStmnt>
<CondStmnt CovItemId="S400" CovItemPrefix="game.TestingSuite.java" Intrnl_Id="1008">
<Branch CovItemId="B107" CovItemPrefix="game.TestingSuite.java" Implct="true" Intrnl_Id="1009">
<Cond/>
<LocList/>
<StmntSeq Intrnl_Id="1010">
<LocList/>
</StmntSeq>
</Branch>
<Branch CovItemId="B120" CovItemPrefix="game.TestingSuite.java" Implct="false" Intrnl_Id="1011">
<Cond>
<Loc EndOffset="21743" SrcFileId="3" StartOffset="21724"/>
</Cond>
<LocList>
<Loc EndOffset="21808" SrcFileId="3" StartOffset="21744"/>
</LocList>
<StmntSeq Intrnl_Id="1012">
<LocList>
<Loc EndOffset="21765" SrcFileId="3" StartOffset="21749"/>
<Loc EndOffset="21804" SrcFileId="3" StartOffset="21769"/>
</LocList>
<BasicStmnt CovItemId="S433" CovItemPrefix="game.TestingSuite.java" Intrnl_Id="1013">
<LocList>
<Loc EndOffset="21765" SrcFileId="3" StartOffset="21749"/>
</LocList>
</BasicStmnt>
<BasicStmnt CovItemId="S434" CovItemPrefix="game.TestingSuite.java" Intrnl_Id="1014">
<LocList>
<Loc EndOffset="21804" SrcFileId="3" StartOffset="21769"/>
</LocList>
</BasicStmnt>
</StmntSeq>
</Branch>
<Keyword EndOffset="19875" SrcFileId="3" StartOffset="19872"/>
<LocList>
<Loc EndOffset="21808" SrcFileId="3" StartOffset="19872"/>
</LocList>
</CondStmnt>
<CondStmnt CovItemId="S435" CovItemPrefix="game.TestingSuite.java" Intrnl_Id="1015">
<Branch CovItemId="B121" CovItemPrefix="game.TestingSuite.java" Implct="false" Intrnl_Id="1016">
<Cond/>
<LocList>
<Loc EndOffset="21924" SrcFileId="3" StartOffset="21824"/>
</LocList>
<StmntSeq Intrnl_Id="1017">
<LocList>
<Loc EndOffset="21909" SrcFileId="3" StartOffset="21829"/>
<Loc EndOffset="21920" SrcFileId="3" StartOffset="21913"/>
</LocList>
<BasicStmnt CovItemId="S436" CovItemPrefix="game.TestingSuite.java" Intrnl_Id="1018">
<LocList>
<Loc EndOffset="21909" SrcFileId="3" StartOffset="21829"/>
</LocList>
</BasicStmnt>
<BasicStmnt CovItemId="S437" CovItemPrefix="game.TestingSuite.java" Intrnl_Id="1019">
<LocList>
<Loc EndOffset="21920" SrcFileId="3" StartOffset="21913"/>
</LocList>
</BasicStmnt>
</StmntSeq>
</Branch>
<Branch CovItemId="B122" CovItemPrefix="game.TestingSuite.java" Implct="true" Intrnl_Id="1020">
<Cond/>
<LocList/>
<StmntSeq Intrnl_Id="1021">
<LocList/>
</StmntSeq>
</Branch>
<Keyword EndOffset="21813" SrcFileId="3" StartOffset="21811"/>
<LocList>
<Loc EndOffset="21924" SrcFileId="3" StartOffset="21811"/>
</LocList>
<RootTerm CovItemId="C46" CovItemPrefix="game.TestingSuite.java" Intrnl_Id="1022">
<BasicBoolTerm Intrnl_Id="1023">
<LocList>
<Loc EndOffset="21822" SrcFileId="3" StartOffset="21815"/>
</LocList>
</BasicBoolTerm>
</RootTerm>
</CondStmnt>
<BasicStmnt CovItemId="S438" CovItemPrefix="game.TestingSuite.java" Intrnl_Id="1024">
<LocList>
<Loc EndOffset="21999" SrcFileId="3" StartOffset="21927"/>
</LocList>
</BasicStmnt>
<BasicStmnt CovItemId="S439" CovItemPrefix="game.TestingSuite.java" Intrnl_Id="1025">
<LocList>
<Loc EndOffset="22009" SrcFileId="3" StartOffset="22002"/>
</LocList>
</BasicStmnt>
</StmntSeq>
</HierarchyLvl>
<HierarchyLvl HierarchyLvlId="1021" HierarchyLvlTypeId="27" Intrnl_Id="1026" Name="pawnMovementTest">
<Header>
<Loc EndOffset="22128" SrcFileId="3" StartOffset="22097"/>
</Header>
<LocList>
<Loc EndOffset="25749" SrcFileId="3" StartOffset="22097"/>
</LocList>
<StmntSeq Intrnl_Id="1027">
<LocList>
<Loc EndOffset="22156" SrcFileId="3" StartOffset="22133"/>
<Loc EndOffset="22220" SrcFileId="3" StartOffset="22160"/>
<Loc EndOffset="22241" SrcFileId="3" StartOffset="22223"/>
<Loc EndOffset="22276" SrcFileId="3" StartOffset="22244"/>
<Loc EndOffset="22362" SrcFileId="3" StartOffset="22279"/>
<Loc EndOffset="22395" SrcFileId="3" StartOffset="22365"/>
<Loc EndOffset="22414" SrcFileId="3" StartOffset="22398"/>
<Loc EndOffset="22517" SrcFileId="3" StartOffset="22454"/>
<Loc EndOffset="22746" SrcFileId="3" StartOffset="22530"/>
<Loc EndOffset="22857" SrcFileId="3" StartOffset="22794"/>
<Loc EndOffset="22947" SrcFileId="3" StartOffset="22884"/>
<Loc EndOffset="23166" SrcFileId="3" StartOffset="22960"/>
<Loc EndOffset="23290" SrcFileId="3" StartOffset="23227"/>
<Loc EndOffset="23602" SrcFileId="3" StartOffset="23303"/>
<Loc EndOffset="23673" SrcFileId="3" StartOffset="23610"/>
<Loc EndOffset="23768" SrcFileId="3" StartOffset="23705"/>
<Loc EndOffset="23996" SrcFileId="3" StartOffset="23781"/>
<Loc EndOffset="24067" SrcFileId="3" StartOffset="24004"/>
<Loc EndOffset="24162" SrcFileId="3" StartOffset="24099"/>
<Loc EndOffset="24376" SrcFileId="3" StartOffset="24175"/>
<Loc EndOffset="24471" SrcFileId="3" StartOffset="24408"/>
<Loc EndOffset="24663" SrcFileId="3" StartOffset="24484"/>
<Loc EndOffset="24765" SrcFileId="3" StartOffset="24702"/>
<Loc EndOffset="24955" SrcFileId="3" StartOffset="24778"/>
<Loc EndOffset="25026" SrcFileId="3" StartOffset="24963"/>
<Loc EndOffset="25098" SrcFileId="3" StartOffset="25035"/>
<Loc EndOffset="25208" SrcFileId="3" StartOffset="25145"/>
<Loc EndOffset="25458" SrcFileId="3" StartOffset="25221"/>
<Loc EndOffset="25555" SrcFileId="3" StartOffset="22418"/>
<Loc EndOffset="25666" SrcFileId="3" StartOffset="25558"/>
<Loc EndOffset="25736" SrcFileId="3" StartOffset="25669"/>
<Loc EndOffset="25746" SrcFileId="3" StartOffset="25739"/>
</LocList>
<BasicStmnt CovItemId="S440" CovItemPrefix="game.TestingSuite.java" Intrnl_Id="1028">
<LocList>
<Loc EndOffset="22156" SrcFileId="3" StartOffset="22133"/>
</LocList>
</BasicStmnt>
<BasicStmnt CovItemId="S441" CovItemPrefix="game.TestingSuite.java" Intrnl_Id="1029">
<LocList>
<Loc EndOffset="22220" SrcFileId="3" StartOffset="22160"/>
</LocList>
</BasicStmnt>
<BasicStmnt CovItemId="S442" CovItemPrefix="game.TestingSuite.java" Intrnl_Id="1030">
<LocList>
<Loc EndOffset="22241" SrcFileId="3" StartOffset="22223"/>
</LocList>
</BasicStmnt>
<BasicStmnt CovItemId="S443" CovItemPrefix="game.TestingSuite.java" Intrnl_Id="1031">
<LocList>
<Loc EndOffset="22276" SrcFileId="3" StartOffset="22244"/>
</LocList>
</BasicStmnt>
<BasicStmnt CovItemId="S444" CovItemPrefix="game.TestingSuite.java" Intrnl_Id="1032">
<LocList>
<Loc EndOffset="22362" SrcFileId="3" StartOffset="22279"/>
</LocList>
</BasicStmnt>
<BasicStmnt CovItemId="S445" CovItemPrefix="game.TestingSuite.java" Intrnl_Id="1033">
<LocList>
<Loc EndOffset="22395" SrcFileId="3" StartOffset="22365"/>
</LocList>
</BasicStmnt>
<BasicStmnt CovItemId="S446" CovItemPrefix="game.TestingSuite.java" Intrnl_Id="1034">
<LocList>
<Loc EndOffset="22414" SrcFileId="3" StartOffset="22398"/>
</LocList>
</BasicStmnt>
<BasicStmnt CovItemId="S448" CovItemPrefix="game.TestingSuite.java" Intrnl_Id="1035">
<LocList>
<Loc EndOffset="22517" SrcFileId="3" StartOffset="22454"/>
</LocList>
</BasicStmnt>
<CondStmnt CovItemId="S449" CovItemPrefix="game.TestingSuite.java" Intrnl_Id="1036">
<Branch CovItemId="B124" CovItemPrefix="game.TestingSuite.java" Implct="false" Intrnl_Id="1037">
<Cond/>
<LocList>
<Loc EndOffset="22746" SrcFileId="3" StartOffset="22629"/>
</LocList>
<StmntSeq Intrnl_Id="1038">
<LocList>
<Loc EndOffset="22720" SrcFileId="3" StartOffset="22635"/>
<Loc EndOffset="22741" SrcFileId="3" StartOffset="22725"/>
</LocList>
<BasicStmnt CovItemId="S450" CovItemPrefix="game.TestingSuite.java" Intrnl_Id="1039">
<LocList>
<Loc EndOffset="22720" SrcFileId="3" StartOffset="22635"/>
</LocList>
</BasicStmnt>
<BasicStmnt CovItemId="S451" CovItemPrefix="game.TestingSuite.java" Intrnl_Id="1040">
<LocList>
<Loc EndOffset="22741" SrcFileId="3" StartOffset="22725"/>
</LocList>
</BasicStmnt>
</StmntSeq>
</Branch>
<Branch CovItemId="B125" CovItemPrefix="game.TestingSuite.java" Implct="true" Intrnl_Id="1041">
<Cond/>
<LocList/>
<StmntSeq Intrnl_Id="1042">
<LocList/>
</StmntSeq>
</Branch>
<Keyword EndOffset="22532" SrcFileId="3" StartOffset="22530"/>
<LocList>
<Loc EndOffset="22746" SrcFileId="3" StartOffset="22530"/>
</LocList>
<RootTerm CovItemId="C47" CovItemPrefix="game.TestingSuite.java" Intrnl_Id="1043">
<OpTerm BooleanOpId="24" Intrnl_Id="1044">
<BasicBoolTerm Intrnl_Id="1045">
<LocList>
<Loc EndOffset="22587" SrcFileId="3" StartOffset="22534"/>
</LocList>
</BasicBoolTerm>
<BasicBoolTerm Intrnl_Id="1046">
<LocList>
<Loc EndOffset="22627" SrcFileId="3" StartOffset="22591"/>
</LocList>
</BasicBoolTerm>
<LocList>
<Loc EndOffset="22590" SrcFileId="3" StartOffset="22588"/>
</LocList>
</OpTerm>
</RootTerm>
</CondStmnt>
<BasicStmnt CovItemId="S452" CovItemPrefix="game.TestingSuite.java" Intrnl_Id="1047">
<LocList>
<Loc EndOffset="22857" SrcFileId="3" StartOffset="22794"/>
</LocList>
</BasicStmnt>
<BasicStmnt CovItemId="S453" CovItemPrefix="game.TestingSuite.java" Intrnl_Id="1048">
<LocList>
<Loc EndOffset="22947" SrcFileId="3" StartOffset="22884"/>
</LocList>
</BasicStmnt>
<CondStmnt CovItemId="S454" CovItemPrefix="game.TestingSuite.java" Intrnl_Id="1049">
<Branch CovItemId="B126" CovItemPrefix="game.TestingSuite.java" Implct="false" Intrnl_Id="1050">
<Cond/>
<LocList>
<Loc EndOffset="23166" SrcFileId="3" StartOffset="23059"/>
</LocList>
<StmntSeq Intrnl_Id="1051">
<LocList>
<Loc EndOffset="23140" SrcFileId="3" StartOffset="23065"/>
<Loc EndOffset="23161" SrcFileId="3" StartOffset="23145"/>
</LocList>
<BasicStmnt CovItemId="S455" CovItemPrefix="game.TestingSuite.java" Intrnl_Id="1052">
<LocList>
<Loc EndOffset="23140" SrcFileId="3" StartOffset="23065"/>
</LocList>
</BasicStmnt>
<BasicStmnt CovItemId="S456" CovItemPrefix="game.TestingSuite.java" Intrnl_Id="1053">
<LocList>
<Loc EndOffset="23161" SrcFileId="3" StartOffset="23145"/>
</LocList>
</BasicStmnt>
</StmntSeq>
</Branch>
<Branch CovItemId="B127" CovItemPrefix="game.TestingSuite.java" Implct="true" Intrnl_Id="1054">
<Cond/>
<LocList/>
<StmntSeq Intrnl_Id="1055">
<LocList/>
</StmntSeq>
</Branch>
<Keyword EndOffset="22962" SrcFileId="3" StartOffset="22960"/>
<LocList>
<Loc EndOffset="23166" SrcFileId="3" StartOffset="22960"/>
</LocList>
<RootTerm CovItemId="C48" CovItemPrefix="game.TestingSuite.java" Intrnl_Id="1056">
<OpTerm BooleanOpId="24" Intrnl_Id="1057">
<BasicBoolTerm Intrnl_Id="1058">
<LocList>
<Loc EndOffset="23017" SrcFileId="3" StartOffset="22964"/>
</LocList>
</BasicBoolTerm>
<BasicBoolTerm Intrnl_Id="1059">
<LocList>
<Loc EndOffset="23057" SrcFileId="3" StartOffset="23021"/>
</LocList>
</BasicBoolTerm>
<LocList>
<Loc EndOffset="23020" SrcFileId="3" StartOffset="23018"/>
</LocList>
</OpTerm>
</RootTerm>
</CondStmnt>
<BasicStmnt CovItemId="S457" CovItemPrefix="game.TestingSuite.java" Intrnl_Id="1060">
<LocList>
<Loc EndOffset="23290" SrcFileId="3" StartOffset="23227"/>
</LocList>
</BasicStmnt>
<CondStmnt CovItemId="S458" CovItemPrefix="game.TestingSuite.java" Intrnl_Id="1061">
<Branch CovItemId="B128" CovItemPrefix="game.TestingSuite.java" Implct="false" Intrnl_Id="1062">
<Cond/>
<LocList>
<Loc EndOffset="23602" SrcFileId="3" StartOffset="23462"/>
</LocList>
<StmntSeq Intrnl_Id="1063">
<LocList>
<Loc EndOffset="23576" SrcFileId="3" StartOffset="23468"/>
<Loc EndOffset="23597" SrcFileId="3" StartOffset="23581"/>
</LocList>
<BasicStmnt CovItemId="S459" CovItemPrefix="game.TestingSuite.java" Intrnl_Id="1064">
<LocList>
<Loc EndOffset="23576" SrcFileId="3" StartOffset="23468"/>
</LocList>
</BasicStmnt>
<BasicStmnt CovItemId="S460" CovItemPrefix="game.TestingSuite.java" Intrnl_Id="1065">
<LocList>
<Loc EndOffset="23597" SrcFileId="3" StartOffset="23581"/>
</LocList>
</BasicStmnt>
</StmntSeq>
</Branch>
<Branch CovItemId="B129" CovItemPrefix="game.TestingSuite.java" Implct="true" Intrnl_Id="1066">
<Cond/>
<LocList/>
<StmntSeq Intrnl_Id="1067">
<LocList/>
</StmntSeq>
</Branch>
<Keyword EndOffset="23305" SrcFileId="3" StartOffset="23303"/>
<LocList>
<Loc EndOffset="23602" SrcFileId="3" StartOffset="23303"/>
</LocList>
<RootTerm CovItemId="C49" CovItemPrefix="game.TestingSuite.java" Intrnl_Id="1068">
<OpTerm BooleanOpId="24" Intrnl_Id="1069">
<OpTerm BooleanOpId="24" Intrnl_Id="1070">
<BasicBoolTerm Intrnl_Id="1071">
<LocList>
<Loc EndOffset="23360" SrcFileId="3" StartOffset="23307"/>
</LocList>
</BasicBoolTerm>
<BasicBoolTerm Intrnl_Id="1072">
<LocList>
<Loc EndOffset="23400" SrcFileId="3" StartOffset="23364"/>
</LocList>
</BasicBoolTerm>
<LocList>
<Loc EndOffset="23363" SrcFileId="3" StartOffset="23361"/>
</LocList>
</OpTerm>
<BasicBoolTerm Intrnl_Id="1073">
<LocList>
<Loc EndOffset="23459" SrcFileId="3" StartOffset="23404"/>
</LocList>
</BasicBoolTerm>
<LocList>
<Loc EndOffset="23403" SrcFileId="3" StartOffset="23401"/>
</LocList>
</OpTerm>
</RootTerm>
</CondStmnt>
<BasicStmnt CovItemId="S461" CovItemPrefix="game.TestingSuite.java" Intrnl_Id="1074">
<LocList>
<Loc EndOffset="23673" SrcFileId="3" StartOffset="23610"/>
</LocList>
</BasicStmnt>
<BasicStmnt CovItemId="S462" CovItemPrefix="game.TestingSuite.java" Intrnl_Id="1075">
<LocList>
<Loc EndOffset="23768" SrcFileId="3" StartOffset="23705"/>
</LocList>
</BasicStmnt>
<CondStmnt CovItemId="S463" CovItemPrefix="game.TestingSuite.java" Intrnl_Id="1076">
<Branch CovItemId="B130" CovItemPrefix="game.TestingSuite.java" Implct="false" Intrnl_Id="1077">
<Cond/>
<LocList>
<Loc EndOffset="23996" SrcFileId="3" StartOffset="23880"/>
</LocList>
<StmntSeq Intrnl_Id="1078">
<LocList>
<Loc EndOffset="23970" SrcFileId="3" StartOffset="23886"/>
<Loc EndOffset="23991" SrcFileId="3" StartOffset="23975"/>
</LocList>
<BasicStmnt CovItemId="S464" CovItemPrefix="game.TestingSuite.java" Intrnl_Id="1079">
<LocList>
<Loc EndOffset="23970" SrcFileId="3" StartOffset="23886"/>
</LocList>
</BasicStmnt>
<BasicStmnt CovItemId="S465" CovItemPrefix="game.TestingSuite.java" Intrnl_Id="1080">
<LocList>
<Loc EndOffset="23991" SrcFileId="3" StartOffset="23975"/>
</LocList>
</BasicStmnt>
</StmntSeq>
</Branch>
<Branch CovItemId="B131" CovItemPrefix="game.TestingSuite.java" Implct="true" Intrnl_Id="1081">
<Cond/>
<LocList/>
<StmntSeq Intrnl_Id="1082">
<LocList/>
</StmntSeq>
</Branch>
<Keyword EndOffset="23783" SrcFileId="3" StartOffset="23781"/>
<LocList>
<Loc EndOffset="23996" SrcFileId="3" StartOffset="23781"/>
</LocList>
<RootTerm CovItemId="C50" CovItemPrefix="game.TestingSuite.java" Intrnl_Id="1083">
<OpTerm BooleanOpId="24" Intrnl_Id="1084">
<BasicBoolTerm Intrnl_Id="1085">
<LocList>
<Loc EndOffset="23838" SrcFileId="3" StartOffset="23785"/>
</LocList>
</BasicBoolTerm>
<BasicBoolTerm Intrnl_Id="1086">
<LocList>
<Loc EndOffset="23878" SrcFileId="3" StartOffset="23842"/>
</LocList>
</BasicBoolTerm>
<LocList>
<Loc EndOffset="23841" SrcFileId="3" StartOffset="23839"/>
</LocList>
</OpTerm>
</RootTerm>
</CondStmnt>
<BasicStmnt CovItemId="S466" CovItemPrefix="game.TestingSuite.java" Intrnl_Id="1087">
<LocList>
<Loc EndOffset="24067" SrcFileId="3" StartOffset="24004"/>
</LocList>
</BasicStmnt>
<BasicStmnt CovItemId="S467" CovItemPrefix="game.TestingSuite.java" Intrnl_Id="1088">
<LocList>
<Loc EndOffset="24162" SrcFileId="3" StartOffset="24099"/>
</LocList>
</BasicStmnt>
<CondStmnt CovItemId="S468" CovItemPrefix="game.TestingSuite.java" Intrnl_Id="1089">
<Branch CovItemId="B132" CovItemPrefix="game.TestingSuite.java" Implct="false" Intrnl_Id="1090">
<Cond/>
<LocList>
<Loc EndOffset="24376" SrcFileId="3" StartOffset="24234"/>
</LocList>
<StmntSeq Intrnl_Id="1091">
<LocList>
<Loc EndOffset="24350" SrcFileId="3" StartOffset="24240"/>
<Loc EndOffset="24371" SrcFileId="3" StartOffset="24355"/>
</LocList>
<BasicStmnt CovItemId="S469" CovItemPrefix="game.TestingSuite.java" Intrnl_Id="1092">
<LocList>
<Loc EndOffset="24350" SrcFileId="3" StartOffset="24240"/>
</LocList>
</BasicStmnt>
<BasicStmnt CovItemId="S470" CovItemPrefix="game.TestingSuite.java" Intrnl_Id="1093">
<LocList>
<Loc EndOffset="24371" SrcFileId="3" StartOffset="24355"/>
</LocList>
</BasicStmnt>
</StmntSeq>
</Branch>
<Branch CovItemId="B133" CovItemPrefix="game.TestingSuite.java" Implct="true" Intrnl_Id="1094">
<Cond/>
<LocList/>
<StmntSeq Intrnl_Id="1095">
<LocList/>
</StmntSeq>
</Branch>
<Keyword EndOffset="24177" SrcFileId="3" StartOffset="24175"/>
<LocList>
<Loc EndOffset="24376" SrcFileId="3" StartOffset="24175"/>
</LocList>
<RootTerm CovItemId="C51" CovItemPrefix="game.TestingSuite.java" Intrnl_Id="1096">
<BasicBoolTerm Intrnl_Id="1097">
<LocList>
<Loc EndOffset="24232" SrcFileId="3" StartOffset="24179"/>
</LocList>
</BasicBoolTerm>
</RootTerm>
</CondStmnt>
<BasicStmnt CovItemId="S471" CovItemPrefix="game.TestingSuite.java" Intrnl_Id="1098">
<LocList>
<Loc EndOffset="24471" SrcFileId="3" StartOffset="24408"/>
</LocList>
</BasicStmnt>
<CondStmnt CovItemId="S472" CovItemPrefix="game.TestingSuite.java" Intrnl_Id="1099">
<Branch CovItemId="B134" CovItemPrefix="game.TestingSuite.java" Implct="false" Intrnl_Id="1100">
<Cond/>
<LocList>
<Loc EndOffset="24663" SrcFileId="3" StartOffset="24543"/>
</LocList>
<StmntSeq Intrnl_Id="1101">
<LocList>
<Loc EndOffset="24637" SrcFileId="3" StartOffset="24549"/>
<Loc EndOffset="24658" SrcFileId="3" StartOffset="24642"/>
</LocList>
<BasicStmnt CovItemId="S473" CovItemPrefix="game.TestingSuite.java" Intrnl_Id="1102">
<LocList>
<Loc EndOffset="24637" SrcFileId="3" StartOffset="24549"/>
</LocList>
</BasicStmnt>
<BasicStmnt CovItemId="S474" CovItemPrefix="game.TestingSuite.java" Intrnl_Id="1103">
<LocList>
<Loc EndOffset="24658" SrcFileId="3" StartOffset="24642"/>
</LocList>
</BasicStmnt>
</StmntSeq>
</Branch>
<Branch CovItemId="B135" CovItemPrefix="game.TestingSuite.java" Implct="true" Intrnl_Id="1104">
<Cond/>
<LocList/>
<StmntSeq Intrnl_Id="1105">
<LocList/>
</StmntSeq>
</Branch>
<Keyword EndOffset="24486" SrcFileId="3" StartOffset="24484"/>
<LocList>
<Loc EndOffset="24663" SrcFileId="3" StartOffset="24484"/>
</LocList>
<RootTerm CovItemId="C52" CovItemPrefix="game.TestingSuite.java" Intrnl_Id="1106">
<BasicBoolTerm Intrnl_Id="1107">
<LocList>
<Loc EndOffset="24541" SrcFileId="3" StartOffset="24488"/>
</LocList>
</BasicBoolTerm>
</RootTerm>
</CondStmnt>
<BasicStmnt CovItemId="S475" CovItemPrefix="game.TestingSuite.java" Intrnl_Id="1108">
<LocList>
<Loc EndOffset="24765" SrcFileId="3" StartOffset="24702"/>
</LocList>
</BasicStmnt>
<CondStmnt CovItemId="S476" CovItemPrefix="game.TestingSuite.java" Intrnl_Id="1109">
<Branch CovItemId="B136" CovItemPrefix="game.TestingSuite.java" Implct="false" Intrnl_Id="1110">
<Cond/>
<LocList>
<Loc EndOffset="24955" SrcFileId="3" StartOffset="24837"/>
</LocList>
<StmntSeq Intrnl_Id="1111">
<LocList>
<Loc EndOffset="24929" SrcFileId="3" StartOffset="24843"/>
<Loc EndOffset="24950" SrcFileId="3" StartOffset="24934"/>
</LocList>
<BasicStmnt CovItemId="S477" CovItemPrefix="game.TestingSuite.java" Intrnl_Id="1112">
<LocList>
<Loc EndOffset="24929" SrcFileId="3" StartOffset="24843"/>
</LocList>
</BasicStmnt>
<BasicStmnt CovItemId="S478" CovItemPrefix="game.TestingSuite.java" Intrnl_Id="1113">
<LocList>
<Loc EndOffset="24950" SrcFileId="3" StartOffset="24934"/>
</LocList>
</BasicStmnt>
</StmntSeq>
</Branch>
<Branch CovItemId="B137" CovItemPrefix="game.TestingSuite.java" Implct="true" Intrnl_Id="1114">
<Cond/>
<LocList/>
<StmntSeq Intrnl_Id="1115">
<LocList/>
</StmntSeq>
</Branch>
<Keyword EndOffset="24780" SrcFileId="3" StartOffset="24778"/>
<LocList>
<Loc EndOffset="24955" SrcFileId="3" StartOffset="24778"/>
</LocList>
<RootTerm CovItemId="C53" CovItemPrefix="game.TestingSuite.java" Intrnl_Id="1116">
<BasicBoolTerm Intrnl_Id="1117">
<LocList>
<Loc EndOffset="24835" SrcFileId="3" StartOffset="24782"/>
</LocList>
</BasicBoolTerm>
</RootTerm>
</CondStmnt>
<BasicStmnt CovItemId="S479" CovItemPrefix="game.TestingSuite.java" Intrnl_Id="1118">
<LocList>
<Loc EndOffset="25026" SrcFileId="3" StartOffset="24963"/>
</LocList>
</BasicStmnt>
<BasicStmnt CovItemId="S480" CovItemPrefix="game.TestingSuite.java" Intrnl_Id="1119">
<LocList>
<Loc EndOffset="25098" SrcFileId="3" StartOffset="25035"/>
</LocList>
</BasicStmnt>
<BasicStmnt CovItemId="S481" CovItemPrefix="game.TestingSuite.java" Intrnl_Id="1120">
<LocList>
<Loc EndOffset="25208" SrcFileId="3" StartOffset="25145"/>
</LocList>
</BasicStmnt>
<CondStmnt CovItemId="S482" CovItemPrefix="game.TestingSuite.java" Intrnl_Id="1121">
<Branch CovItemId="B138" CovItemPrefix="game.TestingSuite.java" Implct="false" Intrnl_Id="1122">
<Cond/>
<LocList>
<Loc EndOffset="25458" SrcFileId="3" StartOffset="25337"/>
</LocList>
<StmntSeq Intrnl_Id="1123">
<LocList>
<Loc EndOffset="25432" SrcFileId="3" StartOffset="25343"/>
<Loc EndOffset="25453" SrcFileId="3" StartOffset="25437"/>
</LocList>
<BasicStmnt CovItemId="S483" CovItemPrefix="game.TestingSuite.java" Intrnl_Id="1124">
<LocList>
<Loc EndOffset="25432" SrcFileId="3" StartOffset="25343"/>
</LocList>
</BasicStmnt>
<BasicStmnt CovItemId="S484" CovItemPrefix="game.TestingSuite.java" Intrnl_Id="1125">
<LocList>
<Loc EndOffset="25453" SrcFileId="3" StartOffset="25437"/>
</LocList>
</BasicStmnt>
</StmntSeq>
</Branch>
<Branch CovItemId="B139" CovItemPrefix="game.TestingSuite.java" Implct="true" Intrnl_Id="1126">
<Cond/>
<LocList/>
<StmntSeq Intrnl_Id="1127">
<LocList/>
</StmntSeq>
</Branch>
<Keyword EndOffset="25223" SrcFileId="3" StartOffset="25221"/>
<LocList>
<Loc EndOffset="25458" SrcFileId="3" StartOffset="25221"/>
</LocList>
<RootTerm CovItemId="C54" CovItemPrefix="game.TestingSuite.java" Intrnl_Id="1128">
<OpTerm BooleanOpId="24" Intrnl_Id="1129">
<BasicBoolTerm Intrnl_Id="1130">
<LocList>
<Loc EndOffset="25278" SrcFileId="3" StartOffset="25225"/>
</LocList>
</BasicBoolTerm>
<BasicBoolTerm Intrnl_Id="1131">
<LocList>
<Loc EndOffset="25335" SrcFileId="3" StartOffset="25282"/>
</LocList>
</BasicBoolTerm>
<LocList>
<Loc EndOffset="25281" SrcFileId="3" StartOffset="25279"/>
</LocList>
</OpTerm>
</RootTerm>
</CondStmnt>
<CondStmnt CovItemId="S447" CovItemPrefix="game.TestingSuite.java" Intrnl_Id="1132">
<Branch CovItemId="B123" CovItemPrefix="game.TestingSuite.java" Implct="true" Intrnl_Id="1133">
<Cond/>
<LocList/>
<StmntSeq Intrnl_Id="1134">
<LocList/>
</StmntSeq>
</Branch>
<Branch CovItemId="B140" CovItemPrefix="game.TestingSuite.java" Implct="false" Intrnl_Id="1135">
<Cond>
<Loc EndOffset="25490" SrcFileId="3" StartOffset="25471"/>
</Cond>
<LocList>
<Loc EndOffset="25555" SrcFileId="3" StartOffset="25491"/>
</LocList>
<StmntSeq Intrnl_Id="1136">
<LocList>
<Loc EndOffset="25512" SrcFileId="3" StartOffset="25496"/>
<Loc EndOffset="25551" SrcFileId="3" StartOffset="25516"/>
</LocList>
<BasicStmnt CovItemId="S485" CovItemPrefix="game.TestingSuite.java" Intrnl_Id="1137">
<LocList>
<Loc EndOffset="25512" SrcFileId="3" StartOffset="25496"/>
</LocList>
</BasicStmnt>
<BasicStmnt CovItemId="S486" CovItemPrefix="game.TestingSuite.java" Intrnl_Id="1138">
<LocList>
<Loc EndOffset="25551" SrcFileId="3" StartOffset="25516"/>
</LocList>
</BasicStmnt>
</StmntSeq>
</Branch>
<Keyword EndOffset="22421" SrcFileId="3" StartOffset="22418"/>
<LocList>
<Loc EndOffset="25555" SrcFileId="3" StartOffset="22418"/>
</LocList>
</CondStmnt>
<CondStmnt CovItemId="S487" CovItemPrefix="game.TestingSuite.java" Intrnl_Id="1139">
<Branch CovItemId="B141" CovItemPrefix="game.TestingSuite.java" Implct="false" Intrnl_Id="1140">
<Cond/>
<LocList>
<Loc EndOffset="25666" SrcFileId="3" StartOffset="25571"/>
</LocList>
<StmntSeq Intrnl_Id="1141">
<LocList>
<Loc EndOffset="25651" SrcFileId="3" StartOffset="25576"/>
<Loc EndOffset="25662" SrcFileId="3" StartOffset="25655"/>
</LocList>
<BasicStmnt CovItemId="S488" CovItemPrefix="game.TestingSuite.java" Intrnl_Id="1142">
<LocList>
<Loc EndOffset="25651" SrcFileId="3" StartOffset="25576"/>
</LocList>
</BasicStmnt>
<BasicStmnt CovItemId="S489" CovItemPrefix="game.TestingSuite.java" Intrnl_Id="1143">
<LocList>
<Loc EndOffset="25662" SrcFileId="3" StartOffset="25655"/>
</LocList>
</BasicStmnt>
</StmntSeq>
</Branch>
<Branch CovItemId="B142" CovItemPrefix="game.TestingSuite.java" Implct="true" Intrnl_Id="1144">
<Cond/>
<LocList/>
<StmntSeq Intrnl_Id="1145">
<LocList/>
</StmntSeq>
</Branch>
<Keyword EndOffset="25560" SrcFileId="3" StartOffset="25558"/>
<LocList>
<Loc EndOffset="25666" SrcFileId="3" StartOffset="25558"/>
</LocList>
<RootTerm CovItemId="C55" CovItemPrefix="game.TestingSuite.java" Intrnl_Id="1146">
<BasicBoolTerm Intrnl_Id="1147">
<LocList>
<Loc EndOffset="25569" SrcFileId="3" StartOffset="25562"/>
</LocList>
</BasicBoolTerm>
</RootTerm>
</CondStmnt>
<BasicStmnt CovItemId="S490" CovItemPrefix="game.TestingSuite.java" Intrnl_Id="1148">
<LocList>
<Loc EndOffset="25736" SrcFileId="3" StartOffset="25669"/>
</LocList>
</BasicStmnt>
<BasicStmnt CovItemId="S491" CovItemPrefix="game.TestingSuite.java" Intrnl_Id="1149">
<LocList>
<Loc EndOffset="25746" SrcFileId="3" StartOffset="25739"/>
</LocList>
</BasicStmnt>
</StmntSeq>
</HierarchyLvl>
<HierarchyLvl HierarchyLvlId="1022" HierarchyLvlTypeId="27" Intrnl_Id="1150" Name="rookMovementTest">
<Header>
<Loc EndOffset="25862" SrcFileId="3" StartOffset="25831"/>
</Header>
<LocList>
<Loc EndOffset="28078" SrcFileId="3" StartOffset="25831"/>
</LocList>
<StmntSeq Intrnl_Id="1151">
<LocList>
<Loc EndOffset="25890" SrcFileId="3" StartOffset="25867"/>
<Loc EndOffset="25954" SrcFileId="3" StartOffset="25894"/>
<Loc EndOffset="25975" SrcFileId="3" StartOffset="25957"/>
<Loc EndOffset="26010" SrcFileId="3" StartOffset="25978"/>
<Loc EndOffset="26096" SrcFileId="3" StartOffset="26013"/>
<Loc EndOffset="26129" SrcFileId="3" StartOffset="26099"/>
<Loc EndOffset="26148" SrcFileId="3" StartOffset="26132"/>
<Loc EndOffset="26224" SrcFileId="3" StartOffset="26161"/>
<Loc EndOffset="26300" SrcFileId="3" StartOffset="26237"/>
<Loc EndOffset="26413" SrcFileId="3" StartOffset="26350"/>
<Loc EndOffset="26646" SrcFileId="3" StartOffset="26426"/>
<Loc EndOffset="26748" SrcFileId="3" StartOffset="26685"/>
<Loc EndOffset="26975" SrcFileId="3" StartOffset="26757"/>
<Loc EndOffset="27046" SrcFileId="3" StartOffset="26983"/>
<Loc EndOffset="27155" SrcFileId="3" StartOffset="27092"/>
<Loc EndOffset="27384" SrcFileId="3" StartOffset="27164"/>
<Loc EndOffset="27455" SrcFileId="3" StartOffset="27392"/>
<Loc EndOffset="27559" SrcFileId="3" StartOffset="27496"/>
<Loc EndOffset="27787" SrcFileId="3" StartOffset="27568"/>
<Loc EndOffset="27884" SrcFileId="3" StartOffset="26152"/>
<Loc EndOffset="27995" SrcFileId="3" StartOffset="27887"/>
<Loc EndOffset="28065" SrcFileId="3" StartOffset="27998"/>
<Loc EndOffset="28075" SrcFileId="3" StartOffset="28068"/>
</LocList>
<BasicStmnt CovItemId="S492" CovItemPrefix="game.TestingSuite.java" Intrnl_Id="1152">
<LocList>
<Loc EndOffset="25890" SrcFileId="3" StartOffset="25867"/>
</LocList>
</BasicStmnt>
<BasicStmnt CovItemId="S493" CovItemPrefix="game.TestingSuite.java" Intrnl_Id="1153">
<LocList>
<Loc EndOffset="25954" SrcFileId="3" StartOffset="25894"/>
</LocList>
</BasicStmnt>
<BasicStmnt CovItemId="S494" CovItemPrefix="game.TestingSuite.java" Intrnl_Id="1154">
<LocList>
<Loc EndOffset="25975" SrcFileId="3" StartOffset="25957"/>
</LocList>
</BasicStmnt>
<BasicStmnt CovItemId="S495" CovItemPrefix="game.TestingSuite.java" Intrnl_Id="1155">
<LocList>
<Loc EndOffset="26010" SrcFileId="3" StartOffset="25978"/>
</LocList>
</BasicStmnt>
<BasicStmnt CovItemId="S496" CovItemPrefix="game.TestingSuite.java" Intrnl_Id="1156">
<LocList>
<Loc EndOffset="26096" SrcFileId="3" StartOffset="26013"/>
</LocList>
</BasicStmnt>
<BasicStmnt CovItemId="S497" CovItemPrefix="game.TestingSuite.java" Intrnl_Id="1157">
<LocList>
<Loc EndOffset="26129" SrcFileId="3" StartOffset="26099"/>
</LocList>
</BasicStmnt>
<BasicStmnt CovItemId="S498" CovItemPrefix="game.TestingSuite.java" Intrnl_Id="1158">
<LocList>
<Loc EndOffset="26148" SrcFileId="3" StartOffset="26132"/>
</LocList>
</BasicStmnt>
<BasicStmnt CovItemId="S500" CovItemPrefix="game.TestingSuite.java" Intrnl_Id="1159">
<LocList>
<Loc EndOffset="26224" SrcFileId="3" StartOffset="26161"/>
</LocList>
</BasicStmnt>
<BasicStmnt CovItemId="S501" CovItemPrefix="game.TestingSuite.java" Intrnl_Id="1160">
<LocList>
<Loc EndOffset="26300" SrcFileId="3" StartOffset="26237"/>
</LocList>
</BasicStmnt>
<BasicStmnt CovItemId="S502" CovItemPrefix="game.TestingSuite.java" Intrnl_Id="1161">
<LocList>
<Loc EndOffset="26413" SrcFileId="3" StartOffset="26350"/>
</LocList>
</BasicStmnt>
<CondStmnt CovItemId="S503" CovItemPrefix="game.TestingSuite.java" Intrnl_Id="1162">
<Branch CovItemId="B144" CovItemPrefix="game.TestingSuite.java" Implct="false" Intrnl_Id="1163">
<Cond/>
<LocList>
<Loc EndOffset="26646" SrcFileId="3" StartOffset="26525"/>
</LocList>
<StmntSeq Intrnl_Id="1164">
<LocList>
<Loc EndOffset="26620" SrcFileId="3" StartOffset="26531"/>
<Loc EndOffset="26641" SrcFileId="3" StartOffset="26625"/>
</LocList>
<BasicStmnt CovItemId="S504" CovItemPrefix="game.TestingSuite.java" Intrnl_Id="1165">
<LocList>
<Loc EndOffset="26620" SrcFileId="3" StartOffset="26531"/>
</LocList>
</BasicStmnt>
<BasicStmnt CovItemId="S505" CovItemPrefix="game.TestingSuite.java" Intrnl_Id="1166">
<LocList>
<Loc EndOffset="26641" SrcFileId="3" StartOffset="26625"/>
</LocList>
</BasicStmnt>
</StmntSeq>
</Branch>
<Branch CovItemId="B145" CovItemPrefix="game.TestingSuite.java" Implct="true" Intrnl_Id="1167">
<Cond/>
<LocList/>
<StmntSeq Intrnl_Id="1168">
<LocList/>
</StmntSeq>
</Branch>
<Keyword EndOffset="26428" SrcFileId="3" StartOffset="26426"/>
<LocList>
<Loc EndOffset="26646" SrcFileId="3" StartOffset="26426"/>
</LocList>
<RootTerm CovItemId="C56" CovItemPrefix="game.TestingSuite.java" Intrnl_Id="1169">
<OpTerm BooleanOpId="24" Intrnl_Id="1170">
<BasicBoolTerm Intrnl_Id="1171">
<LocList>
<Loc EndOffset="26483" SrcFileId="3" StartOffset="26430"/>
</LocList>
</BasicBoolTerm>
<BasicBoolTerm Intrnl_Id="1172">
<LocList>
<Loc EndOffset="26523" SrcFileId="3" StartOffset="26487"/>
</LocList>
</BasicBoolTerm>
<LocList>
<Loc EndOffset="26486" SrcFileId="3" StartOffset="26484"/>
</LocList>
</OpTerm>
</RootTerm>
</CondStmnt>
<BasicStmnt CovItemId="S506" CovItemPrefix="game.TestingSuite.java" Intrnl_Id="1173">
<LocList>
<Loc EndOffset="26748" SrcFileId="3" StartOffset="26685"/>
</LocList>
</BasicStmnt>
<CondStmnt CovItemId="S507" CovItemPrefix="game.TestingSuite.java" Intrnl_Id="1174">
<Branch CovItemId="B146" CovItemPrefix="game.TestingSuite.java" Implct="false" Intrnl_Id="1175">
<Cond/>
<LocList>
<Loc EndOffset="26975" SrcFileId="3" StartOffset="26856"/>
</LocList>
<StmntSeq Intrnl_Id="1176">
<LocList>
<Loc EndOffset="26949" SrcFileId="3" StartOffset="26862"/>
<Loc EndOffset="26970" SrcFileId="3" StartOffset="26954"/>
</LocList>
<BasicStmnt CovItemId="S508" CovItemPrefix="game.TestingSuite.java" Intrnl_Id="1177">
<LocList>
<Loc EndOffset="26949" SrcFileId="3" StartOffset="26862"/>
</LocList>
</BasicStmnt>
<BasicStmnt CovItemId="S509" CovItemPrefix="game.TestingSuite.java" Intrnl_Id="1178">
<LocList>
<Loc EndOffset="26970" SrcFileId="3" StartOffset="26954"/>
</LocList>
</BasicStmnt>
</StmntSeq>
</Branch>
<Branch CovItemId="B147" CovItemPrefix="game.TestingSuite.java" Implct="true" Intrnl_Id="1179">
<Cond/>
<LocList/>
<StmntSeq Intrnl_Id="1180">
<LocList/>
</StmntSeq>
</Branch>
<Keyword EndOffset="26759" SrcFileId="3" StartOffset="26757"/>
<LocList>
<Loc EndOffset="26975" SrcFileId="3" StartOffset="26757"/>
</LocList>
<RootTerm CovItemId="C57" CovItemPrefix="game.TestingSuite.java" Intrnl_Id="1181">
<OpTerm BooleanOpId="24" Intrnl_Id="1182">
<BasicBoolTerm Intrnl_Id="1183">
<LocList>
<Loc EndOffset="26814" SrcFileId="3" StartOffset="26761"/>
</LocList>
</BasicBoolTerm>
<BasicBoolTerm Intrnl_Id="1184">
<LocList>
<Loc EndOffset="26854" SrcFileId="3" StartOffset="26818"/>
</LocList>
</BasicBoolTerm>
<LocList>
<Loc EndOffset="26817" SrcFileId="3" StartOffset="26815"/>
</LocList>
</OpTerm>
</RootTerm>
</CondStmnt>
<BasicStmnt CovItemId="S510" CovItemPrefix="game.TestingSuite.java" Intrnl_Id="1185">
<LocList>
<Loc EndOffset="27046" SrcFileId="3" StartOffset="26983"/>
</LocList>
</BasicStmnt>
<BasicStmnt CovItemId="S511" CovItemPrefix="game.TestingSuite.java" Intrnl_Id="1186">
<LocList>
<Loc EndOffset="27155" SrcFileId="3" StartOffset="27092"/>
</LocList>
</BasicStmnt>
<CondStmnt CovItemId="S512" CovItemPrefix="game.TestingSuite.java" Intrnl_Id="1187">
<Branch CovItemId="B148" CovItemPrefix="game.TestingSuite.java" Implct="false" Intrnl_Id="1188">
<Cond/>
<LocList>
<Loc EndOffset="27384" SrcFileId="3" StartOffset="27263"/>
</LocList>
<StmntSeq Intrnl_Id="1189">
<LocList>
<Loc EndOffset="27358" SrcFileId="3" StartOffset="27269"/>
<Loc EndOffset="27379" SrcFileId="3" StartOffset="27363"/>
</LocList>
<BasicStmnt CovItemId="S513" CovItemPrefix="game.TestingSuite.java" Intrnl_Id="1190">
<LocList>
<Loc EndOffset="27358" SrcFileId="3" StartOffset="27269"/>
</LocList>
</BasicStmnt>
<BasicStmnt CovItemId="S514" CovItemPrefix="game.TestingSuite.java" Intrnl_Id="1191">
<LocList>
<Loc EndOffset="27379" SrcFileId="3" StartOffset="27363"/>
</LocList>
</BasicStmnt>
</StmntSeq>
</Branch>
<Branch CovItemId="B149" CovItemPrefix="game.TestingSuite.java" Implct="true" Intrnl_Id="1192">
<Cond/>
<LocList/>
<StmntSeq Intrnl_Id="1193">
<LocList/>
</StmntSeq>
</Branch>
<Keyword EndOffset="27166" SrcFileId="3" StartOffset="27164"/>
<LocList>
<Loc EndOffset="27384" SrcFileId="3" StartOffset="27164"/>
</LocList>
<RootTerm CovItemId="C58" CovItemPrefix="game.TestingSuite.java" Intrnl_Id="1194">
<OpTerm BooleanOpId="24" Intrnl_Id="1195">
<BasicBoolTerm Intrnl_Id="1196">
<LocList>
<Loc EndOffset="27221" SrcFileId="3" StartOffset="27168"/>
</LocList>
</BasicBoolTerm>
<BasicBoolTerm Intrnl_Id="1197">
<LocList>
<Loc EndOffset="27261" SrcFileId="3" StartOffset="27225"/>
</LocList>
</BasicBoolTerm>
<LocList>
<Loc EndOffset="27224" SrcFileId="3" StartOffset="27222"/>
</LocList>
</OpTerm>
</RootTerm>
</CondStmnt>
<BasicStmnt CovItemId="S515" CovItemPrefix="game.TestingSuite.java" Intrnl_Id="1198">
<LocList>
<Loc EndOffset="27455" SrcFileId="3" StartOffset="27392"/>
</LocList>
</BasicStmnt>
<BasicStmnt CovItemId="S516" CovItemPrefix="game.TestingSuite.java" Intrnl_Id="1199">
<LocList>
<Loc EndOffset="27559" SrcFileId="3" StartOffset="27496"/>
</LocList>
</BasicStmnt>
<CondStmnt CovItemId="S517" CovItemPrefix="game.TestingSuite.java" Intrnl_Id="1200">
<Branch CovItemId="B150" CovItemPrefix="game.TestingSuite.java" Implct="false" Intrnl_Id="1201">
<Cond/>
<LocList>
<Loc EndOffset="27787" SrcFileId="3" StartOffset="27667"/>
</LocList>
<StmntSeq Intrnl_Id="1202">
<LocList>
<Loc EndOffset="27761" SrcFileId="3" StartOffset="27673"/>
<Loc EndOffset="27782" SrcFileId="3" StartOffset="27766"/>
</LocList>
<BasicStmnt CovItemId="S518" CovItemPrefix="game.TestingSuite.java" Intrnl_Id="1203">
<LocList>
<Loc EndOffset="27761" SrcFileId="3" StartOffset="27673"/>
</LocList>
</BasicStmnt>
<BasicStmnt CovItemId="S519" CovItemPrefix="game.TestingSuite.java" Intrnl_Id="1204">
<LocList>
<Loc EndOffset="27782" SrcFileId="3" StartOffset="27766"/>
</LocList>
</BasicStmnt>
</StmntSeq>
</Branch>
<Branch CovItemId="B151" CovItemPrefix="game.TestingSuite.java" Implct="true" Intrnl_Id="1205">
<Cond/>
<LocList/>
<StmntSeq Intrnl_Id="1206">
<LocList/>
</StmntSeq>
</Branch>
<Keyword EndOffset="27570" SrcFileId="3" StartOffset="27568"/>
<LocList>
<Loc EndOffset="27787" SrcFileId="3" StartOffset="27568"/>
</LocList>
<RootTerm CovItemId="C59" CovItemPrefix="game.TestingSuite.java" Intrnl_Id="1207">
<OpTerm BooleanOpId="24" Intrnl_Id="1208">
<BasicBoolTerm Intrnl_Id="1209">
<LocList>
<Loc EndOffset="27625" SrcFileId="3" StartOffset="27572"/>
</LocList>
</BasicBoolTerm>
<BasicBoolTerm Intrnl_Id="1210">
<LocList>
<Loc EndOffset="27665" SrcFileId="3" StartOffset="27629"/>
</LocList>
</BasicBoolTerm>
<LocList>
<Loc EndOffset="27628" SrcFileId="3" StartOffset="27626"/>
</LocList>
</OpTerm>
</RootTerm>
</CondStmnt>
<CondStmnt CovItemId="S499" CovItemPrefix="game.TestingSuite.java" Intrnl_Id="1211">
<Branch CovItemId="B143" CovItemPrefix="game.TestingSuite.java" Implct="true" Intrnl_Id="1212">
<Cond/>
<LocList/>
<StmntSeq Intrnl_Id="1213">
<LocList/>
</StmntSeq>
</Branch>
<Branch CovItemId="B152" CovItemPrefix="game.TestingSuite.java" Implct="false" Intrnl_Id="1214">
<Cond>
<Loc EndOffset="27819" SrcFileId="3" StartOffset="27800"/>
</Cond>
<LocList>
<Loc EndOffset="27884" SrcFileId="3" StartOffset="27820"/>
</LocList>
<StmntSeq Intrnl_Id="1215">
<LocList>
<Loc EndOffset="27841" SrcFileId="3" StartOffset="27825"/>
<Loc EndOffset="27880" SrcFileId="3" StartOffset="27845"/>
</LocList>
<BasicStmnt CovItemId="S520" CovItemPrefix="game.TestingSuite.java" Intrnl_Id="1216">
<LocList>
<Loc EndOffset="27841" SrcFileId="3" StartOffset="27825"/>
</LocList>
</BasicStmnt>
<BasicStmnt CovItemId="S521" CovItemPrefix="game.TestingSuite.java" Intrnl_Id="1217">
<LocList>
<Loc EndOffset="27880" SrcFileId="3" StartOffset="27845"/>
</LocList>
</BasicStmnt>
</StmntSeq>
</Branch>
<Keyword EndOffset="26155" SrcFileId="3" StartOffset="26152"/>
<LocList>
<Loc EndOffset="27884" SrcFileId="3" StartOffset="26152"/>
</LocList>
</CondStmnt>
<CondStmnt CovItemId="S522" CovItemPrefix="game.TestingSuite.java" Intrnl_Id="1218">
<Branch CovItemId="B153" CovItemPrefix="game.TestingSuite.java" Implct="false" Intrnl_Id="1219">
<Cond/>
<LocList>
<Loc EndOffset="27995" SrcFileId="3" StartOffset="27900"/>
</LocList>
<StmntSeq Intrnl_Id="1220">
<LocList>
<Loc EndOffset="27980" SrcFileId="3" StartOffset="27905"/>
<Loc EndOffset="27991" SrcFileId="3" StartOffset="27984"/>
</LocList>
<BasicStmnt CovItemId="S523" CovItemPrefix="game.TestingSuite.java" Intrnl_Id="1221">
<LocList>
<Loc EndOffset="27980" SrcFileId="3" StartOffset="27905"/>
</LocList>
</BasicStmnt>
<BasicStmnt CovItemId="S524" CovItemPrefix="game.TestingSuite.java" Intrnl_Id="1222">
<LocList>
<Loc EndOffset="27991" SrcFileId="3" StartOffset="27984"/>
</LocList>
</BasicStmnt>
</StmntSeq>
</Branch>
<Branch CovItemId="B154" CovItemPrefix="game.TestingSuite.java" Implct="true" Intrnl_Id="1223">
<Cond/>
<LocList/>
<StmntSeq Intrnl_Id="1224">
<LocList/>
</StmntSeq>
</Branch>
<Keyword EndOffset="27889" SrcFileId="3" StartOffset="27887"/>
<LocList>
<Loc EndOffset="27995" SrcFileId="3" StartOffset="27887"/>
</LocList>
<RootTerm CovItemId="C60" CovItemPrefix="game.TestingSuite.java" Intrnl_Id="1225">
<BasicBoolTerm Intrnl_Id="1226">
<LocList>
<Loc EndOffset="27898" SrcFileId="3" StartOffset="27891"/>
</LocList>
</BasicBoolTerm>
</RootTerm>
</CondStmnt>
<BasicStmnt CovItemId="S525" CovItemPrefix="game.TestingSuite.java" Intrnl_Id="1227">
<LocList>
<Loc EndOffset="28065" SrcFileId="3" StartOffset="27998"/>
</LocList>
</BasicStmnt>
<BasicStmnt CovItemId="S526" CovItemPrefix="game.TestingSuite.java" Intrnl_Id="1228">
<LocList>
<Loc EndOffset="28075" SrcFileId="3" StartOffset="28068"/>
</LocList>
</BasicStmnt>
</StmntSeq>
</HierarchyLvl>
<HierarchyLvl HierarchyLvlId="1023" HierarchyLvlTypeId="27" Intrnl_Id="1229" Name="knightMovementTest">
<Header>
<Loc EndOffset="28197" SrcFileId="3" StartOffset="28164"/>
</Header>
<LocList>
<Loc EndOffset="31005" SrcFileId="3" StartOffset="28164"/>
</LocList>
<StmntSeq Intrnl_Id="1230">
<LocList>
<Loc EndOffset="28225" SrcFileId="3" StartOffset="28202"/>
<Loc EndOffset="28291" SrcFileId="3" StartOffset="28229"/>
<Loc EndOffset="28312" SrcFileId="3" StartOffset="28294"/>
<Loc EndOffset="28347" SrcFileId="3" StartOffset="28315"/>
<Loc EndOffset="28433" SrcFileId="3" StartOffset="28350"/>
<Loc EndOffset="28466" SrcFileId="3" StartOffset="28436"/>
<Loc EndOffset="28485" SrcFileId="3" StartOffset="28469"/>
<Loc EndOffset="28561" SrcFileId="3" StartOffset="28498"/>
<Loc EndOffset="28821" SrcFileId="3" StartOffset="28574"/>
<Loc EndOffset="28892" SrcFileId="3" StartOffset="28829"/>
<Loc EndOffset="29150" SrcFileId="3" StartOffset="28905"/>
<Loc EndOffset="29218" SrcFileId="3" StartOffset="29155"/>
<Loc EndOffset="29456" SrcFileId="3" StartOffset="29231"/>
<Loc EndOffset="29527" SrcFileId="3" StartOffset="29464"/>
<Loc EndOffset="29763" SrcFileId="3" StartOffset="29540"/>
<Loc EndOffset="29834" SrcFileId="3" StartOffset="29771"/>
<Loc EndOffset="30072" SrcFileId="3" StartOffset="29847"/>
<Loc EndOffset="30143" SrcFileId="3" StartOffset="30080"/>
<Loc EndOffset="30379" SrcFileId="3" StartOffset="30156"/>
<Loc EndOffset="30450" SrcFileId="3" StartOffset="30387"/>
<Loc EndOffset="30710" SrcFileId="3" StartOffset="30463"/>
<Loc EndOffset="30807" SrcFileId="3" StartOffset="28489"/>
<Loc EndOffset="30920" SrcFileId="3" StartOffset="30810"/>
<Loc EndOffset="30992" SrcFileId="3" StartOffset="30923"/>
<Loc EndOffset="31002" SrcFileId="3" StartOffset="30995"/>
</LocList>
<BasicStmnt CovItemId="S527" CovItemPrefix="game.TestingSuite.java" Intrnl_Id="1231">
<LocList>
<Loc EndOffset="28225" SrcFileId="3" StartOffset="28202"/>
</LocList>
</BasicStmnt>
<BasicStmnt CovItemId="S528" CovItemPrefix="game.TestingSuite.java" Intrnl_Id="1232">
<LocList>
<Loc EndOffset="28291" SrcFileId="3" StartOffset="28229"/>
</LocList>
</BasicStmnt>
<BasicStmnt CovItemId="S529" CovItemPrefix="game.TestingSuite.java" Intrnl_Id="1233">
<LocList>
<Loc EndOffset="28312" SrcFileId="3" StartOffset="28294"/>
</LocList>
</BasicStmnt>
<BasicStmnt CovItemId="S530" CovItemPrefix="game.TestingSuite.java" Intrnl_Id="1234">
<LocList>
<Loc EndOffset="28347" SrcFileId="3" StartOffset="28315"/>
</LocList>
</BasicStmnt>
<BasicStmnt CovItemId="S531" CovItemPrefix="game.TestingSuite.java" Intrnl_Id="1235">
<LocList>
<Loc EndOffset="28433" SrcFileId="3" StartOffset="28350"/>
</LocList>
</BasicStmnt>
<BasicStmnt CovItemId="S532" CovItemPrefix="game.TestingSuite.java" Intrnl_Id="1236">
<LocList>
<Loc EndOffset="28466" SrcFileId="3" StartOffset="28436"/>
</LocList>
</BasicStmnt>
<BasicStmnt CovItemId="S533" CovItemPrefix="game.TestingSuite.java" Intrnl_Id="1237">
<LocList>
<Loc EndOffset="28485" SrcFileId="3" StartOffset="28469"/>
</LocList>
</BasicStmnt>
<BasicStmnt CovItemId="S535" CovItemPrefix="game.TestingSuite.java" Intrnl_Id="1238">
<LocList>
<Loc EndOffset="28561" SrcFileId="3" StartOffset="28498"/>
</LocList>
</BasicStmnt>
<CondStmnt CovItemId="S536" CovItemPrefix="game.TestingSuite.java" Intrnl_Id="1239">
<Branch CovItemId="B156" CovItemPrefix="game.TestingSuite.java" Implct="false" Intrnl_Id="1240">
<Cond/>
<LocList>
<Loc EndOffset="28821" SrcFileId="3" StartOffset="28675"/>
</LocList>
<StmntSeq Intrnl_Id="1241">
<LocList>
<Loc EndOffset="28795" SrcFileId="3" StartOffset="28681"/>
<Loc EndOffset="28816" SrcFileId="3" StartOffset="28800"/>
</LocList>
<BasicStmnt CovItemId="S537" CovItemPrefix="game.TestingSuite.java" Intrnl_Id="1242">
<LocList>
<Loc EndOffset="28795" SrcFileId="3" StartOffset="28681"/>
</LocList>
</BasicStmnt>
<BasicStmnt CovItemId="S538" CovItemPrefix="game.TestingSuite.java" Intrnl_Id="1243">
<LocList>
<Loc EndOffset="28816" SrcFileId="3" StartOffset="28800"/>
</LocList>
</BasicStmnt>
</StmntSeq>
</Branch>
<Branch CovItemId="B157" CovItemPrefix="game.TestingSuite.java" Implct="true" Intrnl_Id="1244">
<Cond/>
<LocList/>
<StmntSeq Intrnl_Id="1245">
<LocList/>
</StmntSeq>
</Branch>
<Keyword EndOffset="28576" SrcFileId="3" StartOffset="28574"/>
<LocList>
<Loc EndOffset="28821" SrcFileId="3" StartOffset="28574"/>
</LocList>
<RootTerm CovItemId="C61" CovItemPrefix="game.TestingSuite.java" Intrnl_Id="1246">
<OpTerm BooleanOpId="24" Intrnl_Id="1247">
<BasicBoolTerm Intrnl_Id="1248">
<LocList>
<Loc EndOffset="28633" SrcFileId="3" StartOffset="28578"/>
</LocList>
</BasicBoolTerm>
<BasicBoolTerm Intrnl_Id="1249">
<LocList>
<Loc EndOffset="28673" SrcFileId="3" StartOffset="28637"/>
</LocList>
</BasicBoolTerm>
<LocList>
<Loc EndOffset="28636" SrcFileId="3" StartOffset="28634"/>
</LocList>
</OpTerm>
</RootTerm>
</CondStmnt>
<BasicStmnt CovItemId="S539" CovItemPrefix="game.TestingSuite.java" Intrnl_Id="1250">
<LocList>
<Loc EndOffset="28892" SrcFileId="3" StartOffset="28829"/>
</LocList>
</BasicStmnt>
<CondStmnt CovItemId="S540" CovItemPrefix="game.TestingSuite.java" Intrnl_Id="1251">
<Branch CovItemId="B158" CovItemPrefix="game.TestingSuite.java" Implct="false" Intrnl_Id="1252">
<Cond/>
<LocList>
<Loc EndOffset="29150" SrcFileId="3" StartOffset="29006"/>
</LocList>
<StmntSeq Intrnl_Id="1253">
<LocList>
<Loc EndOffset="29124" SrcFileId="3" StartOffset="29012"/>
<Loc EndOffset="29145" SrcFileId="3" StartOffset="29129"/>
</LocList>
<BasicStmnt CovItemId="S541" CovItemPrefix="game.TestingSuite.java" Intrnl_Id="1254">
<LocList>
<Loc EndOffset="29124" SrcFileId="3" StartOffset="29012"/>
</LocList>
</BasicStmnt>
<BasicStmnt CovItemId="S542" CovItemPrefix="game.TestingSuite.java" Intrnl_Id="1255">
<LocList>
<Loc EndOffset="29145" SrcFileId="3" StartOffset="29129"/>
</LocList>
</BasicStmnt>
</StmntSeq>
</Branch>
<Branch CovItemId="B159" CovItemPrefix="game.TestingSuite.java" Implct="true" Intrnl_Id="1256">
<Cond/>
<LocList/>
<StmntSeq Intrnl_Id="1257">
<LocList/>
</StmntSeq>
</Branch>
<Keyword EndOffset="28907" SrcFileId="3" StartOffset="28905"/>
<LocList>
<Loc EndOffset="29150" SrcFileId="3" StartOffset="28905"/>
</LocList>
<RootTerm CovItemId="C62" CovItemPrefix="game.TestingSuite.java" Intrnl_Id="1258">
<OpTerm BooleanOpId="24" Intrnl_Id="1259">
<BasicBoolTerm Intrnl_Id="1260">
<LocList>
<Loc EndOffset="28964" SrcFileId="3" StartOffset="28909"/>
</LocList>
</BasicBoolTerm>
<BasicBoolTerm Intrnl_Id="1261">
<LocList>
<Loc EndOffset="29004" SrcFileId="3" StartOffset="28968"/>
</LocList>
</BasicBoolTerm>
<LocList>
<Loc EndOffset="28967" SrcFileId="3" StartOffset="28965"/>
</LocList>
</OpTerm>
</RootTerm>
</CondStmnt>
<BasicStmnt CovItemId="S543" CovItemPrefix="game.TestingSuite.java" Intrnl_Id="1262">
<LocList>
<Loc EndOffset="29218" SrcFileId="3" StartOffset="29155"/>
</LocList>
</BasicStmnt>
<CondStmnt CovItemId="S544" CovItemPrefix="game.TestingSuite.java" Intrnl_Id="1263">
<Branch CovItemId="B160" CovItemPrefix="game.TestingSuite.java" Implct="false" Intrnl_Id="1264">
<Cond/>
<LocList>
<Loc EndOffset="29456" SrcFileId="3" StartOffset="29332"/>
</LocList>
<StmntSeq Intrnl_Id="1265">
<LocList>
<Loc EndOffset="29430" SrcFileId="3" StartOffset="29338"/>
<Loc EndOffset="29451" SrcFileId="3" StartOffset="29435"/>
</LocList>
<BasicStmnt CovItemId="S545" CovItemPrefix="game.TestingSuite.java" Intrnl_Id="1266">
<LocList>
<Loc EndOffset="29430" SrcFileId="3" StartOffset="29338"/>
</LocList>
</BasicStmnt>
<BasicStmnt CovItemId="S546" CovItemPrefix="game.TestingSuite.java" Intrnl_Id="1267">
<LocList>
<Loc EndOffset="29451" SrcFileId="3" StartOffset="29435"/>
</LocList>
</BasicStmnt>
</StmntSeq>
</Branch>
<Branch CovItemId="B161" CovItemPrefix="game.TestingSuite.java" Implct="true" Intrnl_Id="1268">
<Cond/>
<LocList/>
<StmntSeq Intrnl_Id="1269">
<LocList/>
</StmntSeq>
</Branch>
<Keyword EndOffset="29233" SrcFileId="3" StartOffset="29231"/>
<LocList>
<Loc EndOffset="29456" SrcFileId="3" StartOffset="29231"/>
</LocList>
<RootTerm CovItemId="C63" CovItemPrefix="game.TestingSuite.java" Intrnl_Id="1270">
<OpTerm BooleanOpId="24" Intrnl_Id="1271">
<BasicBoolTerm Intrnl_Id="1272">
<LocList>
<Loc EndOffset="29290" SrcFileId="3" StartOffset="29235"/>
</LocList>
</BasicBoolTerm>
<BasicBoolTerm Intrnl_Id="1273">
<LocList>
<Loc EndOffset="29330" SrcFileId="3" StartOffset="29294"/>
</LocList>
</BasicBoolTerm>
<LocList>
<Loc EndOffset="29293" SrcFileId="3" StartOffset="29291"/>
</LocList>
</OpTerm>
</RootTerm>
</CondStmnt>
<BasicStmnt CovItemId="S547" CovItemPrefix="game.TestingSuite.java" Intrnl_Id="1274">
<LocList>
<Loc EndOffset="29527" SrcFileId="3" StartOffset="29464"/>
</LocList>
</BasicStmnt>
<CondStmnt CovItemId="S548" CovItemPrefix="game.TestingSuite.java" Intrnl_Id="1275">
<Branch CovItemId="B162" CovItemPrefix="game.TestingSuite.java" Implct="false" Intrnl_Id="1276">
<Cond/>
<LocList>
<Loc EndOffset="29763" SrcFileId="3" StartOffset="29641"/>
</LocList>
<StmntSeq Intrnl_Id="1277">
<LocList>
<Loc EndOffset="29737" SrcFileId="3" StartOffset="29647"/>
<Loc EndOffset="29758" SrcFileId="3" StartOffset="29742"/>
</LocList>
<BasicStmnt CovItemId="S549" CovItemPrefix="game.TestingSuite.java" Intrnl_Id="1278">
<LocList>
<Loc EndOffset="29737" SrcFileId="3" StartOffset="29647"/>
</LocList>
</BasicStmnt>
<BasicStmnt CovItemId="S550" CovItemPrefix="game.TestingSuite.java" Intrnl_Id="1279">
<LocList>
<Loc EndOffset="29758" SrcFileId="3" StartOffset="29742"/>
</LocList>
</BasicStmnt>
</StmntSeq>
</Branch>
<Branch CovItemId="B163" CovItemPrefix="game.TestingSuite.java" Implct="true" Intrnl_Id="1280">
<Cond/>
<LocList/>
<StmntSeq Intrnl_Id="1281">
<LocList/>
</StmntSeq>
</Branch>
<Keyword EndOffset="29542" SrcFileId="3" StartOffset="29540"/>
<LocList>
<Loc EndOffset="29763" SrcFileId="3" StartOffset="29540"/>
</LocList>
<RootTerm CovItemId="C64" CovItemPrefix="game.TestingSuite.java" Intrnl_Id="1282">
<OpTerm BooleanOpId="24" Intrnl_Id="1283">
<BasicBoolTerm Intrnl_Id="1284">
<LocList>
<Loc EndOffset="29599" SrcFileId="3" StartOffset="29544"/>
</LocList>
</BasicBoolTerm>
<BasicBoolTerm Intrnl_Id="1285">
<LocList>
<Loc EndOffset="29639" SrcFileId="3" StartOffset="29603"/>
</LocList>
</BasicBoolTerm>
<LocList>
<Loc EndOffset="29602" SrcFileId="3" StartOffset="29600"/>
</LocList>
</OpTerm>
</RootTerm>
</CondStmnt>
<BasicStmnt CovItemId="S551" CovItemPrefix="game.TestingSuite.java" Intrnl_Id="1286">
<LocList>
<Loc EndOffset="29834" SrcFileId="3" StartOffset="29771"/>
</LocList>
</BasicStmnt>
<CondStmnt CovItemId="S552" CovItemPrefix="game.TestingSuite.java" Intrnl_Id="1287">
<Branch CovItemId="B164" CovItemPrefix="game.TestingSuite.java" Implct="false" Intrnl_Id="1288">
<Cond/>
<LocList>
<Loc EndOffset="30072" SrcFileId="3" StartOffset="29948"/>
</LocList>
<StmntSeq Intrnl_Id="1289">
<LocList>
<Loc EndOffset="30046" SrcFileId="3" StartOffset="29954"/>
<Loc EndOffset="30067" SrcFileId="3" StartOffset="30051"/>
</LocList>
<BasicStmnt CovItemId="S553" CovItemPrefix="game.TestingSuite.java" Intrnl_Id="1290">
<LocList>
<Loc EndOffset="30046" SrcFileId="3" StartOffset="29954"/>
</LocList>
</BasicStmnt>
<BasicStmnt CovItemId="S554" CovItemPrefix="game.TestingSuite.java" Intrnl_Id="1291">
<LocList>
<Loc EndOffset="30067" SrcFileId="3" StartOffset="30051"/>
</LocList>
</BasicStmnt>
</StmntSeq>
</Branch>
<Branch CovItemId="B165" CovItemPrefix="game.TestingSuite.java" Implct="true" Intrnl_Id="1292">
<Cond/>
<LocList/>
<StmntSeq Intrnl_Id="1293">
<LocList/>
</StmntSeq>
</Branch>
<Keyword EndOffset="29849" SrcFileId="3" StartOffset="29847"/>
<LocList>
<Loc EndOffset="30072" SrcFileId="3" StartOffset="29847"/>
</LocList>
<RootTerm CovItemId="C65" CovItemPrefix="game.TestingSuite.java" Intrnl_Id="1294">
<OpTerm BooleanOpId="24" Intrnl_Id="1295">
<BasicBoolTerm Intrnl_Id="1296">
<LocList>
<Loc EndOffset="29906" SrcFileId="3" StartOffset="29851"/>
</LocList>
</BasicBoolTerm>
<BasicBoolTerm Intrnl_Id="1297">
<LocList>
<Loc EndOffset="29946" SrcFileId="3" StartOffset="29910"/>
</LocList>
</BasicBoolTerm>
<LocList>
<Loc EndOffset="29909" SrcFileId="3" StartOffset="29907"/>
</LocList>
</OpTerm>
</RootTerm>
</CondStmnt>
<BasicStmnt CovItemId="S555" CovItemPrefix="game.TestingSuite.java" Intrnl_Id="1298">
<LocList>
<Loc EndOffset="30143" SrcFileId="3" StartOffset="30080"/>
</LocList>
</BasicStmnt>
<CondStmnt CovItemId="S556" CovItemPrefix="game.TestingSuite.java" Intrnl_Id="1299">
<Branch CovItemId="B166" CovItemPrefix="game.TestingSuite.java" Implct="false" Intrnl_Id="1300">
<Cond/>
<LocList>
<Loc EndOffset="30379" SrcFileId="3" StartOffset="30257"/>
</LocList>
<StmntSeq Intrnl_Id="1301">
<LocList>
<Loc EndOffset="30353" SrcFileId="3" StartOffset="30263"/>
<Loc EndOffset="30374" SrcFileId="3" StartOffset="30358"/>
</LocList>
<BasicStmnt CovItemId="S557" CovItemPrefix="game.TestingSuite.java" Intrnl_Id="1302">
<LocList>
<Loc EndOffset="30353" SrcFileId="3" StartOffset="30263"/>
</LocList>
</BasicStmnt>
<BasicStmnt CovItemId="S558" CovItemPrefix="game.TestingSuite.java" Intrnl_Id="1303">
<LocList>
<Loc EndOffset="30374" SrcFileId="3" StartOffset="30358"/>
</LocList>
</BasicStmnt>
</StmntSeq>
</Branch>
<Branch CovItemId="B167" CovItemPrefix="game.TestingSuite.java" Implct="true" Intrnl_Id="1304">
<Cond/>
<LocList/>
<StmntSeq Intrnl_Id="1305">
<LocList/>
</StmntSeq>
</Branch>
<Keyword EndOffset="30158" SrcFileId="3" StartOffset="30156"/>
<LocList>
<Loc EndOffset="30379" SrcFileId="3" StartOffset="30156"/>
</LocList>
<RootTerm CovItemId="C66" CovItemPrefix="game.TestingSuite.java" Intrnl_Id="1306">
<OpTerm BooleanOpId="24" Intrnl_Id="1307">
<BasicBoolTerm Intrnl_Id="1308">
<LocList>
<Loc EndOffset="30215" SrcFileId="3" StartOffset="30160"/>
</LocList>
</BasicBoolTerm>
<BasicBoolTerm Intrnl_Id="1309">
<LocList>
<Loc EndOffset="30255" SrcFileId="3" StartOffset="30219"/>
</LocList>
</BasicBoolTerm>
<LocList>
<Loc EndOffset="30218" SrcFileId="3" StartOffset="30216"/>
</LocList>
</OpTerm>
</RootTerm>
</CondStmnt>
<BasicStmnt CovItemId="S559" CovItemPrefix="game.TestingSuite.java" Intrnl_Id="1310">
<LocList>
<Loc EndOffset="30450" SrcFileId="3" StartOffset="30387"/>
</LocList>
</BasicStmnt>
<CondStmnt CovItemId="S560" CovItemPrefix="game.TestingSuite.java" Intrnl_Id="1311">
<Branch CovItemId="B168" CovItemPrefix="game.TestingSuite.java" Implct="false" Intrnl_Id="1312">
<Cond/>
<LocList>
<Loc EndOffset="30710" SrcFileId="3" StartOffset="30564"/>
</LocList>
<StmntSeq Intrnl_Id="1313">
<LocList>
<Loc EndOffset="30684" SrcFileId="3" StartOffset="30570"/>
<Loc EndOffset="30705" SrcFileId="3" StartOffset="30689"/>
</LocList>
<BasicStmnt CovItemId="S561" CovItemPrefix="game.TestingSuite.java" Intrnl_Id="1314">
<LocList>
<Loc EndOffset="30684" SrcFileId="3" StartOffset="30570"/>
</LocList>
</BasicStmnt>
<BasicStmnt CovItemId="S562" CovItemPrefix="game.TestingSuite.java" Intrnl_Id="1315">
<LocList>
<Loc EndOffset="30705" SrcFileId="3" StartOffset="30689"/>
</LocList>
</BasicStmnt>
</StmntSeq>
</Branch>
<Branch CovItemId="B169" CovItemPrefix="game.TestingSuite.java" Implct="true" Intrnl_Id="1316">
<Cond/>
<LocList/>
<StmntSeq Intrnl_Id="1317">
<LocList/>
</StmntSeq>
</Branch>
<Keyword EndOffset="30465" SrcFileId="3" StartOffset="30463"/>
<LocList>
<Loc EndOffset="30710" SrcFileId="3" StartOffset="30463"/>
</LocList>
<RootTerm CovItemId="C67" CovItemPrefix="game.TestingSuite.java" Intrnl_Id="1318">
<OpTerm BooleanOpId="24" Intrnl_Id="1319">
<BasicBoolTerm Intrnl_Id="1320">
<LocList>
<Loc EndOffset="30522" SrcFileId="3" StartOffset="30467"/>
</LocList>
</BasicBoolTerm>
<BasicBoolTerm Intrnl_Id="1321">
<LocList>
<Loc EndOffset="30562" SrcFileId="3" StartOffset="30526"/>
</LocList>
</BasicBoolTerm>
<LocList>
<Loc EndOffset="30525" SrcFileId="3" StartOffset="30523"/>
</LocList>
</OpTerm>
</RootTerm>
</CondStmnt>
<CondStmnt CovItemId="S534" CovItemPrefix="game.TestingSuite.java" Intrnl_Id="1322">
<Branch CovItemId="B155" CovItemPrefix="game.TestingSuite.java" Implct="true" Intrnl_Id="1323">
<Cond/>
<LocList/>
<StmntSeq Intrnl_Id="1324">
<LocList/>
</StmntSeq>
</Branch>
<Branch CovItemId="B170" CovItemPrefix="game.TestingSuite.java" Implct="false" Intrnl_Id="1325">
<Cond>
<Loc EndOffset="30742" SrcFileId="3" StartOffset="30723"/>
</Cond>
<LocList>
<Loc EndOffset="30807" SrcFileId="3" StartOffset="30743"/>
</LocList>
<StmntSeq Intrnl_Id="1326">
<LocList>
<Loc EndOffset="30764" SrcFileId="3" StartOffset="30748"/>
<Loc EndOffset="30803" SrcFileId="3" StartOffset="30768"/>
</LocList>
<BasicStmnt CovItemId="S563" CovItemPrefix="game.TestingSuite.java" Intrnl_Id="1327">
<LocList>
<Loc EndOffset="30764" SrcFileId="3" StartOffset="30748"/>
</LocList>
</BasicStmnt>
<BasicStmnt CovItemId="S564" CovItemPrefix="game.TestingSuite.java" Intrnl_Id="1328">
<LocList>
<Loc EndOffset="30803" SrcFileId="3" StartOffset="30768"/>
</LocList>
</BasicStmnt>
</StmntSeq>
</Branch>
<Keyword EndOffset="28492" SrcFileId="3" StartOffset="28489"/>
<LocList>
<Loc EndOffset="30807" SrcFileId="3" StartOffset="28489"/>
</LocList>
</CondStmnt>
<CondStmnt CovItemId="S565" CovItemPrefix="game.TestingSuite.java" Intrnl_Id="1329">
<Branch CovItemId="B171" CovItemPrefix="game.TestingSuite.java" Implct="false" Intrnl_Id="1330">
<Cond/>
<LocList>
<Loc EndOffset="30920" SrcFileId="3" StartOffset="30823"/>
</LocList>
<StmntSeq Intrnl_Id="1331">
<LocList>
<Loc EndOffset="30905" SrcFileId="3" StartOffset="30828"/>
<Loc EndOffset="30916" SrcFileId="3" StartOffset="30909"/>
</LocList>
<BasicStmnt CovItemId="S566" CovItemPrefix="game.TestingSuite.java" Intrnl_Id="1332">
<LocList>
<Loc EndOffset="30905" SrcFileId="3" StartOffset="30828"/>
</LocList>
</BasicStmnt>
<BasicStmnt CovItemId="S567" CovItemPrefix="game.TestingSuite.java" Intrnl_Id="1333">
<LocList>
<Loc EndOffset="30916" SrcFileId="3" StartOffset="30909"/>
</LocList>
</BasicStmnt>
</StmntSeq>
</Branch>
<Branch CovItemId="B172" CovItemPrefix="game.TestingSuite.java" Implct="true" Intrnl_Id="1334">
<Cond/>
<LocList/>
<StmntSeq Intrnl_Id="1335">
<LocList/>
</StmntSeq>
</Branch>
<Keyword EndOffset="30812" SrcFileId="3" StartOffset="30810"/>
<LocList>
<Loc EndOffset="30920" SrcFileId="3" StartOffset="30810"/>
</LocList>
<RootTerm CovItemId="C68" CovItemPrefix="game.TestingSuite.java" Intrnl_Id="1336">
<BasicBoolTerm Intrnl_Id="1337">
<LocList>
<Loc EndOffset="30821" SrcFileId="3" StartOffset="30814"/>
</LocList>
</BasicBoolTerm>
</RootTerm>
</CondStmnt>
<BasicStmnt CovItemId="S568" CovItemPrefix="game.TestingSuite.java" Intrnl_Id="1338">
<LocList>
<Loc EndOffset="30992" SrcFileId="3" StartOffset="30923"/>
</LocList>
</BasicStmnt>
<BasicStmnt CovItemId="S569" CovItemPrefix="game.TestingSuite.java" Intrnl_Id="1339">
<LocList>
<Loc EndOffset="31002" SrcFileId="3" StartOffset="30995"/>
</LocList>
</BasicStmnt>
</StmntSeq>
</HierarchyLvl>
<HierarchyLvl HierarchyLvlId="1024" HierarchyLvlTypeId="27" Intrnl_Id="1340" Name="bishopMovementTest">
<Header>
<Loc EndOffset="31124" SrcFileId="3" StartOffset="31091"/>
</Header>
<LocList>
<Loc EndOffset="33655" SrcFileId="3" StartOffset="31091"/>
</LocList>
<StmntSeq Intrnl_Id="1341">
<LocList>
<Loc EndOffset="31152" SrcFileId="3" StartOffset="31129"/>
<Loc EndOffset="31218" SrcFileId="3" StartOffset="31156"/>
<Loc EndOffset="31239" SrcFileId="3" StartOffset="31221"/>
<Loc EndOffset="31274" SrcFileId="3" StartOffset="31242"/>
<Loc EndOffset="31360" SrcFileId="3" StartOffset="31277"/>
<Loc EndOffset="31393" SrcFileId="3" StartOffset="31363"/>
<Loc EndOffset="31412" SrcFileId="3" StartOffset="31396"/>
<Loc EndOffset="31488" SrcFileId="3" StartOffset="31425"/>
<Loc EndOffset="31732" SrcFileId="3" StartOffset="31501"/>
<Loc EndOffset="31835" SrcFileId="3" StartOffset="31772"/>
<Loc EndOffset="31907" SrcFileId="3" StartOffset="31844"/>
<Loc EndOffset="31983" SrcFileId="3" StartOffset="31920"/>
<Loc EndOffset="32215" SrcFileId="3" StartOffset="31996"/>
<Loc EndOffset="32286" SrcFileId="3" StartOffset="32223"/>
<Loc EndOffset="32516" SrcFileId="3" StartOffset="32299"/>
<Loc EndOffset="32587" SrcFileId="3" StartOffset="32524"/>
<Loc EndOffset="32843" SrcFileId="3" StartOffset="32600"/>
<Loc EndOffset="32958" SrcFileId="3" StartOffset="32895"/>
<Loc EndOffset="33030" SrcFileId="3" StartOffset="32967"/>
<Loc EndOffset="33106" SrcFileId="3" StartOffset="33043"/>
<Loc EndOffset="33360" SrcFileId="3" StartOffset="33119"/>
<Loc EndOffset="33457" SrcFileId="3" StartOffset="31416"/>
<Loc EndOffset="33570" SrcFileId="3" StartOffset="33460"/>
<Loc EndOffset="33642" SrcFileId="3" StartOffset="33573"/>
<Loc EndOffset="33652" SrcFileId="3" StartOffset="33645"/>
</LocList>
<BasicStmnt CovItemId="S570" CovItemPrefix="game.TestingSuite.java" Intrnl_Id="1342">
<LocList>
<Loc EndOffset="31152" SrcFileId="3" StartOffset="31129"/>
</LocList>
</BasicStmnt>
<BasicStmnt CovItemId="S571" CovItemPrefix="game.TestingSuite.java" Intrnl_Id="1343">
<LocList>
<Loc EndOffset="31218" SrcFileId="3" StartOffset="31156"/>
</LocList>
</BasicStmnt>
<BasicStmnt CovItemId="S572" CovItemPrefix="game.TestingSuite.java" Intrnl_Id="1344">
<LocList>
<Loc EndOffset="31239" SrcFileId="3" StartOffset="31221"/>
</LocList>
</BasicStmnt>
<BasicStmnt CovItemId="S573" CovItemPrefix="game.TestingSuite.java" Intrnl_Id="1345">
<LocList>
<Loc EndOffset="31274" SrcFileId="3" StartOffset="31242"/>
</LocList>
</BasicStmnt>
<BasicStmnt CovItemId="S574" CovItemPrefix="game.TestingSuite.java" Intrnl_Id="1346">
<LocList>
<Loc EndOffset="31360" SrcFileId="3" StartOffset="31277"/>
</LocList>
</BasicStmnt>
<BasicStmnt CovItemId="S575" CovItemPrefix="game.TestingSuite.java" Intrnl_Id="1347">
<LocList>
<Loc EndOffset="31393" SrcFileId="3" StartOffset="31363"/>
</LocList>
</BasicStmnt>
<BasicStmnt CovItemId="S576" CovItemPrefix="game.TestingSuite.java" Intrnl_Id="1348">
<LocList>
<Loc EndOffset="31412" SrcFileId="3" StartOffset="31396"/>
</LocList>
</BasicStmnt>
<BasicStmnt CovItemId="S578" CovItemPrefix="game.TestingSuite.java" Intrnl_Id="1349">
<LocList>
<Loc EndOffset="31488" SrcFileId="3" StartOffset="31425"/>
</LocList>
</BasicStmnt>
<CondStmnt CovItemId="S579" CovItemPrefix="game.TestingSuite.java" Intrnl_Id="1350">
<Branch CovItemId="B174" CovItemPrefix="game.TestingSuite.java" Implct="false" Intrnl_Id="1351">
<Cond/>
<LocList>
<Loc EndOffset="31732" SrcFileId="3" StartOffset="31602"/>
</LocList>
<StmntSeq Intrnl_Id="1352">
<LocList>
<Loc EndOffset="31706" SrcFileId="3" StartOffset="31608"/>
<Loc EndOffset="31727" SrcFileId="3" StartOffset="31711"/>
</LocList>
<BasicStmnt CovItemId="S580" CovItemPrefix="game.TestingSuite.java" Intrnl_Id="1353">
<LocList>
<Loc EndOffset="31706" SrcFileId="3" StartOffset="31608"/>
</LocList>
</BasicStmnt>
<BasicStmnt CovItemId="S581" CovItemPrefix="game.TestingSuite.java" Intrnl_Id="1354">
<LocList>
<Loc EndOffset="31727" SrcFileId="3" StartOffset="31711"/>
</LocList>
</BasicStmnt>
</StmntSeq>
</Branch>
<Branch CovItemId="B175" CovItemPrefix="game.TestingSuite.java" Implct="true" Intrnl_Id="1355">
<Cond/>
<LocList/>
<StmntSeq Intrnl_Id="1356">
<LocList/>
</StmntSeq>
</Branch>
<Keyword EndOffset="31503" SrcFileId="3" StartOffset="31501"/>
<LocList>
<Loc EndOffset="31732" SrcFileId="3" StartOffset="31501"/>
</LocList>
<RootTerm CovItemId="C69" CovItemPrefix="game.TestingSuite.java" Intrnl_Id="1357">
<OpTerm BooleanOpId="24" Intrnl_Id="1358">
<BasicBoolTerm Intrnl_Id="1359">
<LocList>
<Loc EndOffset="31560" SrcFileId="3" StartOffset="31505"/>
</LocList>
</BasicBoolTerm>
<BasicBoolTerm Intrnl_Id="1360">
<LocList>
<Loc EndOffset="31600" SrcFileId="3" StartOffset="31564"/>
</LocList>
</BasicBoolTerm>
<LocList>
<Loc EndOffset="31563" SrcFileId="3" StartOffset="31561"/>
</LocList>
</OpTerm>
</RootTerm>
</CondStmnt>
<BasicStmnt CovItemId="S582" CovItemPrefix="game.TestingSuite.java" Intrnl_Id="1361">
<LocList>
<Loc EndOffset="31835" SrcFileId="3" StartOffset="31772"/>
</LocList>
</BasicStmnt>
<BasicStmnt CovItemId="S583" CovItemPrefix="game.TestingSuite.java" Intrnl_Id="1362">
<LocList>
<Loc EndOffset="31907" SrcFileId="3" StartOffset="31844"/>
</LocList>
</BasicStmnt>
<BasicStmnt CovItemId="S584" CovItemPrefix="game.TestingSuite.java" Intrnl_Id="1363">
<LocList>
<Loc EndOffset="31983" SrcFileId="3" StartOffset="31920"/>
</LocList>
</BasicStmnt>
<CondStmnt CovItemId="S585" CovItemPrefix="game.TestingSuite.java" Intrnl_Id="1364">
<Branch CovItemId="B176" CovItemPrefix="game.TestingSuite.java" Implct="false" Intrnl_Id="1365">
<Cond/>
<LocList>
<Loc EndOffset="32215" SrcFileId="3" StartOffset="32097"/>
</LocList>
<StmntSeq Intrnl_Id="1366">
<LocList>
<Loc EndOffset="32189" SrcFileId="3" StartOffset="32103"/>
<Loc EndOffset="32210" SrcFileId="3" StartOffset="32194"/>
</LocList>
<BasicStmnt CovItemId="S586" CovItemPrefix="game.TestingSuite.java" Intrnl_Id="1367">
<LocList>
<Loc EndOffset="32189" SrcFileId="3" StartOffset="32103"/>
</LocList>
</BasicStmnt>
<BasicStmnt CovItemId="S587" CovItemPrefix="game.TestingSuite.java" Intrnl_Id="1368">
<LocList>
<Loc EndOffset="32210" SrcFileId="3" StartOffset="32194"/>
</LocList>
</BasicStmnt>
</StmntSeq>
</Branch>
<Branch CovItemId="B177" CovItemPrefix="game.TestingSuite.java" Implct="true" Intrnl_Id="1369">
<Cond/>
<LocList/>
<StmntSeq Intrnl_Id="1370">
<LocList/>
</StmntSeq>
</Branch>
<Keyword EndOffset="31998" SrcFileId="3" StartOffset="31996"/>
<LocList>
<Loc EndOffset="32215" SrcFileId="3" StartOffset="31996"/>
</LocList>
<RootTerm CovItemId="C70" CovItemPrefix="game.TestingSuite.java" Intrnl_Id="1371">
<OpTerm BooleanOpId="24" Intrnl_Id="1372">
<BasicBoolTerm Intrnl_Id="1373">
<LocList>
<Loc EndOffset="32055" SrcFileId="3" StartOffset="32000"/>
</LocList>
</BasicBoolTerm>
<BasicBoolTerm Intrnl_Id="1374">
<LocList>
<Loc EndOffset="32095" SrcFileId="3" StartOffset="32059"/>
</LocList>
</BasicBoolTerm>
<LocList>
<Loc EndOffset="32058" SrcFileId="3" StartOffset="32056"/>
</LocList>
</OpTerm>
</RootTerm>
</CondStmnt>
<BasicStmnt CovItemId="S588" CovItemPrefix="game.TestingSuite.java" Intrnl_Id="1375">
<LocList>
<Loc EndOffset="32286" SrcFileId="3" StartOffset="32223"/>
</LocList>
</BasicStmnt>
<CondStmnt CovItemId="S589" CovItemPrefix="game.TestingSuite.java" Intrnl_Id="1376">
<Branch CovItemId="B178" CovItemPrefix="game.TestingSuite.java" Implct="false" Intrnl_Id="1377">
<Cond/>
<LocList>
<Loc EndOffset="32516" SrcFileId="3" StartOffset="32400"/>
</LocList>
<StmntSeq Intrnl_Id="1378">
<LocList>
<Loc EndOffset="32490" SrcFileId="3" StartOffset="32406"/>
<Loc EndOffset="32511" SrcFileId="3" StartOffset="32495"/>
</LocList>
<BasicStmnt CovItemId="S590" CovItemPrefix="game.TestingSuite.java" Intrnl_Id="1379">
<LocList>
<Loc EndOffset="32490" SrcFileId="3" StartOffset="32406"/>
</LocList>
</BasicStmnt>
<BasicStmnt CovItemId="S591" CovItemPrefix="game.TestingSuite.java" Intrnl_Id="1380">
<LocList>
<Loc EndOffset="32511" SrcFileId="3" StartOffset="32495"/>
</LocList>
</BasicStmnt>
</StmntSeq>
</Branch>
<Branch CovItemId="B179" CovItemPrefix="game.TestingSuite.java" Implct="true" Intrnl_Id="1381">
<Cond/>
<LocList/>
<StmntSeq Intrnl_Id="1382">
<LocList/>
</StmntSeq>
</Branch>
<Keyword EndOffset="32301" SrcFileId="3" StartOffset="32299"/>
<LocList>
<Loc EndOffset="32516" SrcFileId="3" StartOffset="32299"/>
</LocList>
<RootTerm CovItemId="C71" CovItemPrefix="game.TestingSuite.java" Intrnl_Id="1383">
<OpTerm BooleanOpId="24" Intrnl_Id="1384">
<BasicBoolTerm Intrnl_Id="1385">
<LocList>
<Loc EndOffset="32358" SrcFileId="3" StartOffset="32303"/>
</LocList>
</BasicBoolTerm>
<BasicBoolTerm Intrnl_Id="1386">
<LocList>
<Loc EndOffset="32398" SrcFileId="3" StartOffset="32362"/>
</LocList>
</BasicBoolTerm>
<LocList>
<Loc EndOffset="32361" SrcFileId="3" StartOffset="32359"/>
</LocList>
</OpTerm>
</RootTerm>
</CondStmnt>
<BasicStmnt CovItemId="S592" CovItemPrefix="game.TestingSuite.java" Intrnl_Id="1387">
<LocList>
<Loc EndOffset="32587" SrcFileId="3" StartOffset="32524"/>
</LocList>
</BasicStmnt>
<CondStmnt CovItemId="S593" CovItemPrefix="game.TestingSuite.java" Intrnl_Id="1388">
<Branch CovItemId="B180" CovItemPrefix="game.TestingSuite.java" Implct="false" Intrnl_Id="1389">
<Cond/>
<LocList>
<Loc EndOffset="32843" SrcFileId="3" StartOffset="32701"/>
</LocList>
<StmntSeq Intrnl_Id="1390">
<LocList>
<Loc EndOffset="32817" SrcFileId="3" StartOffset="32707"/>
<Loc EndOffset="32838" SrcFileId="3" StartOffset="32822"/>
</LocList>
<BasicStmnt CovItemId="S594" CovItemPrefix="game.TestingSuite.java" Intrnl_Id="1391">
<LocList>
<Loc EndOffset="32817" SrcFileId="3" StartOffset="32707"/>
</LocList>
</BasicStmnt>
<BasicStmnt CovItemId="S595" CovItemPrefix="game.TestingSuite.java" Intrnl_Id="1392">
<LocList>
<Loc EndOffset="32838" SrcFileId="3" StartOffset="32822"/>
</LocList>
</BasicStmnt>
</StmntSeq>
</Branch>
<Branch CovItemId="B181" CovItemPrefix="game.TestingSuite.java" Implct="true" Intrnl_Id="1393">
<Cond/>
<LocList/>
<StmntSeq Intrnl_Id="1394">
<LocList/>
</StmntSeq>
</Branch>
<Keyword EndOffset="32602" SrcFileId="3" StartOffset="32600"/>
<LocList>
<Loc EndOffset="32843" SrcFileId="3" StartOffset="32600"/>
</LocList>
<RootTerm CovItemId="C72" CovItemPrefix="game.TestingSuite.java" Intrnl_Id="1395">
<OpTerm BooleanOpId="24" Intrnl_Id="1396">
<BasicBoolTerm Intrnl_Id="1397">
<LocList>
<Loc EndOffset="32659" SrcFileId="3" StartOffset="32604"/>
</LocList>
</BasicBoolTerm>
<BasicBoolTerm Intrnl_Id="1398">
<LocList>
<Loc EndOffset="32699" SrcFileId="3" StartOffset="32663"/>
</LocList>
</BasicBoolTerm>
<LocList>
<Loc EndOffset="32662" SrcFileId="3" StartOffset="32660"/>
</LocList>
</OpTerm>
</RootTerm>
</CondStmnt>
<BasicStmnt CovItemId="S596" CovItemPrefix="game.TestingSuite.java" Intrnl_Id="1399">
<LocList>
<Loc EndOffset="32958" SrcFileId="3" StartOffset="32895"/>
</LocList>
</BasicStmnt>
<BasicStmnt CovItemId="S597" CovItemPrefix="game.TestingSuite.java" Intrnl_Id="1400">
<LocList>
<Loc EndOffset="33030" SrcFileId="3" StartOffset="32967"/>
</LocList>
</BasicStmnt>
<BasicStmnt CovItemId="S598" CovItemPrefix="game.TestingSuite.java" Intrnl_Id="1401">
<LocList>
<Loc EndOffset="33106" SrcFileId="3" StartOffset="33043"/>
</LocList>
</BasicStmnt>
<CondStmnt CovItemId="S599" CovItemPrefix="game.TestingSuite.java" Intrnl_Id="1402">
<Branch CovItemId="B182" CovItemPrefix="game.TestingSuite.java" Implct="false" Intrnl_Id="1403">
<Cond/>
<LocList>
<Loc EndOffset="33360" SrcFileId="3" StartOffset="33220"/>
</LocList>
<StmntSeq Intrnl_Id="1404">
<LocList>
<Loc EndOffset="33334" SrcFileId="3" StartOffset="33226"/>
<Loc EndOffset="33355" SrcFileId="3" StartOffset="33339"/>
</LocList>
<BasicStmnt CovItemId="S600" CovItemPrefix="game.TestingSuite.java" Intrnl_Id="1405">
<LocList>
<Loc EndOffset="33334" SrcFileId="3" StartOffset="33226"/>
</LocList>
</BasicStmnt>
<BasicStmnt CovItemId="S601" CovItemPrefix="game.TestingSuite.java" Intrnl_Id="1406">
<LocList>
<Loc EndOffset="33355" SrcFileId="3" StartOffset="33339"/>
</LocList>
</BasicStmnt>
</StmntSeq>
</Branch>
<Branch CovItemId="B183" CovItemPrefix="game.TestingSuite.java" Implct="true" Intrnl_Id="1407">
<Cond/>
<LocList/>
<StmntSeq Intrnl_Id="1408">
<LocList/>
</StmntSeq>
</Branch>
<Keyword EndOffset="33121" SrcFileId="3" StartOffset="33119"/>
<LocList>
<Loc EndOffset="33360" SrcFileId="3" StartOffset="33119"/>
</LocList>
<RootTerm CovItemId="C73" CovItemPrefix="game.TestingSuite.java" Intrnl_Id="1409">
<OpTerm BooleanOpId="24" Intrnl_Id="1410">
<BasicBoolTerm Intrnl_Id="1411">
<LocList>
<Loc EndOffset="33178" SrcFileId="3" StartOffset="33123"/>
</LocList>
</BasicBoolTerm>
<BasicBoolTerm Intrnl_Id="1412">
<LocList>
<Loc EndOffset="33218" SrcFileId="3" StartOffset="33182"/>
</LocList>
</BasicBoolTerm>
<LocList>
<Loc EndOffset="33181" SrcFileId="3" StartOffset="33179"/>
</LocList>
</OpTerm>
</RootTerm>
</CondStmnt>
<CondStmnt CovItemId="S577" CovItemPrefix="game.TestingSuite.java" Intrnl_Id="1413">
<Branch CovItemId="B173" CovItemPrefix="game.TestingSuite.java" Implct="true" Intrnl_Id="1414">
<Cond/>
<LocList/>
<StmntSeq Intrnl_Id="1415">
<LocList/>
</StmntSeq>
</Branch>
<Branch CovItemId="B184" CovItemPrefix="game.TestingSuite.java" Implct="false" Intrnl_Id="1416">
<Cond>
<Loc EndOffset="33392" SrcFileId="3" StartOffset="33373"/>
</Cond>
<LocList>
<Loc EndOffset="33457" SrcFileId="3" StartOffset="33393"/>
</LocList>
<StmntSeq Intrnl_Id="1417">
<LocList>
<Loc EndOffset="33414" SrcFileId="3" StartOffset="33398"/>
<Loc EndOffset="33453" SrcFileId="3" StartOffset="33418"/>
</LocList>
<BasicStmnt CovItemId="S602" CovItemPrefix="game.TestingSuite.java" Intrnl_Id="1418">
<LocList>
<Loc EndOffset="33414" SrcFileId="3" StartOffset="33398"/>
</LocList>
</BasicStmnt>
<BasicStmnt CovItemId="S603" CovItemPrefix="game.TestingSuite.java" Intrnl_Id="1419">
<LocList>
<Loc EndOffset="33453" SrcFileId="3" StartOffset="33418"/>
</LocList>
</BasicStmnt>
</StmntSeq>
</Branch>
<Keyword EndOffset="31419" SrcFileId="3" StartOffset="31416"/>
<LocList>
<Loc EndOffset="33457" SrcFileId="3" StartOffset="31416"/>
</LocList>
</CondStmnt>
<CondStmnt CovItemId="S604" CovItemPrefix="game.TestingSuite.java" Intrnl_Id="1420">
<Branch CovItemId="B185" CovItemPrefix="game.TestingSuite.java" Implct="false" Intrnl_Id="1421">
<Cond/>
<LocList>
<Loc EndOffset="33570" SrcFileId="3" StartOffset="33473"/>
</LocList>
<StmntSeq Intrnl_Id="1422">
<LocList>
<Loc EndOffset="33555" SrcFileId="3" StartOffset="33478"/>
<Loc EndOffset="33566" SrcFileId="3" StartOffset="33559"/>
</LocList>
<BasicStmnt CovItemId="S605" CovItemPrefix="game.TestingSuite.java" Intrnl_Id="1423">
<LocList>
<Loc EndOffset="33555" SrcFileId="3" StartOffset="33478"/>
</LocList>
</BasicStmnt>
<BasicStmnt CovItemId="S606" CovItemPrefix="game.TestingSuite.java" Intrnl_Id="1424">
<LocList>
<Loc EndOffset="33566" SrcFileId="3" StartOffset="33559"/>
</LocList>
</BasicStmnt>
</StmntSeq>
</Branch>
<Branch CovItemId="B186" CovItemPrefix="game.TestingSuite.java" Implct="true" Intrnl_Id="1425">
<Cond/>
<LocList/>
<StmntSeq Intrnl_Id="1426">
<LocList/>
</StmntSeq>
</Branch>
<Keyword EndOffset="33462" SrcFileId="3" StartOffset="33460"/>
<LocList>
<Loc EndOffset="33570" SrcFileId="3" StartOffset="33460"/>
</LocList>
<RootTerm CovItemId="C74" CovItemPrefix="game.TestingSuite.java" Intrnl_Id="1427">
<BasicBoolTerm Intrnl_Id="1428">
<LocList>
<Loc EndOffset="33471" SrcFileId="3" StartOffset="33464"/>
</LocList>
</BasicBoolTerm>
</RootTerm>
</CondStmnt>
<BasicStmnt CovItemId="S607" CovItemPrefix="game.TestingSuite.java" Intrnl_Id="1429">
<LocList>
<Loc EndOffset="33642" SrcFileId="3" StartOffset="33573"/>
</LocList>
</BasicStmnt>
<BasicStmnt CovItemId="S608" CovItemPrefix="game.TestingSuite.java" Intrnl_Id="1430">
<LocList>
<Loc EndOffset="33652" SrcFileId="3" StartOffset="33645"/>
</LocList>
</BasicStmnt>
</StmntSeq>
</HierarchyLvl>
<HierarchyLvl HierarchyLvlId="1025" HierarchyLvlTypeId="27" Intrnl_Id="1431" Name="queenMovementTest">
<Header>
<Loc EndOffset="33772" SrcFileId="3" StartOffset="33740"/>
</Header>
<LocList>
<Loc EndOffset="36478" SrcFileId="3" StartOffset="33740"/>
</LocList>
<StmntSeq Intrnl_Id="1432">
<LocList>
<Loc EndOffset="33800" SrcFileId="3" StartOffset="33777"/>
<Loc EndOffset="33865" SrcFileId="3" StartOffset="33804"/>
<Loc EndOffset="33886" SrcFileId="3" StartOffset="33868"/>
<Loc EndOffset="33921" SrcFileId="3" StartOffset="33889"/>
<Loc EndOffset="34007" SrcFileId="3" StartOffset="33924"/>
<Loc EndOffset="34040" SrcFileId="3" StartOffset="34010"/>
<Loc EndOffset="34059" SrcFileId="3" StartOffset="34043"/>
<Loc EndOffset="34188" SrcFileId="3" StartOffset="34125"/>
<Loc EndOffset="34315" SrcFileId="3" StartOffset="34252"/>
<Loc EndOffset="34422" SrcFileId="3" StartOffset="34359"/>
<Loc EndOffset="34529" SrcFileId="3" StartOffset="34466"/>
<Loc EndOffset="34631" SrcFileId="3" StartOffset="34568"/>
<Loc EndOffset="34856" SrcFileId="3" StartOffset="34640"/>
<Loc EndOffset="34956" SrcFileId="3" StartOffset="34893"/>
<Loc EndOffset="35181" SrcFileId="3" StartOffset="34965"/>
<Loc EndOffset="35278" SrcFileId="3" StartOffset="35215"/>
<Loc EndOffset="35503" SrcFileId="3" StartOffset="35287"/>
<Loc EndOffset="35602" SrcFileId="3" StartOffset="35539"/>
<Loc EndOffset="35829" SrcFileId="3" StartOffset="35611"/>
<Loc EndOffset="35965" SrcFileId="3" StartOffset="35902"/>
<Loc EndOffset="36189" SrcFileId="3" StartOffset="35974"/>
<Loc EndOffset="36282" SrcFileId="3" StartOffset="34063"/>
<Loc EndOffset="36394" SrcFileId="3" StartOffset="36285"/>
<Loc EndOffset="36465" SrcFileId="3" StartOffset="36397"/>
<Loc EndOffset="36475" SrcFileId="3" StartOffset="36468"/>
</LocList>
<BasicStmnt CovItemId="S609" CovItemPrefix="game.TestingSuite.java" Intrnl_Id="1433">
<LocList>
<Loc EndOffset="33800" SrcFileId="3" StartOffset="33777"/>
</LocList>
</BasicStmnt>
<BasicStmnt CovItemId="S610" CovItemPrefix="game.TestingSuite.java" Intrnl_Id="1434">
<LocList>
<Loc EndOffset="33865" SrcFileId="3" StartOffset="33804"/>
</LocList>
</BasicStmnt>
<BasicStmnt CovItemId="S611" CovItemPrefix="game.TestingSuite.java" Intrnl_Id="1435">
<LocList>
<Loc EndOffset="33886" SrcFileId="3" StartOffset="33868"/>
</LocList>
</BasicStmnt>
<BasicStmnt CovItemId="S612" CovItemPrefix="game.TestingSuite.java" Intrnl_Id="1436">
<LocList>
<Loc EndOffset="33921" SrcFileId="3" StartOffset="33889"/>
</LocList>
</BasicStmnt>
<BasicStmnt CovItemId="S613" CovItemPrefix="game.TestingSuite.java" Intrnl_Id="1437">
<LocList>
<Loc EndOffset="34007" SrcFileId="3" StartOffset="33924"/>
</LocList>
</BasicStmnt>
<BasicStmnt CovItemId="S614" CovItemPrefix="game.TestingSuite.java" Intrnl_Id="1438">
<LocList>
<Loc EndOffset="34040" SrcFileId="3" StartOffset="34010"/>
</LocList>
</BasicStmnt>
<BasicStmnt CovItemId="S615" CovItemPrefix="game.TestingSuite.java" Intrnl_Id="1439">
<LocList>
<Loc EndOffset="34059" SrcFileId="3" StartOffset="34043"/>
</LocList>
</BasicStmnt>
<BasicStmnt CovItemId="S617" CovItemPrefix="game.TestingSuite.java" Intrnl_Id="1440">
<LocList>
<Loc EndOffset="34188" SrcFileId="3" StartOffset="34125"/>
</LocList>
</BasicStmnt>
<BasicStmnt CovItemId="S618" CovItemPrefix="game.TestingSuite.java" Intrnl_Id="1441">
<LocList>
<Loc EndOffset="34315" SrcFileId="3" StartOffset="34252"/>
</LocList>
</BasicStmnt>
<BasicStmnt CovItemId="S619" CovItemPrefix="game.TestingSuite.java" Intrnl_Id="1442">
<LocList>
<Loc EndOffset="34422" SrcFileId="3" StartOffset="34359"/>
</LocList>
</BasicStmnt>
<BasicStmnt CovItemId="S620" CovItemPrefix="game.TestingSuite.java" Intrnl_Id="1443">
<LocList>
<Loc EndOffset="34529" SrcFileId="3" StartOffset="34466"/>
</LocList>
</BasicStmnt>
<BasicStmnt CovItemId="S621" CovItemPrefix="game.TestingSuite.java" Intrnl_Id="1444">
<LocList>
<Loc EndOffset="34631" SrcFileId="3" StartOffset="34568"/>
</LocList>
</BasicStmnt>
<CondStmnt CovItemId="S622" CovItemPrefix="game.TestingSuite.java" Intrnl_Id="1445">
<Branch CovItemId="B188" CovItemPrefix="game.TestingSuite.java" Implct="false" Intrnl_Id="1446">
<Cond/>
<LocList>
<Loc EndOffset="34856" SrcFileId="3" StartOffset="34740"/>
</LocList>
<StmntSeq Intrnl_Id="1447">
<LocList>
<Loc EndOffset="34830" SrcFileId="3" StartOffset="34746"/>
<Loc EndOffset="34851" SrcFileId="3" StartOffset="34835"/>
</LocList>
<BasicStmnt CovItemId="S623" CovItemPrefix="game.TestingSuite.java" Intrnl_Id="1448">
<LocList>
<Loc EndOffset="34830" SrcFileId="3" StartOffset="34746"/>
</LocList>
</BasicStmnt>
<BasicStmnt CovItemId="S624" CovItemPrefix="game.TestingSuite.java" Intrnl_Id="1449">
<LocList>
<Loc EndOffset="34851" SrcFileId="3" StartOffset="34835"/>
</LocList>
</BasicStmnt>
</StmntSeq>
</Branch>
<Branch CovItemId="B189" CovItemPrefix="game.TestingSuite.java" Implct="true" Intrnl_Id="1450">
<Cond/>
<LocList/>
<StmntSeq Intrnl_Id="1451">
<LocList/>
</StmntSeq>
</Branch>
<Keyword EndOffset="34642" SrcFileId="3" StartOffset="34640"/>
<LocList>
<Loc EndOffset="34856" SrcFileId="3" StartOffset="34640"/>
</LocList>
<RootTerm CovItemId="C75" CovItemPrefix="game.TestingSuite.java" Intrnl_Id="1452">
<OpTerm BooleanOpId="24" Intrnl_Id="1453">
<BasicBoolTerm Intrnl_Id="1454">
<LocList>
<Loc EndOffset="34698" SrcFileId="3" StartOffset="34644"/>
</LocList>
</BasicBoolTerm>
<BasicBoolTerm Intrnl_Id="1455">
<LocList>
<Loc EndOffset="34738" SrcFileId="3" StartOffset="34702"/>
</LocList>
</BasicBoolTerm>
<LocList>
<Loc EndOffset="34701" SrcFileId="3" StartOffset="34699"/>
</LocList>
</OpTerm>
</RootTerm>
</CondStmnt>
<BasicStmnt CovItemId="S625" CovItemPrefix="game.TestingSuite.java" Intrnl_Id="1456">
<LocList>
<Loc EndOffset="34956" SrcFileId="3" StartOffset="34893"/>
</LocList>
</BasicStmnt>
<CondStmnt CovItemId="S626" CovItemPrefix="game.TestingSuite.java" Intrnl_Id="1457">
<Branch CovItemId="B190" CovItemPrefix="game.TestingSuite.java" Implct="false" Intrnl_Id="1458">
<Cond/>
<LocList>
<Loc EndOffset="35181" SrcFileId="3" StartOffset="35065"/>
</LocList>
<StmntSeq Intrnl_Id="1459">
<LocList>
<Loc EndOffset="35155" SrcFileId="3" StartOffset="35071"/>
<Loc EndOffset="35176" SrcFileId="3" StartOffset="35160"/>
</LocList>
<BasicStmnt CovItemId="S627" CovItemPrefix="game.TestingSuite.java" Intrnl_Id="1460">
<LocList>
<Loc EndOffset="35155" SrcFileId="3" StartOffset="35071"/>
</LocList>
</BasicStmnt>
<BasicStmnt CovItemId="S628" CovItemPrefix="game.TestingSuite.java" Intrnl_Id="1461">
<LocList>
<Loc EndOffset="35176" SrcFileId="3" StartOffset="35160"/>
</LocList>
</BasicStmnt>
</StmntSeq>
</Branch>
<Branch CovItemId="B191" CovItemPrefix="game.TestingSuite.java" Implct="true" Intrnl_Id="1462">
<Cond/>
<LocList/>
<StmntSeq Intrnl_Id="1463">
<LocList/>
</StmntSeq>
</Branch>
<Keyword EndOffset="34967" SrcFileId="3" StartOffset="34965"/>
<LocList>
<Loc EndOffset="35181" SrcFileId="3" StartOffset="34965"/>
</LocList>
<RootTerm CovItemId="C76" CovItemPrefix="game.TestingSuite.java" Intrnl_Id="1464">
<OpTerm BooleanOpId="24" Intrnl_Id="1465">
<BasicBoolTerm Intrnl_Id="1466">
<LocList>
<Loc EndOffset="35023" SrcFileId="3" StartOffset="34969"/>
</LocList>
</BasicBoolTerm>
<BasicBoolTerm Intrnl_Id="1467">
<LocList>
<Loc EndOffset="35063" SrcFileId="3" StartOffset="35027"/>
</LocList>
</BasicBoolTerm>
<LocList>
<Loc EndOffset="35026" SrcFileId="3" StartOffset="35024"/>
</LocList>
</OpTerm>
</RootTerm>
</CondStmnt>
<BasicStmnt CovItemId="S629" CovItemPrefix="game.TestingSuite.java" Intrnl_Id="1468">
<LocList>
<Loc EndOffset="35278" SrcFileId="3" StartOffset="35215"/>
</LocList>
</BasicStmnt>
<CondStmnt CovItemId="S630" CovItemPrefix="game.TestingSuite.java" Intrnl_Id="1469">
<Branch CovItemId="B192" CovItemPrefix="game.TestingSuite.java" Implct="false" Intrnl_Id="1470">
<Cond/>
<LocList>
<Loc EndOffset="35503" SrcFileId="3" StartOffset="35387"/>
</LocList>
<StmntSeq Intrnl_Id="1471">
<LocList>
<Loc EndOffset="35477" SrcFileId="3" StartOffset="35393"/>
<Loc EndOffset="35498" SrcFileId="3" StartOffset="35482"/>
</LocList>
<BasicStmnt CovItemId="S631" CovItemPrefix="game.TestingSuite.java" Intrnl_Id="1472">
<LocList>
<Loc EndOffset="35477" SrcFileId="3" StartOffset="35393"/>
</LocList>
</BasicStmnt>
<BasicStmnt CovItemId="S632" CovItemPrefix="game.TestingSuite.java" Intrnl_Id="1473">
<LocList>
<Loc EndOffset="35498" SrcFileId="3" StartOffset="35482"/>
</LocList>
</BasicStmnt>
</StmntSeq>
</Branch>
<Branch CovItemId="B193" CovItemPrefix="game.TestingSuite.java" Implct="true" Intrnl_Id="1474">
<Cond/>
<LocList/>
<StmntSeq Intrnl_Id="1475">
<LocList/>
</StmntSeq>
</Branch>
<Keyword EndOffset="35289" SrcFileId="3" StartOffset="35287"/>
<LocList>
<Loc EndOffset="35503" SrcFileId="3" StartOffset="35287"/>
</LocList>
<RootTerm CovItemId="C77" CovItemPrefix="game.TestingSuite.java" Intrnl_Id="1476">
<OpTerm BooleanOpId="24" Intrnl_Id="1477">
<BasicBoolTerm Intrnl_Id="1478">
<LocList>
<Loc EndOffset="35345" SrcFileId="3" StartOffset="35291"/>
</LocList>
</BasicBoolTerm>
<BasicBoolTerm Intrnl_Id="1479">
<LocList>
<Loc EndOffset="35385" SrcFileId="3" StartOffset="35349"/>
</LocList>
</BasicBoolTerm>
<LocList>
<Loc EndOffset="35348" SrcFileId="3" StartOffset="35346"/>
</LocList>
</OpTerm>
</RootTerm>
</CondStmnt>
<BasicStmnt CovItemId="S633" CovItemPrefix="game.TestingSuite.java" Intrnl_Id="1480">
<LocList>
<Loc EndOffset="35602" SrcFileId="3" StartOffset="35539"/>
</LocList>
</BasicStmnt>
<CondStmnt CovItemId="S634" CovItemPrefix="game.TestingSuite.java" Intrnl_Id="1481">
<Branch CovItemId="B194" CovItemPrefix="game.TestingSuite.java" Implct="false" Intrnl_Id="1482">
<Cond/>
<LocList>
<Loc EndOffset="35829" SrcFileId="3" StartOffset="35711"/>
</LocList>
<StmntSeq Intrnl_Id="1483">
<LocList>
<Loc EndOffset="35803" SrcFileId="3" StartOffset="35717"/>
<Loc EndOffset="35824" SrcFileId="3" StartOffset="35808"/>
</LocList>
<BasicStmnt CovItemId="S635" CovItemPrefix="game.TestingSuite.java" Intrnl_Id="1484">
<LocList>
<Loc EndOffset="35803" SrcFileId="3" StartOffset="35717"/>
</LocList>
</BasicStmnt>
<BasicStmnt CovItemId="S636" CovItemPrefix="game.TestingSuite.java" Intrnl_Id="1485">
<LocList>
<Loc EndOffset="35824" SrcFileId="3" StartOffset="35808"/>
</LocList>
</BasicStmnt>
</StmntSeq>
</Branch>
<Branch CovItemId="B195" CovItemPrefix="game.TestingSuite.java" Implct="true" Intrnl_Id="1486">
<Cond/>
<LocList/>
<StmntSeq Intrnl_Id="1487">
<LocList/>
</StmntSeq>
</Branch>
<Keyword EndOffset="35613" SrcFileId="3" StartOffset="35611"/>
<LocList>
<Loc EndOffset="35829" SrcFileId="3" StartOffset="35611"/>
</LocList>
<RootTerm CovItemId="C78" CovItemPrefix="game.TestingSuite.java" Intrnl_Id="1488">
<OpTerm BooleanOpId="24" Intrnl_Id="1489">
<BasicBoolTerm Intrnl_Id="1490">
<LocList>
<Loc EndOffset="35669" SrcFileId="3" StartOffset="35615"/>
</LocList>
</BasicBoolTerm>
<BasicBoolTerm Intrnl_Id="1491">
<LocList>
<Loc EndOffset="35709" SrcFileId="3" StartOffset="35673"/>
</LocList>
</BasicBoolTerm>
<LocList>
<Loc EndOffset="35672" SrcFileId="3" StartOffset="35670"/>
</LocList>
</OpTerm>
</RootTerm>
</CondStmnt>
<BasicStmnt CovItemId="S637" CovItemPrefix="game.TestingSuite.java" Intrnl_Id="1492">
<LocList>
<Loc EndOffset="35965" SrcFileId="3" StartOffset="35902"/>
</LocList>
</BasicStmnt>
<CondStmnt CovItemId="S638" CovItemPrefix="game.TestingSuite.java" Intrnl_Id="1493">
<Branch CovItemId="B196" CovItemPrefix="game.TestingSuite.java" Implct="false" Intrnl_Id="1494">
<Cond/>
<LocList>
<Loc EndOffset="36189" SrcFileId="3" StartOffset="36074"/>
</LocList>
<StmntSeq Intrnl_Id="1495">
<LocList>
<Loc EndOffset="36163" SrcFileId="3" StartOffset="36080"/>
<Loc EndOffset="36184" SrcFileId="3" StartOffset="36168"/>
</LocList>
<BasicStmnt CovItemId="S639" CovItemPrefix="game.TestingSuite.java" Intrnl_Id="1496">
<LocList>
<Loc EndOffset="36163" SrcFileId="3" StartOffset="36080"/>
</LocList>
</BasicStmnt>
<BasicStmnt CovItemId="S640" CovItemPrefix="game.TestingSuite.java" Intrnl_Id="1497">
<LocList>
<Loc EndOffset="36184" SrcFileId="3" StartOffset="36168"/>
</LocList>
</BasicStmnt>
</StmntSeq>
</Branch>
<Branch CovItemId="B197" CovItemPrefix="game.TestingSuite.java" Implct="true" Intrnl_Id="1498">
<Cond/>
<LocList/>
<StmntSeq Intrnl_Id="1499">
<LocList/>
</StmntSeq>
</Branch>
<Keyword EndOffset="35976" SrcFileId="3" StartOffset="35974"/>
<LocList>
<Loc EndOffset="36189" SrcFileId="3" StartOffset="35974"/>
</LocList>
<RootTerm CovItemId="C79" CovItemPrefix="game.TestingSuite.java" Intrnl_Id="1500">
<OpTerm BooleanOpId="24" Intrnl_Id="1501">
<BasicBoolTerm Intrnl_Id="1502">
<LocList>
<Loc EndOffset="36032" SrcFileId="3" StartOffset="35978"/>
</LocList>
</BasicBoolTerm>
<BasicBoolTerm Intrnl_Id="1503">
<LocList>
<Loc EndOffset="36072" SrcFileId="3" StartOffset="36036"/>
</LocList>
</BasicBoolTerm>
<LocList>
<Loc EndOffset="36035" SrcFileId="3" StartOffset="36033"/>
</LocList>
</OpTerm>
</RootTerm>
</CondStmnt>
<CondStmnt CovItemId="S616" CovItemPrefix="game.TestingSuite.java" Intrnl_Id="1504">
<Branch CovItemId="B187" CovItemPrefix="game.TestingSuite.java" Implct="true" Intrnl_Id="1505">
<Cond/>
<LocList/>
<StmntSeq Intrnl_Id="1506">
<LocList/>
</StmntSeq>
</Branch>
<Branch CovItemId="B198" CovItemPrefix="game.TestingSuite.java" Implct="false" Intrnl_Id="1507">
<Cond>
<Loc EndOffset="36217" SrcFileId="3" StartOffset="36198"/>
</Cond>
<LocList>
<Loc EndOffset="36282" SrcFileId="3" StartOffset="36218"/>
</LocList>
<StmntSeq Intrnl_Id="1508">
<LocList>
<Loc EndOffset="36239" SrcFileId="3" StartOffset="36223"/>
<Loc EndOffset="36278" SrcFileId="3" StartOffset="36243"/>
</LocList>
<BasicStmnt CovItemId="S641" CovItemPrefix="game.TestingSuite.java" Intrnl_Id="1509">
<LocList>
<Loc EndOffset="36239" SrcFileId="3" StartOffset="36223"/>
</LocList>
</BasicStmnt>
<BasicStmnt CovItemId="S642" CovItemPrefix="game.TestingSuite.java" Intrnl_Id="1510">
<LocList>
<Loc EndOffset="36278" SrcFileId="3" StartOffset="36243"/>
</LocList>
</BasicStmnt>
</StmntSeq>
</Branch>
<Keyword EndOffset="34066" SrcFileId="3" StartOffset="34063"/>
<LocList>
<Loc EndOffset="36282" SrcFileId="3" StartOffset="34063"/>
</LocList>
</CondStmnt>
<CondStmnt CovItemId="S643" CovItemPrefix="game.TestingSuite.java" Intrnl_Id="1511">
<Branch CovItemId="B199" CovItemPrefix="game.TestingSuite.java" Implct="false" Intrnl_Id="1512">
<Cond/>
<LocList>
<Loc EndOffset="36394" SrcFileId="3" StartOffset="36298"/>
</LocList>
<StmntSeq Intrnl_Id="1513">
<LocList>
<Loc EndOffset="36379" SrcFileId="3" StartOffset="36303"/>
<Loc EndOffset="36390" SrcFileId="3" StartOffset="36383"/>
</LocList>
<BasicStmnt CovItemId="S644" CovItemPrefix="game.TestingSuite.java" Intrnl_Id="1514">
<LocList>
<Loc EndOffset="36379" SrcFileId="3" StartOffset="36303"/>
</LocList>
</BasicStmnt>
<BasicStmnt CovItemId="S645" CovItemPrefix="game.TestingSuite.java" Intrnl_Id="1515">
<LocList>
<Loc EndOffset="36390" SrcFileId="3" StartOffset="36383"/>
</LocList>
</BasicStmnt>
</StmntSeq>
</Branch>
<Branch CovItemId="B200" CovItemPrefix="game.TestingSuite.java" Implct="true" Intrnl_Id="1516">
<Cond/>
<LocList/>
<StmntSeq Intrnl_Id="1517">
<LocList/>
</StmntSeq>
</Branch>
<Keyword EndOffset="36287" SrcFileId="3" StartOffset="36285"/>
<LocList>
<Loc EndOffset="36394" SrcFileId="3" StartOffset="36285"/>
</LocList>
<RootTerm CovItemId="C80" CovItemPrefix="game.TestingSuite.java" Intrnl_Id="1518">
<BasicBoolTerm Intrnl_Id="1519">
<LocList>
<Loc EndOffset="36296" SrcFileId="3" StartOffset="36289"/>
</LocList>
</BasicBoolTerm>
</RootTerm>
</CondStmnt>
<BasicStmnt CovItemId="S646" CovItemPrefix="game.TestingSuite.java" Intrnl_Id="1520">
<LocList>
<Loc EndOffset="36465" SrcFileId="3" StartOffset="36397"/>
</LocList>
</BasicStmnt>
<BasicStmnt CovItemId="S647" CovItemPrefix="game.TestingSuite.java" Intrnl_Id="1521">
<LocList>
<Loc EndOffset="36475" SrcFileId="3" StartOffset="36468"/>
</LocList>
</BasicStmnt>
</StmntSeq>
</HierarchyLvl>
<HierarchyLvl HierarchyLvlId="1026" HierarchyLvlTypeId="27" Intrnl_Id="1522" Name="kingMovementTest">
<Header>
<Loc EndOffset="36594" SrcFileId="3" StartOffset="36563"/>
</Header>
<LocList>
<Loc EndOffset="39987" SrcFileId="3" StartOffset="36563"/>
</LocList>
<StmntSeq Intrnl_Id="1523">
<LocList>
<Loc EndOffset="36622" SrcFileId="3" StartOffset="36599"/>
<Loc EndOffset="36686" SrcFileId="3" StartOffset="36626"/>
<Loc EndOffset="36707" SrcFileId="3" StartOffset="36689"/>
<Loc EndOffset="36742" SrcFileId="3" StartOffset="36710"/>
<Loc EndOffset="36828" SrcFileId="3" StartOffset="36745"/>
<Loc EndOffset="36861" SrcFileId="3" StartOffset="36831"/>
<Loc EndOffset="36880" SrcFileId="3" StartOffset="36864"/>
<Loc EndOffset="37008" SrcFileId="3" StartOffset="36945"/>
<Loc EndOffset="37134" SrcFileId="3" StartOffset="37071"/>
<Loc EndOffset="37241" SrcFileId="3" StartOffset="37178"/>
<Loc EndOffset="37348" SrcFileId="3" StartOffset="37285"/>
<Loc EndOffset="37448" SrcFileId="3" StartOffset="37385"/>
<Loc EndOffset="37682" SrcFileId="3" StartOffset="37457"/>
<Loc EndOffset="37780" SrcFileId="3" StartOffset="37717"/>
<Loc EndOffset="38014" SrcFileId="3" StartOffset="37789"/>
<Loc EndOffset="38110" SrcFileId="3" StartOffset="38047"/>
<Loc EndOffset="38344" SrcFileId="3" StartOffset="38119"/>
<Loc EndOffset="38440" SrcFileId="3" StartOffset="38377"/>
<Loc EndOffset="38674" SrcFileId="3" StartOffset="38449"/>
<Loc EndOffset="38772" SrcFileId="3" StartOffset="38709"/>
<Loc EndOffset="39008" SrcFileId="3" StartOffset="38781"/>
<Loc EndOffset="39106" SrcFileId="3" StartOffset="39043"/>
<Loc EndOffset="39342" SrcFileId="3" StartOffset="39115"/>
<Loc EndOffset="39478" SrcFileId="3" StartOffset="39415"/>
<Loc EndOffset="39700" SrcFileId="3" StartOffset="39487"/>
<Loc EndOffset="39793" SrcFileId="3" StartOffset="36884"/>
<Loc EndOffset="39904" SrcFileId="3" StartOffset="39796"/>
<Loc EndOffset="39974" SrcFileId="3" StartOffset="39907"/>
<Loc EndOffset="39984" SrcFileId="3" StartOffset="39977"/>
</LocList>
<BasicStmnt CovItemId="S648" CovItemPrefix="game.TestingSuite.java" Intrnl_Id="1524">
<LocList>
<Loc EndOffset="36622" SrcFileId="3" StartOffset="36599"/>
</LocList>
</BasicStmnt>
<BasicStmnt CovItemId="S649" CovItemPrefix="game.TestingSuite.java" Intrnl_Id="1525">
<LocList>
<Loc EndOffset="36686" SrcFileId="3" StartOffset="36626"/>
</LocList>
</BasicStmnt>
<BasicStmnt CovItemId="S650" CovItemPrefix="game.TestingSuite.java" Intrnl_Id="1526">
<LocList>
<Loc EndOffset="36707" SrcFileId="3" StartOffset="36689"/>
</LocList>
</BasicStmnt>
<BasicStmnt CovItemId="S651" CovItemPrefix="game.TestingSuite.java" Intrnl_Id="1527">
<LocList>
<Loc EndOffset="36742" SrcFileId="3" StartOffset="36710"/>
</LocList>
</BasicStmnt>
<BasicStmnt CovItemId="S652" CovItemPrefix="game.TestingSuite.java" Intrnl_Id="1528">
<LocList>
<Loc EndOffset="36828" SrcFileId="3" StartOffset="36745"/>
</LocList>
</BasicStmnt>
<BasicStmnt CovItemId="S653" CovItemPrefix="game.TestingSuite.java" Intrnl_Id="1529">
<LocList>
<Loc EndOffset="36861" SrcFileId="3" StartOffset="36831"/>
</LocList>
</BasicStmnt>
<BasicStmnt CovItemId="S654" CovItemPrefix="game.TestingSuite.java" Intrnl_Id="1530">
<LocList>
<Loc EndOffset="36880" SrcFileId="3" StartOffset="36864"/>
</LocList>
</BasicStmnt>
<BasicStmnt CovItemId="S656" CovItemPrefix="game.TestingSuite.java" Intrnl_Id="1531">
<LocList>
<Loc EndOffset="37008" SrcFileId="3" StartOffset="36945"/>
</LocList>
</BasicStmnt>
<BasicStmnt CovItemId="S657" CovItemPrefix="game.TestingSuite.java" Intrnl_Id="1532">
<LocList>
<Loc EndOffset="37134" SrcFileId="3" StartOffset="37071"/>
</LocList>
</BasicStmnt>
<BasicStmnt CovItemId="S658" CovItemPrefix="game.TestingSuite.java" Intrnl_Id="1533">
<LocList>
<Loc EndOffset="37241" SrcFileId="3" StartOffset="37178"/>
</LocList>
</BasicStmnt>
<BasicStmnt CovItemId="S659" CovItemPrefix="game.TestingSuite.java" Intrnl_Id="1534">
<LocList>
<Loc EndOffset="37348" SrcFileId="3" StartOffset="37285"/>
</LocList>
</BasicStmnt>
<BasicStmnt CovItemId="S660" CovItemPrefix="game.TestingSuite.java" Intrnl_Id="1535">
<LocList>
<Loc EndOffset="37448" SrcFileId="3" StartOffset="37385"/>
</LocList>
</BasicStmnt>
<CondStmnt CovItemId="S661" CovItemPrefix="game.TestingSuite.java" Intrnl_Id="1536">
<Branch CovItemId="B202" CovItemPrefix="game.TestingSuite.java" Implct="false" Intrnl_Id="1537">
<Cond/>
<LocList>
<Loc EndOffset="37682" SrcFileId="3" StartOffset="37556"/>
</LocList>
<StmntSeq Intrnl_Id="1538">
<LocList>
<Loc EndOffset="37656" SrcFileId="3" StartOffset="37562"/>
<Loc EndOffset="37677" SrcFileId="3" StartOffset="37661"/>
</LocList>
<BasicStmnt CovItemId="S662" CovItemPrefix="game.TestingSuite.java" Intrnl_Id="1539">
<LocList>
<Loc EndOffset="37656" SrcFileId="3" StartOffset="37562"/>
</LocList>
</BasicStmnt>
<BasicStmnt CovItemId="S663" CovItemPrefix="game.TestingSuite.java" Intrnl_Id="1540">
<LocList>
<Loc EndOffset="37677" SrcFileId="3" StartOffset="37661"/>
</LocList>
</BasicStmnt>
</StmntSeq>
</Branch>
<Branch CovItemId="B203" CovItemPrefix="game.TestingSuite.java" Implct="true" Intrnl_Id="1541">
<Cond/>
<LocList/>
<StmntSeq Intrnl_Id="1542">
<LocList/>
</StmntSeq>
</Branch>
<Keyword EndOffset="37459" SrcFileId="3" StartOffset="37457"/>
<LocList>
<Loc EndOffset="37682" SrcFileId="3" StartOffset="37457"/>
</LocList>
<RootTerm CovItemId="C81" CovItemPrefix="game.TestingSuite.java" Intrnl_Id="1543">
<OpTerm BooleanOpId="24" Intrnl_Id="1544">
<BasicBoolTerm Intrnl_Id="1545">
<LocList>
<Loc EndOffset="37514" SrcFileId="3" StartOffset="37461"/>
</LocList>
</BasicBoolTerm>
<BasicBoolTerm Intrnl_Id="1546">
<LocList>
<Loc EndOffset="37554" SrcFileId="3" StartOffset="37518"/>
</LocList>
</BasicBoolTerm>
<LocList>
<Loc EndOffset="37517" SrcFileId="3" StartOffset="37515"/>
</LocList>
</OpTerm>
</RootTerm>
</CondStmnt>
<BasicStmnt CovItemId="S664" CovItemPrefix="game.TestingSuite.java" Intrnl_Id="1547">
<LocList>
<Loc EndOffset="37780" SrcFileId="3" StartOffset="37717"/>
</LocList>
</BasicStmnt>
<CondStmnt CovItemId="S665" CovItemPrefix="game.TestingSuite.java" Intrnl_Id="1548">
<Branch CovItemId="B204" CovItemPrefix="game.TestingSuite.java" Implct="false" Intrnl_Id="1549">
<Cond/>
<LocList>
<Loc EndOffset="38014" SrcFileId="3" StartOffset="37888"/>
</LocList>
<StmntSeq Intrnl_Id="1550">
<LocList>
<Loc EndOffset="37988" SrcFileId="3" StartOffset="37894"/>
<Loc EndOffset="38009" SrcFileId="3" StartOffset="37993"/>
</LocList>
<BasicStmnt CovItemId="S666" CovItemPrefix="game.TestingSuite.java" Intrnl_Id="1551">
<LocList>
<Loc EndOffset="37988" SrcFileId="3" StartOffset="37894"/>
</LocList>
</BasicStmnt>
<BasicStmnt CovItemId="S667" CovItemPrefix="game.TestingSuite.java" Intrnl_Id="1552">
<LocList>
<Loc EndOffset="38009" SrcFileId="3" StartOffset="37993"/>
</LocList>
</BasicStmnt>
</StmntSeq>
</Branch>
<Branch CovItemId="B205" CovItemPrefix="game.TestingSuite.java" Implct="true" Intrnl_Id="1553">
<Cond/>
<LocList/>
<StmntSeq Intrnl_Id="1554">
<LocList/>
</StmntSeq>
</Branch>
<Keyword EndOffset="37791" SrcFileId="3" StartOffset="37789"/>
<LocList>
<Loc EndOffset="38014" SrcFileId="3" StartOffset="37789"/>
</LocList>
<RootTerm CovItemId="C82" CovItemPrefix="game.TestingSuite.java" Intrnl_Id="1555">
<OpTerm BooleanOpId="24" Intrnl_Id="1556">
<BasicBoolTerm Intrnl_Id="1557">
<LocList>
<Loc EndOffset="37846" SrcFileId="3" StartOffset="37793"/>
</LocList>
</BasicBoolTerm>
<BasicBoolTerm Intrnl_Id="1558">
<LocList>
<Loc EndOffset="37886" SrcFileId="3" StartOffset="37850"/>
</LocList>
</BasicBoolTerm>
<LocList>
<Loc EndOffset="37849" SrcFileId="3" StartOffset="37847"/>
</LocList>
</OpTerm>
</RootTerm>
</CondStmnt>
<BasicStmnt CovItemId="S668" CovItemPrefix="game.TestingSuite.java" Intrnl_Id="1559">
<LocList>
<Loc EndOffset="38110" SrcFileId="3" StartOffset="38047"/>
</LocList>
</BasicStmnt>
<CondStmnt CovItemId="S669" CovItemPrefix="game.TestingSuite.java" Intrnl_Id="1560">
<Branch CovItemId="B206" CovItemPrefix="game.TestingSuite.java" Implct="false" Intrnl_Id="1561">
<Cond/>
<LocList>
<Loc EndOffset="38344" SrcFileId="3" StartOffset="38218"/>
</LocList>
<StmntSeq Intrnl_Id="1562">
<LocList>
<Loc EndOffset="38318" SrcFileId="3" StartOffset="38224"/>
<Loc EndOffset="38339" SrcFileId="3" StartOffset="38323"/>
</LocList>
<BasicStmnt CovItemId="S670" CovItemPrefix="game.TestingSuite.java" Intrnl_Id="1563">
<LocList>
<Loc EndOffset="38318" SrcFileId="3" StartOffset="38224"/>
</LocList>
</BasicStmnt>
<BasicStmnt CovItemId="S671" CovItemPrefix="game.TestingSuite.java" Intrnl_Id="1564">
<LocList>
<Loc EndOffset="38339" SrcFileId="3" StartOffset="38323"/>
</LocList>
</BasicStmnt>
</StmntSeq>
</Branch>
<Branch CovItemId="B207" CovItemPrefix="game.TestingSuite.java" Implct="true" Intrnl_Id="1565">
<Cond/>
<LocList/>
<StmntSeq Intrnl_Id="1566">
<LocList/>
</StmntSeq>
</Branch>
<Keyword EndOffset="38121" SrcFileId="3" StartOffset="38119"/>
<LocList>
<Loc EndOffset="38344" SrcFileId="3" StartOffset="38119"/>
</LocList>
<RootTerm CovItemId="C83" CovItemPrefix="game.TestingSuite.java" Intrnl_Id="1567">
<OpTerm BooleanOpId="24" Intrnl_Id="1568">
<BasicBoolTerm Intrnl_Id="1569">
<LocList>
<Loc EndOffset="38176" SrcFileId="3" StartOffset="38123"/>
</LocList>
</BasicBoolTerm>
<BasicBoolTerm Intrnl_Id="1570">
<LocList>
<Loc EndOffset="38216" SrcFileId="3" StartOffset="38180"/>
</LocList>
</BasicBoolTerm>
<LocList>
<Loc EndOffset="38179" SrcFileId="3" StartOffset="38177"/>
</LocList>
</OpTerm>
</RootTerm>
</CondStmnt>
<BasicStmnt CovItemId="S672" CovItemPrefix="game.TestingSuite.java" Intrnl_Id="1571">
<LocList>
<Loc EndOffset="38440" SrcFileId="3" StartOffset="38377"/>
</LocList>
</BasicStmnt>
<CondStmnt CovItemId="S673" CovItemPrefix="game.TestingSuite.java" Intrnl_Id="1572">
<Branch CovItemId="B208" CovItemPrefix="game.TestingSuite.java" Implct="false" Intrnl_Id="1573">
<Cond/>
<LocList>
<Loc EndOffset="38674" SrcFileId="3" StartOffset="38548"/>
</LocList>
<StmntSeq Intrnl_Id="1574">
<LocList>
<Loc EndOffset="38648" SrcFileId="3" StartOffset="38554"/>
<Loc EndOffset="38669" SrcFileId="3" StartOffset="38653"/>
</LocList>
<BasicStmnt CovItemId="S674" CovItemPrefix="game.TestingSuite.java" Intrnl_Id="1575">
<LocList>
<Loc EndOffset="38648" SrcFileId="3" StartOffset="38554"/>
</LocList>
</BasicStmnt>
<BasicStmnt CovItemId="S675" CovItemPrefix="game.TestingSuite.java" Intrnl_Id="1576">
<LocList>
<Loc EndOffset="38669" SrcFileId="3" StartOffset="38653"/>
</LocList>
</BasicStmnt>
</StmntSeq>
</Branch>
<Branch CovItemId="B209" CovItemPrefix="game.TestingSuite.java" Implct="true" Intrnl_Id="1577">
<Cond/>
<LocList/>
<StmntSeq Intrnl_Id="1578">
<LocList/>
</StmntSeq>
</Branch>
<Keyword EndOffset="38451" SrcFileId="3" StartOffset="38449"/>
<LocList>
<Loc EndOffset="38674" SrcFileId="3" StartOffset="38449"/>
</LocList>
<RootTerm CovItemId="C84" CovItemPrefix="game.TestingSuite.java" Intrnl_Id="1579">
<OpTerm BooleanOpId="24" Intrnl_Id="1580">
<BasicBoolTerm Intrnl_Id="1581">
<LocList>
<Loc EndOffset="38506" SrcFileId="3" StartOffset="38453"/>
</LocList>
</BasicBoolTerm>
<BasicBoolTerm Intrnl_Id="1582">
<LocList>
<Loc EndOffset="38546" SrcFileId="3" StartOffset="38510"/>
</LocList>
</BasicBoolTerm>
<LocList>
<Loc EndOffset="38509" SrcFileId="3" StartOffset="38507"/>
</LocList>
</OpTerm>
</RootTerm>
</CondStmnt>
<BasicStmnt CovItemId="S676" CovItemPrefix="game.TestingSuite.java" Intrnl_Id="1583">
<LocList>
<Loc EndOffset="38772" SrcFileId="3" StartOffset="38709"/>
</LocList>
</BasicStmnt>
<CondStmnt CovItemId="S677" CovItemPrefix="game.TestingSuite.java" Intrnl_Id="1584">
<Branch CovItemId="B210" CovItemPrefix="game.TestingSuite.java" Implct="false" Intrnl_Id="1585">
<Cond/>
<LocList>
<Loc EndOffset="39008" SrcFileId="3" StartOffset="38880"/>
</LocList>
<StmntSeq Intrnl_Id="1586">
<LocList>
<Loc EndOffset="38982" SrcFileId="3" StartOffset="38886"/>
<Loc EndOffset="39003" SrcFileId="3" StartOffset="38987"/>
</LocList>
<BasicStmnt CovItemId="S678" CovItemPrefix="game.TestingSuite.java" Intrnl_Id="1587">
<LocList>
<Loc EndOffset="38982" SrcFileId="3" StartOffset="38886"/>
</LocList>
</BasicStmnt>
<BasicStmnt CovItemId="S679" CovItemPrefix="game.TestingSuite.java" Intrnl_Id="1588">
<LocList>
<Loc EndOffset="39003" SrcFileId="3" StartOffset="38987"/>
</LocList>
</BasicStmnt>
</StmntSeq>
</Branch>
<Branch CovItemId="B211" CovItemPrefix="game.TestingSuite.java" Implct="true" Intrnl_Id="1589">
<Cond/>
<LocList/>
<StmntSeq Intrnl_Id="1590">
<LocList/>
</StmntSeq>
</Branch>
<Keyword EndOffset="38783" SrcFileId="3" StartOffset="38781"/>
<LocList>
<Loc EndOffset="39008" SrcFileId="3" StartOffset="38781"/>
</LocList>
<RootTerm CovItemId="C85" CovItemPrefix="game.TestingSuite.java" Intrnl_Id="1591">
<OpTerm BooleanOpId="24" Intrnl_Id="1592">
<BasicBoolTerm Intrnl_Id="1593">
<LocList>
<Loc EndOffset="38838" SrcFileId="3" StartOffset="38785"/>
</LocList>
</BasicBoolTerm>
<BasicBoolTerm Intrnl_Id="1594">
<LocList>
<Loc EndOffset="38878" SrcFileId="3" StartOffset="38842"/>
</LocList>
</BasicBoolTerm>
<LocList>
<Loc EndOffset="38841" SrcFileId="3" StartOffset="38839"/>
</LocList>
</OpTerm>
</RootTerm>
</CondStmnt>
<BasicStmnt CovItemId="S680" CovItemPrefix="game.TestingSuite.java" Intrnl_Id="1595">
<LocList>
<Loc EndOffset="39106" SrcFileId="3" StartOffset="39043"/>
</LocList>
</BasicStmnt>
<CondStmnt CovItemId="S681" CovItemPrefix="game.TestingSuite.java" Intrnl_Id="1596">
<Branch CovItemId="B212" CovItemPrefix="game.TestingSuite.java" Implct="false" Intrnl_Id="1597">
<Cond/>
<LocList>
<Loc EndOffset="39342" SrcFileId="3" StartOffset="39214"/>
</LocList>
<StmntSeq Intrnl_Id="1598">
<LocList>
<Loc EndOffset="39316" SrcFileId="3" StartOffset="39220"/>
<Loc EndOffset="39337" SrcFileId="3" StartOffset="39321"/>
</LocList>
<BasicStmnt CovItemId="S682" CovItemPrefix="game.TestingSuite.java" Intrnl_Id="1599">
<LocList>
<Loc EndOffset="39316" SrcFileId="3" StartOffset="39220"/>
</LocList>
</BasicStmnt>
<BasicStmnt CovItemId="S683" CovItemPrefix="game.TestingSuite.java" Intrnl_Id="1600">
<LocList>
<Loc EndOffset="39337" SrcFileId="3" StartOffset="39321"/>
</LocList>
</BasicStmnt>
</StmntSeq>
</Branch>
<Branch CovItemId="B213" CovItemPrefix="game.TestingSuite.java" Implct="true" Intrnl_Id="1601">
<Cond/>
<LocList/>
<StmntSeq Intrnl_Id="1602">
<LocList/>
</StmntSeq>
</Branch>
<Keyword EndOffset="39117" SrcFileId="3" StartOffset="39115"/>
<LocList>
<Loc EndOffset="39342" SrcFileId="3" StartOffset="39115"/>
</LocList>
<RootTerm CovItemId="C86" CovItemPrefix="game.TestingSuite.java" Intrnl_Id="1603">
<OpTerm BooleanOpId="24" Intrnl_Id="1604">
<BasicBoolTerm Intrnl_Id="1605">
<LocList>
<Loc EndOffset="39172" SrcFileId="3" StartOffset="39119"/>
</LocList>
</BasicBoolTerm>
<BasicBoolTerm Intrnl_Id="1606">
<LocList>
<Loc EndOffset="39212" SrcFileId="3" StartOffset="39176"/>
</LocList>
</BasicBoolTerm>
<LocList>
<Loc EndOffset="39175" SrcFileId="3" StartOffset="39173"/>
</LocList>
</OpTerm>
</RootTerm>
</CondStmnt>
<BasicStmnt CovItemId="S684" CovItemPrefix="game.TestingSuite.java" Intrnl_Id="1607">
<LocList>
<Loc EndOffset="39478" SrcFileId="3" StartOffset="39415"/>
</LocList>
</BasicStmnt>
<CondStmnt CovItemId="S685" CovItemPrefix="game.TestingSuite.java" Intrnl_Id="1608">
<Branch CovItemId="B214" CovItemPrefix="game.TestingSuite.java" Implct="false" Intrnl_Id="1609">
<Cond/>
<LocList>
<Loc EndOffset="39700" SrcFileId="3" StartOffset="39586"/>
</LocList>
<StmntSeq Intrnl_Id="1610">
<LocList>
<Loc EndOffset="39674" SrcFileId="3" StartOffset="39592"/>
<Loc EndOffset="39695" SrcFileId="3" StartOffset="39679"/>
</LocList>
<BasicStmnt CovItemId="S686" CovItemPrefix="game.TestingSuite.java" Intrnl_Id="1611">
<LocList>
<Loc EndOffset="39674" SrcFileId="3" StartOffset="39592"/>
</LocList>
</BasicStmnt>
<BasicStmnt CovItemId="S687" CovItemPrefix="game.TestingSuite.java" Intrnl_Id="1612">
<LocList>
<Loc EndOffset="39695" SrcFileId="3" StartOffset="39679"/>
</LocList>
</BasicStmnt>
</StmntSeq>
</Branch>
<Branch CovItemId="B215" CovItemPrefix="game.TestingSuite.java" Implct="true" Intrnl_Id="1613">
<Cond/>
<LocList/>
<StmntSeq Intrnl_Id="1614">
<LocList/>
</StmntSeq>
</Branch>
<Keyword EndOffset="39489" SrcFileId="3" StartOffset="39487"/>
<LocList>
<Loc EndOffset="39700" SrcFileId="3" StartOffset="39487"/>
</LocList>
<RootTerm CovItemId="C87" CovItemPrefix="game.TestingSuite.java" Intrnl_Id="1615">
<OpTerm BooleanOpId="24" Intrnl_Id="1616">
<BasicBoolTerm Intrnl_Id="1617">
<LocList>
<Loc EndOffset="39544" SrcFileId="3" StartOffset="39491"/>
</LocList>
</BasicBoolTerm>
<BasicBoolTerm Intrnl_Id="1618">
<LocList>
<Loc EndOffset="39584" SrcFileId="3" StartOffset="39548"/>
</LocList>
</BasicBoolTerm>
<LocList>
<Loc EndOffset="39547" SrcFileId="3" StartOffset="39545"/>
</LocList>
</OpTerm>
</RootTerm>
</CondStmnt>
<CondStmnt CovItemId="S655" CovItemPrefix="game.TestingSuite.java" Intrnl_Id="1619">
<Branch CovItemId="B201" CovItemPrefix="game.TestingSuite.java" Implct="true" Intrnl_Id="1620">
<Cond/>
<LocList/>
<StmntSeq Intrnl_Id="1621">
<LocList/>
</StmntSeq>
</Branch>
<Branch CovItemId="B216" CovItemPrefix="game.TestingSuite.java" Implct="false" Intrnl_Id="1622">
<Cond>
<Loc EndOffset="39728" SrcFileId="3" StartOffset="39709"/>
</Cond>
<LocList>
<Loc EndOffset="39793" SrcFileId="3" StartOffset="39729"/>
</LocList>
<StmntSeq Intrnl_Id="1623">
<LocList>
<Loc EndOffset="39750" SrcFileId="3" StartOffset="39734"/>
<Loc EndOffset="39789" SrcFileId="3" StartOffset="39754"/>
</LocList>
<BasicStmnt CovItemId="S688" CovItemPrefix="game.TestingSuite.java" Intrnl_Id="1624">
<LocList>
<Loc EndOffset="39750" SrcFileId="3" StartOffset="39734"/>
</LocList>
</BasicStmnt>
<BasicStmnt CovItemId="S689" CovItemPrefix="game.TestingSuite.java" Intrnl_Id="1625">
<LocList>
<Loc EndOffset="39789" SrcFileId="3" StartOffset="39754"/>
</LocList>
</BasicStmnt>
</StmntSeq>
</Branch>
<Keyword EndOffset="36887" SrcFileId="3" StartOffset="36884"/>
<LocList>
<Loc EndOffset="39793" SrcFileId="3" StartOffset="36884"/>
</LocList>
</CondStmnt>
<CondStmnt CovItemId="S690" CovItemPrefix="game.TestingSuite.java" Intrnl_Id="1626">
<Branch CovItemId="B217" CovItemPrefix="game.TestingSuite.java" Implct="false" Intrnl_Id="1627">
<Cond/>
<LocList>
<Loc EndOffset="39904" SrcFileId="3" StartOffset="39809"/>
</LocList>
<StmntSeq Intrnl_Id="1628">
<LocList>
<Loc EndOffset="39889" SrcFileId="3" StartOffset="39814"/>
<Loc EndOffset="39900" SrcFileId="3" StartOffset="39893"/>
</LocList>
<BasicStmnt CovItemId="S691" CovItemPrefix="game.TestingSuite.java" Intrnl_Id="1629">
<LocList>
<Loc EndOffset="39889" SrcFileId="3" StartOffset="39814"/>
</LocList>
</BasicStmnt>
<BasicStmnt CovItemId="S692" CovItemPrefix="game.TestingSuite.java" Intrnl_Id="1630">
<LocList>
<Loc EndOffset="39900" SrcFileId="3" StartOffset="39893"/>
</LocList>
</BasicStmnt>
</StmntSeq>
</Branch>
<Branch CovItemId="B218" CovItemPrefix="game.TestingSuite.java" Implct="true" Intrnl_Id="1631">
<Cond/>
<LocList/>
<StmntSeq Intrnl_Id="1632">
<LocList/>
</StmntSeq>
</Branch>
<Keyword EndOffset="39798" SrcFileId="3" StartOffset="39796"/>
<LocList>
<Loc EndOffset="39904" SrcFileId="3" StartOffset="39796"/>
</LocList>
<RootTerm CovItemId="C88" CovItemPrefix="game.TestingSuite.java" Intrnl_Id="1633">
<BasicBoolTerm Intrnl_Id="1634">
<LocList>
<Loc EndOffset="39807" SrcFileId="3" StartOffset="39800"/>
</LocList>
</BasicBoolTerm>
</RootTerm>
</CondStmnt>
<BasicStmnt CovItemId="S693" CovItemPrefix="game.TestingSuite.java" Intrnl_Id="1635">
<LocList>
<Loc EndOffset="39974" SrcFileId="3" StartOffset="39907"/>
</LocList>
</BasicStmnt>
<BasicStmnt CovItemId="S694" CovItemPrefix="game.TestingSuite.java" Intrnl_Id="1636">
<LocList>
<Loc EndOffset="39984" SrcFileId="3" StartOffset="39977"/>
</LocList>
</BasicStmnt>
</StmntSeq>
</HierarchyLvl>
</HierarchyLvl>
<HierarchyLvl HierarchyLvlId="1037" HierarchyLvlTypeId="26" Intrnl_Id="1637" Name="TestNG">
<Header>
<Loc EndOffset="123" SrcFileId="4" StartOffset="104"/>
</Header>
<LocList>
<Loc EndOffset="3794" SrcFileId="4" StartOffset="104"/>
</LocList>
<HierarchyLvl HierarchyLvlId="1028" HierarchyLvlTypeId="27" Intrnl_Id="1638" Name="CompleteMove">
<Header>
<Loc EndOffset="317" SrcFileId="4" StartOffset="271"/>
</Header>
<LocList>
<Loc EndOffset="687" SrcFileId="4" StartOffset="271"/>
</LocList>
<StmntSeq Intrnl_Id="1639">
<LocList>
<Loc EndOffset="683" SrcFileId="4" StartOffset="350"/>
</LocList>
<CondStmnt CovItemId="S1" CovItemPrefix="game.TestNG.java" Intrnl_Id="1640">
<Branch CovItemId="B1" CovItemPrefix="game.TestNG.java" Implct="false" Intrnl_Id="1641">
<Cond/>
<LocList>
<Loc EndOffset="683" SrcFileId="4" StartOffset="420"/>
</LocList>
<StmntSeq Intrnl_Id="1642">
<LocList>
<Loc EndOffset="481" SrcFileId="4" StartOffset="425"/>
<Loc EndOffset="501" SrcFileId="4" StartOffset="485"/>
<Loc EndOffset="679" SrcFileId="4" StartOffset="622"/>
</LocList>
<BasicStmnt CovItemId="S2" CovItemPrefix="game.TestNG.java" Intrnl_Id="1643">
<LocList>
<Loc EndOffset="481" SrcFileId="4" StartOffset="425"/>
</LocList>
</BasicStmnt>
<BasicStmnt CovItemId="S3" CovItemPrefix="game.TestNG.java" Intrnl_Id="1644">
<LocList>
<Loc EndOffset="501" SrcFileId="4" StartOffset="485"/>
</LocList>
</BasicStmnt>
<CondStmnt CovItemId="S4" CovItemPrefix="game.TestNG.java" Intrnl_Id="1645">
<Branch CovItemId="B3" CovItemPrefix="game.TestNG.java" Implct="false" Intrnl_Id="1646">
<Cond/>
<LocList>
<Loc EndOffset="679" SrcFileId="4" StartOffset="647"/>
</LocList>
<StmntSeq Intrnl_Id="1647">
<LocList>
<Loc EndOffset="674" SrcFileId="4" StartOffset="653"/>
</LocList>
<BasicStmnt CovItemId="S5" CovItemPrefix="game.TestNG.java" Intrnl_Id="1648">
<LocList>
<Loc EndOffset="674" SrcFileId="4" StartOffset="653"/>
</LocList>
</BasicStmnt>
</StmntSeq>
</Branch>
<Branch CovItemId="B4" CovItemPrefix="game.TestNG.java" Implct="true" Intrnl_Id="1649">
<Cond/>
<LocList/>
<StmntSeq Intrnl_Id="1650">
<LocList/>
</StmntSeq>
</Branch>
<Keyword EndOffset="624" SrcFileId="4" StartOffset="622"/>
<LocList>
<Loc EndOffset="679" SrcFileId="4" StartOffset="622"/>
</LocList>
<RootTerm CovItemId="C2" CovItemPrefix="game.TestNG.java" Intrnl_Id="1651">
<BasicBoolTerm Intrnl_Id="1652">
<LocList>
<Loc EndOffset="645" SrcFileId="4" StartOffset="626"/>
</LocList>
</BasicBoolTerm>
</RootTerm>
</CondStmnt>
</StmntSeq>
</Branch>
<Branch CovItemId="B2" CovItemPrefix="game.TestNG.java" Implct="true" Intrnl_Id="1653">
<Cond/>
<LocList/>
<StmntSeq Intrnl_Id="1654">
<LocList/>
</StmntSeq>
</Branch>
<Keyword EndOffset="352" SrcFileId="4" StartOffset="350"/>
<LocList>
<Loc EndOffset="683" SrcFileId="4" StartOffset="350"/>
</LocList>
<RootTerm CovItemId="C1" CovItemPrefix="game.TestNG.java" Intrnl_Id="1655">
<OpTerm BooleanOpId="23" Intrnl_Id="1656">
<BasicBoolTerm Intrnl_Id="1657">
<LocList>
<Loc EndOffset="368" SrcFileId="4" StartOffset="354"/>
</LocList>
</BasicBoolTerm>
<BasicBoolTerm Intrnl_Id="1658">
<LocList>
<Loc EndOffset="418" SrcFileId="4" StartOffset="372"/>
</LocList>
</BasicBoolTerm>
<LocList>
<Loc EndOffset="371" SrcFileId="4" StartOffset="369"/>
</LocList>
</OpTerm>
</RootTerm>
</CondStmnt>
</StmntSeq>
</HierarchyLvl>
<HierarchyLvl HierarchyLvlId="1029" HierarchyLvlTypeId="27" Intrnl_Id="1659" Name="testGameInstantiation">
<Header>
<Loc EndOffset="733" SrcFileId="4" StartOffset="691"/>
</Header>
<LocList>
<Loc EndOffset="939" SrcFileId="4" StartOffset="691"/>
</LocList>
<StmntSeq Intrnl_Id="1660">
<LocList>
<Loc EndOffset="764" SrcFileId="4" StartOffset="741"/>
<Loc EndOffset="803" SrcFileId="4" StartOffset="770"/>
<Loc EndOffset="839" SrcFileId="4" StartOffset="806"/>
<Loc EndOffset="882" SrcFileId="4" StartOffset="842"/>
<Loc EndOffset="936" SrcFileId="4" StartOffset="885"/>
</LocList>
<BasicStmnt CovItemId="S6" CovItemPrefix="game.TestNG.java" Intrnl_Id="1661">
<LocList>
<Loc EndOffset="764" SrcFileId="4" StartOffset="741"/>
</LocList>
</BasicStmnt>
<BasicStmnt CovItemId="S7" CovItemPrefix="game.TestNG.java" Intrnl_Id="1662">
<LocList>
<Loc EndOffset="803" SrcFileId="4" StartOffset="770"/>
</LocList>
</BasicStmnt>
<BasicStmnt CovItemId="S8" CovItemPrefix="game.TestNG.java" Intrnl_Id="1663">
<LocList>
<Loc EndOffset="839" SrcFileId="4" StartOffset="806"/>
</LocList>
</BasicStmnt>
<BasicStmnt CovItemId="S9" CovItemPrefix="game.TestNG.java" Intrnl_Id="1664">
<LocList>
<Loc EndOffset="882" SrcFileId="4" StartOffset="842"/>
</LocList>
</BasicStmnt>
<BasicStmnt CovItemId="S10" CovItemPrefix="game.TestNG.java" Intrnl_Id="1665">
<LocList>
<Loc EndOffset="936" SrcFileId="4" StartOffset="885"/>
</LocList>
</BasicStmnt>
</StmntSeq>
</HierarchyLvl>
<HierarchyLvl HierarchyLvlId="1030" HierarchyLvlTypeId="27" Intrnl_Id="1666" Name="testBoardInstantiation">
<Header>
<Loc EndOffset="986" SrcFileId="4" StartOffset="943"/>
</Header>
<LocList>
<Loc EndOffset="1313" SrcFileId="4" StartOffset="943"/>
</LocList>
<StmntSeq Intrnl_Id="1667">
<LocList>
<Loc EndOffset="1023" SrcFileId="4" StartOffset="994"/>
<Loc EndOffset="1065" SrcFileId="4" StartOffset="1029"/>
<Loc EndOffset="1105" SrcFileId="4" StartOffset="1068"/>
<Loc EndOffset="1142" SrcFileId="4" StartOffset="1108"/>
<Loc EndOffset="1182" SrcFileId="4" StartOffset="1148"/>
<Loc EndOffset="1227" SrcFileId="4" StartOffset="1188"/>
<Loc EndOffset="1270" SrcFileId="4" StartOffset="1230"/>
<Loc EndOffset="1310" SrcFileId="4" StartOffset="1273"/>
</LocList>
<BasicStmnt CovItemId="S11" CovItemPrefix="game.TestNG.java" Intrnl_Id="1668">
<LocList>
<Loc EndOffset="1023" SrcFileId="4" StartOffset="994"/>
</LocList>
</BasicStmnt>
<BasicStmnt CovItemId="S12" CovItemPrefix="game.TestNG.java" Intrnl_Id="1669">
<LocList>
<Loc EndOffset="1065" SrcFileId="4" StartOffset="1029"/>
</LocList>
</BasicStmnt>
<BasicStmnt CovItemId="S13" CovItemPrefix="game.TestNG.java" Intrnl_Id="1670">
<LocList>
<Loc EndOffset="1105" SrcFileId="4" StartOffset="1068"/>
</LocList>
</BasicStmnt>
<BasicStmnt CovItemId="S14" CovItemPrefix="game.TestNG.java" Intrnl_Id="1671">
<LocList>
<Loc EndOffset="1142" SrcFileId="4" StartOffset="1108"/>
</LocList>
</BasicStmnt>
<BasicStmnt CovItemId="S15" CovItemPrefix="game.TestNG.java" Intrnl_Id="1672">
<LocList>
<Loc EndOffset="1182" SrcFileId="4" StartOffset="1148"/>
</LocList>
</BasicStmnt>
<BasicStmnt CovItemId="S16" CovItemPrefix="game.TestNG.java" Intrnl_Id="1673">
<LocList>
<Loc EndOffset="1227" SrcFileId="4" StartOffset="1188"/>
</LocList>
</BasicStmnt>
<BasicStmnt CovItemId="S17" CovItemPrefix="game.TestNG.java" Intrnl_Id="1674">
<LocList>
<Loc EndOffset="1270" SrcFileId="4" StartOffset="1230"/>
</LocList>
</BasicStmnt>
<BasicStmnt CovItemId="S18" CovItemPrefix="game.TestNG.java" Intrnl_Id="1675">
<LocList>
<Loc EndOffset="1310" SrcFileId="4" StartOffset="1273"/>
</LocList>
</BasicStmnt>
</StmntSeq>
</HierarchyLvl>
<HierarchyLvl HierarchyLvlId="1031" HierarchyLvlTypeId="27" Intrnl_Id="1676" Name="testPieceInstantiation">
<Header>
<Loc EndOffset="1361" SrcFileId="4" StartOffset="1318"/>
</Header>
<LocList>
<Loc EndOffset="1550" SrcFileId="4" StartOffset="1318"/>
</LocList>
<StmntSeq Intrnl_Id="1677">
<LocList>
<Loc EndOffset="1397" SrcFileId="4" StartOffset="1369"/>
<Loc EndOffset="1422" SrcFileId="4" StartOffset="1400"/>
<Loc EndOffset="1455" SrcFileId="4" StartOffset="1425"/>
<Loc EndOffset="1501" SrcFileId="4" StartOffset="1461"/>
<Loc EndOffset="1547" SrcFileId="4" StartOffset="1504"/>
</LocList>
<BasicStmnt CovItemId="S19" CovItemPrefix="game.TestNG.java" Intrnl_Id="1678">
<LocList>
<Loc EndOffset="1397" SrcFileId="4" StartOffset="1369"/>
</LocList>
</BasicStmnt>
<BasicStmnt CovItemId="S20" CovItemPrefix="game.TestNG.java" Intrnl_Id="1679">
<LocList>
<Loc EndOffset="1422" SrcFileId="4" StartOffset="1400"/>
</LocList>
</BasicStmnt>
<BasicStmnt CovItemId="S21" CovItemPrefix="game.TestNG.java" Intrnl_Id="1680">
<LocList>
<Loc EndOffset="1455" SrcFileId="4" StartOffset="1425"/>
</LocList>
</BasicStmnt>
<BasicStmnt CovItemId="S22" CovItemPrefix="game.TestNG.java" Intrnl_Id="1681">
<LocList>
<Loc EndOffset="1501" SrcFileId="4" StartOffset="1461"/>
</LocList>
</BasicStmnt>
<BasicStmnt CovItemId="S23" CovItemPrefix="game.TestNG.java" Intrnl_Id="1682">
<LocList>
<Loc EndOffset="1547" SrcFileId="4" StartOffset="1504"/>
</LocList>
</BasicStmnt>
</StmntSeq>
</HierarchyLvl>
<HierarchyLvl HierarchyLvlId="1032" HierarchyLvlTypeId="27" Intrnl_Id="1683" Name="testAddPiece">
<Header>
<Loc EndOffset="1587" SrcFileId="4" StartOffset="1554"/>
</Header>
<LocList>
<Loc EndOffset="1805" SrcFileId="4" StartOffset="1554"/>
</LocList>
<StmntSeq Intrnl_Id="1684">
<LocList>
<Loc EndOffset="1621" SrcFileId="4" StartOffset="1592"/>
<Loc EndOffset="1652" SrcFileId="4" StartOffset="1624"/>
<Loc EndOffset="1677" SrcFileId="4" StartOffset="1655"/>
<Loc EndOffset="1713" SrcFileId="4" StartOffset="1683"/>
<Loc EndOffset="1744" SrcFileId="4" StartOffset="1716"/>
<Loc EndOffset="1802" SrcFileId="4" StartOffset="1750"/>
</LocList>
<BasicStmnt CovItemId="S24" CovItemPrefix="game.TestNG.java" Intrnl_Id="1685">
<LocList>
<Loc EndOffset="1621" SrcFileId="4" StartOffset="1592"/>
</LocList>
</BasicStmnt>
<BasicStmnt CovItemId="S25" CovItemPrefix="game.TestNG.java" Intrnl_Id="1686">
<LocList>
<Loc EndOffset="1652" SrcFileId="4" StartOffset="1624"/>
</LocList>
</BasicStmnt>
<BasicStmnt CovItemId="S26" CovItemPrefix="game.TestNG.java" Intrnl_Id="1687">
<LocList>
<Loc EndOffset="1677" SrcFileId="4" StartOffset="1655"/>
</LocList>
</BasicStmnt>
<BasicStmnt CovItemId="S27" CovItemPrefix="game.TestNG.java" Intrnl_Id="1688">
<LocList>
<Loc EndOffset="1713" SrcFileId="4" StartOffset="1683"/>
</LocList>
</BasicStmnt>
<BasicStmnt CovItemId="S28" CovItemPrefix="game.TestNG.java" Intrnl_Id="1689">
<LocList>
<Loc EndOffset="1744" SrcFileId="4" StartOffset="1716"/>
</LocList>
</BasicStmnt>
<BasicStmnt CovItemId="S29" CovItemPrefix="game.TestNG.java" Intrnl_Id="1690">
<LocList>
<Loc EndOffset="1802" SrcFileId="4" StartOffset="1750"/>
</LocList>
</BasicStmnt>
</StmntSeq>
</HierarchyLvl>
<HierarchyLvl HierarchyLvlId="1033" HierarchyLvlTypeId="27" Intrnl_Id="1691" Name="testCheck">
<Header>
<Loc EndOffset="1839" SrcFileId="4" StartOffset="1809"/>
</Header>
<LocList>
<Loc EndOffset="2404" SrcFileId="4" StartOffset="1809"/>
</LocList>
<StmntSeq Intrnl_Id="1692">
<LocList>
<Loc EndOffset="1867" SrcFileId="4" StartOffset="1844"/>
<Loc EndOffset="1893" SrcFileId="4" StartOffset="1870"/>
<Loc EndOffset="1928" SrcFileId="4" StartOffset="1896"/>
<Loc EndOffset="1959" SrcFileId="4" StartOffset="1931"/>
<Loc EndOffset="2010" SrcFileId="4" StartOffset="1962"/>
<Loc EndOffset="2063" SrcFileId="4" StartOffset="2013"/>
<Loc EndOffset="2116" SrcFileId="4" StartOffset="2066"/>
<Loc EndOffset="2167" SrcFileId="4" StartOffset="2119"/>
<Loc EndOffset="2186" SrcFileId="4" StartOffset="2170"/>
<Loc EndOffset="2258" SrcFileId="4" StartOffset="2189"/>
<Loc EndOffset="2356" SrcFileId="4" StartOffset="2264"/>
<Loc EndOffset="2401" SrcFileId="4" StartOffset="2359"/>
</LocList>
<BasicStmnt CovItemId="S30" CovItemPrefix="game.TestNG.java" Intrnl_Id="1693">
<LocList>
<Loc EndOffset="1867" SrcFileId="4" StartOffset="1844"/>
</LocList>
</BasicStmnt>
<BasicStmnt CovItemId="S31" CovItemPrefix="game.TestNG.java" Intrnl_Id="1694">
<LocList>
<Loc EndOffset="1893" SrcFileId="4" StartOffset="1870"/>
</LocList>
</BasicStmnt>
<BasicStmnt CovItemId="S32" CovItemPrefix="game.TestNG.java" Intrnl_Id="1695">
<LocList>
<Loc EndOffset="1928" SrcFileId="4" StartOffset="1896"/>
</LocList>
</BasicStmnt>
<BasicStmnt CovItemId="S33" CovItemPrefix="game.TestNG.java" Intrnl_Id="1696">
<LocList>
<Loc EndOffset="1959" SrcFileId="4" StartOffset="1931"/>
</LocList>
</BasicStmnt>
<BasicStmnt CovItemId="S34" CovItemPrefix="game.TestNG.java" Intrnl_Id="1697">
<LocList>
<Loc EndOffset="2010" SrcFileId="4" StartOffset="1962"/>
</LocList>
</BasicStmnt>
<BasicStmnt CovItemId="S35" CovItemPrefix="game.TestNG.java" Intrnl_Id="1698">
<LocList>
<Loc EndOffset="2063" SrcFileId="4" StartOffset="2013"/>
</LocList>
</BasicStmnt>
<BasicStmnt CovItemId="S36" CovItemPrefix="game.TestNG.java" Intrnl_Id="1699">
<LocList>
<Loc EndOffset="2116" SrcFileId="4" StartOffset="2066"/>
</LocList>
</BasicStmnt>
<BasicStmnt CovItemId="S37" CovItemPrefix="game.TestNG.java" Intrnl_Id="1700">
<LocList>
<Loc EndOffset="2167" SrcFileId="4" StartOffset="2119"/>
</LocList>
</BasicStmnt>
<BasicStmnt CovItemId="S38" CovItemPrefix="game.TestNG.java" Intrnl_Id="1701">
<LocList>
<Loc EndOffset="2186" SrcFileId="4" StartOffset="2170"/>
</LocList>
</BasicStmnt>
<BasicStmnt CovItemId="S39" CovItemPrefix="game.TestNG.java" Intrnl_Id="1702">
<LocList>
<Loc EndOffset="2258" SrcFileId="4" StartOffset="2189"/>
</LocList>
</BasicStmnt>
<BasicStmnt CovItemId="S40" CovItemPrefix="game.TestNG.java" Intrnl_Id="1703">
<LocList>
<Loc EndOffset="2356" SrcFileId="4" StartOffset="2264"/>
</LocList>
</BasicStmnt>
<BasicStmnt CovItemId="S41" CovItemPrefix="game.TestNG.java" Intrnl_Id="1704">
<LocList>
<Loc EndOffset="2401" SrcFileId="4" StartOffset="2359"/>
</LocList>
</BasicStmnt>
</StmntSeq>
</HierarchyLvl>
<HierarchyLvl HierarchyLvlId="1034" HierarchyLvlTypeId="27" Intrnl_Id="1705" Name="testCheckMate">
<Header>
<Loc EndOffset="2442" SrcFileId="4" StartOffset="2408"/>
</Header>
<LocList>
<Loc EndOffset="3053" SrcFileId="4" StartOffset="2408"/>
</LocList>
<StmntSeq Intrnl_Id="1706">
<LocList>
<Loc EndOffset="2470" SrcFileId="4" StartOffset="2447"/>
<Loc EndOffset="2496" SrcFileId="4" StartOffset="2473"/>
<Loc EndOffset="2531" SrcFileId="4" StartOffset="2499"/>
<Loc EndOffset="2562" SrcFileId="4" StartOffset="2534"/>
<Loc EndOffset="2613" SrcFileId="4" StartOffset="2565"/>
<Loc EndOffset="2664" SrcFileId="4" StartOffset="2616"/>
<Loc EndOffset="2715" SrcFileId="4" StartOffset="2667"/>
<Loc EndOffset="2766" SrcFileId="4" StartOffset="2718"/>
<Loc EndOffset="2817" SrcFileId="4" StartOffset="2769"/>
<Loc EndOffset="2836" SrcFileId="4" StartOffset="2820"/>
<Loc EndOffset="2908" SrcFileId="4" StartOffset="2839"/>
<Loc EndOffset="3006" SrcFileId="4" StartOffset="2914"/>
<Loc EndOffset="3050" SrcFileId="4" StartOffset="3009"/>
</LocList>
<BasicStmnt CovItemId="S42" CovItemPrefix="game.TestNG.java" Intrnl_Id="1707">
<LocList>
<Loc EndOffset="2470" SrcFileId="4" StartOffset="2447"/>
</LocList>
</BasicStmnt>
<BasicStmnt CovItemId="S43" CovItemPrefix="game.TestNG.java" Intrnl_Id="1708">
<LocList>
<Loc EndOffset="2496" SrcFileId="4" StartOffset="2473"/>
</LocList>
</BasicStmnt>
<BasicStmnt CovItemId="S44" CovItemPrefix="game.TestNG.java" Intrnl_Id="1709">
<LocList>
<Loc EndOffset="2531" SrcFileId="4" StartOffset="2499"/>
</LocList>
</BasicStmnt>
<BasicStmnt CovItemId="S45" CovItemPrefix="game.TestNG.java" Intrnl_Id="1710">
<LocList>
<Loc EndOffset="2562" SrcFileId="4" StartOffset="2534"/>
</LocList>
</BasicStmnt>
<BasicStmnt CovItemId="S46" CovItemPrefix="game.TestNG.java" Intrnl_Id="1711">
<LocList>
<Loc EndOffset="2613" SrcFileId="4" StartOffset="2565"/>
</LocList>
</BasicStmnt>
<BasicStmnt CovItemId="S47" CovItemPrefix="game.TestNG.java" Intrnl_Id="1712">
<LocList>
<Loc EndOffset="2664" SrcFileId="4" StartOffset="2616"/>
</LocList>
</BasicStmnt>
<BasicStmnt CovItemId="S48" CovItemPrefix="game.TestNG.java" Intrnl_Id="1713">
<LocList>
<Loc EndOffset="2715" SrcFileId="4" StartOffset="2667"/>
</LocList>
</BasicStmnt>
<BasicStmnt CovItemId="S49" CovItemPrefix="game.TestNG.java" Intrnl_Id="1714">
<LocList>
<Loc EndOffset="2766" SrcFileId="4" StartOffset="2718"/>
</LocList>
</BasicStmnt>
<BasicStmnt CovItemId="S50" CovItemPrefix="game.TestNG.java" Intrnl_Id="1715">
<LocList>
<Loc EndOffset="2817" SrcFileId="4" StartOffset="2769"/>
</LocList>
</BasicStmnt>
<BasicStmnt CovItemId="S51" CovItemPrefix="game.TestNG.java" Intrnl_Id="1716">
<LocList>
<Loc EndOffset="2836" SrcFileId="4" StartOffset="2820"/>
</LocList>
</BasicStmnt>
<BasicStmnt CovItemId="S52" CovItemPrefix="game.TestNG.java" Intrnl_Id="1717">
<LocList>
<Loc EndOffset="2908" SrcFileId="4" StartOffset="2839"/>
</LocList>
</BasicStmnt>
<BasicStmnt CovItemId="S53" CovItemPrefix="game.TestNG.java" Intrnl_Id="1718">
<LocList>
<Loc EndOffset="3006" SrcFileId="4" StartOffset="2914"/>
</LocList>
</BasicStmnt>
<BasicStmnt CovItemId="S54" CovItemPrefix="game.TestNG.java" Intrnl_Id="1719">
<LocList>
<Loc EndOffset="3050" SrcFileId="4" StartOffset="3009"/>
</LocList>
</BasicStmnt>
</StmntSeq>
</HierarchyLvl>
<HierarchyLvl HierarchyLvlId="1035" HierarchyLvlTypeId="27" Intrnl_Id="1720" Name="testFuzzInput">
<Header>
<Loc EndOffset="3091" SrcFileId="4" StartOffset="3057"/>
</Header>
<LocList>
<Loc EndOffset="3397" SrcFileId="4" StartOffset="3057"/>
</LocList>
<StmntSeq Intrnl_Id="1721">
<LocList>
<Loc EndOffset="3119" SrcFileId="4" StartOffset="3096"/>
<Loc EndOffset="3145" SrcFileId="4" StartOffset="3122"/>
<Loc EndOffset="3180" SrcFileId="4" StartOffset="3148"/>
<Loc EndOffset="3252" SrcFileId="4" StartOffset="3183"/>
<Loc EndOffset="3272" SrcFileId="4" StartOffset="3256"/>
<Loc EndOffset="3288" SrcFileId="4" StartOffset="3278"/>
<Loc EndOffset="3391" SrcFileId="4" StartOffset="3291"/>
</LocList>
<BasicStmnt CovItemId="S55" CovItemPrefix="game.TestNG.java" Intrnl_Id="1722">
<LocList>
<Loc EndOffset="3119" SrcFileId="4" StartOffset="3096"/>
</LocList>
</BasicStmnt>
<BasicStmnt CovItemId="S56" CovItemPrefix="game.TestNG.java" Intrnl_Id="1723">
<LocList>
<Loc EndOffset="3145" SrcFileId="4" StartOffset="3122"/>
</LocList>
</BasicStmnt>
<BasicStmnt CovItemId="S57" CovItemPrefix="game.TestNG.java" Intrnl_Id="1724">
<LocList>
<Loc EndOffset="3180" SrcFileId="4" StartOffset="3148"/>
</LocList>
</BasicStmnt>
<BasicStmnt CovItemId="S58" CovItemPrefix="game.TestNG.java" Intrnl_Id="1725">
<LocList>
<Loc EndOffset="3252" SrcFileId="4" StartOffset="3183"/>
</LocList>
</BasicStmnt>
<BasicStmnt CovItemId="S59" CovItemPrefix="game.TestNG.java" Intrnl_Id="1726">
<LocList>
<Loc EndOffset="3272" SrcFileId="4" StartOffset="3256"/>
</LocList>
</BasicStmnt>
<BasicStmnt CovItemId="S60" CovItemPrefix="game.TestNG.java" Intrnl_Id="1727">
<LocList>
<Loc EndOffset="3288" SrcFileId="4" StartOffset="3278"/>
</LocList>
</BasicStmnt>
<LoopStmnt CovItemId="S61" CovItemPrefix="game.TestNG.java" Intrnl_Id="1728" MltplExecId="L1-2" MltplExecPrefix="game.TestNG.java" NvrExecId="L1-0" NvrExecPrefix="game.TestNG.java" OnceExecutedId="L1-1" OnceExecutedPrefix="game.TestNG.java" OptBodyExec="true">
<StmntSeq Intrnl_Id="1729">
<LocList>
<Loc EndOffset="3379" SrcFileId="4" StartOffset="3314"/>
<Loc EndOffset="3387" SrcFileId="4" StartOffset="3383"/>
</LocList>
<BasicStmnt CovItemId="S62" CovItemPrefix="game.TestNG.java" Intrnl_Id="1730">
<LocList>
<Loc EndOffset="3379" SrcFileId="4" StartOffset="3314"/>
</LocList>
</BasicStmnt>
<BasicStmnt CovItemId="S63" CovItemPrefix="game.TestNG.java" Intrnl_Id="1731">
<LocList>
<Loc EndOffset="3387" SrcFileId="4" StartOffset="3383"/>
</LocList>
</BasicStmnt>
</StmntSeq>
<Keyword EndOffset="3296" SrcFileId="4" StartOffset="3291"/>
<LocList>
<Loc EndOffset="3391" SrcFileId="4" StartOffset="3291"/>
</LocList>
<RootTerm CovItemId="C3" CovItemPrefix="game.TestNG.java" Intrnl_Id="1732">
<BasicBoolTerm Intrnl_Id="1733">
<LocList>
<Loc EndOffset="3307" SrcFileId="4" StartOffset="3298"/>
</LocList>
</BasicBoolTerm>
</RootTerm>
</LoopStmnt>
</StmntSeq>
</HierarchyLvl>
<HierarchyLvl HierarchyLvlId="1036" HierarchyLvlTypeId="27" Intrnl_Id="1734" Name="genRandomMove">
<Header>
<Loc EndOffset="3505" SrcFileId="4" StartOffset="3451"/>
</Header>
<LocList>
<Loc EndOffset="3792" SrcFileId="4" StartOffset="3451"/>
</LocList>
<StmntSeq Intrnl_Id="1735">
<LocList>
<Loc EndOffset="3522" SrcFileId="4" StartOffset="3510"/>
<Loc EndOffset="3564" SrcFileId="4" StartOffset="3525"/>
<Loc EndOffset="3654" SrcFileId="4" StartOffset="3570"/>
<Loc EndOffset="3739" SrcFileId="4" StartOffset="3657"/>
<Loc EndOffset="3789" SrcFileId="4" StartOffset="3745"/>
</LocList>
<BasicStmnt CovItemId="S64" CovItemPrefix="game.TestNG.java" Intrnl_Id="1736">
<LocList>
<Loc EndOffset="3522" SrcFileId="4" StartOffset="3510"/>
</LocList>
</BasicStmnt>
<BasicStmnt CovItemId="S65" CovItemPrefix="game.TestNG.java" Intrnl_Id="1737">
<LocList>
<Loc EndOffset="3564" SrcFileId="4" StartOffset="3525"/>
</LocList>
</BasicStmnt>
<BasicStmnt CovItemId="S66" CovItemPrefix="game.TestNG.java" Intrnl_Id="1738">
<LocList>
<Loc EndOffset="3654" SrcFileId="4" StartOffset="3570"/>
</LocList>
</BasicStmnt>
<BasicStmnt CovItemId="S67" CovItemPrefix="game.TestNG.java" Intrnl_Id="1739">
<LocList>
<Loc EndOffset="3739" SrcFileId="4" StartOffset="3657"/>
</LocList>
</BasicStmnt>
<BasicStmnt CovItemId="S68" CovItemPrefix="game.TestNG.java" Intrnl_Id="1740">
<LocList>
<Loc EndOffset="3789" SrcFileId="4" StartOffset="3745"/>
</LocList>
</BasicStmnt>
</StmntSeq>
</HierarchyLvl>
</HierarchyLvl>
<HierarchyLvl HierarchyLvlId="1055" HierarchyLvlTypeId="26" Intrnl_Id="1741" Name="TakeAllChess">
<Header>
<Loc EndOffset="195" SrcFileId="5" StartOffset="156"/>
</Header>
<LocList>
<Loc EndOffset="20499" SrcFileId="5" StartOffset="156"/>
</LocList>
<HierarchyLvl HierarchyLvlId="1038" HierarchyLvlTypeId="27" Intrnl_Id="1742" Name="TakeAllChess">
<Header>
<Loc EndOffset="221" SrcFileId="5" StartOffset="200"/>
</Header>
<LocList>
<Loc EndOffset="237" SrcFileId="5" StartOffset="200"/>
</LocList>
<StmntSeq Intrnl_Id="1743">
<LocList>
<Loc EndOffset="234" SrcFileId="5" StartOffset="226"/>
</LocList>
<BasicStmnt CovItemId="S1" CovItemPrefix="game.TakeAllChess.java" Intrnl_Id="1744">
<LocList>
<Loc EndOffset="234" SrcFileId="5" StartOffset="226"/>
</LocList>
</BasicStmnt>
</StmntSeq>
</HierarchyLvl>
<HierarchyLvl HierarchyLvlId="1039" HierarchyLvlTypeId="27" Intrnl_Id="1745" Name="SetStartingPositions">
<Header>
<Loc EndOffset="378" SrcFileId="5" StartOffset="317"/>
</Header>
<LocList>
<Loc EndOffset="1765" SrcFileId="5" StartOffset="317"/>
</LocList>
<StmntSeq Intrnl_Id="1746">
<LocList>
<Loc EndOffset="413" SrcFileId="5" StartOffset="384"/>
<Loc EndOffset="455" SrcFileId="5" StartOffset="417"/>
<Loc EndOffset="496" SrcFileId="5" StartOffset="458"/>
<Loc EndOffset="537" SrcFileId="5" StartOffset="499"/>
<Loc EndOffset="578" SrcFileId="5" StartOffset="540"/>
<Loc EndOffset="619" SrcFileId="5" StartOffset="581"/>
<Loc EndOffset="660" SrcFileId="5" StartOffset="622"/>
<Loc EndOffset="701" SrcFileId="5" StartOffset="663"/>
<Loc EndOffset="742" SrcFileId="5" StartOffset="704"/>
<Loc EndOffset="783" SrcFileId="5" StartOffset="745"/>
<Loc EndOffset="826" SrcFileId="5" StartOffset="786"/>
<Loc EndOffset="869" SrcFileId="5" StartOffset="829"/>
<Loc EndOffset="911" SrcFileId="5" StartOffset="872"/>
<Loc EndOffset="952" SrcFileId="5" StartOffset="914"/>
<Loc EndOffset="995" SrcFileId="5" StartOffset="955"/>
<Loc EndOffset="1038" SrcFileId="5" StartOffset="998"/>
<Loc EndOffset="1079" SrcFileId="5" StartOffset="1041"/>
<Loc EndOffset="1121" SrcFileId="5" StartOffset="1083"/>
<Loc EndOffset="1162" SrcFileId="5" StartOffset="1124"/>
<Loc EndOffset="1203" SrcFileId="5" StartOffset="1165"/>
<Loc EndOffset="1244" SrcFileId="5" StartOffset="1206"/>
<Loc EndOffset="1285" SrcFileId="5" StartOffset="1247"/>
<Loc EndOffset="1326" SrcFileId="5" StartOffset="1288"/>
<Loc EndOffset="1367" SrcFileId="5" StartOffset="1329"/>
<Loc EndOffset="1408" SrcFileId="5" StartOffset="1370"/>
<Loc EndOffset="1449" SrcFileId="5" StartOffset="1411"/>
<Loc EndOffset="1492" SrcFileId="5" StartOffset="1452"/>
<Loc EndOffset="1535" SrcFileId="5" StartOffset="1495"/>
<Loc EndOffset="1577" SrcFileId="5" StartOffset="1538"/>
<Loc EndOffset="1618" SrcFileId="5" StartOffset="1580"/>
<Loc EndOffset="1661" SrcFileId="5" StartOffset="1621"/>
<Loc EndOffset="1704" SrcFileId="5" StartOffset="1664"/>
<Loc EndOffset="1745" SrcFileId="5" StartOffset="1707"/>
<Loc EndOffset="1762" SrcFileId="5" StartOffset="1749"/>
</LocList>
<BasicStmnt CovItemId="S2" CovItemPrefix="game.TakeAllChess.java" Intrnl_Id="1747">
<LocList>
<Loc EndOffset="413" SrcFileId="5" StartOffset="384"/>
</LocList>
</BasicStmnt>
<BasicStmnt CovItemId="S3" CovItemPrefix="game.TakeAllChess.java" Intrnl_Id="1748">
<LocList>
<Loc EndOffset="455" SrcFileId="5" StartOffset="417"/>
</LocList>
</BasicStmnt>
<BasicStmnt CovItemId="S4" CovItemPrefix="game.TakeAllChess.java" Intrnl_Id="1749">
<LocList>
<Loc EndOffset="496" SrcFileId="5" StartOffset="458"/>
</LocList>
</BasicStmnt>
<BasicStmnt CovItemId="S5" CovItemPrefix="game.TakeAllChess.java" Intrnl_Id="1750">
<LocList>
<Loc EndOffset="537" SrcFileId="5" StartOffset="499"/>
</LocList>
</BasicStmnt>
<BasicStmnt CovItemId="S6" CovItemPrefix="game.TakeAllChess.java" Intrnl_Id="1751">
<LocList>
<Loc EndOffset="578" SrcFileId="5" StartOffset="540"/>
</LocList>
</BasicStmnt>
<BasicStmnt CovItemId="S7" CovItemPrefix="game.TakeAllChess.java" Intrnl_Id="1752">
<LocList>
<Loc EndOffset="619" SrcFileId="5" StartOffset="581"/>
</LocList>
</BasicStmnt>
<BasicStmnt CovItemId="S8" CovItemPrefix="game.TakeAllChess.java" Intrnl_Id="1753">
<LocList>
<Loc EndOffset="660" SrcFileId="5" StartOffset="622"/>
</LocList>
</BasicStmnt>
<BasicStmnt CovItemId="S9" CovItemPrefix="game.TakeAllChess.java" Intrnl_Id="1754">
<LocList>
<Loc EndOffset="701" SrcFileId="5" StartOffset="663"/>
</LocList>
</BasicStmnt>
<BasicStmnt CovItemId="S10" CovItemPrefix="game.TakeAllChess.java" Intrnl_Id="1755">
<LocList>
<Loc EndOffset="742" SrcFileId="5" StartOffset="704"/>
</LocList>
</BasicStmnt>
<BasicStmnt CovItemId="S11" CovItemPrefix="game.TakeAllChess.java" Intrnl_Id="1756">
<LocList>
<Loc EndOffset="783" SrcFileId="5" StartOffset="745"/>
</LocList>
</BasicStmnt>
<BasicStmnt CovItemId="S12" CovItemPrefix="game.TakeAllChess.java" Intrnl_Id="1757">
<LocList>
<Loc EndOffset="826" SrcFileId="5" StartOffset="786"/>
</LocList>
</BasicStmnt>
<BasicStmnt CovItemId="S13" CovItemPrefix="game.TakeAllChess.java" Intrnl_Id="1758">
<LocList>
<Loc EndOffset="869" SrcFileId="5" StartOffset="829"/>
</LocList>
</BasicStmnt>
<BasicStmnt CovItemId="S14" CovItemPrefix="game.TakeAllChess.java" Intrnl_Id="1759">
<LocList>
<Loc EndOffset="911" SrcFileId="5" StartOffset="872"/>
</LocList>
</BasicStmnt>
<BasicStmnt CovItemId="S15" CovItemPrefix="game.TakeAllChess.java" Intrnl_Id="1760">
<LocList>
<Loc EndOffset="952" SrcFileId="5" StartOffset="914"/>
</LocList>
</BasicStmnt>
<BasicStmnt CovItemId="S16" CovItemPrefix="game.TakeAllChess.java" Intrnl_Id="1761">
<LocList>
<Loc EndOffset="995" SrcFileId="5" StartOffset="955"/>
</LocList>
</BasicStmnt>
<BasicStmnt CovItemId="S17" CovItemPrefix="game.TakeAllChess.java" Intrnl_Id="1762">
<LocList>
<Loc EndOffset="1038" SrcFileId="5" StartOffset="998"/>
</LocList>
</BasicStmnt>
<BasicStmnt CovItemId="S18" CovItemPrefix="game.TakeAllChess.java" Intrnl_Id="1763">
<LocList>
<Loc EndOffset="1079" SrcFileId="5" StartOffset="1041"/>
</LocList>
</BasicStmnt>
<BasicStmnt CovItemId="S19" CovItemPrefix="game.TakeAllChess.java" Intrnl_Id="1764">
<LocList>
<Loc EndOffset="1121" SrcFileId="5" StartOffset="1083"/>
</LocList>
</BasicStmnt>
<BasicStmnt CovItemId="S20" CovItemPrefix="game.TakeAllChess.java" Intrnl_Id="1765">
<LocList>
<Loc EndOffset="1162" SrcFileId="5" StartOffset="1124"/>
</LocList>
</BasicStmnt>
<BasicStmnt CovItemId="S21" CovItemPrefix="game.TakeAllChess.java" Intrnl_Id="1766">
<LocList>
<Loc EndOffset="1203" SrcFileId="5" StartOffset="1165"/>
</LocList>
</BasicStmnt>
<BasicStmnt CovItemId="S22" CovItemPrefix="game.TakeAllChess.java" Intrnl_Id="1767">
<LocList>
<Loc EndOffset="1244" SrcFileId="5" StartOffset="1206"/>
</LocList>
</BasicStmnt>
<BasicStmnt CovItemId="S23" CovItemPrefix="game.TakeAllChess.java" Intrnl_Id="1768">
<LocList>
<Loc EndOffset="1285" SrcFileId="5" StartOffset="1247"/>
</LocList>
</BasicStmnt>
<BasicStmnt CovItemId="S24" CovItemPrefix="game.TakeAllChess.java" Intrnl_Id="1769">
<LocList>
<Loc EndOffset="1326" SrcFileId="5" StartOffset="1288"/>
</LocList>
</BasicStmnt>
<BasicStmnt CovItemId="S25" CovItemPrefix="game.TakeAllChess.java" Intrnl_Id="1770">
<LocList>
<Loc EndOffset="1367" SrcFileId="5" StartOffset="1329"/>
</LocList>
</BasicStmnt>
<BasicStmnt CovItemId="S26" CovItemPrefix="game.TakeAllChess.java" Intrnl_Id="1771">
<LocList>
<Loc EndOffset="1408" SrcFileId="5" StartOffset="1370"/>
</LocList>
</BasicStmnt>
<BasicStmnt CovItemId="S27" CovItemPrefix="game.TakeAllChess.java" Intrnl_Id="1772">
<LocList>
<Loc EndOffset="1449" SrcFileId="5" StartOffset="1411"/>
</LocList>
</BasicStmnt>
<BasicStmnt CovItemId="S28" CovItemPrefix="game.TakeAllChess.java" Intrnl_Id="1773">
<LocList>
<Loc EndOffset="1492" SrcFileId="5" StartOffset="1452"/>
</LocList>
</BasicStmnt>
<BasicStmnt CovItemId="S29" CovItemPrefix="game.TakeAllChess.java" Intrnl_Id="1774">
<LocList>
<Loc EndOffset="1535" SrcFileId="5" StartOffset="1495"/>
</LocList>
</BasicStmnt>
<BasicStmnt CovItemId="S30" CovItemPrefix="game.TakeAllChess.java" Intrnl_Id="1775">
<LocList>
<Loc EndOffset="1577" SrcFileId="5" StartOffset="1538"/>
</LocList>
</BasicStmnt>
<BasicStmnt CovItemId="S31" CovItemPrefix="game.TakeAllChess.java" Intrnl_Id="1776">
<LocList>
<Loc EndOffset="1618" SrcFileId="5" StartOffset="1580"/>
</LocList>
</BasicStmnt>
<BasicStmnt CovItemId="S32" CovItemPrefix="game.TakeAllChess.java" Intrnl_Id="1777">
<LocList>
<Loc EndOffset="1661" SrcFileId="5" StartOffset="1621"/>
</LocList>
</BasicStmnt>
<BasicStmnt CovItemId="S33" CovItemPrefix="game.TakeAllChess.java" Intrnl_Id="1778">
<LocList>
<Loc EndOffset="1704" SrcFileId="5" StartOffset="1664"/>
</LocList>
</BasicStmnt>
<BasicStmnt CovItemId="S34" CovItemPrefix="game.TakeAllChess.java" Intrnl_Id="1779">
<LocList>
<Loc EndOffset="1745" SrcFileId="5" StartOffset="1707"/>
</LocList>
</BasicStmnt>
<BasicStmnt CovItemId="S35" CovItemPrefix="game.TakeAllChess.java" Intrnl_Id="1780">
<LocList>
<Loc EndOffset="1762" SrcFileId="5" StartOffset="1749"/>
</LocList>
</BasicStmnt>
</StmntSeq>
</HierarchyLvl>
<HierarchyLvl HierarchyLvlId="1040" HierarchyLvlTypeId="27" Intrnl_Id="1781" Name="validatePawnMove">
<Header>
<Loc EndOffset="1890" SrcFileId="5" StartOffset="1835"/>
</Header>
<LocList>
<Loc EndOffset="3871" SrcFileId="5" StartOffset="1835"/>
</LocList>
<StmntSeq Intrnl_Id="1782">
<LocList>
<Loc EndOffset="1947" SrcFileId="5" StartOffset="1928"/>
<Loc EndOffset="2036" SrcFileId="5" StartOffset="1969"/>
<Loc EndOffset="2108" SrcFileId="5" StartOffset="2040"/>
<Loc EndOffset="2189" SrcFileId="5" StartOffset="2111"/>
<Loc EndOffset="3852" SrcFileId="5" StartOffset="2192"/>
<Loc EndOffset="3868" SrcFileId="5" StartOffset="3855"/>
</LocList>
<BasicStmnt CovItemId="S36" CovItemPrefix="game.TakeAllChess.java" Intrnl_Id="1783">
<LocList>
<Loc EndOffset="1947" SrcFileId="5" StartOffset="1928"/>
</LocList>
</BasicStmnt>
<CondStmnt CovItemId="S37" CovItemPrefix="game.TakeAllChess.java" Intrnl_Id="1784">
<Branch CovItemId="B1" CovItemPrefix="game.TakeAllChess.java" Implct="false" Intrnl_Id="1785">
<Cond/>
<LocList>
<Loc EndOffset="2036" SrcFileId="5" StartOffset="2013"/>
</LocList>
<StmntSeq Intrnl_Id="1786">
<LocList>
<Loc EndOffset="2032" SrcFileId="5" StartOffset="2018"/>
</LocList>
<BasicStmnt CovItemId="S38" CovItemPrefix="game.TakeAllChess.java" Intrnl_Id="1787">
<LocList>
<Loc EndOffset="2032" SrcFileId="5" StartOffset="2018"/>
</LocList>
</BasicStmnt>
</StmntSeq>
</Branch>
<Branch CovItemId="B2" CovItemPrefix="game.TakeAllChess.java" Implct="true" Intrnl_Id="1788">
<Cond/>
<LocList/>
<StmntSeq Intrnl_Id="1789">
<LocList/>
</StmntSeq>
</Branch>
<Keyword EndOffset="1971" SrcFileId="5" StartOffset="1969"/>
<LocList>
<Loc EndOffset="2036" SrcFileId="5" StartOffset="1969"/>
</LocList>
<RootTerm CovItemId="C1" CovItemPrefix="game.TakeAllChess.java" Intrnl_Id="1790">
<BasicBoolTerm Intrnl_Id="1791">
<LocList>
<Loc EndOffset="2011" SrcFileId="5" StartOffset="1972"/>
</LocList>
</BasicBoolTerm>
</RootTerm>
</CondStmnt>
<BasicStmnt CovItemId="S39" CovItemPrefix="game.TakeAllChess.java" Intrnl_Id="1792">
<LocList>
<Loc EndOffset="2108" SrcFileId="5" StartOffset="2040"/>
</LocList>
</BasicStmnt>
<BasicStmnt CovItemId="S40" CovItemPrefix="game.TakeAllChess.java" Intrnl_Id="1793">
<LocList>
<Loc EndOffset="2189" SrcFileId="5" StartOffset="2111"/>
</LocList>
</BasicStmnt>
<CondStmnt CovItemId="S41" CovItemPrefix="game.TakeAllChess.java" Intrnl_Id="1794">
<Branch CovItemId="B3" CovItemPrefix="game.TakeAllChess.java" Implct="false" Intrnl_Id="1795">
<Cond/>
<LocList>
<Loc EndOffset="3414" SrcFileId="5" StartOffset="2221"/>
</LocList>
<StmntSeq Intrnl_Id="1796">
<LocList>
<Loc EndOffset="3410" SrcFileId="5" StartOffset="2267"/>
</LocList>
<CondStmnt CovItemId="S42" CovItemPrefix="game.TakeAllChess.java" Intrnl_Id="1797">
<Branch CovItemId="B5" CovItemPrefix="game.TakeAllChess.java" Implct="false" Intrnl_Id="1798">
<Cond/>
<LocList>
<Loc EndOffset="2441" SrcFileId="5" StartOffset="2288"/>
</LocList>
<StmntSeq Intrnl_Id="1799">
<LocList>
<Loc EndOffset="2436" SrcFileId="5" StartOffset="2340"/>
</LocList>
<CondStmnt CovItemId="S43" CovItemPrefix="game.TakeAllChess.java" Intrnl_Id="1800">
<Branch CovItemId="B7" CovItemPrefix="game.TakeAllChess.java" Implct="false" Intrnl_Id="1801">
<Cond/>
<LocList>
<Loc EndOffset="2400" SrcFileId="5" StartOffset="2375"/>
</LocList>
<StmntSeq Intrnl_Id="1802">
<LocList>
<Loc EndOffset="2394" SrcFileId="5" StartOffset="2382"/>
</LocList>
<BasicStmnt CovItemId="S44" CovItemPrefix="game.TakeAllChess.java" Intrnl_Id="1803">
<LocList>
<Loc EndOffset="2394" SrcFileId="5" StartOffset="2382"/>
</LocList>
</BasicStmnt>
</StmntSeq>
</Branch>
<Branch CovItemId="B8" CovItemPrefix="game.TakeAllChess.java" Implct="false" Intrnl_Id="1804">
<Cond>
<Loc EndOffset="2409" SrcFileId="5" StartOffset="2405"/>
</Cond>
<LocList>
<Loc EndOffset="2436" SrcFileId="5" StartOffset="2410"/>
</LocList>
<StmntSeq Intrnl_Id="1805">
<LocList>
<Loc EndOffset="2430" SrcFileId="5" StartOffset="2417"/>
</LocList>
<BasicStmnt CovItemId="S45" CovItemPrefix="game.TakeAllChess.java" Intrnl_Id="1806">
<LocList>
<Loc EndOffset="2430" SrcFileId="5" StartOffset="2417"/>
</LocList>
</BasicStmnt>
</StmntSeq>
</Branch>
<Keyword EndOffset="2342" SrcFileId="5" StartOffset="2340"/>
<LocList>
<Loc EndOffset="2436" SrcFileId="5" StartOffset="2340"/>
</LocList>
<RootTerm CovItemId="C4" CovItemPrefix="game.TakeAllChess.java" Intrnl_Id="1807">
<BasicBoolTerm Intrnl_Id="1808">
<LocList>
<Loc EndOffset="2373" SrcFileId="5" StartOffset="2343"/>
</LocList>
</BasicBoolTerm>
</RootTerm>
</CondStmnt>
</StmntSeq>
</Branch>
<Branch CovItemId="B6" CovItemPrefix="game.TakeAllChess.java" Implct="false" Intrnl_Id="1809">
<Cond>
<Loc EndOffset="2490" SrcFileId="5" StartOffset="2486"/>
</Cond>
<LocList>
<Loc EndOffset="3410" SrcFileId="5" StartOffset="2491"/>
</LocList>
<StmntSeq Intrnl_Id="1810">
<LocList>
<Loc EndOffset="3410" SrcFileId="5" StartOffset="2491"/>
</LocList>
<CondStmnt CovItemId="S46" CovItemPrefix="game.TakeAllChess.java" Intrnl_Id="1811">
<Branch CovItemId="B9" CovItemPrefix="game.TakeAllChess.java" Implct="false" Intrnl_Id="1812">
<Cond/>
<LocList>
<Loc EndOffset="3410" SrcFileId="5" StartOffset="2512"/>
</LocList>
<StmntSeq Intrnl_Id="1813">
<LocList>
<Loc EndOffset="3405" SrcFileId="5" StartOffset="2561"/>
</LocList>
<CondStmnt CovItemId="S47" CovItemPrefix="game.TakeAllChess.java" Intrnl_Id="1814">
<Branch CovItemId="B11" CovItemPrefix="game.TakeAllChess.java" Implct="false" Intrnl_Id="1815">
<Cond/>
<LocList>
<Loc EndOffset="3244" SrcFileId="5" StartOffset="2596"/>
</LocList>
<StmntSeq Intrnl_Id="1816">
<LocList>
<Loc EndOffset="3219" SrcFileId="5" StartOffset="2748"/>
<Loc EndOffset="3238" SrcFileId="5" StartOffset="3225"/>
</LocList>
<CondStmnt CovItemId="S48" CovItemPrefix="game.TakeAllChess.java" Intrnl_Id="1817">
<Branch CovItemId="B13" CovItemPrefix="game.TakeAllChess.java" Implct="false" Intrnl_Id="1818">
<Cond/>
<LocList>
<Loc EndOffset="3219" SrcFileId="5" StartOffset="2827"/>
</LocList>
<StmntSeq Intrnl_Id="1819">
<LocList>
<Loc EndOffset="3212" SrcFileId="5" StartOffset="2835"/>
</LocList>
<CondStmnt CovItemId="S49" CovItemPrefix="game.TakeAllChess.java" Intrnl_Id="1820">
<Branch CovItemId="B15" CovItemPrefix="game.TakeAllChess.java" Implct="false" Intrnl_Id="1821">
<Cond/>
<LocList>
<Loc EndOffset="3212" SrcFileId="5" StartOffset="2931"/>
</LocList>
<StmntSeq Intrnl_Id="1822">
<LocList>
<Loc EndOffset="3023" SrcFileId="5" StartOffset="2940"/>
<Loc EndOffset="3204" SrcFileId="5" StartOffset="3031"/>
</LocList>
<BasicStmnt CovItemId="S50" CovItemPrefix="game.TakeAllChess.java" Intrnl_Id="1823">
<LocList>
<Loc EndOffset="3023" SrcFileId="5" StartOffset="2940"/>
</LocList>
</BasicStmnt>
<CondStmnt CovItemId="S51" CovItemPrefix="game.TakeAllChess.java" Intrnl_Id="1824">
<Branch CovItemId="B17" CovItemPrefix="game.TakeAllChess.java" Implct="false" Intrnl_Id="1825">
<Cond/>
<LocList>
<Loc EndOffset="3204" SrcFileId="5" StartOffset="3089"/>
</LocList>
<StmntSeq Intrnl_Id="1826">
<LocList>
<Loc EndOffset="3174" SrcFileId="5" StartOffset="3099"/>
<Loc EndOffset="3195" SrcFileId="5" StartOffset="3183"/>
</LocList>
<BasicStmnt CovItemId="S52" CovItemPrefix="game.TakeAllChess.java" Intrnl_Id="1827">
<LocList>
<Loc EndOffset="3174" SrcFileId="5" StartOffset="3099"/>
</LocList>
</BasicStmnt>
<BasicStmnt CovItemId="S53" CovItemPrefix="game.TakeAllChess.java" Intrnl_Id="1828">
<LocList>
<Loc EndOffset="3195" SrcFileId="5" StartOffset="3183"/>
</LocList>
</BasicStmnt>
</StmntSeq>
</Branch>
<Branch CovItemId="B18" CovItemPrefix="game.TakeAllChess.java" Implct="true" Intrnl_Id="1829">
<Cond/>
<LocList/>
<StmntSeq Intrnl_Id="1830">
<LocList/>
</StmntSeq>
</Branch>
<Keyword EndOffset="3033" SrcFileId="5" StartOffset="3031"/>
<LocList>
<Loc EndOffset="3204" SrcFileId="5" StartOffset="3031"/>
</LocList>
<RootTerm CovItemId="C9" CovItemPrefix="game.TakeAllChess.java" Intrnl_Id="1831">
<OpTerm BooleanOpId="23" Intrnl_Id="1832">
<BasicBoolTerm Intrnl_Id="1833">
<LocList>
<Loc EndOffset="3056" SrcFileId="5" StartOffset="3034"/>
</LocList>
</BasicBoolTerm>
<BasicBoolTerm Intrnl_Id="1834">
<LocList>
<Loc EndOffset="3088" SrcFileId="5" StartOffset="3060"/>
</LocList>
</BasicBoolTerm>
<LocList>
<Loc EndOffset="3059" SrcFileId="5" StartOffset="3057"/>
</LocList>
</OpTerm>
</RootTerm>
</CondStmnt>
</StmntSeq>
</Branch>
<Branch CovItemId="B16" CovItemPrefix="game.TakeAllChess.java" Implct="true" Intrnl_Id="1835">
<Cond/>
<LocList/>
<StmntSeq Intrnl_Id="1836">
<LocList/>
</StmntSeq>
</Branch>
<Keyword EndOffset="2837" SrcFileId="5" StartOffset="2835"/>
<LocList>
<Loc EndOffset="3212" SrcFileId="5" StartOffset="2835"/>
</LocList>
<RootTerm CovItemId="C8" CovItemPrefix="game.TakeAllChess.java" Intrnl_Id="1837">
<BasicBoolTerm Intrnl_Id="1838">
<LocList>
<Loc EndOffset="2930" SrcFileId="5" StartOffset="2838"/>
</LocList>
</BasicBoolTerm>
</RootTerm>
</CondStmnt>
</StmntSeq>
</Branch>
<Branch CovItemId="B14" CovItemPrefix="game.TakeAllChess.java" Implct="true" Intrnl_Id="1839">
<Cond/>
<LocList/>
<StmntSeq Intrnl_Id="1840">
<LocList/>
</StmntSeq>
</Branch>
<Keyword EndOffset="2750" SrcFileId="5" StartOffset="2748"/>
<LocList>
<Loc EndOffset="3219" SrcFileId="5" StartOffset="2748"/>
</LocList>
<RootTerm CovItemId="C7" CovItemPrefix="game.TakeAllChess.java" Intrnl_Id="1841">
<BasicBoolTerm Intrnl_Id="1842">
<LocList>
<Loc EndOffset="2826" SrcFileId="5" StartOffset="2751"/>
</LocList>
</BasicBoolTerm>
</RootTerm>
</CondStmnt>
<BasicStmnt CovItemId="S54" CovItemPrefix="game.TakeAllChess.java" Intrnl_Id="1843">
<LocList>
<Loc EndOffset="3238" SrcFileId="5" StartOffset="3225"/>
</LocList>
</BasicStmnt>
</StmntSeq>
</Branch>
<Branch CovItemId="B12" CovItemPrefix="game.TakeAllChess.java" Implct="false" Intrnl_Id="1844">
<Cond>
<Loc EndOffset="3325" SrcFileId="5" StartOffset="3321"/>
</Cond>
<LocList>
<Loc EndOffset="3405" SrcFileId="5" StartOffset="3326"/>
</LocList>
<StmntSeq Intrnl_Id="1845">
<LocList>
<Loc EndOffset="3405" SrcFileId="5" StartOffset="3326"/>
</LocList>
<CondStmnt CovItemId="S55" CovItemPrefix="game.TakeAllChess.java" Intrnl_Id="1846">
<Branch CovItemId="B19" CovItemPrefix="game.TakeAllChess.java" Implct="false" Intrnl_Id="1847">
<Cond/>
<LocList>
<Loc EndOffset="3405" SrcFileId="5" StartOffset="3380"/>
</LocList>
<StmntSeq Intrnl_Id="1848">
<LocList>
<Loc EndOffset="3399" SrcFileId="5" StartOffset="3387"/>
</LocList>
<BasicStmnt CovItemId="S56" CovItemPrefix="game.TakeAllChess.java" Intrnl_Id="1849">
<LocList>
<Loc EndOffset="3399" SrcFileId="5" StartOffset="3387"/>
</LocList>
</BasicStmnt>
</StmntSeq>
</Branch>
<Branch CovItemId="B20" CovItemPrefix="game.TakeAllChess.java" Implct="true" Intrnl_Id="1850">
<Cond/>
<LocList/>
<StmntSeq Intrnl_Id="1851">
<LocList/>
</StmntSeq>
</Branch>
<Keyword EndOffset="3328" SrcFileId="5" StartOffset="3326"/>
<LocList>
<Loc EndOffset="3405" SrcFileId="5" StartOffset="3326"/>
</LocList>
<RootTerm CovItemId="C10" CovItemPrefix="game.TakeAllChess.java" Intrnl_Id="1852">
<BasicBoolTerm Intrnl_Id="1853">
<LocList>
<Loc EndOffset="3378" SrcFileId="5" StartOffset="3329"/>
</LocList>
</BasicBoolTerm>
</RootTerm>
</CondStmnt>
</StmntSeq>
</Branch>
<Keyword EndOffset="2563" SrcFileId="5" StartOffset="2561"/>
<LocList>
<Loc EndOffset="3405" SrcFileId="5" StartOffset="2561"/>
</LocList>
<RootTerm CovItemId="C6" CovItemPrefix="game.TakeAllChess.java" Intrnl_Id="1854">
<BasicBoolTerm Intrnl_Id="1855">
<LocList>
<Loc EndOffset="2594" SrcFileId="5" StartOffset="2564"/>
</LocList>
</BasicBoolTerm>
</RootTerm>
</CondStmnt>
</StmntSeq>
</Branch>
<Branch CovItemId="B10" CovItemPrefix="game.TakeAllChess.java" Implct="true" Intrnl_Id="1856">
<Cond/>
<LocList/>
<StmntSeq Intrnl_Id="1857">
<LocList/>
</StmntSeq>
</Branch>
<Keyword EndOffset="2493" SrcFileId="5" StartOffset="2491"/>
<LocList>
<Loc EndOffset="3410" SrcFileId="5" StartOffset="2491"/>
</LocList>
<RootTerm CovItemId="C5" CovItemPrefix="game.TakeAllChess.java" Intrnl_Id="1858">
<BasicBoolTerm Intrnl_Id="1859">
<LocList>
<Loc EndOffset="2510" SrcFileId="5" StartOffset="2494"/>
</LocList>
</BasicBoolTerm>
</RootTerm>
</CondStmnt>
</StmntSeq>
</Branch>
<Keyword EndOffset="2269" SrcFileId="5" StartOffset="2267"/>
<LocList>
<Loc EndOffset="3410" SrcFileId="5" StartOffset="2267"/>
</LocList>
<RootTerm CovItemId="C3" CovItemPrefix="game.TakeAllChess.java" Intrnl_Id="1860">
<BasicBoolTerm Intrnl_Id="1861">
<LocList>
<Loc EndOffset="2286" SrcFileId="5" StartOffset="2270"/>
</LocList>
</BasicBoolTerm>
</RootTerm>
</CondStmnt>
</StmntSeq>
</Branch>
<Branch CovItemId="B4" CovItemPrefix="game.TakeAllChess.java" Implct="false" Intrnl_Id="1862">
<Cond>
<Loc EndOffset="3421" SrcFileId="5" StartOffset="3417"/>
</Cond>
<LocList>
<Loc EndOffset="3852" SrcFileId="5" StartOffset="3422"/>
</LocList>
<StmntSeq Intrnl_Id="1863">
<LocList>
<Loc EndOffset="3852" SrcFileId="5" StartOffset="3422"/>
</LocList>
<CondStmnt CovItemId="S57" CovItemPrefix="game.TakeAllChess.java" Intrnl_Id="1864">
<Branch CovItemId="B21" CovItemPrefix="game.TakeAllChess.java" Implct="false" Intrnl_Id="1865">
<Cond/>
<LocList>
<Loc EndOffset="3852" SrcFileId="5" StartOffset="3507"/>
</LocList>
<StmntSeq Intrnl_Id="1866">
<LocList>
<Loc EndOffset="3848" SrcFileId="5" StartOffset="3664"/>
</LocList>
<CondStmnt CovItemId="S58" CovItemPrefix="game.TakeAllChess.java" Intrnl_Id="1867">
<Branch CovItemId="B23" CovItemPrefix="game.TakeAllChess.java" Implct="false" Intrnl_Id="1868">
<Cond/>
<LocList>
<Loc EndOffset="3815" SrcFileId="5" StartOffset="3792"/>
</LocList>
<StmntSeq Intrnl_Id="1869">
<LocList>
<Loc EndOffset="3810" SrcFileId="5" StartOffset="3798"/>
</LocList>
<BasicStmnt CovItemId="S59" CovItemPrefix="game.TakeAllChess.java" Intrnl_Id="1870">
<LocList>
<Loc EndOffset="3810" SrcFileId="5" StartOffset="3798"/>
</LocList>
</BasicStmnt>
</StmntSeq>
</Branch>
<Branch CovItemId="B24" CovItemPrefix="game.TakeAllChess.java" Implct="false" Intrnl_Id="1871">
<Cond>
<Loc EndOffset="3823" SrcFileId="5" StartOffset="3819"/>
</Cond>
<LocList>
<Loc EndOffset="3848" SrcFileId="5" StartOffset="3824"/>
</LocList>
<StmntSeq Intrnl_Id="1872">
<LocList>
<Loc EndOffset="3843" SrcFileId="5" StartOffset="3830"/>
</LocList>
<BasicStmnt CovItemId="S60" CovItemPrefix="game.TakeAllChess.java" Intrnl_Id="1873">
<LocList>
<Loc EndOffset="3843" SrcFileId="5" StartOffset="3830"/>
</LocList>
</BasicStmnt>
</StmntSeq>
</Branch>
<Keyword EndOffset="3666" SrcFileId="5" StartOffset="3664"/>
<LocList>
<Loc EndOffset="3848" SrcFileId="5" StartOffset="3664"/>
</LocList>
<RootTerm CovItemId="C12" CovItemPrefix="game.TakeAllChess.java" Intrnl_Id="1874">
<OpTerm BooleanOpId="23" Intrnl_Id="1875">
<BasicBoolTerm Intrnl_Id="1876">
<LocList>
<Loc EndOffset="3697" SrcFileId="5" StartOffset="3667"/>
</LocList>
</BasicBoolTerm>
<BasicBoolTerm Intrnl_Id="1877">
<LocList>
<Loc EndOffset="3790" SrcFileId="5" StartOffset="3701"/>
</LocList>
</BasicBoolTerm>
<LocList>
<Loc EndOffset="3700" SrcFileId="5" StartOffset="3698"/>
</LocList>
</OpTerm>
</RootTerm>
</CondStmnt>
</StmntSeq>
</Branch>
<Branch CovItemId="B22" CovItemPrefix="game.TakeAllChess.java" Implct="true" Intrnl_Id="1878">
<Cond/>
<LocList/>
<StmntSeq Intrnl_Id="1879">
<LocList/>
</StmntSeq>
</Branch>
<Keyword EndOffset="3424" SrcFileId="5" StartOffset="3422"/>
<LocList>
<Loc EndOffset="3852" SrcFileId="5" StartOffset="3422"/>
</LocList>
<RootTerm CovItemId="C11" CovItemPrefix="game.TakeAllChess.java" Intrnl_Id="1880">
<OpTerm BooleanOpId="23" Intrnl_Id="1881">
<OpTerm BooleanOpId="23" Intrnl_Id="1882">
<BasicBoolTerm Intrnl_Id="1883">
<LocList>
<Loc EndOffset="3453" SrcFileId="5" StartOffset="3425"/>
</LocList>
</BasicBoolTerm>
<BasicBoolTerm Intrnl_Id="1884">
<LocList>
<Loc EndOffset="3485" SrcFileId="5" StartOffset="3457"/>
</LocList>
</BasicBoolTerm>
<LocList>
<Loc EndOffset="3456" SrcFileId="5" StartOffset="3454"/>
</LocList>
</OpTerm>
<BasicBoolTerm Intrnl_Id="1885">
<LocList>
<Loc EndOffset="3505" SrcFileId="5" StartOffset="3489"/>
</LocList>
</BasicBoolTerm>
<LocList>
<Loc EndOffset="3488" SrcFileId="5" StartOffset="3486"/>
</LocList>
</OpTerm>
</RootTerm>
</CondStmnt>
</StmntSeq>
</Branch>
<Keyword EndOffset="2194" SrcFileId="5" StartOffset="2192"/>
<LocList>
<Loc EndOffset="3852" SrcFileId="5" StartOffset="2192"/>
</LocList>
<RootTerm CovItemId="C2" CovItemPrefix="game.TakeAllChess.java" Intrnl_Id="1886">
<BasicBoolTerm Intrnl_Id="1887">
<LocList>
<Loc EndOffset="2219" SrcFileId="5" StartOffset="2195"/>
</LocList>
</BasicBoolTerm>
</RootTerm>
</CondStmnt>
<BasicStmnt CovItemId="S61" CovItemPrefix="game.TakeAllChess.java" Intrnl_Id="1888">
<LocList>
<Loc EndOffset="3868" SrcFileId="5" StartOffset="3855"/>
</LocList>
</BasicStmnt>
</StmntSeq>
</HierarchyLvl>
<HierarchyLvl HierarchyLvlId="1041" HierarchyLvlTypeId="27" Intrnl_Id="1889" Name="validateQueenMove">
<Header>
<Loc EndOffset="3996" SrcFileId="5" StartOffset="3940"/>
</Header>
<LocList>
<Loc EndOffset="5360" SrcFileId="5" StartOffset="3940"/>
</LocList>
<StmntSeq Intrnl_Id="1890">
<LocList>
<Loc EndOffset="4130" SrcFileId="5" StartOffset="4058"/>
<Loc EndOffset="4205" SrcFileId="5" StartOffset="4133"/>
<Loc EndOffset="4352" SrcFileId="5" StartOffset="4242"/>
<Loc EndOffset="4369" SrcFileId="5" StartOffset="4356"/>
<Loc EndOffset="4385" SrcFileId="5" StartOffset="4372"/>
<Loc EndOffset="4483" SrcFileId="5" StartOffset="4406"/>
<Loc EndOffset="4578" SrcFileId="5" StartOffset="4501"/>
<Loc EndOffset="5340" SrcFileId="5" StartOffset="4605"/>
<Loc EndOffset="5357" SrcFileId="5" StartOffset="5344"/>
</LocList>
<BasicStmnt CovItemId="S62" CovItemPrefix="game.TakeAllChess.java" Intrnl_Id="1891">
<LocList>
<Loc EndOffset="4130" SrcFileId="5" StartOffset="4058"/>
</LocList>
</BasicStmnt>
<BasicStmnt CovItemId="S63" CovItemPrefix="game.TakeAllChess.java" Intrnl_Id="1892">
<LocList>
<Loc EndOffset="4205" SrcFileId="5" StartOffset="4133"/>
</LocList>
</BasicStmnt>
<CondStmnt CovItemId="S64" CovItemPrefix="game.TakeAllChess.java" Intrnl_Id="1893">
<Branch CovItemId="B25" CovItemPrefix="game.TakeAllChess.java" Implct="false" Intrnl_Id="1894">
<Cond/>
<LocList>
<Loc EndOffset="4352" SrcFileId="5" StartOffset="4330"/>
</LocList>
<StmntSeq Intrnl_Id="1895">
<LocList>
<Loc EndOffset="4348" SrcFileId="5" StartOffset="4335"/>
</LocList>
<BasicStmnt CovItemId="S65" CovItemPrefix="game.TakeAllChess.java" Intrnl_Id="1896">
<LocList>
<Loc EndOffset="4348" SrcFileId="5" StartOffset="4335"/>
</LocList>
</BasicStmnt>
</StmntSeq>
</Branch>
<Branch CovItemId="B26" CovItemPrefix="game.TakeAllChess.java" Implct="true" Intrnl_Id="1897">
<Cond/>
<LocList/>
<StmntSeq Intrnl_Id="1898">
<LocList/>
</StmntSeq>
</Branch>
<Keyword EndOffset="4244" SrcFileId="5" StartOffset="4242"/>
<LocList>
<Loc EndOffset="4352" SrcFileId="5" StartOffset="4242"/>
</LocList>
<RootTerm CovItemId="C13" CovItemPrefix="game.TakeAllChess.java" Intrnl_Id="1899">
<OpTerm BooleanOpId="23" Intrnl_Id="1900">
<BasicBoolTerm Intrnl_Id="1901">
<LocList>
<Loc EndOffset="4275" SrcFileId="5" StartOffset="4245"/>
</LocList>
</BasicBoolTerm>
<BasicBoolTerm Intrnl_Id="1902">
<LocList>
<Loc EndOffset="4328" SrcFileId="5" StartOffset="4279"/>
</LocList>
</BasicBoolTerm>
<LocList>
<Loc EndOffset="4278" SrcFileId="5" StartOffset="4276"/>
</LocList>
</OpTerm>
</RootTerm>
</CondStmnt>
<BasicStmnt CovItemId="S66" CovItemPrefix="game.TakeAllChess.java" Intrnl_Id="1903">
<LocList>
<Loc EndOffset="4369" SrcFileId="5" StartOffset="4356"/>
</LocList>
</BasicStmnt>
<BasicStmnt CovItemId="S67" CovItemPrefix="game.TakeAllChess.java" Intrnl_Id="1904">
<LocList>
<Loc EndOffset="4385" SrcFileId="5" StartOffset="4372"/>
</LocList>
</BasicStmnt>
<CondStmnt CovItemId="S68" CovItemPrefix="game.TakeAllChess.java" Intrnl_Id="1905">
<Branch CovItemId="B27" CovItemPrefix="game.TakeAllChess.java" Implct="false" Intrnl_Id="1906">
<Cond/>
<LocList>
<Loc EndOffset="4483" SrcFileId="5" StartOffset="4464"/>
</LocList>
<StmntSeq Intrnl_Id="1907">
<LocList>
<Loc EndOffset="4479" SrcFileId="5" StartOffset="4469"/>
</LocList>
<BasicStmnt CovItemId="S69" CovItemPrefix="game.TakeAllChess.java" Intrnl_Id="1908">
<LocList>
<Loc EndOffset="4479" SrcFileId="5" StartOffset="4469"/>
</LocList>
</BasicStmnt>
</StmntSeq>
</Branch>
<Branch CovItemId="B28" CovItemPrefix="game.TakeAllChess.java" Implct="true" Intrnl_Id="1909">
<Cond/>
<LocList/>
<StmntSeq Intrnl_Id="1910">
<LocList/>
</StmntSeq>
</Branch>
<Keyword EndOffset="4408" SrcFileId="5" StartOffset="4406"/>
<LocList>
<Loc EndOffset="4483" SrcFileId="5" StartOffset="4406"/>
</LocList>
<RootTerm CovItemId="C14" CovItemPrefix="game.TakeAllChess.java" Intrnl_Id="1911">
<BasicBoolTerm Intrnl_Id="1912">
<LocList>
<Loc EndOffset="4462" SrcFileId="5" StartOffset="4409"/>
</LocList>
</BasicBoolTerm>
</RootTerm>
</CondStmnt>
<CondStmnt CovItemId="S70" CovItemPrefix="game.TakeAllChess.java" Intrnl_Id="1913">
<Branch CovItemId="B29" CovItemPrefix="game.TakeAllChess.java" Implct="false" Intrnl_Id="1914">
<Cond/>
<LocList>
<Loc EndOffset="4578" SrcFileId="5" StartOffset="4559"/>
</LocList>
<StmntSeq Intrnl_Id="1915">
<LocList>
<Loc EndOffset="4574" SrcFileId="5" StartOffset="4564"/>
</LocList>
<BasicStmnt CovItemId="S71" CovItemPrefix="game.TakeAllChess.java" Intrnl_Id="1916">
<LocList>
<Loc EndOffset="4574" SrcFileId="5" StartOffset="4564"/>
</LocList>
</BasicStmnt>
</StmntSeq>
</Branch>
<Branch CovItemId="B30" CovItemPrefix="game.TakeAllChess.java" Implct="true" Intrnl_Id="1917">
<Cond/>
<LocList/>
<StmntSeq Intrnl_Id="1918">
<LocList/>
</StmntSeq>
</Branch>
<Keyword EndOffset="4503" SrcFileId="5" StartOffset="4501"/>
<LocList>
<Loc EndOffset="4578" SrcFileId="5" StartOffset="4501"/>
</LocList>
<RootTerm CovItemId="C15" CovItemPrefix="game.TakeAllChess.java" Intrnl_Id="1919">
<BasicBoolTerm Intrnl_Id="1920">
<LocList>
<Loc EndOffset="4557" SrcFileId="5" StartOffset="4504"/>
</LocList>
</BasicBoolTerm>
</RootTerm>
</CondStmnt>
<CondStmnt CovItemId="S72" CovItemPrefix="game.TakeAllChess.java" Intrnl_Id="1921">
<Branch CovItemId="B31" CovItemPrefix="game.TakeAllChess.java" Implct="false" Intrnl_Id="1922">
<Cond/>
<LocList>
<Loc EndOffset="4840" SrcFileId="5" StartOffset="4624"/>
</LocList>
<StmntSeq Intrnl_Id="1923">
<LocList>
<Loc EndOffset="4820" SrcFileId="5" StartOffset="4629"/>
<Loc EndOffset="4836" SrcFileId="5" StartOffset="4824"/>
</LocList>
<LoopStmnt CovItemId="S73" CovItemPrefix="game.TakeAllChess.java" Intrnl_Id="1924" MltplExecId="L1-2" MltplExecPrefix="game.TakeAllChess.java" NvrExecId="L1-0" NvrExecPrefix="game.TakeAllChess.java" OnceExecutedId="L1-1" OnceExecutedPrefix="game.TakeAllChess.java" OptBodyExec="true">
<StmntSeq Intrnl_Id="1925">
<LocList>
<Loc EndOffset="4764" SrcFileId="5" StartOffset="4665"/>
<Loc EndOffset="4815" SrcFileId="5" StartOffset="4769"/>
</LocList>
<BasicStmnt CovItemId="S74" CovItemPrefix="game.TakeAllChess.java" Intrnl_Id="1926">
<LocList>
<Loc EndOffset="4764" SrcFileId="5" StartOffset="4665"/>
</LocList>
</BasicStmnt>
<CondStmnt CovItemId="S75" CovItemPrefix="game.TakeAllChess.java" Intrnl_Id="1927">
<Branch CovItemId="B33" CovItemPrefix="game.TakeAllChess.java" Implct="false" Intrnl_Id="1928">
<Cond/>
<LocList>
<Loc EndOffset="4815" SrcFileId="5" StartOffset="4789"/>
</LocList>
<StmntSeq Intrnl_Id="1929">
<LocList>
<Loc EndOffset="4809" SrcFileId="5" StartOffset="4796"/>
</LocList>
<BasicStmnt CovItemId="S76" CovItemPrefix="game.TakeAllChess.java" Intrnl_Id="1930">
<LocList>
<Loc EndOffset="4809" SrcFileId="5" StartOffset="4796"/>
</LocList>
</BasicStmnt>
</StmntSeq>
</Branch>
<Branch CovItemId="B34" CovItemPrefix="game.TakeAllChess.java" Implct="true" Intrnl_Id="1931">
<Cond/>
<LocList/>
<StmntSeq Intrnl_Id="1932">
<LocList/>
</StmntSeq>
</Branch>
<Keyword EndOffset="4771" SrcFileId="5" StartOffset="4769"/>
<LocList>
<Loc EndOffset="4815" SrcFileId="5" StartOffset="4769"/>
</LocList>
<RootTerm CovItemId="C18" CovItemPrefix="game.TakeAllChess.java" Intrnl_Id="1933">
<BasicBoolTerm Intrnl_Id="1934">
<LocList>
<Loc EndOffset="4787" SrcFileId="5" StartOffset="4772"/>
</LocList>
</BasicBoolTerm>
</RootTerm>
</CondStmnt>
</StmntSeq>
<Keyword EndOffset="4632" SrcFileId="5" StartOffset="4629"/>
<LocList>
<Loc EndOffset="4820" SrcFileId="5" StartOffset="4629"/>
</LocList>
<RootTerm CovItemId="C17" CovItemPrefix="game.TakeAllChess.java" Intrnl_Id="1935">
<BasicBoolTerm Intrnl_Id="1936">
<LocList>
<Loc EndOffset="4651" SrcFileId="5" StartOffset="4642"/>
</LocList>
</BasicBoolTerm>
</RootTerm>
</LoopStmnt>
<BasicStmnt CovItemId="S77" CovItemPrefix="game.TakeAllChess.java" Intrnl_Id="1937">
<LocList>
<Loc EndOffset="4836" SrcFileId="5" StartOffset="4824"/>
</LocList>
</BasicStmnt>
</StmntSeq>
</Branch>
<Branch CovItemId="B32" CovItemPrefix="game.TakeAllChess.java" Implct="false" Intrnl_Id="1938">
<Cond>
<Loc EndOffset="4872" SrcFileId="5" StartOffset="4868"/>
</Cond>
<LocList>
<Loc EndOffset="5340" SrcFileId="5" StartOffset="4873"/>
</LocList>
<StmntSeq Intrnl_Id="1939">
<LocList>
<Loc EndOffset="5340" SrcFileId="5" StartOffset="4873"/>
</LocList>
<CondStmnt CovItemId="S78" CovItemPrefix="game.TakeAllChess.java" Intrnl_Id="1940">
<Branch CovItemId="B35" CovItemPrefix="game.TakeAllChess.java" Implct="false" Intrnl_Id="1941">
<Cond/>
<LocList>
<Loc EndOffset="5091" SrcFileId="5" StartOffset="4888"/>
</LocList>
<StmntSeq Intrnl_Id="1942">
<LocList>
<Loc EndOffset="5071" SrcFileId="5" StartOffset="4893"/>
<Loc EndOffset="5087" SrcFileId="5" StartOffset="5075"/>
</LocList>
<LoopStmnt CovItemId="S79" CovItemPrefix="game.TakeAllChess.java" Intrnl_Id="1943" MltplExecId="L2-2" MltplExecPrefix="game.TakeAllChess.java" NvrExecId="L2-0" NvrExecPrefix="game.TakeAllChess.java" OnceExecutedId="L2-1" OnceExecutedPrefix="game.TakeAllChess.java" OptBodyExec="true">
<StmntSeq Intrnl_Id="1944">
<LocList>
<Loc EndOffset="5015" SrcFileId="5" StartOffset="4929"/>
<Loc EndOffset="5066" SrcFileId="5" StartOffset="5020"/>
</LocList>
<BasicStmnt CovItemId="S80" CovItemPrefix="game.TakeAllChess.java" Intrnl_Id="1945">
<LocList>
<Loc EndOffset="5015" SrcFileId="5" StartOffset="4929"/>
</LocList>
</BasicStmnt>
<CondStmnt CovItemId="S81" CovItemPrefix="game.TakeAllChess.java" Intrnl_Id="1946">
<Branch CovItemId="B37" CovItemPrefix="game.TakeAllChess.java" Implct="false" Intrnl_Id="1947">
<Cond/>
<LocList>
<Loc EndOffset="5066" SrcFileId="5" StartOffset="5040"/>
</LocList>
<StmntSeq Intrnl_Id="1948">
<LocList>
<Loc EndOffset="5060" SrcFileId="5" StartOffset="5047"/>
</LocList>
<BasicStmnt CovItemId="S82" CovItemPrefix="game.TakeAllChess.java" Intrnl_Id="1949">
<LocList>
<Loc EndOffset="5060" SrcFileId="5" StartOffset="5047"/>
</LocList>
</BasicStmnt>
</StmntSeq>
</Branch>
<Branch CovItemId="B38" CovItemPrefix="game.TakeAllChess.java" Implct="true" Intrnl_Id="1950">
<Cond/>
<LocList/>
<StmntSeq Intrnl_Id="1951">
<LocList/>
</StmntSeq>
</Branch>
<Keyword EndOffset="5022" SrcFileId="5" StartOffset="5020"/>
<LocList>
<Loc EndOffset="5066" SrcFileId="5" StartOffset="5020"/>
</LocList>
<RootTerm CovItemId="C21" CovItemPrefix="game.TakeAllChess.java" Intrnl_Id="1952">
<BasicBoolTerm Intrnl_Id="1953">
<LocList>
<Loc EndOffset="5038" SrcFileId="5" StartOffset="5023"/>
</LocList>
</BasicBoolTerm>
</RootTerm>
</CondStmnt>
</StmntSeq>
<Keyword EndOffset="4896" SrcFileId="5" StartOffset="4893"/>
<LocList>
<Loc EndOffset="5071" SrcFileId="5" StartOffset="4893"/>
</LocList>
<RootTerm CovItemId="C20" CovItemPrefix="game.TakeAllChess.java" Intrnl_Id="1954">
<BasicBoolTerm Intrnl_Id="1955">
<LocList>
<Loc EndOffset="4915" SrcFileId="5" StartOffset="4906"/>
</LocList>
</BasicBoolTerm>
</RootTerm>
</LoopStmnt>
<BasicStmnt CovItemId="S83" CovItemPrefix="game.TakeAllChess.java" Intrnl_Id="1956">
<LocList>
<Loc EndOffset="5087" SrcFileId="5" StartOffset="5075"/>
</LocList>
</BasicStmnt>
</StmntSeq>
</Branch>
<Branch CovItemId="B36" CovItemPrefix="game.TakeAllChess.java" Implct="false" Intrnl_Id="1957">
<Cond>
<Loc EndOffset="5121" SrcFileId="5" StartOffset="5117"/>
</Cond>
<LocList>
<Loc EndOffset="5340" SrcFileId="5" StartOffset="5122"/>
</LocList>
<StmntSeq Intrnl_Id="1958">
<LocList>
<Loc EndOffset="5340" SrcFileId="5" StartOffset="5122"/>
</LocList>
<CondStmnt CovItemId="S84" CovItemPrefix="game.TakeAllChess.java" Intrnl_Id="1959">
<Branch CovItemId="B39" CovItemPrefix="game.TakeAllChess.java" Implct="false" Intrnl_Id="1960">
<Cond/>
<LocList>
<Loc EndOffset="5340" SrcFileId="5" StartOffset="5137"/>
</LocList>
<StmntSeq Intrnl_Id="1961">
<LocList>
<Loc EndOffset="5320" SrcFileId="5" StartOffset="5142"/>
<Loc EndOffset="5336" SrcFileId="5" StartOffset="5324"/>
</LocList>
<LoopStmnt CovItemId="S85" CovItemPrefix="game.TakeAllChess.java" Intrnl_Id="1962" MltplExecId="L3-2" MltplExecPrefix="game.TakeAllChess.java" NvrExecId="L3-0" NvrExecPrefix="game.TakeAllChess.java" OnceExecutedId="L3-1" OnceExecutedPrefix="game.TakeAllChess.java" OptBodyExec="true">
<StmntSeq Intrnl_Id="1963">
<LocList>
<Loc EndOffset="5264" SrcFileId="5" StartOffset="5178"/>
<Loc EndOffset="5315" SrcFileId="5" StartOffset="5269"/>
</LocList>
<BasicStmnt CovItemId="S86" CovItemPrefix="game.TakeAllChess.java" Intrnl_Id="1964">
<LocList>
<Loc EndOffset="5264" SrcFileId="5" StartOffset="5178"/>
</LocList>
</BasicStmnt>
<CondStmnt CovItemId="S87" CovItemPrefix="game.TakeAllChess.java" Intrnl_Id="1965">
<Branch CovItemId="B41" CovItemPrefix="game.TakeAllChess.java" Implct="false" Intrnl_Id="1966">
<Cond/>
<LocList>
<Loc EndOffset="5315" SrcFileId="5" StartOffset="5289"/>
</LocList>
<StmntSeq Intrnl_Id="1967">
<LocList>
<Loc EndOffset="5309" SrcFileId="5" StartOffset="5296"/>
</LocList>
<BasicStmnt CovItemId="S88" CovItemPrefix="game.TakeAllChess.java" Intrnl_Id="1968">
<LocList>
<Loc EndOffset="5309" SrcFileId="5" StartOffset="5296"/>
</LocList>
</BasicStmnt>
</StmntSeq>
</Branch>
<Branch CovItemId="B42" CovItemPrefix="game.TakeAllChess.java" Implct="true" Intrnl_Id="1969">
<Cond/>
<LocList/>
<StmntSeq Intrnl_Id="1970">
<LocList/>
</StmntSeq>
</Branch>
<Keyword EndOffset="5271" SrcFileId="5" StartOffset="5269"/>
<LocList>
<Loc EndOffset="5315" SrcFileId="5" StartOffset="5269"/>
</LocList>
<RootTerm CovItemId="C24" CovItemPrefix="game.TakeAllChess.java" Intrnl_Id="1971">
<BasicBoolTerm Intrnl_Id="1972">
<LocList>
<Loc EndOffset="5287" SrcFileId="5" StartOffset="5272"/>
</LocList>
</BasicBoolTerm>
</RootTerm>
</CondStmnt>
</StmntSeq>
<Keyword EndOffset="5145" SrcFileId="5" StartOffset="5142"/>
<LocList>
<Loc EndOffset="5320" SrcFileId="5" StartOffset="5142"/>
</LocList>
<RootTerm CovItemId="C23" CovItemPrefix="game.TakeAllChess.java" Intrnl_Id="1973">
<BasicBoolTerm Intrnl_Id="1974">
<LocList>
<Loc EndOffset="5164" SrcFileId="5" StartOffset="5155"/>
</LocList>
</BasicBoolTerm>
</RootTerm>
</LoopStmnt>
<BasicStmnt CovItemId="S89" CovItemPrefix="game.TakeAllChess.java" Intrnl_Id="1975">
<LocList>
<Loc EndOffset="5336" SrcFileId="5" StartOffset="5324"/>
</LocList>
</BasicStmnt>
</StmntSeq>
</Branch>
<Branch CovItemId="B40" CovItemPrefix="game.TakeAllChess.java" Implct="true" Intrnl_Id="1976">
<Cond/>
<LocList/>
<StmntSeq Intrnl_Id="1977">
<LocList/>
</StmntSeq>
</Branch>
<Keyword EndOffset="5124" SrcFileId="5" StartOffset="5122"/>
<LocList>
<Loc EndOffset="5340" SrcFileId="5" StartOffset="5122"/>
</LocList>
<RootTerm CovItemId="C22" CovItemPrefix="game.TakeAllChess.java" Intrnl_Id="1978">
<BasicBoolTerm Intrnl_Id="1979">
<LocList>
<Loc EndOffset="5135" SrcFileId="5" StartOffset="5125"/>
</LocList>
</BasicBoolTerm>
</RootTerm>
</CondStmnt>
</StmntSeq>
</Branch>
<Keyword EndOffset="4875" SrcFileId="5" StartOffset="4873"/>
<LocList>
<Loc EndOffset="5340" SrcFileId="5" StartOffset="4873"/>
</LocList>
<RootTerm CovItemId="C19" CovItemPrefix="game.TakeAllChess.java" Intrnl_Id="1980">
<BasicBoolTerm Intrnl_Id="1981">
<LocList>
<Loc EndOffset="4886" SrcFileId="5" StartOffset="4876"/>
</LocList>
</BasicBoolTerm>
</RootTerm>
</CondStmnt>
</StmntSeq>
</Branch>
<Keyword EndOffset="4607" SrcFileId="5" StartOffset="4605"/>
<LocList>
<Loc EndOffset="5340" SrcFileId="5" StartOffset="4605"/>
</LocList>
<RootTerm CovItemId="C16" CovItemPrefix="game.TakeAllChess.java" Intrnl_Id="1982">
<BasicBoolTerm Intrnl_Id="1983">
<LocList>
<Loc EndOffset="4622" SrcFileId="5" StartOffset="4608"/>
</LocList>
</BasicBoolTerm>
</RootTerm>
</CondStmnt>
<BasicStmnt CovItemId="S90" CovItemPrefix="game.TakeAllChess.java" Intrnl_Id="1984">
<LocList>
<Loc EndOffset="5357" SrcFileId="5" StartOffset="5344"/>
</LocList>
</BasicStmnt>
</StmntSeq>
</HierarchyLvl>
<HierarchyLvl HierarchyLvlId="1042" HierarchyLvlTypeId="27" Intrnl_Id="1985" Name="validateBishopMove">
<Header>
<Loc EndOffset="5486" SrcFileId="5" StartOffset="5429"/>
</Header>
<LocList>
<Loc EndOffset="6360" SrcFileId="5" StartOffset="5429"/>
</LocList>
<StmntSeq Intrnl_Id="1986">
<LocList>
<Loc EndOffset="5620" SrcFileId="5" StartOffset="5548"/>
<Loc EndOffset="5695" SrcFileId="5" StartOffset="5623"/>
<Loc EndOffset="5842" SrcFileId="5" StartOffset="5732"/>
<Loc EndOffset="6340" SrcFileId="5" StartOffset="5869"/>
<Loc EndOffset="6357" SrcFileId="5" StartOffset="6344"/>
</LocList>
<BasicStmnt CovItemId="S91" CovItemPrefix="game.TakeAllChess.java" Intrnl_Id="1987">
<LocList>
<Loc EndOffset="5620" SrcFileId="5" StartOffset="5548"/>
</LocList>
</BasicStmnt>
<BasicStmnt CovItemId="S92" CovItemPrefix="game.TakeAllChess.java" Intrnl_Id="1988">
<LocList>
<Loc EndOffset="5695" SrcFileId="5" StartOffset="5623"/>
</LocList>
</BasicStmnt>
<CondStmnt CovItemId="S93" CovItemPrefix="game.TakeAllChess.java" Intrnl_Id="1989">
<Branch CovItemId="B43" CovItemPrefix="game.TakeAllChess.java" Implct="false" Intrnl_Id="1990">
<Cond/>
<LocList>
<Loc EndOffset="5842" SrcFileId="5" StartOffset="5820"/>
</LocList>
<StmntSeq Intrnl_Id="1991">
<LocList>
<Loc EndOffset="5838" SrcFileId="5" StartOffset="5825"/>
</LocList>
<BasicStmnt CovItemId="S94" CovItemPrefix="game.TakeAllChess.java" Intrnl_Id="1992">
<LocList>
<Loc EndOffset="5838" SrcFileId="5" StartOffset="5825"/>
</LocList>
</BasicStmnt>
</StmntSeq>
</Branch>
<Branch CovItemId="B44" CovItemPrefix="game.TakeAllChess.java" Implct="true" Intrnl_Id="1993">
<Cond/>
<LocList/>
<StmntSeq Intrnl_Id="1994">
<LocList/>
</StmntSeq>
</Branch>
<Keyword EndOffset="5734" SrcFileId="5" StartOffset="5732"/>
<LocList>
<Loc EndOffset="5842" SrcFileId="5" StartOffset="5732"/>
</LocList>
<RootTerm CovItemId="C25" CovItemPrefix="game.TakeAllChess.java" Intrnl_Id="1995">
<OpTerm BooleanOpId="23" Intrnl_Id="1996">
<BasicBoolTerm Intrnl_Id="1997">
<LocList>
<Loc EndOffset="5765" SrcFileId="5" StartOffset="5735"/>
</LocList>
</BasicBoolTerm>
<BasicBoolTerm Intrnl_Id="1998">
<LocList>
<Loc EndOffset="5818" SrcFileId="5" StartOffset="5769"/>
</LocList>
</BasicBoolTerm>
<LocList>
<Loc EndOffset="5768" SrcFileId="5" StartOffset="5766"/>
</LocList>
</OpTerm>
</RootTerm>
</CondStmnt>
<CondStmnt CovItemId="S95" CovItemPrefix="game.TakeAllChess.java" Intrnl_Id="1999">
<Branch CovItemId="B45" CovItemPrefix="game.TakeAllChess.java" Implct="false" Intrnl_Id="2000">
<Cond/>
<LocList>
<Loc EndOffset="6340" SrcFileId="5" StartOffset="5888"/>
</LocList>
<StmntSeq Intrnl_Id="2001">
<LocList>
<Loc EndOffset="5906" SrcFileId="5" StartOffset="5893"/>
<Loc EndOffset="5923" SrcFileId="5" StartOffset="5910"/>
<Loc EndOffset="6025" SrcFileId="5" StartOffset="5946"/>
<Loc EndOffset="6124" SrcFileId="5" StartOffset="6045"/>
<Loc EndOffset="6320" SrcFileId="5" StartOffset="6129"/>
<Loc EndOffset="6336" SrcFileId="5" StartOffset="6324"/>
</LocList>
<BasicStmnt CovItemId="S96" CovItemPrefix="game.TakeAllChess.java" Intrnl_Id="2002">
<LocList>
<Loc EndOffset="5906" SrcFileId="5" StartOffset="5893"/>
</LocList>
</BasicStmnt>
<BasicStmnt CovItemId="S97" CovItemPrefix="game.TakeAllChess.java" Intrnl_Id="2003">
<LocList>
<Loc EndOffset="5923" SrcFileId="5" StartOffset="5910"/>
</LocList>
</BasicStmnt>
<CondStmnt CovItemId="S98" CovItemPrefix="game.TakeAllChess.java" Intrnl_Id="2004">
<Branch CovItemId="B47" CovItemPrefix="game.TakeAllChess.java" Implct="false" Intrnl_Id="2005">
<Cond/>
<LocList>
<Loc EndOffset="6025" SrcFileId="5" StartOffset="6004"/>
</LocList>
<StmntSeq Intrnl_Id="2006">
<LocList>
<Loc EndOffset="6020" SrcFileId="5" StartOffset="6010"/>
</LocList>
<BasicStmnt CovItemId="S99" CovItemPrefix="game.TakeAllChess.java" Intrnl_Id="2007">
<LocList>
<Loc EndOffset="6020" SrcFileId="5" StartOffset="6010"/>
</LocList>
</BasicStmnt>
</StmntSeq>
</Branch>
<Branch CovItemId="B48" CovItemPrefix="game.TakeAllChess.java" Implct="true" Intrnl_Id="2008">
<Cond/>
<LocList/>
<StmntSeq Intrnl_Id="2009">
<LocList/>
</StmntSeq>
</Branch>
<Keyword EndOffset="5948" SrcFileId="5" StartOffset="5946"/>
<LocList>
<Loc EndOffset="6025" SrcFileId="5" StartOffset="5946"/>
</LocList>
<RootTerm CovItemId="C27" CovItemPrefix="game.TakeAllChess.java" Intrnl_Id="2010">
<BasicBoolTerm Intrnl_Id="2011">
<LocList>
<Loc EndOffset="6002" SrcFileId="5" StartOffset="5949"/>
</LocList>
</BasicBoolTerm>
</RootTerm>
</CondStmnt>
<CondStmnt CovItemId="S100" CovItemPrefix="game.TakeAllChess.java" Intrnl_Id="2012">
<Branch CovItemId="B49" CovItemPrefix="game.TakeAllChess.java" Implct="false" Intrnl_Id="2013">
<Cond/>
<LocList>
<Loc EndOffset="6124" SrcFileId="5" StartOffset="6103"/>
</LocList>
<StmntSeq Intrnl_Id="2014">
<LocList>
<Loc EndOffset="6119" SrcFileId="5" StartOffset="6109"/>
</LocList>
<BasicStmnt CovItemId="S101" CovItemPrefix="game.TakeAllChess.java" Intrnl_Id="2015">
<LocList>
<Loc EndOffset="6119" SrcFileId="5" StartOffset="6109"/>
</LocList>
</BasicStmnt>
</StmntSeq>
</Branch>
<Branch CovItemId="B50" CovItemPrefix="game.TakeAllChess.java" Implct="true" Intrnl_Id="2016">
<Cond/>
<LocList/>
<StmntSeq Intrnl_Id="2017">
<LocList/>
</StmntSeq>
</Branch>
<Keyword EndOffset="6047" SrcFileId="5" StartOffset="6045"/>
<LocList>
<Loc EndOffset="6124" SrcFileId="5" StartOffset="6045"/>
</LocList>
<RootTerm CovItemId="C28" CovItemPrefix="game.TakeAllChess.java" Intrnl_Id="2018">
<BasicBoolTerm Intrnl_Id="2019">
<LocList>
<Loc EndOffset="6101" SrcFileId="5" StartOffset="6048"/>
</LocList>
</BasicBoolTerm>
</RootTerm>
</CondStmnt>
<LoopStmnt CovItemId="S102" CovItemPrefix="game.TakeAllChess.java" Intrnl_Id="2020" MltplExecId="L4-2" MltplExecPrefix="game.TakeAllChess.java" NvrExecId="L4-0" NvrExecPrefix="game.TakeAllChess.java" OnceExecutedId="L4-1" OnceExecutedPrefix="game.TakeAllChess.java" OptBodyExec="true">
<StmntSeq Intrnl_Id="2021">
<LocList>
<Loc EndOffset="6264" SrcFileId="5" StartOffset="6165"/>
<Loc EndOffset="6315" SrcFileId="5" StartOffset="6269"/>
</LocList>
<BasicStmnt CovItemId="S103" CovItemPrefix="game.TakeAllChess.java" Intrnl_Id="2022">
<LocList>
<Loc EndOffset="6264" SrcFileId="5" StartOffset="6165"/>
</LocList>
</BasicStmnt>
<CondStmnt CovItemId="S104" CovItemPrefix="game.TakeAllChess.java" Intrnl_Id="2023">
<Branch CovItemId="B51" CovItemPrefix="game.TakeAllChess.java" Implct="false" Intrnl_Id="2024">
<Cond/>
<LocList>
<Loc EndOffset="6315" SrcFileId="5" StartOffset="6289"/>
</LocList>
<StmntSeq Intrnl_Id="2025">
<LocList>
<Loc EndOffset="6309" SrcFileId="5" StartOffset="6296"/>
</LocList>
<BasicStmnt CovItemId="S105" CovItemPrefix="game.TakeAllChess.java" Intrnl_Id="2026">
<LocList>
<Loc EndOffset="6309" SrcFileId="5" StartOffset="6296"/>
</LocList>
</BasicStmnt>
</StmntSeq>
</Branch>
<Branch CovItemId="B52" CovItemPrefix="game.TakeAllChess.java" Implct="true" Intrnl_Id="2027">
<Cond/>
<LocList/>
<StmntSeq Intrnl_Id="2028">
<LocList/>
</StmntSeq>
</Branch>
<Keyword EndOffset="6271" SrcFileId="5" StartOffset="6269"/>
<LocList>
<Loc EndOffset="6315" SrcFileId="5" StartOffset="6269"/>
</LocList>
<RootTerm CovItemId="C30" CovItemPrefix="game.TakeAllChess.java" Intrnl_Id="2029">
<BasicBoolTerm Intrnl_Id="2030">
<LocList>
<Loc EndOffset="6287" SrcFileId="5" StartOffset="6272"/>
</LocList>
</BasicBoolTerm>
</RootTerm>
</CondStmnt>
</StmntSeq>
<Keyword EndOffset="6132" SrcFileId="5" StartOffset="6129"/>
<LocList>
<Loc EndOffset="6320" SrcFileId="5" StartOffset="6129"/>
</LocList>
<RootTerm CovItemId="C29" CovItemPrefix="game.TakeAllChess.java" Intrnl_Id="2031">
<BasicBoolTerm Intrnl_Id="2032">
<LocList>
<Loc EndOffset="6151" SrcFileId="5" StartOffset="6142"/>
</LocList>
</BasicBoolTerm>
</RootTerm>
</LoopStmnt>
<BasicStmnt CovItemId="S106" CovItemPrefix="game.TakeAllChess.java" Intrnl_Id="2033">
<LocList>
<Loc EndOffset="6336" SrcFileId="5" StartOffset="6324"/>
</LocList>
</BasicStmnt>
</StmntSeq>
</Branch>
<Branch CovItemId="B46" CovItemPrefix="game.TakeAllChess.java" Implct="true" Intrnl_Id="2034">
<Cond/>
<LocList/>
<StmntSeq Intrnl_Id="2035">
<LocList/>
</StmntSeq>
</Branch>
<Keyword EndOffset="5871" SrcFileId="5" StartOffset="5869"/>
<LocList>
<Loc EndOffset="6340" SrcFileId="5" StartOffset="5869"/>
</LocList>
<RootTerm CovItemId="C26" CovItemPrefix="game.TakeAllChess.java" Intrnl_Id="2036">
<BasicBoolTerm Intrnl_Id="2037">
<LocList>
<Loc EndOffset="5886" SrcFileId="5" StartOffset="5872"/>
</LocList>
</BasicBoolTerm>
</RootTerm>
</CondStmnt>
<BasicStmnt CovItemId="S107" CovItemPrefix="game.TakeAllChess.java" Intrnl_Id="2038">
<LocList>
<Loc EndOffset="6357" SrcFileId="5" StartOffset="6344"/>
</LocList>
</BasicStmnt>
</StmntSeq>
</HierarchyLvl>
<HierarchyLvl HierarchyLvlId="1043" HierarchyLvlTypeId="27" Intrnl_Id="2039" Name="validateRookMove">
<Header>
<Loc EndOffset="6485" SrcFileId="5" StartOffset="6430"/>
</Header>
<LocList>
<Loc EndOffset="7584" SrcFileId="5" StartOffset="6430"/>
</LocList>
<StmntSeq Intrnl_Id="2040">
<LocList>
<Loc EndOffset="6619" SrcFileId="5" StartOffset="6547"/>
<Loc EndOffset="6694" SrcFileId="5" StartOffset="6622"/>
<Loc EndOffset="6841" SrcFileId="5" StartOffset="6731"/>
<Loc EndOffset="6858" SrcFileId="5" StartOffset="6845"/>
<Loc EndOffset="6874" SrcFileId="5" StartOffset="6861"/>
<Loc EndOffset="6972" SrcFileId="5" StartOffset="6895"/>
<Loc EndOffset="7067" SrcFileId="5" StartOffset="6990"/>
<Loc EndOffset="7564" SrcFileId="5" StartOffset="7094"/>
<Loc EndOffset="7581" SrcFileId="5" StartOffset="7568"/>
</LocList>
<BasicStmnt CovItemId="S108" CovItemPrefix="game.TakeAllChess.java" Intrnl_Id="2041">
<LocList>
<Loc EndOffset="6619" SrcFileId="5" StartOffset="6547"/>
</LocList>
</BasicStmnt>
<BasicStmnt CovItemId="S109" CovItemPrefix="game.TakeAllChess.java" Intrnl_Id="2042">
<LocList>
<Loc EndOffset="6694" SrcFileId="5" StartOffset="6622"/>
</LocList>
</BasicStmnt>
<CondStmnt CovItemId="S110" CovItemPrefix="game.TakeAllChess.java" Intrnl_Id="2043">
<Branch CovItemId="B53" CovItemPrefix="game.TakeAllChess.java" Implct="false" Intrnl_Id="2044">
<Cond/>
<LocList>
<Loc EndOffset="6841" SrcFileId="5" StartOffset="6819"/>
</LocList>
<StmntSeq Intrnl_Id="2045">
<LocList>
<Loc EndOffset="6837" SrcFileId="5" StartOffset="6824"/>
</LocList>
<BasicStmnt CovItemId="S111" CovItemPrefix="game.TakeAllChess.java" Intrnl_Id="2046">
<LocList>
<Loc EndOffset="6837" SrcFileId="5" StartOffset="6824"/>
</LocList>
</BasicStmnt>
</StmntSeq>
</Branch>
<Branch CovItemId="B54" CovItemPrefix="game.TakeAllChess.java" Implct="true" Intrnl_Id="2047">
<Cond/>
<LocList/>
<StmntSeq Intrnl_Id="2048">
<LocList/>
</StmntSeq>
</Branch>
<Keyword EndOffset="6733" SrcFileId="5" StartOffset="6731"/>
<LocList>
<Loc EndOffset="6841" SrcFileId="5" StartOffset="6731"/>
</LocList>
<RootTerm CovItemId="C31" CovItemPrefix="game.TakeAllChess.java" Intrnl_Id="2049">
<OpTerm BooleanOpId="23" Intrnl_Id="2050">
<BasicBoolTerm Intrnl_Id="2051">
<LocList>
<Loc EndOffset="6764" SrcFileId="5" StartOffset="6734"/>
</LocList>
</BasicBoolTerm>
<BasicBoolTerm Intrnl_Id="2052">
<LocList>
<Loc EndOffset="6817" SrcFileId="5" StartOffset="6768"/>
</LocList>
</BasicBoolTerm>
<LocList>
<Loc EndOffset="6767" SrcFileId="5" StartOffset="6765"/>
</LocList>
</OpTerm>
</RootTerm>
</CondStmnt>
<BasicStmnt CovItemId="S112" CovItemPrefix="game.TakeAllChess.java" Intrnl_Id="2053">
<LocList>
<Loc EndOffset="6858" SrcFileId="5" StartOffset="6845"/>
</LocList>
</BasicStmnt>
<BasicStmnt CovItemId="S113" CovItemPrefix="game.TakeAllChess.java" Intrnl_Id="2054">
<LocList>
<Loc EndOffset="6874" SrcFileId="5" StartOffset="6861"/>
</LocList>
</BasicStmnt>
<CondStmnt CovItemId="S114" CovItemPrefix="game.TakeAllChess.java" Intrnl_Id="2055">
<Branch CovItemId="B55" CovItemPrefix="game.TakeAllChess.java" Implct="false" Intrnl_Id="2056">
<Cond/>
<LocList>
<Loc EndOffset="6972" SrcFileId="5" StartOffset="6953"/>
</LocList>
<StmntSeq Intrnl_Id="2057">
<LocList>
<Loc EndOffset="6968" SrcFileId="5" StartOffset="6958"/>
</LocList>
<BasicStmnt CovItemId="S115" CovItemPrefix="game.TakeAllChess.java" Intrnl_Id="2058">
<LocList>
<Loc EndOffset="6968" SrcFileId="5" StartOffset="6958"/>
</LocList>
</BasicStmnt>
</StmntSeq>
</Branch>
<Branch CovItemId="B56" CovItemPrefix="game.TakeAllChess.java" Implct="true" Intrnl_Id="2059">
<Cond/>
<LocList/>
<StmntSeq Intrnl_Id="2060">
<LocList/>
</StmntSeq>
</Branch>
<Keyword EndOffset="6897" SrcFileId="5" StartOffset="6895"/>
<LocList>
<Loc EndOffset="6972" SrcFileId="5" StartOffset="6895"/>
</LocList>
<RootTerm CovItemId="C32" CovItemPrefix="game.TakeAllChess.java" Intrnl_Id="2061">
<BasicBoolTerm Intrnl_Id="2062">
<LocList>
<Loc EndOffset="6951" SrcFileId="5" StartOffset="6898"/>
</LocList>
</BasicBoolTerm>
</RootTerm>
</CondStmnt>
<CondStmnt CovItemId="S116" CovItemPrefix="game.TakeAllChess.java" Intrnl_Id="2063">
<Branch CovItemId="B57" CovItemPrefix="game.TakeAllChess.java" Implct="false" Intrnl_Id="2064">
<Cond/>
<LocList>
<Loc EndOffset="7067" SrcFileId="5" StartOffset="7048"/>
</LocList>
<StmntSeq Intrnl_Id="2065">
<LocList>
<Loc EndOffset="7063" SrcFileId="5" StartOffset="7053"/>
</LocList>
<BasicStmnt CovItemId="S117" CovItemPrefix="game.TakeAllChess.java" Intrnl_Id="2066">
<LocList>
<Loc EndOffset="7063" SrcFileId="5" StartOffset="7053"/>
</LocList>
</BasicStmnt>
</StmntSeq>
</Branch>
<Branch CovItemId="B58" CovItemPrefix="game.TakeAllChess.java" Implct="true" Intrnl_Id="2067">
<Cond/>
<LocList/>
<StmntSeq Intrnl_Id="2068">
<LocList/>
</StmntSeq>
</Branch>
<Keyword EndOffset="6992" SrcFileId="5" StartOffset="6990"/>
<LocList>
<Loc EndOffset="7067" SrcFileId="5" StartOffset="6990"/>
</LocList>
<RootTerm CovItemId="C33" CovItemPrefix="game.TakeAllChess.java" Intrnl_Id="2069">
<BasicBoolTerm Intrnl_Id="2070">
<LocList>
<Loc EndOffset="7046" SrcFileId="5" StartOffset="6993"/>
</LocList>
</BasicBoolTerm>
</RootTerm>
</CondStmnt>
<CondStmnt CovItemId="S118" CovItemPrefix="game.TakeAllChess.java" Intrnl_Id="2071">
<Branch CovItemId="B59" CovItemPrefix="game.TakeAllChess.java" Implct="false" Intrnl_Id="2072">
<Cond/>
<LocList>
<Loc EndOffset="7313" SrcFileId="5" StartOffset="7109"/>
</LocList>
<StmntSeq Intrnl_Id="2073">
<LocList>
<Loc EndOffset="7293" SrcFileId="5" StartOffset="7114"/>
<Loc EndOffset="7309" SrcFileId="5" StartOffset="7297"/>
</LocList>
<LoopStmnt CovItemId="S119" CovItemPrefix="game.TakeAllChess.java" Intrnl_Id="2074" MltplExecId="L5-2" MltplExecPrefix="game.TakeAllChess.java" NvrExecId="L5-0" NvrExecPrefix="game.TakeAllChess.java" OnceExecutedId="L5-1" OnceExecutedPrefix="game.TakeAllChess.java" OptBodyExec="true">
<StmntSeq Intrnl_Id="2075">
<LocList>
<Loc EndOffset="7237" SrcFileId="5" StartOffset="7151"/>
<Loc EndOffset="7288" SrcFileId="5" StartOffset="7242"/>
</LocList>
<BasicStmnt CovItemId="S120" CovItemPrefix="game.TakeAllChess.java" Intrnl_Id="2076">
<LocList>
<Loc EndOffset="7237" SrcFileId="5" StartOffset="7151"/>
</LocList>
</BasicStmnt>
<CondStmnt CovItemId="S121" CovItemPrefix="game.TakeAllChess.java" Intrnl_Id="2077">
<Branch CovItemId="B61" CovItemPrefix="game.TakeAllChess.java" Implct="false" Intrnl_Id="2078">
<Cond/>
<LocList>
<Loc EndOffset="7288" SrcFileId="5" StartOffset="7262"/>
</LocList>
<StmntSeq Intrnl_Id="2079">
<LocList>
<Loc EndOffset="7282" SrcFileId="5" StartOffset="7269"/>
</LocList>
<BasicStmnt CovItemId="S122" CovItemPrefix="game.TakeAllChess.java" Intrnl_Id="2080">
<LocList>
<Loc EndOffset="7282" SrcFileId="5" StartOffset="7269"/>
</LocList>
</BasicStmnt>
</StmntSeq>
</Branch>
<Branch CovItemId="B62" CovItemPrefix="game.TakeAllChess.java" Implct="true" Intrnl_Id="2081">
<Cond/>
<LocList/>
<StmntSeq Intrnl_Id="2082">
<LocList/>
</StmntSeq>
</Branch>
<Keyword EndOffset="7244" SrcFileId="5" StartOffset="7242"/>
<LocList>
<Loc EndOffset="7288" SrcFileId="5" StartOffset="7242"/>
</LocList>
<RootTerm CovItemId="C36" CovItemPrefix="game.TakeAllChess.java" Intrnl_Id="2083">
<BasicBoolTerm Intrnl_Id="2084">
<LocList>
<Loc EndOffset="7260" SrcFileId="5" StartOffset="7245"/>
</LocList>
</BasicBoolTerm>
</RootTerm>
</CondStmnt>
</StmntSeq>
<Keyword EndOffset="7117" SrcFileId="5" StartOffset="7114"/>
<LocList>
<Loc EndOffset="7293" SrcFileId="5" StartOffset="7114"/>
</LocList>
<RootTerm CovItemId="C35" CovItemPrefix="game.TakeAllChess.java" Intrnl_Id="2085">
<BasicBoolTerm Intrnl_Id="2086">
<LocList>
<Loc EndOffset="7136" SrcFileId="5" StartOffset="7127"/>
</LocList>
</BasicBoolTerm>
</RootTerm>
</LoopStmnt>
<BasicStmnt CovItemId="S123" CovItemPrefix="game.TakeAllChess.java" Intrnl_Id="2087">
<LocList>
<Loc EndOffset="7309" SrcFileId="5" StartOffset="7297"/>
</LocList>
</BasicStmnt>
</StmntSeq>
</Branch>
<Branch CovItemId="B60" CovItemPrefix="game.TakeAllChess.java" Implct="false" Intrnl_Id="2088">
<Cond>
<Loc EndOffset="7345" SrcFileId="5" StartOffset="7341"/>
</Cond>
<LocList>
<Loc EndOffset="7564" SrcFileId="5" StartOffset="7346"/>
</LocList>
<StmntSeq Intrnl_Id="2089">
<LocList>
<Loc EndOffset="7564" SrcFileId="5" StartOffset="7346"/>
</LocList>
<CondStmnt CovItemId="S124" CovItemPrefix="game.TakeAllChess.java" Intrnl_Id="2090">
<Branch CovItemId="B63" CovItemPrefix="game.TakeAllChess.java" Implct="false" Intrnl_Id="2091">
<Cond/>
<LocList>
<Loc EndOffset="7564" SrcFileId="5" StartOffset="7361"/>
</LocList>
<StmntSeq Intrnl_Id="2092">
<LocList>
<Loc EndOffset="7544" SrcFileId="5" StartOffset="7366"/>
<Loc EndOffset="7560" SrcFileId="5" StartOffset="7548"/>
</LocList>
<LoopStmnt CovItemId="S125" CovItemPrefix="game.TakeAllChess.java" Intrnl_Id="2093" MltplExecId="L6-2" MltplExecPrefix="game.TakeAllChess.java" NvrExecId="L6-0" NvrExecPrefix="game.TakeAllChess.java" OnceExecutedId="L6-1" OnceExecutedPrefix="game.TakeAllChess.java" OptBodyExec="true">
<StmntSeq Intrnl_Id="2094">
<LocList>
<Loc EndOffset="7488" SrcFileId="5" StartOffset="7402"/>
<Loc EndOffset="7539" SrcFileId="5" StartOffset="7493"/>
</LocList>
<BasicStmnt CovItemId="S126" CovItemPrefix="game.TakeAllChess.java" Intrnl_Id="2095">
<LocList>
<Loc EndOffset="7488" SrcFileId="5" StartOffset="7402"/>
</LocList>
</BasicStmnt>
<CondStmnt CovItemId="S127" CovItemPrefix="game.TakeAllChess.java" Intrnl_Id="2096">
<Branch CovItemId="B65" CovItemPrefix="game.TakeAllChess.java" Implct="false" Intrnl_Id="2097">
<Cond/>
<LocList>
<Loc EndOffset="7539" SrcFileId="5" StartOffset="7513"/>
</LocList>
<StmntSeq Intrnl_Id="2098">
<LocList>
<Loc EndOffset="7533" SrcFileId="5" StartOffset="7520"/>
</LocList>
<BasicStmnt CovItemId="S128" CovItemPrefix="game.TakeAllChess.java" Intrnl_Id="2099">
<LocList>
<Loc EndOffset="7533" SrcFileId="5" StartOffset="7520"/>
</LocList>
</BasicStmnt>
</StmntSeq>
</Branch>
<Branch CovItemId="B66" CovItemPrefix="game.TakeAllChess.java" Implct="true" Intrnl_Id="2100">
<Cond/>
<LocList/>
<StmntSeq Intrnl_Id="2101">
<LocList/>
</StmntSeq>
</Branch>
<Keyword EndOffset="7495" SrcFileId="5" StartOffset="7493"/>
<LocList>
<Loc EndOffset="7539" SrcFileId="5" StartOffset="7493"/>
</LocList>
<RootTerm CovItemId="C39" CovItemPrefix="game.TakeAllChess.java" Intrnl_Id="2102">
<BasicBoolTerm Intrnl_Id="2103">
<LocList>
<Loc EndOffset="7511" SrcFileId="5" StartOffset="7496"/>
</LocList>
</BasicBoolTerm>
</RootTerm>
</CondStmnt>
</StmntSeq>
<Keyword EndOffset="7369" SrcFileId="5" StartOffset="7366"/>
<LocList>
<Loc EndOffset="7544" SrcFileId="5" StartOffset="7366"/>
</LocList>
<RootTerm CovItemId="C38" CovItemPrefix="game.TakeAllChess.java" Intrnl_Id="2104">
<BasicBoolTerm Intrnl_Id="2105">
<LocList>
<Loc EndOffset="7388" SrcFileId="5" StartOffset="7379"/>
</LocList>
</BasicBoolTerm>
</RootTerm>
</LoopStmnt>
<BasicStmnt CovItemId="S129" CovItemPrefix="game.TakeAllChess.java" Intrnl_Id="2106">
<LocList>
<Loc EndOffset="7560" SrcFileId="5" StartOffset="7548"/>
</LocList>
</BasicStmnt>
</StmntSeq>
</Branch>
<Branch CovItemId="B64" CovItemPrefix="game.TakeAllChess.java" Implct="true" Intrnl_Id="2107">
<Cond/>
<LocList/>
<StmntSeq Intrnl_Id="2108">
<LocList/>
</StmntSeq>
</Branch>
<Keyword EndOffset="7348" SrcFileId="5" StartOffset="7346"/>
<LocList>
<Loc EndOffset="7564" SrcFileId="5" StartOffset="7346"/>
</LocList>
<RootTerm CovItemId="C37" CovItemPrefix="game.TakeAllChess.java" Intrnl_Id="2109">
<BasicBoolTerm Intrnl_Id="2110">
<LocList>
<Loc EndOffset="7359" SrcFileId="5" StartOffset="7349"/>
</LocList>
</BasicBoolTerm>
</RootTerm>
</CondStmnt>
</StmntSeq>
</Branch>
<Keyword EndOffset="7096" SrcFileId="5" StartOffset="7094"/>
<LocList>
<Loc EndOffset="7564" SrcFileId="5" StartOffset="7094"/>
</LocList>
<RootTerm CovItemId="C34" CovItemPrefix="game.TakeAllChess.java" Intrnl_Id="2111">
<BasicBoolTerm Intrnl_Id="2112">
<LocList>
<Loc EndOffset="7107" SrcFileId="5" StartOffset="7097"/>
</LocList>
</BasicBoolTerm>
</RootTerm>
</CondStmnt>
<BasicStmnt CovItemId="S130" CovItemPrefix="game.TakeAllChess.java" Intrnl_Id="2113">
<LocList>
<Loc EndOffset="7581" SrcFileId="5" StartOffset="7568"/>
</LocList>
</BasicStmnt>
</StmntSeq>
</HierarchyLvl>
<HierarchyLvl HierarchyLvlId="1044" HierarchyLvlTypeId="27" Intrnl_Id="2114" Name="validateKnightMove">
<Header>
<Loc EndOffset="7711" SrcFileId="5" StartOffset="7654"/>
</Header>
<LocList>
<Loc EndOffset="8200" SrcFileId="5" StartOffset="7654"/>
</LocList>
<StmntSeq Intrnl_Id="2115">
<LocList>
<Loc EndOffset="7860" SrcFileId="5" StartOffset="7750"/>
<Loc EndOffset="7992" SrcFileId="5" StartOffset="7920"/>
<Loc EndOffset="8067" SrcFileId="5" StartOffset="7995"/>
<Loc EndOffset="8180" SrcFileId="5" StartOffset="8072"/>
<Loc EndOffset="8197" SrcFileId="5" StartOffset="8184"/>
</LocList>
<CondStmnt CovItemId="S131" CovItemPrefix="game.TakeAllChess.java" Intrnl_Id="2116">
<Branch CovItemId="B67" CovItemPrefix="game.TakeAllChess.java" Implct="false" Intrnl_Id="2117">
<Cond/>
<LocList>
<Loc EndOffset="7860" SrcFileId="5" StartOffset="7838"/>
</LocList>
<StmntSeq Intrnl_Id="2118">
<LocList>
<Loc EndOffset="7856" SrcFileId="5" StartOffset="7843"/>
</LocList>
<BasicStmnt CovItemId="S132" CovItemPrefix="game.TakeAllChess.java" Intrnl_Id="2119">
<LocList>
<Loc EndOffset="7856" SrcFileId="5" StartOffset="7843"/>
</LocList>
</BasicStmnt>
</StmntSeq>
</Branch>
<Branch CovItemId="B68" CovItemPrefix="game.TakeAllChess.java" Implct="true" Intrnl_Id="2120">
<Cond/>
<LocList/>
<StmntSeq Intrnl_Id="2121">
<LocList/>
</StmntSeq>
</Branch>
<Keyword EndOffset="7752" SrcFileId="5" StartOffset="7750"/>
<LocList>
<Loc EndOffset="7860" SrcFileId="5" StartOffset="7750"/>
</LocList>
<RootTerm CovItemId="C40" CovItemPrefix="game.TakeAllChess.java" Intrnl_Id="2122">
<OpTerm BooleanOpId="23" Intrnl_Id="2123">
<BasicBoolTerm Intrnl_Id="2124">
<LocList>
<Loc EndOffset="7783" SrcFileId="5" StartOffset="7753"/>
</LocList>
</BasicBoolTerm>
<BasicBoolTerm Intrnl_Id="2125">
<LocList>
<Loc EndOffset="7836" SrcFileId="5" StartOffset="7787"/>
</LocList>
</BasicBoolTerm>
<LocList>
<Loc EndOffset="7786" SrcFileId="5" StartOffset="7784"/>
</LocList>
</OpTerm>
</RootTerm>
</CondStmnt>
<BasicStmnt CovItemId="S133" CovItemPrefix="game.TakeAllChess.java" Intrnl_Id="2126">
<LocList>
<Loc EndOffset="7992" SrcFileId="5" StartOffset="7920"/>
</LocList>
</BasicStmnt>
<BasicStmnt CovItemId="S134" CovItemPrefix="game.TakeAllChess.java" Intrnl_Id="2127">
<LocList>
<Loc EndOffset="8067" SrcFileId="5" StartOffset="7995"/>
</LocList>
</BasicStmnt>
<CondStmnt CovItemId="S135" CovItemPrefix="game.TakeAllChess.java" Intrnl_Id="2128">
<Branch CovItemId="B69" CovItemPrefix="game.TakeAllChess.java" Implct="false" Intrnl_Id="2129">
<Cond/>
<LocList>
<Loc EndOffset="8122" SrcFileId="5" StartOffset="8101"/>
</LocList>
<StmntSeq Intrnl_Id="2130">
<LocList>
<Loc EndOffset="8118" SrcFileId="5" StartOffset="8106"/>
</LocList>
<BasicStmnt CovItemId="S136" CovItemPrefix="game.TakeAllChess.java" Intrnl_Id="2131">
<LocList>
<Loc EndOffset="8118" SrcFileId="5" StartOffset="8106"/>
</LocList>
</BasicStmnt>
</StmntSeq>
</Branch>
<Branch CovItemId="B70" CovItemPrefix="game.TakeAllChess.java" Implct="false" Intrnl_Id="2132">
<Cond>
<Loc EndOffset="8129" SrcFileId="5" StartOffset="8125"/>
</Cond>
<LocList>
<Loc EndOffset="8180" SrcFileId="5" StartOffset="8130"/>
</LocList>
<StmntSeq Intrnl_Id="2133">
<LocList>
<Loc EndOffset="8180" SrcFileId="5" StartOffset="8130"/>
</LocList>
<CondStmnt CovItemId="S137" CovItemPrefix="game.TakeAllChess.java" Intrnl_Id="2134">
<Branch CovItemId="B71" CovItemPrefix="game.TakeAllChess.java" Implct="false" Intrnl_Id="2135">
<Cond/>
<LocList>
<Loc EndOffset="8180" SrcFileId="5" StartOffset="8159"/>
</LocList>
<StmntSeq Intrnl_Id="2136">
<LocList>
<Loc EndOffset="8176" SrcFileId="5" StartOffset="8164"/>
</LocList>
<BasicStmnt CovItemId="S138" CovItemPrefix="game.TakeAllChess.java" Intrnl_Id="2137">
<LocList>
<Loc EndOffset="8176" SrcFileId="5" StartOffset="8164"/>
</LocList>
</BasicStmnt>
</StmntSeq>
</Branch>
<Branch CovItemId="B72" CovItemPrefix="game.TakeAllChess.java" Implct="true" Intrnl_Id="2138">
<Cond/>
<LocList/>
<StmntSeq Intrnl_Id="2139">
<LocList/>
</StmntSeq>
</Branch>
<Keyword EndOffset="8132" SrcFileId="5" StartOffset="8130"/>
<LocList>
<Loc EndOffset="8180" SrcFileId="5" StartOffset="8130"/>
</LocList>
<RootTerm CovItemId="C42" CovItemPrefix="game.TakeAllChess.java" Intrnl_Id="2140">
<OpTerm BooleanOpId="23" Intrnl_Id="2141">
<BasicBoolTerm Intrnl_Id="2142">
<LocList>
<Loc EndOffset="8143" SrcFileId="5" StartOffset="8133"/>
</LocList>
</BasicBoolTerm>
<BasicBoolTerm Intrnl_Id="2143">
<LocList>
<Loc EndOffset="8157" SrcFileId="5" StartOffset="8147"/>
</LocList>
</BasicBoolTerm>
<LocList>
<Loc EndOffset="8146" SrcFileId="5" StartOffset="8144"/>
</LocList>
</OpTerm>
</RootTerm>
</CondStmnt>
</StmntSeq>
</Branch>
<Keyword EndOffset="8074" SrcFileId="5" StartOffset="8072"/>
<LocList>
<Loc EndOffset="8180" SrcFileId="5" StartOffset="8072"/>
</LocList>
<RootTerm CovItemId="C41" CovItemPrefix="game.TakeAllChess.java" Intrnl_Id="2144">
<OpTerm BooleanOpId="23" Intrnl_Id="2145">
<BasicBoolTerm Intrnl_Id="2146">
<LocList>
<Loc EndOffset="8085" SrcFileId="5" StartOffset="8075"/>
</LocList>
</BasicBoolTerm>
<BasicBoolTerm Intrnl_Id="2147">
<LocList>
<Loc EndOffset="8099" SrcFileId="5" StartOffset="8089"/>
</LocList>
</BasicBoolTerm>
<LocList>
<Loc EndOffset="8088" SrcFileId="5" StartOffset="8086"/>
</LocList>
</OpTerm>
</RootTerm>
</CondStmnt>
<BasicStmnt CovItemId="S139" CovItemPrefix="game.TakeAllChess.java" Intrnl_Id="2148">
<LocList>
<Loc EndOffset="8197" SrcFileId="5" StartOffset="8184"/>
</LocList>
</BasicStmnt>
</StmntSeq>
</HierarchyLvl>
<HierarchyLvl HierarchyLvlId="1045" HierarchyLvlTypeId="27" Intrnl_Id="2149" Name="validateKingMove">
<Header>
<Loc EndOffset="8325" SrcFileId="5" StartOffset="8270"/>
</Header>
<LocList>
<Loc EndOffset="8755" SrcFileId="5" StartOffset="8270"/>
</LocList>
<StmntSeq Intrnl_Id="2150">
<LocList>
<Loc EndOffset="8474" SrcFileId="5" StartOffset="8364"/>
<Loc EndOffset="8606" SrcFileId="5" StartOffset="8534"/>
<Loc EndOffset="8681" SrcFileId="5" StartOffset="8609"/>
<Loc EndOffset="8735" SrcFileId="5" StartOffset="8685"/>
<Loc EndOffset="8752" SrcFileId="5" StartOffset="8739"/>
</LocList>
<CondStmnt CovItemId="S140" CovItemPrefix="game.TakeAllChess.java" Intrnl_Id="2151">
<Branch CovItemId="B73" CovItemPrefix="game.TakeAllChess.java" Implct="false" Intrnl_Id="2152">
<Cond/>
<LocList>
<Loc EndOffset="8474" SrcFileId="5" StartOffset="8452"/>
</LocList>
<StmntSeq Intrnl_Id="2153">
<LocList>
<Loc EndOffset="8470" SrcFileId="5" StartOffset="8457"/>
</LocList>
<BasicStmnt CovItemId="S141" CovItemPrefix="game.TakeAllChess.java" Intrnl_Id="2154">
<LocList>
<Loc EndOffset="8470" SrcFileId="5" StartOffset="8457"/>
</LocList>
</BasicStmnt>
</StmntSeq>
</Branch>
<Branch CovItemId="B74" CovItemPrefix="game.TakeAllChess.java" Implct="true" Intrnl_Id="2155">
<Cond/>
<LocList/>
<StmntSeq Intrnl_Id="2156">
<LocList/>
</StmntSeq>
</Branch>
<Keyword EndOffset="8366" SrcFileId="5" StartOffset="8364"/>
<LocList>
<Loc EndOffset="8474" SrcFileId="5" StartOffset="8364"/>
</LocList>
<RootTerm CovItemId="C43" CovItemPrefix="game.TakeAllChess.java" Intrnl_Id="2157">
<OpTerm BooleanOpId="23" Intrnl_Id="2158">
<BasicBoolTerm Intrnl_Id="2159">
<LocList>
<Loc EndOffset="8397" SrcFileId="5" StartOffset="8367"/>
</LocList>
</BasicBoolTerm>
<BasicBoolTerm Intrnl_Id="2160">
<LocList>
<Loc EndOffset="8450" SrcFileId="5" StartOffset="8401"/>
</LocList>
</BasicBoolTerm>
<LocList>
<Loc EndOffset="8400" SrcFileId="5" StartOffset="8398"/>
</LocList>
</OpTerm>
</RootTerm>
</CondStmnt>
<BasicStmnt CovItemId="S142" CovItemPrefix="game.TakeAllChess.java" Intrnl_Id="2161">
<LocList>
<Loc EndOffset="8606" SrcFileId="5" StartOffset="8534"/>
</LocList>
</BasicStmnt>
<BasicStmnt CovItemId="S143" CovItemPrefix="game.TakeAllChess.java" Intrnl_Id="2162">
<LocList>
<Loc EndOffset="8681" SrcFileId="5" StartOffset="8609"/>
</LocList>
</BasicStmnt>
<CondStmnt CovItemId="S144" CovItemPrefix="game.TakeAllChess.java" Intrnl_Id="2163">
<Branch CovItemId="B75" CovItemPrefix="game.TakeAllChess.java" Implct="false" Intrnl_Id="2164">
<Cond/>
<LocList>
<Loc EndOffset="8735" SrcFileId="5" StartOffset="8714"/>
</LocList>
<StmntSeq Intrnl_Id="2165">
<LocList>
<Loc EndOffset="8731" SrcFileId="5" StartOffset="8719"/>
</LocList>
<BasicStmnt CovItemId="S145" CovItemPrefix="game.TakeAllChess.java" Intrnl_Id="2166">
<LocList>
<Loc EndOffset="8731" SrcFileId="5" StartOffset="8719"/>
</LocList>
</BasicStmnt>
</StmntSeq>
</Branch>
<Branch CovItemId="B76" CovItemPrefix="game.TakeAllChess.java" Implct="true" Intrnl_Id="2167">
<Cond/>
<LocList/>
<StmntSeq Intrnl_Id="2168">
<LocList/>
</StmntSeq>
</Branch>
<Keyword EndOffset="8687" SrcFileId="5" StartOffset="8685"/>
<LocList>
<Loc EndOffset="8735" SrcFileId="5" StartOffset="8685"/>
</LocList>
<RootTerm CovItemId="C44" CovItemPrefix="game.TakeAllChess.java" Intrnl_Id="2169">
<OpTerm BooleanOpId="23" Intrnl_Id="2170">
<BasicBoolTerm Intrnl_Id="2171">
<LocList>
<Loc EndOffset="8698" SrcFileId="5" StartOffset="8688"/>
</LocList>
</BasicBoolTerm>
<BasicBoolTerm Intrnl_Id="2172">
<LocList>
<Loc EndOffset="8712" SrcFileId="5" StartOffset="8702"/>
</LocList>
</BasicBoolTerm>
<LocList>
<Loc EndOffset="8701" SrcFileId="5" StartOffset="8699"/>
</LocList>
</OpTerm>
</RootTerm>
</CondStmnt>
<BasicStmnt CovItemId="S146" CovItemPrefix="game.TakeAllChess.java" Intrnl_Id="2173">
<LocList>
<Loc EndOffset="8752" SrcFileId="5" StartOffset="8739"/>
</LocList>
</BasicStmnt>
</StmntSeq>
</HierarchyLvl>
<HierarchyLvl HierarchyLvlId="1046" HierarchyLvlTypeId="27" Intrnl_Id="2174" Name="ValidateMove">
<Header>
<Loc EndOffset="8877" SrcFileId="5" StartOffset="8830"/>
</Header>
<LocList>
<Loc EndOffset="10160" SrcFileId="5" StartOffset="8830"/>
</LocList>
<StmntSeq Intrnl_Id="2175">
<LocList>
<Loc EndOffset="8904" SrcFileId="5" StartOffset="8883"/>
<Loc EndOffset="9624" SrcFileId="5" StartOffset="8908"/>
<Loc EndOffset="9762" SrcFileId="5" StartOffset="9628"/>
<Loc EndOffset="9965" SrcFileId="5" StartOffset="9766"/>
<Loc EndOffset="10047" SrcFileId="5" StartOffset="9969"/>
<Loc EndOffset="10133" SrcFileId="5" StartOffset="10124"/>
</LocList>
<BasicStmnt CovItemId="S147" CovItemPrefix="game.TakeAllChess.java" Intrnl_Id="2176">
<LocList>
<Loc EndOffset="8904" SrcFileId="5" StartOffset="8883"/>
</LocList>
</BasicStmnt>
<CondStmnt CovItemId="S148" CovItemPrefix="game.TakeAllChess.java" Intrnl_Id="2177">
<Branch CovItemId="B77" CovItemPrefix="game.TakeAllChess.java" Implct="false" Intrnl_Id="2178">
<Cond/>
<LocList>
<Loc EndOffset="9019" SrcFileId="5" StartOffset="8948"/>
</LocList>
<StmntSeq Intrnl_Id="2179">
<LocList>
<Loc EndOffset="9015" SrcFileId="5" StartOffset="8953"/>
</LocList>
<BasicStmnt CovItemId="S149" CovItemPrefix="game.TakeAllChess.java" Intrnl_Id="2180">
<LocList>
<Loc EndOffset="9015" SrcFileId="5" StartOffset="8953"/>
</LocList>
<QMO CovItemId="Q0" CovItemPrefix="game.TakeAllChess.java" Intrnl_Id="2181">
<LocList>
<Loc EndOffset="9006" SrcFileId="5" StartOffset="8967"/>
</LocList>
<QMO_E CovItemId="Q0-0" CovItemPrefix="game.TakeAllChess.java" Intrnl_Id="2182">
<LocList>
<Loc EndOffset="9010" SrcFileId="5" StartOffset="9009"/>
</LocList>
</QMO_E>
<QMO_E CovItemId="Q0-1" CovItemPrefix="game.TakeAllChess.java" Intrnl_Id="2183">
<LocList>
<Loc EndOffset="9014" SrcFileId="5" StartOffset="9013"/>
</LocList>
</QMO_E>
</QMO>
</BasicStmnt>
</StmntSeq>
</Branch>
<Branch CovItemId="B78" CovItemPrefix="game.TakeAllChess.java" Implct="false" Intrnl_Id="2184">
<Cond>
<Loc EndOffset="9026" SrcFileId="5" StartOffset="9022"/>
</Cond>
<LocList>
<Loc EndOffset="9624" SrcFileId="5" StartOffset="9027"/>
</LocList>
<StmntSeq Intrnl_Id="2185">
<LocList>
<Loc EndOffset="9624" SrcFileId="5" StartOffset="9027"/>
</LocList>
<CondStmnt CovItemId="S150" CovItemPrefix="game.TakeAllChess.java" Intrnl_Id="2186">
<Branch CovItemId="B79" CovItemPrefix="game.TakeAllChess.java" Implct="false" Intrnl_Id="2187">
<Cond/>
<LocList>
<Loc EndOffset="9142" SrcFileId="5" StartOffset="9069"/>
</LocList>
<StmntSeq Intrnl_Id="2188">
<LocList>
<Loc EndOffset="9138" SrcFileId="5" StartOffset="9074"/>
</LocList>
<BasicStmnt CovItemId="S151" CovItemPrefix="game.TakeAllChess.java" Intrnl_Id="2189">
<LocList>
<Loc EndOffset="9138" SrcFileId="5" StartOffset="9074"/>
</LocList>
<QMO CovItemId="Q1" CovItemPrefix="game.TakeAllChess.java" Intrnl_Id="2190">
<LocList>
<Loc EndOffset="9129" SrcFileId="5" StartOffset="9088"/>
</LocList>
<QMO_E CovItemId="Q1-0" CovItemPrefix="game.TakeAllChess.java" Intrnl_Id="2191">
<LocList>
<Loc EndOffset="9133" SrcFileId="5" StartOffset="9132"/>
</LocList>
</QMO_E>
<QMO_E CovItemId="Q1-1" CovItemPrefix="game.TakeAllChess.java" Intrnl_Id="2192">
<LocList>
<Loc EndOffset="9137" SrcFileId="5" StartOffset="9136"/>
</LocList>
</QMO_E>
</QMO>
</BasicStmnt>
</StmntSeq>
</Branch>
<Branch CovItemId="B80" CovItemPrefix="game.TakeAllChess.java" Implct="false" Intrnl_Id="2193">
<Cond>
<Loc EndOffset="9149" SrcFileId="5" StartOffset="9145"/>
</Cond>
<LocList>
<Loc EndOffset="9624" SrcFileId="5" StartOffset="9150"/>
</LocList>
<StmntSeq Intrnl_Id="2194">
<LocList>
<Loc EndOffset="9624" SrcFileId="5" StartOffset="9150"/>
</LocList>
<CondStmnt CovItemId="S152" CovItemPrefix="game.TakeAllChess.java" Intrnl_Id="2195">
<Branch CovItemId="B81" CovItemPrefix="game.TakeAllChess.java" Implct="false" Intrnl_Id="2196">
<Cond/>
<LocList>
<Loc EndOffset="9263" SrcFileId="5" StartOffset="9191"/>
</LocList>
<StmntSeq Intrnl_Id="2197">
<LocList>
<Loc EndOffset="9259" SrcFileId="5" StartOffset="9196"/>
</LocList>
<BasicStmnt CovItemId="S153" CovItemPrefix="game.TakeAllChess.java" Intrnl_Id="2198">
<LocList>
<Loc EndOffset="9259" SrcFileId="5" StartOffset="9196"/>
</LocList>
<QMO CovItemId="Q2" CovItemPrefix="game.TakeAllChess.java" Intrnl_Id="2199">
<LocList>
<Loc EndOffset="9250" SrcFileId="5" StartOffset="9210"/>
</LocList>
<QMO_E CovItemId="Q2-0" CovItemPrefix="game.TakeAllChess.java" Intrnl_Id="2200">
<LocList>
<Loc EndOffset="9254" SrcFileId="5" StartOffset="9253"/>
</LocList>
</QMO_E>
<QMO_E CovItemId="Q2-1" CovItemPrefix="game.TakeAllChess.java" Intrnl_Id="2201">
<LocList>
<Loc EndOffset="9258" SrcFileId="5" StartOffset="9257"/>
</LocList>
</QMO_E>
</QMO>
</BasicStmnt>
</StmntSeq>
</Branch>
<Branch CovItemId="B82" CovItemPrefix="game.TakeAllChess.java" Implct="false" Intrnl_Id="2202">
<Cond>
<Loc EndOffset="9270" SrcFileId="5" StartOffset="9266"/>
</Cond>
<LocList>
<Loc EndOffset="9624" SrcFileId="5" StartOffset="9271"/>
</LocList>
<StmntSeq Intrnl_Id="2203">
<LocList>
<Loc EndOffset="9624" SrcFileId="5" StartOffset="9271"/>
</LocList>
<CondStmnt CovItemId="S154" CovItemPrefix="game.TakeAllChess.java" Intrnl_Id="2204">
<Branch CovItemId="B83" CovItemPrefix="game.TakeAllChess.java" Implct="false" Intrnl_Id="2205">
<Cond/>
<LocList>
<Loc EndOffset="9382" SrcFileId="5" StartOffset="9311"/>
</LocList>
<StmntSeq Intrnl_Id="2206">
<LocList>
<Loc EndOffset="9378" SrcFileId="5" StartOffset="9316"/>
</LocList>
<BasicStmnt CovItemId="S155" CovItemPrefix="game.TakeAllChess.java" Intrnl_Id="2207">
<LocList>
<Loc EndOffset="9378" SrcFileId="5" StartOffset="9316"/>
</LocList>
<QMO CovItemId="Q3" CovItemPrefix="game.TakeAllChess.java" Intrnl_Id="2208">
<LocList>
<Loc EndOffset="9369" SrcFileId="5" StartOffset="9330"/>
</LocList>
<QMO_E CovItemId="Q3-0" CovItemPrefix="game.TakeAllChess.java" Intrnl_Id="2209">
<LocList>
<Loc EndOffset="9373" SrcFileId="5" StartOffset="9372"/>
</LocList>
</QMO_E>
<QMO_E CovItemId="Q3-1" CovItemPrefix="game.TakeAllChess.java" Intrnl_Id="2210">
<LocList>
<Loc EndOffset="9377" SrcFileId="5" StartOffset="9376"/>
</LocList>
</QMO_E>
</QMO>
</BasicStmnt>
</StmntSeq>
</Branch>
<Branch CovItemId="B84" CovItemPrefix="game.TakeAllChess.java" Implct="false" Intrnl_Id="2211">
<Cond>
<Loc EndOffset="9389" SrcFileId="5" StartOffset="9385"/>
</Cond>
<LocList>
<Loc EndOffset="9624" SrcFileId="5" StartOffset="9390"/>
</LocList>
<StmntSeq Intrnl_Id="2212">
<LocList>
<Loc EndOffset="9624" SrcFileId="5" StartOffset="9390"/>
</LocList>
<CondStmnt CovItemId="S156" CovItemPrefix="game.TakeAllChess.java" Intrnl_Id="2213">
<Branch CovItemId="B85" CovItemPrefix="game.TakeAllChess.java" Implct="false" Intrnl_Id="2214">
<Cond/>
<LocList>
<Loc EndOffset="9505" SrcFileId="5" StartOffset="9432"/>
</LocList>
<StmntSeq Intrnl_Id="2215">
<LocList>
<Loc EndOffset="9501" SrcFileId="5" StartOffset="9437"/>
</LocList>
<BasicStmnt CovItemId="S157" CovItemPrefix="game.TakeAllChess.java" Intrnl_Id="2216">
<LocList>
<Loc EndOffset="9501" SrcFileId="5" StartOffset="9437"/>
</LocList>
<QMO CovItemId="Q4" CovItemPrefix="game.TakeAllChess.java" Intrnl_Id="2217">
<LocList>
<Loc EndOffset="9492" SrcFileId="5" StartOffset="9451"/>
</LocList>
<QMO_E CovItemId="Q4-0" CovItemPrefix="game.TakeAllChess.java" Intrnl_Id="2218">
<LocList>
<Loc EndOffset="9496" SrcFileId="5" StartOffset="9495"/>
</LocList>
</QMO_E>
<QMO_E CovItemId="Q4-1" CovItemPrefix="game.TakeAllChess.java" Intrnl_Id="2219">
<LocList>
<Loc EndOffset="9500" SrcFileId="5" StartOffset="9499"/>
</LocList>
</QMO_E>
</QMO>
</BasicStmnt>
</StmntSeq>
</Branch>
<Branch CovItemId="B86" CovItemPrefix="game.TakeAllChess.java" Implct="false" Intrnl_Id="2220">
<Cond>
<Loc EndOffset="9512" SrcFileId="5" StartOffset="9508"/>
</Cond>
<LocList>
<Loc EndOffset="9624" SrcFileId="5" StartOffset="9513"/>
</LocList>
<StmntSeq Intrnl_Id="2221">
<LocList>
<Loc EndOffset="9624" SrcFileId="5" StartOffset="9513"/>
</LocList>
<CondStmnt CovItemId="S158" CovItemPrefix="game.TakeAllChess.java" Intrnl_Id="2222">
<Branch CovItemId="B87" CovItemPrefix="game.TakeAllChess.java" Implct="false" Intrnl_Id="2223">
<Cond/>
<LocList>
<Loc EndOffset="9624" SrcFileId="5" StartOffset="9553"/>
</LocList>
<StmntSeq Intrnl_Id="2224">
<LocList>
<Loc EndOffset="9620" SrcFileId="5" StartOffset="9558"/>
</LocList>
<BasicStmnt CovItemId="S159" CovItemPrefix="game.TakeAllChess.java" Intrnl_Id="2225">
<LocList>
<Loc EndOffset="9620" SrcFileId="5" StartOffset="9558"/>
</LocList>
<QMO CovItemId="Q5" CovItemPrefix="game.TakeAllChess.java" Intrnl_Id="2226">
<LocList>
<Loc EndOffset="9611" SrcFileId="5" StartOffset="9572"/>
</LocList>
<QMO_E CovItemId="Q5-0" CovItemPrefix="game.TakeAllChess.java" Intrnl_Id="2227">
<LocList>
<Loc EndOffset="9615" SrcFileId="5" StartOffset="9614"/>
</LocList>
</QMO_E>
<QMO_E CovItemId="Q5-1" CovItemPrefix="game.TakeAllChess.java" Intrnl_Id="2228">
<LocList>
<Loc EndOffset="9619" SrcFileId="5" StartOffset="9618"/>
</LocList>
</QMO_E>
</QMO>
</BasicStmnt>
</StmntSeq>
</Branch>
<Branch CovItemId="B88" CovItemPrefix="game.TakeAllChess.java" Implct="true" Intrnl_Id="2229">
<Cond/>
<LocList/>
<StmntSeq Intrnl_Id="2230">
<LocList/>
</StmntSeq>
</Branch>
<Keyword EndOffset="9515" SrcFileId="5" StartOffset="9513"/>
<LocList>
<Loc EndOffset="9624" SrcFileId="5" StartOffset="9513"/>
</LocList>
<RootTerm CovItemId="C50" CovItemPrefix="game.TakeAllChess.java" Intrnl_Id="2231">
<BasicBoolTerm Intrnl_Id="2232">
<LocList>
<Loc EndOffset="9551" SrcFileId="5" StartOffset="9516"/>
</LocList>
</BasicBoolTerm>
</RootTerm>
</CondStmnt>
</StmntSeq>
</Branch>
<Keyword EndOffset="9392" SrcFileId="5" StartOffset="9390"/>
<LocList>
<Loc EndOffset="9624" SrcFileId="5" StartOffset="9390"/>
</LocList>
<RootTerm CovItemId="C49" CovItemPrefix="game.TakeAllChess.java" Intrnl_Id="2233">
<BasicBoolTerm Intrnl_Id="2234">
<LocList>
<Loc EndOffset="9430" SrcFileId="5" StartOffset="9393"/>
</LocList>
</BasicBoolTerm>
</RootTerm>
</CondStmnt>
</StmntSeq>
</Branch>
<Keyword EndOffset="9273" SrcFileId="5" StartOffset="9271"/>
<LocList>
<Loc EndOffset="9624" SrcFileId="5" StartOffset="9271"/>
</LocList>
<RootTerm CovItemId="C48" CovItemPrefix="game.TakeAllChess.java" Intrnl_Id="2235">
<BasicBoolTerm Intrnl_Id="2236">
<LocList>
<Loc EndOffset="9309" SrcFileId="5" StartOffset="9274"/>
</LocList>
</BasicBoolTerm>
</RootTerm>
</CondStmnt>
</StmntSeq>
</Branch>
<Keyword EndOffset="9152" SrcFileId="5" StartOffset="9150"/>
<LocList>
<Loc EndOffset="9624" SrcFileId="5" StartOffset="9150"/>
</LocList>
<RootTerm CovItemId="C47" CovItemPrefix="game.TakeAllChess.java" Intrnl_Id="2237">
<BasicBoolTerm Intrnl_Id="2238">
<LocList>
<Loc EndOffset="9189" SrcFileId="5" StartOffset="9153"/>
</LocList>
</BasicBoolTerm>
</RootTerm>
</CondStmnt>
</StmntSeq>
</Branch>
<Keyword EndOffset="9029" SrcFileId="5" StartOffset="9027"/>
<LocList>
<Loc EndOffset="9624" SrcFileId="5" StartOffset="9027"/>
</LocList>
<RootTerm CovItemId="C46" CovItemPrefix="game.TakeAllChess.java" Intrnl_Id="2239">
<BasicBoolTerm Intrnl_Id="2240">
<LocList>
<Loc EndOffset="9067" SrcFileId="5" StartOffset="9030"/>
</LocList>
</BasicBoolTerm>
</RootTerm>
</CondStmnt>
</StmntSeq>
</Branch>
<Keyword EndOffset="8910" SrcFileId="5" StartOffset="8908"/>
<LocList>
<Loc EndOffset="9624" SrcFileId="5" StartOffset="8908"/>
</LocList>
<RootTerm CovItemId="C45" CovItemPrefix="game.TakeAllChess.java" Intrnl_Id="2241">
<BasicBoolTerm Intrnl_Id="2242">
<LocList>
<Loc EndOffset="8946" SrcFileId="5" StartOffset="8911"/>
</LocList>
</BasicBoolTerm>
</RootTerm>
</CondStmnt>
<CondStmnt CovItemId="S160" CovItemPrefix="game.TakeAllChess.java" Intrnl_Id="2243">
<Branch CovItemId="B89" CovItemPrefix="game.TakeAllChess.java" Implct="false" Intrnl_Id="2244">
<Cond/>
<LocList>
<Loc EndOffset="9762" SrcFileId="5" StartOffset="9649"/>
</LocList>
<StmntSeq Intrnl_Id="2245">
<LocList>
<Loc EndOffset="9745" SrcFileId="5" StartOffset="9654"/>
<Loc EndOffset="9758" SrcFileId="5" StartOffset="9749"/>
</LocList>
<BasicStmnt CovItemId="S161" CovItemPrefix="game.TakeAllChess.java" Intrnl_Id="2246">
<LocList>
<Loc EndOffset="9745" SrcFileId="5" StartOffset="9654"/>
</LocList>
</BasicStmnt>
<BasicStmnt CovItemId="S162" CovItemPrefix="game.TakeAllChess.java" Intrnl_Id="2247">
<LocList>
<Loc EndOffset="9758" SrcFileId="5" StartOffset="9749"/>
</LocList>
</BasicStmnt>
</StmntSeq>
</Branch>
<Branch CovItemId="B90" CovItemPrefix="game.TakeAllChess.java" Implct="true" Intrnl_Id="2248">
<Cond/>
<LocList/>
<StmntSeq Intrnl_Id="2249">
<LocList/>
</StmntSeq>
</Branch>
<Keyword EndOffset="9630" SrcFileId="5" StartOffset="9628"/>
<LocList>
<Loc EndOffset="9762" SrcFileId="5" StartOffset="9628"/>
</LocList>
<RootTerm CovItemId="C51" CovItemPrefix="game.TakeAllChess.java" Intrnl_Id="2250">
<BasicBoolTerm Intrnl_Id="2251">
<LocList>
<Loc EndOffset="9647" SrcFileId="5" StartOffset="9631"/>
</LocList>
</BasicBoolTerm>
</RootTerm>
</CondStmnt>
<CondStmnt CovItemId="S163" CovItemPrefix="game.TakeAllChess.java" Intrnl_Id="2252">
<Branch CovItemId="B91" CovItemPrefix="game.TakeAllChess.java" Implct="false" Intrnl_Id="2253">
<Cond/>
<LocList>
<Loc EndOffset="9965" SrcFileId="5" StartOffset="9854"/>
</LocList>
<StmntSeq Intrnl_Id="2254">
<LocList>
<Loc EndOffset="9961" SrcFileId="5" StartOffset="9952"/>
</LocList>
<BasicStmnt CovItemId="S164" CovItemPrefix="game.TakeAllChess.java" Intrnl_Id="2255">
<LocList>
<Loc EndOffset="9961" SrcFileId="5" StartOffset="9952"/>
</LocList>
</BasicStmnt>
</StmntSeq>
</Branch>
<Branch CovItemId="B92" CovItemPrefix="game.TakeAllChess.java" Implct="true" Intrnl_Id="2256">
<Cond/>
<LocList/>
<StmntSeq Intrnl_Id="2257">
<LocList/>
</StmntSeq>
</Branch>
<Keyword EndOffset="9768" SrcFileId="5" StartOffset="9766"/>
<LocList>
<Loc EndOffset="9965" SrcFileId="5" StartOffset="9766"/>
</LocList>
<RootTerm CovItemId="C52" CovItemPrefix="game.TakeAllChess.java" Intrnl_Id="2258">
<OpTerm BooleanOpId="23" Intrnl_Id="2259">
<BasicBoolTerm Intrnl_Id="2260">
<LocList>
<Loc EndOffset="9799" SrcFileId="5" StartOffset="9769"/>
</LocList>
</BasicBoolTerm>
<BasicBoolTerm Intrnl_Id="2261">
<LocList>
<Loc EndOffset="9852" SrcFileId="5" StartOffset="9803"/>
</LocList>
</BasicBoolTerm>
<LocList>
<Loc EndOffset="9802" SrcFileId="5" StartOffset="9800"/>
</LocList>
</OpTerm>
</RootTerm>
</CondStmnt>
<CondStmnt CovItemId="S165" CovItemPrefix="game.TakeAllChess.java" Intrnl_Id="2262">
<Branch CovItemId="B93" CovItemPrefix="game.TakeAllChess.java" Implct="false" Intrnl_Id="2263">
<Cond/>
<LocList>
<Loc EndOffset="10047" SrcFileId="5" StartOffset="10029"/>
</LocList>
<StmntSeq Intrnl_Id="2264">
<LocList>
<Loc EndOffset="10043" SrcFileId="5" StartOffset="10034"/>
</LocList>
<BasicStmnt CovItemId="S166" CovItemPrefix="game.TakeAllChess.java" Intrnl_Id="2265">
<LocList>
<Loc EndOffset="10043" SrcFileId="5" StartOffset="10034"/>
</LocList>
</BasicStmnt>
</StmntSeq>
</Branch>
<Branch CovItemId="B94" CovItemPrefix="game.TakeAllChess.java" Implct="true" Intrnl_Id="2266">
<Cond/>
<LocList/>
<StmntSeq Intrnl_Id="2267">
<LocList/>
</StmntSeq>
</Branch>
<Keyword EndOffset="9971" SrcFileId="5" StartOffset="9969"/>
<LocList>
<Loc EndOffset="10047" SrcFileId="5" StartOffset="9969"/>
</LocList>
<RootTerm CovItemId="C53" CovItemPrefix="game.TakeAllChess.java" Intrnl_Id="2268">
<BasicBoolTerm Intrnl_Id="2269">
<LocList>
<Loc EndOffset="10027" SrcFileId="5" StartOffset="9972"/>
</LocList>
</BasicBoolTerm>
</RootTerm>
</CondStmnt>
<BasicStmnt CovItemId="S167" CovItemPrefix="game.TakeAllChess.java" Intrnl_Id="2270">
<LocList>
<Loc EndOffset="10133" SrcFileId="5" StartOffset="10124"/>
</LocList>
</BasicStmnt>
</StmntSeq>
</HierarchyLvl>
<HierarchyLvl HierarchyLvlId="1047" HierarchyLvlTypeId="27" Intrnl_Id="2271" Name="setLastMoveJump">
<Header>
<Loc EndOffset="10317" SrcFileId="5" StartOffset="10256"/>
</Header>
<LocList>
<Loc EndOffset="10654" SrcFileId="5" StartOffset="10256"/>
</LocList>
<StmntSeq Intrnl_Id="2272">
<LocList>
<Loc EndOffset="10651" SrcFileId="5" StartOffset="10321"/>
</LocList>
<LoopStmnt CovItemId="S168" CovItemPrefix="game.TakeAllChess.java" Intrnl_Id="2273" MltplExecId="L7-2" MltplExecPrefix="game.TakeAllChess.java" NvrExecId="L7-0" NvrExecPrefix="game.TakeAllChess.java" OnceExecutedId="L7-1" OnceExecutedPrefix="game.TakeAllChess.java" OptBodyExec="true">
<StmntSeq Intrnl_Id="2274">
<LocList>
<Loc EndOffset="10647" SrcFileId="5" StartOffset="10364"/>
</LocList>
<LoopStmnt CovItemId="S169" CovItemPrefix="game.TakeAllChess.java" Intrnl_Id="2275" MltplExecId="L8-2" MltplExecPrefix="game.TakeAllChess.java" NvrExecId="L8-0" NvrExecPrefix="game.TakeAllChess.java" OnceExecutedId="L8-1" OnceExecutedPrefix="game.TakeAllChess.java" OptBodyExec="true">
<StmntSeq Intrnl_Id="2276">
<LocList>
<Loc EndOffset="10642" SrcFileId="5" StartOffset="10407"/>
</LocList>
<CondStmnt CovItemId="S170" CovItemPrefix="game.TakeAllChess.java" Intrnl_Id="2277">
<Branch CovItemId="B95" CovItemPrefix="game.TakeAllChess.java" Implct="false" Intrnl_Id="2278">
<Cond/>
<LocList>
<Loc EndOffset="10642" SrcFileId="5" StartOffset="10444"/>
</LocList>
<StmntSeq Intrnl_Id="2279">
<LocList>
<Loc EndOffset="10636" SrcFileId="5" StartOffset="10451"/>
</LocList>
<CondStmnt CovItemId="S171" CovItemPrefix="game.TakeAllChess.java" Intrnl_Id="2280">
<Branch CovItemId="B97" CovItemPrefix="game.TakeAllChess.java" Implct="false" Intrnl_Id="2281">
<Cond/>
<LocList>
<Loc EndOffset="10636" SrcFileId="5" StartOffset="10552"/>
</LocList>
<StmntSeq Intrnl_Id="2282">
<LocList>
<Loc EndOffset="10599" SrcFileId="5" StartOffset="10560"/>
<Loc EndOffset="10629" SrcFileId="5" StartOffset="10606"/>
</LocList>
<BasicStmnt CovItemId="S172" CovItemPrefix="game.TakeAllChess.java" Intrnl_Id="2283">
<LocList>
<Loc EndOffset="10599" SrcFileId="5" StartOffset="10560"/>
</LocList>
</BasicStmnt>
<BasicStmnt CovItemId="S173" CovItemPrefix="game.TakeAllChess.java" Intrnl_Id="2284">
<LocList>
<Loc EndOffset="10629" SrcFileId="5" StartOffset="10606"/>
</LocList>
</BasicStmnt>
</StmntSeq>
</Branch>
<Branch CovItemId="B98" CovItemPrefix="game.TakeAllChess.java" Implct="true" Intrnl_Id="2285">
<Cond/>
<LocList/>
<StmntSeq Intrnl_Id="2286">
<LocList/>
</StmntSeq>
</Branch>
<Keyword EndOffset="10453" SrcFileId="5" StartOffset="10451"/>
<LocList>
<Loc EndOffset="10636" SrcFileId="5" StartOffset="10451"/>
</LocList>
<RootTerm CovItemId="C57" CovItemPrefix="game.TakeAllChess.java" Intrnl_Id="2287">
<OpTerm BooleanOpId="23" Intrnl_Id="2288">
<BasicBoolTerm Intrnl_Id="2289">
<LocList>
<Loc EndOffset="10502" SrcFileId="5" StartOffset="10454"/>
</LocList>
</BasicBoolTerm>
<BasicBoolTerm Intrnl_Id="2290">
<LocList>
<Loc EndOffset="10551" SrcFileId="5" StartOffset="10506"/>
</LocList>
</BasicBoolTerm>
<LocList>
<Loc EndOffset="10505" SrcFileId="5" StartOffset="10503"/>
</LocList>
</OpTerm>
</RootTerm>
</CondStmnt>
</StmntSeq>
</Branch>
<Branch CovItemId="B96" CovItemPrefix="game.TakeAllChess.java" Implct="true" Intrnl_Id="2291">
<Cond/>
<LocList/>
<StmntSeq Intrnl_Id="2292">
<LocList/>
</StmntSeq>
</Branch>
<Keyword EndOffset="10409" SrcFileId="5" StartOffset="10407"/>
<LocList>
<Loc EndOffset="10642" SrcFileId="5" StartOffset="10407"/>
</LocList>
<RootTerm CovItemId="C56" CovItemPrefix="game.TakeAllChess.java" Intrnl_Id="2293">
<BasicBoolTerm Intrnl_Id="2294">
<LocList>
<Loc EndOffset="10442" SrcFileId="5" StartOffset="10411"/>
</LocList>
</BasicBoolTerm>
</RootTerm>
</CondStmnt>
</StmntSeq>
<Keyword EndOffset="10367" SrcFileId="5" StartOffset="10364"/>
<LocList>
<Loc EndOffset="10647" SrcFileId="5" StartOffset="10364"/>
</LocList>
<RootTerm CovItemId="C55" CovItemPrefix="game.TakeAllChess.java" Intrnl_Id="2295">
<BasicBoolTerm Intrnl_Id="2296">
<LocList>
<Loc EndOffset="10394" SrcFileId="5" StartOffset="10379"/>
</LocList>
</BasicBoolTerm>
</RootTerm>
</LoopStmnt>
</StmntSeq>
<Keyword EndOffset="10324" SrcFileId="5" StartOffset="10321"/>
<LocList>
<Loc EndOffset="10651" SrcFileId="5" StartOffset="10321"/>
</LocList>
<RootTerm CovItemId="C54" CovItemPrefix="game.TakeAllChess.java" Intrnl_Id="2297">
<BasicBoolTerm Intrnl_Id="2298">
<LocList>
<Loc EndOffset="10352" SrcFileId="5" StartOffset="10336"/>
</LocList>
</BasicBoolTerm>
</RootTerm>
</LoopStmnt>
</StmntSeq>
</HierarchyLvl>
<HierarchyLvl HierarchyLvlId="1048" HierarchyLvlTypeId="27" Intrnl_Id="2299" Name="ruleCompleteMove">
<Header>
<Loc EndOffset="10847" SrcFileId="5" StartOffset="10781"/>
</Header>
<LocList>
<Loc EndOffset="11660" SrcFileId="5" StartOffset="10781"/>
</LocList>
<StmntSeq Intrnl_Id="2300">
<LocList>
<Loc EndOffset="10893" SrcFileId="5" StartOffset="10851"/>
<Loc EndOffset="11389" SrcFileId="5" StartOffset="10896"/>
<Loc EndOffset="11461" SrcFileId="5" StartOffset="11393"/>
<Loc EndOffset="11616" SrcFileId="5" StartOffset="11464"/>
<Loc EndOffset="11657" SrcFileId="5" StartOffset="11620"/>
</LocList>
<BasicStmnt CovItemId="S174" CovItemPrefix="game.TakeAllChess.java" Intrnl_Id="2301">
<LocList>
<Loc EndOffset="10893" SrcFileId="5" StartOffset="10851"/>
</LocList>
</BasicStmnt>
<CondStmnt CovItemId="S175" CovItemPrefix="game.TakeAllChess.java" Intrnl_Id="2302">
<Branch CovItemId="B99" CovItemPrefix="game.TakeAllChess.java" Implct="false" Intrnl_Id="2303">
<Cond/>
<LocList>
<Loc EndOffset="11065" SrcFileId="5" StartOffset="11004"/>
</LocList>
<StmntSeq Intrnl_Id="2304">
<LocList>
<Loc EndOffset="11035" SrcFileId="5" StartOffset="11009"/>
<Loc EndOffset="11061" SrcFileId="5" StartOffset="11039"/>
</LocList>
<BasicStmnt CovItemId="S176" CovItemPrefix="game.TakeAllChess.java" Intrnl_Id="2305">
<LocList>
<Loc EndOffset="11035" SrcFileId="5" StartOffset="11009"/>
</LocList>
</BasicStmnt>
<BasicStmnt CovItemId="S177" CovItemPrefix="game.TakeAllChess.java" Intrnl_Id="2306">
<LocList>
<Loc EndOffset="11061" SrcFileId="5" StartOffset="11039"/>
</LocList>
</BasicStmnt>
</StmntSeq>
</Branch>
<Branch CovItemId="B100" CovItemPrefix="game.TakeAllChess.java" Implct="false" Intrnl_Id="2307">
<Cond>
<Loc EndOffset="11069" SrcFileId="5" StartOffset="11065"/>
</Cond>
<LocList>
<Loc EndOffset="11389" SrcFileId="5" StartOffset="11070"/>
</LocList>
<StmntSeq Intrnl_Id="2308">
<LocList>
<Loc EndOffset="11389" SrcFileId="5" StartOffset="11070"/>
</LocList>
<CondStmnt CovItemId="S178" CovItemPrefix="game.TakeAllChess.java" Intrnl_Id="2309">
<Branch CovItemId="B101" CovItemPrefix="game.TakeAllChess.java" Implct="false" Intrnl_Id="2310">
<Cond/>
<LocList>
<Loc EndOffset="11227" SrcFileId="5" StartOffset="11183"/>
</LocList>
<StmntSeq Intrnl_Id="2311">
<LocList>
<Loc EndOffset="11223" SrcFileId="5" StartOffset="11188"/>
</LocList>
<BasicStmnt CovItemId="S179" CovItemPrefix="game.TakeAllChess.java" Intrnl_Id="2312">
<LocList>
<Loc EndOffset="11223" SrcFileId="5" StartOffset="11188"/>
</LocList>
</BasicStmnt>
</StmntSeq>
</Branch>
<Branch CovItemId="B102" CovItemPrefix="game.TakeAllChess.java" Implct="false" Intrnl_Id="2313">
<Cond>
<Loc EndOffset="11231" SrcFileId="5" StartOffset="11227"/>
</Cond>
<LocList>
<Loc EndOffset="11389" SrcFileId="5" StartOffset="11232"/>
</LocList>
<StmntSeq Intrnl_Id="2314">
<LocList>
<Loc EndOffset="11389" SrcFileId="5" StartOffset="11232"/>
</LocList>
<CondStmnt CovItemId="S180" CovItemPrefix="game.TakeAllChess.java" Intrnl_Id="2315">
<Branch CovItemId="B103" CovItemPrefix="game.TakeAllChess.java" Implct="false" Intrnl_Id="2316">
<Cond/>
<LocList>
<Loc EndOffset="11389" SrcFileId="5" StartOffset="11345"/>
</LocList>
<StmntSeq Intrnl_Id="2317">
<LocList>
<Loc EndOffset="11385" SrcFileId="5" StartOffset="11350"/>
</LocList>
<BasicStmnt CovItemId="S181" CovItemPrefix="game.TakeAllChess.java" Intrnl_Id="2318">
<LocList>
<Loc EndOffset="11385" SrcFileId="5" StartOffset="11350"/>
</LocList>
</BasicStmnt>
</StmntSeq>
</Branch>
<Branch CovItemId="B104" CovItemPrefix="game.TakeAllChess.java" Implct="true" Intrnl_Id="2319">
<Cond/>
<LocList/>
<StmntSeq Intrnl_Id="2320">
<LocList/>
</StmntSeq>
</Branch>
<Keyword EndOffset="11234" SrcFileId="5" StartOffset="11232"/>
<LocList>
<Loc EndOffset="11389" SrcFileId="5" StartOffset="11232"/>
</LocList>
<RootTerm CovItemId="C60" CovItemPrefix="game.TakeAllChess.java" Intrnl_Id="2321">
<OpTerm BooleanOpId="23" Intrnl_Id="2322">
<OpTerm BooleanOpId="23" Intrnl_Id="2323">
<BasicBoolTerm Intrnl_Id="2324">
<LocList>
<Loc EndOffset="11270" SrcFileId="5" StartOffset="11235"/>
</LocList>
</BasicBoolTerm>
<BasicBoolTerm Intrnl_Id="2325">
<LocList>
<Loc EndOffset="11301" SrcFileId="5" StartOffset="11274"/>
</LocList>
</BasicBoolTerm>
<LocList>
<Loc EndOffset="11273" SrcFileId="5" StartOffset="11271"/>
</LocList>
</OpTerm>
<BasicBoolTerm Intrnl_Id="2326">
<LocList>
<Loc EndOffset="11343" SrcFileId="5" StartOffset="11305"/>
</LocList>
</BasicBoolTerm>
<LocList>
<Loc EndOffset="11304" SrcFileId="5" StartOffset="11302"/>
</LocList>
</OpTerm>
</RootTerm>
</CondStmnt>
</StmntSeq>
</Branch>
<Keyword EndOffset="11072" SrcFileId="5" StartOffset="11070"/>
<LocList>
<Loc EndOffset="11389" SrcFileId="5" StartOffset="11070"/>
</LocList>
<RootTerm CovItemId="C59" CovItemPrefix="game.TakeAllChess.java" Intrnl_Id="2327">
<OpTerm BooleanOpId="23" Intrnl_Id="2328">
<OpTerm BooleanOpId="23" Intrnl_Id="2329">
<BasicBoolTerm Intrnl_Id="2330">
<LocList>
<Loc EndOffset="11108" SrcFileId="5" StartOffset="11073"/>
</LocList>
</BasicBoolTerm>
<BasicBoolTerm Intrnl_Id="2331">
<LocList>
<Loc EndOffset="11139" SrcFileId="5" StartOffset="11112"/>
</LocList>
</BasicBoolTerm>
<LocList>
<Loc EndOffset="11111" SrcFileId="5" StartOffset="11109"/>
</LocList>
</OpTerm>
<BasicBoolTerm Intrnl_Id="2332">
<LocList>
<Loc EndOffset="11181" SrcFileId="5" StartOffset="11143"/>
</LocList>
</BasicBoolTerm>
<LocList>
<Loc EndOffset="11142" SrcFileId="5" StartOffset="11140"/>
</LocList>
</OpTerm>
</RootTerm>
</CondStmnt>
</StmntSeq>
</Branch>
<Keyword EndOffset="10898" SrcFileId="5" StartOffset="10896"/>
<LocList>
<Loc EndOffset="11389" SrcFileId="5" StartOffset="10896"/>
</LocList>
<RootTerm CovItemId="C58" CovItemPrefix="game.TakeAllChess.java" Intrnl_Id="2333">
<OpTerm BooleanOpId="23" Intrnl_Id="2334">
<BasicBoolTerm Intrnl_Id="2335">
<LocList>
<Loc EndOffset="10934" SrcFileId="5" StartOffset="10899"/>
</LocList>
</BasicBoolTerm>
<BasicBoolTerm Intrnl_Id="2336">
<LocList>
<Loc EndOffset="11002" SrcFileId="5" StartOffset="10938"/>
</LocList>
</BasicBoolTerm>
<LocList>
<Loc EndOffset="10937" SrcFileId="5" StartOffset="10935"/>
</LocList>
</OpTerm>
</RootTerm>
</CondStmnt>
<BasicStmnt CovItemId="S182" CovItemPrefix="game.TakeAllChess.java" Intrnl_Id="2337">
<LocList>
<Loc EndOffset="11461" SrcFileId="5" StartOffset="11393"/>
</LocList>
</BasicStmnt>
<CondStmnt CovItemId="S183" CovItemPrefix="game.TakeAllChess.java" Intrnl_Id="2338">
<Branch CovItemId="B105" CovItemPrefix="game.TakeAllChess.java" Implct="false" Intrnl_Id="2339">
<Cond/>
<LocList>
<Loc EndOffset="11616" SrcFileId="5" StartOffset="11482"/>
</LocList>
<StmntSeq Intrnl_Id="2340">
<LocList>
<Loc EndOffset="11548" SrcFileId="5" StartOffset="11487"/>
<Loc EndOffset="11590" SrcFileId="5" StartOffset="11552"/>
<Loc EndOffset="11612" SrcFileId="5" StartOffset="11594"/>
</LocList>
<BasicStmnt CovItemId="S184" CovItemPrefix="game.TakeAllChess.java" Intrnl_Id="2341">
<LocList>
<Loc EndOffset="11548" SrcFileId="5" StartOffset="11487"/>
</LocList>
</BasicStmnt>
<BasicStmnt CovItemId="S185" CovItemPrefix="game.TakeAllChess.java" Intrnl_Id="2342">
<LocList>
<Loc EndOffset="11590" SrcFileId="5" StartOffset="11552"/>
</LocList>
</BasicStmnt>
<BasicStmnt CovItemId="S186" CovItemPrefix="game.TakeAllChess.java" Intrnl_Id="2343">
<LocList>
<Loc EndOffset="11612" SrcFileId="5" StartOffset="11594"/>
</LocList>
</BasicStmnt>
</StmntSeq>
</Branch>
<Branch CovItemId="B106" CovItemPrefix="game.TakeAllChess.java" Implct="true" Intrnl_Id="2344">
<Cond/>
<LocList/>
<StmntSeq Intrnl_Id="2345">
<LocList/>
</StmntSeq>
</Branch>
<Keyword EndOffset="11466" SrcFileId="5" StartOffset="11464"/>
<LocList>
<Loc EndOffset="11616" SrcFileId="5" StartOffset="11464"/>
</LocList>
<RootTerm CovItemId="C61" CovItemPrefix="game.TakeAllChess.java" Intrnl_Id="2346">
<BasicBoolTerm Intrnl_Id="2347">
<LocList>
<Loc EndOffset="11480" SrcFileId="5" StartOffset="11467"/>
</LocList>
</BasicBoolTerm>
</RootTerm>
</CondStmnt>
<BasicStmnt CovItemId="S187" CovItemPrefix="game.TakeAllChess.java" Intrnl_Id="2348">
<LocList>
<Loc EndOffset="11657" SrcFileId="5" StartOffset="11620"/>
</LocList>
</BasicStmnt>
</StmntSeq>
</HierarchyLvl>
<HierarchyLvl HierarchyLvlId="1049" HierarchyLvlTypeId="27" Intrnl_Id="2349" Name="getPawnPromotionInput">
<Header>
<Loc EndOffset="11774" SrcFileId="5" StartOffset="11717"/>
</Header>
<LocList>
<Loc EndOffset="13533" SrcFileId="5" StartOffset="11717"/>
</LocList>
<StmntSeq Intrnl_Id="2350">
<LocList>
<Loc EndOffset="11911" SrcFileId="5" StartOffset="11778"/>
<Loc EndOffset="11987" SrcFileId="5" StartOffset="11914"/>
<Loc EndOffset="12010" SrcFileId="5" StartOffset="11990"/>
<Loc EndOffset="13530" SrcFileId="5" StartOffset="12013"/>
</LocList>
<BasicStmnt CovItemId="S188" CovItemPrefix="game.TakeAllChess.java" Intrnl_Id="2351">
<LocList>
<Loc EndOffset="11911" SrcFileId="5" StartOffset="11778"/>
</LocList>
</BasicStmnt>
<BasicStmnt CovItemId="S189" CovItemPrefix="game.TakeAllChess.java" Intrnl_Id="2352">
<LocList>
<Loc EndOffset="11987" SrcFileId="5" StartOffset="11914"/>
</LocList>
</BasicStmnt>
<BasicStmnt CovItemId="S190" CovItemPrefix="game.TakeAllChess.java" Intrnl_Id="2353">
<LocList>
<Loc EndOffset="12010" SrcFileId="5" StartOffset="11990"/>
</LocList>
</BasicStmnt>
<LoopStmnt CovItemId="S191" CovItemPrefix="game.TakeAllChess.java" Intrnl_Id="2354" MltplExecId="L9-2" MltplExecPrefix="game.TakeAllChess.java" NvrExecId="L9-0" NvrExecPrefix="game.TakeAllChess.java" OnceExecutedId="L9-1" OnceExecutedPrefix="game.TakeAllChess.java" OptBodyExec="true">
<StmntSeq Intrnl_Id="2355">
<LocList>
<Loc EndOffset="12072" SrcFileId="5" StartOffset="12050"/>
<Loc EndOffset="12186" SrcFileId="5" StartOffset="12040"/>
<Loc EndOffset="13526" SrcFileId="5" StartOffset="12190"/>
</LocList>
<BasicStmnt CovItemId="S193" CovItemPrefix="game.TakeAllChess.java" Intrnl_Id="2356">
<LocList>
<Loc EndOffset="12072" SrcFileId="5" StartOffset="12050"/>
</LocList>
</BasicStmnt>
<CondStmnt CovItemId="S192" CovItemPrefix="game.TakeAllChess.java" Intrnl_Id="2357">
<Branch CovItemId="B107" CovItemPrefix="game.TakeAllChess.java" Implct="true" Intrnl_Id="2358">
<Cond/>
<LocList/>
<StmntSeq Intrnl_Id="2359">
<LocList/>
</StmntSeq>
</Branch>
<Branch CovItemId="B108" CovItemPrefix="game.TakeAllChess.java" Implct="false" Intrnl_Id="2360">
<Cond>
<Loc EndOffset="12099" SrcFileId="5" StartOffset="12078"/>
</Cond>
<LocList>
<Loc EndOffset="12186" SrcFileId="5" StartOffset="12100"/>
</LocList>
<StmntSeq Intrnl_Id="2361">
<LocList>
<Loc EndOffset="12119" SrcFileId="5" StartOffset="12106"/>
<Loc EndOffset="12181" SrcFileId="5" StartOffset="12124"/>
</LocList>
<BasicStmnt CovItemId="S194" CovItemPrefix="game.TakeAllChess.java" Intrnl_Id="2362">
<LocList>
<Loc EndOffset="12119" SrcFileId="5" StartOffset="12106"/>
</LocList>
</BasicStmnt>
<BasicStmnt CovItemId="S195" CovItemPrefix="game.TakeAllChess.java" Intrnl_Id="2363">
<LocList>
<Loc EndOffset="12181" SrcFileId="5" StartOffset="12124"/>
</LocList>
</BasicStmnt>
</StmntSeq>
</Branch>
<Keyword EndOffset="12043" SrcFileId="5" StartOffset="12040"/>
<LocList>
<Loc EndOffset="12186" SrcFileId="5" StartOffset="12040"/>
</LocList>
</CondStmnt>
<CondStmnt CovItemId="S196" CovItemPrefix="game.TakeAllChess.java" Intrnl_Id="2364">
<Branch CovItemId="B109" CovItemPrefix="game.TakeAllChess.java" Implct="false" Intrnl_Id="2365">
<Cond/>
<LocList>
<Loc EndOffset="13526" SrcFileId="5" StartOffset="12209"/>
</LocList>
<StmntSeq Intrnl_Id="2366">
<LocList>
<Loc EndOffset="13337" SrcFileId="5" StartOffset="12226"/>
<Loc EndOffset="13521" SrcFileId="5" StartOffset="12215"/>
</LocList>
<CondStmnt CovItemId="S198" CovItemPrefix="game.TakeAllChess.java" Intrnl_Id="2367">
<Branch CovItemId="B112" CovItemPrefix="game.TakeAllChess.java" Implct="false" Intrnl_Id="2368">
<Cond/>
<LocList>
<Loc EndOffset="12405" SrcFileId="5" StartOffset="12292"/>
</LocList>
<StmntSeq Intrnl_Id="2369">
<LocList>
<Loc EndOffset="12398" SrcFileId="5" StartOffset="12300"/>
</LocList>
<BasicStmnt CovItemId="S199" CovItemPrefix="game.TakeAllChess.java" Intrnl_Id="2370">
<LocList>
<Loc EndOffset="12398" SrcFileId="5" StartOffset="12300"/>
</LocList>
</BasicStmnt>
</StmntSeq>
</Branch>
<Branch CovItemId="B113" CovItemPrefix="game.TakeAllChess.java" Implct="false" Intrnl_Id="2371">
<Cond>
<Loc EndOffset="12415" SrcFileId="5" StartOffset="12411"/>
</Cond>
<LocList>
<Loc EndOffset="13337" SrcFileId="5" StartOffset="12416"/>
</LocList>
<StmntSeq Intrnl_Id="2372">
<LocList>
<Loc EndOffset="13337" SrcFileId="5" StartOffset="12416"/>
</LocList>
<CondStmnt CovItemId="S200" CovItemPrefix="game.TakeAllChess.java" Intrnl_Id="2373">
<Branch CovItemId="B114" CovItemPrefix="game.TakeAllChess.java" Implct="false" Intrnl_Id="2374">
<Cond/>
<LocList>
<Loc EndOffset="12597" SrcFileId="5" StartOffset="12483"/>
</LocList>
<StmntSeq Intrnl_Id="2375">
<LocList>
<Loc EndOffset="12590" SrcFileId="5" StartOffset="12491"/>
</LocList>
<BasicStmnt CovItemId="S201" CovItemPrefix="game.TakeAllChess.java" Intrnl_Id="2376">
<LocList>
<Loc EndOffset="12590" SrcFileId="5" StartOffset="12491"/>
</LocList>
</BasicStmnt>
</StmntSeq>
</Branch>
<Branch CovItemId="B115" CovItemPrefix="game.TakeAllChess.java" Implct="false" Intrnl_Id="2377">
<Cond>
<Loc EndOffset="12607" SrcFileId="5" StartOffset="12603"/>
</Cond>
<LocList>
<Loc EndOffset="13337" SrcFileId="5" StartOffset="12608"/>
</LocList>
<StmntSeq Intrnl_Id="2378">
<LocList>
<Loc EndOffset="13337" SrcFileId="5" StartOffset="12608"/>
</LocList>
<CondStmnt CovItemId="S202" CovItemPrefix="game.TakeAllChess.java" Intrnl_Id="2379">
<Branch CovItemId="B116" CovItemPrefix="game.TakeAllChess.java" Implct="false" Intrnl_Id="2380">
<Cond/>
<LocList>
<Loc EndOffset="12787" SrcFileId="5" StartOffset="12674"/>
</LocList>
<StmntSeq Intrnl_Id="2381">
<LocList>
<Loc EndOffset="12780" SrcFileId="5" StartOffset="12682"/>
</LocList>
<BasicStmnt CovItemId="S203" CovItemPrefix="game.TakeAllChess.java" Intrnl_Id="2382">
<LocList>
<Loc EndOffset="12780" SrcFileId="5" StartOffset="12682"/>
</LocList>
</BasicStmnt>
</StmntSeq>
</Branch>
<Branch CovItemId="B117" CovItemPrefix="game.TakeAllChess.java" Implct="false" Intrnl_Id="2383">
<Cond>
<Loc EndOffset="12797" SrcFileId="5" StartOffset="12793"/>
</Cond>
<LocList>
<Loc EndOffset="13337" SrcFileId="5" StartOffset="12798"/>
</LocList>
<StmntSeq Intrnl_Id="2384">
<LocList>
<Loc EndOffset="13337" SrcFileId="5" StartOffset="12798"/>
</LocList>
<CondStmnt CovItemId="S204" CovItemPrefix="game.TakeAllChess.java" Intrnl_Id="2385">
<Branch CovItemId="B118" CovItemPrefix="game.TakeAllChess.java" Implct="false" Intrnl_Id="2386">
<Cond/>
<LocList>
<Loc EndOffset="12981" SrcFileId="5" StartOffset="12866"/>
</LocList>
<StmntSeq Intrnl_Id="2387">
<LocList>
<Loc EndOffset="12974" SrcFileId="5" StartOffset="12874"/>
</LocList>
<BasicStmnt CovItemId="S205" CovItemPrefix="game.TakeAllChess.java" Intrnl_Id="2388">
<LocList>
<Loc EndOffset="12974" SrcFileId="5" StartOffset="12874"/>
</LocList>
</BasicStmnt>
</StmntSeq>
</Branch>
<Branch CovItemId="B119" CovItemPrefix="game.TakeAllChess.java" Implct="false" Intrnl_Id="2389">
<Cond>
<Loc EndOffset="12991" SrcFileId="5" StartOffset="12987"/>
</Cond>
<LocList>
<Loc EndOffset="13337" SrcFileId="5" StartOffset="12992"/>
</LocList>
<StmntSeq Intrnl_Id="2390">
<LocList>
<Loc EndOffset="13337" SrcFileId="5" StartOffset="12992"/>
</LocList>
<CondStmnt CovItemId="S206" CovItemPrefix="game.TakeAllChess.java" Intrnl_Id="2391">
<Branch CovItemId="B120" CovItemPrefix="game.TakeAllChess.java" Implct="false" Intrnl_Id="2392">
<Cond/>
<LocList>
<Loc EndOffset="13175" SrcFileId="5" StartOffset="13060"/>
</LocList>
<StmntSeq Intrnl_Id="2393">
<LocList>
<Loc EndOffset="13168" SrcFileId="5" StartOffset="13068"/>
</LocList>
<BasicStmnt CovItemId="S207" CovItemPrefix="game.TakeAllChess.java" Intrnl_Id="2394">
<LocList>
<Loc EndOffset="13168" SrcFileId="5" StartOffset="13068"/>
</LocList>
</BasicStmnt>
</StmntSeq>
</Branch>
<Branch CovItemId="B121" CovItemPrefix="game.TakeAllChess.java" Implct="false" Intrnl_Id="2395">
<Cond>
<Loc EndOffset="13185" SrcFileId="5" StartOffset="13181"/>
</Cond>
<LocList>
<Loc EndOffset="13337" SrcFileId="5" StartOffset="13185"/>
</LocList>
<StmntSeq Intrnl_Id="2396">
<LocList>
<Loc EndOffset="13206" SrcFileId="5" StartOffset="13193"/>
<Loc EndOffset="13330" SrcFileId="5" StartOffset="13213"/>
</LocList>
<BasicStmnt CovItemId="S208" CovItemPrefix="game.TakeAllChess.java" Intrnl_Id="2397">
<LocList>
<Loc EndOffset="13206" SrcFileId="5" StartOffset="13193"/>
</LocList>
</BasicStmnt>
<BasicStmnt CovItemId="S209" CovItemPrefix="game.TakeAllChess.java" Intrnl_Id="2398">
<LocList>
<Loc EndOffset="13330" SrcFileId="5" StartOffset="13213"/>
</LocList>
</BasicStmnt>
</StmntSeq>
</Branch>
<Keyword EndOffset="12994" SrcFileId="5" StartOffset="12992"/>
<LocList>
<Loc EndOffset="13337" SrcFileId="5" StartOffset="12992"/>
</LocList>
<RootTerm CovItemId="C68" CovItemPrefix="game.TakeAllChess.java" Intrnl_Id="2399">
<OpTerm BooleanOpId="24" Intrnl_Id="2400">
<BasicBoolTerm Intrnl_Id="2401">
<LocList>
<Loc EndOffset="13022" SrcFileId="5" StartOffset="12995"/>
</LocList>
</BasicBoolTerm>
<BasicBoolTerm Intrnl_Id="2402">
<LocList>
<Loc EndOffset="13058" SrcFileId="5" StartOffset="13026"/>
</LocList>
</BasicBoolTerm>
<LocList>
<Loc EndOffset="13025" SrcFileId="5" StartOffset="13023"/>
</LocList>
</OpTerm>
</RootTerm>
</CondStmnt>
</StmntSeq>
</Branch>
<Keyword EndOffset="12800" SrcFileId="5" StartOffset="12798"/>
<LocList>
<Loc EndOffset="13337" SrcFileId="5" StartOffset="12798"/>
</LocList>
<RootTerm CovItemId="C67" CovItemPrefix="game.TakeAllChess.java" Intrnl_Id="2403">
<OpTerm BooleanOpId="24" Intrnl_Id="2404">
<BasicBoolTerm Intrnl_Id="2405">
<LocList>
<Loc EndOffset="12828" SrcFileId="5" StartOffset="12801"/>
</LocList>
</BasicBoolTerm>
<BasicBoolTerm Intrnl_Id="2406">
<LocList>
<Loc EndOffset="12864" SrcFileId="5" StartOffset="12832"/>
</LocList>
</BasicBoolTerm>
<LocList>
<Loc EndOffset="12831" SrcFileId="5" StartOffset="12829"/>
</LocList>
</OpTerm>
</RootTerm>
</CondStmnt>
</StmntSeq>
</Branch>
<Keyword EndOffset="12610" SrcFileId="5" StartOffset="12608"/>
<LocList>
<Loc EndOffset="13337" SrcFileId="5" StartOffset="12608"/>
</LocList>
<RootTerm CovItemId="C66" CovItemPrefix="game.TakeAllChess.java" Intrnl_Id="2407">
<OpTerm BooleanOpId="24" Intrnl_Id="2408">
<BasicBoolTerm Intrnl_Id="2409">
<LocList>
<Loc EndOffset="12638" SrcFileId="5" StartOffset="12611"/>
</LocList>
</BasicBoolTerm>
<BasicBoolTerm Intrnl_Id="2410">
<LocList>
<Loc EndOffset="12672" SrcFileId="5" StartOffset="12642"/>
</LocList>
</BasicBoolTerm>
<LocList>
<Loc EndOffset="12641" SrcFileId="5" StartOffset="12639"/>
</LocList>
</OpTerm>
</RootTerm>
</CondStmnt>
</StmntSeq>
</Branch>
<Keyword EndOffset="12418" SrcFileId="5" StartOffset="12416"/>
<LocList>
<Loc EndOffset="13337" SrcFileId="5" StartOffset="12416"/>
</LocList>
<RootTerm CovItemId="C65" CovItemPrefix="game.TakeAllChess.java" Intrnl_Id="2411">
<OpTerm BooleanOpId="24" Intrnl_Id="2412">
<BasicBoolTerm Intrnl_Id="2413">
<LocList>
<Loc EndOffset="12446" SrcFileId="5" StartOffset="12419"/>
</LocList>
</BasicBoolTerm>
<BasicBoolTerm Intrnl_Id="2414">
<LocList>
<Loc EndOffset="12481" SrcFileId="5" StartOffset="12450"/>
</LocList>
</BasicBoolTerm>
<LocList>
<Loc EndOffset="12449" SrcFileId="5" StartOffset="12447"/>
</LocList>
</OpTerm>
</RootTerm>
</CondStmnt>
</StmntSeq>
</Branch>
<Keyword EndOffset="12228" SrcFileId="5" StartOffset="12226"/>
<LocList>
<Loc EndOffset="13337" SrcFileId="5" StartOffset="12226"/>
</LocList>
<RootTerm CovItemId="C64" CovItemPrefix="game.TakeAllChess.java" Intrnl_Id="2415">
<OpTerm BooleanOpId="24" Intrnl_Id="2416">
<BasicBoolTerm Intrnl_Id="2417">
<LocList>
<Loc EndOffset="12256" SrcFileId="5" StartOffset="12229"/>
</LocList>
</BasicBoolTerm>
<BasicBoolTerm Intrnl_Id="2418">
<LocList>
<Loc EndOffset="12290" SrcFileId="5" StartOffset="12260"/>
</LocList>
</BasicBoolTerm>
<LocList>
<Loc EndOffset="12259" SrcFileId="5" StartOffset="12257"/>
</LocList>
</OpTerm>
</RootTerm>
</CondStmnt>
<CondStmnt CovItemId="S197" CovItemPrefix="game.TakeAllChess.java" Intrnl_Id="2419">
<Branch CovItemId="B111" CovItemPrefix="game.TakeAllChess.java" Implct="true" Intrnl_Id="2420">
<Cond/>
<LocList/>
<StmntSeq Intrnl_Id="2421">
<LocList/>
</StmntSeq>
</Branch>
<Branch CovItemId="B122" CovItemPrefix="game.TakeAllChess.java" Implct="false" Intrnl_Id="2422">
<Cond>
<Loc EndOffset="13367" SrcFileId="5" StartOffset="13348"/>
</Cond>
<LocList>
<Loc EndOffset="13521" SrcFileId="5" StartOffset="13372"/>
</LocList>
<StmntSeq Intrnl_Id="2423">
<LocList>
<Loc EndOffset="13392" SrcFileId="5" StartOffset="13379"/>
<Loc EndOffset="13515" SrcFileId="5" StartOffset="13398"/>
</LocList>
<BasicStmnt CovItemId="S210" CovItemPrefix="game.TakeAllChess.java" Intrnl_Id="2424">
<LocList>
<Loc EndOffset="13392" SrcFileId="5" StartOffset="13379"/>
</LocList>
</BasicStmnt>
<BasicStmnt CovItemId="S211" CovItemPrefix="game.TakeAllChess.java" Intrnl_Id="2425">
<LocList>
<Loc EndOffset="13515" SrcFileId="5" StartOffset="13398"/>
</LocList>
</BasicStmnt>
</StmntSeq>
</Branch>
<Keyword EndOffset="12218" SrcFileId="5" StartOffset="12215"/>
<LocList>
<Loc EndOffset="13521" SrcFileId="5" StartOffset="12215"/>
</LocList>
</CondStmnt>
</StmntSeq>
</Branch>
<Branch CovItemId="B110" CovItemPrefix="game.TakeAllChess.java" Implct="true" Intrnl_Id="2426">
<Cond/>
<LocList/>
<StmntSeq Intrnl_Id="2427">
<LocList/>
</StmntSeq>
</Branch>
<Keyword EndOffset="12192" SrcFileId="5" StartOffset="12190"/>
<LocList>
<Loc EndOffset="13526" SrcFileId="5" StartOffset="12190"/>
</LocList>
<RootTerm CovItemId="C63" CovItemPrefix="game.TakeAllChess.java" Intrnl_Id="2428">
<BasicBoolTerm Intrnl_Id="2429">
<LocList>
<Loc EndOffset="12207" SrcFileId="5" StartOffset="12194"/>
</LocList>
</BasicBoolTerm>
</RootTerm>
</CondStmnt>
</StmntSeq>
<Keyword EndOffset="12018" SrcFileId="5" StartOffset="12013"/>
<LocList>
<Loc EndOffset="13530" SrcFileId="5" StartOffset="12013"/>
</LocList>
<RootTerm CovItemId="C62" CovItemPrefix="game.TakeAllChess.java" Intrnl_Id="2430">
<BasicBoolTerm Intrnl_Id="2431">
<LocList>
<Loc EndOffset="12033" SrcFileId="5" StartOffset="12020"/>
</LocList>
</BasicBoolTerm>
</RootTerm>
</LoopStmnt>
</StmntSeq>
</HierarchyLvl>
<HierarchyLvl HierarchyLvlId="1050" HierarchyLvlTypeId="27" Intrnl_Id="2432" Name="checkWinCondition">
<Header>
<Loc EndOffset="13788" SrcFileId="5" StartOffset="13722"/>
</Header>
<LocList>
<Loc EndOffset="13956" SrcFileId="5" StartOffset="13722"/>
</LocList>
<StmntSeq Intrnl_Id="2433">
<LocList>
<Loc EndOffset="13937" SrcFileId="5" StartOffset="13793"/>
<Loc EndOffset="13953" SrcFileId="5" StartOffset="13941"/>
</LocList>
<LoopStmnt CovItemId="S212" CovItemPrefix="game.TakeAllChess.java" Intrnl_Id="2434" MltplExecId="L10-2" MltplExecPrefix="game.TakeAllChess.java" NvrExecId="L10-0" NvrExecPrefix="game.TakeAllChess.java" OnceExecutedId="L10-1" OnceExecutedPrefix="game.TakeAllChess.java" OptBodyExec="true">
<StmntSeq Intrnl_Id="2435">
<LocList>
<Loc EndOffset="13933" SrcFileId="5" StartOffset="13834"/>
</LocList>
<CondStmnt CovItemId="S213" CovItemPrefix="game.TakeAllChess.java" Intrnl_Id="2436">
<Branch CovItemId="B123" CovItemPrefix="game.TakeAllChess.java" Implct="false" Intrnl_Id="2437">
<Cond/>
<LocList>
<Loc EndOffset="13933" SrcFileId="5" StartOffset="13858"/>
</LocList>
<StmntSeq Intrnl_Id="2438">
<LocList>
<Loc EndOffset="13928" SrcFileId="5" StartOffset="13864"/>
</LocList>
<CondStmnt CovItemId="S214" CovItemPrefix="game.TakeAllChess.java" Intrnl_Id="2439">
<Branch CovItemId="B125" CovItemPrefix="game.TakeAllChess.java" Implct="false" Intrnl_Id="2440">
<Cond/>
<LocList>
<Loc EndOffset="13928" SrcFileId="5" StartOffset="13902"/>
</LocList>
<StmntSeq Intrnl_Id="2441">
<LocList>
<Loc EndOffset="13922" SrcFileId="5" StartOffset="13909"/>
</LocList>
<BasicStmnt CovItemId="S215" CovItemPrefix="game.TakeAllChess.java" Intrnl_Id="2442">
<LocList>
<Loc EndOffset="13922" SrcFileId="5" StartOffset="13909"/>
</LocList>
</BasicStmnt>
</StmntSeq>
</Branch>
<Branch CovItemId="B126" CovItemPrefix="game.TakeAllChess.java" Implct="true" Intrnl_Id="2443">
<Cond/>
<LocList/>
<StmntSeq Intrnl_Id="2444">
<LocList/>
</StmntSeq>
</Branch>
<Keyword EndOffset="13866" SrcFileId="5" StartOffset="13864"/>
<LocList>
<Loc EndOffset="13928" SrcFileId="5" StartOffset="13864"/>
</LocList>
<RootTerm CovItemId="C70" CovItemPrefix="game.TakeAllChess.java" Intrnl_Id="2445">
<BasicBoolTerm Intrnl_Id="2446">
<LocList>
<Loc EndOffset="13900" SrcFileId="5" StartOffset="13868"/>
</LocList>
</BasicBoolTerm>
</RootTerm>
</CondStmnt>
</StmntSeq>
</Branch>
<Branch CovItemId="B124" CovItemPrefix="game.TakeAllChess.java" Implct="true" Intrnl_Id="2447">
<Cond/>
<LocList/>
<StmntSeq Intrnl_Id="2448">
<LocList/>
</StmntSeq>
</Branch>
<Keyword EndOffset="13836" SrcFileId="5" StartOffset="13834"/>
<LocList>
<Loc EndOffset="13933" SrcFileId="5" StartOffset="13834"/>
</LocList>
<RootTerm CovItemId="C69" CovItemPrefix="game.TakeAllChess.java" Intrnl_Id="2449">
<BasicBoolTerm Intrnl_Id="2450">
<LocList>
<Loc EndOffset="13856" SrcFileId="5" StartOffset="13838"/>
</LocList>
</BasicBoolTerm>
</RootTerm>
</CondStmnt>
</StmntSeq>
<Keyword EndOffset="13796" SrcFileId="5" StartOffset="13793"/>
<LocList>
<Loc EndOffset="13937" SrcFileId="5" StartOffset="13793"/>
</LocList>
</LoopStmnt>
<BasicStmnt CovItemId="S216" CovItemPrefix="game.TakeAllChess.java" Intrnl_Id="2451">
<LocList>
<Loc EndOffset="13953" SrcFileId="5" StartOffset="13941"/>
</LocList>
</BasicStmnt>
</StmntSeq>
</HierarchyLvl>
<HierarchyLvl HierarchyLvlId="1051" HierarchyLvlTypeId="27" Intrnl_Id="2452" Name="checkIfKillIsPossible">
<Header>
<Loc EndOffset="14213" SrcFileId="5" StartOffset="14142"/>
</Header>
<LocList>
<Loc EndOffset="15845" SrcFileId="5" StartOffset="14142"/>
</LocList>
<StmntSeq Intrnl_Id="2453">
<LocList>
<Loc EndOffset="15826" SrcFileId="5" StartOffset="14379"/>
<Loc EndOffset="15842" SrcFileId="5" StartOffset="15829"/>
</LocList>
<LoopStmnt CovItemId="S217" CovItemPrefix="game.TakeAllChess.java" Intrnl_Id="2454" MltplExecId="L11-2" MltplExecPrefix="game.TakeAllChess.java" NvrExecId="L11-0" NvrExecPrefix="game.TakeAllChess.java" OnceExecutedId="L11-1" OnceExecutedPrefix="game.TakeAllChess.java" OptBodyExec="true">
<StmntSeq Intrnl_Id="2455">
<LocList>
<Loc EndOffset="15822" SrcFileId="5" StartOffset="14420"/>
</LocList>
<CondStmnt CovItemId="S218" CovItemPrefix="game.TakeAllChess.java" Intrnl_Id="2456">
<Branch CovItemId="B127" CovItemPrefix="game.TakeAllChess.java" Implct="false" Intrnl_Id="2457">
<Cond/>
<LocList>
<Loc EndOffset="15822" SrcFileId="5" StartOffset="14444"/>
</LocList>
<StmntSeq Intrnl_Id="2458">
<LocList>
<Loc EndOffset="15817" SrcFileId="5" StartOffset="14450"/>
</LocList>
<CondStmnt CovItemId="S219" CovItemPrefix="game.TakeAllChess.java" Intrnl_Id="2459">
<Branch CovItemId="B129" CovItemPrefix="game.TakeAllChess.java" Implct="false" Intrnl_Id="2460">
<Cond/>
<LocList>
<Loc EndOffset="15817" SrcFileId="5" StartOffset="14488"/>
</LocList>
<StmntSeq Intrnl_Id="2461">
<LocList>
<Loc EndOffset="14546" SrcFileId="5" StartOffset="14521"/>
<Loc EndOffset="14591" SrcFileId="5" StartOffset="14552"/>
<Loc EndOffset="14625" SrcFileId="5" StartOffset="14597"/>
<Loc EndOffset="14657" SrcFileId="5" StartOffset="14631"/>
<Loc EndOffset="15810" SrcFileId="5" StartOffset="14664"/>
</LocList>
<BasicStmnt CovItemId="S220" CovItemPrefix="game.TakeAllChess.java" Intrnl_Id="2462">
<LocList>
<Loc EndOffset="14546" SrcFileId="5" StartOffset="14521"/>
</LocList>
</BasicStmnt>
<BasicStmnt CovItemId="S221" CovItemPrefix="game.TakeAllChess.java" Intrnl_Id="2463">
<LocList>
<Loc EndOffset="14591" SrcFileId="5" StartOffset="14552"/>
</LocList>
</BasicStmnt>
<BasicStmnt CovItemId="S222" CovItemPrefix="game.TakeAllChess.java" Intrnl_Id="2464">
<LocList>
<Loc EndOffset="14625" SrcFileId="5" StartOffset="14597"/>
</LocList>
</BasicStmnt>
<BasicStmnt CovItemId="S223" CovItemPrefix="game.TakeAllChess.java" Intrnl_Id="2465">
<LocList>
<Loc EndOffset="14657" SrcFileId="5" StartOffset="14631"/>
</LocList>
</BasicStmnt>
<LoopStmnt CovItemId="S224" CovItemPrefix="game.TakeAllChess.java" Intrnl_Id="2466" MltplExecId="L12-2" MltplExecPrefix="game.TakeAllChess.java" NvrExecId="L12-0" NvrExecPrefix="game.TakeAllChess.java" OnceExecutedId="L12-1" OnceExecutedPrefix="game.TakeAllChess.java" OptBodyExec="true">
<StmntSeq Intrnl_Id="2467">
<LocList>
<Loc EndOffset="15803" SrcFileId="5" StartOffset="14711"/>
</LocList>
<CondStmnt CovItemId="S225" CovItemPrefix="game.TakeAllChess.java" Intrnl_Id="2468">
<Branch CovItemId="B131" CovItemPrefix="game.TakeAllChess.java" Implct="false" Intrnl_Id="2469">
<Cond/>
<LocList>
<Loc EndOffset="15803" SrcFileId="5" StartOffset="14738"/>
</LocList>
<StmntSeq Intrnl_Id="2470">
<LocList>
<Loc EndOffset="15795" SrcFileId="5" StartOffset="14747"/>
</LocList>
<CondStmnt CovItemId="S226" CovItemPrefix="game.TakeAllChess.java" Intrnl_Id="2471">
<Branch CovItemId="B133" CovItemPrefix="game.TakeAllChess.java" Implct="false" Intrnl_Id="2472">
<Cond/>
<LocList>
<Loc EndOffset="15795" SrcFileId="5" StartOffset="14788"/>
</LocList>
<StmntSeq Intrnl_Id="2473">
<LocList>
<Loc EndOffset="14828" SrcFileId="5" StartOffset="14799"/>
<Loc EndOffset="14861" SrcFileId="5" StartOffset="14837"/>
<Loc EndOffset="15580" SrcFileId="5" StartOffset="14870"/>
<Loc EndOffset="15785" SrcFileId="5" StartOffset="15589"/>
</LocList>
<BasicStmnt CovItemId="S227" CovItemPrefix="game.TakeAllChess.java" Intrnl_Id="2474">
<LocList>
<Loc EndOffset="14828" SrcFileId="5" StartOffset="14799"/>
</LocList>
</BasicStmnt>
<BasicStmnt CovItemId="S228" CovItemPrefix="game.TakeAllChess.java" Intrnl_Id="2475">
<LocList>
<Loc EndOffset="14861" SrcFileId="5" StartOffset="14837"/>
</LocList>
</BasicStmnt>
<CondStmnt CovItemId="S229" CovItemPrefix="game.TakeAllChess.java" Intrnl_Id="2476">
<Branch CovItemId="B135" CovItemPrefix="game.TakeAllChess.java" Implct="false" Intrnl_Id="2477">
<Cond/>
<LocList>
<Loc EndOffset="14975" SrcFileId="5" StartOffset="14912"/>
</LocList>
<StmntSeq Intrnl_Id="2478">
<LocList>
<Loc EndOffset="14965" SrcFileId="5" StartOffset="14923"/>
</LocList>
<BasicStmnt CovItemId="S230" CovItemPrefix="game.TakeAllChess.java" Intrnl_Id="2479">
<LocList>
<Loc EndOffset="14965" SrcFileId="5" StartOffset="14923"/>
</LocList>
</BasicStmnt>
</StmntSeq>
</Branch>
<Branch CovItemId="B136" CovItemPrefix="game.TakeAllChess.java" Implct="false" Intrnl_Id="2480">
<Cond>
<Loc EndOffset="14988" SrcFileId="5" StartOffset="14984"/>
</Cond>
<LocList>
<Loc EndOffset="15580" SrcFileId="5" StartOffset="14989"/>
</LocList>
<StmntSeq Intrnl_Id="2481">
<LocList>
<Loc EndOffset="15580" SrcFileId="5" StartOffset="14989"/>
</LocList>
<CondStmnt CovItemId="S231" CovItemPrefix="game.TakeAllChess.java" Intrnl_Id="2482">
<Branch CovItemId="B137" CovItemPrefix="game.TakeAllChess.java" Implct="false" Intrnl_Id="2483">
<Cond/>
<LocList>
<Loc EndOffset="15098" SrcFileId="5" StartOffset="15033"/>
</LocList>
<StmntSeq Intrnl_Id="2484">
<LocList>
<Loc EndOffset="15088" SrcFileId="5" StartOffset="15044"/>
</LocList>
<BasicStmnt CovItemId="S232" CovItemPrefix="game.TakeAllChess.java" Intrnl_Id="2485">
<LocList>
<Loc EndOffset="15088" SrcFileId="5" StartOffset="15044"/>
</LocList>
</BasicStmnt>
</StmntSeq>
</Branch>
<Branch CovItemId="B138" CovItemPrefix="game.TakeAllChess.java" Implct="false" Intrnl_Id="2486">
<Cond>
<Loc EndOffset="15111" SrcFileId="5" StartOffset="15107"/>
</Cond>
<LocList>
<Loc EndOffset="15580" SrcFileId="5" StartOffset="15112"/>
</LocList>
<StmntSeq Intrnl_Id="2487">
<LocList>
<Loc EndOffset="15580" SrcFileId="5" StartOffset="15112"/>
</LocList>
<CondStmnt CovItemId="S233" CovItemPrefix="game.TakeAllChess.java" Intrnl_Id="2488">
<Branch CovItemId="B139" CovItemPrefix="game.TakeAllChess.java" Implct="false" Intrnl_Id="2489">
<Cond/>
<LocList>
<Loc EndOffset="15219" SrcFileId="5" StartOffset="15155"/>
</LocList>
<StmntSeq Intrnl_Id="2490">
<LocList>
<Loc EndOffset="15209" SrcFileId="5" StartOffset="15166"/>
</LocList>
<BasicStmnt CovItemId="S234" CovItemPrefix="game.TakeAllChess.java" Intrnl_Id="2491">
<LocList>
<Loc EndOffset="15209" SrcFileId="5" StartOffset="15166"/>
</LocList>
</BasicStmnt>
</StmntSeq>
</Branch>
<Branch CovItemId="B140" CovItemPrefix="game.TakeAllChess.java" Implct="false" Intrnl_Id="2492">
<Cond>
<Loc EndOffset="15232" SrcFileId="5" StartOffset="15228"/>
</Cond>
<LocList>
<Loc EndOffset="15580" SrcFileId="5" StartOffset="15233"/>
</LocList>
<StmntSeq Intrnl_Id="2493">
<LocList>
<Loc EndOffset="15580" SrcFileId="5" StartOffset="15233"/>
</LocList>
<CondStmnt CovItemId="S235" CovItemPrefix="game.TakeAllChess.java" Intrnl_Id="2494">
<Branch CovItemId="B141" CovItemPrefix="game.TakeAllChess.java" Implct="false" Intrnl_Id="2495">
<Cond/>
<LocList>
<Loc EndOffset="15338" SrcFileId="5" StartOffset="15275"/>
</LocList>
<StmntSeq Intrnl_Id="2496">
<LocList>
<Loc EndOffset="15328" SrcFileId="5" StartOffset="15286"/>
</LocList>
<BasicStmnt CovItemId="S236" CovItemPrefix="game.TakeAllChess.java" Intrnl_Id="2497">
<LocList>
<Loc EndOffset="15328" SrcFileId="5" StartOffset="15286"/>
</LocList>
</BasicStmnt>
</StmntSeq>
</Branch>
<Branch CovItemId="B142" CovItemPrefix="game.TakeAllChess.java" Implct="false" Intrnl_Id="2498">
<Cond>
<Loc EndOffset="15351" SrcFileId="5" StartOffset="15347"/>
</Cond>
<LocList>
<Loc EndOffset="15580" SrcFileId="5" StartOffset="15352"/>
</LocList>
<StmntSeq Intrnl_Id="2499">
<LocList>
<Loc EndOffset="15580" SrcFileId="5" StartOffset="15352"/>
</LocList>
<CondStmnt CovItemId="S237" CovItemPrefix="game.TakeAllChess.java" Intrnl_Id="2500">
<Branch CovItemId="B143" CovItemPrefix="game.TakeAllChess.java" Implct="false" Intrnl_Id="2501">
<Cond/>
<LocList>
<Loc EndOffset="15461" SrcFileId="5" StartOffset="15396"/>
</LocList>
<StmntSeq Intrnl_Id="2502">
<LocList>
<Loc EndOffset="15451" SrcFileId="5" StartOffset="15407"/>
</LocList>
<BasicStmnt CovItemId="S238" CovItemPrefix="game.TakeAllChess.java" Intrnl_Id="2503">
<LocList>
<Loc EndOffset="15451" SrcFileId="5" StartOffset="15407"/>
</LocList>
</BasicStmnt>
</StmntSeq>
</Branch>
<Branch CovItemId="B144" CovItemPrefix="game.TakeAllChess.java" Implct="false" Intrnl_Id="2504">
<Cond>
<Loc EndOffset="15474" SrcFileId="5" StartOffset="15470"/>
</Cond>
<LocList>
<Loc EndOffset="15580" SrcFileId="5" StartOffset="15475"/>
</LocList>
<StmntSeq Intrnl_Id="2505">
<LocList>
<Loc EndOffset="15580" SrcFileId="5" StartOffset="15475"/>
</LocList>
<CondStmnt CovItemId="S239" CovItemPrefix="game.TakeAllChess.java" Intrnl_Id="2506">
<Branch CovItemId="B145" CovItemPrefix="game.TakeAllChess.java" Implct="false" Intrnl_Id="2507">
<Cond/>
<LocList>
<Loc EndOffset="15580" SrcFileId="5" StartOffset="15517"/>
</LocList>
<StmntSeq Intrnl_Id="2508">
<LocList>
<Loc EndOffset="15570" SrcFileId="5" StartOffset="15528"/>
</LocList>
<BasicStmnt CovItemId="S240" CovItemPrefix="game.TakeAllChess.java" Intrnl_Id="2509">
<LocList>
<Loc EndOffset="15570" SrcFileId="5" StartOffset="15528"/>
</LocList>
</BasicStmnt>
</StmntSeq>
</Branch>
<Branch CovItemId="B146" CovItemPrefix="game.TakeAllChess.java" Implct="true" Intrnl_Id="2510">
<Cond/>
<LocList/>
<StmntSeq Intrnl_Id="2511">
<LocList/>
</StmntSeq>
</Branch>
<Keyword EndOffset="15477" SrcFileId="5" StartOffset="15475"/>
<LocList>
<Loc EndOffset="15580" SrcFileId="5" StartOffset="15475"/>
</LocList>
<RootTerm CovItemId="C80" CovItemPrefix="game.TakeAllChess.java" Intrnl_Id="2512">
<BasicBoolTerm Intrnl_Id="2513">
<LocList>
<Loc EndOffset="15515" SrcFileId="5" StartOffset="15478"/>
</LocList>
</BasicBoolTerm>
</RootTerm>
</CondStmnt>
</StmntSeq>
</Branch>
<Keyword EndOffset="15354" SrcFileId="5" StartOffset="15352"/>
<LocList>
<Loc EndOffset="15580" SrcFileId="5" StartOffset="15352"/>
</LocList>
<RootTerm CovItemId="C79" CovItemPrefix="game.TakeAllChess.java" Intrnl_Id="2514">
<BasicBoolTerm Intrnl_Id="2515">
<LocList>
<Loc EndOffset="15394" SrcFileId="5" StartOffset="15355"/>
</LocList>
</BasicBoolTerm>
</RootTerm>
</CondStmnt>
</StmntSeq>
</Branch>
<Keyword EndOffset="15235" SrcFileId="5" StartOffset="15233"/>
<LocList>
<Loc EndOffset="15580" SrcFileId="5" StartOffset="15233"/>
</LocList>
<RootTerm CovItemId="C78" CovItemPrefix="game.TakeAllChess.java" Intrnl_Id="2516">
<BasicBoolTerm Intrnl_Id="2517">
<LocList>
<Loc EndOffset="15273" SrcFileId="5" StartOffset="15236"/>
</LocList>
</BasicBoolTerm>
</RootTerm>
</CondStmnt>
</StmntSeq>
</Branch>
<Keyword EndOffset="15114" SrcFileId="5" StartOffset="15112"/>
<LocList>
<Loc EndOffset="15580" SrcFileId="5" StartOffset="15112"/>
</LocList>
<RootTerm CovItemId="C77" CovItemPrefix="game.TakeAllChess.java" Intrnl_Id="2518">
<BasicBoolTerm Intrnl_Id="2519">
<LocList>
<Loc EndOffset="15153" SrcFileId="5" StartOffset="15115"/>
</LocList>
</BasicBoolTerm>
</RootTerm>
</CondStmnt>
</StmntSeq>
</Branch>
<Keyword EndOffset="14991" SrcFileId="5" StartOffset="14989"/>
<LocList>
<Loc EndOffset="15580" SrcFileId="5" StartOffset="14989"/>
</LocList>
<RootTerm CovItemId="C76" CovItemPrefix="game.TakeAllChess.java" Intrnl_Id="2520">
<BasicBoolTerm Intrnl_Id="2521">
<LocList>
<Loc EndOffset="15031" SrcFileId="5" StartOffset="14992"/>
</LocList>
</BasicBoolTerm>
</RootTerm>
</CondStmnt>
</StmntSeq>
</Branch>
<Keyword EndOffset="14872" SrcFileId="5" StartOffset="14870"/>
<LocList>
<Loc EndOffset="15580" SrcFileId="5" StartOffset="14870"/>
</LocList>
<RootTerm CovItemId="C75" CovItemPrefix="game.TakeAllChess.java" Intrnl_Id="2522">
<BasicBoolTerm Intrnl_Id="2523">
<LocList>
<Loc EndOffset="14910" SrcFileId="5" StartOffset="14873"/>
</LocList>
</BasicBoolTerm>
</RootTerm>
</CondStmnt>
<CondStmnt CovItemId="S241" CovItemPrefix="game.TakeAllChess.java" Intrnl_Id="2524">
<Branch CovItemId="B147" CovItemPrefix="game.TakeAllChess.java" Implct="false" Intrnl_Id="2525">
<Cond/>
<LocList>
<Loc EndOffset="15785" SrcFileId="5" StartOffset="15602"/>
</LocList>
<StmntSeq Intrnl_Id="2526">
<LocList>
<Loc EndOffset="15753" SrcFileId="5" StartOffset="15613"/>
<Loc EndOffset="15775" SrcFileId="5" StartOffset="15763"/>
</LocList>
<BasicStmnt CovItemId="S242" CovItemPrefix="game.TakeAllChess.java" Intrnl_Id="2527">
<LocList>
<Loc EndOffset="15753" SrcFileId="5" StartOffset="15613"/>
</LocList>
</BasicStmnt>
<BasicStmnt CovItemId="S243" CovItemPrefix="game.TakeAllChess.java" Intrnl_Id="2528">
<LocList>
<Loc EndOffset="15775" SrcFileId="5" StartOffset="15763"/>
</LocList>
</BasicStmnt>
</StmntSeq>
</Branch>
<Branch CovItemId="B148" CovItemPrefix="game.TakeAllChess.java" Implct="true" Intrnl_Id="2529">
<Cond/>
<LocList/>
<StmntSeq Intrnl_Id="2530">
<LocList/>
</StmntSeq>
</Branch>
<Keyword EndOffset="15591" SrcFileId="5" StartOffset="15589"/>
<LocList>
<Loc EndOffset="15785" SrcFileId="5" StartOffset="15589"/>
</LocList>
<RootTerm CovItemId="C81" CovItemPrefix="game.TakeAllChess.java" Intrnl_Id="2531">
<BasicBoolTerm Intrnl_Id="2532">
<LocList>
<Loc EndOffset="15600" SrcFileId="5" StartOffset="15593"/>
</LocList>
</BasicBoolTerm>
</RootTerm>
</CondStmnt>
</StmntSeq>
</Branch>
<Branch CovItemId="B134" CovItemPrefix="game.TakeAllChess.java" Implct="true" Intrnl_Id="2533">
<Cond/>
<LocList/>
<StmntSeq Intrnl_Id="2534">
<LocList/>
</StmntSeq>
</Branch>
<Keyword EndOffset="14749" SrcFileId="5" StartOffset="14747"/>
<LocList>
<Loc EndOffset="15795" SrcFileId="5" StartOffset="14747"/>
</LocList>
<RootTerm CovItemId="C74" CovItemPrefix="game.TakeAllChess.java" Intrnl_Id="2535">
<BasicBoolTerm Intrnl_Id="2536">
<LocList>
<Loc EndOffset="14786" SrcFileId="5" StartOffset="14751"/>
</LocList>
</BasicBoolTerm>
</RootTerm>
</CondStmnt>
</StmntSeq>
</Branch>
<Branch CovItemId="B132" CovItemPrefix="game.TakeAllChess.java" Implct="true" Intrnl_Id="2537">
<Cond/>
<LocList/>
<StmntSeq Intrnl_Id="2538">
<LocList/>
</StmntSeq>
</Branch>
<Keyword EndOffset="14713" SrcFileId="5" StartOffset="14711"/>
<LocList>
<Loc EndOffset="15803" SrcFileId="5" StartOffset="14711"/>
</LocList>
<RootTerm CovItemId="C73" CovItemPrefix="game.TakeAllChess.java" Intrnl_Id="2539">
<BasicBoolTerm Intrnl_Id="2540">
<LocList>
<Loc EndOffset="14736" SrcFileId="5" StartOffset="14715"/>
</LocList>
</BasicBoolTerm>
</RootTerm>
</CondStmnt>
</StmntSeq>
<Keyword EndOffset="14667" SrcFileId="5" StartOffset="14664"/>
<LocList>
<Loc EndOffset="15810" SrcFileId="5" StartOffset="14664"/>
</LocList>
</LoopStmnt>
</StmntSeq>
</Branch>
<Branch CovItemId="B130" CovItemPrefix="game.TakeAllChess.java" Implct="true" Intrnl_Id="2541">
<Cond/>
<LocList/>
<StmntSeq Intrnl_Id="2542">
<LocList/>
</StmntSeq>
</Branch>
<Keyword EndOffset="14452" SrcFileId="5" StartOffset="14450"/>
<LocList>
<Loc EndOffset="15817" SrcFileId="5" StartOffset="14450"/>
</LocList>
<RootTerm CovItemId="C72" CovItemPrefix="game.TakeAllChess.java" Intrnl_Id="2543">
<BasicBoolTerm Intrnl_Id="2544">
<LocList>
<Loc EndOffset="14486" SrcFileId="5" StartOffset="14454"/>
</LocList>
</BasicBoolTerm>
</RootTerm>
</CondStmnt>
</StmntSeq>
</Branch>
<Branch CovItemId="B128" CovItemPrefix="game.TakeAllChess.java" Implct="true" Intrnl_Id="2545">
<Cond/>
<LocList/>
<StmntSeq Intrnl_Id="2546">
<LocList/>
</StmntSeq>
</Branch>
<Keyword EndOffset="14422" SrcFileId="5" StartOffset="14420"/>
<LocList>
<Loc EndOffset="15822" SrcFileId="5" StartOffset="14420"/>
</LocList>
<RootTerm CovItemId="C71" CovItemPrefix="game.TakeAllChess.java" Intrnl_Id="2547">
<BasicBoolTerm Intrnl_Id="2548">
<LocList>
<Loc EndOffset="14442" SrcFileId="5" StartOffset="14424"/>
</LocList>
</BasicBoolTerm>
</RootTerm>
</CondStmnt>
</StmntSeq>
<Keyword EndOffset="14382" SrcFileId="5" StartOffset="14379"/>
<LocList>
<Loc EndOffset="15826" SrcFileId="5" StartOffset="14379"/>
</LocList>
</LoopStmnt>
<BasicStmnt CovItemId="S244" CovItemPrefix="game.TakeAllChess.java" Intrnl_Id="2549">
<LocList>
<Loc EndOffset="15842" SrcFileId="5" StartOffset="15829"/>
</LocList>
</BasicStmnt>
</StmntSeq>
</HierarchyLvl>
<HierarchyLvl HierarchyLvlId="1052" HierarchyLvlTypeId="27" Intrnl_Id="2550" Name="CheckForCheck">
<Header>
<Loc EndOffset="16142" SrcFileId="5" StartOffset="16080"/>
</Header>
<LocList>
<Loc EndOffset="17778" SrcFileId="5" StartOffset="16080"/>
</LocList>
<StmntSeq Intrnl_Id="2551">
<LocList>
<Loc EndOffset="16210" SrcFileId="5" StartOffset="16188"/>
<Loc EndOffset="16399" SrcFileId="5" StartOffset="16213"/>
<Loc EndOffset="16491" SrcFileId="5" StartOffset="16451"/>
<Loc EndOffset="17758" SrcFileId="5" StartOffset="16650"/>
<Loc EndOffset="17775" SrcFileId="5" StartOffset="17762"/>
</LocList>
<BasicStmnt CovItemId="S245" CovItemPrefix="game.TakeAllChess.java" Intrnl_Id="2552">
<LocList>
<Loc EndOffset="16210" SrcFileId="5" StartOffset="16188"/>
</LocList>
</BasicStmnt>
<LoopStmnt CovItemId="S246" CovItemPrefix="game.TakeAllChess.java" Intrnl_Id="2553" MltplExecId="L13-2" MltplExecPrefix="game.TakeAllChess.java" NvrExecId="L13-0" NvrExecPrefix="game.TakeAllChess.java" OnceExecutedId="L13-1" OnceExecutedPrefix="game.TakeAllChess.java" OptBodyExec="true">
<StmntSeq Intrnl_Id="2554">
<LocList>
<Loc EndOffset="16395" SrcFileId="5" StartOffset="16253"/>
</LocList>
<CondStmnt CovItemId="S247" CovItemPrefix="game.TakeAllChess.java" Intrnl_Id="2555">
<Branch CovItemId="B149" CovItemPrefix="game.TakeAllChess.java" Implct="false" Intrnl_Id="2556">
<Cond/>
<LocList>
<Loc EndOffset="16395" SrcFileId="5" StartOffset="16277"/>
</LocList>
<StmntSeq Intrnl_Id="2557">
<LocList>
<Loc EndOffset="16390" SrcFileId="5" StartOffset="16283"/>
</LocList>
<CondStmnt CovItemId="S248" CovItemPrefix="game.TakeAllChess.java" Intrnl_Id="2558">
<Branch CovItemId="B151" CovItemPrefix="game.TakeAllChess.java" Implct="false" Intrnl_Id="2559">
<Cond/>
<LocList>
<Loc EndOffset="16390" SrcFileId="5" StartOffset="16360"/>
</LocList>
<StmntSeq Intrnl_Id="2560">
<LocList>
<Loc EndOffset="16384" SrcFileId="5" StartOffset="16367"/>
</LocList>
<BasicStmnt CovItemId="S249" CovItemPrefix="game.TakeAllChess.java" Intrnl_Id="2561">
<LocList>
<Loc EndOffset="16384" SrcFileId="5" StartOffset="16367"/>
</LocList>
</BasicStmnt>
</StmntSeq>
</Branch>
<Branch CovItemId="B152" CovItemPrefix="game.TakeAllChess.java" Implct="true" Intrnl_Id="2562">
<Cond/>
<LocList/>
<StmntSeq Intrnl_Id="2563">
<LocList/>
</StmntSeq>
</Branch>
<Keyword EndOffset="16285" SrcFileId="5" StartOffset="16283"/>
<LocList>
<Loc EndOffset="16390" SrcFileId="5" StartOffset="16283"/>
</LocList>
<RootTerm CovItemId="C83" CovItemPrefix="game.TakeAllChess.java" Intrnl_Id="2564">
<OpTerm BooleanOpId="23" Intrnl_Id="2565">
<BasicBoolTerm Intrnl_Id="2566">
<LocList>
<Loc EndOffset="16322" SrcFileId="5" StartOffset="16287"/>
</LocList>
</BasicBoolTerm>
<BasicBoolTerm Intrnl_Id="2567">
<LocList>
<Loc EndOffset="16358" SrcFileId="5" StartOffset="16326"/>
</LocList>
</BasicBoolTerm>
<LocList>
<Loc EndOffset="16325" SrcFileId="5" StartOffset="16323"/>
</LocList>
</OpTerm>
</RootTerm>
</CondStmnt>
</StmntSeq>
</Branch>
<Branch CovItemId="B150" CovItemPrefix="game.TakeAllChess.java" Implct="true" Intrnl_Id="2568">
<Cond/>
<LocList/>
<StmntSeq Intrnl_Id="2569">
<LocList/>
</StmntSeq>
</Branch>
<Keyword EndOffset="16255" SrcFileId="5" StartOffset="16253"/>
<LocList>
<Loc EndOffset="16395" SrcFileId="5" StartOffset="16253"/>
</LocList>
<RootTerm CovItemId="C82" CovItemPrefix="game.TakeAllChess.java" Intrnl_Id="2570">
<BasicBoolTerm Intrnl_Id="2571">
<LocList>
<Loc EndOffset="16275" SrcFileId="5" StartOffset="16257"/>
</LocList>
</BasicBoolTerm>
</RootTerm>
</CondStmnt>
</StmntSeq>
<Keyword EndOffset="16216" SrcFileId="5" StartOffset="16213"/>
<LocList>
<Loc EndOffset="16399" SrcFileId="5" StartOffset="16213"/>
</LocList>
</LoopStmnt>
<CondStmnt CovItemId="S250" CovItemPrefix="game.TakeAllChess.java" Intrnl_Id="2572">
<Branch CovItemId="B153" CovItemPrefix="game.TakeAllChess.java" Implct="false" Intrnl_Id="2573">
<Cond/>
<LocList>
<Loc EndOffset="16491" SrcFileId="5" StartOffset="16474"/>
</LocList>
<StmntSeq Intrnl_Id="2574">
<LocList>
<Loc EndOffset="16489" SrcFileId="5" StartOffset="16476"/>
</LocList>
<BasicStmnt CovItemId="S251" CovItemPrefix="game.TakeAllChess.java" Intrnl_Id="2575">
<LocList>
<Loc EndOffset="16489" SrcFileId="5" StartOffset="16476"/>
</LocList>
</BasicStmnt>
</StmntSeq>
</Branch>
<Branch CovItemId="B154" CovItemPrefix="game.TakeAllChess.java" Implct="true" Intrnl_Id="2576">
<Cond/>
<LocList/>
<StmntSeq Intrnl_Id="2577">
<LocList/>
</StmntSeq>
</Branch>
<Keyword EndOffset="16453" SrcFileId="5" StartOffset="16451"/>
<LocList>
<Loc EndOffset="16491" SrcFileId="5" StartOffset="16451"/>
</LocList>
<RootTerm CovItemId="C84" CovItemPrefix="game.TakeAllChess.java" Intrnl_Id="2578">
<BasicBoolTerm Intrnl_Id="2579">
<LocList>
<Loc EndOffset="16472" SrcFileId="5" StartOffset="16455"/>
</LocList>
</BasicBoolTerm>
</RootTerm>
</CondStmnt>
<LoopStmnt CovItemId="S252" CovItemPrefix="game.TakeAllChess.java" Intrnl_Id="2580" MltplExecId="L14-2" MltplExecPrefix="game.TakeAllChess.java" NvrExecId="L14-0" NvrExecPrefix="game.TakeAllChess.java" OnceExecutedId="L14-1" OnceExecutedPrefix="game.TakeAllChess.java" OptBodyExec="true">
<StmntSeq Intrnl_Id="2581">
<LocList>
<Loc EndOffset="17754" SrcFileId="5" StartOffset="16691"/>
</LocList>
<CondStmnt CovItemId="S253" CovItemPrefix="game.TakeAllChess.java" Intrnl_Id="2582">
<Branch CovItemId="B155" CovItemPrefix="game.TakeAllChess.java" Implct="false" Intrnl_Id="2583">
<Cond/>
<LocList>
<Loc EndOffset="17754" SrcFileId="5" StartOffset="16715"/>
</LocList>
<StmntSeq Intrnl_Id="2584">
<LocList>
<Loc EndOffset="17749" SrcFileId="5" StartOffset="16721"/>
</LocList>
<CondStmnt CovItemId="S254" CovItemPrefix="game.TakeAllChess.java" Intrnl_Id="2585">
<Branch CovItemId="B157" CovItemPrefix="game.TakeAllChess.java" Implct="false" Intrnl_Id="2586">
<Cond/>
<LocList>
<Loc EndOffset="17749" SrcFileId="5" StartOffset="16759"/>
</LocList>
<StmntSeq Intrnl_Id="2587">
<LocList>
<Loc EndOffset="16821" SrcFileId="5" StartOffset="16794"/>
<Loc EndOffset="16868" SrcFileId="5" StartOffset="16827"/>
<Loc EndOffset="16904" SrcFileId="5" StartOffset="16874"/>
<Loc EndOffset="16943" SrcFileId="5" StartOffset="16910"/>
<Loc EndOffset="16977" SrcFileId="5" StartOffset="16949"/>
<Loc EndOffset="17008" SrcFileId="5" StartOffset="16984"/>
<Loc EndOffset="17697" SrcFileId="5" StartOffset="17014"/>
<Loc EndOffset="17743" SrcFileId="5" StartOffset="17703"/>
</LocList>
<BasicStmnt CovItemId="S255" CovItemPrefix="game.TakeAllChess.java" Intrnl_Id="2588">
<LocList>
<Loc EndOffset="16821" SrcFileId="5" StartOffset="16794"/>
</LocList>
</BasicStmnt>
<BasicStmnt CovItemId="S256" CovItemPrefix="game.TakeAllChess.java" Intrnl_Id="2589">
<LocList>
<Loc EndOffset="16868" SrcFileId="5" StartOffset="16827"/>
</LocList>
</BasicStmnt>
<BasicStmnt CovItemId="S257" CovItemPrefix="game.TakeAllChess.java" Intrnl_Id="2590">
<LocList>
<Loc EndOffset="16904" SrcFileId="5" StartOffset="16874"/>
</LocList>
</BasicStmnt>
<BasicStmnt CovItemId="S258" CovItemPrefix="game.TakeAllChess.java" Intrnl_Id="2591">
<LocList>
<Loc EndOffset="16943" SrcFileId="5" StartOffset="16910"/>
</LocList>
</BasicStmnt>
<BasicStmnt CovItemId="S259" CovItemPrefix="game.TakeAllChess.java" Intrnl_Id="2592">
<LocList>
<Loc EndOffset="16977" SrcFileId="5" StartOffset="16949"/>
</LocList>
</BasicStmnt>
<BasicStmnt CovItemId="S260" CovItemPrefix="game.TakeAllChess.java" Intrnl_Id="2593">
<LocList>
<Loc EndOffset="17008" SrcFileId="5" StartOffset="16984"/>
</LocList>
</BasicStmnt>
<CondStmnt CovItemId="S261" CovItemPrefix="game.TakeAllChess.java" Intrnl_Id="2594">
<Branch CovItemId="B159" CovItemPrefix="game.TakeAllChess.java" Implct="false" Intrnl_Id="2595">
<Cond/>
<LocList>
<Loc EndOffset="17117" SrcFileId="5" StartOffset="17058"/>
</LocList>
<StmntSeq Intrnl_Id="2596">
<LocList>
<Loc EndOffset="17110" SrcFileId="5" StartOffset="17066"/>
</LocList>
<BasicStmnt CovItemId="S262" CovItemPrefix="game.TakeAllChess.java" Intrnl_Id="2597">
<LocList>
<Loc EndOffset="17110" SrcFileId="5" StartOffset="17066"/>
</LocList>
</BasicStmnt>
</StmntSeq>
</Branch>
<Branch CovItemId="B160" CovItemPrefix="game.TakeAllChess.java" Implct="false" Intrnl_Id="2598">
<Cond>
<Loc EndOffset="17127" SrcFileId="5" StartOffset="17123"/>
</Cond>
<LocList>
<Loc EndOffset="17697" SrcFileId="5" StartOffset="17128"/>
</LocList>
<StmntSeq Intrnl_Id="2599">
<LocList>
<Loc EndOffset="17697" SrcFileId="5" StartOffset="17128"/>
</LocList>
<CondStmnt CovItemId="S263" CovItemPrefix="game.TakeAllChess.java" Intrnl_Id="2600">
<Branch CovItemId="B161" CovItemPrefix="game.TakeAllChess.java" Implct="false" Intrnl_Id="2601">
<Cond/>
<LocList>
<Loc EndOffset="17235" SrcFileId="5" StartOffset="17174"/>
</LocList>
<StmntSeq Intrnl_Id="2602">
<LocList>
<Loc EndOffset="17228" SrcFileId="5" StartOffset="17182"/>
</LocList>
<BasicStmnt CovItemId="S264" CovItemPrefix="game.TakeAllChess.java" Intrnl_Id="2603">
<LocList>
<Loc EndOffset="17228" SrcFileId="5" StartOffset="17182"/>
</LocList>
</BasicStmnt>
</StmntSeq>
</Branch>
<Branch CovItemId="B162" CovItemPrefix="game.TakeAllChess.java" Implct="false" Intrnl_Id="2604">
<Cond>
<Loc EndOffset="17245" SrcFileId="5" StartOffset="17241"/>
</Cond>
<LocList>
<Loc EndOffset="17697" SrcFileId="5" StartOffset="17246"/>
</LocList>
<StmntSeq Intrnl_Id="2605">
<LocList>
<Loc EndOffset="17697" SrcFileId="5" StartOffset="17246"/>
</LocList>
<CondStmnt CovItemId="S265" CovItemPrefix="game.TakeAllChess.java" Intrnl_Id="2606">
<Branch CovItemId="B163" CovItemPrefix="game.TakeAllChess.java" Implct="false" Intrnl_Id="2607">
<Cond/>
<LocList>
<Loc EndOffset="17351" SrcFileId="5" StartOffset="17291"/>
</LocList>
<StmntSeq Intrnl_Id="2608">
<LocList>
<Loc EndOffset="17344" SrcFileId="5" StartOffset="17299"/>
</LocList>
<BasicStmnt CovItemId="S266" CovItemPrefix="game.TakeAllChess.java" Intrnl_Id="2609">
<LocList>
<Loc EndOffset="17344" SrcFileId="5" StartOffset="17299"/>
</LocList>
</BasicStmnt>
</StmntSeq>
</Branch>
<Branch CovItemId="B164" CovItemPrefix="game.TakeAllChess.java" Implct="false" Intrnl_Id="2610">
<Cond>
<Loc EndOffset="17361" SrcFileId="5" StartOffset="17357"/>
</Cond>
<LocList>
<Loc EndOffset="17697" SrcFileId="5" StartOffset="17362"/>
</LocList>
<StmntSeq Intrnl_Id="2611">
<LocList>
<Loc EndOffset="17697" SrcFileId="5" StartOffset="17362"/>
</LocList>
<CondStmnt CovItemId="S267" CovItemPrefix="game.TakeAllChess.java" Intrnl_Id="2612">
<Branch CovItemId="B165" CovItemPrefix="game.TakeAllChess.java" Implct="false" Intrnl_Id="2613">
<Cond/>
<LocList>
<Loc EndOffset="17465" SrcFileId="5" StartOffset="17406"/>
</LocList>
<StmntSeq Intrnl_Id="2614">
<LocList>
<Loc EndOffset="17458" SrcFileId="5" StartOffset="17414"/>
</LocList>
<BasicStmnt CovItemId="S268" CovItemPrefix="game.TakeAllChess.java" Intrnl_Id="2615">
<LocList>
<Loc EndOffset="17458" SrcFileId="5" StartOffset="17414"/>
</LocList>
</BasicStmnt>
</StmntSeq>
</Branch>
<Branch CovItemId="B166" CovItemPrefix="game.TakeAllChess.java" Implct="false" Intrnl_Id="2616">
<Cond>
<Loc EndOffset="17475" SrcFileId="5" StartOffset="17471"/>
</Cond>
<LocList>
<Loc EndOffset="17697" SrcFileId="5" StartOffset="17476"/>
</LocList>
<StmntSeq Intrnl_Id="2617">
<LocList>
<Loc EndOffset="17697" SrcFileId="5" StartOffset="17476"/>
</LocList>
<CondStmnt CovItemId="S269" CovItemPrefix="game.TakeAllChess.java" Intrnl_Id="2618">
<Branch CovItemId="B167" CovItemPrefix="game.TakeAllChess.java" Implct="false" Intrnl_Id="2619">
<Cond/>
<LocList>
<Loc EndOffset="17583" SrcFileId="5" StartOffset="17522"/>
</LocList>
<StmntSeq Intrnl_Id="2620">
<LocList>
<Loc EndOffset="17576" SrcFileId="5" StartOffset="17530"/>
</LocList>
<BasicStmnt CovItemId="S270" CovItemPrefix="game.TakeAllChess.java" Intrnl_Id="2621">
<LocList>
<Loc EndOffset="17576" SrcFileId="5" StartOffset="17530"/>
</LocList>
</BasicStmnt>
</StmntSeq>
</Branch>
<Branch CovItemId="B168" CovItemPrefix="game.TakeAllChess.java" Implct="false" Intrnl_Id="2622">
<Cond>
<Loc EndOffset="17593" SrcFileId="5" StartOffset="17589"/>
</Cond>
<LocList>
<Loc EndOffset="17697" SrcFileId="5" StartOffset="17594"/>
</LocList>
<StmntSeq Intrnl_Id="2623">
<LocList>
<Loc EndOffset="17697" SrcFileId="5" StartOffset="17594"/>
</LocList>
<CondStmnt CovItemId="S271" CovItemPrefix="game.TakeAllChess.java" Intrnl_Id="2624">
<Branch CovItemId="B169" CovItemPrefix="game.TakeAllChess.java" Implct="false" Intrnl_Id="2625">
<Cond/>
<LocList>
<Loc EndOffset="17697" SrcFileId="5" StartOffset="17638"/>
</LocList>
<StmntSeq Intrnl_Id="2626">
<LocList>
<Loc EndOffset="17690" SrcFileId="5" StartOffset="17646"/>
</LocList>
<BasicStmnt CovItemId="S272" CovItemPrefix="game.TakeAllChess.java" Intrnl_Id="2627">
<LocList>
<Loc EndOffset="17690" SrcFileId="5" StartOffset="17646"/>
</LocList>
</BasicStmnt>
</StmntSeq>
</Branch>
<Branch CovItemId="B170" CovItemPrefix="game.TakeAllChess.java" Implct="true" Intrnl_Id="2628">
<Cond/>
<LocList/>
<StmntSeq Intrnl_Id="2629">
<LocList/>
</StmntSeq>
</Branch>
<Keyword EndOffset="17596" SrcFileId="5" StartOffset="17594"/>
<LocList>
<Loc EndOffset="17697" SrcFileId="5" StartOffset="17594"/>
</LocList>
<RootTerm CovItemId="C92" CovItemPrefix="game.TakeAllChess.java" Intrnl_Id="2630">
<BasicBoolTerm Intrnl_Id="2631">
<LocList>
<Loc EndOffset="17636" SrcFileId="5" StartOffset="17597"/>
</LocList>
</BasicBoolTerm>
</RootTerm>
</CondStmnt>
</StmntSeq>
</Branch>
<Keyword EndOffset="17478" SrcFileId="5" StartOffset="17476"/>
<LocList>
<Loc EndOffset="17697" SrcFileId="5" StartOffset="17476"/>
</LocList>
<RootTerm CovItemId="C91" CovItemPrefix="game.TakeAllChess.java" Intrnl_Id="2632">
<BasicBoolTerm Intrnl_Id="2633">
<LocList>
<Loc EndOffset="17520" SrcFileId="5" StartOffset="17479"/>
</LocList>
</BasicBoolTerm>
</RootTerm>
</CondStmnt>
</StmntSeq>
</Branch>
<Keyword EndOffset="17364" SrcFileId="5" StartOffset="17362"/>
<LocList>
<Loc EndOffset="17697" SrcFileId="5" StartOffset="17362"/>
</LocList>
<RootTerm CovItemId="C90" CovItemPrefix="game.TakeAllChess.java" Intrnl_Id="2634">
<BasicBoolTerm Intrnl_Id="2635">
<LocList>
<Loc EndOffset="17404" SrcFileId="5" StartOffset="17365"/>
</LocList>
</BasicBoolTerm>
</RootTerm>
</CondStmnt>
</StmntSeq>
</Branch>
<Keyword EndOffset="17248" SrcFileId="5" StartOffset="17246"/>
<LocList>
<Loc EndOffset="17697" SrcFileId="5" StartOffset="17246"/>
</LocList>
<RootTerm CovItemId="C89" CovItemPrefix="game.TakeAllChess.java" Intrnl_Id="2636">
<BasicBoolTerm Intrnl_Id="2637">
<LocList>
<Loc EndOffset="17289" SrcFileId="5" StartOffset="17249"/>
</LocList>
</BasicBoolTerm>
</RootTerm>
</CondStmnt>
</StmntSeq>
</Branch>
<Keyword EndOffset="17130" SrcFileId="5" StartOffset="17128"/>
<LocList>
<Loc EndOffset="17697" SrcFileId="5" StartOffset="17128"/>
</LocList>
<RootTerm CovItemId="C88" CovItemPrefix="game.TakeAllChess.java" Intrnl_Id="2638">
<BasicBoolTerm Intrnl_Id="2639">
<LocList>
<Loc EndOffset="17172" SrcFileId="5" StartOffset="17131"/>
</LocList>
</BasicBoolTerm>
</RootTerm>
</CondStmnt>
</StmntSeq>
</Branch>
<Keyword EndOffset="17016" SrcFileId="5" StartOffset="17014"/>
<LocList>
<Loc EndOffset="17697" SrcFileId="5" StartOffset="17014"/>
</LocList>
<RootTerm CovItemId="C87" CovItemPrefix="game.TakeAllChess.java" Intrnl_Id="2640">
<BasicBoolTerm Intrnl_Id="2641">
<LocList>
<Loc EndOffset="17056" SrcFileId="5" StartOffset="17017"/>
</LocList>
</BasicBoolTerm>
</RootTerm>
</CondStmnt>
<CondStmnt CovItemId="S273" CovItemPrefix="game.TakeAllChess.java" Intrnl_Id="2642">
<Branch CovItemId="B171" CovItemPrefix="game.TakeAllChess.java" Implct="false" Intrnl_Id="2643">
<Cond/>
<LocList>
<Loc EndOffset="17743" SrcFileId="5" StartOffset="17716"/>
</LocList>
<StmntSeq Intrnl_Id="2644">
<LocList>
<Loc EndOffset="17736" SrcFileId="5" StartOffset="17724"/>
</LocList>
<BasicStmnt CovItemId="S274" CovItemPrefix="game.TakeAllChess.java" Intrnl_Id="2645">
<LocList>
<Loc EndOffset="17736" SrcFileId="5" StartOffset="17724"/>
</LocList>
</BasicStmnt>
</StmntSeq>
</Branch>
<Branch CovItemId="B172" CovItemPrefix="game.TakeAllChess.java" Implct="true" Intrnl_Id="2646">
<Cond/>
<LocList/>
<StmntSeq Intrnl_Id="2647">
<LocList/>
</StmntSeq>
</Branch>
<Keyword EndOffset="17705" SrcFileId="5" StartOffset="17703"/>
<LocList>
<Loc EndOffset="17743" SrcFileId="5" StartOffset="17703"/>
</LocList>
<RootTerm CovItemId="C93" CovItemPrefix="game.TakeAllChess.java" Intrnl_Id="2648">
<BasicBoolTerm Intrnl_Id="2649">
<LocList>
<Loc EndOffset="17714" SrcFileId="5" StartOffset="17707"/>
</LocList>
</BasicBoolTerm>
</RootTerm>
</CondStmnt>
</StmntSeq>
</Branch>
<Branch CovItemId="B158" CovItemPrefix="game.TakeAllChess.java" Implct="true" Intrnl_Id="2650">
<Cond/>
<LocList/>
<StmntSeq Intrnl_Id="2651">
<LocList/>
</StmntSeq>
</Branch>
<Keyword EndOffset="16723" SrcFileId="5" StartOffset="16721"/>
<LocList>
<Loc EndOffset="17749" SrcFileId="5" StartOffset="16721"/>
</LocList>
<RootTerm CovItemId="C86" CovItemPrefix="game.TakeAllChess.java" Intrnl_Id="2652">
<BasicBoolTerm Intrnl_Id="2653">
<LocList>
<Loc EndOffset="16757" SrcFileId="5" StartOffset="16725"/>
</LocList>
</BasicBoolTerm>
</RootTerm>
</CondStmnt>
</StmntSeq>
</Branch>
<Branch CovItemId="B156" CovItemPrefix="game.TakeAllChess.java" Implct="true" Intrnl_Id="2654">
<Cond/>
<LocList/>
<StmntSeq Intrnl_Id="2655">
<LocList/>
</StmntSeq>
</Branch>
<Keyword EndOffset="16693" SrcFileId="5" StartOffset="16691"/>
<LocList>
<Loc EndOffset="17754" SrcFileId="5" StartOffset="16691"/>
</LocList>
<RootTerm CovItemId="C85" CovItemPrefix="game.TakeAllChess.java" Intrnl_Id="2656">
<BasicBoolTerm Intrnl_Id="2657">
<LocList>
<Loc EndOffset="16713" SrcFileId="5" StartOffset="16695"/>
</LocList>
</BasicBoolTerm>
</RootTerm>
</CondStmnt>
</StmntSeq>
<Keyword EndOffset="16653" SrcFileId="5" StartOffset="16650"/>
<LocList>
<Loc EndOffset="17758" SrcFileId="5" StartOffset="16650"/>
</LocList>
</LoopStmnt>
<BasicStmnt CovItemId="S275" CovItemPrefix="game.TakeAllChess.java" Intrnl_Id="2658">
<LocList>
<Loc EndOffset="17775" SrcFileId="5" StartOffset="17762"/>
</LocList>
</BasicStmnt>
</StmntSeq>
</HierarchyLvl>
<HierarchyLvl HierarchyLvlId="1053" HierarchyLvlTypeId="27" Intrnl_Id="2659" Name="checkForStalemate">
<Header>
<Loc EndOffset="17939" SrcFileId="5" StartOffset="17873"/>
</Header>
<LocList>
<Loc EndOffset="20123" SrcFileId="5" StartOffset="17873"/>
</LocList>
<StmntSeq Intrnl_Id="2660">
<LocList>
<Loc EndOffset="18060" SrcFileId="5" StartOffset="18039"/>
<Loc EndOffset="19148" SrcFileId="5" StartOffset="18064"/>
<Loc EndOffset="19312" SrcFileId="5" StartOffset="19208"/>
<Loc EndOffset="19450" SrcFileId="5" StartOffset="19425"/>
<Loc EndOffset="19488" SrcFileId="5" StartOffset="19453"/>
<Loc EndOffset="19523" SrcFileId="5" StartOffset="19491"/>
<Loc EndOffset="19556" SrcFileId="5" StartOffset="19526"/>
<Loc EndOffset="20104" SrcFileId="5" StartOffset="19560"/>
<Loc EndOffset="20120" SrcFileId="5" StartOffset="20108"/>
</LocList>
<BasicStmnt CovItemId="S276" CovItemPrefix="game.TakeAllChess.java" Intrnl_Id="2661">
<LocList>
<Loc EndOffset="18060" SrcFileId="5" StartOffset="18039"/>
</LocList>
</BasicStmnt>
<LoopStmnt CovItemId="S277" CovItemPrefix="game.TakeAllChess.java" Intrnl_Id="2662" MltplExecId="L15-2" MltplExecPrefix="game.TakeAllChess.java" NvrExecId="L15-0" NvrExecPrefix="game.TakeAllChess.java" OnceExecutedId="L15-1" OnceExecutedPrefix="game.TakeAllChess.java" OptBodyExec="true">
<StmntSeq Intrnl_Id="2663">
<LocList>
<Loc EndOffset="19144" SrcFileId="5" StartOffset="18105"/>
</LocList>
<CondStmnt CovItemId="S278" CovItemPrefix="game.TakeAllChess.java" Intrnl_Id="2664">
<Branch CovItemId="B173" CovItemPrefix="game.TakeAllChess.java" Implct="false" Intrnl_Id="2665">
<Cond/>
<LocList>
<Loc EndOffset="19144" SrcFileId="5" StartOffset="18129"/>
</LocList>
<StmntSeq Intrnl_Id="2666">
<LocList>
<Loc EndOffset="19139" SrcFileId="5" StartOffset="18135"/>
</LocList>
<CondStmnt CovItemId="S279" CovItemPrefix="game.TakeAllChess.java" Intrnl_Id="2667">
<Branch CovItemId="B175" CovItemPrefix="game.TakeAllChess.java" Implct="false" Intrnl_Id="2668">
<Cond/>
<LocList>
<Loc EndOffset="19139" SrcFileId="5" StartOffset="18173"/>
</LocList>
<StmntSeq Intrnl_Id="2669">
<LocList>
<Loc EndOffset="18205" SrcFileId="5" StartOffset="18180"/>
<Loc EndOffset="18250" SrcFileId="5" StartOffset="18211"/>
<Loc EndOffset="18284" SrcFileId="5" StartOffset="18256"/>
<Loc EndOffset="18316" SrcFileId="5" StartOffset="18290"/>
<Loc EndOffset="18393" SrcFileId="5" StartOffset="18322"/>
<Loc EndOffset="19133" SrcFileId="5" StartOffset="18399"/>
</LocList>
<BasicStmnt CovItemId="S280" CovItemPrefix="game.TakeAllChess.java" Intrnl_Id="2670">
<LocList>
<Loc EndOffset="18205" SrcFileId="5" StartOffset="18180"/>
</LocList>
</BasicStmnt>
<BasicStmnt CovItemId="S281" CovItemPrefix="game.TakeAllChess.java" Intrnl_Id="2671">
<LocList>
<Loc EndOffset="18250" SrcFileId="5" StartOffset="18211"/>
</LocList>
</BasicStmnt>
<BasicStmnt CovItemId="S282" CovItemPrefix="game.TakeAllChess.java" Intrnl_Id="2672">
<LocList>
<Loc EndOffset="18284" SrcFileId="5" StartOffset="18256"/>
</LocList>
</BasicStmnt>
<BasicStmnt CovItemId="S283" CovItemPrefix="game.TakeAllChess.java" Intrnl_Id="2673">
<LocList>
<Loc EndOffset="18316" SrcFileId="5" StartOffset="18290"/>
</LocList>
</BasicStmnt>
<CondStmnt CovItemId="S284" CovItemPrefix="game.TakeAllChess.java" Intrnl_Id="2674">
<Branch CovItemId="B177" CovItemPrefix="game.TakeAllChess.java" Implct="false" Intrnl_Id="2675">
<Cond/>
<LocList>
<Loc EndOffset="18393" SrcFileId="5" StartOffset="18362"/>
</LocList>
<StmntSeq Intrnl_Id="2676">
<LocList>
<Loc EndOffset="18386" SrcFileId="5" StartOffset="18370"/>
</LocList>
<BasicStmnt CovItemId="S285" CovItemPrefix="game.TakeAllChess.java" Intrnl_Id="2677">
<LocList>
<Loc EndOffset="18386" SrcFileId="5" StartOffset="18370"/>
</LocList>
</BasicStmnt>
</StmntSeq>
</Branch>
<Branch CovItemId="B178" CovItemPrefix="game.TakeAllChess.java" Implct="true" Intrnl_Id="2678">
<Cond/>
<LocList/>
<StmntSeq Intrnl_Id="2679">
<LocList/>
</StmntSeq>
</Branch>
<Keyword EndOffset="18324" SrcFileId="5" StartOffset="18322"/>
<LocList>
<Loc EndOffset="18393" SrcFileId="5" StartOffset="18322"/>
</LocList>
<RootTerm CovItemId="C96" CovItemPrefix="game.TakeAllChess.java" Intrnl_Id="2680">
<BasicBoolTerm Intrnl_Id="2681">
<LocList>
<Loc EndOffset="18360" SrcFileId="5" StartOffset="18325"/>
</LocList>
</BasicBoolTerm>
</RootTerm>
</CondStmnt>
<LoopStmnt CovItemId="S286" CovItemPrefix="game.TakeAllChess.java" Intrnl_Id="2682" MltplExecId="L16-2" MltplExecPrefix="game.TakeAllChess.java" NvrExecId="L16-0" NvrExecPrefix="game.TakeAllChess.java" OnceExecutedId="L16-1" OnceExecutedPrefix="game.TakeAllChess.java" OptBodyExec="true">
<StmntSeq Intrnl_Id="2683">
<LocList>
<Loc EndOffset="18475" SrcFileId="5" StartOffset="18446"/>
<Loc EndOffset="18506" SrcFileId="5" StartOffset="18482"/>
<Loc EndOffset="19076" SrcFileId="5" StartOffset="18513"/>
<Loc EndOffset="19126" SrcFileId="5" StartOffset="19083"/>
</LocList>
<BasicStmnt CovItemId="S287" CovItemPrefix="game.TakeAllChess.java" Intrnl_Id="2684">
<LocList>
<Loc EndOffset="18475" SrcFileId="5" StartOffset="18446"/>
</LocList>
</BasicStmnt>
<BasicStmnt CovItemId="S288" CovItemPrefix="game.TakeAllChess.java" Intrnl_Id="2685">
<LocList>
<Loc EndOffset="18506" SrcFileId="5" StartOffset="18482"/>
</LocList>
</BasicStmnt>
<CondStmnt CovItemId="S289" CovItemPrefix="game.TakeAllChess.java" Intrnl_Id="2686">
<Branch CovItemId="B179" CovItemPrefix="game.TakeAllChess.java" Implct="false" Intrnl_Id="2687">
<Cond/>
<LocList>
<Loc EndOffset="18614" SrcFileId="5" StartOffset="18555"/>
</LocList>
<StmntSeq Intrnl_Id="2688">
<LocList>
<Loc EndOffset="18606" SrcFileId="5" StartOffset="18564"/>
</LocList>
<BasicStmnt CovItemId="S290" CovItemPrefix="game.TakeAllChess.java" Intrnl_Id="2689">
<LocList>
<Loc EndOffset="18606" SrcFileId="5" StartOffset="18564"/>
</LocList>
</BasicStmnt>
</StmntSeq>
</Branch>
<Branch CovItemId="B180" CovItemPrefix="game.TakeAllChess.java" Implct="false" Intrnl_Id="2690">
<Cond>
<Loc EndOffset="18625" SrcFileId="5" StartOffset="18621"/>
</Cond>
<LocList>
<Loc EndOffset="19076" SrcFileId="5" StartOffset="18626"/>
</LocList>
<StmntSeq Intrnl_Id="2691">
<LocList>
<Loc EndOffset="19076" SrcFileId="5" StartOffset="18626"/>
</LocList>
<CondStmnt CovItemId="S291" CovItemPrefix="game.TakeAllChess.java" Intrnl_Id="2692">
<Branch CovItemId="B181" CovItemPrefix="game.TakeAllChess.java" Implct="false" Intrnl_Id="2693">
<Cond/>
<LocList>
<Loc EndOffset="18731" SrcFileId="5" StartOffset="18670"/>
</LocList>
<StmntSeq Intrnl_Id="2694">
<LocList>
<Loc EndOffset="18723" SrcFileId="5" StartOffset="18679"/>
</LocList>
<BasicStmnt CovItemId="S292" CovItemPrefix="game.TakeAllChess.java" Intrnl_Id="2695">
<LocList>
<Loc EndOffset="18723" SrcFileId="5" StartOffset="18679"/>
</LocList>
</BasicStmnt>
</StmntSeq>
</Branch>
<Branch CovItemId="B182" CovItemPrefix="game.TakeAllChess.java" Implct="false" Intrnl_Id="2696">
<Cond>
<Loc EndOffset="18742" SrcFileId="5" StartOffset="18738"/>
</Cond>
<LocList>
<Loc EndOffset="19076" SrcFileId="5" StartOffset="18743"/>
</LocList>
<StmntSeq Intrnl_Id="2697">
<LocList>
<Loc EndOffset="19076" SrcFileId="5" StartOffset="18743"/>
</LocList>
<CondStmnt CovItemId="S293" CovItemPrefix="game.TakeAllChess.java" Intrnl_Id="2698">
<Branch CovItemId="B183" CovItemPrefix="game.TakeAllChess.java" Implct="false" Intrnl_Id="2699">
<Cond/>
<LocList>
<Loc EndOffset="18846" SrcFileId="5" StartOffset="18786"/>
</LocList>
<StmntSeq Intrnl_Id="2700">
<LocList>
<Loc EndOffset="18838" SrcFileId="5" StartOffset="18795"/>
</LocList>
<BasicStmnt CovItemId="S294" CovItemPrefix="game.TakeAllChess.java" Intrnl_Id="2701">
<LocList>
<Loc EndOffset="18838" SrcFileId="5" StartOffset="18795"/>
</LocList>
</BasicStmnt>
</StmntSeq>
</Branch>
<Branch CovItemId="B184" CovItemPrefix="game.TakeAllChess.java" Implct="false" Intrnl_Id="2702">
<Cond>
<Loc EndOffset="18857" SrcFileId="5" StartOffset="18853"/>
</Cond>
<LocList>
<Loc EndOffset="19076" SrcFileId="5" StartOffset="18858"/>
</LocList>
<StmntSeq Intrnl_Id="2703">
<LocList>
<Loc EndOffset="19076" SrcFileId="5" StartOffset="18858"/>
</LocList>
<CondStmnt CovItemId="S295" CovItemPrefix="game.TakeAllChess.java" Intrnl_Id="2704">
<Branch CovItemId="B185" CovItemPrefix="game.TakeAllChess.java" Implct="false" Intrnl_Id="2705">
<Cond/>
<LocList>
<Loc EndOffset="18959" SrcFileId="5" StartOffset="18900"/>
</LocList>
<StmntSeq Intrnl_Id="2706">
<LocList>
<Loc EndOffset="18951" SrcFileId="5" StartOffset="18909"/>
</LocList>
<BasicStmnt CovItemId="S296" CovItemPrefix="game.TakeAllChess.java" Intrnl_Id="2707">
<LocList>
<Loc EndOffset="18951" SrcFileId="5" StartOffset="18909"/>
</LocList>
</BasicStmnt>
</StmntSeq>
</Branch>
<Branch CovItemId="B186" CovItemPrefix="game.TakeAllChess.java" Implct="false" Intrnl_Id="2708">
<Cond>
<Loc EndOffset="18970" SrcFileId="5" StartOffset="18966"/>
</Cond>
<LocList>
<Loc EndOffset="19076" SrcFileId="5" StartOffset="18971"/>
</LocList>
<StmntSeq Intrnl_Id="2709">
<LocList>
<Loc EndOffset="19076" SrcFileId="5" StartOffset="18971"/>
</LocList>
<CondStmnt CovItemId="S297" CovItemPrefix="game.TakeAllChess.java" Intrnl_Id="2710">
<Branch CovItemId="B187" CovItemPrefix="game.TakeAllChess.java" Implct="false" Intrnl_Id="2711">
<Cond/>
<LocList>
<Loc EndOffset="19076" SrcFileId="5" StartOffset="19015"/>
</LocList>
<StmntSeq Intrnl_Id="2712">
<LocList>
<Loc EndOffset="19068" SrcFileId="5" StartOffset="19024"/>
</LocList>
<BasicStmnt CovItemId="S298" CovItemPrefix="game.TakeAllChess.java" Intrnl_Id="2713">
<LocList>
<Loc EndOffset="19068" SrcFileId="5" StartOffset="19024"/>
</LocList>
</BasicStmnt>
</StmntSeq>
</Branch>
<Branch CovItemId="B188" CovItemPrefix="game.TakeAllChess.java" Implct="true" Intrnl_Id="2714">
<Cond/>
<LocList/>
<StmntSeq Intrnl_Id="2715">
<LocList/>
</StmntSeq>
</Branch>
<Keyword EndOffset="18973" SrcFileId="5" StartOffset="18971"/>
<LocList>
<Loc EndOffset="19076" SrcFileId="5" StartOffset="18971"/>
</LocList>
<RootTerm CovItemId="C101" CovItemPrefix="game.TakeAllChess.java" Intrnl_Id="2716">
<BasicBoolTerm Intrnl_Id="2717">
<LocList>
<Loc EndOffset="19013" SrcFileId="5" StartOffset="18974"/>
</LocList>
</BasicBoolTerm>
</RootTerm>
</CondStmnt>
</StmntSeq>
</Branch>
<Keyword EndOffset="18860" SrcFileId="5" StartOffset="18858"/>
<LocList>
<Loc EndOffset="19076" SrcFileId="5" StartOffset="18858"/>
</LocList>
<RootTerm CovItemId="C100" CovItemPrefix="game.TakeAllChess.java" Intrnl_Id="2718">
<BasicBoolTerm Intrnl_Id="2719">
<LocList>
<Loc EndOffset="18898" SrcFileId="5" StartOffset="18861"/>
</LocList>
</BasicBoolTerm>
</RootTerm>
</CondStmnt>
</StmntSeq>
</Branch>
<Keyword EndOffset="18745" SrcFileId="5" StartOffset="18743"/>
<LocList>
<Loc EndOffset="19076" SrcFileId="5" StartOffset="18743"/>
</LocList>
<RootTerm CovItemId="C99" CovItemPrefix="game.TakeAllChess.java" Intrnl_Id="2720">
<BasicBoolTerm Intrnl_Id="2721">
<LocList>
<Loc EndOffset="18784" SrcFileId="5" StartOffset="18746"/>
</LocList>
</BasicBoolTerm>
</RootTerm>
</CondStmnt>
</StmntSeq>
</Branch>
<Keyword EndOffset="18628" SrcFileId="5" StartOffset="18626"/>
<LocList>
<Loc EndOffset="19076" SrcFileId="5" StartOffset="18626"/>
</LocList>
<RootTerm CovItemId="C98" CovItemPrefix="game.TakeAllChess.java" Intrnl_Id="2722">
<BasicBoolTerm Intrnl_Id="2723">
<LocList>
<Loc EndOffset="18668" SrcFileId="5" StartOffset="18629"/>
</LocList>
</BasicBoolTerm>
</RootTerm>
</CondStmnt>
</StmntSeq>
</Branch>
<Keyword EndOffset="18515" SrcFileId="5" StartOffset="18513"/>
<LocList>
<Loc EndOffset="19076" SrcFileId="5" StartOffset="18513"/>
</LocList>
<RootTerm CovItemId="C97" CovItemPrefix="game.TakeAllChess.java" Intrnl_Id="2724">
<BasicBoolTerm Intrnl_Id="2725">
<LocList>
<Loc EndOffset="18553" SrcFileId="5" StartOffset="18516"/>
</LocList>
</BasicBoolTerm>
</RootTerm>
</CondStmnt>
<CondStmnt CovItemId="S299" CovItemPrefix="game.TakeAllChess.java" Intrnl_Id="2726">
<Branch CovItemId="B189" CovItemPrefix="game.TakeAllChess.java" Implct="false" Intrnl_Id="2727">
<Cond/>
<LocList>
<Loc EndOffset="19126" SrcFileId="5" StartOffset="19096"/>
</LocList>
<StmntSeq Intrnl_Id="2728">
<LocList>
<Loc EndOffset="19118" SrcFileId="5" StartOffset="19105"/>
</LocList>
<BasicStmnt CovItemId="S300" CovItemPrefix="game.TakeAllChess.java" Intrnl_Id="2729">
<LocList>
<Loc EndOffset="19118" SrcFileId="5" StartOffset="19105"/>
</LocList>
</BasicStmnt>
</StmntSeq>
</Branch>
<Branch CovItemId="B190" CovItemPrefix="game.TakeAllChess.java" Implct="true" Intrnl_Id="2730">
<Cond/>
<LocList/>
<StmntSeq Intrnl_Id="2731">
<LocList/>
</StmntSeq>
</Branch>
<Keyword EndOffset="19085" SrcFileId="5" StartOffset="19083"/>
<LocList>
<Loc EndOffset="19126" SrcFileId="5" StartOffset="19083"/>
</LocList>
<RootTerm CovItemId="C102" CovItemPrefix="game.TakeAllChess.java" Intrnl_Id="2732">
<BasicBoolTerm Intrnl_Id="2733">
<LocList>
<Loc EndOffset="19094" SrcFileId="5" StartOffset="19087"/>
</LocList>
</BasicBoolTerm>
</RootTerm>
</CondStmnt>
</StmntSeq>
<Keyword EndOffset="18402" SrcFileId="5" StartOffset="18399"/>
<LocList>
<Loc EndOffset="19133" SrcFileId="5" StartOffset="18399"/>
</LocList>
</LoopStmnt>
</StmntSeq>
</Branch>
<Branch CovItemId="B176" CovItemPrefix="game.TakeAllChess.java" Implct="true" Intrnl_Id="2734">
<Cond/>
<LocList/>
<StmntSeq Intrnl_Id="2735">
<LocList/>
</StmntSeq>
</Branch>
<Keyword EndOffset="18137" SrcFileId="5" StartOffset="18135"/>
<LocList>
<Loc EndOffset="19139" SrcFileId="5" StartOffset="18135"/>
</LocList>
<RootTerm CovItemId="C95" CovItemPrefix="game.TakeAllChess.java" Intrnl_Id="2736">
<BasicBoolTerm Intrnl_Id="2737">
<LocList>
<Loc EndOffset="18171" SrcFileId="5" StartOffset="18139"/>
</LocList>
</BasicBoolTerm>
</RootTerm>
</CondStmnt>
</StmntSeq>
</Branch>
<Branch CovItemId="B174" CovItemPrefix="game.TakeAllChess.java" Implct="true" Intrnl_Id="2738">
<Cond/>
<LocList/>
<StmntSeq Intrnl_Id="2739">
<LocList/>
</StmntSeq>
</Branch>
<Keyword EndOffset="18107" SrcFileId="5" StartOffset="18105"/>
<LocList>
<Loc EndOffset="19144" SrcFileId="5" StartOffset="18105"/>
</LocList>
<RootTerm CovItemId="C94" CovItemPrefix="game.TakeAllChess.java" Intrnl_Id="2740">
<BasicBoolTerm Intrnl_Id="2741">
<LocList>
<Loc EndOffset="18127" SrcFileId="5" StartOffset="18109"/>
</LocList>
</BasicBoolTerm>
</RootTerm>
</CondStmnt>
</StmntSeq>
<Keyword EndOffset="18067" SrcFileId="5" StartOffset="18064"/>
<LocList>
<Loc EndOffset="19148" SrcFileId="5" StartOffset="18064"/>
</LocList>
</LoopStmnt>
<CondStmnt CovItemId="S301" CovItemPrefix="game.TakeAllChess.java" Intrnl_Id="2742">
<Branch CovItemId="B191" CovItemPrefix="game.TakeAllChess.java" Implct="false" Intrnl_Id="2743">
<Cond/>
<LocList>
<Loc EndOffset="19312" SrcFileId="5" StartOffset="19229"/>
</LocList>
<StmntSeq Intrnl_Id="2744">
<LocList>
<Loc EndOffset="19308" SrcFileId="5" StartOffset="19296"/>
</LocList>
<BasicStmnt CovItemId="S302" CovItemPrefix="game.TakeAllChess.java" Intrnl_Id="2745">
<LocList>
<Loc EndOffset="19308" SrcFileId="5" StartOffset="19296"/>
</LocList>
</BasicStmnt>
</StmntSeq>
</Branch>
<Branch CovItemId="B192" CovItemPrefix="game.TakeAllChess.java" Implct="true" Intrnl_Id="2746">
<Cond/>
<LocList/>
<StmntSeq Intrnl_Id="2747">
<LocList/>
</StmntSeq>
</Branch>
<Keyword EndOffset="19210" SrcFileId="5" StartOffset="19208"/>
<LocList>
<Loc EndOffset="19312" SrcFileId="5" StartOffset="19208"/>
</LocList>
<RootTerm CovItemId="C103" CovItemPrefix="game.TakeAllChess.java" Intrnl_Id="2748">
<BasicBoolTerm Intrnl_Id="2749">
<LocList>
<Loc EndOffset="19227" SrcFileId="5" StartOffset="19211"/>
</LocList>
</BasicBoolTerm>
</RootTerm>
</CondStmnt>
<BasicStmnt CovItemId="S303" CovItemPrefix="game.TakeAllChess.java" Intrnl_Id="2750">
<LocList>
<Loc EndOffset="19450" SrcFileId="5" StartOffset="19425"/>
</LocList>
</BasicStmnt>
<BasicStmnt CovItemId="S304" CovItemPrefix="game.TakeAllChess.java" Intrnl_Id="2751">
<LocList>
<Loc EndOffset="19488" SrcFileId="5" StartOffset="19453"/>
</LocList>
</BasicStmnt>
<BasicStmnt CovItemId="S305" CovItemPrefix="game.TakeAllChess.java" Intrnl_Id="2752">
<LocList>
<Loc EndOffset="19523" SrcFileId="5" StartOffset="19491"/>
</LocList>
</BasicStmnt>
<BasicStmnt CovItemId="S306" CovItemPrefix="game.TakeAllChess.java" Intrnl_Id="2753">
<LocList>
<Loc EndOffset="19556" SrcFileId="5" StartOffset="19526"/>
</LocList>
</BasicStmnt>
<LoopStmnt CovItemId="S307" CovItemPrefix="game.TakeAllChess.java" Intrnl_Id="2754" MltplExecId="L17-2" MltplExecPrefix="game.TakeAllChess.java" NvrExecId="L17-0" NvrExecPrefix="game.TakeAllChess.java" OnceExecutedId="L17-1" OnceExecutedPrefix="game.TakeAllChess.java" OptBodyExec="true">
<StmntSeq Intrnl_Id="2755">
<LocList>
<Loc EndOffset="19633" SrcFileId="5" StartOffset="19604"/>
<Loc EndOffset="19694" SrcFileId="5" StartOffset="19637"/>
<Loc EndOffset="19821" SrcFileId="5" StartOffset="19787"/>
<Loc EndOffset="19902" SrcFileId="5" StartOffset="19826"/>
<Loc EndOffset="19966" SrcFileId="5" StartOffset="19906"/>
<Loc EndOffset="20100" SrcFileId="5" StartOffset="19971"/>
</LocList>
<BasicStmnt CovItemId="S308" CovItemPrefix="game.TakeAllChess.java" Intrnl_Id="2756">
<LocList>
<Loc EndOffset="19633" SrcFileId="5" StartOffset="19604"/>
</LocList>
</BasicStmnt>
<CondStmnt CovItemId="S309" CovItemPrefix="game.TakeAllChess.java" Intrnl_Id="2757">
<Branch CovItemId="B193" CovItemPrefix="game.TakeAllChess.java" Implct="false" Intrnl_Id="2758">
<Cond/>
<LocList>
<Loc EndOffset="19694" SrcFileId="5" StartOffset="19674"/>
</LocList>
<StmntSeq Intrnl_Id="2759">
<LocList>
<Loc EndOffset="19689" SrcFileId="5" StartOffset="19680"/>
</LocList>
<BasicStmnt CovItemId="S310" CovItemPrefix="game.TakeAllChess.java" Intrnl_Id="2760">
<LocList>
<Loc EndOffset="19689" SrcFileId="5" StartOffset="19680"/>
</LocList>
</BasicStmnt>
</StmntSeq>
</Branch>
<Branch CovItemId="B194" CovItemPrefix="game.TakeAllChess.java" Implct="true" Intrnl_Id="2761">
<Cond/>
<LocList/>
<StmntSeq Intrnl_Id="2762">
<LocList/>
</StmntSeq>
</Branch>
<Keyword EndOffset="19639" SrcFileId="5" StartOffset="19637"/>
<LocList>
<Loc EndOffset="19694" SrcFileId="5" StartOffset="19637"/>
</LocList>
<RootTerm CovItemId="C104" CovItemPrefix="game.TakeAllChess.java" Intrnl_Id="2763">
<OpTerm BooleanOpId="22" Intrnl_Id="2764">
<BasicBoolTerm Intrnl_Id="2765">
<LocList>
<Loc EndOffset="19672" SrcFileId="5" StartOffset="19641"/>
</LocList>
</BasicBoolTerm>
<LocList>
<Loc EndOffset="19641" SrcFileId="5" StartOffset="19640"/>
</LocList>
</OpTerm>
</RootTerm>
</CondStmnt>
<BasicStmnt CovItemId="S311" CovItemPrefix="game.TakeAllChess.java" Intrnl_Id="2766">
<LocList>
<Loc EndOffset="19821" SrcFileId="5" StartOffset="19787"/>
</LocList>
</BasicStmnt>
<BasicStmnt CovItemId="S312" CovItemPrefix="game.TakeAllChess.java" Intrnl_Id="2767">
<LocList>
<Loc EndOffset="19902" SrcFileId="5" StartOffset="19826"/>
</LocList>
</BasicStmnt>
<BasicStmnt CovItemId="S313" CovItemPrefix="game.TakeAllChess.java" Intrnl_Id="2768">
<LocList>
<Loc EndOffset="19966" SrcFileId="5" StartOffset="19906"/>
</LocList>
</BasicStmnt>
<CondStmnt CovItemId="S314" CovItemPrefix="game.TakeAllChess.java" Intrnl_Id="2769">
<Branch CovItemId="B195" CovItemPrefix="game.TakeAllChess.java" Implct="false" Intrnl_Id="2770">
<Cond/>
<LocList>
<Loc EndOffset="20100" SrcFileId="5" StartOffset="20023"/>
</LocList>
<StmntSeq Intrnl_Id="2771">
<LocList>
<Loc EndOffset="20095" SrcFileId="5" StartOffset="20082"/>
</LocList>
<BasicStmnt CovItemId="S315" CovItemPrefix="game.TakeAllChess.java" Intrnl_Id="2772">
<LocList>
<Loc EndOffset="20095" SrcFileId="5" StartOffset="20082"/>
</LocList>
</BasicStmnt>
</StmntSeq>
</Branch>
<Branch CovItemId="B196" CovItemPrefix="game.TakeAllChess.java" Implct="true" Intrnl_Id="2773">
<Cond/>
<LocList/>
<StmntSeq Intrnl_Id="2774">
<LocList/>
</StmntSeq>
</Branch>
<Keyword EndOffset="19973" SrcFileId="5" StartOffset="19971"/>
<LocList>
<Loc EndOffset="20100" SrcFileId="5" StartOffset="19971"/>
</LocList>
<RootTerm CovItemId="C105" CovItemPrefix="game.TakeAllChess.java" Intrnl_Id="2775">
<OpTerm BooleanOpId="22" Intrnl_Id="2776">
<BasicBoolTerm Intrnl_Id="2777">
<LocList>
<Loc EndOffset="20021" SrcFileId="5" StartOffset="19975"/>
</LocList>
</BasicBoolTerm>
<LocList>
<Loc EndOffset="19975" SrcFileId="5" StartOffset="19974"/>
</LocList>
</OpTerm>
</RootTerm>
</CondStmnt>
</StmntSeq>
<Keyword EndOffset="19563" SrcFileId="5" StartOffset="19560"/>
<LocList>
<Loc EndOffset="20104" SrcFileId="5" StartOffset="19560"/>
</LocList>
</LoopStmnt>
<BasicStmnt CovItemId="S316" CovItemPrefix="game.TakeAllChess.java" Intrnl_Id="2778">
<LocList>
<Loc EndOffset="20120" SrcFileId="5" StartOffset="20108"/>
</LocList>
</BasicStmnt>
</StmntSeq>
</HierarchyLvl>
<HierarchyLvl HierarchyLvlId="1054" HierarchyLvlTypeId="27" Intrnl_Id="2779" Name="getStalemateMessage">
<Header>
<Loc EndOffset="20423" SrcFileId="5" StartOffset="20369"/>
</Header>
<LocList>
<Loc EndOffset="20497" SrcFileId="5" StartOffset="20369"/>
</LocList>
<StmntSeq Intrnl_Id="2780">
<LocList>
<Loc EndOffset="20494" SrcFileId="5" StartOffset="20428"/>
</LocList>
<BasicStmnt CovItemId="S317" CovItemPrefix="game.TakeAllChess.java" Intrnl_Id="2781">
<LocList>
<Loc EndOffset="20494" SrcFileId="5" StartOffset="20428"/>
</LocList>
</BasicStmnt>
</StmntSeq>
</HierarchyLvl>
</HierarchyLvl>
<HierarchyLvl HierarchyLvlId="1066" HierarchyLvlTypeId="26" Intrnl_Id="2782" Name="Rules">
<Header>
<Loc EndOffset="134" SrcFileId="6" StartOffset="116"/>
</Header>
<LocList>
<Loc EndOffset="2786" SrcFileId="6" StartOffset="116"/>
</LocList>
<HierarchyLvl HierarchyLvlId="1056" HierarchyLvlTypeId="27" Intrnl_Id="2783" Name="Rules">
<Header>
<Loc EndOffset="188" SrcFileId="6" StartOffset="174"/>
</Header>
<LocList>
<Loc EndOffset="196" SrcFileId="6" StartOffset="174"/>
</LocList>
</HierarchyLvl>
<HierarchyLvl HierarchyLvlId="1057" HierarchyLvlTypeId="27" Intrnl_Id="2784" Name="SetStartingPositions">
<Header>
<Loc EndOffset="365" SrcFileId="6" StartOffset="304"/>
</Header>
<LocList>
<Loc EndOffset="385" SrcFileId="6" StartOffset="304"/>
</LocList>
<StmntSeq Intrnl_Id="2785">
<LocList>
<Loc EndOffset="382" SrcFileId="6" StartOffset="370"/>
</LocList>
<BasicStmnt CovItemId="S1" CovItemPrefix="game.Rules.java" Intrnl_Id="2786">
<LocList>
<Loc EndOffset="382" SrcFileId="6" StartOffset="370"/>
</LocList>
</BasicStmnt>
</StmntSeq>
</HierarchyLvl>
<HierarchyLvl HierarchyLvlId="1058" HierarchyLvlTypeId="27" Intrnl_Id="2787" Name="ValidateMove">
<Header>
<Loc EndOffset="726" SrcFileId="6" StartOffset="679"/>
</Header>
<LocList>
<Loc EndOffset="744" SrcFileId="6" StartOffset="679"/>
</LocList>
<StmntSeq Intrnl_Id="2788">
<LocList>
<Loc EndOffset="741" SrcFileId="6" StartOffset="732"/>
</LocList>
<BasicStmnt CovItemId="S2" CovItemPrefix="game.Rules.java" Intrnl_Id="2789">
<LocList>
<Loc EndOffset="741" SrcFileId="6" StartOffset="732"/>
</LocList>
</BasicStmnt>
</StmntSeq>
</HierarchyLvl>
<HierarchyLvl HierarchyLvlId="1059" HierarchyLvlTypeId="27" Intrnl_Id="2790" Name="ruleCompleteMove">
<Header>
<Loc EndOffset="1177" SrcFileId="6" StartOffset="1090"/>
</Header>
<LocList>
<Loc EndOffset="1221" SrcFileId="6" StartOffset="1090"/>
</LocList>
<StmntSeq Intrnl_Id="2791">
<LocList>
<Loc EndOffset="1218" SrcFileId="6" StartOffset="1181"/>
</LocList>
<BasicStmnt CovItemId="S3" CovItemPrefix="game.Rules.java" Intrnl_Id="2792">
<LocList>
<Loc EndOffset="1218" SrcFileId="6" StartOffset="1181"/>
</LocList>
</BasicStmnt>
</StmntSeq>
</HierarchyLvl>
<HierarchyLvl HierarchyLvlId="1060" HierarchyLvlTypeId="27" Intrnl_Id="2793" Name="ruleCompleteMove">
<Header>
<Loc EndOffset="1564" SrcFileId="6" StartOffset="1498"/>
</Header>
<LocList>
<Loc EndOffset="1608" SrcFileId="6" StartOffset="1498"/>
</LocList>
<StmntSeq Intrnl_Id="2794">
<LocList>
<Loc EndOffset="1605" SrcFileId="6" StartOffset="1568"/>
</LocList>
<BasicStmnt CovItemId="S4" CovItemPrefix="game.Rules.java" Intrnl_Id="2795">
<LocList>
<Loc EndOffset="1605" SrcFileId="6" StartOffset="1568"/>
</LocList>
</BasicStmnt>
</StmntSeq>
</HierarchyLvl>
<HierarchyLvl HierarchyLvlId="1061" HierarchyLvlTypeId="27" Intrnl_Id="2796" Name="validateBoardState">
<Header>
<Loc EndOffset="1942" SrcFileId="6" StartOffset="1884"/>
</Header>
<LocList>
<Loc EndOffset="1963" SrcFileId="6" StartOffset="1884"/>
</LocList>
<StmntSeq Intrnl_Id="2797">
<LocList>
<Loc EndOffset="1960" SrcFileId="6" StartOffset="1947"/>
</LocList>
<BasicStmnt CovItemId="S5" CovItemPrefix="game.Rules.java" Intrnl_Id="2798">
<LocList>
<Loc EndOffset="1960" SrcFileId="6" StartOffset="1947"/>
</LocList>
</BasicStmnt>
</StmntSeq>
</HierarchyLvl>
<HierarchyLvl HierarchyLvlId="1062" HierarchyLvlTypeId="27" Intrnl_Id="2799" Name="getPawnPromotionInput">
<Header>
<Loc EndOffset="2166" SrcFileId="6" StartOffset="2109"/>
</Header>
<LocList>
<Loc EndOffset="2174" SrcFileId="6" StartOffset="2109"/>
</LocList>
</HierarchyLvl>
<HierarchyLvl HierarchyLvlId="1063" HierarchyLvlTypeId="27" Intrnl_Id="2800" Name="checkForStalemate">
<Header>
<Loc EndOffset="2336" SrcFileId="6" StartOffset="2270"/>
</Header>
<LocList>
<Loc EndOffset="2357" SrcFileId="6" StartOffset="2270"/>
</LocList>
<StmntSeq Intrnl_Id="2801">
<LocList>
<Loc EndOffset="2354" SrcFileId="6" StartOffset="2341"/>
</LocList>
<BasicStmnt CovItemId="S6" CovItemPrefix="game.Rules.java" Intrnl_Id="2802">
<LocList>
<Loc EndOffset="2354" SrcFileId="6" StartOffset="2341"/>
</LocList>
</BasicStmnt>
</StmntSeq>
</HierarchyLvl>
<HierarchyLvl HierarchyLvlId="1064" HierarchyLvlTypeId="27" Intrnl_Id="2803" Name="getStalemateMessage">
<Header>
<Loc EndOffset="2658" SrcFileId="6" StartOffset="2604"/>
</Header>
<LocList>
<Loc EndOffset="2695" SrcFileId="6" StartOffset="2604"/>
</LocList>
<StmntSeq Intrnl_Id="2804">
<LocList>
<Loc EndOffset="2692" SrcFileId="6" StartOffset="2663"/>
</LocList>
<BasicStmnt CovItemId="S7" CovItemPrefix="game.Rules.java" Intrnl_Id="2805">
<LocList>
<Loc EndOffset="2692" SrcFileId="6" StartOffset="2663"/>
</LocList>
</BasicStmnt>
</StmntSeq>
</HierarchyLvl>
<HierarchyLvl HierarchyLvlId="1065" HierarchyLvlTypeId="27" Intrnl_Id="2806" Name="CheckForCheck">
<Header>
<Loc EndOffset="2761" SrcFileId="6" StartOffset="2699"/>
</Header>
<LocList>
<Loc EndOffset="2782" SrcFileId="6" StartOffset="2699"/>
</LocList>
<StmntSeq Intrnl_Id="2807">
<LocList>
<Loc EndOffset="2779" SrcFileId="6" StartOffset="2766"/>
</LocList>
<BasicStmnt CovItemId="S8" CovItemPrefix="game.Rules.java" Intrnl_Id="2808">
<LocList>
<Loc EndOffset="2779" SrcFileId="6" StartOffset="2766"/>
</LocList>
</BasicStmnt>
</StmntSeq>
</HierarchyLvl>
</HierarchyLvl>
<HierarchyLvl HierarchyLvlId="1069" HierarchyLvlTypeId="26" Intrnl_Id="2809" Name="Rook">
<Header>
<Loc EndOffset="112" SrcFileId="7" StartOffset="81"/>
</Header>
<LocList>
<Loc EndOffset="355" SrcFileId="7" StartOffset="81"/>
</LocList>
<HierarchyLvl HierarchyLvlId="1067" HierarchyLvlTypeId="27" Intrnl_Id="2810" Name="Rook">
<Header>
<Loc EndOffset="142" SrcFileId="7" StartOffset="116"/>
</Header>
<LocList>
<Loc EndOffset="163" SrcFileId="7" StartOffset="116"/>
</LocList>
<StmntSeq Intrnl_Id="2811">
<LocList>
<Loc EndOffset="160" SrcFileId="7" StartOffset="147"/>
</LocList>
<BasicStmnt CovItemId="S1" CovItemPrefix="game.Rook.java" Intrnl_Id="2812">
<LocList>
<Loc EndOffset="160" SrcFileId="7" StartOffset="147"/>
</LocList>
</BasicStmnt>
</StmntSeq>
</HierarchyLvl>
<HierarchyLvl HierarchyLvlId="1068" HierarchyLvlTypeId="27" Intrnl_Id="2813" Name="toString">
<Header>
<Loc EndOffset="275" SrcFileId="7" StartOffset="251"/>
</Header>
<LocList>
<Loc EndOffset="353" SrcFileId="7" StartOffset="251"/>
</LocList>
<StmntSeq Intrnl_Id="2814">
<LocList>
<Loc EndOffset="333" SrcFileId="7" StartOffset="280"/>
<Loc EndOffset="347" SrcFileId="7" StartOffset="336"/>
</LocList>
<CondStmnt CovItemId="S2" CovItemPrefix="game.Rook.java" Intrnl_Id="2815">
<Branch CovItemId="B1" CovItemPrefix="game.Rook.java" Implct="false" Intrnl_Id="2816">
<Cond/>
<LocList>
<Loc EndOffset="333" SrcFileId="7" StartOffset="313"/>
</LocList>
<StmntSeq Intrnl_Id="2817">
<LocList>
<Loc EndOffset="329" SrcFileId="7" StartOffset="318"/>
</LocList>
<BasicStmnt CovItemId="S3" CovItemPrefix="game.Rook.java" Intrnl_Id="2818">
<LocList>
<Loc EndOffset="329" SrcFileId="7" StartOffset="318"/>
</LocList>
</BasicStmnt>
</StmntSeq>
</Branch>
<Branch CovItemId="B2" CovItemPrefix="game.Rook.java" Implct="true" Intrnl_Id="2819">
<Cond/>
<LocList/>
<StmntSeq Intrnl_Id="2820">
<LocList/>
</StmntSeq>
</Branch>
<Keyword EndOffset="282" SrcFileId="7" StartOffset="280"/>
<LocList>
<Loc EndOffset="333" SrcFileId="7" StartOffset="280"/>
</LocList>
<RootTerm CovItemId="C1" CovItemPrefix="game.Rook.java" Intrnl_Id="2821">
<BasicBoolTerm Intrnl_Id="2822">
<LocList>
<Loc EndOffset="311" SrcFileId="7" StartOffset="284"/>
</LocList>
</BasicBoolTerm>
</RootTerm>
</CondStmnt>
<BasicStmnt CovItemId="S4" CovItemPrefix="game.Rook.java" Intrnl_Id="2823">
<LocList>
<Loc EndOffset="347" SrcFileId="7" StartOffset="336"/>
</LocList>
</BasicStmnt>
</StmntSeq>
</HierarchyLvl>
</HierarchyLvl>
<HierarchyLvl HierarchyLvlId="1072" HierarchyLvlTypeId="26" Intrnl_Id="2824" Name="Queen">
<Header>
<Loc EndOffset="113" SrcFileId="8" StartOffset="81"/>
</Header>
<LocList>
<Loc EndOffset="357" SrcFileId="8" StartOffset="81"/>
</LocList>
<HierarchyLvl HierarchyLvlId="1070" HierarchyLvlTypeId="27" Intrnl_Id="2825" Name="Queen">
<Header>
<Loc EndOffset="144" SrcFileId="8" StartOffset="117"/>
</Header>
<LocList>
<Loc EndOffset="165" SrcFileId="8" StartOffset="117"/>
</LocList>
<StmntSeq Intrnl_Id="2826">
<LocList>
<Loc EndOffset="162" SrcFileId="8" StartOffset="149"/>
</LocList>
<BasicStmnt CovItemId="S1" CovItemPrefix="game.Queen.java" Intrnl_Id="2827">
<LocList>
<Loc EndOffset="162" SrcFileId="8" StartOffset="149"/>
</LocList>
</BasicStmnt>
</StmntSeq>
</HierarchyLvl>
<HierarchyLvl HierarchyLvlId="1071" HierarchyLvlTypeId="27" Intrnl_Id="2828" Name="toString">
<Header>
<Loc EndOffset="277" SrcFileId="8" StartOffset="253"/>
</Header>
<LocList>
<Loc EndOffset="355" SrcFileId="8" StartOffset="253"/>
</LocList>
<StmntSeq Intrnl_Id="2829">
<LocList>
<Loc EndOffset="335" SrcFileId="8" StartOffset="282"/>
<Loc EndOffset="349" SrcFileId="8" StartOffset="338"/>
</LocList>
<CondStmnt CovItemId="S2" CovItemPrefix="game.Queen.java" Intrnl_Id="2830">
<Branch CovItemId="B1" CovItemPrefix="game.Queen.java" Implct="false" Intrnl_Id="2831">
<Cond/>
<LocList>
<Loc EndOffset="335" SrcFileId="8" StartOffset="315"/>
</LocList>
<StmntSeq Intrnl_Id="2832">
<LocList>
<Loc EndOffset="331" SrcFileId="8" StartOffset="320"/>
</LocList>
<BasicStmnt CovItemId="S3" CovItemPrefix="game.Queen.java" Intrnl_Id="2833">
<LocList>
<Loc EndOffset="331" SrcFileId="8" StartOffset="320"/>
</LocList>
</BasicStmnt>
</StmntSeq>
</Branch>
<Branch CovItemId="B2" CovItemPrefix="game.Queen.java" Implct="true" Intrnl_Id="2834">
<Cond/>
<LocList/>
<StmntSeq Intrnl_Id="2835">
<LocList/>
</StmntSeq>
</Branch>
<Keyword EndOffset="284" SrcFileId="8" StartOffset="282"/>
<LocList>
<Loc EndOffset="335" SrcFileId="8" StartOffset="282"/>
</LocList>
<RootTerm CovItemId="C1" CovItemPrefix="game.Queen.java" Intrnl_Id="2836">
<BasicBoolTerm Intrnl_Id="2837">
<LocList>
<Loc EndOffset="313" SrcFileId="8" StartOffset="286"/>
</LocList>
</BasicBoolTerm>
</RootTerm>
</CondStmnt>
<BasicStmnt CovItemId="S4" CovItemPrefix="game.Queen.java" Intrnl_Id="2838">
<LocList>
<Loc EndOffset="349" SrcFileId="8" StartOffset="338"/>
</LocList>
</BasicStmnt>
</StmntSeq>
</HierarchyLvl>
</HierarchyLvl>
<HierarchyLvl HierarchyLvlId="1074" HierarchyLvlTypeId="26" Intrnl_Id="2839" Name="Player">
<Header>
<Loc EndOffset="111" SrcFileId="9" StartOffset="92"/>
</Header>
<LocList>
<Loc EndOffset="244" SrcFileId="9" StartOffset="92"/>
</LocList>
<StmntSeq Intrnl_Id="2840">
<LocList>
<Loc EndOffset="192" SrcFileId="9" StartOffset="162"/>
</LocList>
<BasicStmnt CovItemId="S1" CovItemPrefix="game.Player.java" Intrnl_Id="2841">
<LocList>
<Loc EndOffset="192" SrcFileId="9" StartOffset="162"/>
</LocList>
</BasicStmnt>
</StmntSeq>
<HierarchyLvl HierarchyLvlId="1073" HierarchyLvlTypeId="27" Intrnl_Id="2842" Name="toString">
<Header>
<Loc EndOffset="220" SrcFileId="9" StartOffset="196"/>
</Header>
<LocList>
<Loc EndOffset="241" SrcFileId="9" StartOffset="196"/>
</LocList>
<StmntSeq Intrnl_Id="2843">
<LocList>
<Loc EndOffset="238" SrcFileId="9" StartOffset="225"/>
</LocList>
<BasicStmnt CovItemId="S2" CovItemPrefix="game.Player.java" Intrnl_Id="2844">
<LocList>
<Loc EndOffset="238" SrcFileId="9" StartOffset="225"/>
</LocList>
</BasicStmnt>
</StmntSeq>
</HierarchyLvl>
</HierarchyLvl>
<HierarchyLvl HierarchyLvlId="1076" HierarchyLvlTypeId="26" Intrnl_Id="2845" Name="Piece">
<Header>
<Loc EndOffset="228" SrcFileId="10" StartOffset="210"/>
</Header>
<LocList>
<Loc EndOffset="357" SrcFileId="10" StartOffset="210"/>
</LocList>
<StmntSeq Intrnl_Id="2846">
<LocList>
<Loc EndOffset="261" SrcFileId="10" StartOffset="234"/>
<Loc EndOffset="295" SrcFileId="10" StartOffset="263"/>
</LocList>
<BasicStmnt CovItemId="S1" CovItemPrefix="game.Piece.java" Intrnl_Id="2847">
<LocList>
<Loc EndOffset="261" SrcFileId="10" StartOffset="234"/>
</LocList>
</BasicStmnt>
<BasicStmnt CovItemId="S2" CovItemPrefix="game.Piece.java" Intrnl_Id="2848">
<LocList>
<Loc EndOffset="295" SrcFileId="10" StartOffset="263"/>
</LocList>
</BasicStmnt>
</StmntSeq>
<HierarchyLvl HierarchyLvlId="1075" HierarchyLvlTypeId="27" Intrnl_Id="2849" Name="Piece">
<Header>
<Loc EndOffset="325" SrcFileId="10" StartOffset="299"/>
</Header>
<LocList>
<Loc EndOffset="352" SrcFileId="10" StartOffset="299"/>
</LocList>
<StmntSeq Intrnl_Id="2850">
<LocList>
<Loc EndOffset="349" SrcFileId="10" StartOffset="330"/>
</LocList>
<BasicStmnt CovItemId="S3" CovItemPrefix="game.Piece.java" Intrnl_Id="2851">
<LocList>
<Loc EndOffset="349" SrcFileId="10" StartOffset="330"/>
</LocList>
</BasicStmnt>
</StmntSeq>
</HierarchyLvl>
</HierarchyLvl>
<HierarchyLvl HierarchyLvlId="1093" HierarchyLvlTypeId="26" Intrnl_Id="2852" Name="PeasantsRevoltChess">
<Header>
<Loc EndOffset="270" SrcFileId="11" StartOffset="224"/>
</Header>
<LocList>
<Loc EndOffset="23317" SrcFileId="11" StartOffset="224"/>
</LocList>
<HierarchyLvl HierarchyLvlId="1077" HierarchyLvlTypeId="27" Intrnl_Id="2853" Name="PeasantsRevoltChess">
<Header>
<Loc EndOffset="303" SrcFileId="11" StartOffset="275"/>
</Header>
<LocList>
<Loc EndOffset="401" SrcFileId="11" StartOffset="275"/>
</LocList>
<StmntSeq Intrnl_Id="2854">
<LocList>
<Loc EndOffset="316" SrcFileId="11" StartOffset="308"/>
<Loc EndOffset="398" SrcFileId="11" StartOffset="320"/>
</LocList>
<BasicStmnt CovItemId="S1" CovItemPrefix="game.PeasantsRevoltChess.java" Intrnl_Id="2855">
<LocList>
<Loc EndOffset="316" SrcFileId="11" StartOffset="308"/>
</LocList>
</BasicStmnt>
<BasicStmnt CovItemId="S2" CovItemPrefix="game.PeasantsRevoltChess.java" Intrnl_Id="2856">
<LocList>
<Loc EndOffset="398" SrcFileId="11" StartOffset="320"/>
</LocList>
</BasicStmnt>
</StmntSeq>
</HierarchyLvl>
<HierarchyLvl HierarchyLvlId="1078" HierarchyLvlTypeId="27" Intrnl_Id="2857" Name="SetStartingPositions">
<Header>
<Loc EndOffset="480" SrcFileId="11" StartOffset="419"/>
</Header>
<LocList>
<Loc EndOffset="1162" SrcFileId="11" StartOffset="419"/>
</LocList>
<StmntSeq Intrnl_Id="2858">
<LocList>
<Loc EndOffset="515" SrcFileId="11" StartOffset="486"/>
<Loc EndOffset="557" SrcFileId="11" StartOffset="519"/>
<Loc EndOffset="598" SrcFileId="11" StartOffset="560"/>
<Loc EndOffset="639" SrcFileId="11" StartOffset="601"/>
<Loc EndOffset="680" SrcFileId="11" StartOffset="642"/>
<Loc EndOffset="721" SrcFileId="11" StartOffset="683"/>
<Loc EndOffset="762" SrcFileId="11" StartOffset="724"/>
<Loc EndOffset="803" SrcFileId="11" StartOffset="765"/>
<Loc EndOffset="844" SrcFileId="11" StartOffset="806"/>
<Loc EndOffset="885" SrcFileId="11" StartOffset="847"/>
<Loc EndOffset="929" SrcFileId="11" StartOffset="891"/>
<Loc EndOffset="972" SrcFileId="11" StartOffset="932"/>
<Loc EndOffset="1015" SrcFileId="11" StartOffset="975"/>
<Loc EndOffset="1056" SrcFileId="11" StartOffset="1018"/>
<Loc EndOffset="1099" SrcFileId="11" StartOffset="1059"/>
<Loc EndOffset="1142" SrcFileId="11" StartOffset="1102"/>
<Loc EndOffset="1159" SrcFileId="11" StartOffset="1146"/>
</LocList>
<BasicStmnt CovItemId="S3" CovItemPrefix="game.PeasantsRevoltChess.java" Intrnl_Id="2859">
<LocList>
<Loc EndOffset="515" SrcFileId="11" StartOffset="486"/>
</LocList>
</BasicStmnt>
<BasicStmnt CovItemId="S4" CovItemPrefix="game.PeasantsRevoltChess.java" Intrnl_Id="2860">
<LocList>
<Loc EndOffset="557" SrcFileId="11" StartOffset="519"/>
</LocList>
</BasicStmnt>
<BasicStmnt CovItemId="S5" CovItemPrefix="game.PeasantsRevoltChess.java" Intrnl_Id="2861">
<LocList>
<Loc EndOffset="598" SrcFileId="11" StartOffset="560"/>
</LocList>
</BasicStmnt>
<BasicStmnt CovItemId="S6" CovItemPrefix="game.PeasantsRevoltChess.java" Intrnl_Id="2862">
<LocList>
<Loc EndOffset="639" SrcFileId="11" StartOffset="601"/>
</LocList>
</BasicStmnt>
<BasicStmnt CovItemId="S7" CovItemPrefix="game.PeasantsRevoltChess.java" Intrnl_Id="2863">
<LocList>
<Loc EndOffset="680" SrcFileId="11" StartOffset="642"/>
</LocList>
</BasicStmnt>
<BasicStmnt CovItemId="S8" CovItemPrefix="game.PeasantsRevoltChess.java" Intrnl_Id="2864">
<LocList>
<Loc EndOffset="721" SrcFileId="11" StartOffset="683"/>
</LocList>
</BasicStmnt>
<BasicStmnt CovItemId="S9" CovItemPrefix="game.PeasantsRevoltChess.java" Intrnl_Id="2865">
<LocList>
<Loc EndOffset="762" SrcFileId="11" StartOffset="724"/>
</LocList>
</BasicStmnt>
<BasicStmnt CovItemId="S10" CovItemPrefix="game.PeasantsRevoltChess.java" Intrnl_Id="2866">
<LocList>
<Loc EndOffset="803" SrcFileId="11" StartOffset="765"/>
</LocList>
</BasicStmnt>
<BasicStmnt CovItemId="S11" CovItemPrefix="game.PeasantsRevoltChess.java" Intrnl_Id="2867">
<LocList>
<Loc EndOffset="844" SrcFileId="11" StartOffset="806"/>
</LocList>
</BasicStmnt>
<BasicStmnt CovItemId="S12" CovItemPrefix="game.PeasantsRevoltChess.java" Intrnl_Id="2868">
<LocList>
<Loc EndOffset="885" SrcFileId="11" StartOffset="847"/>
</LocList>
</BasicStmnt>
<BasicStmnt CovItemId="S13" CovItemPrefix="game.PeasantsRevoltChess.java" Intrnl_Id="2869">
<LocList>
<Loc EndOffset="929" SrcFileId="11" StartOffset="891"/>
</LocList>
</BasicStmnt>
<BasicStmnt CovItemId="S14" CovItemPrefix="game.PeasantsRevoltChess.java" Intrnl_Id="2870">
<LocList>
<Loc EndOffset="972" SrcFileId="11" StartOffset="932"/>
</LocList>
</BasicStmnt>
<BasicStmnt CovItemId="S15" CovItemPrefix="game.PeasantsRevoltChess.java" Intrnl_Id="2871">
<LocList>
<Loc EndOffset="1015" SrcFileId="11" StartOffset="975"/>
</LocList>
</BasicStmnt>
<BasicStmnt CovItemId="S16" CovItemPrefix="game.PeasantsRevoltChess.java" Intrnl_Id="2872">
<LocList>
<Loc EndOffset="1056" SrcFileId="11" StartOffset="1018"/>
</LocList>
</BasicStmnt>
<BasicStmnt CovItemId="S17" CovItemPrefix="game.PeasantsRevoltChess.java" Intrnl_Id="2873">
<LocList>
<Loc EndOffset="1099" SrcFileId="11" StartOffset="1059"/>
</LocList>
</BasicStmnt>
<BasicStmnt CovItemId="S18" CovItemPrefix="game.PeasantsRevoltChess.java" Intrnl_Id="2874">
<LocList>
<Loc EndOffset="1142" SrcFileId="11" StartOffset="1102"/>
</LocList>
</BasicStmnt>
<BasicStmnt CovItemId="S19" CovItemPrefix="game.PeasantsRevoltChess.java" Intrnl_Id="2875">
<LocList>
<Loc EndOffset="1159" SrcFileId="11" StartOffset="1146"/>
</LocList>
</BasicStmnt>
</StmntSeq>
</HierarchyLvl>
<HierarchyLvl HierarchyLvlId="1079" HierarchyLvlTypeId="27" Intrnl_Id="2876" Name="validatePawnMove">
<Header>
<Loc EndOffset="1460" SrcFileId="11" StartOffset="1405"/>
</Header>
<LocList>
<Loc EndOffset="3441" SrcFileId="11" StartOffset="1405"/>
</LocList>
<StmntSeq Intrnl_Id="2877">
<LocList>
<Loc EndOffset="1517" SrcFileId="11" StartOffset="1498"/>
<Loc EndOffset="1606" SrcFileId="11" StartOffset="1539"/>
<Loc EndOffset="1678" SrcFileId="11" StartOffset="1610"/>
<Loc EndOffset="1759" SrcFileId="11" StartOffset="1681"/>
<Loc EndOffset="3422" SrcFileId="11" StartOffset="1762"/>
<Loc EndOffset="3438" SrcFileId="11" StartOffset="3425"/>
</LocList>
<BasicStmnt CovItemId="S20" CovItemPrefix="game.PeasantsRevoltChess.java" Intrnl_Id="2878">
<LocList>
<Loc EndOffset="1517" SrcFileId="11" StartOffset="1498"/>
</LocList>
</BasicStmnt>
<CondStmnt CovItemId="S21" CovItemPrefix="game.PeasantsRevoltChess.java" Intrnl_Id="2879">
<Branch CovItemId="B1" CovItemPrefix="game.PeasantsRevoltChess.java" Implct="false" Intrnl_Id="2880">
<Cond/>
<LocList>
<Loc EndOffset="1606" SrcFileId="11" StartOffset="1583"/>
</LocList>
<StmntSeq Intrnl_Id="2881">
<LocList>
<Loc EndOffset="1602" SrcFileId="11" StartOffset="1588"/>
</LocList>
<BasicStmnt CovItemId="S22" CovItemPrefix="game.PeasantsRevoltChess.java" Intrnl_Id="2882">
<LocList>
<Loc EndOffset="1602" SrcFileId="11" StartOffset="1588"/>
</LocList>
</BasicStmnt>
</StmntSeq>
</Branch>
<Branch CovItemId="B2" CovItemPrefix="game.PeasantsRevoltChess.java" Implct="true" Intrnl_Id="2883">
<Cond/>
<LocList/>
<StmntSeq Intrnl_Id="2884">
<LocList/>
</StmntSeq>
</Branch>
<Keyword EndOffset="1541" SrcFileId="11" StartOffset="1539"/>
<LocList>
<Loc EndOffset="1606" SrcFileId="11" StartOffset="1539"/>
</LocList>
<RootTerm CovItemId="C1" CovItemPrefix="game.PeasantsRevoltChess.java" Intrnl_Id="2885">
<BasicBoolTerm Intrnl_Id="2886">
<LocList>
<Loc EndOffset="1581" SrcFileId="11" StartOffset="1542"/>
</LocList>
</BasicBoolTerm>
</RootTerm>
</CondStmnt>
<BasicStmnt CovItemId="S23" CovItemPrefix="game.PeasantsRevoltChess.java" Intrnl_Id="2887">
<LocList>
<Loc EndOffset="1678" SrcFileId="11" StartOffset="1610"/>
</LocList>
</BasicStmnt>
<BasicStmnt CovItemId="S24" CovItemPrefix="game.PeasantsRevoltChess.java" Intrnl_Id="2888">
<LocList>
<Loc EndOffset="1759" SrcFileId="11" StartOffset="1681"/>
</LocList>
</BasicStmnt>
<CondStmnt CovItemId="S25" CovItemPrefix="game.PeasantsRevoltChess.java" Intrnl_Id="2889">
<Branch CovItemId="B3" CovItemPrefix="game.PeasantsRevoltChess.java" Implct="false" Intrnl_Id="2890">
<Cond/>
<LocList>
<Loc EndOffset="2984" SrcFileId="11" StartOffset="1791"/>
</LocList>
<StmntSeq Intrnl_Id="2891">
<LocList>
<Loc EndOffset="2980" SrcFileId="11" StartOffset="1837"/>
</LocList>
<CondStmnt CovItemId="S26" CovItemPrefix="game.PeasantsRevoltChess.java" Intrnl_Id="2892">
<Branch CovItemId="B5" CovItemPrefix="game.PeasantsRevoltChess.java" Implct="false" Intrnl_Id="2893">
<Cond/>
<LocList>
<Loc EndOffset="2011" SrcFileId="11" StartOffset="1858"/>
</LocList>
<StmntSeq Intrnl_Id="2894">
<LocList>
<Loc EndOffset="2006" SrcFileId="11" StartOffset="1910"/>
</LocList>
<CondStmnt CovItemId="S27" CovItemPrefix="game.PeasantsRevoltChess.java" Intrnl_Id="2895">
<Branch CovItemId="B7" CovItemPrefix="game.PeasantsRevoltChess.java" Implct="false" Intrnl_Id="2896">
<Cond/>
<LocList>
<Loc EndOffset="1970" SrcFileId="11" StartOffset="1945"/>
</LocList>
<StmntSeq Intrnl_Id="2897">
<LocList>
<Loc EndOffset="1964" SrcFileId="11" StartOffset="1952"/>
</LocList>
<BasicStmnt CovItemId="S28" CovItemPrefix="game.PeasantsRevoltChess.java" Intrnl_Id="2898">
<LocList>
<Loc EndOffset="1964" SrcFileId="11" StartOffset="1952"/>
</LocList>
</BasicStmnt>
</StmntSeq>
</Branch>
<Branch CovItemId="B8" CovItemPrefix="game.PeasantsRevoltChess.java" Implct="false" Intrnl_Id="2899">
<Cond>
<Loc EndOffset="1979" SrcFileId="11" StartOffset="1975"/>
</Cond>
<LocList>
<Loc EndOffset="2006" SrcFileId="11" StartOffset="1980"/>
</LocList>
<StmntSeq Intrnl_Id="2900">
<LocList>
<Loc EndOffset="2000" SrcFileId="11" StartOffset="1987"/>
</LocList>
<BasicStmnt CovItemId="S29" CovItemPrefix="game.PeasantsRevoltChess.java" Intrnl_Id="2901">
<LocList>
<Loc EndOffset="2000" SrcFileId="11" StartOffset="1987"/>
</LocList>
</BasicStmnt>
</StmntSeq>
</Branch>
<Keyword EndOffset="1912" SrcFileId="11" StartOffset="1910"/>
<LocList>
<Loc EndOffset="2006" SrcFileId="11" StartOffset="1910"/>
</LocList>
<RootTerm CovItemId="C4" CovItemPrefix="game.PeasantsRevoltChess.java" Intrnl_Id="2902">
<BasicBoolTerm Intrnl_Id="2903">
<LocList>
<Loc EndOffset="1943" SrcFileId="11" StartOffset="1913"/>
</LocList>
</BasicBoolTerm>
</RootTerm>
</CondStmnt>
</StmntSeq>
</Branch>
<Branch CovItemId="B6" CovItemPrefix="game.PeasantsRevoltChess.java" Implct="false" Intrnl_Id="2904">
<Cond>
<Loc EndOffset="2060" SrcFileId="11" StartOffset="2056"/>
</Cond>
<LocList>
<Loc EndOffset="2980" SrcFileId="11" StartOffset="2061"/>
</LocList>
<StmntSeq Intrnl_Id="2905">
<LocList>
<Loc EndOffset="2980" SrcFileId="11" StartOffset="2061"/>
</LocList>
<CondStmnt CovItemId="S30" CovItemPrefix="game.PeasantsRevoltChess.java" Intrnl_Id="2906">
<Branch CovItemId="B9" CovItemPrefix="game.PeasantsRevoltChess.java" Implct="false" Intrnl_Id="2907">
<Cond/>
<LocList>
<Loc EndOffset="2980" SrcFileId="11" StartOffset="2082"/>
</LocList>
<StmntSeq Intrnl_Id="2908">
<LocList>
<Loc EndOffset="2975" SrcFileId="11" StartOffset="2131"/>
</LocList>
<CondStmnt CovItemId="S31" CovItemPrefix="game.PeasantsRevoltChess.java" Intrnl_Id="2909">
<Branch CovItemId="B11" CovItemPrefix="game.PeasantsRevoltChess.java" Implct="false" Intrnl_Id="2910">
<Cond/>
<LocList>
<Loc EndOffset="2814" SrcFileId="11" StartOffset="2166"/>
</LocList>
<StmntSeq Intrnl_Id="2911">
<LocList>
<Loc EndOffset="2789" SrcFileId="11" StartOffset="2318"/>
<Loc EndOffset="2808" SrcFileId="11" StartOffset="2795"/>
</LocList>
<CondStmnt CovItemId="S32" CovItemPrefix="game.PeasantsRevoltChess.java" Intrnl_Id="2912">
<Branch CovItemId="B13" CovItemPrefix="game.PeasantsRevoltChess.java" Implct="false" Intrnl_Id="2913">
<Cond/>
<LocList>
<Loc EndOffset="2789" SrcFileId="11" StartOffset="2397"/>
</LocList>
<StmntSeq Intrnl_Id="2914">
<LocList>
<Loc EndOffset="2782" SrcFileId="11" StartOffset="2405"/>
</LocList>
<CondStmnt CovItemId="S33" CovItemPrefix="game.PeasantsRevoltChess.java" Intrnl_Id="2915">
<Branch CovItemId="B15" CovItemPrefix="game.PeasantsRevoltChess.java" Implct="false" Intrnl_Id="2916">
<Cond/>
<LocList>
<Loc EndOffset="2782" SrcFileId="11" StartOffset="2501"/>
</LocList>
<StmntSeq Intrnl_Id="2917">
<LocList>
<Loc EndOffset="2593" SrcFileId="11" StartOffset="2510"/>
<Loc EndOffset="2774" SrcFileId="11" StartOffset="2601"/>
</LocList>
<BasicStmnt CovItemId="S34" CovItemPrefix="game.PeasantsRevoltChess.java" Intrnl_Id="2918">
<LocList>
<Loc EndOffset="2593" SrcFileId="11" StartOffset="2510"/>
</LocList>
</BasicStmnt>
<CondStmnt CovItemId="S35" CovItemPrefix="game.PeasantsRevoltChess.java" Intrnl_Id="2919">
<Branch CovItemId="B17" CovItemPrefix="game.PeasantsRevoltChess.java" Implct="false" Intrnl_Id="2920">
<Cond/>
<LocList>
<Loc EndOffset="2774" SrcFileId="11" StartOffset="2659"/>
</LocList>
<StmntSeq Intrnl_Id="2921">
<LocList>
<Loc EndOffset="2744" SrcFileId="11" StartOffset="2669"/>
<Loc EndOffset="2765" SrcFileId="11" StartOffset="2753"/>
</LocList>
<BasicStmnt CovItemId="S36" CovItemPrefix="game.PeasantsRevoltChess.java" Intrnl_Id="2922">
<LocList>
<Loc EndOffset="2744" SrcFileId="11" StartOffset="2669"/>
</LocList>
</BasicStmnt>
<BasicStmnt CovItemId="S37" CovItemPrefix="game.PeasantsRevoltChess.java" Intrnl_Id="2923">
<LocList>
<Loc EndOffset="2765" SrcFileId="11" StartOffset="2753"/>
</LocList>
</BasicStmnt>
</StmntSeq>
</Branch>
<Branch CovItemId="B18" CovItemPrefix="game.PeasantsRevoltChess.java" Implct="true" Intrnl_Id="2924">
<Cond/>
<LocList/>
<StmntSeq Intrnl_Id="2925">
<LocList/>
</StmntSeq>
</Branch>
<Keyword EndOffset="2603" SrcFileId="11" StartOffset="2601"/>
<LocList>
<Loc EndOffset="2774" SrcFileId="11" StartOffset="2601"/>
</LocList>
<RootTerm CovItemId="C9" CovItemPrefix="game.PeasantsRevoltChess.java" Intrnl_Id="2926">
<OpTerm BooleanOpId="23" Intrnl_Id="2927">
<BasicBoolTerm Intrnl_Id="2928">
<LocList>
<Loc EndOffset="2626" SrcFileId="11" StartOffset="2604"/>
</LocList>
</BasicBoolTerm>
<BasicBoolTerm Intrnl_Id="2929">
<LocList>
<Loc EndOffset="2658" SrcFileId="11" StartOffset="2630"/>
</LocList>
</BasicBoolTerm>
<LocList>
<Loc EndOffset="2629" SrcFileId="11" StartOffset="2627"/>
</LocList>
</OpTerm>
</RootTerm>
</CondStmnt>
</StmntSeq>
</Branch>
<Branch CovItemId="B16" CovItemPrefix="game.PeasantsRevoltChess.java" Implct="true" Intrnl_Id="2930">
<Cond/>
<LocList/>
<StmntSeq Intrnl_Id="2931">
<LocList/>
</StmntSeq>
</Branch>
<Keyword EndOffset="2407" SrcFileId="11" StartOffset="2405"/>
<LocList>
<Loc EndOffset="2782" SrcFileId="11" StartOffset="2405"/>
</LocList>
<RootTerm CovItemId="C8" CovItemPrefix="game.PeasantsRevoltChess.java" Intrnl_Id="2932">
<BasicBoolTerm Intrnl_Id="2933">
<LocList>
<Loc EndOffset="2500" SrcFileId="11" StartOffset="2408"/>
</LocList>
</BasicBoolTerm>
</RootTerm>
</CondStmnt>
</StmntSeq>
</Branch>
<Branch CovItemId="B14" CovItemPrefix="game.PeasantsRevoltChess.java" Implct="true" Intrnl_Id="2934">
<Cond/>
<LocList/>
<StmntSeq Intrnl_Id="2935">
<LocList/>
</StmntSeq>
</Branch>
<Keyword EndOffset="2320" SrcFileId="11" StartOffset="2318"/>
<LocList>
<Loc EndOffset="2789" SrcFileId="11" StartOffset="2318"/>
</LocList>
<RootTerm CovItemId="C7" CovItemPrefix="game.PeasantsRevoltChess.java" Intrnl_Id="2936">
<BasicBoolTerm Intrnl_Id="2937">
<LocList>
<Loc EndOffset="2396" SrcFileId="11" StartOffset="2321"/>
</LocList>
</BasicBoolTerm>
</RootTerm>
</CondStmnt>
<BasicStmnt CovItemId="S38" CovItemPrefix="game.PeasantsRevoltChess.java" Intrnl_Id="2938">
<LocList>
<Loc EndOffset="2808" SrcFileId="11" StartOffset="2795"/>
</LocList>
</BasicStmnt>
</StmntSeq>
</Branch>
<Branch CovItemId="B12" CovItemPrefix="game.PeasantsRevoltChess.java" Implct="false" Intrnl_Id="2939">
<Cond>
<Loc EndOffset="2895" SrcFileId="11" StartOffset="2891"/>
</Cond>
<LocList>
<Loc EndOffset="2975" SrcFileId="11" StartOffset="2896"/>
</LocList>
<StmntSeq Intrnl_Id="2940">
<LocList>
<Loc EndOffset="2975" SrcFileId="11" StartOffset="2896"/>
</LocList>
<CondStmnt CovItemId="S39" CovItemPrefix="game.PeasantsRevoltChess.java" Intrnl_Id="2941">
<Branch CovItemId="B19" CovItemPrefix="game.PeasantsRevoltChess.java" Implct="false" Intrnl_Id="2942">
<Cond/>
<LocList>
<Loc EndOffset="2975" SrcFileId="11" StartOffset="2950"/>
</LocList>
<StmntSeq Intrnl_Id="2943">
<LocList>
<Loc EndOffset="2969" SrcFileId="11" StartOffset="2957"/>
</LocList>
<BasicStmnt CovItemId="S40" CovItemPrefix="game.PeasantsRevoltChess.java" Intrnl_Id="2944">
<LocList>
<Loc EndOffset="2969" SrcFileId="11" StartOffset="2957"/>
</LocList>
</BasicStmnt>
</StmntSeq>
</Branch>
<Branch CovItemId="B20" CovItemPrefix="game.PeasantsRevoltChess.java" Implct="true" Intrnl_Id="2945">
<Cond/>
<LocList/>
<StmntSeq Intrnl_Id="2946">
<LocList/>
</StmntSeq>
</Branch>
<Keyword EndOffset="2898" SrcFileId="11" StartOffset="2896"/>
<LocList>
<Loc EndOffset="2975" SrcFileId="11" StartOffset="2896"/>
</LocList>
<RootTerm CovItemId="C10" CovItemPrefix="game.PeasantsRevoltChess.java" Intrnl_Id="2947">
<BasicBoolTerm Intrnl_Id="2948">
<LocList>
<Loc EndOffset="2948" SrcFileId="11" StartOffset="2899"/>
</LocList>
</BasicBoolTerm>
</RootTerm>
</CondStmnt>
</StmntSeq>
</Branch>
<Keyword EndOffset="2133" SrcFileId="11" StartOffset="2131"/>
<LocList>
<Loc EndOffset="2975" SrcFileId="11" StartOffset="2131"/>
</LocList>
<RootTerm CovItemId="C6" CovItemPrefix="game.PeasantsRevoltChess.java" Intrnl_Id="2949">
<BasicBoolTerm Intrnl_Id="2950">
<LocList>
<Loc EndOffset="2164" SrcFileId="11" StartOffset="2134"/>
</LocList>
</BasicBoolTerm>
</RootTerm>
</CondStmnt>
</StmntSeq>
</Branch>
<Branch CovItemId="B10" CovItemPrefix="game.PeasantsRevoltChess.java" Implct="true" Intrnl_Id="2951">
<Cond/>
<LocList/>
<StmntSeq Intrnl_Id="2952">
<LocList/>
</StmntSeq>
</Branch>
<Keyword EndOffset="2063" SrcFileId="11" StartOffset="2061"/>
<LocList>
<Loc EndOffset="2980" SrcFileId="11" StartOffset="2061"/>
</LocList>
<RootTerm CovItemId="C5" CovItemPrefix="game.PeasantsRevoltChess.java" Intrnl_Id="2953">
<BasicBoolTerm Intrnl_Id="2954">
<LocList>
<Loc EndOffset="2080" SrcFileId="11" StartOffset="2064"/>
</LocList>
</BasicBoolTerm>
</RootTerm>
</CondStmnt>
</StmntSeq>
</Branch>
<Keyword EndOffset="1839" SrcFileId="11" StartOffset="1837"/>
<LocList>
<Loc EndOffset="2980" SrcFileId="11" StartOffset="1837"/>
</LocList>
<RootTerm CovItemId="C3" CovItemPrefix="game.PeasantsRevoltChess.java" Intrnl_Id="2955">
<BasicBoolTerm Intrnl_Id="2956">
<LocList>
<Loc EndOffset="1856" SrcFileId="11" StartOffset="1840"/>
</LocList>
</BasicBoolTerm>
</RootTerm>
</CondStmnt>
</StmntSeq>
</Branch>
<Branch CovItemId="B4" CovItemPrefix="game.PeasantsRevoltChess.java" Implct="false" Intrnl_Id="2957">
<Cond>
<Loc EndOffset="2991" SrcFileId="11" StartOffset="2987"/>
</Cond>
<LocList>
<Loc EndOffset="3422" SrcFileId="11" StartOffset="2992"/>
</LocList>
<StmntSeq Intrnl_Id="2958">
<LocList>
<Loc EndOffset="3422" SrcFileId="11" StartOffset="2992"/>
</LocList>
<CondStmnt CovItemId="S41" CovItemPrefix="game.PeasantsRevoltChess.java" Intrnl_Id="2959">
<Branch CovItemId="B21" CovItemPrefix="game.PeasantsRevoltChess.java" Implct="false" Intrnl_Id="2960">
<Cond/>
<LocList>
<Loc EndOffset="3422" SrcFileId="11" StartOffset="3077"/>
</LocList>
<StmntSeq Intrnl_Id="2961">
<LocList>
<Loc EndOffset="3418" SrcFileId="11" StartOffset="3234"/>
</LocList>
<CondStmnt CovItemId="S42" CovItemPrefix="game.PeasantsRevoltChess.java" Intrnl_Id="2962">
<Branch CovItemId="B23" CovItemPrefix="game.PeasantsRevoltChess.java" Implct="false" Intrnl_Id="2963">
<Cond/>
<LocList>
<Loc EndOffset="3385" SrcFileId="11" StartOffset="3362"/>
</LocList>
<StmntSeq Intrnl_Id="2964">
<LocList>
<Loc EndOffset="3380" SrcFileId="11" StartOffset="3368"/>
</LocList>
<BasicStmnt CovItemId="S43" CovItemPrefix="game.PeasantsRevoltChess.java" Intrnl_Id="2965">
<LocList>
<Loc EndOffset="3380" SrcFileId="11" StartOffset="3368"/>
</LocList>
</BasicStmnt>
</StmntSeq>
</Branch>
<Branch CovItemId="B24" CovItemPrefix="game.PeasantsRevoltChess.java" Implct="false" Intrnl_Id="2966">
<Cond>
<Loc EndOffset="3393" SrcFileId="11" StartOffset="3389"/>
</Cond>
<LocList>
<Loc EndOffset="3418" SrcFileId="11" StartOffset="3394"/>
</LocList>
<StmntSeq Intrnl_Id="2967">
<LocList>
<Loc EndOffset="3413" SrcFileId="11" StartOffset="3400"/>
</LocList>
<BasicStmnt CovItemId="S44" CovItemPrefix="game.PeasantsRevoltChess.java" Intrnl_Id="2968">
<LocList>
<Loc EndOffset="3413" SrcFileId="11" StartOffset="3400"/>
</LocList>
</BasicStmnt>
</StmntSeq>
</Branch>
<Keyword EndOffset="3236" SrcFileId="11" StartOffset="3234"/>
<LocList>
<Loc EndOffset="3418" SrcFileId="11" StartOffset="3234"/>
</LocList>
<RootTerm CovItemId="C12" CovItemPrefix="game.PeasantsRevoltChess.java" Intrnl_Id="2969">
<OpTerm BooleanOpId="23" Intrnl_Id="2970">
<BasicBoolTerm Intrnl_Id="2971">
<LocList>
<Loc EndOffset="3267" SrcFileId="11" StartOffset="3237"/>
</LocList>
</BasicBoolTerm>
<BasicBoolTerm Intrnl_Id="2972">
<LocList>
<Loc EndOffset="3360" SrcFileId="11" StartOffset="3271"/>
</LocList>
</BasicBoolTerm>
<LocList>
<Loc EndOffset="3270" SrcFileId="11" StartOffset="3268"/>
</LocList>
</OpTerm>
</RootTerm>
</CondStmnt>
</StmntSeq>
</Branch>
<Branch CovItemId="B22" CovItemPrefix="game.PeasantsRevoltChess.java" Implct="true" Intrnl_Id="2973">
<Cond/>
<LocList/>
<StmntSeq Intrnl_Id="2974">
<LocList/>
</StmntSeq>
</Branch>
<Keyword EndOffset="2994" SrcFileId="11" StartOffset="2992"/>
<LocList>
<Loc EndOffset="3422" SrcFileId="11" StartOffset="2992"/>
</LocList>
<RootTerm CovItemId="C11" CovItemPrefix="game.PeasantsRevoltChess.java" Intrnl_Id="2975">
<OpTerm BooleanOpId="23" Intrnl_Id="2976">
<OpTerm BooleanOpId="23" Intrnl_Id="2977">
<BasicBoolTerm Intrnl_Id="2978">
<LocList>
<Loc EndOffset="3023" SrcFileId="11" StartOffset="2995"/>
</LocList>
</BasicBoolTerm>
<BasicBoolTerm Intrnl_Id="2979">
<LocList>
<Loc EndOffset="3055" SrcFileId="11" StartOffset="3027"/>
</LocList>
</BasicBoolTerm>
<LocList>
<Loc EndOffset="3026" SrcFileId="11" StartOffset="3024"/>
</LocList>
</OpTerm>
<BasicBoolTerm Intrnl_Id="2980">
<LocList>
<Loc EndOffset="3075" SrcFileId="11" StartOffset="3059"/>
</LocList>
</BasicBoolTerm>
<LocList>
<Loc EndOffset="3058" SrcFileId="11" StartOffset="3056"/>
</LocList>
</OpTerm>
</RootTerm>
</CondStmnt>
</StmntSeq>
</Branch>
<Keyword EndOffset="1764" SrcFileId="11" StartOffset="1762"/>
<LocList>
<Loc EndOffset="3422" SrcFileId="11" StartOffset="1762"/>
</LocList>
<RootTerm CovItemId="C2" CovItemPrefix="game.PeasantsRevoltChess.java" Intrnl_Id="2981">
<BasicBoolTerm Intrnl_Id="2982">
<LocList>
<Loc EndOffset="1789" SrcFileId="11" StartOffset="1765"/>
</LocList>
</BasicBoolTerm>
</RootTerm>
</CondStmnt>
<BasicStmnt CovItemId="S45" CovItemPrefix="game.PeasantsRevoltChess.java" Intrnl_Id="2983">
<LocList>
<Loc EndOffset="3438" SrcFileId="11" StartOffset="3425"/>
</LocList>
</BasicStmnt>
</StmntSeq>
</HierarchyLvl>
<HierarchyLvl HierarchyLvlId="1080" HierarchyLvlTypeId="27" Intrnl_Id="2984" Name="validateQueenMove">
<Header>
<Loc EndOffset="3740" SrcFileId="11" StartOffset="3684"/>
</Header>
<LocList>
<Loc EndOffset="5104" SrcFileId="11" StartOffset="3684"/>
</LocList>
<StmntSeq Intrnl_Id="2985">
<LocList>
<Loc EndOffset="3874" SrcFileId="11" StartOffset="3802"/>
<Loc EndOffset="3949" SrcFileId="11" StartOffset="3877"/>
<Loc EndOffset="4096" SrcFileId="11" StartOffset="3986"/>
<Loc EndOffset="4113" SrcFileId="11" StartOffset="4100"/>
<Loc EndOffset="4129" SrcFileId="11" StartOffset="4116"/>
<Loc EndOffset="4227" SrcFileId="11" StartOffset="4150"/>
<Loc EndOffset="4322" SrcFileId="11" StartOffset="4245"/>
<Loc EndOffset="5084" SrcFileId="11" StartOffset="4349"/>
<Loc EndOffset="5101" SrcFileId="11" StartOffset="5088"/>
</LocList>
<BasicStmnt CovItemId="S46" CovItemPrefix="game.PeasantsRevoltChess.java" Intrnl_Id="2986">
<LocList>
<Loc EndOffset="3874" SrcFileId="11" StartOffset="3802"/>
</LocList>
</BasicStmnt>
<BasicStmnt CovItemId="S47" CovItemPrefix="game.PeasantsRevoltChess.java" Intrnl_Id="2987">
<LocList>
<Loc EndOffset="3949" SrcFileId="11" StartOffset="3877"/>
</LocList>
</BasicStmnt>
<CondStmnt CovItemId="S48" CovItemPrefix="game.PeasantsRevoltChess.java" Intrnl_Id="2988">
<Branch CovItemId="B25" CovItemPrefix="game.PeasantsRevoltChess.java" Implct="false" Intrnl_Id="2989">
<Cond/>
<LocList>
<Loc EndOffset="4096" SrcFileId="11" StartOffset="4074"/>
</LocList>
<StmntSeq Intrnl_Id="2990">
<LocList>
<Loc EndOffset="4092" SrcFileId="11" StartOffset="4079"/>
</LocList>
<BasicStmnt CovItemId="S49" CovItemPrefix="game.PeasantsRevoltChess.java" Intrnl_Id="2991">
<LocList>
<Loc EndOffset="4092" SrcFileId="11" StartOffset="4079"/>
</LocList>
</BasicStmnt>
</StmntSeq>
</Branch>
<Branch CovItemId="B26" CovItemPrefix="game.PeasantsRevoltChess.java" Implct="true" Intrnl_Id="2992">
<Cond/>
<LocList/>
<StmntSeq Intrnl_Id="2993">
<LocList/>
</StmntSeq>
</Branch>
<Keyword EndOffset="3988" SrcFileId="11" StartOffset="3986"/>
<LocList>
<Loc EndOffset="4096" SrcFileId="11" StartOffset="3986"/>
</LocList>
<RootTerm CovItemId="C13" CovItemPrefix="game.PeasantsRevoltChess.java" Intrnl_Id="2994">
<OpTerm BooleanOpId="23" Intrnl_Id="2995">
<BasicBoolTerm Intrnl_Id="2996">
<LocList>
<Loc EndOffset="4019" SrcFileId="11" StartOffset="3989"/>
</LocList>
</BasicBoolTerm>
<BasicBoolTerm Intrnl_Id="2997">
<LocList>
<Loc EndOffset="4072" SrcFileId="11" StartOffset="4023"/>
</LocList>
</BasicBoolTerm>
<LocList>
<Loc EndOffset="4022" SrcFileId="11" StartOffset="4020"/>
</LocList>
</OpTerm>
</RootTerm>
</CondStmnt>
<BasicStmnt CovItemId="S50" CovItemPrefix="game.PeasantsRevoltChess.java" Intrnl_Id="2998">
<LocList>
<Loc EndOffset="4113" SrcFileId="11" StartOffset="4100"/>
</LocList>
</BasicStmnt>
<BasicStmnt CovItemId="S51" CovItemPrefix="game.PeasantsRevoltChess.java" Intrnl_Id="2999">
<LocList>
<Loc EndOffset="4129" SrcFileId="11" StartOffset="4116"/>
</LocList>
</BasicStmnt>
<CondStmnt CovItemId="S52" CovItemPrefix="game.PeasantsRevoltChess.java" Intrnl_Id="3000">
<Branch CovItemId="B27" CovItemPrefix="game.PeasantsRevoltChess.java" Implct="false" Intrnl_Id="3001">
<Cond/>
<LocList>
<Loc EndOffset="4227" SrcFileId="11" StartOffset="4208"/>
</LocList>
<StmntSeq Intrnl_Id="3002">
<LocList>
<Loc EndOffset="4223" SrcFileId="11" StartOffset="4213"/>
</LocList>
<BasicStmnt CovItemId="S53" CovItemPrefix="game.PeasantsRevoltChess.java" Intrnl_Id="3003">
<LocList>
<Loc EndOffset="4223" SrcFileId="11" StartOffset="4213"/>
</LocList>
</BasicStmnt>
</StmntSeq>
</Branch>
<Branch CovItemId="B28" CovItemPrefix="game.PeasantsRevoltChess.java" Implct="true" Intrnl_Id="3004">
<Cond/>
<LocList/>
<StmntSeq Intrnl_Id="3005">
<LocList/>
</StmntSeq>
</Branch>
<Keyword EndOffset="4152" SrcFileId="11" StartOffset="4150"/>
<LocList>
<Loc EndOffset="4227" SrcFileId="11" StartOffset="4150"/>
</LocList>
<RootTerm CovItemId="C14" CovItemPrefix="game.PeasantsRevoltChess.java" Intrnl_Id="3006">
<BasicBoolTerm Intrnl_Id="3007">
<LocList>
<Loc EndOffset="4206" SrcFileId="11" StartOffset="4153"/>
</LocList>
</BasicBoolTerm>
</RootTerm>
</CondStmnt>
<CondStmnt CovItemId="S54" CovItemPrefix="game.PeasantsRevoltChess.java" Intrnl_Id="3008">
<Branch CovItemId="B29" CovItemPrefix="game.PeasantsRevoltChess.java" Implct="false" Intrnl_Id="3009">
<Cond/>
<LocList>
<Loc EndOffset="4322" SrcFileId="11" StartOffset="4303"/>
</LocList>
<StmntSeq Intrnl_Id="3010">
<LocList>
<Loc EndOffset="4318" SrcFileId="11" StartOffset="4308"/>
</LocList>
<BasicStmnt CovItemId="S55" CovItemPrefix="game.PeasantsRevoltChess.java" Intrnl_Id="3011">
<LocList>
<Loc EndOffset="4318" SrcFileId="11" StartOffset="4308"/>
</LocList>
</BasicStmnt>
</StmntSeq>
</Branch>
<Branch CovItemId="B30" CovItemPrefix="game.PeasantsRevoltChess.java" Implct="true" Intrnl_Id="3012">
<Cond/>
<LocList/>
<StmntSeq Intrnl_Id="3013">
<LocList/>
</StmntSeq>
</Branch>
<Keyword EndOffset="4247" SrcFileId="11" StartOffset="4245"/>
<LocList>
<Loc EndOffset="4322" SrcFileId="11" StartOffset="4245"/>
</LocList>
<RootTerm CovItemId="C15" CovItemPrefix="game.PeasantsRevoltChess.java" Intrnl_Id="3014">
<BasicBoolTerm Intrnl_Id="3015">
<LocList>
<Loc EndOffset="4301" SrcFileId="11" StartOffset="4248"/>
</LocList>
</BasicBoolTerm>
</RootTerm>
</CondStmnt>
<CondStmnt CovItemId="S56" CovItemPrefix="game.PeasantsRevoltChess.java" Intrnl_Id="3016">
<Branch CovItemId="B31" CovItemPrefix="game.PeasantsRevoltChess.java" Implct="false" Intrnl_Id="3017">
<Cond/>
<LocList>
<Loc EndOffset="4584" SrcFileId="11" StartOffset="4368"/>
</LocList>
<StmntSeq Intrnl_Id="3018">
<LocList>
<Loc EndOffset="4564" SrcFileId="11" StartOffset="4373"/>
<Loc EndOffset="4580" SrcFileId="11" StartOffset="4568"/>
</LocList>
<LoopStmnt CovItemId="S57" CovItemPrefix="game.PeasantsRevoltChess.java" Intrnl_Id="3019" MltplExecId="L1-2" MltplExecPrefix="game.PeasantsRevoltChess.java" NvrExecId="L1-0" NvrExecPrefix="game.PeasantsRevoltChess.java" OnceExecutedId="L1-1" OnceExecutedPrefix="game.PeasantsRevoltChess.java" OptBodyExec="true">
<StmntSeq Intrnl_Id="3020">
<LocList>
<Loc EndOffset="4508" SrcFileId="11" StartOffset="4409"/>
<Loc EndOffset="4559" SrcFileId="11" StartOffset="4513"/>
</LocList>
<BasicStmnt CovItemId="S58" CovItemPrefix="game.PeasantsRevoltChess.java" Intrnl_Id="3021">
<LocList>
<Loc EndOffset="4508" SrcFileId="11" StartOffset="4409"/>
</LocList>
</BasicStmnt>
<CondStmnt CovItemId="S59" CovItemPrefix="game.PeasantsRevoltChess.java" Intrnl_Id="3022">
<Branch CovItemId="B33" CovItemPrefix="game.PeasantsRevoltChess.java" Implct="false" Intrnl_Id="3023">
<Cond/>
<LocList>
<Loc EndOffset="4559" SrcFileId="11" StartOffset="4533"/>
</LocList>
<StmntSeq Intrnl_Id="3024">
<LocList>
<Loc EndOffset="4553" SrcFileId="11" StartOffset="4540"/>
</LocList>
<BasicStmnt CovItemId="S60" CovItemPrefix="game.PeasantsRevoltChess.java" Intrnl_Id="3025">
<LocList>
<Loc EndOffset="4553" SrcFileId="11" StartOffset="4540"/>
</LocList>
</BasicStmnt>
</StmntSeq>
</Branch>
<Branch CovItemId="B34" CovItemPrefix="game.PeasantsRevoltChess.java" Implct="true" Intrnl_Id="3026">
<Cond/>
<LocList/>
<StmntSeq Intrnl_Id="3027">
<LocList/>
</StmntSeq>
</Branch>
<Keyword EndOffset="4515" SrcFileId="11" StartOffset="4513"/>
<LocList>
<Loc EndOffset="4559" SrcFileId="11" StartOffset="4513"/>
</LocList>
<RootTerm CovItemId="C18" CovItemPrefix="game.PeasantsRevoltChess.java" Intrnl_Id="3028">
<BasicBoolTerm Intrnl_Id="3029">
<LocList>
<Loc EndOffset="4531" SrcFileId="11" StartOffset="4516"/>
</LocList>
</BasicBoolTerm>
</RootTerm>
</CondStmnt>
</StmntSeq>
<Keyword EndOffset="4376" SrcFileId="11" StartOffset="4373"/>
<LocList>
<Loc EndOffset="4564" SrcFileId="11" StartOffset="4373"/>
</LocList>
<RootTerm CovItemId="C17" CovItemPrefix="game.PeasantsRevoltChess.java" Intrnl_Id="3030">
<BasicBoolTerm Intrnl_Id="3031">
<LocList>
<Loc EndOffset="4395" SrcFileId="11" StartOffset="4386"/>
</LocList>
</BasicBoolTerm>
</RootTerm>
</LoopStmnt>
<BasicStmnt CovItemId="S61" CovItemPrefix="game.PeasantsRevoltChess.java" Intrnl_Id="3032">
<LocList>
<Loc EndOffset="4580" SrcFileId="11" StartOffset="4568"/>
</LocList>
</BasicStmnt>
</StmntSeq>
</Branch>
<Branch CovItemId="B32" CovItemPrefix="game.PeasantsRevoltChess.java" Implct="false" Intrnl_Id="3033">
<Cond>
<Loc EndOffset="4616" SrcFileId="11" StartOffset="4612"/>
</Cond>
<LocList>
<Loc EndOffset="5084" SrcFileId="11" StartOffset="4617"/>
</LocList>
<StmntSeq Intrnl_Id="3034">
<LocList>
<Loc EndOffset="5084" SrcFileId="11" StartOffset="4617"/>
</LocList>
<CondStmnt CovItemId="S62" CovItemPrefix="game.PeasantsRevoltChess.java" Intrnl_Id="3035">
<Branch CovItemId="B35" CovItemPrefix="game.PeasantsRevoltChess.java" Implct="false" Intrnl_Id="3036">
<Cond/>
<LocList>
<Loc EndOffset="4835" SrcFileId="11" StartOffset="4632"/>
</LocList>
<StmntSeq Intrnl_Id="3037">
<LocList>
<Loc EndOffset="4815" SrcFileId="11" StartOffset="4637"/>
<Loc EndOffset="4831" SrcFileId="11" StartOffset="4819"/>
</LocList>
<LoopStmnt CovItemId="S63" CovItemPrefix="game.PeasantsRevoltChess.java" Intrnl_Id="3038" MltplExecId="L2-2" MltplExecPrefix="game.PeasantsRevoltChess.java" NvrExecId="L2-0" NvrExecPrefix="game.PeasantsRevoltChess.java" OnceExecutedId="L2-1" OnceExecutedPrefix="game.PeasantsRevoltChess.java" OptBodyExec="true">
<StmntSeq Intrnl_Id="3039">
<LocList>
<Loc EndOffset="4759" SrcFileId="11" StartOffset="4673"/>
<Loc EndOffset="4810" SrcFileId="11" StartOffset="4764"/>
</LocList>
<BasicStmnt CovItemId="S64" CovItemPrefix="game.PeasantsRevoltChess.java" Intrnl_Id="3040">
<LocList>
<Loc EndOffset="4759" SrcFileId="11" StartOffset="4673"/>
</LocList>
</BasicStmnt>
<CondStmnt CovItemId="S65" CovItemPrefix="game.PeasantsRevoltChess.java" Intrnl_Id="3041">
<Branch CovItemId="B37" CovItemPrefix="game.PeasantsRevoltChess.java" Implct="false" Intrnl_Id="3042">
<Cond/>
<LocList>
<Loc EndOffset="4810" SrcFileId="11" StartOffset="4784"/>
</LocList>
<StmntSeq Intrnl_Id="3043">
<LocList>
<Loc EndOffset="4804" SrcFileId="11" StartOffset="4791"/>
</LocList>
<BasicStmnt CovItemId="S66" CovItemPrefix="game.PeasantsRevoltChess.java" Intrnl_Id="3044">
<LocList>
<Loc EndOffset="4804" SrcFileId="11" StartOffset="4791"/>
</LocList>
</BasicStmnt>
</StmntSeq>
</Branch>
<Branch CovItemId="B38" CovItemPrefix="game.PeasantsRevoltChess.java" Implct="true" Intrnl_Id="3045">
<Cond/>
<LocList/>
<StmntSeq Intrnl_Id="3046">
<LocList/>
</StmntSeq>
</Branch>
<Keyword EndOffset="4766" SrcFileId="11" StartOffset="4764"/>
<LocList>
<Loc EndOffset="4810" SrcFileId="11" StartOffset="4764"/>
</LocList>
<RootTerm CovItemId="C21" CovItemPrefix="game.PeasantsRevoltChess.java" Intrnl_Id="3047">
<BasicBoolTerm Intrnl_Id="3048">
<LocList>
<Loc EndOffset="4782" SrcFileId="11" StartOffset="4767"/>
</LocList>
</BasicBoolTerm>
</RootTerm>
</CondStmnt>
</StmntSeq>
<Keyword EndOffset="4640" SrcFileId="11" StartOffset="4637"/>
<LocList>
<Loc EndOffset="4815" SrcFileId="11" StartOffset="4637"/>
</LocList>
<RootTerm CovItemId="C20" CovItemPrefix="game.PeasantsRevoltChess.java" Intrnl_Id="3049">
<BasicBoolTerm Intrnl_Id="3050">
<LocList>
<Loc EndOffset="4659" SrcFileId="11" StartOffset="4650"/>
</LocList>
</BasicBoolTerm>
</RootTerm>
</LoopStmnt>
<BasicStmnt CovItemId="S67" CovItemPrefix="game.PeasantsRevoltChess.java" Intrnl_Id="3051">
<LocList>
<Loc EndOffset="4831" SrcFileId="11" StartOffset="4819"/>
</LocList>
</BasicStmnt>
</StmntSeq>
</Branch>
<Branch CovItemId="B36" CovItemPrefix="game.PeasantsRevoltChess.java" Implct="false" Intrnl_Id="3052">
<Cond>
<Loc EndOffset="4865" SrcFileId="11" StartOffset="4861"/>
</Cond>
<LocList>
<Loc EndOffset="5084" SrcFileId="11" StartOffset="4866"/>
</LocList>
<StmntSeq Intrnl_Id="3053">
<LocList>
<Loc EndOffset="5084" SrcFileId="11" StartOffset="4866"/>
</LocList>
<CondStmnt CovItemId="S68" CovItemPrefix="game.PeasantsRevoltChess.java" Intrnl_Id="3054">
<Branch CovItemId="B39" CovItemPrefix="game.PeasantsRevoltChess.java" Implct="false" Intrnl_Id="3055">
<Cond/>
<LocList>
<Loc EndOffset="5084" SrcFileId="11" StartOffset="4881"/>
</LocList>
<StmntSeq Intrnl_Id="3056">
<LocList>
<Loc EndOffset="5064" SrcFileId="11" StartOffset="4886"/>
<Loc EndOffset="5080" SrcFileId="11" StartOffset="5068"/>
</LocList>
<LoopStmnt CovItemId="S69" CovItemPrefix="game.PeasantsRevoltChess.java" Intrnl_Id="3057" MltplExecId="L3-2" MltplExecPrefix="game.PeasantsRevoltChess.java" NvrExecId="L3-0" NvrExecPrefix="game.PeasantsRevoltChess.java" OnceExecutedId="L3-1" OnceExecutedPrefix="game.PeasantsRevoltChess.java" OptBodyExec="true">
<StmntSeq Intrnl_Id="3058">
<LocList>
<Loc EndOffset="5008" SrcFileId="11" StartOffset="4922"/>
<Loc EndOffset="5059" SrcFileId="11" StartOffset="5013"/>
</LocList>
<BasicStmnt CovItemId="S70" CovItemPrefix="game.PeasantsRevoltChess.java" Intrnl_Id="3059">
<LocList>
<Loc EndOffset="5008" SrcFileId="11" StartOffset="4922"/>
</LocList>
</BasicStmnt>
<CondStmnt CovItemId="S71" CovItemPrefix="game.PeasantsRevoltChess.java" Intrnl_Id="3060">
<Branch CovItemId="B41" CovItemPrefix="game.PeasantsRevoltChess.java" Implct="false" Intrnl_Id="3061">
<Cond/>
<LocList>
<Loc EndOffset="5059" SrcFileId="11" StartOffset="5033"/>
</LocList>
<StmntSeq Intrnl_Id="3062">
<LocList>
<Loc EndOffset="5053" SrcFileId="11" StartOffset="5040"/>
</LocList>
<BasicStmnt CovItemId="S72" CovItemPrefix="game.PeasantsRevoltChess.java" Intrnl_Id="3063">
<LocList>
<Loc EndOffset="5053" SrcFileId="11" StartOffset="5040"/>
</LocList>
</BasicStmnt>
</StmntSeq>
</Branch>
<Branch CovItemId="B42" CovItemPrefix="game.PeasantsRevoltChess.java" Implct="true" Intrnl_Id="3064">
<Cond/>
<LocList/>
<StmntSeq Intrnl_Id="3065">
<LocList/>
</StmntSeq>
</Branch>
<Keyword EndOffset="5015" SrcFileId="11" StartOffset="5013"/>
<LocList>
<Loc EndOffset="5059" SrcFileId="11" StartOffset="5013"/>
</LocList>
<RootTerm CovItemId="C24" CovItemPrefix="game.PeasantsRevoltChess.java" Intrnl_Id="3066">
<BasicBoolTerm Intrnl_Id="3067">
<LocList>
<Loc EndOffset="5031" SrcFileId="11" StartOffset="5016"/>
</LocList>
</BasicBoolTerm>
</RootTerm>
</CondStmnt>
</StmntSeq>
<Keyword EndOffset="4889" SrcFileId="11" StartOffset="4886"/>
<LocList>
<Loc EndOffset="5064" SrcFileId="11" StartOffset="4886"/>
</LocList>
<RootTerm CovItemId="C23" CovItemPrefix="game.PeasantsRevoltChess.java" Intrnl_Id="3068">
<BasicBoolTerm Intrnl_Id="3069">
<LocList>
<Loc EndOffset="4908" SrcFileId="11" StartOffset="4899"/>
</LocList>
</BasicBoolTerm>
</RootTerm>
</LoopStmnt>
<BasicStmnt CovItemId="S73" CovItemPrefix="game.PeasantsRevoltChess.java" Intrnl_Id="3070">
<LocList>
<Loc EndOffset="5080" SrcFileId="11" StartOffset="5068"/>
</LocList>
</BasicStmnt>
</StmntSeq>
</Branch>
<Branch CovItemId="B40" CovItemPrefix="game.PeasantsRevoltChess.java" Implct="true" Intrnl_Id="3071">
<Cond/>
<LocList/>
<StmntSeq Intrnl_Id="3072">
<LocList/>
</StmntSeq>
</Branch>
<Keyword EndOffset="4868" SrcFileId="11" StartOffset="4866"/>
<LocList>
<Loc EndOffset="5084" SrcFileId="11" StartOffset="4866"/>
</LocList>
<RootTerm CovItemId="C22" CovItemPrefix="game.PeasantsRevoltChess.java" Intrnl_Id="3073">
<BasicBoolTerm Intrnl_Id="3074">
<LocList>
<Loc EndOffset="4879" SrcFileId="11" StartOffset="4869"/>
</LocList>
</BasicBoolTerm>
</RootTerm>
</CondStmnt>
</StmntSeq>
</Branch>
<Keyword EndOffset="4619" SrcFileId="11" StartOffset="4617"/>
<LocList>
<Loc EndOffset="5084" SrcFileId="11" StartOffset="4617"/>
</LocList>
<RootTerm CovItemId="C19" CovItemPrefix="game.PeasantsRevoltChess.java" Intrnl_Id="3075">
<BasicBoolTerm Intrnl_Id="3076">
<LocList>
<Loc EndOffset="4630" SrcFileId="11" StartOffset="4620"/>
</LocList>
</BasicBoolTerm>
</RootTerm>
</CondStmnt>
</StmntSeq>
</Branch>
<Keyword EndOffset="4351" SrcFileId="11" StartOffset="4349"/>
<LocList>
<Loc EndOffset="5084" SrcFileId="11" StartOffset="4349"/>
</LocList>
<RootTerm CovItemId="C16" CovItemPrefix="game.PeasantsRevoltChess.java" Intrnl_Id="3077">
<BasicBoolTerm Intrnl_Id="3078">
<LocList>
<Loc EndOffset="4366" SrcFileId="11" StartOffset="4352"/>
</LocList>
</BasicBoolTerm>
</RootTerm>
</CondStmnt>
<BasicStmnt CovItemId="S74" CovItemPrefix="game.PeasantsRevoltChess.java" Intrnl_Id="3079">
<LocList>
<Loc EndOffset="5101" SrcFileId="11" StartOffset="5088"/>
</LocList>
</BasicStmnt>
</StmntSeq>
</HierarchyLvl>
<HierarchyLvl HierarchyLvlId="1081" HierarchyLvlTypeId="27" Intrnl_Id="3080" Name="validateBishopMove">
<Header>
<Loc EndOffset="5404" SrcFileId="11" StartOffset="5347"/>
</Header>
<LocList>
<Loc EndOffset="6278" SrcFileId="11" StartOffset="5347"/>
</LocList>
<StmntSeq Intrnl_Id="3081">
<LocList>
<Loc EndOffset="5538" SrcFileId="11" StartOffset="5466"/>
<Loc EndOffset="5613" SrcFileId="11" StartOffset="5541"/>
<Loc EndOffset="5760" SrcFileId="11" StartOffset="5650"/>
<Loc EndOffset="6258" SrcFileId="11" StartOffset="5787"/>
<Loc EndOffset="6275" SrcFileId="11" StartOffset="6262"/>
</LocList>
<BasicStmnt CovItemId="S75" CovItemPrefix="game.PeasantsRevoltChess.java" Intrnl_Id="3082">
<LocList>
<Loc EndOffset="5538" SrcFileId="11" StartOffset="5466"/>
</LocList>
</BasicStmnt>
<BasicStmnt CovItemId="S76" CovItemPrefix="game.PeasantsRevoltChess.java" Intrnl_Id="3083">
<LocList>
<Loc EndOffset="5613" SrcFileId="11" StartOffset="5541"/>
</LocList>
</BasicStmnt>
<CondStmnt CovItemId="S77" CovItemPrefix="game.PeasantsRevoltChess.java" Intrnl_Id="3084">
<Branch CovItemId="B43" CovItemPrefix="game.PeasantsRevoltChess.java" Implct="false" Intrnl_Id="3085">
<Cond/>
<LocList>
<Loc EndOffset="5760" SrcFileId="11" StartOffset="5738"/>
</LocList>
<StmntSeq Intrnl_Id="3086">
<LocList>
<Loc EndOffset="5756" SrcFileId="11" StartOffset="5743"/>
</LocList>
<BasicStmnt CovItemId="S78" CovItemPrefix="game.PeasantsRevoltChess.java" Intrnl_Id="3087">
<LocList>
<Loc EndOffset="5756" SrcFileId="11" StartOffset="5743"/>
</LocList>
</BasicStmnt>
</StmntSeq>
</Branch>
<Branch CovItemId="B44" CovItemPrefix="game.PeasantsRevoltChess.java" Implct="true" Intrnl_Id="3088">
<Cond/>
<LocList/>
<StmntSeq Intrnl_Id="3089">
<LocList/>
</StmntSeq>
</Branch>
<Keyword EndOffset="5652" SrcFileId="11" StartOffset="5650"/>
<LocList>
<Loc EndOffset="5760" SrcFileId="11" StartOffset="5650"/>
</LocList>
<RootTerm CovItemId="C25" CovItemPrefix="game.PeasantsRevoltChess.java" Intrnl_Id="3090">
<OpTerm BooleanOpId="23" Intrnl_Id="3091">
<BasicBoolTerm Intrnl_Id="3092">
<LocList>
<Loc EndOffset="5683" SrcFileId="11" StartOffset="5653"/>
</LocList>
</BasicBoolTerm>
<BasicBoolTerm Intrnl_Id="3093">
<LocList>
<Loc EndOffset="5736" SrcFileId="11" StartOffset="5687"/>
</LocList>
</BasicBoolTerm>
<LocList>
<Loc EndOffset="5686" SrcFileId="11" StartOffset="5684"/>
</LocList>
</OpTerm>
</RootTerm>
</CondStmnt>
<CondStmnt CovItemId="S79" CovItemPrefix="game.PeasantsRevoltChess.java" Intrnl_Id="3094">
<Branch CovItemId="B45" CovItemPrefix="game.PeasantsRevoltChess.java" Implct="false" Intrnl_Id="3095">
<Cond/>
<LocList>
<Loc EndOffset="6258" SrcFileId="11" StartOffset="5806"/>
</LocList>
<StmntSeq Intrnl_Id="3096">
<LocList>
<Loc EndOffset="5824" SrcFileId="11" StartOffset="5811"/>
<Loc EndOffset="5841" SrcFileId="11" StartOffset="5828"/>
<Loc EndOffset="5943" SrcFileId="11" StartOffset="5864"/>
<Loc EndOffset="6042" SrcFileId="11" StartOffset="5963"/>
<Loc EndOffset="6238" SrcFileId="11" StartOffset="6047"/>
<Loc EndOffset="6254" SrcFileId="11" StartOffset="6242"/>
</LocList>
<BasicStmnt CovItemId="S80" CovItemPrefix="game.PeasantsRevoltChess.java" Intrnl_Id="3097">
<LocList>
<Loc EndOffset="5824" SrcFileId="11" StartOffset="5811"/>
</LocList>
</BasicStmnt>
<BasicStmnt CovItemId="S81" CovItemPrefix="game.PeasantsRevoltChess.java" Intrnl_Id="3098">
<LocList>
<Loc EndOffset="5841" SrcFileId="11" StartOffset="5828"/>
</LocList>
</BasicStmnt>
<CondStmnt CovItemId="S82" CovItemPrefix="game.PeasantsRevoltChess.java" Intrnl_Id="3099">
<Branch CovItemId="B47" CovItemPrefix="game.PeasantsRevoltChess.java" Implct="false" Intrnl_Id="3100">
<Cond/>
<LocList>
<Loc EndOffset="5943" SrcFileId="11" StartOffset="5922"/>
</LocList>
<StmntSeq Intrnl_Id="3101">
<LocList>
<Loc EndOffset="5938" SrcFileId="11" StartOffset="5928"/>
</LocList>
<BasicStmnt CovItemId="S83" CovItemPrefix="game.PeasantsRevoltChess.java" Intrnl_Id="3102">
<LocList>
<Loc EndOffset="5938" SrcFileId="11" StartOffset="5928"/>
</LocList>
</BasicStmnt>
</StmntSeq>
</Branch>
<Branch CovItemId="B48" CovItemPrefix="game.PeasantsRevoltChess.java" Implct="true" Intrnl_Id="3103">
<Cond/>
<LocList/>
<StmntSeq Intrnl_Id="3104">
<LocList/>
</StmntSeq>
</Branch>
<Keyword EndOffset="5866" SrcFileId="11" StartOffset="5864"/>
<LocList>
<Loc EndOffset="5943" SrcFileId="11" StartOffset="5864"/>
</LocList>
<RootTerm CovItemId="C27" CovItemPrefix="game.PeasantsRevoltChess.java" Intrnl_Id="3105">
<BasicBoolTerm Intrnl_Id="3106">
<LocList>
<Loc EndOffset="5920" SrcFileId="11" StartOffset="5867"/>
</LocList>
</BasicBoolTerm>
</RootTerm>
</CondStmnt>
<CondStmnt CovItemId="S84" CovItemPrefix="game.PeasantsRevoltChess.java" Intrnl_Id="3107">
<Branch CovItemId="B49" CovItemPrefix="game.PeasantsRevoltChess.java" Implct="false" Intrnl_Id="3108">
<Cond/>
<LocList>
<Loc EndOffset="6042" SrcFileId="11" StartOffset="6021"/>
</LocList>
<StmntSeq Intrnl_Id="3109">
<LocList>
<Loc EndOffset="6037" SrcFileId="11" StartOffset="6027"/>
</LocList>
<BasicStmnt CovItemId="S85" CovItemPrefix="game.PeasantsRevoltChess.java" Intrnl_Id="3110">
<LocList>
<Loc EndOffset="6037" SrcFileId="11" StartOffset="6027"/>
</LocList>
</BasicStmnt>
</StmntSeq>
</Branch>
<Branch CovItemId="B50" CovItemPrefix="game.PeasantsRevoltChess.java" Implct="true" Intrnl_Id="3111">
<Cond/>
<LocList/>
<StmntSeq Intrnl_Id="3112">
<LocList/>
</StmntSeq>
</Branch>
<Keyword EndOffset="5965" SrcFileId="11" StartOffset="5963"/>
<LocList>
<Loc EndOffset="6042" SrcFileId="11" StartOffset="5963"/>
</LocList>
<RootTerm CovItemId="C28" CovItemPrefix="game.PeasantsRevoltChess.java" Intrnl_Id="3113">
<BasicBoolTerm Intrnl_Id="3114">
<LocList>
<Loc EndOffset="6019" SrcFileId="11" StartOffset="5966"/>
</LocList>
</BasicBoolTerm>
</RootTerm>
</CondStmnt>
<LoopStmnt CovItemId="S86" CovItemPrefix="game.PeasantsRevoltChess.java" Intrnl_Id="3115" MltplExecId="L4-2" MltplExecPrefix="game.PeasantsRevoltChess.java" NvrExecId="L4-0" NvrExecPrefix="game.PeasantsRevoltChess.java" OnceExecutedId="L4-1" OnceExecutedPrefix="game.PeasantsRevoltChess.java" OptBodyExec="true">
<StmntSeq Intrnl_Id="3116">
<LocList>
<Loc EndOffset="6182" SrcFileId="11" StartOffset="6083"/>
<Loc EndOffset="6233" SrcFileId="11" StartOffset="6187"/>
</LocList>
<BasicStmnt CovItemId="S87" CovItemPrefix="game.PeasantsRevoltChess.java" Intrnl_Id="3117">
<LocList>
<Loc EndOffset="6182" SrcFileId="11" StartOffset="6083"/>
</LocList>
</BasicStmnt>
<CondStmnt CovItemId="S88" CovItemPrefix="game.PeasantsRevoltChess.java" Intrnl_Id="3118">
<Branch CovItemId="B51" CovItemPrefix="game.PeasantsRevoltChess.java" Implct="false" Intrnl_Id="3119">
<Cond/>
<LocList>
<Loc EndOffset="6233" SrcFileId="11" StartOffset="6207"/>
</LocList>
<StmntSeq Intrnl_Id="3120">
<LocList>
<Loc EndOffset="6227" SrcFileId="11" StartOffset="6214"/>
</LocList>
<BasicStmnt CovItemId="S89" CovItemPrefix="game.PeasantsRevoltChess.java" Intrnl_Id="3121">
<LocList>
<Loc EndOffset="6227" SrcFileId="11" StartOffset="6214"/>
</LocList>
</BasicStmnt>
</StmntSeq>
</Branch>
<Branch CovItemId="B52" CovItemPrefix="game.PeasantsRevoltChess.java" Implct="true" Intrnl_Id="3122">
<Cond/>
<LocList/>
<StmntSeq Intrnl_Id="3123">
<LocList/>
</StmntSeq>
</Branch>
<Keyword EndOffset="6189" SrcFileId="11" StartOffset="6187"/>
<LocList>
<Loc EndOffset="6233" SrcFileId="11" StartOffset="6187"/>
</LocList>
<RootTerm CovItemId="C30" CovItemPrefix="game.PeasantsRevoltChess.java" Intrnl_Id="3124">
<BasicBoolTerm Intrnl_Id="3125">
<LocList>
<Loc EndOffset="6205" SrcFileId="11" StartOffset="6190"/>
</LocList>
</BasicBoolTerm>
</RootTerm>
</CondStmnt>
</StmntSeq>
<Keyword EndOffset="6050" SrcFileId="11" StartOffset="6047"/>
<LocList>
<Loc EndOffset="6238" SrcFileId="11" StartOffset="6047"/>
</LocList>
<RootTerm CovItemId="C29" CovItemPrefix="game.PeasantsRevoltChess.java" Intrnl_Id="3126">
<BasicBoolTerm Intrnl_Id="3127">
<LocList>
<Loc EndOffset="6069" SrcFileId="11" StartOffset="6060"/>
</LocList>
</BasicBoolTerm>
</RootTerm>
</LoopStmnt>
<BasicStmnt CovItemId="S90" CovItemPrefix="game.PeasantsRevoltChess.java" Intrnl_Id="3128">
<LocList>
<Loc EndOffset="6254" SrcFileId="11" StartOffset="6242"/>
</LocList>
</BasicStmnt>
</StmntSeq>
</Branch>
<Branch CovItemId="B46" CovItemPrefix="game.PeasantsRevoltChess.java" Implct="true" Intrnl_Id="3129">
<Cond/>
<LocList/>
<StmntSeq Intrnl_Id="3130">
<LocList/>
</StmntSeq>
</Branch>
<Keyword EndOffset="5789" SrcFileId="11" StartOffset="5787"/>
<LocList>
<Loc EndOffset="6258" SrcFileId="11" StartOffset="5787"/>
</LocList>
<RootTerm CovItemId="C26" CovItemPrefix="game.PeasantsRevoltChess.java" Intrnl_Id="3131">
<BasicBoolTerm Intrnl_Id="3132">
<LocList>
<Loc EndOffset="5804" SrcFileId="11" StartOffset="5790"/>
</LocList>
</BasicBoolTerm>
</RootTerm>
</CondStmnt>
<BasicStmnt CovItemId="S91" CovItemPrefix="game.PeasantsRevoltChess.java" Intrnl_Id="3133">
<LocList>
<Loc EndOffset="6275" SrcFileId="11" StartOffset="6262"/>
</LocList>
</BasicStmnt>
</StmntSeq>
</HierarchyLvl>
<HierarchyLvl HierarchyLvlId="1082" HierarchyLvlTypeId="27" Intrnl_Id="3134" Name="validateRookMove">
<Header>
<Loc EndOffset="6576" SrcFileId="11" StartOffset="6521"/>
</Header>
<LocList>
<Loc EndOffset="7675" SrcFileId="11" StartOffset="6521"/>
</LocList>
<StmntSeq Intrnl_Id="3135">
<LocList>
<Loc EndOffset="6710" SrcFileId="11" StartOffset="6638"/>
<Loc EndOffset="6785" SrcFileId="11" StartOffset="6713"/>
<Loc EndOffset="6932" SrcFileId="11" StartOffset="6822"/>
<Loc EndOffset="6949" SrcFileId="11" StartOffset="6936"/>
<Loc EndOffset="6965" SrcFileId="11" StartOffset="6952"/>
<Loc EndOffset="7063" SrcFileId="11" StartOffset="6986"/>
<Loc EndOffset="7158" SrcFileId="11" StartOffset="7081"/>
<Loc EndOffset="7655" SrcFileId="11" StartOffset="7185"/>
<Loc EndOffset="7672" SrcFileId="11" StartOffset="7659"/>
</LocList>
<BasicStmnt CovItemId="S92" CovItemPrefix="game.PeasantsRevoltChess.java" Intrnl_Id="3136">
<LocList>
<Loc EndOffset="6710" SrcFileId="11" StartOffset="6638"/>
</LocList>
</BasicStmnt>
<BasicStmnt CovItemId="S93" CovItemPrefix="game.PeasantsRevoltChess.java" Intrnl_Id="3137">
<LocList>
<Loc EndOffset="6785" SrcFileId="11" StartOffset="6713"/>
</LocList>
</BasicStmnt>
<CondStmnt CovItemId="S94" CovItemPrefix="game.PeasantsRevoltChess.java" Intrnl_Id="3138">
<Branch CovItemId="B53" CovItemPrefix="game.PeasantsRevoltChess.java" Implct="false" Intrnl_Id="3139">
<Cond/>
<LocList>
<Loc EndOffset="6932" SrcFileId="11" StartOffset="6910"/>
</LocList>
<StmntSeq Intrnl_Id="3140">
<LocList>
<Loc EndOffset="6928" SrcFileId="11" StartOffset="6915"/>
</LocList>
<BasicStmnt CovItemId="S95" CovItemPrefix="game.PeasantsRevoltChess.java" Intrnl_Id="3141">
<LocList>
<Loc EndOffset="6928" SrcFileId="11" StartOffset="6915"/>
</LocList>
</BasicStmnt>
</StmntSeq>
</Branch>
<Branch CovItemId="B54" CovItemPrefix="game.PeasantsRevoltChess.java" Implct="true" Intrnl_Id="3142">
<Cond/>
<LocList/>
<StmntSeq Intrnl_Id="3143">
<LocList/>
</StmntSeq>
</Branch>
<Keyword EndOffset="6824" SrcFileId="11" StartOffset="6822"/>
<LocList>
<Loc EndOffset="6932" SrcFileId="11" StartOffset="6822"/>
</LocList>
<RootTerm CovItemId="C31" CovItemPrefix="game.PeasantsRevoltChess.java" Intrnl_Id="3144">
<OpTerm BooleanOpId="23" Intrnl_Id="3145">
<BasicBoolTerm Intrnl_Id="3146">
<LocList>
<Loc EndOffset="6855" SrcFileId="11" StartOffset="6825"/>
</LocList>
</BasicBoolTerm>
<BasicBoolTerm Intrnl_Id="3147">
<LocList>
<Loc EndOffset="6908" SrcFileId="11" StartOffset="6859"/>
</LocList>
</BasicBoolTerm>
<LocList>
<Loc EndOffset="6858" SrcFileId="11" StartOffset="6856"/>
</LocList>
</OpTerm>
</RootTerm>
</CondStmnt>
<BasicStmnt CovItemId="S96" CovItemPrefix="game.PeasantsRevoltChess.java" Intrnl_Id="3148">
<LocList>
<Loc EndOffset="6949" SrcFileId="11" StartOffset="6936"/>
</LocList>
</BasicStmnt>
<BasicStmnt CovItemId="S97" CovItemPrefix="game.PeasantsRevoltChess.java" Intrnl_Id="3149">
<LocList>
<Loc EndOffset="6965" SrcFileId="11" StartOffset="6952"/>
</LocList>
</BasicStmnt>
<CondStmnt CovItemId="S98" CovItemPrefix="game.PeasantsRevoltChess.java" Intrnl_Id="3150">
<Branch CovItemId="B55" CovItemPrefix="game.PeasantsRevoltChess.java" Implct="false" Intrnl_Id="3151">
<Cond/>
<LocList>
<Loc EndOffset="7063" SrcFileId="11" StartOffset="7044"/>
</LocList>
<StmntSeq Intrnl_Id="3152">
<LocList>
<Loc EndOffset="7059" SrcFileId="11" StartOffset="7049"/>
</LocList>
<BasicStmnt CovItemId="S99" CovItemPrefix="game.PeasantsRevoltChess.java" Intrnl_Id="3153">
<LocList>
<Loc EndOffset="7059" SrcFileId="11" StartOffset="7049"/>
</LocList>
</BasicStmnt>
</StmntSeq>
</Branch>
<Branch CovItemId="B56" CovItemPrefix="game.PeasantsRevoltChess.java" Implct="true" Intrnl_Id="3154">
<Cond/>
<LocList/>
<StmntSeq Intrnl_Id="3155">
<LocList/>
</StmntSeq>
</Branch>
<Keyword EndOffset="6988" SrcFileId="11" StartOffset="6986"/>
<LocList>
<Loc EndOffset="7063" SrcFileId="11" StartOffset="6986"/>
</LocList>
<RootTerm CovItemId="C32" CovItemPrefix="game.PeasantsRevoltChess.java" Intrnl_Id="3156">
<BasicBoolTerm Intrnl_Id="3157">
<LocList>
<Loc EndOffset="7042" SrcFileId="11" StartOffset="6989"/>
</LocList>
</BasicBoolTerm>
</RootTerm>
</CondStmnt>
<CondStmnt CovItemId="S100" CovItemPrefix="game.PeasantsRevoltChess.java" Intrnl_Id="3158">
<Branch CovItemId="B57" CovItemPrefix="game.PeasantsRevoltChess.java" Implct="false" Intrnl_Id="3159">
<Cond/>
<LocList>
<Loc EndOffset="7158" SrcFileId="11" StartOffset="7139"/>
</LocList>
<StmntSeq Intrnl_Id="3160">
<LocList>
<Loc EndOffset="7154" SrcFileId="11" StartOffset="7144"/>
</LocList>
<BasicStmnt CovItemId="S101" CovItemPrefix="game.PeasantsRevoltChess.java" Intrnl_Id="3161">
<LocList>
<Loc EndOffset="7154" SrcFileId="11" StartOffset="7144"/>
</LocList>
</BasicStmnt>
</StmntSeq>
</Branch>
<Branch CovItemId="B58" CovItemPrefix="game.PeasantsRevoltChess.java" Implct="true" Intrnl_Id="3162">
<Cond/>
<LocList/>
<StmntSeq Intrnl_Id="3163">
<LocList/>
</StmntSeq>
</Branch>
<Keyword EndOffset="7083" SrcFileId="11" StartOffset="7081"/>
<LocList>
<Loc EndOffset="7158" SrcFileId="11" StartOffset="7081"/>
</LocList>
<RootTerm CovItemId="C33" CovItemPrefix="game.PeasantsRevoltChess.java" Intrnl_Id="3164">
<BasicBoolTerm Intrnl_Id="3165">
<LocList>
<Loc EndOffset="7137" SrcFileId="11" StartOffset="7084"/>
</LocList>
</BasicBoolTerm>
</RootTerm>
</CondStmnt>
<CondStmnt CovItemId="S102" CovItemPrefix="game.PeasantsRevoltChess.java" Intrnl_Id="3166">
<Branch CovItemId="B59" CovItemPrefix="game.PeasantsRevoltChess.java" Implct="false" Intrnl_Id="3167">
<Cond/>
<LocList>
<Loc EndOffset="7404" SrcFileId="11" StartOffset="7200"/>
</LocList>
<StmntSeq Intrnl_Id="3168">
<LocList>
<Loc EndOffset="7384" SrcFileId="11" StartOffset="7205"/>
<Loc EndOffset="7400" SrcFileId="11" StartOffset="7388"/>
</LocList>
<LoopStmnt CovItemId="S103" CovItemPrefix="game.PeasantsRevoltChess.java" Intrnl_Id="3169" MltplExecId="L5-2" MltplExecPrefix="game.PeasantsRevoltChess.java" NvrExecId="L5-0" NvrExecPrefix="game.PeasantsRevoltChess.java" OnceExecutedId="L5-1" OnceExecutedPrefix="game.PeasantsRevoltChess.java" OptBodyExec="true">
<StmntSeq Intrnl_Id="3170">
<LocList>
<Loc EndOffset="7328" SrcFileId="11" StartOffset="7242"/>
<Loc EndOffset="7379" SrcFileId="11" StartOffset="7333"/>
</LocList>
<BasicStmnt CovItemId="S104" CovItemPrefix="game.PeasantsRevoltChess.java" Intrnl_Id="3171">
<LocList>
<Loc EndOffset="7328" SrcFileId="11" StartOffset="7242"/>
</LocList>
</BasicStmnt>
<CondStmnt CovItemId="S105" CovItemPrefix="game.PeasantsRevoltChess.java" Intrnl_Id="3172">
<Branch CovItemId="B61" CovItemPrefix="game.PeasantsRevoltChess.java" Implct="false" Intrnl_Id="3173">
<Cond/>
<LocList>
<Loc EndOffset="7379" SrcFileId="11" StartOffset="7353"/>
</LocList>
<StmntSeq Intrnl_Id="3174">
<LocList>
<Loc EndOffset="7373" SrcFileId="11" StartOffset="7360"/>
</LocList>
<BasicStmnt CovItemId="S106" CovItemPrefix="game.PeasantsRevoltChess.java" Intrnl_Id="3175">
<LocList>
<Loc EndOffset="7373" SrcFileId="11" StartOffset="7360"/>
</LocList>
</BasicStmnt>
</StmntSeq>
</Branch>
<Branch CovItemId="B62" CovItemPrefix="game.PeasantsRevoltChess.java" Implct="true" Intrnl_Id="3176">
<Cond/>
<LocList/>
<StmntSeq Intrnl_Id="3177">
<LocList/>
</StmntSeq>
</Branch>
<Keyword EndOffset="7335" SrcFileId="11" StartOffset="7333"/>
<LocList>
<Loc EndOffset="7379" SrcFileId="11" StartOffset="7333"/>
</LocList>
<RootTerm CovItemId="C36" CovItemPrefix="game.PeasantsRevoltChess.java" Intrnl_Id="3178">
<BasicBoolTerm Intrnl_Id="3179">
<LocList>
<Loc EndOffset="7351" SrcFileId="11" StartOffset="7336"/>
</LocList>
</BasicBoolTerm>
</RootTerm>
</CondStmnt>
</StmntSeq>
<Keyword EndOffset="7208" SrcFileId="11" StartOffset="7205"/>
<LocList>
<Loc EndOffset="7384" SrcFileId="11" StartOffset="7205"/>
</LocList>
<RootTerm CovItemId="C35" CovItemPrefix="game.PeasantsRevoltChess.java" Intrnl_Id="3180">
<BasicBoolTerm Intrnl_Id="3181">
<LocList>
<Loc EndOffset="7227" SrcFileId="11" StartOffset="7218"/>
</LocList>
</BasicBoolTerm>
</RootTerm>
</LoopStmnt>
<BasicStmnt CovItemId="S107" CovItemPrefix="game.PeasantsRevoltChess.java" Intrnl_Id="3182">
<LocList>
<Loc EndOffset="7400" SrcFileId="11" StartOffset="7388"/>
</LocList>
</BasicStmnt>
</StmntSeq>
</Branch>
<Branch CovItemId="B60" CovItemPrefix="game.PeasantsRevoltChess.java" Implct="false" Intrnl_Id="3183">
<Cond>
<Loc EndOffset="7436" SrcFileId="11" StartOffset="7432"/>
</Cond>
<LocList>
<Loc EndOffset="7655" SrcFileId="11" StartOffset="7437"/>
</LocList>
<StmntSeq Intrnl_Id="3184">
<LocList>
<Loc EndOffset="7655" SrcFileId="11" StartOffset="7437"/>
</LocList>
<CondStmnt CovItemId="S108" CovItemPrefix="game.PeasantsRevoltChess.java" Intrnl_Id="3185">
<Branch CovItemId="B63" CovItemPrefix="game.PeasantsRevoltChess.java" Implct="false" Intrnl_Id="3186">
<Cond/>
<LocList>
<Loc EndOffset="7655" SrcFileId="11" StartOffset="7452"/>
</LocList>
<StmntSeq Intrnl_Id="3187">
<LocList>
<Loc EndOffset="7635" SrcFileId="11" StartOffset="7457"/>
<Loc EndOffset="7651" SrcFileId="11" StartOffset="7639"/>
</LocList>
<LoopStmnt CovItemId="S109" CovItemPrefix="game.PeasantsRevoltChess.java" Intrnl_Id="3188" MltplExecId="L6-2" MltplExecPrefix="game.PeasantsRevoltChess.java" NvrExecId="L6-0" NvrExecPrefix="game.PeasantsRevoltChess.java" OnceExecutedId="L6-1" OnceExecutedPrefix="game.PeasantsRevoltChess.java" OptBodyExec="true">
<StmntSeq Intrnl_Id="3189">
<LocList>
<Loc EndOffset="7579" SrcFileId="11" StartOffset="7493"/>
<Loc EndOffset="7630" SrcFileId="11" StartOffset="7584"/>
</LocList>
<BasicStmnt CovItemId="S110" CovItemPrefix="game.PeasantsRevoltChess.java" Intrnl_Id="3190">
<LocList>
<Loc EndOffset="7579" SrcFileId="11" StartOffset="7493"/>
</LocList>
</BasicStmnt>
<CondStmnt CovItemId="S111" CovItemPrefix="game.PeasantsRevoltChess.java" Intrnl_Id="3191">
<Branch CovItemId="B65" CovItemPrefix="game.PeasantsRevoltChess.java" Implct="false" Intrnl_Id="3192">
<Cond/>
<LocList>
<Loc EndOffset="7630" SrcFileId="11" StartOffset="7604"/>
</LocList>
<StmntSeq Intrnl_Id="3193">
<LocList>
<Loc EndOffset="7624" SrcFileId="11" StartOffset="7611"/>
</LocList>
<BasicStmnt CovItemId="S112" CovItemPrefix="game.PeasantsRevoltChess.java" Intrnl_Id="3194">
<LocList>
<Loc EndOffset="7624" SrcFileId="11" StartOffset="7611"/>
</LocList>
</BasicStmnt>
</StmntSeq>
</Branch>
<Branch CovItemId="B66" CovItemPrefix="game.PeasantsRevoltChess.java" Implct="true" Intrnl_Id="3195">
<Cond/>
<LocList/>
<StmntSeq Intrnl_Id="3196">
<LocList/>
</StmntSeq>
</Branch>
<Keyword EndOffset="7586" SrcFileId="11" StartOffset="7584"/>
<LocList>
<Loc EndOffset="7630" SrcFileId="11" StartOffset="7584"/>
</LocList>
<RootTerm CovItemId="C39" CovItemPrefix="game.PeasantsRevoltChess.java" Intrnl_Id="3197">
<BasicBoolTerm Intrnl_Id="3198">
<LocList>
<Loc EndOffset="7602" SrcFileId="11" StartOffset="7587"/>
</LocList>
</BasicBoolTerm>
</RootTerm>
</CondStmnt>
</StmntSeq>
<Keyword EndOffset="7460" SrcFileId="11" StartOffset="7457"/>
<LocList>
<Loc EndOffset="7635" SrcFileId="11" StartOffset="7457"/>
</LocList>
<RootTerm CovItemId="C38" CovItemPrefix="game.PeasantsRevoltChess.java" Intrnl_Id="3199">
<BasicBoolTerm Intrnl_Id="3200">
<LocList>
<Loc EndOffset="7479" SrcFileId="11" StartOffset="7470"/>
</LocList>
</BasicBoolTerm>
</RootTerm>
</LoopStmnt>
<BasicStmnt CovItemId="S113" CovItemPrefix="game.PeasantsRevoltChess.java" Intrnl_Id="3201">
<LocList>
<Loc EndOffset="7651" SrcFileId="11" StartOffset="7639"/>
</LocList>
</BasicStmnt>
</StmntSeq>
</Branch>
<Branch CovItemId="B64" CovItemPrefix="game.PeasantsRevoltChess.java" Implct="true" Intrnl_Id="3202">
<Cond/>
<LocList/>
<StmntSeq Intrnl_Id="3203">
<LocList/>
</StmntSeq>
</Branch>
<Keyword EndOffset="7439" SrcFileId="11" StartOffset="7437"/>
<LocList>
<Loc EndOffset="7655" SrcFileId="11" StartOffset="7437"/>
</LocList>
<RootTerm CovItemId="C37" CovItemPrefix="game.PeasantsRevoltChess.java" Intrnl_Id="3204">
<BasicBoolTerm Intrnl_Id="3205">
<LocList>
<Loc EndOffset="7450" SrcFileId="11" StartOffset="7440"/>
</LocList>
</BasicBoolTerm>
</RootTerm>
</CondStmnt>
</StmntSeq>
</Branch>
<Keyword EndOffset="7187" SrcFileId="11" StartOffset="7185"/>
<LocList>
<Loc EndOffset="7655" SrcFileId="11" StartOffset="7185"/>
</LocList>
<RootTerm CovItemId="C34" CovItemPrefix="game.PeasantsRevoltChess.java" Intrnl_Id="3206">
<BasicBoolTerm Intrnl_Id="3207">
<LocList>
<Loc EndOffset="7198" SrcFileId="11" StartOffset="7188"/>
</LocList>
</BasicBoolTerm>
</RootTerm>
</CondStmnt>
<BasicStmnt CovItemId="S114" CovItemPrefix="game.PeasantsRevoltChess.java" Intrnl_Id="3208">
<LocList>
<Loc EndOffset="7672" SrcFileId="11" StartOffset="7659"/>
</LocList>
</BasicStmnt>
</StmntSeq>
</HierarchyLvl>
<HierarchyLvl HierarchyLvlId="1083" HierarchyLvlTypeId="27" Intrnl_Id="3209" Name="validateKnightMove">
<Header>
<Loc EndOffset="7975" SrcFileId="11" StartOffset="7918"/>
</Header>
<LocList>
<Loc EndOffset="8464" SrcFileId="11" StartOffset="7918"/>
</LocList>
<StmntSeq Intrnl_Id="3210">
<LocList>
<Loc EndOffset="8124" SrcFileId="11" StartOffset="8014"/>
<Loc EndOffset="8256" SrcFileId="11" StartOffset="8184"/>
<Loc EndOffset="8331" SrcFileId="11" StartOffset="8259"/>
<Loc EndOffset="8444" SrcFileId="11" StartOffset="8336"/>
<Loc EndOffset="8461" SrcFileId="11" StartOffset="8448"/>
</LocList>
<CondStmnt CovItemId="S115" CovItemPrefix="game.PeasantsRevoltChess.java" Intrnl_Id="3211">
<Branch CovItemId="B67" CovItemPrefix="game.PeasantsRevoltChess.java" Implct="false" Intrnl_Id="3212">
<Cond/>
<LocList>
<Loc EndOffset="8124" SrcFileId="11" StartOffset="8102"/>
</LocList>
<StmntSeq Intrnl_Id="3213">
<LocList>
<Loc EndOffset="8120" SrcFileId="11" StartOffset="8107"/>
</LocList>
<BasicStmnt CovItemId="S116" CovItemPrefix="game.PeasantsRevoltChess.java" Intrnl_Id="3214">
<LocList>
<Loc EndOffset="8120" SrcFileId="11" StartOffset="8107"/>
</LocList>
</BasicStmnt>
</StmntSeq>
</Branch>
<Branch CovItemId="B68" CovItemPrefix="game.PeasantsRevoltChess.java" Implct="true" Intrnl_Id="3215">
<Cond/>
<LocList/>
<StmntSeq Intrnl_Id="3216">
<LocList/>
</StmntSeq>
</Branch>
<Keyword EndOffset="8016" SrcFileId="11" StartOffset="8014"/>
<LocList>
<Loc EndOffset="8124" SrcFileId="11" StartOffset="8014"/>
</LocList>
<RootTerm CovItemId="C40" CovItemPrefix="game.PeasantsRevoltChess.java" Intrnl_Id="3217">
<OpTerm BooleanOpId="23" Intrnl_Id="3218">
<BasicBoolTerm Intrnl_Id="3219">
<LocList>
<Loc EndOffset="8047" SrcFileId="11" StartOffset="8017"/>
</LocList>
</BasicBoolTerm>
<BasicBoolTerm Intrnl_Id="3220">
<LocList>
<Loc EndOffset="8100" SrcFileId="11" StartOffset="8051"/>
</LocList>
</BasicBoolTerm>
<LocList>
<Loc EndOffset="8050" SrcFileId="11" StartOffset="8048"/>
</LocList>
</OpTerm>
</RootTerm>
</CondStmnt>
<BasicStmnt CovItemId="S117" CovItemPrefix="game.PeasantsRevoltChess.java" Intrnl_Id="3221">
<LocList>
<Loc EndOffset="8256" SrcFileId="11" StartOffset="8184"/>
</LocList>
</BasicStmnt>
<BasicStmnt CovItemId="S118" CovItemPrefix="game.PeasantsRevoltChess.java" Intrnl_Id="3222">
<LocList>
<Loc EndOffset="8331" SrcFileId="11" StartOffset="8259"/>
</LocList>
</BasicStmnt>
<CondStmnt CovItemId="S119" CovItemPrefix="game.PeasantsRevoltChess.java" Intrnl_Id="3223">
<Branch CovItemId="B69" CovItemPrefix="game.PeasantsRevoltChess.java" Implct="false" Intrnl_Id="3224">
<Cond/>
<LocList>
<Loc EndOffset="8386" SrcFileId="11" StartOffset="8365"/>
</LocList>
<StmntSeq Intrnl_Id="3225">
<LocList>
<Loc EndOffset="8382" SrcFileId="11" StartOffset="8370"/>
</LocList>
<BasicStmnt CovItemId="S120" CovItemPrefix="game.PeasantsRevoltChess.java" Intrnl_Id="3226">
<LocList>
<Loc EndOffset="8382" SrcFileId="11" StartOffset="8370"/>
</LocList>
</BasicStmnt>
</StmntSeq>
</Branch>
<Branch CovItemId="B70" CovItemPrefix="game.PeasantsRevoltChess.java" Implct="false" Intrnl_Id="3227">
<Cond>
<Loc EndOffset="8393" SrcFileId="11" StartOffset="8389"/>
</Cond>
<LocList>
<Loc EndOffset="8444" SrcFileId="11" StartOffset="8394"/>
</LocList>
<StmntSeq Intrnl_Id="3228">
<LocList>
<Loc EndOffset="8444" SrcFileId="11" StartOffset="8394"/>
</LocList>
<CondStmnt CovItemId="S121" CovItemPrefix="game.PeasantsRevoltChess.java" Intrnl_Id="3229">
<Branch CovItemId="B71" CovItemPrefix="game.PeasantsRevoltChess.java" Implct="false" Intrnl_Id="3230">
<Cond/>
<LocList>
<Loc EndOffset="8444" SrcFileId="11" StartOffset="8423"/>
</LocList>
<StmntSeq Intrnl_Id="3231">
<LocList>
<Loc EndOffset="8440" SrcFileId="11" StartOffset="8428"/>
</LocList>
<BasicStmnt CovItemId="S122" CovItemPrefix="game.PeasantsRevoltChess.java" Intrnl_Id="3232">
<LocList>
<Loc EndOffset="8440" SrcFileId="11" StartOffset="8428"/>
</LocList>
</BasicStmnt>
</StmntSeq>
</Branch>
<Branch CovItemId="B72" CovItemPrefix="game.PeasantsRevoltChess.java" Implct="true" Intrnl_Id="3233">
<Cond/>
<LocList/>
<StmntSeq Intrnl_Id="3234">
<LocList/>
</StmntSeq>
</Branch>
<Keyword EndOffset="8396" SrcFileId="11" StartOffset="8394"/>
<LocList>
<Loc EndOffset="8444" SrcFileId="11" StartOffset="8394"/>
</LocList>
<RootTerm CovItemId="C42" CovItemPrefix="game.PeasantsRevoltChess.java" Intrnl_Id="3235">
<OpTerm BooleanOpId="23" Intrnl_Id="3236">
<BasicBoolTerm Intrnl_Id="3237">
<LocList>
<Loc EndOffset="8407" SrcFileId="11" StartOffset="8397"/>
</LocList>
</BasicBoolTerm>
<BasicBoolTerm Intrnl_Id="3238">
<LocList>
<Loc EndOffset="8421" SrcFileId="11" StartOffset="8411"/>
</LocList>
</BasicBoolTerm>
<LocList>
<Loc EndOffset="8410" SrcFileId="11" StartOffset="8408"/>
</LocList>
</OpTerm>
</RootTerm>
</CondStmnt>
</StmntSeq>
</Branch>
<Keyword EndOffset="8338" SrcFileId="11" StartOffset="8336"/>
<LocList>
<Loc EndOffset="8444" SrcFileId="11" StartOffset="8336"/>
</LocList>
<RootTerm CovItemId="C41" CovItemPrefix="game.PeasantsRevoltChess.java" Intrnl_Id="3239">
<OpTerm BooleanOpId="23" Intrnl_Id="3240">
<BasicBoolTerm Intrnl_Id="3241">
<LocList>
<Loc EndOffset="8349" SrcFileId="11" StartOffset="8339"/>
</LocList>
</BasicBoolTerm>
<BasicBoolTerm Intrnl_Id="3242">
<LocList>
<Loc EndOffset="8363" SrcFileId="11" StartOffset="8353"/>
</LocList>
</BasicBoolTerm>
<LocList>
<Loc EndOffset="8352" SrcFileId="11" StartOffset="8350"/>
</LocList>
</OpTerm>
</RootTerm>
</CondStmnt>
<BasicStmnt CovItemId="S123" CovItemPrefix="game.PeasantsRevoltChess.java" Intrnl_Id="3243">
<LocList>
<Loc EndOffset="8461" SrcFileId="11" StartOffset="8448"/>
</LocList>
</BasicStmnt>
</StmntSeq>
</HierarchyLvl>
<HierarchyLvl HierarchyLvlId="1084" HierarchyLvlTypeId="27" Intrnl_Id="3244" Name="validateKingMove">
<Header>
<Loc EndOffset="8762" SrcFileId="11" StartOffset="8707"/>
</Header>
<LocList>
<Loc EndOffset="10826" SrcFileId="11" StartOffset="8707"/>
</LocList>
<StmntSeq Intrnl_Id="3245">
<LocList>
<Loc EndOffset="8911" SrcFileId="11" StartOffset="8801"/>
<Loc EndOffset="9043" SrcFileId="11" StartOffset="8971"/>
<Loc EndOffset="9118" SrcFileId="11" StartOffset="9046"/>
<Loc EndOffset="10806" SrcFileId="11" StartOffset="9123"/>
<Loc EndOffset="10823" SrcFileId="11" StartOffset="10810"/>
</LocList>
<CondStmnt CovItemId="S124" CovItemPrefix="game.PeasantsRevoltChess.java" Intrnl_Id="3246">
<Branch CovItemId="B73" CovItemPrefix="game.PeasantsRevoltChess.java" Implct="false" Intrnl_Id="3247">
<Cond/>
<LocList>
<Loc EndOffset="8911" SrcFileId="11" StartOffset="8889"/>
</LocList>
<StmntSeq Intrnl_Id="3248">
<LocList>
<Loc EndOffset="8907" SrcFileId="11" StartOffset="8894"/>
</LocList>
<BasicStmnt CovItemId="S125" CovItemPrefix="game.PeasantsRevoltChess.java" Intrnl_Id="3249">
<LocList>
<Loc EndOffset="8907" SrcFileId="11" StartOffset="8894"/>
</LocList>
</BasicStmnt>
</StmntSeq>
</Branch>
<Branch CovItemId="B74" CovItemPrefix="game.PeasantsRevoltChess.java" Implct="true" Intrnl_Id="3250">
<Cond/>
<LocList/>
<StmntSeq Intrnl_Id="3251">
<LocList/>
</StmntSeq>
</Branch>
<Keyword EndOffset="8803" SrcFileId="11" StartOffset="8801"/>
<LocList>
<Loc EndOffset="8911" SrcFileId="11" StartOffset="8801"/>
</LocList>
<RootTerm CovItemId="C43" CovItemPrefix="game.PeasantsRevoltChess.java" Intrnl_Id="3252">
<OpTerm BooleanOpId="23" Intrnl_Id="3253">
<BasicBoolTerm Intrnl_Id="3254">
<LocList>
<Loc EndOffset="8834" SrcFileId="11" StartOffset="8804"/>
</LocList>
</BasicBoolTerm>
<BasicBoolTerm Intrnl_Id="3255">
<LocList>
<Loc EndOffset="8887" SrcFileId="11" StartOffset="8838"/>
</LocList>
</BasicBoolTerm>
<LocList>
<Loc EndOffset="8837" SrcFileId="11" StartOffset="8835"/>
</LocList>
</OpTerm>
</RootTerm>
</CondStmnt>
<BasicStmnt CovItemId="S126" CovItemPrefix="game.PeasantsRevoltChess.java" Intrnl_Id="3256">
<LocList>
<Loc EndOffset="9043" SrcFileId="11" StartOffset="8971"/>
</LocList>
</BasicStmnt>
<BasicStmnt CovItemId="S127" CovItemPrefix="game.PeasantsRevoltChess.java" Intrnl_Id="3257">
<LocList>
<Loc EndOffset="9118" SrcFileId="11" StartOffset="9046"/>
</LocList>
</BasicStmnt>
<CondStmnt CovItemId="S128" CovItemPrefix="game.PeasantsRevoltChess.java" Intrnl_Id="3258">
<Branch CovItemId="B75" CovItemPrefix="game.PeasantsRevoltChess.java" Implct="false" Intrnl_Id="3259">
<Cond/>
<LocList>
<Loc EndOffset="9173" SrcFileId="11" StartOffset="9152"/>
</LocList>
<StmntSeq Intrnl_Id="3260">
<LocList>
<Loc EndOffset="9169" SrcFileId="11" StartOffset="9157"/>
</LocList>
<BasicStmnt CovItemId="S129" CovItemPrefix="game.PeasantsRevoltChess.java" Intrnl_Id="3261">
<LocList>
<Loc EndOffset="9169" SrcFileId="11" StartOffset="9157"/>
</LocList>
</BasicStmnt>
</StmntSeq>
</Branch>
<Branch CovItemId="B76" CovItemPrefix="game.PeasantsRevoltChess.java" Implct="false" Intrnl_Id="3262">
<Cond>
<Loc EndOffset="9218" SrcFileId="11" StartOffset="9214"/>
</Cond>
<LocList>
<Loc EndOffset="10806" SrcFileId="11" StartOffset="9219"/>
</LocList>
<StmntSeq Intrnl_Id="3263">
<LocList>
<Loc EndOffset="10806" SrcFileId="11" StartOffset="9219"/>
</LocList>
<CondStmnt CovItemId="S130" CovItemPrefix="game.PeasantsRevoltChess.java" Intrnl_Id="3264">
<Branch CovItemId="B77" CovItemPrefix="game.PeasantsRevoltChess.java" Implct="false" Intrnl_Id="3265">
<Cond/>
<LocList>
<Loc EndOffset="10806" SrcFileId="11" StartOffset="9234"/>
</LocList>
<StmntSeq Intrnl_Id="3266">
<LocList>
<Loc EndOffset="9336" SrcFileId="11" StartOffset="9280"/>
<Loc EndOffset="9382" SrcFileId="11" StartOffset="9340"/>
<Loc EndOffset="9428" SrcFileId="11" StartOffset="9386"/>
<Loc EndOffset="10802" SrcFileId="11" StartOffset="9456"/>
</LocList>
<CondStmnt CovItemId="S131" CovItemPrefix="game.PeasantsRevoltChess.java" Intrnl_Id="3267">
<Branch CovItemId="B79" CovItemPrefix="game.PeasantsRevoltChess.java" Implct="false" Intrnl_Id="3268">
<Cond/>
<LocList>
<Loc EndOffset="9336" SrcFileId="11" StartOffset="9312"/>
</LocList>
<StmntSeq Intrnl_Id="3269">
<LocList>
<Loc EndOffset="9331" SrcFileId="11" StartOffset="9318"/>
</LocList>
<BasicStmnt CovItemId="S132" CovItemPrefix="game.PeasantsRevoltChess.java" Intrnl_Id="3270">
<LocList>
<Loc EndOffset="9331" SrcFileId="11" StartOffset="9318"/>
</LocList>
</BasicStmnt>
</StmntSeq>
</Branch>
<Branch CovItemId="B80" CovItemPrefix="game.PeasantsRevoltChess.java" Implct="true" Intrnl_Id="3271">
<Cond/>
<LocList/>
<StmntSeq Intrnl_Id="3272">
<LocList/>
</StmntSeq>
</Branch>
<Keyword EndOffset="9282" SrcFileId="11" StartOffset="9280"/>
<LocList>
<Loc EndOffset="9336" SrcFileId="11" StartOffset="9280"/>
</LocList>
<RootTerm CovItemId="C46" CovItemPrefix="game.PeasantsRevoltChess.java" Intrnl_Id="3273">
<BasicBoolTerm Intrnl_Id="3274">
<LocList>
<Loc EndOffset="9310" SrcFileId="11" StartOffset="9283"/>
</LocList>
</BasicBoolTerm>
</RootTerm>
</CondStmnt>
<BasicStmnt CovItemId="S133" CovItemPrefix="game.PeasantsRevoltChess.java" Intrnl_Id="3275">
<LocList>
<Loc EndOffset="9382" SrcFileId="11" StartOffset="9340"/>
</LocList>
</BasicStmnt>
<BasicStmnt CovItemId="S134" CovItemPrefix="game.PeasantsRevoltChess.java" Intrnl_Id="3276">
<LocList>
<Loc EndOffset="9428" SrcFileId="11" StartOffset="9386"/>
</LocList>
</BasicStmnt>
<CondStmnt CovItemId="S135" CovItemPrefix="game.PeasantsRevoltChess.java" Intrnl_Id="3277">
<Branch CovItemId="B81" CovItemPrefix="game.PeasantsRevoltChess.java" Implct="false" Intrnl_Id="3278">
<Cond/>
<LocList>
<Loc EndOffset="10112" SrcFileId="11" StartOffset="9510"/>
</LocList>
<StmntSeq Intrnl_Id="3279">
<LocList>
<Loc EndOffset="9788" SrcFileId="11" StartOffset="9603"/>
<Loc EndOffset="10107" SrcFileId="11" StartOffset="9834"/>
</LocList>
<CondStmnt CovItemId="S136" CovItemPrefix="game.PeasantsRevoltChess.java" Intrnl_Id="3280">
<Branch CovItemId="B83" CovItemPrefix="game.PeasantsRevoltChess.java" Implct="false" Intrnl_Id="3281">
<Cond/>
<LocList>
<Loc EndOffset="9788" SrcFileId="11" StartOffset="9762"/>
</LocList>
<StmntSeq Intrnl_Id="3282">
<LocList>
<Loc EndOffset="9782" SrcFileId="11" StartOffset="9769"/>
</LocList>
<BasicStmnt CovItemId="S137" CovItemPrefix="game.PeasantsRevoltChess.java" Intrnl_Id="3283">
<LocList>
<Loc EndOffset="9782" SrcFileId="11" StartOffset="9769"/>
</LocList>
</BasicStmnt>
</StmntSeq>
</Branch>
<Branch CovItemId="B84" CovItemPrefix="game.PeasantsRevoltChess.java" Implct="true" Intrnl_Id="3284">
<Cond/>
<LocList/>
<StmntSeq Intrnl_Id="3285">
<LocList/>
</StmntSeq>
</Branch>
<Keyword EndOffset="9605" SrcFileId="11" StartOffset="9603"/>
<LocList>
<Loc EndOffset="9788" SrcFileId="11" StartOffset="9603"/>
</LocList>
<RootTerm CovItemId="C48" CovItemPrefix="game.PeasantsRevoltChess.java" Intrnl_Id="3286">
<OpTerm BooleanOpId="24" Intrnl_Id="3287">
<OpTerm BooleanOpId="24" Intrnl_Id="3288">
<BasicBoolTerm Intrnl_Id="3289">
<LocList>
<Loc EndOffset="9646" SrcFileId="11" StartOffset="9606"/>
</LocList>
</BasicBoolTerm>
<BasicBoolTerm Intrnl_Id="3290">
<LocList>
<Loc EndOffset="9699" SrcFileId="11" StartOffset="9650"/>
</LocList>
</BasicBoolTerm>
<LocList>
<Loc EndOffset="9649" SrcFileId="11" StartOffset="9647"/>
</LocList>
</OpTerm>
<BasicBoolTerm Intrnl_Id="3291">
<LocList>
<Loc EndOffset="9760" SrcFileId="11" StartOffset="9703"/>
</LocList>
</BasicBoolTerm>
<LocList>
<Loc EndOffset="9702" SrcFileId="11" StartOffset="9700"/>
</LocList>
</OpTerm>
</RootTerm>
</CondStmnt>
<CondStmnt CovItemId="S138" CovItemPrefix="game.PeasantsRevoltChess.java" Intrnl_Id="3292">
<Branch CovItemId="B85" CovItemPrefix="game.PeasantsRevoltChess.java" Implct="false" Intrnl_Id="3293">
<Cond/>
<LocList>
<Loc EndOffset="10107" SrcFileId="11" StartOffset="9949"/>
</LocList>
<StmntSeq Intrnl_Id="3294">
<LocList>
<Loc EndOffset="10037" SrcFileId="11" StartOffset="9956"/>
<Loc EndOffset="10083" SrcFileId="11" StartOffset="10043"/>
<Loc EndOffset="10101" SrcFileId="11" StartOffset="10089"/>
</LocList>
<BasicStmnt CovItemId="S139" CovItemPrefix="game.PeasantsRevoltChess.java" Intrnl_Id="3295">
<LocList>
<Loc EndOffset="10037" SrcFileId="11" StartOffset="9956"/>
</LocList>
</BasicStmnt>
<BasicStmnt CovItemId="S140" CovItemPrefix="game.PeasantsRevoltChess.java" Intrnl_Id="3296">
<LocList>
<Loc EndOffset="10083" SrcFileId="11" StartOffset="10043"/>
</LocList>
</BasicStmnt>
<BasicStmnt CovItemId="S141" CovItemPrefix="game.PeasantsRevoltChess.java" Intrnl_Id="3297">
<LocList>
<Loc EndOffset="10101" SrcFileId="11" StartOffset="10089"/>
</LocList>
</BasicStmnt>
</StmntSeq>
</Branch>
<Branch CovItemId="B86" CovItemPrefix="game.PeasantsRevoltChess.java" Implct="true" Intrnl_Id="3298">
<Cond/>
<LocList/>
<StmntSeq Intrnl_Id="3299">
<LocList/>
</StmntSeq>
</Branch>
<Keyword EndOffset="9836" SrcFileId="11" StartOffset="9834"/>
<LocList>
<Loc EndOffset="10107" SrcFileId="11" StartOffset="9834"/>
</LocList>
<RootTerm CovItemId="C49" CovItemPrefix="game.PeasantsRevoltChess.java" Intrnl_Id="3300">
<OpTerm BooleanOpId="23" Intrnl_Id="3301">
<BasicBoolTerm Intrnl_Id="3302">
<LocList>
<Loc EndOffset="9890" SrcFileId="11" StartOffset="9837"/>
</LocList>
</BasicBoolTerm>
<BasicBoolTerm Intrnl_Id="3303">
<LocList>
<Loc EndOffset="9947" SrcFileId="11" StartOffset="9894"/>
</LocList>
</BasicBoolTerm>
<LocList>
<Loc EndOffset="9893" SrcFileId="11" StartOffset="9891"/>
</LocList>
</OpTerm>
</RootTerm>
</CondStmnt>
</StmntSeq>
</Branch>
<Branch CovItemId="B82" CovItemPrefix="game.PeasantsRevoltChess.java" Implct="false" Intrnl_Id="3304">
<Cond>
<Loc EndOffset="10142" SrcFileId="11" StartOffset="10138"/>
</Cond>
<LocList>
<Loc EndOffset="10802" SrcFileId="11" StartOffset="10143"/>
</LocList>
<StmntSeq Intrnl_Id="3305">
<LocList>
<Loc EndOffset="10421" SrcFileId="11" StartOffset="10236"/>
<Loc EndOffset="10797" SrcFileId="11" StartOffset="10467"/>
</LocList>
<CondStmnt CovItemId="S142" CovItemPrefix="game.PeasantsRevoltChess.java" Intrnl_Id="3306">
<Branch CovItemId="B87" CovItemPrefix="game.PeasantsRevoltChess.java" Implct="false" Intrnl_Id="3307">
<Cond/>
<LocList>
<Loc EndOffset="10421" SrcFileId="11" StartOffset="10395"/>
</LocList>
<StmntSeq Intrnl_Id="3308">
<LocList>
<Loc EndOffset="10415" SrcFileId="11" StartOffset="10402"/>
</LocList>
<BasicStmnt CovItemId="S143" CovItemPrefix="game.PeasantsRevoltChess.java" Intrnl_Id="3309">
<LocList>
<Loc EndOffset="10415" SrcFileId="11" StartOffset="10402"/>
</LocList>
</BasicStmnt>
</StmntSeq>
</Branch>
<Branch CovItemId="B88" CovItemPrefix="game.PeasantsRevoltChess.java" Implct="true" Intrnl_Id="3310">
<Cond/>
<LocList/>
<StmntSeq Intrnl_Id="3311">
<LocList/>
</StmntSeq>
</Branch>
<Keyword EndOffset="10238" SrcFileId="11" StartOffset="10236"/>
<LocList>
<Loc EndOffset="10421" SrcFileId="11" StartOffset="10236"/>
</LocList>
<RootTerm CovItemId="C50" CovItemPrefix="game.PeasantsRevoltChess.java" Intrnl_Id="3312">
<OpTerm BooleanOpId="24" Intrnl_Id="3313">
<OpTerm BooleanOpId="24" Intrnl_Id="3314">
<BasicBoolTerm Intrnl_Id="3315">
<LocList>
<Loc EndOffset="10279" SrcFileId="11" StartOffset="10239"/>
</LocList>
</BasicBoolTerm>
<BasicBoolTerm Intrnl_Id="3316">
<LocList>
<Loc EndOffset="10332" SrcFileId="11" StartOffset="10283"/>
</LocList>
</BasicBoolTerm>
<LocList>
<Loc EndOffset="10282" SrcFileId="11" StartOffset="10280"/>
</LocList>
</OpTerm>
<BasicBoolTerm Intrnl_Id="3317">
<LocList>
<Loc EndOffset="10393" SrcFileId="11" StartOffset="10336"/>
</LocList>
</BasicBoolTerm>
<LocList>
<Loc EndOffset="10335" SrcFileId="11" StartOffset="10333"/>
</LocList>
</OpTerm>
</RootTerm>
</CondStmnt>
<CondStmnt CovItemId="S144" CovItemPrefix="game.PeasantsRevoltChess.java" Intrnl_Id="3318">
<Branch CovItemId="B89" CovItemPrefix="game.PeasantsRevoltChess.java" Implct="false" Intrnl_Id="3319">
<Cond/>
<LocList>
<Loc EndOffset="10797" SrcFileId="11" StartOffset="10639"/>
</LocList>
<StmntSeq Intrnl_Id="3320">
<LocList>
<Loc EndOffset="10727" SrcFileId="11" StartOffset="10646"/>
<Loc EndOffset="10773" SrcFileId="11" StartOffset="10733"/>
<Loc EndOffset="10791" SrcFileId="11" StartOffset="10779"/>
</LocList>
<BasicStmnt CovItemId="S145" CovItemPrefix="game.PeasantsRevoltChess.java" Intrnl_Id="3321">
<LocList>
<Loc EndOffset="10727" SrcFileId="11" StartOffset="10646"/>
</LocList>
</BasicStmnt>
<BasicStmnt CovItemId="S146" CovItemPrefix="game.PeasantsRevoltChess.java" Intrnl_Id="3322">
<LocList>
<Loc EndOffset="10773" SrcFileId="11" StartOffset="10733"/>
</LocList>
</BasicStmnt>
<BasicStmnt CovItemId="S147" CovItemPrefix="game.PeasantsRevoltChess.java" Intrnl_Id="3323">
<LocList>
<Loc EndOffset="10791" SrcFileId="11" StartOffset="10779"/>
</LocList>
</BasicStmnt>
</StmntSeq>
</Branch>
<Branch CovItemId="B90" CovItemPrefix="game.PeasantsRevoltChess.java" Implct="true" Intrnl_Id="3324">
<Cond/>
<LocList/>
<StmntSeq Intrnl_Id="3325">
<LocList/>
</StmntSeq>
</Branch>
<Keyword EndOffset="10469" SrcFileId="11" StartOffset="10467"/>
<LocList>
<Loc EndOffset="10797" SrcFileId="11" StartOffset="10467"/>
</LocList>
<RootTerm CovItemId="C51" CovItemPrefix="game.PeasantsRevoltChess.java" Intrnl_Id="3326">
<OpTerm BooleanOpId="23" Intrnl_Id="3327">
<OpTerm BooleanOpId="23" Intrnl_Id="3328">
<BasicBoolTerm Intrnl_Id="3329">
<LocList>
<Loc EndOffset="10523" SrcFileId="11" StartOffset="10470"/>
</LocList>
</BasicBoolTerm>
<BasicBoolTerm Intrnl_Id="3330">
<LocList>
<Loc EndOffset="10580" SrcFileId="11" StartOffset="10527"/>
</LocList>
</BasicBoolTerm>
<LocList>
<Loc EndOffset="10526" SrcFileId="11" StartOffset="10524"/>
</LocList>
</OpTerm>
<BasicBoolTerm Intrnl_Id="3331">
<LocList>
<Loc EndOffset="10637" SrcFileId="11" StartOffset="10584"/>
</LocList>
</BasicBoolTerm>
<LocList>
<Loc EndOffset="10583" SrcFileId="11" StartOffset="10581"/>
</LocList>
</OpTerm>
</RootTerm>
</CondStmnt>
</StmntSeq>
</Branch>
<Keyword EndOffset="9458" SrcFileId="11" StartOffset="9456"/>
<LocList>
<Loc EndOffset="10802" SrcFileId="11" StartOffset="9456"/>
</LocList>
<RootTerm CovItemId="C47" CovItemPrefix="game.PeasantsRevoltChess.java" Intrnl_Id="3332">
<BasicBoolTerm Intrnl_Id="3333">
<LocList>
<Loc EndOffset="9508" SrcFileId="11" StartOffset="9459"/>
</LocList>
</BasicBoolTerm>
</RootTerm>
</CondStmnt>
</StmntSeq>
</Branch>
<Branch CovItemId="B78" CovItemPrefix="game.PeasantsRevoltChess.java" Implct="true" Intrnl_Id="3334">
<Cond/>
<LocList/>
<StmntSeq Intrnl_Id="3335">
<LocList/>
</StmntSeq>
</Branch>
<Keyword EndOffset="9221" SrcFileId="11" StartOffset="9219"/>
<LocList>
<Loc EndOffset="10806" SrcFileId="11" StartOffset="9219"/>
</LocList>
<RootTerm CovItemId="C45" CovItemPrefix="game.PeasantsRevoltChess.java" Intrnl_Id="3336">
<BasicBoolTerm Intrnl_Id="3337">
<LocList>
<Loc EndOffset="9232" SrcFileId="11" StartOffset="9222"/>
</LocList>
</BasicBoolTerm>
</RootTerm>
</CondStmnt>
</StmntSeq>
</Branch>
<Keyword EndOffset="9125" SrcFileId="11" StartOffset="9123"/>
<LocList>
<Loc EndOffset="10806" SrcFileId="11" StartOffset="9123"/>
</LocList>
<RootTerm CovItemId="C44" CovItemPrefix="game.PeasantsRevoltChess.java" Intrnl_Id="3338">
<OpTerm BooleanOpId="23" Intrnl_Id="3339">
<BasicBoolTerm Intrnl_Id="3340">
<LocList>
<Loc EndOffset="9136" SrcFileId="11" StartOffset="9126"/>
</LocList>
</BasicBoolTerm>
<BasicBoolTerm Intrnl_Id="3341">
<LocList>
<Loc EndOffset="9150" SrcFileId="11" StartOffset="9140"/>
</LocList>
</BasicBoolTerm>
<LocList>
<Loc EndOffset="9139" SrcFileId="11" StartOffset="9137"/>
</LocList>
</OpTerm>
</RootTerm>
</CondStmnt>
<BasicStmnt CovItemId="S148" CovItemPrefix="game.PeasantsRevoltChess.java" Intrnl_Id="3342">
<LocList>
<Loc EndOffset="10823" SrcFileId="11" StartOffset="10810"/>
</LocList>
</BasicStmnt>
</StmntSeq>
</HierarchyLvl>
<HierarchyLvl HierarchyLvlId="1085" HierarchyLvlTypeId="27" Intrnl_Id="3343" Name="ValidateMove">
<Header>
<Loc EndOffset="11222" SrcFileId="11" StartOffset="11175"/>
</Header>
<LocList>
<Loc EndOffset="12224" SrcFileId="11" StartOffset="11175"/>
</LocList>
<StmntSeq Intrnl_Id="3344">
<LocList>
<Loc EndOffset="11244" SrcFileId="11" StartOffset="11228"/>
<Loc EndOffset="11940" SrcFileId="11" StartOffset="11248"/>
<Loc EndOffset="12061" SrcFileId="11" StartOffset="11944"/>
<Loc EndOffset="12121" SrcFileId="11" StartOffset="12065"/>
<Loc EndOffset="12202" SrcFileId="11" StartOffset="12124"/>
<Loc EndOffset="12221" SrcFileId="11" StartOffset="12206"/>
</LocList>
<BasicStmnt CovItemId="S149" CovItemPrefix="game.PeasantsRevoltChess.java" Intrnl_Id="3345">
<LocList>
<Loc EndOffset="11244" SrcFileId="11" StartOffset="11228"/>
</LocList>
</BasicStmnt>
<CondStmnt CovItemId="S150" CovItemPrefix="game.PeasantsRevoltChess.java" Intrnl_Id="3346">
<Branch CovItemId="B91" CovItemPrefix="game.PeasantsRevoltChess.java" Implct="false" Intrnl_Id="3347">
<Cond/>
<LocList>
<Loc EndOffset="11355" SrcFileId="11" StartOffset="11288"/>
</LocList>
<StmntSeq Intrnl_Id="3348">
<LocList>
<Loc EndOffset="11351" SrcFileId="11" StartOffset="11293"/>
</LocList>
<BasicStmnt CovItemId="S151" CovItemPrefix="game.PeasantsRevoltChess.java" Intrnl_Id="3349">
<LocList>
<Loc EndOffset="11351" SrcFileId="11" StartOffset="11293"/>
</LocList>
<QMO CovItemId="Q0" CovItemPrefix="game.PeasantsRevoltChess.java" Intrnl_Id="3350">
<LocList>
<Loc EndOffset="11342" SrcFileId="11" StartOffset="11303"/>
</LocList>
<QMO_E CovItemId="Q0-0" CovItemPrefix="game.PeasantsRevoltChess.java" Intrnl_Id="3351">
<LocList>
<Loc EndOffset="11346" SrcFileId="11" StartOffset="11345"/>
</LocList>
</QMO_E>
<QMO_E CovItemId="Q0-1" CovItemPrefix="game.PeasantsRevoltChess.java" Intrnl_Id="3352">
<LocList>
<Loc EndOffset="11350" SrcFileId="11" StartOffset="11349"/>
</LocList>
</QMO_E>
</QMO>
</BasicStmnt>
</StmntSeq>
</Branch>
<Branch CovItemId="B92" CovItemPrefix="game.PeasantsRevoltChess.java" Implct="false" Intrnl_Id="3353">
<Cond>
<Loc EndOffset="11362" SrcFileId="11" StartOffset="11358"/>
</Cond>
<LocList>
<Loc EndOffset="11940" SrcFileId="11" StartOffset="11363"/>
</LocList>
<StmntSeq Intrnl_Id="3354">
<LocList>
<Loc EndOffset="11940" SrcFileId="11" StartOffset="11363"/>
</LocList>
<CondStmnt CovItemId="S152" CovItemPrefix="game.PeasantsRevoltChess.java" Intrnl_Id="3355">
<Branch CovItemId="B93" CovItemPrefix="game.PeasantsRevoltChess.java" Implct="false" Intrnl_Id="3356">
<Cond/>
<LocList>
<Loc EndOffset="11474" SrcFileId="11" StartOffset="11405"/>
</LocList>
<StmntSeq Intrnl_Id="3357">
<LocList>
<Loc EndOffset="11470" SrcFileId="11" StartOffset="11410"/>
</LocList>
<BasicStmnt CovItemId="S153" CovItemPrefix="game.PeasantsRevoltChess.java" Intrnl_Id="3358">
<LocList>
<Loc EndOffset="11470" SrcFileId="11" StartOffset="11410"/>
</LocList>
<QMO CovItemId="Q1" CovItemPrefix="game.PeasantsRevoltChess.java" Intrnl_Id="3359">
<LocList>
<Loc EndOffset="11461" SrcFileId="11" StartOffset="11420"/>
</LocList>
<QMO_E CovItemId="Q1-0" CovItemPrefix="game.PeasantsRevoltChess.java" Intrnl_Id="3360">
<LocList>
<Loc EndOffset="11465" SrcFileId="11" StartOffset="11464"/>
</LocList>
</QMO_E>
<QMO_E CovItemId="Q1-1" CovItemPrefix="game.PeasantsRevoltChess.java" Intrnl_Id="3361">
<LocList>
<Loc EndOffset="11469" SrcFileId="11" StartOffset="11468"/>
</LocList>
</QMO_E>
</QMO>
</BasicStmnt>
</StmntSeq>
</Branch>
<Branch CovItemId="B94" CovItemPrefix="game.PeasantsRevoltChess.java" Implct="false" Intrnl_Id="3362">
<Cond>
<Loc EndOffset="11481" SrcFileId="11" StartOffset="11477"/>
</Cond>
<LocList>
<Loc EndOffset="11940" SrcFileId="11" StartOffset="11482"/>
</LocList>
<StmntSeq Intrnl_Id="3363">
<LocList>
<Loc EndOffset="11940" SrcFileId="11" StartOffset="11482"/>
</LocList>
<CondStmnt CovItemId="S154" CovItemPrefix="game.PeasantsRevoltChess.java" Intrnl_Id="3364">
<Branch CovItemId="B95" CovItemPrefix="game.PeasantsRevoltChess.java" Implct="false" Intrnl_Id="3365">
<Cond/>
<LocList>
<Loc EndOffset="11591" SrcFileId="11" StartOffset="11523"/>
</LocList>
<StmntSeq Intrnl_Id="3366">
<LocList>
<Loc EndOffset="11587" SrcFileId="11" StartOffset="11528"/>
</LocList>
<BasicStmnt CovItemId="S155" CovItemPrefix="game.PeasantsRevoltChess.java" Intrnl_Id="3367">
<LocList>
<Loc EndOffset="11587" SrcFileId="11" StartOffset="11528"/>
</LocList>
<QMO CovItemId="Q2" CovItemPrefix="game.PeasantsRevoltChess.java" Intrnl_Id="3368">
<LocList>
<Loc EndOffset="11578" SrcFileId="11" StartOffset="11538"/>
</LocList>
<QMO_E CovItemId="Q2-0" CovItemPrefix="game.PeasantsRevoltChess.java" Intrnl_Id="3369">
<LocList>
<Loc EndOffset="11582" SrcFileId="11" StartOffset="11581"/>
</LocList>
</QMO_E>
<QMO_E CovItemId="Q2-1" CovItemPrefix="game.PeasantsRevoltChess.java" Intrnl_Id="3370">
<LocList>
<Loc EndOffset="11586" SrcFileId="11" StartOffset="11585"/>
</LocList>
</QMO_E>
</QMO>
</BasicStmnt>
</StmntSeq>
</Branch>
<Branch CovItemId="B96" CovItemPrefix="game.PeasantsRevoltChess.java" Implct="false" Intrnl_Id="3371">
<Cond>
<Loc EndOffset="11598" SrcFileId="11" StartOffset="11594"/>
</Cond>
<LocList>
<Loc EndOffset="11940" SrcFileId="11" StartOffset="11599"/>
</LocList>
<StmntSeq Intrnl_Id="3372">
<LocList>
<Loc EndOffset="11940" SrcFileId="11" StartOffset="11599"/>
</LocList>
<CondStmnt CovItemId="S156" CovItemPrefix="game.PeasantsRevoltChess.java" Intrnl_Id="3373">
<Branch CovItemId="B97" CovItemPrefix="game.PeasantsRevoltChess.java" Implct="false" Intrnl_Id="3374">
<Cond/>
<LocList>
<Loc EndOffset="11706" SrcFileId="11" StartOffset="11639"/>
</LocList>
<StmntSeq Intrnl_Id="3375">
<LocList>
<Loc EndOffset="11702" SrcFileId="11" StartOffset="11644"/>
</LocList>
<BasicStmnt CovItemId="S157" CovItemPrefix="game.PeasantsRevoltChess.java" Intrnl_Id="3376">
<LocList>
<Loc EndOffset="11702" SrcFileId="11" StartOffset="11644"/>
</LocList>
<QMO CovItemId="Q3" CovItemPrefix="game.PeasantsRevoltChess.java" Intrnl_Id="3377">
<LocList>
<Loc EndOffset="11693" SrcFileId="11" StartOffset="11654"/>
</LocList>
<QMO_E CovItemId="Q3-0" CovItemPrefix="game.PeasantsRevoltChess.java" Intrnl_Id="3378">
<LocList>
<Loc EndOffset="11697" SrcFileId="11" StartOffset="11696"/>
</LocList>
</QMO_E>
<QMO_E CovItemId="Q3-1" CovItemPrefix="game.PeasantsRevoltChess.java" Intrnl_Id="3379">
<LocList>
<Loc EndOffset="11701" SrcFileId="11" StartOffset="11700"/>
</LocList>
</QMO_E>
</QMO>
</BasicStmnt>
</StmntSeq>
</Branch>
<Branch CovItemId="B98" CovItemPrefix="game.PeasantsRevoltChess.java" Implct="false" Intrnl_Id="3380">
<Cond>
<Loc EndOffset="11713" SrcFileId="11" StartOffset="11709"/>
</Cond>
<LocList>
<Loc EndOffset="11940" SrcFileId="11" StartOffset="11714"/>
</LocList>
<StmntSeq Intrnl_Id="3381">
<LocList>
<Loc EndOffset="11940" SrcFileId="11" StartOffset="11714"/>
</LocList>
<CondStmnt CovItemId="S158" CovItemPrefix="game.PeasantsRevoltChess.java" Intrnl_Id="3382">
<Branch CovItemId="B99" CovItemPrefix="game.PeasantsRevoltChess.java" Implct="false" Intrnl_Id="3383">
<Cond/>
<LocList>
<Loc EndOffset="11825" SrcFileId="11" StartOffset="11756"/>
</LocList>
<StmntSeq Intrnl_Id="3384">
<LocList>
<Loc EndOffset="11821" SrcFileId="11" StartOffset="11761"/>
</LocList>
<BasicStmnt CovItemId="S159" CovItemPrefix="game.PeasantsRevoltChess.java" Intrnl_Id="3385">
<LocList>
<Loc EndOffset="11821" SrcFileId="11" StartOffset="11761"/>
</LocList>
<QMO CovItemId="Q4" CovItemPrefix="game.PeasantsRevoltChess.java" Intrnl_Id="3386">
<LocList>
<Loc EndOffset="11812" SrcFileId="11" StartOffset="11771"/>
</LocList>
<QMO_E CovItemId="Q4-0" CovItemPrefix="game.PeasantsRevoltChess.java" Intrnl_Id="3387">
<LocList>
<Loc EndOffset="11816" SrcFileId="11" StartOffset="11815"/>
</LocList>
</QMO_E>
<QMO_E CovItemId="Q4-1" CovItemPrefix="game.PeasantsRevoltChess.java" Intrnl_Id="3388">
<LocList>
<Loc EndOffset="11820" SrcFileId="11" StartOffset="11819"/>
</LocList>
</QMO_E>
</QMO>
</BasicStmnt>
</StmntSeq>
</Branch>
<Branch CovItemId="B100" CovItemPrefix="game.PeasantsRevoltChess.java" Implct="false" Intrnl_Id="3389">
<Cond>
<Loc EndOffset="11832" SrcFileId="11" StartOffset="11828"/>
</Cond>
<LocList>
<Loc EndOffset="11940" SrcFileId="11" StartOffset="11833"/>
</LocList>
<StmntSeq Intrnl_Id="3390">
<LocList>
<Loc EndOffset="11940" SrcFileId="11" StartOffset="11833"/>
</LocList>
<CondStmnt CovItemId="S160" CovItemPrefix="game.PeasantsRevoltChess.java" Intrnl_Id="3391">
<Branch CovItemId="B101" CovItemPrefix="game.PeasantsRevoltChess.java" Implct="false" Intrnl_Id="3392">
<Cond/>
<LocList>
<Loc EndOffset="11940" SrcFileId="11" StartOffset="11873"/>
</LocList>
<StmntSeq Intrnl_Id="3393">
<LocList>
<Loc EndOffset="11936" SrcFileId="11" StartOffset="11878"/>
</LocList>
<BasicStmnt CovItemId="S161" CovItemPrefix="game.PeasantsRevoltChess.java" Intrnl_Id="3394">
<LocList>
<Loc EndOffset="11936" SrcFileId="11" StartOffset="11878"/>
</LocList>
<QMO CovItemId="Q5" CovItemPrefix="game.PeasantsRevoltChess.java" Intrnl_Id="3395">
<LocList>
<Loc EndOffset="11927" SrcFileId="11" StartOffset="11888"/>
</LocList>
<QMO_E CovItemId="Q5-0" CovItemPrefix="game.PeasantsRevoltChess.java" Intrnl_Id="3396">
<LocList>
<Loc EndOffset="11931" SrcFileId="11" StartOffset="11930"/>
</LocList>
</QMO_E>
<QMO_E CovItemId="Q5-1" CovItemPrefix="game.PeasantsRevoltChess.java" Intrnl_Id="3397">
<LocList>
<Loc EndOffset="11935" SrcFileId="11" StartOffset="11934"/>
</LocList>
</QMO_E>
</QMO>
</BasicStmnt>
</StmntSeq>
</Branch>
<Branch CovItemId="B102" CovItemPrefix="game.PeasantsRevoltChess.java" Implct="true" Intrnl_Id="3398">
<Cond/>
<LocList/>
<StmntSeq Intrnl_Id="3399">
<LocList/>
</StmntSeq>
</Branch>
<Keyword EndOffset="11835" SrcFileId="11" StartOffset="11833"/>
<LocList>
<Loc EndOffset="11940" SrcFileId="11" StartOffset="11833"/>
</LocList>
<RootTerm CovItemId="C57" CovItemPrefix="game.PeasantsRevoltChess.java" Intrnl_Id="3400">
<BasicBoolTerm Intrnl_Id="3401">
<LocList>
<Loc EndOffset="11871" SrcFileId="11" StartOffset="11836"/>
</LocList>
</BasicBoolTerm>
</RootTerm>
</CondStmnt>
</StmntSeq>
</Branch>
<Keyword EndOffset="11716" SrcFileId="11" StartOffset="11714"/>
<LocList>
<Loc EndOffset="11940" SrcFileId="11" StartOffset="11714"/>
</LocList>
<RootTerm CovItemId="C56" CovItemPrefix="game.PeasantsRevoltChess.java" Intrnl_Id="3402">
<BasicBoolTerm Intrnl_Id="3403">
<LocList>
<Loc EndOffset="11754" SrcFileId="11" StartOffset="11717"/>
</LocList>
</BasicBoolTerm>
</RootTerm>
</CondStmnt>
</StmntSeq>
</Branch>
<Keyword EndOffset="11601" SrcFileId="11" StartOffset="11599"/>
<LocList>
<Loc EndOffset="11940" SrcFileId="11" StartOffset="11599"/>
</LocList>
<RootTerm CovItemId="C55" CovItemPrefix="game.PeasantsRevoltChess.java" Intrnl_Id="3404">
<BasicBoolTerm Intrnl_Id="3405">
<LocList>
<Loc EndOffset="11637" SrcFileId="11" StartOffset="11602"/>
</LocList>
</BasicBoolTerm>
</RootTerm>
</CondStmnt>
</StmntSeq>
</Branch>
<Keyword EndOffset="11484" SrcFileId="11" StartOffset="11482"/>
<LocList>
<Loc EndOffset="11940" SrcFileId="11" StartOffset="11482"/>
</LocList>
<RootTerm CovItemId="C54" CovItemPrefix="game.PeasantsRevoltChess.java" Intrnl_Id="3406">
<BasicBoolTerm Intrnl_Id="3407">
<LocList>
<Loc EndOffset="11521" SrcFileId="11" StartOffset="11485"/>
</LocList>
</BasicBoolTerm>
</RootTerm>
</CondStmnt>
</StmntSeq>
</Branch>
<Keyword EndOffset="11365" SrcFileId="11" StartOffset="11363"/>
<LocList>
<Loc EndOffset="11940" SrcFileId="11" StartOffset="11363"/>
</LocList>
<RootTerm CovItemId="C53" CovItemPrefix="game.PeasantsRevoltChess.java" Intrnl_Id="3408">
<BasicBoolTerm Intrnl_Id="3409">
<LocList>
<Loc EndOffset="11403" SrcFileId="11" StartOffset="11366"/>
</LocList>
</BasicBoolTerm>
</RootTerm>
</CondStmnt>
</StmntSeq>
</Branch>
<Keyword EndOffset="11250" SrcFileId="11" StartOffset="11248"/>
<LocList>
<Loc EndOffset="11940" SrcFileId="11" StartOffset="11248"/>
</LocList>
<RootTerm CovItemId="C52" CovItemPrefix="game.PeasantsRevoltChess.java" Intrnl_Id="3410">
<BasicBoolTerm Intrnl_Id="3411">
<LocList>
<Loc EndOffset="11286" SrcFileId="11" StartOffset="11251"/>
</LocList>
</BasicBoolTerm>
</RootTerm>
</CondStmnt>
<CondStmnt CovItemId="S162" CovItemPrefix="game.PeasantsRevoltChess.java" Intrnl_Id="3412">
<Branch CovItemId="B103" CovItemPrefix="game.PeasantsRevoltChess.java" Implct="false" Intrnl_Id="3413">
<Cond/>
<LocList>
<Loc EndOffset="12061" SrcFileId="11" StartOffset="11961"/>
</LocList>
<StmntSeq Intrnl_Id="3414">
<LocList>
<Loc EndOffset="12057" SrcFileId="11" StartOffset="11966"/>
</LocList>
<BasicStmnt CovItemId="S163" CovItemPrefix="game.PeasantsRevoltChess.java" Intrnl_Id="3415">
<LocList>
<Loc EndOffset="12057" SrcFileId="11" StartOffset="11966"/>
</LocList>
</BasicStmnt>
</StmntSeq>
</Branch>
<Branch CovItemId="B104" CovItemPrefix="game.PeasantsRevoltChess.java" Implct="true" Intrnl_Id="3416">
<Cond/>
<LocList/>
<StmntSeq Intrnl_Id="3417">
<LocList/>
</StmntSeq>
</Branch>
<Keyword EndOffset="11946" SrcFileId="11" StartOffset="11944"/>
<LocList>
<Loc EndOffset="12061" SrcFileId="11" StartOffset="11944"/>
</LocList>
<RootTerm CovItemId="C58" CovItemPrefix="game.PeasantsRevoltChess.java" Intrnl_Id="3418">
<BasicBoolTerm Intrnl_Id="3419">
<LocList>
<Loc EndOffset="11959" SrcFileId="11" StartOffset="11947"/>
</LocList>
</BasicBoolTerm>
</RootTerm>
</CondStmnt>
<BasicStmnt CovItemId="S164" CovItemPrefix="game.PeasantsRevoltChess.java" Intrnl_Id="3420">
<LocList>
<Loc EndOffset="12121" SrcFileId="11" StartOffset="12065"/>
</LocList>
<QMO CovItemId="Q6" CovItemPrefix="game.PeasantsRevoltChess.java" Intrnl_Id="3421">
<LocList>
<Loc EndOffset="12106" SrcFileId="11" StartOffset="12075"/>
</LocList>
<QMO_E CovItemId="Q6-0" CovItemPrefix="game.PeasantsRevoltChess.java" Intrnl_Id="3422">
<LocList>
<Loc EndOffset="12116" SrcFileId="11" StartOffset="12109"/>
</LocList>
</QMO_E>
<QMO_E CovItemId="Q6-1" CovItemPrefix="game.PeasantsRevoltChess.java" Intrnl_Id="3423">
<LocList>
<Loc EndOffset="12120" SrcFileId="11" StartOffset="12119"/>
</LocList>
</QMO_E>
</QMO>
</BasicStmnt>
<CondStmnt CovItemId="S165" CovItemPrefix="game.PeasantsRevoltChess.java" Intrnl_Id="3424">
<Branch CovItemId="B105" CovItemPrefix="game.PeasantsRevoltChess.java" Implct="false" Intrnl_Id="3425">
<Cond/>
<LocList>
<Loc EndOffset="12202" SrcFileId="11" StartOffset="12141"/>
</LocList>
<StmntSeq Intrnl_Id="3426">
<LocList>
<Loc EndOffset="12198" SrcFileId="11" StartOffset="12146"/>
</LocList>
<BasicStmnt CovItemId="S166" CovItemPrefix="game.PeasantsRevoltChess.java" Intrnl_Id="3427">
<LocList>
<Loc EndOffset="12198" SrcFileId="11" StartOffset="12146"/>
</LocList>
</BasicStmnt>
</StmntSeq>
</Branch>
<Branch CovItemId="B106" CovItemPrefix="game.PeasantsRevoltChess.java" Implct="true" Intrnl_Id="3428">
<Cond/>
<LocList/>
<StmntSeq Intrnl_Id="3429">
<LocList/>
</StmntSeq>
</Branch>
<Keyword EndOffset="12126" SrcFileId="11" StartOffset="12124"/>
<LocList>
<Loc EndOffset="12202" SrcFileId="11" StartOffset="12124"/>
</LocList>
<RootTerm CovItemId="C59" CovItemPrefix="game.PeasantsRevoltChess.java" Intrnl_Id="3430">
<BasicBoolTerm Intrnl_Id="3431">
<LocList>
<Loc EndOffset="12139" SrcFileId="11" StartOffset="12127"/>
</LocList>
</BasicBoolTerm>
</RootTerm>
</CondStmnt>
<BasicStmnt CovItemId="S167" CovItemPrefix="game.PeasantsRevoltChess.java" Intrnl_Id="3432">
<LocList>
<Loc EndOffset="12221" SrcFileId="11" StartOffset="12206"/>
</LocList>
</BasicStmnt>
</StmntSeq>
</HierarchyLvl>
<HierarchyLvl HierarchyLvlId="1086" HierarchyLvlTypeId="27" Intrnl_Id="3433" Name="CheckForCheck">
<Header>
<Loc EndOffset="12621" SrcFileId="11" StartOffset="12559"/>
</Header>
<LocList>
<Loc EndOffset="14404" SrcFileId="11" StartOffset="12559"/>
</LocList>
<StmntSeq Intrnl_Id="3434">
<LocList>
<Loc EndOffset="12692" SrcFileId="11" StartOffset="12667"/>
<Loc EndOffset="12717" SrcFileId="11" StartOffset="12695"/>
<Loc EndOffset="13026" SrcFileId="11" StartOffset="12720"/>
<Loc EndOffset="13117" SrcFileId="11" StartOffset="13077"/>
<Loc EndOffset="14384" SrcFileId="11" StartOffset="13276"/>
<Loc EndOffset="14401" SrcFileId="11" StartOffset="14388"/>
</LocList>
<BasicStmnt CovItemId="S168" CovItemPrefix="game.PeasantsRevoltChess.java" Intrnl_Id="3435">
<LocList>
<Loc EndOffset="12692" SrcFileId="11" StartOffset="12667"/>
</LocList>
</BasicStmnt>
<BasicStmnt CovItemId="S169" CovItemPrefix="game.PeasantsRevoltChess.java" Intrnl_Id="3436">
<LocList>
<Loc EndOffset="12717" SrcFileId="11" StartOffset="12695"/>
</LocList>
</BasicStmnt>
<LoopStmnt CovItemId="S170" CovItemPrefix="game.PeasantsRevoltChess.java" Intrnl_Id="3437" MltplExecId="L7-2" MltplExecPrefix="game.PeasantsRevoltChess.java" NvrExecId="L7-0" NvrExecPrefix="game.PeasantsRevoltChess.java" OnceExecutedId="L7-1" OnceExecutedPrefix="game.PeasantsRevoltChess.java" OptBodyExec="true">
<StmntSeq Intrnl_Id="3438">
<LocList>
<Loc EndOffset="13022" SrcFileId="11" StartOffset="12760"/>
</LocList>
<CondStmnt CovItemId="S171" CovItemPrefix="game.PeasantsRevoltChess.java" Intrnl_Id="3439">
<Branch CovItemId="B107" CovItemPrefix="game.PeasantsRevoltChess.java" Implct="false" Intrnl_Id="3440">
<Cond/>
<LocList>
<Loc EndOffset="13022" SrcFileId="11" StartOffset="12784"/>
</LocList>
<StmntSeq Intrnl_Id="3441">
<LocList>
<Loc EndOffset="13017" SrcFileId="11" StartOffset="12790"/>
</LocList>
<CondStmnt CovItemId="S172" CovItemPrefix="game.PeasantsRevoltChess.java" Intrnl_Id="3442">
<Branch CovItemId="B109" CovItemPrefix="game.PeasantsRevoltChess.java" Implct="false" Intrnl_Id="3443">
<Cond/>
<LocList>
<Loc EndOffset="12900" SrcFileId="11" StartOffset="12867"/>
</LocList>
<StmntSeq Intrnl_Id="3444">
<LocList>
<Loc EndOffset="12894" SrcFileId="11" StartOffset="12874"/>
</LocList>
<BasicStmnt CovItemId="S173" CovItemPrefix="game.PeasantsRevoltChess.java" Intrnl_Id="3445">
<LocList>
<Loc EndOffset="12894" SrcFileId="11" StartOffset="12874"/>
</LocList>
</BasicStmnt>
</StmntSeq>
</Branch>
<Branch CovItemId="B110" CovItemPrefix="game.PeasantsRevoltChess.java" Implct="false" Intrnl_Id="3446">
<Cond>
<Loc EndOffset="12909" SrcFileId="11" StartOffset="12905"/>
</Cond>
<LocList>
<Loc EndOffset="13017" SrcFileId="11" StartOffset="12910"/>
</LocList>
<StmntSeq Intrnl_Id="3447">
<LocList>
<Loc EndOffset="13017" SrcFileId="11" StartOffset="12910"/>
</LocList>
<CondStmnt CovItemId="S174" CovItemPrefix="game.PeasantsRevoltChess.java" Intrnl_Id="3448">
<Branch CovItemId="B111" CovItemPrefix="game.PeasantsRevoltChess.java" Implct="false" Intrnl_Id="3449">
<Cond/>
<LocList>
<Loc EndOffset="13017" SrcFileId="11" StartOffset="12987"/>
</LocList>
<StmntSeq Intrnl_Id="3450">
<LocList>
<Loc EndOffset="13011" SrcFileId="11" StartOffset="12994"/>
</LocList>
<BasicStmnt CovItemId="S175" CovItemPrefix="game.PeasantsRevoltChess.java" Intrnl_Id="3451">
<LocList>
<Loc EndOffset="13011" SrcFileId="11" StartOffset="12994"/>
</LocList>
</BasicStmnt>
</StmntSeq>
</Branch>
<Branch CovItemId="B112" CovItemPrefix="game.PeasantsRevoltChess.java" Implct="true" Intrnl_Id="3452">
<Cond/>
<LocList/>
<StmntSeq Intrnl_Id="3453">
<LocList/>
</StmntSeq>
</Branch>
<Keyword EndOffset="12912" SrcFileId="11" StartOffset="12910"/>
<LocList>
<Loc EndOffset="13017" SrcFileId="11" StartOffset="12910"/>
</LocList>
<RootTerm CovItemId="C62" CovItemPrefix="game.PeasantsRevoltChess.java" Intrnl_Id="3454">
<OpTerm BooleanOpId="23" Intrnl_Id="3455">
<BasicBoolTerm Intrnl_Id="3456">
<LocList>
<Loc EndOffset="12949" SrcFileId="11" StartOffset="12914"/>
</LocList>
</BasicBoolTerm>
<BasicBoolTerm Intrnl_Id="3457">
<LocList>
<Loc EndOffset="12985" SrcFileId="11" StartOffset="12953"/>
</LocList>
</BasicBoolTerm>
<LocList>
<Loc EndOffset="12952" SrcFileId="11" StartOffset="12950"/>
</LocList>
</OpTerm>
</RootTerm>
</CondStmnt>
</StmntSeq>
</Branch>
<Keyword EndOffset="12792" SrcFileId="11" StartOffset="12790"/>
<LocList>
<Loc EndOffset="13017" SrcFileId="11" StartOffset="12790"/>
</LocList>
<RootTerm CovItemId="C61" CovItemPrefix="game.PeasantsRevoltChess.java" Intrnl_Id="3458">
<OpTerm BooleanOpId="23" Intrnl_Id="3459">
<BasicBoolTerm Intrnl_Id="3460">
<LocList>
<Loc EndOffset="12829" SrcFileId="11" StartOffset="12794"/>
</LocList>
</BasicBoolTerm>
<BasicBoolTerm Intrnl_Id="3461">
<LocList>
<Loc EndOffset="12865" SrcFileId="11" StartOffset="12833"/>
</LocList>
</BasicBoolTerm>
<LocList>
<Loc EndOffset="12832" SrcFileId="11" StartOffset="12830"/>
</LocList>
</OpTerm>
</RootTerm>
</CondStmnt>
</StmntSeq>
</Branch>
<Branch CovItemId="B108" CovItemPrefix="game.PeasantsRevoltChess.java" Implct="true" Intrnl_Id="3462">
<Cond/>
<LocList/>
<StmntSeq Intrnl_Id="3463">
<LocList/>
</StmntSeq>
</Branch>
<Keyword EndOffset="12762" SrcFileId="11" StartOffset="12760"/>
<LocList>
<Loc EndOffset="13022" SrcFileId="11" StartOffset="12760"/>
</LocList>
<RootTerm CovItemId="C60" CovItemPrefix="game.PeasantsRevoltChess.java" Intrnl_Id="3464">
<BasicBoolTerm Intrnl_Id="3465">
<LocList>
<Loc EndOffset="12782" SrcFileId="11" StartOffset="12764"/>
</LocList>
</BasicBoolTerm>
</RootTerm>
</CondStmnt>
</StmntSeq>
<Keyword EndOffset="12723" SrcFileId="11" StartOffset="12720"/>
<LocList>
<Loc EndOffset="13026" SrcFileId="11" StartOffset="12720"/>
</LocList>
</LoopStmnt>
<CondStmnt CovItemId="S176" CovItemPrefix="game.PeasantsRevoltChess.java" Intrnl_Id="3466">
<Branch CovItemId="B113" CovItemPrefix="game.PeasantsRevoltChess.java" Implct="false" Intrnl_Id="3467">
<Cond/>
<LocList>
<Loc EndOffset="13117" SrcFileId="11" StartOffset="13100"/>
</LocList>
<StmntSeq Intrnl_Id="3468">
<LocList>
<Loc EndOffset="13115" SrcFileId="11" StartOffset="13102"/>
</LocList>
<BasicStmnt CovItemId="S177" CovItemPrefix="game.PeasantsRevoltChess.java" Intrnl_Id="3469">
<LocList>
<Loc EndOffset="13115" SrcFileId="11" StartOffset="13102"/>
</LocList>
</BasicStmnt>
</StmntSeq>
</Branch>
<Branch CovItemId="B114" CovItemPrefix="game.PeasantsRevoltChess.java" Implct="true" Intrnl_Id="3470">
<Cond/>
<LocList/>
<StmntSeq Intrnl_Id="3471">
<LocList/>
</StmntSeq>
</Branch>
<Keyword EndOffset="13079" SrcFileId="11" StartOffset="13077"/>
<LocList>
<Loc EndOffset="13117" SrcFileId="11" StartOffset="13077"/>
</LocList>
<RootTerm CovItemId="C63" CovItemPrefix="game.PeasantsRevoltChess.java" Intrnl_Id="3472">
<BasicBoolTerm Intrnl_Id="3473">
<LocList>
<Loc EndOffset="13098" SrcFileId="11" StartOffset="13081"/>
</LocList>
</BasicBoolTerm>
</RootTerm>
</CondStmnt>
<LoopStmnt CovItemId="S178" CovItemPrefix="game.PeasantsRevoltChess.java" Intrnl_Id="3474" MltplExecId="L8-2" MltplExecPrefix="game.PeasantsRevoltChess.java" NvrExecId="L8-0" NvrExecPrefix="game.PeasantsRevoltChess.java" OnceExecutedId="L8-1" OnceExecutedPrefix="game.PeasantsRevoltChess.java" OptBodyExec="true">
<StmntSeq Intrnl_Id="3475">
<LocList>
<Loc EndOffset="14380" SrcFileId="11" StartOffset="13317"/>
</LocList>
<CondStmnt CovItemId="S179" CovItemPrefix="game.PeasantsRevoltChess.java" Intrnl_Id="3476">
<Branch CovItemId="B115" CovItemPrefix="game.PeasantsRevoltChess.java" Implct="false" Intrnl_Id="3477">
<Cond/>
<LocList>
<Loc EndOffset="14380" SrcFileId="11" StartOffset="13341"/>
</LocList>
<StmntSeq Intrnl_Id="3478">
<LocList>
<Loc EndOffset="14375" SrcFileId="11" StartOffset="13347"/>
</LocList>
<CondStmnt CovItemId="S180" CovItemPrefix="game.PeasantsRevoltChess.java" Intrnl_Id="3479">
<Branch CovItemId="B117" CovItemPrefix="game.PeasantsRevoltChess.java" Implct="false" Intrnl_Id="3480">
<Cond/>
<LocList>
<Loc EndOffset="14375" SrcFileId="11" StartOffset="13385"/>
</LocList>
<StmntSeq Intrnl_Id="3481">
<LocList>
<Loc EndOffset="13447" SrcFileId="11" StartOffset="13420"/>
<Loc EndOffset="13494" SrcFileId="11" StartOffset="13453"/>
<Loc EndOffset="13530" SrcFileId="11" StartOffset="13500"/>
<Loc EndOffset="13569" SrcFileId="11" StartOffset="13536"/>
<Loc EndOffset="13603" SrcFileId="11" StartOffset="13575"/>
<Loc EndOffset="13634" SrcFileId="11" StartOffset="13610"/>
<Loc EndOffset="14323" SrcFileId="11" StartOffset="13640"/>
<Loc EndOffset="14369" SrcFileId="11" StartOffset="14329"/>
</LocList>
<BasicStmnt CovItemId="S181" CovItemPrefix="game.PeasantsRevoltChess.java" Intrnl_Id="3482">
<LocList>
<Loc EndOffset="13447" SrcFileId="11" StartOffset="13420"/>
</LocList>
</BasicStmnt>
<BasicStmnt CovItemId="S182" CovItemPrefix="game.PeasantsRevoltChess.java" Intrnl_Id="3483">
<LocList>
<Loc EndOffset="13494" SrcFileId="11" StartOffset="13453"/>
</LocList>
</BasicStmnt>
<BasicStmnt CovItemId="S183" CovItemPrefix="game.PeasantsRevoltChess.java" Intrnl_Id="3484">
<LocList>
<Loc EndOffset="13530" SrcFileId="11" StartOffset="13500"/>
</LocList>
</BasicStmnt>
<BasicStmnt CovItemId="S184" CovItemPrefix="game.PeasantsRevoltChess.java" Intrnl_Id="3485">
<LocList>
<Loc EndOffset="13569" SrcFileId="11" StartOffset="13536"/>
</LocList>
</BasicStmnt>
<BasicStmnt CovItemId="S185" CovItemPrefix="game.PeasantsRevoltChess.java" Intrnl_Id="3486">
<LocList>
<Loc EndOffset="13603" SrcFileId="11" StartOffset="13575"/>
</LocList>
</BasicStmnt>
<BasicStmnt CovItemId="S186" CovItemPrefix="game.PeasantsRevoltChess.java" Intrnl_Id="3487">
<LocList>
<Loc EndOffset="13634" SrcFileId="11" StartOffset="13610"/>
</LocList>
</BasicStmnt>
<CondStmnt CovItemId="S187" CovItemPrefix="game.PeasantsRevoltChess.java" Intrnl_Id="3488">
<Branch CovItemId="B119" CovItemPrefix="game.PeasantsRevoltChess.java" Implct="false" Intrnl_Id="3489">
<Cond/>
<LocList>
<Loc EndOffset="13743" SrcFileId="11" StartOffset="13684"/>
</LocList>
<StmntSeq Intrnl_Id="3490">
<LocList>
<Loc EndOffset="13736" SrcFileId="11" StartOffset="13692"/>
</LocList>
<BasicStmnt CovItemId="S188" CovItemPrefix="game.PeasantsRevoltChess.java" Intrnl_Id="3491">
<LocList>
<Loc EndOffset="13736" SrcFileId="11" StartOffset="13692"/>
</LocList>
</BasicStmnt>
</StmntSeq>
</Branch>
<Branch CovItemId="B120" CovItemPrefix="game.PeasantsRevoltChess.java" Implct="false" Intrnl_Id="3492">
<Cond>
<Loc EndOffset="13753" SrcFileId="11" StartOffset="13749"/>
</Cond>
<LocList>
<Loc EndOffset="14323" SrcFileId="11" StartOffset="13754"/>
</LocList>
<StmntSeq Intrnl_Id="3493">
<LocList>
<Loc EndOffset="14323" SrcFileId="11" StartOffset="13754"/>
</LocList>
<CondStmnt CovItemId="S189" CovItemPrefix="game.PeasantsRevoltChess.java" Intrnl_Id="3494">
<Branch CovItemId="B121" CovItemPrefix="game.PeasantsRevoltChess.java" Implct="false" Intrnl_Id="3495">
<Cond/>
<LocList>
<Loc EndOffset="13861" SrcFileId="11" StartOffset="13800"/>
</LocList>
<StmntSeq Intrnl_Id="3496">
<LocList>
<Loc EndOffset="13854" SrcFileId="11" StartOffset="13808"/>
</LocList>
<BasicStmnt CovItemId="S190" CovItemPrefix="game.PeasantsRevoltChess.java" Intrnl_Id="3497">
<LocList>
<Loc EndOffset="13854" SrcFileId="11" StartOffset="13808"/>
</LocList>
</BasicStmnt>
</StmntSeq>
</Branch>
<Branch CovItemId="B122" CovItemPrefix="game.PeasantsRevoltChess.java" Implct="false" Intrnl_Id="3498">
<Cond>
<Loc EndOffset="13871" SrcFileId="11" StartOffset="13867"/>
</Cond>
<LocList>
<Loc EndOffset="14323" SrcFileId="11" StartOffset="13872"/>
</LocList>
<StmntSeq Intrnl_Id="3499">
<LocList>
<Loc EndOffset="14323" SrcFileId="11" StartOffset="13872"/>
</LocList>
<CondStmnt CovItemId="S191" CovItemPrefix="game.PeasantsRevoltChess.java" Intrnl_Id="3500">
<Branch CovItemId="B123" CovItemPrefix="game.PeasantsRevoltChess.java" Implct="false" Intrnl_Id="3501">
<Cond/>
<LocList>
<Loc EndOffset="13977" SrcFileId="11" StartOffset="13917"/>
</LocList>
<StmntSeq Intrnl_Id="3502">
<LocList>
<Loc EndOffset="13970" SrcFileId="11" StartOffset="13925"/>
</LocList>
<BasicStmnt CovItemId="S192" CovItemPrefix="game.PeasantsRevoltChess.java" Intrnl_Id="3503">
<LocList>
<Loc EndOffset="13970" SrcFileId="11" StartOffset="13925"/>
</LocList>
</BasicStmnt>
</StmntSeq>
</Branch>
<Branch CovItemId="B124" CovItemPrefix="game.PeasantsRevoltChess.java" Implct="false" Intrnl_Id="3504">
<Cond>
<Loc EndOffset="13987" SrcFileId="11" StartOffset="13983"/>
</Cond>
<LocList>
<Loc EndOffset="14323" SrcFileId="11" StartOffset="13988"/>
</LocList>
<StmntSeq Intrnl_Id="3505">
<LocList>
<Loc EndOffset="14323" SrcFileId="11" StartOffset="13988"/>
</LocList>
<CondStmnt CovItemId="S193" CovItemPrefix="game.PeasantsRevoltChess.java" Intrnl_Id="3506">
<Branch CovItemId="B125" CovItemPrefix="game.PeasantsRevoltChess.java" Implct="false" Intrnl_Id="3507">
<Cond/>
<LocList>
<Loc EndOffset="14091" SrcFileId="11" StartOffset="14032"/>
</LocList>
<StmntSeq Intrnl_Id="3508">
<LocList>
<Loc EndOffset="14084" SrcFileId="11" StartOffset="14040"/>
</LocList>
<BasicStmnt CovItemId="S194" CovItemPrefix="game.PeasantsRevoltChess.java" Intrnl_Id="3509">
<LocList>
<Loc EndOffset="14084" SrcFileId="11" StartOffset="14040"/>
</LocList>
</BasicStmnt>
</StmntSeq>
</Branch>
<Branch CovItemId="B126" CovItemPrefix="game.PeasantsRevoltChess.java" Implct="false" Intrnl_Id="3510">
<Cond>
<Loc EndOffset="14101" SrcFileId="11" StartOffset="14097"/>
</Cond>
<LocList>
<Loc EndOffset="14323" SrcFileId="11" StartOffset="14102"/>
</LocList>
<StmntSeq Intrnl_Id="3511">
<LocList>
<Loc EndOffset="14323" SrcFileId="11" StartOffset="14102"/>
</LocList>
<CondStmnt CovItemId="S195" CovItemPrefix="game.PeasantsRevoltChess.java" Intrnl_Id="3512">
<Branch CovItemId="B127" CovItemPrefix="game.PeasantsRevoltChess.java" Implct="false" Intrnl_Id="3513">
<Cond/>
<LocList>
<Loc EndOffset="14209" SrcFileId="11" StartOffset="14148"/>
</LocList>
<StmntSeq Intrnl_Id="3514">
<LocList>
<Loc EndOffset="14202" SrcFileId="11" StartOffset="14156"/>
</LocList>
<BasicStmnt CovItemId="S196" CovItemPrefix="game.PeasantsRevoltChess.java" Intrnl_Id="3515">
<LocList>
<Loc EndOffset="14202" SrcFileId="11" StartOffset="14156"/>
</LocList>
</BasicStmnt>
</StmntSeq>
</Branch>
<Branch CovItemId="B128" CovItemPrefix="game.PeasantsRevoltChess.java" Implct="false" Intrnl_Id="3516">
<Cond>
<Loc EndOffset="14219" SrcFileId="11" StartOffset="14215"/>
</Cond>
<LocList>
<Loc EndOffset="14323" SrcFileId="11" StartOffset="14220"/>
</LocList>
<StmntSeq Intrnl_Id="3517">
<LocList>
<Loc EndOffset="14323" SrcFileId="11" StartOffset="14220"/>
</LocList>
<CondStmnt CovItemId="S197" CovItemPrefix="game.PeasantsRevoltChess.java" Intrnl_Id="3518">
<Branch CovItemId="B129" CovItemPrefix="game.PeasantsRevoltChess.java" Implct="false" Intrnl_Id="3519">
<Cond/>
<LocList>
<Loc EndOffset="14323" SrcFileId="11" StartOffset="14264"/>
</LocList>
<StmntSeq Intrnl_Id="3520">
<LocList>
<Loc EndOffset="14316" SrcFileId="11" StartOffset="14272"/>
</LocList>
<BasicStmnt CovItemId="S198" CovItemPrefix="game.PeasantsRevoltChess.java" Intrnl_Id="3521">
<LocList>
<Loc EndOffset="14316" SrcFileId="11" StartOffset="14272"/>
</LocList>
</BasicStmnt>
</StmntSeq>
</Branch>
<Branch CovItemId="B130" CovItemPrefix="game.PeasantsRevoltChess.java" Implct="true" Intrnl_Id="3522">
<Cond/>
<LocList/>
<StmntSeq Intrnl_Id="3523">
<LocList/>
</StmntSeq>
</Branch>
<Keyword EndOffset="14222" SrcFileId="11" StartOffset="14220"/>
<LocList>
<Loc EndOffset="14323" SrcFileId="11" StartOffset="14220"/>
</LocList>
<RootTerm CovItemId="C71" CovItemPrefix="game.PeasantsRevoltChess.java" Intrnl_Id="3524">
<BasicBoolTerm Intrnl_Id="3525">
<LocList>
<Loc EndOffset="14262" SrcFileId="11" StartOffset="14223"/>
</LocList>
</BasicBoolTerm>
</RootTerm>
</CondStmnt>
</StmntSeq>
</Branch>
<Keyword EndOffset="14104" SrcFileId="11" StartOffset="14102"/>
<LocList>
<Loc EndOffset="14323" SrcFileId="11" StartOffset="14102"/>
</LocList>
<RootTerm CovItemId="C70" CovItemPrefix="game.PeasantsRevoltChess.java" Intrnl_Id="3526">
<BasicBoolTerm Intrnl_Id="3527">
<LocList>
<Loc EndOffset="14146" SrcFileId="11" StartOffset="14105"/>
</LocList>
</BasicBoolTerm>
</RootTerm>
</CondStmnt>
</StmntSeq>
</Branch>
<Keyword EndOffset="13990" SrcFileId="11" StartOffset="13988"/>
<LocList>
<Loc EndOffset="14323" SrcFileId="11" StartOffset="13988"/>
</LocList>
<RootTerm CovItemId="C69" CovItemPrefix="game.PeasantsRevoltChess.java" Intrnl_Id="3528">
<BasicBoolTerm Intrnl_Id="3529">
<LocList>
<Loc EndOffset="14030" SrcFileId="11" StartOffset="13991"/>
</LocList>
</BasicBoolTerm>
</RootTerm>
</CondStmnt>
</StmntSeq>
</Branch>
<Keyword EndOffset="13874" SrcFileId="11" StartOffset="13872"/>
<LocList>
<Loc EndOffset="14323" SrcFileId="11" StartOffset="13872"/>
</LocList>
<RootTerm CovItemId="C68" CovItemPrefix="game.PeasantsRevoltChess.java" Intrnl_Id="3530">
<BasicBoolTerm Intrnl_Id="3531">
<LocList>
<Loc EndOffset="13915" SrcFileId="11" StartOffset="13875"/>
</LocList>
</BasicBoolTerm>
</RootTerm>
</CondStmnt>
</StmntSeq>
</Branch>
<Keyword EndOffset="13756" SrcFileId="11" StartOffset="13754"/>
<LocList>
<Loc EndOffset="14323" SrcFileId="11" StartOffset="13754"/>
</LocList>
<RootTerm CovItemId="C67" CovItemPrefix="game.PeasantsRevoltChess.java" Intrnl_Id="3532">
<BasicBoolTerm Intrnl_Id="3533">
<LocList>
<Loc EndOffset="13798" SrcFileId="11" StartOffset="13757"/>
</LocList>
</BasicBoolTerm>
</RootTerm>
</CondStmnt>
</StmntSeq>
</Branch>
<Keyword EndOffset="13642" SrcFileId="11" StartOffset="13640"/>
<LocList>
<Loc EndOffset="14323" SrcFileId="11" StartOffset="13640"/>
</LocList>
<RootTerm CovItemId="C66" CovItemPrefix="game.PeasantsRevoltChess.java" Intrnl_Id="3534">
<BasicBoolTerm Intrnl_Id="3535">
<LocList>
<Loc EndOffset="13682" SrcFileId="11" StartOffset="13643"/>
</LocList>
</BasicBoolTerm>
</RootTerm>
</CondStmnt>
<CondStmnt CovItemId="S199" CovItemPrefix="game.PeasantsRevoltChess.java" Intrnl_Id="3536">
<Branch CovItemId="B131" CovItemPrefix="game.PeasantsRevoltChess.java" Implct="false" Intrnl_Id="3537">
<Cond/>
<LocList>
<Loc EndOffset="14369" SrcFileId="11" StartOffset="14342"/>
</LocList>
<StmntSeq Intrnl_Id="3538">
<LocList>
<Loc EndOffset="14362" SrcFileId="11" StartOffset="14350"/>
</LocList>
<BasicStmnt CovItemId="S200" CovItemPrefix="game.PeasantsRevoltChess.java" Intrnl_Id="3539">
<LocList>
<Loc EndOffset="14362" SrcFileId="11" StartOffset="14350"/>
</LocList>
</BasicStmnt>
</StmntSeq>
</Branch>
<Branch CovItemId="B132" CovItemPrefix="game.PeasantsRevoltChess.java" Implct="true" Intrnl_Id="3540">
<Cond/>
<LocList/>
<StmntSeq Intrnl_Id="3541">
<LocList/>
</StmntSeq>
</Branch>
<Keyword EndOffset="14331" SrcFileId="11" StartOffset="14329"/>
<LocList>
<Loc EndOffset="14369" SrcFileId="11" StartOffset="14329"/>
</LocList>
<RootTerm CovItemId="C72" CovItemPrefix="game.PeasantsRevoltChess.java" Intrnl_Id="3542">
<BasicBoolTerm Intrnl_Id="3543">
<LocList>
<Loc EndOffset="14340" SrcFileId="11" StartOffset="14333"/>
</LocList>
</BasicBoolTerm>
</RootTerm>
</CondStmnt>
</StmntSeq>
</Branch>
<Branch CovItemId="B118" CovItemPrefix="game.PeasantsRevoltChess.java" Implct="true" Intrnl_Id="3544">
<Cond/>
<LocList/>
<StmntSeq Intrnl_Id="3545">
<LocList/>
</StmntSeq>
</Branch>
<Keyword EndOffset="13349" SrcFileId="11" StartOffset="13347"/>
<LocList>
<Loc EndOffset="14375" SrcFileId="11" StartOffset="13347"/>
</LocList>
<RootTerm CovItemId="C65" CovItemPrefix="game.PeasantsRevoltChess.java" Intrnl_Id="3546">
<BasicBoolTerm Intrnl_Id="3547">
<LocList>
<Loc EndOffset="13383" SrcFileId="11" StartOffset="13351"/>
</LocList>
</BasicBoolTerm>
</RootTerm>
</CondStmnt>
</StmntSeq>
</Branch>
<Branch CovItemId="B116" CovItemPrefix="game.PeasantsRevoltChess.java" Implct="true" Intrnl_Id="3548">
<Cond/>
<LocList/>
<StmntSeq Intrnl_Id="3549">
<LocList/>
</StmntSeq>
</Branch>
<Keyword EndOffset="13319" SrcFileId="11" StartOffset="13317"/>
<LocList>
<Loc EndOffset="14380" SrcFileId="11" StartOffset="13317"/>
</LocList>
<RootTerm CovItemId="C64" CovItemPrefix="game.PeasantsRevoltChess.java" Intrnl_Id="3550">
<BasicBoolTerm Intrnl_Id="3551">
<LocList>
<Loc EndOffset="13339" SrcFileId="11" StartOffset="13321"/>
</LocList>
</BasicBoolTerm>
</RootTerm>
</CondStmnt>
</StmntSeq>
<Keyword EndOffset="13279" SrcFileId="11" StartOffset="13276"/>
<LocList>
<Loc EndOffset="14384" SrcFileId="11" StartOffset="13276"/>
</LocList>
</LoopStmnt>
<BasicStmnt CovItemId="S201" CovItemPrefix="game.PeasantsRevoltChess.java" Intrnl_Id="3552">
<LocList>
<Loc EndOffset="14401" SrcFileId="11" StartOffset="14388"/>
</LocList>
</BasicStmnt>
</StmntSeq>
</HierarchyLvl>
<HierarchyLvl HierarchyLvlId="1087" HierarchyLvlTypeId="27" Intrnl_Id="3553" Name="validateBoardState">
<Header>
<Loc EndOffset="14711" SrcFileId="11" StartOffset="14653"/>
</Header>
<LocList>
<Loc EndOffset="15072" SrcFileId="11" StartOffset="14653"/>
</LocList>
<StmntSeq Intrnl_Id="3554">
<LocList>
<Loc EndOffset="14792" SrcFileId="11" StartOffset="14758"/>
<Loc EndOffset="14825" SrcFileId="11" StartOffset="14795"/>
<Loc EndOffset="14871" SrcFileId="11" StartOffset="14829"/>
<Loc EndOffset="14956" SrcFileId="11" StartOffset="14921"/>
<Loc EndOffset="15001" SrcFileId="11" StartOffset="14959"/>
<Loc EndOffset="15068" SrcFileId="11" StartOffset="15005"/>
</LocList>
<BasicStmnt CovItemId="S202" CovItemPrefix="game.PeasantsRevoltChess.java" Intrnl_Id="3555">
<LocList>
<Loc EndOffset="14792" SrcFileId="11" StartOffset="14758"/>
</LocList>
</BasicStmnt>
<BasicStmnt CovItemId="S203" CovItemPrefix="game.PeasantsRevoltChess.java" Intrnl_Id="3556">
<LocList>
<Loc EndOffset="14825" SrcFileId="11" StartOffset="14795"/>
</LocList>
</BasicStmnt>
<BasicStmnt CovItemId="S204" CovItemPrefix="game.PeasantsRevoltChess.java" Intrnl_Id="3557">
<LocList>
<Loc EndOffset="14871" SrcFileId="11" StartOffset="14829"/>
</LocList>
</BasicStmnt>
<BasicStmnt CovItemId="S205" CovItemPrefix="game.PeasantsRevoltChess.java" Intrnl_Id="3558">
<LocList>
<Loc EndOffset="14956" SrcFileId="11" StartOffset="14921"/>
</LocList>
</BasicStmnt>
<BasicStmnt CovItemId="S206" CovItemPrefix="game.PeasantsRevoltChess.java" Intrnl_Id="3559">
<LocList>
<Loc EndOffset="15001" SrcFileId="11" StartOffset="14959"/>
</LocList>
</BasicStmnt>
<BasicStmnt CovItemId="S207" CovItemPrefix="game.PeasantsRevoltChess.java" Intrnl_Id="3560">
<LocList>
<Loc EndOffset="15068" SrcFileId="11" StartOffset="15005"/>
</LocList>
</BasicStmnt>
</StmntSeq>
</HierarchyLvl>
<HierarchyLvl HierarchyLvlId="1088" HierarchyLvlTypeId="27" Intrnl_Id="3561" Name="setLastMoveJump">
<Header>
<Loc EndOffset="15305" SrcFileId="11" StartOffset="15244"/>
</Header>
<LocList>
<Loc EndOffset="15642" SrcFileId="11" StartOffset="15244"/>
</LocList>
<StmntSeq Intrnl_Id="3562">
<LocList>
<Loc EndOffset="15639" SrcFileId="11" StartOffset="15309"/>
</LocList>
<LoopStmnt CovItemId="S208" CovItemPrefix="game.PeasantsRevoltChess.java" Intrnl_Id="3563" MltplExecId="L9-2" MltplExecPrefix="game.PeasantsRevoltChess.java" NvrExecId="L9-0" NvrExecPrefix="game.PeasantsRevoltChess.java" OnceExecutedId="L9-1" OnceExecutedPrefix="game.PeasantsRevoltChess.java" OptBodyExec="true">
<StmntSeq Intrnl_Id="3564">
<LocList>
<Loc EndOffset="15635" SrcFileId="11" StartOffset="15352"/>
</LocList>
<LoopStmnt CovItemId="S209" CovItemPrefix="game.PeasantsRevoltChess.java" Intrnl_Id="3565" MltplExecId="L10-2" MltplExecPrefix="game.PeasantsRevoltChess.java" NvrExecId="L10-0" NvrExecPrefix="game.PeasantsRevoltChess.java" OnceExecutedId="L10-1" OnceExecutedPrefix="game.PeasantsRevoltChess.java" OptBodyExec="true">
<StmntSeq Intrnl_Id="3566">
<LocList>
<Loc EndOffset="15630" SrcFileId="11" StartOffset="15395"/>
</LocList>
<CondStmnt CovItemId="S210" CovItemPrefix="game.PeasantsRevoltChess.java" Intrnl_Id="3567">
<Branch CovItemId="B133" CovItemPrefix="game.PeasantsRevoltChess.java" Implct="false" Intrnl_Id="3568">
<Cond/>
<LocList>
<Loc EndOffset="15630" SrcFileId="11" StartOffset="15432"/>
</LocList>
<StmntSeq Intrnl_Id="3569">
<LocList>
<Loc EndOffset="15624" SrcFileId="11" StartOffset="15439"/>
</LocList>
<CondStmnt CovItemId="S211" CovItemPrefix="game.PeasantsRevoltChess.java" Intrnl_Id="3570">
<Branch CovItemId="B135" CovItemPrefix="game.PeasantsRevoltChess.java" Implct="false" Intrnl_Id="3571">
<Cond/>
<LocList>
<Loc EndOffset="15624" SrcFileId="11" StartOffset="15540"/>
</LocList>
<StmntSeq Intrnl_Id="3572">
<LocList>
<Loc EndOffset="15587" SrcFileId="11" StartOffset="15548"/>
<Loc EndOffset="15617" SrcFileId="11" StartOffset="15594"/>
</LocList>
<BasicStmnt CovItemId="S212" CovItemPrefix="game.PeasantsRevoltChess.java" Intrnl_Id="3573">
<LocList>
<Loc EndOffset="15587" SrcFileId="11" StartOffset="15548"/>
</LocList>
</BasicStmnt>
<BasicStmnt CovItemId="S213" CovItemPrefix="game.PeasantsRevoltChess.java" Intrnl_Id="3574">
<LocList>
<Loc EndOffset="15617" SrcFileId="11" StartOffset="15594"/>
</LocList>
</BasicStmnt>
</StmntSeq>
</Branch>
<Branch CovItemId="B136" CovItemPrefix="game.PeasantsRevoltChess.java" Implct="true" Intrnl_Id="3575">
<Cond/>
<LocList/>
<StmntSeq Intrnl_Id="3576">
<LocList/>
</StmntSeq>
</Branch>
<Keyword EndOffset="15441" SrcFileId="11" StartOffset="15439"/>
<LocList>
<Loc EndOffset="15624" SrcFileId="11" StartOffset="15439"/>
</LocList>
<RootTerm CovItemId="C76" CovItemPrefix="game.PeasantsRevoltChess.java" Intrnl_Id="3577">
<OpTerm BooleanOpId="23" Intrnl_Id="3578">
<BasicBoolTerm Intrnl_Id="3579">
<LocList>
<Loc EndOffset="15490" SrcFileId="11" StartOffset="15442"/>
</LocList>
</BasicBoolTerm>
<BasicBoolTerm Intrnl_Id="3580">
<LocList>
<Loc EndOffset="15539" SrcFileId="11" StartOffset="15494"/>
</LocList>
</BasicBoolTerm>
<LocList>
<Loc EndOffset="15493" SrcFileId="11" StartOffset="15491"/>
</LocList>
</OpTerm>
</RootTerm>
</CondStmnt>
</StmntSeq>
</Branch>
<Branch CovItemId="B134" CovItemPrefix="game.PeasantsRevoltChess.java" Implct="true" Intrnl_Id="3581">
<Cond/>
<LocList/>
<StmntSeq Intrnl_Id="3582">
<LocList/>
</StmntSeq>
</Branch>
<Keyword EndOffset="15397" SrcFileId="11" StartOffset="15395"/>
<LocList>
<Loc EndOffset="15630" SrcFileId="11" StartOffset="15395"/>
</LocList>
<RootTerm CovItemId="C75" CovItemPrefix="game.PeasantsRevoltChess.java" Intrnl_Id="3583">
<BasicBoolTerm Intrnl_Id="3584">
<LocList>
<Loc EndOffset="15430" SrcFileId="11" StartOffset="15399"/>
</LocList>
</BasicBoolTerm>
</RootTerm>
</CondStmnt>
</StmntSeq>
<Keyword EndOffset="15355" SrcFileId="11" StartOffset="15352"/>
<LocList>
<Loc EndOffset="15635" SrcFileId="11" StartOffset="15352"/>
</LocList>
<RootTerm CovItemId="C74" CovItemPrefix="game.PeasantsRevoltChess.java" Intrnl_Id="3585">
<BasicBoolTerm Intrnl_Id="3586">
<LocList>
<Loc EndOffset="15382" SrcFileId="11" StartOffset="15367"/>
</LocList>
</BasicBoolTerm>
</RootTerm>
</LoopStmnt>
</StmntSeq>
<Keyword EndOffset="15312" SrcFileId="11" StartOffset="15309"/>
<LocList>
<Loc EndOffset="15639" SrcFileId="11" StartOffset="15309"/>
</LocList>
<RootTerm CovItemId="C73" CovItemPrefix="game.PeasantsRevoltChess.java" Intrnl_Id="3587">
<BasicBoolTerm Intrnl_Id="3588">
<LocList>
<Loc EndOffset="15340" SrcFileId="11" StartOffset="15324"/>
</LocList>
</BasicBoolTerm>
</RootTerm>
</LoopStmnt>
</StmntSeq>
</HierarchyLvl>
<HierarchyLvl HierarchyLvlId="1089" HierarchyLvlTypeId="27" Intrnl_Id="3589" Name="ruleCompleteMove">
<Header>
<Loc EndOffset="15987" SrcFileId="11" StartOffset="15900"/>
</Header>
<LocList>
<Loc EndOffset="18973" SrcFileId="11" StartOffset="15900"/>
</LocList>
<StmntSeq Intrnl_Id="3590">
<LocList>
<Loc EndOffset="16028" SrcFileId="11" StartOffset="15991"/>
<Loc EndOffset="16524" SrcFileId="11" StartOffset="16031"/>
<Loc EndOffset="18930" SrcFileId="11" StartOffset="16528"/>
<Loc EndOffset="18970" SrcFileId="11" StartOffset="18933"/>
</LocList>
<BasicStmnt CovItemId="S214" CovItemPrefix="game.PeasantsRevoltChess.java" Intrnl_Id="3591">
<LocList>
<Loc EndOffset="16028" SrcFileId="11" StartOffset="15991"/>
</LocList>
</BasicStmnt>
<CondStmnt CovItemId="S215" CovItemPrefix="game.PeasantsRevoltChess.java" Intrnl_Id="3592">
<Branch CovItemId="B137" CovItemPrefix="game.PeasantsRevoltChess.java" Implct="false" Intrnl_Id="3593">
<Cond/>
<LocList>
<Loc EndOffset="16200" SrcFileId="11" StartOffset="16139"/>
</LocList>
<StmntSeq Intrnl_Id="3594">
<LocList>
<Loc EndOffset="16170" SrcFileId="11" StartOffset="16144"/>
<Loc EndOffset="16196" SrcFileId="11" StartOffset="16174"/>
</LocList>
<BasicStmnt CovItemId="S216" CovItemPrefix="game.PeasantsRevoltChess.java" Intrnl_Id="3595">
<LocList>
<Loc EndOffset="16170" SrcFileId="11" StartOffset="16144"/>
</LocList>
</BasicStmnt>
<BasicStmnt CovItemId="S217" CovItemPrefix="game.PeasantsRevoltChess.java" Intrnl_Id="3596">
<LocList>
<Loc EndOffset="16196" SrcFileId="11" StartOffset="16174"/>
</LocList>
</BasicStmnt>
</StmntSeq>
</Branch>
<Branch CovItemId="B138" CovItemPrefix="game.PeasantsRevoltChess.java" Implct="false" Intrnl_Id="3597">
<Cond>
<Loc EndOffset="16204" SrcFileId="11" StartOffset="16200"/>
</Cond>
<LocList>
<Loc EndOffset="16524" SrcFileId="11" StartOffset="16205"/>
</LocList>
<StmntSeq Intrnl_Id="3598">
<LocList>
<Loc EndOffset="16524" SrcFileId="11" StartOffset="16205"/>
</LocList>
<CondStmnt CovItemId="S218" CovItemPrefix="game.PeasantsRevoltChess.java" Intrnl_Id="3599">
<Branch CovItemId="B139" CovItemPrefix="game.PeasantsRevoltChess.java" Implct="false" Intrnl_Id="3600">
<Cond/>
<LocList>
<Loc EndOffset="16362" SrcFileId="11" StartOffset="16318"/>
</LocList>
<StmntSeq Intrnl_Id="3601">
<LocList>
<Loc EndOffset="16358" SrcFileId="11" StartOffset="16323"/>
</LocList>
<BasicStmnt CovItemId="S219" CovItemPrefix="game.PeasantsRevoltChess.java" Intrnl_Id="3602">
<LocList>
<Loc EndOffset="16358" SrcFileId="11" StartOffset="16323"/>
</LocList>
</BasicStmnt>
</StmntSeq>
</Branch>
<Branch CovItemId="B140" CovItemPrefix="game.PeasantsRevoltChess.java" Implct="false" Intrnl_Id="3603">
<Cond>
<Loc EndOffset="16366" SrcFileId="11" StartOffset="16362"/>
</Cond>
<LocList>
<Loc EndOffset="16524" SrcFileId="11" StartOffset="16367"/>
</LocList>
<StmntSeq Intrnl_Id="3604">
<LocList>
<Loc EndOffset="16524" SrcFileId="11" StartOffset="16367"/>
</LocList>
<CondStmnt CovItemId="S220" CovItemPrefix="game.PeasantsRevoltChess.java" Intrnl_Id="3605">
<Branch CovItemId="B141" CovItemPrefix="game.PeasantsRevoltChess.java" Implct="false" Intrnl_Id="3606">
<Cond/>
<LocList>
<Loc EndOffset="16524" SrcFileId="11" StartOffset="16480"/>
</LocList>
<StmntSeq Intrnl_Id="3607">
<LocList>
<Loc EndOffset="16520" SrcFileId="11" StartOffset="16485"/>
</LocList>
<BasicStmnt CovItemId="S221" CovItemPrefix="game.PeasantsRevoltChess.java" Intrnl_Id="3608">
<LocList>
<Loc EndOffset="16520" SrcFileId="11" StartOffset="16485"/>
</LocList>
</BasicStmnt>
</StmntSeq>
</Branch>
<Branch CovItemId="B142" CovItemPrefix="game.PeasantsRevoltChess.java" Implct="true" Intrnl_Id="3609">
<Cond/>
<LocList/>
<StmntSeq Intrnl_Id="3610">
<LocList/>
</StmntSeq>
</Branch>
<Keyword EndOffset="16369" SrcFileId="11" StartOffset="16367"/>
<LocList>
<Loc EndOffset="16524" SrcFileId="11" StartOffset="16367"/>
</LocList>
<RootTerm CovItemId="C79" CovItemPrefix="game.PeasantsRevoltChess.java" Intrnl_Id="3611">
<OpTerm BooleanOpId="23" Intrnl_Id="3612">
<OpTerm BooleanOpId="23" Intrnl_Id="3613">
<BasicBoolTerm Intrnl_Id="3614">
<LocList>
<Loc EndOffset="16405" SrcFileId="11" StartOffset="16370"/>
</LocList>
</BasicBoolTerm>
<BasicBoolTerm Intrnl_Id="3615">
<LocList>
<Loc EndOffset="16436" SrcFileId="11" StartOffset="16409"/>
</LocList>
</BasicBoolTerm>
<LocList>
<Loc EndOffset="16408" SrcFileId="11" StartOffset="16406"/>
</LocList>
</OpTerm>
<BasicBoolTerm Intrnl_Id="3616">
<LocList>
<Loc EndOffset="16478" SrcFileId="11" StartOffset="16440"/>
</LocList>
</BasicBoolTerm>
<LocList>
<Loc EndOffset="16439" SrcFileId="11" StartOffset="16437"/>
</LocList>
</OpTerm>
</RootTerm>
</CondStmnt>
</StmntSeq>
</Branch>
<Keyword EndOffset="16207" SrcFileId="11" StartOffset="16205"/>
<LocList>
<Loc EndOffset="16524" SrcFileId="11" StartOffset="16205"/>
</LocList>
<RootTerm CovItemId="C78" CovItemPrefix="game.PeasantsRevoltChess.java" Intrnl_Id="3617">
<OpTerm BooleanOpId="23" Intrnl_Id="3618">
<OpTerm BooleanOpId="23" Intrnl_Id="3619">
<BasicBoolTerm Intrnl_Id="3620">
<LocList>
<Loc EndOffset="16243" SrcFileId="11" StartOffset="16208"/>
</LocList>
</BasicBoolTerm>
<BasicBoolTerm Intrnl_Id="3621">
<LocList>
<Loc EndOffset="16274" SrcFileId="11" StartOffset="16247"/>
</LocList>
</BasicBoolTerm>
<LocList>
<Loc EndOffset="16246" SrcFileId="11" StartOffset="16244"/>
</LocList>
</OpTerm>
<BasicBoolTerm Intrnl_Id="3622">
<LocList>
<Loc EndOffset="16316" SrcFileId="11" StartOffset="16278"/>
</LocList>
</BasicBoolTerm>
<LocList>
<Loc EndOffset="16277" SrcFileId="11" StartOffset="16275"/>
</LocList>
</OpTerm>
</RootTerm>
</CondStmnt>
</StmntSeq>
</Branch>
<Keyword EndOffset="16033" SrcFileId="11" StartOffset="16031"/>
<LocList>
<Loc EndOffset="16524" SrcFileId="11" StartOffset="16031"/>
</LocList>
<RootTerm CovItemId="C77" CovItemPrefix="game.PeasantsRevoltChess.java" Intrnl_Id="3623">
<OpTerm BooleanOpId="23" Intrnl_Id="3624">
<BasicBoolTerm Intrnl_Id="3625">
<LocList>
<Loc EndOffset="16069" SrcFileId="11" StartOffset="16034"/>
</LocList>
</BasicBoolTerm>
<BasicBoolTerm Intrnl_Id="3626">
<LocList>
<Loc EndOffset="16137" SrcFileId="11" StartOffset="16073"/>
</LocList>
</BasicBoolTerm>
<LocList>
<Loc EndOffset="16072" SrcFileId="11" StartOffset="16070"/>
</LocList>
</OpTerm>
</RootTerm>
</CondStmnt>
<CondStmnt CovItemId="S222" CovItemPrefix="game.PeasantsRevoltChess.java" Intrnl_Id="3627">
<Branch CovItemId="B143" CovItemPrefix="game.PeasantsRevoltChess.java" Implct="false" Intrnl_Id="3628">
<Cond/>
<LocList>
<Loc EndOffset="18930" SrcFileId="11" StartOffset="16568"/>
</LocList>
<StmntSeq Intrnl_Id="3629">
<LocList>
<Loc EndOffset="16599" SrcFileId="11" StartOffset="16574"/>
<Loc EndOffset="16637" SrcFileId="11" StartOffset="16603"/>
<Loc EndOffset="16664" SrcFileId="11" StartOffset="16641"/>
<Loc EndOffset="18583" SrcFileId="11" StartOffset="16669"/>
<Loc EndOffset="18833" SrcFileId="11" StartOffset="18588"/>
<Loc EndOffset="18926" SrcFileId="11" StartOffset="18838"/>
</LocList>
<BasicStmnt CovItemId="S223" CovItemPrefix="game.PeasantsRevoltChess.java" Intrnl_Id="3630">
<LocList>
<Loc EndOffset="16599" SrcFileId="11" StartOffset="16574"/>
</LocList>
</BasicStmnt>
<BasicStmnt CovItemId="S224" CovItemPrefix="game.PeasantsRevoltChess.java" Intrnl_Id="3631">
<LocList>
<Loc EndOffset="16637" SrcFileId="11" StartOffset="16603"/>
</LocList>
</BasicStmnt>
<BasicStmnt CovItemId="S225" CovItemPrefix="game.PeasantsRevoltChess.java" Intrnl_Id="3632">
<LocList>
<Loc EndOffset="16664" SrcFileId="11" StartOffset="16641"/>
</LocList>
</BasicStmnt>
<LoopStmnt CovItemId="S226" CovItemPrefix="game.PeasantsRevoltChess.java" Intrnl_Id="3633" MltplExecId="L11-2" MltplExecPrefix="game.PeasantsRevoltChess.java" NvrExecId="L11-0" NvrExecPrefix="game.PeasantsRevoltChess.java" OnceExecutedId="L11-1" OnceExecutedPrefix="game.PeasantsRevoltChess.java" OptBodyExec="true">
<StmntSeq Intrnl_Id="3634">
<LocList>
<Loc EndOffset="18578" SrcFileId="11" StartOffset="16713"/>
</LocList>
<CondStmnt CovItemId="S227" CovItemPrefix="game.PeasantsRevoltChess.java" Intrnl_Id="3635">
<Branch CovItemId="B145" CovItemPrefix="game.PeasantsRevoltChess.java" Implct="false" Intrnl_Id="3636">
<Cond/>
<LocList>
<Loc EndOffset="18578" SrcFileId="11" StartOffset="16795"/>
</LocList>
<StmntSeq Intrnl_Id="3637">
<LocList>
<Loc EndOffset="18572" SrcFileId="11" StartOffset="16803"/>
</LocList>
<LoopStmnt CovItemId="S228" CovItemPrefix="game.PeasantsRevoltChess.java" Intrnl_Id="3638" MltplExecId="L12-2" MltplExecPrefix="game.PeasantsRevoltChess.java" NvrExecId="L12-0" NvrExecPrefix="game.PeasantsRevoltChess.java" OnceExecutedId="L12-1" OnceExecutedPrefix="game.PeasantsRevoltChess.java" OptBodyExec="true">
<StmntSeq Intrnl_Id="3639">
<LocList>
<Loc EndOffset="16880" SrcFileId="11" StartOffset="16856"/>
<Loc EndOffset="16935" SrcFileId="11" StartOffset="16887"/>
<Loc EndOffset="16972" SrcFileId="11" StartOffset="16942"/>
<Loc EndOffset="17011" SrcFileId="11" StartOffset="16979"/>
<Loc EndOffset="17055" SrcFileId="11" StartOffset="17018"/>
<Loc EndOffset="17315" SrcFileId="11" StartOffset="17291"/>
<Loc EndOffset="18064" SrcFileId="11" StartOffset="17322"/>
<Loc EndOffset="18565" SrcFileId="11" StartOffset="18120"/>
</LocList>
<BasicStmnt CovItemId="S229" CovItemPrefix="game.PeasantsRevoltChess.java" Intrnl_Id="3640">
<LocList>
<Loc EndOffset="16880" SrcFileId="11" StartOffset="16856"/>
</LocList>
</BasicStmnt>
<BasicStmnt CovItemId="S230" CovItemPrefix="game.PeasantsRevoltChess.java" Intrnl_Id="3641">
<LocList>
<Loc EndOffset="16935" SrcFileId="11" StartOffset="16887"/>
</LocList>
</BasicStmnt>
<BasicStmnt CovItemId="S231" CovItemPrefix="game.PeasantsRevoltChess.java" Intrnl_Id="3642">
<LocList>
<Loc EndOffset="16972" SrcFileId="11" StartOffset="16942"/>
</LocList>
</BasicStmnt>
<BasicStmnt CovItemId="S232" CovItemPrefix="game.PeasantsRevoltChess.java" Intrnl_Id="3643">
<LocList>
<Loc EndOffset="17011" SrcFileId="11" StartOffset="16979"/>
</LocList>
</BasicStmnt>
<BasicStmnt CovItemId="S233" CovItemPrefix="game.PeasantsRevoltChess.java" Intrnl_Id="3644">
<LocList>
<Loc EndOffset="17055" SrcFileId="11" StartOffset="17018"/>
</LocList>
</BasicStmnt>
<BasicStmnt CovItemId="S234" CovItemPrefix="game.PeasantsRevoltChess.java" Intrnl_Id="3645">
<LocList>
<Loc EndOffset="17315" SrcFileId="11" StartOffset="17291"/>
</LocList>
</BasicStmnt>
<CondStmnt CovItemId="S235" CovItemPrefix="game.PeasantsRevoltChess.java" Intrnl_Id="3646">
<Branch CovItemId="B147" CovItemPrefix="game.PeasantsRevoltChess.java" Implct="false" Intrnl_Id="3647">
<Cond/>
<LocList>
<Loc EndOffset="17434" SrcFileId="11" StartOffset="17368"/>
</LocList>
<StmntSeq Intrnl_Id="3648">
<LocList>
<Loc EndOffset="17426" SrcFileId="11" StartOffset="17377"/>
</LocList>
<BasicStmnt CovItemId="S236" CovItemPrefix="game.PeasantsRevoltChess.java" Intrnl_Id="3649">
<LocList>
<Loc EndOffset="17426" SrcFileId="11" StartOffset="17377"/>
</LocList>
</BasicStmnt>
</StmntSeq>
</Branch>
<Branch CovItemId="B148" CovItemPrefix="game.PeasantsRevoltChess.java" Implct="false" Intrnl_Id="3650">
<Cond>
<Loc EndOffset="17445" SrcFileId="11" StartOffset="17441"/>
</Cond>
<LocList>
<Loc EndOffset="18064" SrcFileId="11" StartOffset="17446"/>
</LocList>
<StmntSeq Intrnl_Id="3651">
<LocList>
<Loc EndOffset="18064" SrcFileId="11" StartOffset="17446"/>
</LocList>
<CondStmnt CovItemId="S237" CovItemPrefix="game.PeasantsRevoltChess.java" Intrnl_Id="3652">
<Branch CovItemId="B149" CovItemPrefix="game.PeasantsRevoltChess.java" Implct="false" Intrnl_Id="3653">
<Cond/>
<LocList>
<Loc EndOffset="17562" SrcFileId="11" StartOffset="17494"/>
</LocList>
<StmntSeq Intrnl_Id="3654">
<LocList>
<Loc EndOffset="17554" SrcFileId="11" StartOffset="17503"/>
</LocList>
<BasicStmnt CovItemId="S238" CovItemPrefix="game.PeasantsRevoltChess.java" Intrnl_Id="3655">
<LocList>
<Loc EndOffset="17554" SrcFileId="11" StartOffset="17503"/>
</LocList>
</BasicStmnt>
</StmntSeq>
</Branch>
<Branch CovItemId="B150" CovItemPrefix="game.PeasantsRevoltChess.java" Implct="false" Intrnl_Id="3656">
<Cond>
<Loc EndOffset="17573" SrcFileId="11" StartOffset="17569"/>
</Cond>
<LocList>
<Loc EndOffset="18064" SrcFileId="11" StartOffset="17574"/>
</LocList>
<StmntSeq Intrnl_Id="3657">
<LocList>
<Loc EndOffset="18064" SrcFileId="11" StartOffset="17574"/>
</LocList>
<CondStmnt CovItemId="S239" CovItemPrefix="game.PeasantsRevoltChess.java" Intrnl_Id="3658">
<Branch CovItemId="B151" CovItemPrefix="game.PeasantsRevoltChess.java" Implct="false" Intrnl_Id="3659">
<Cond/>
<LocList>
<Loc EndOffset="17688" SrcFileId="11" StartOffset="17621"/>
</LocList>
<StmntSeq Intrnl_Id="3660">
<LocList>
<Loc EndOffset="17680" SrcFileId="11" StartOffset="17630"/>
</LocList>
<BasicStmnt CovItemId="S240" CovItemPrefix="game.PeasantsRevoltChess.java" Intrnl_Id="3661">
<LocList>
<Loc EndOffset="17680" SrcFileId="11" StartOffset="17630"/>
</LocList>
</BasicStmnt>
</StmntSeq>
</Branch>
<Branch CovItemId="B152" CovItemPrefix="game.PeasantsRevoltChess.java" Implct="false" Intrnl_Id="3662">
<Cond>
<Loc EndOffset="17699" SrcFileId="11" StartOffset="17695"/>
</Cond>
<LocList>
<Loc EndOffset="18064" SrcFileId="11" StartOffset="17700"/>
</LocList>
<StmntSeq Intrnl_Id="3663">
<LocList>
<Loc EndOffset="18064" SrcFileId="11" StartOffset="17700"/>
</LocList>
<CondStmnt CovItemId="S241" CovItemPrefix="game.PeasantsRevoltChess.java" Intrnl_Id="3664">
<Branch CovItemId="B153" CovItemPrefix="game.PeasantsRevoltChess.java" Implct="false" Intrnl_Id="3665">
<Cond/>
<LocList>
<Loc EndOffset="17812" SrcFileId="11" StartOffset="17746"/>
</LocList>
<StmntSeq Intrnl_Id="3666">
<LocList>
<Loc EndOffset="17804" SrcFileId="11" StartOffset="17755"/>
</LocList>
<BasicStmnt CovItemId="S242" CovItemPrefix="game.PeasantsRevoltChess.java" Intrnl_Id="3667">
<LocList>
<Loc EndOffset="17804" SrcFileId="11" StartOffset="17755"/>
</LocList>
</BasicStmnt>
</StmntSeq>
</Branch>
<Branch CovItemId="B154" CovItemPrefix="game.PeasantsRevoltChess.java" Implct="false" Intrnl_Id="3668">
<Cond>
<Loc EndOffset="17823" SrcFileId="11" StartOffset="17819"/>
</Cond>
<LocList>
<Loc EndOffset="18064" SrcFileId="11" StartOffset="17824"/>
</LocList>
<StmntSeq Intrnl_Id="3669">
<LocList>
<Loc EndOffset="18064" SrcFileId="11" StartOffset="17824"/>
</LocList>
<CondStmnt CovItemId="S243" CovItemPrefix="game.PeasantsRevoltChess.java" Intrnl_Id="3670">
<Branch CovItemId="B155" CovItemPrefix="game.PeasantsRevoltChess.java" Implct="false" Intrnl_Id="3671">
<Cond/>
<LocList>
<Loc EndOffset="17940" SrcFileId="11" StartOffset="17872"/>
</LocList>
<StmntSeq Intrnl_Id="3672">
<LocList>
<Loc EndOffset="17932" SrcFileId="11" StartOffset="17881"/>
</LocList>
<BasicStmnt CovItemId="S244" CovItemPrefix="game.PeasantsRevoltChess.java" Intrnl_Id="3673">
<LocList>
<Loc EndOffset="17932" SrcFileId="11" StartOffset="17881"/>
</LocList>
</BasicStmnt>
</StmntSeq>
</Branch>
<Branch CovItemId="B156" CovItemPrefix="game.PeasantsRevoltChess.java" Implct="false" Intrnl_Id="3674">
<Cond>
<Loc EndOffset="17951" SrcFileId="11" StartOffset="17947"/>
</Cond>
<LocList>
<Loc EndOffset="18064" SrcFileId="11" StartOffset="17952"/>
</LocList>
<StmntSeq Intrnl_Id="3675">
<LocList>
<Loc EndOffset="18064" SrcFileId="11" StartOffset="17952"/>
</LocList>
<CondStmnt CovItemId="S245" CovItemPrefix="game.PeasantsRevoltChess.java" Intrnl_Id="3676">
<Branch CovItemId="B157" CovItemPrefix="game.PeasantsRevoltChess.java" Implct="false" Intrnl_Id="3677">
<Cond/>
<LocList>
<Loc EndOffset="18064" SrcFileId="11" StartOffset="17998"/>
</LocList>
<StmntSeq Intrnl_Id="3678">
<LocList>
<Loc EndOffset="18056" SrcFileId="11" StartOffset="18007"/>
</LocList>
<BasicStmnt CovItemId="S246" CovItemPrefix="game.PeasantsRevoltChess.java" Intrnl_Id="3679">
<LocList>
<Loc EndOffset="18056" SrcFileId="11" StartOffset="18007"/>
</LocList>
</BasicStmnt>
</StmntSeq>
</Branch>
<Branch CovItemId="B158" CovItemPrefix="game.PeasantsRevoltChess.java" Implct="true" Intrnl_Id="3680">
<Cond/>
<LocList/>
<StmntSeq Intrnl_Id="3681">
<LocList/>
</StmntSeq>
</Branch>
<Keyword EndOffset="17954" SrcFileId="11" StartOffset="17952"/>
<LocList>
<Loc EndOffset="18064" SrcFileId="11" StartOffset="17952"/>
</LocList>
<RootTerm CovItemId="C87" CovItemPrefix="game.PeasantsRevoltChess.java" Intrnl_Id="3682">
<BasicBoolTerm Intrnl_Id="3683">
<LocList>
<Loc EndOffset="17996" SrcFileId="11" StartOffset="17955"/>
</LocList>
</BasicBoolTerm>
</RootTerm>
</CondStmnt>
</StmntSeq>
</Branch>
<Keyword EndOffset="17826" SrcFileId="11" StartOffset="17824"/>
<LocList>
<Loc EndOffset="18064" SrcFileId="11" StartOffset="17824"/>
</LocList>
<RootTerm CovItemId="C86" CovItemPrefix="game.PeasantsRevoltChess.java" Intrnl_Id="3684">
<BasicBoolTerm Intrnl_Id="3685">
<LocList>
<Loc EndOffset="17870" SrcFileId="11" StartOffset="17827"/>
</LocList>
</BasicBoolTerm>
</RootTerm>
</CondStmnt>
</StmntSeq>
</Branch>
<Keyword EndOffset="17702" SrcFileId="11" StartOffset="17700"/>
<LocList>
<Loc EndOffset="18064" SrcFileId="11" StartOffset="17700"/>
</LocList>
<RootTerm CovItemId="C85" CovItemPrefix="game.PeasantsRevoltChess.java" Intrnl_Id="3686">
<BasicBoolTerm Intrnl_Id="3687">
<LocList>
<Loc EndOffset="17744" SrcFileId="11" StartOffset="17703"/>
</LocList>
</BasicBoolTerm>
</RootTerm>
</CondStmnt>
</StmntSeq>
</Branch>
<Keyword EndOffset="17576" SrcFileId="11" StartOffset="17574"/>
<LocList>
<Loc EndOffset="18064" SrcFileId="11" StartOffset="17574"/>
</LocList>
<RootTerm CovItemId="C84" CovItemPrefix="game.PeasantsRevoltChess.java" Intrnl_Id="3688">
<BasicBoolTerm Intrnl_Id="3689">
<LocList>
<Loc EndOffset="17619" SrcFileId="11" StartOffset="17577"/>
</LocList>
</BasicBoolTerm>
</RootTerm>
</CondStmnt>
</StmntSeq>
</Branch>
<Keyword EndOffset="17448" SrcFileId="11" StartOffset="17446"/>
<LocList>
<Loc EndOffset="18064" SrcFileId="11" StartOffset="17446"/>
</LocList>
<RootTerm CovItemId="C83" CovItemPrefix="game.PeasantsRevoltChess.java" Intrnl_Id="3690">
<BasicBoolTerm Intrnl_Id="3691">
<LocList>
<Loc EndOffset="17492" SrcFileId="11" StartOffset="17449"/>
</LocList>
</BasicBoolTerm>
</RootTerm>
</CondStmnt>
</StmntSeq>
</Branch>
<Keyword EndOffset="17324" SrcFileId="11" StartOffset="17322"/>
<LocList>
<Loc EndOffset="18064" SrcFileId="11" StartOffset="17322"/>
</LocList>
<RootTerm CovItemId="C82" CovItemPrefix="game.PeasantsRevoltChess.java" Intrnl_Id="3692">
<BasicBoolTerm Intrnl_Id="3693">
<LocList>
<Loc EndOffset="17366" SrcFileId="11" StartOffset="17325"/>
</LocList>
</BasicBoolTerm>
</RootTerm>
</CondStmnt>
<CondStmnt CovItemId="S247" CovItemPrefix="game.PeasantsRevoltChess.java" Intrnl_Id="3694">
<Branch CovItemId="B159" CovItemPrefix="game.PeasantsRevoltChess.java" Implct="false" Intrnl_Id="3695">
<Cond/>
<LocList>
<Loc EndOffset="18565" SrcFileId="11" StartOffset="18133"/>
</LocList>
<StmntSeq Intrnl_Id="3696">
<LocList>
<Loc EndOffset="18180" SrcFileId="11" StartOffset="18142"/>
<Loc EndOffset="18234" SrcFileId="11" StartOffset="18188"/>
<Loc EndOffset="18302" SrcFileId="11" StartOffset="18264"/>
<Loc EndOffset="18358" SrcFileId="11" StartOffset="18310"/>
<Loc EndOffset="18557" SrcFileId="11" StartOffset="18475"/>
</LocList>
<BasicStmnt CovItemId="S248" CovItemPrefix="game.PeasantsRevoltChess.java" Intrnl_Id="3697">
<LocList>
<Loc EndOffset="18180" SrcFileId="11" StartOffset="18142"/>
</LocList>
</BasicStmnt>
<BasicStmnt CovItemId="S249" CovItemPrefix="game.PeasantsRevoltChess.java" Intrnl_Id="3698">
<LocList>
<Loc EndOffset="18234" SrcFileId="11" StartOffset="18188"/>
</LocList>
</BasicStmnt>
<BasicStmnt CovItemId="S250" CovItemPrefix="game.PeasantsRevoltChess.java" Intrnl_Id="3699">
<LocList>
<Loc EndOffset="18302" SrcFileId="11" StartOffset="18264"/>
</LocList>
</BasicStmnt>
<BasicStmnt CovItemId="S251" CovItemPrefix="game.PeasantsRevoltChess.java" Intrnl_Id="3700">
<LocList>
<Loc EndOffset="18358" SrcFileId="11" StartOffset="18310"/>
</LocList>
</BasicStmnt>
<CondStmnt CovItemId="S252" CovItemPrefix="game.PeasantsRevoltChess.java" Intrnl_Id="3701">
<Branch CovItemId="B161" CovItemPrefix="game.PeasantsRevoltChess.java" Implct="false" Intrnl_Id="3702">
<Cond/>
<LocList>
<Loc EndOffset="18557" SrcFileId="11" StartOffset="18520"/>
</LocList>
<StmntSeq Intrnl_Id="3703">
<LocList>
<Loc EndOffset="18548" SrcFileId="11" StartOffset="18530"/>
</LocList>
<BasicStmnt CovItemId="S253" CovItemPrefix="game.PeasantsRevoltChess.java" Intrnl_Id="3704">
<LocList>
<Loc EndOffset="18548" SrcFileId="11" StartOffset="18530"/>
</LocList>
</BasicStmnt>
</StmntSeq>
</Branch>
<Branch CovItemId="B162" CovItemPrefix="game.PeasantsRevoltChess.java" Implct="true" Intrnl_Id="3705">
<Cond/>
<LocList/>
<StmntSeq Intrnl_Id="3706">
<LocList/>
</StmntSeq>
</Branch>
<Keyword EndOffset="18477" SrcFileId="11" StartOffset="18475"/>
<LocList>
<Loc EndOffset="18557" SrcFileId="11" StartOffset="18475"/>
</LocList>
<RootTerm CovItemId="C89" CovItemPrefix="game.PeasantsRevoltChess.java" Intrnl_Id="3707">
<OpTerm BooleanOpId="22" Intrnl_Id="3708">
<BasicBoolTerm Intrnl_Id="3709">
<LocList>
<Loc EndOffset="18518" SrcFileId="11" StartOffset="18480"/>
</LocList>
</BasicBoolTerm>
<LocList>
<Loc EndOffset="18480" SrcFileId="11" StartOffset="18479"/>
</LocList>
</OpTerm>
</RootTerm>
</CondStmnt>
</StmntSeq>
</Branch>
<Branch CovItemId="B160" CovItemPrefix="game.PeasantsRevoltChess.java" Implct="true" Intrnl_Id="3710">
<Cond/>
<LocList/>
<StmntSeq Intrnl_Id="3711">
<LocList/>
</StmntSeq>
</Branch>
<Keyword EndOffset="18122" SrcFileId="11" StartOffset="18120"/>
<LocList>
<Loc EndOffset="18565" SrcFileId="11" StartOffset="18120"/>
</LocList>
<RootTerm CovItemId="C88" CovItemPrefix="game.PeasantsRevoltChess.java" Intrnl_Id="3712">
<BasicBoolTerm Intrnl_Id="3713">
<LocList>
<Loc EndOffset="18131" SrcFileId="11" StartOffset="18124"/>
</LocList>
</BasicBoolTerm>
</RootTerm>
</CondStmnt>
</StmntSeq>
<Keyword EndOffset="16806" SrcFileId="11" StartOffset="16803"/>
<LocList>
<Loc EndOffset="18572" SrcFileId="11" StartOffset="16803"/>
</LocList>
</LoopStmnt>
</StmntSeq>
</Branch>
<Branch CovItemId="B146" CovItemPrefix="game.PeasantsRevoltChess.java" Implct="true" Intrnl_Id="3714">
<Cond/>
<LocList/>
<StmntSeq Intrnl_Id="3715">
<LocList/>
</StmntSeq>
</Branch>
<Keyword EndOffset="16715" SrcFileId="11" StartOffset="16713"/>
<LocList>
<Loc EndOffset="18578" SrcFileId="11" StartOffset="16713"/>
</LocList>
<RootTerm CovItemId="C81" CovItemPrefix="game.PeasantsRevoltChess.java" Intrnl_Id="3716">
<OpTerm BooleanOpId="23" Intrnl_Id="3717">
<OpTerm BooleanOpId="23" Intrnl_Id="3718">
<BasicBoolTerm Intrnl_Id="3719">
<LocList>
<Loc EndOffset="16726" SrcFileId="11" StartOffset="16717"/>
</LocList>
</BasicBoolTerm>
<BasicBoolTerm Intrnl_Id="3720">
<LocList>
<Loc EndOffset="16748" SrcFileId="11" StartOffset="16730"/>
</LocList>
</BasicBoolTerm>
<LocList>
<Loc EndOffset="16729" SrcFileId="11" StartOffset="16727"/>
</LocList>
</OpTerm>
<BasicBoolTerm Intrnl_Id="3721">
<LocList>
<Loc EndOffset="16793" SrcFileId="11" StartOffset="16752"/>
</LocList>
</BasicBoolTerm>
<LocList>
<Loc EndOffset="16751" SrcFileId="11" StartOffset="16749"/>
</LocList>
</OpTerm>
</RootTerm>
</CondStmnt>
</StmntSeq>
<Keyword EndOffset="16672" SrcFileId="11" StartOffset="16669"/>
<LocList>
<Loc EndOffset="18583" SrcFileId="11" StartOffset="16669"/>
</LocList>
</LoopStmnt>
<CondStmnt CovItemId="S254" CovItemPrefix="game.PeasantsRevoltChess.java" Intrnl_Id="3722">
<Branch CovItemId="B163" CovItemPrefix="game.PeasantsRevoltChess.java" Implct="false" Intrnl_Id="3723">
<Cond/>
<LocList>
<Loc EndOffset="18833" SrcFileId="11" StartOffset="18603"/>
</LocList>
<StmntSeq Intrnl_Id="3724">
<LocList>
<Loc EndOffset="18701" SrcFileId="11" StartOffset="18609"/>
<Loc EndOffset="18767" SrcFileId="11" StartOffset="18706"/>
<Loc EndOffset="18805" SrcFileId="11" StartOffset="18772"/>
<Loc EndOffset="18828" SrcFileId="11" StartOffset="18810"/>
</LocList>
<BasicStmnt CovItemId="S255" CovItemPrefix="game.PeasantsRevoltChess.java" Intrnl_Id="3725">
<LocList>
<Loc EndOffset="18701" SrcFileId="11" StartOffset="18609"/>
</LocList>
</BasicStmnt>
<BasicStmnt CovItemId="S256" CovItemPrefix="game.PeasantsRevoltChess.java" Intrnl_Id="3726">
<LocList>
<Loc EndOffset="18767" SrcFileId="11" StartOffset="18706"/>
</LocList>
</BasicStmnt>
<BasicStmnt CovItemId="S257" CovItemPrefix="game.PeasantsRevoltChess.java" Intrnl_Id="3727">
<LocList>
<Loc EndOffset="18805" SrcFileId="11" StartOffset="18772"/>
</LocList>
</BasicStmnt>
<BasicStmnt CovItemId="S258" CovItemPrefix="game.PeasantsRevoltChess.java" Intrnl_Id="3728">
<LocList>
<Loc EndOffset="18828" SrcFileId="11" StartOffset="18810"/>
</LocList>
</BasicStmnt>
</StmntSeq>
</Branch>
<Branch CovItemId="B164" CovItemPrefix="game.PeasantsRevoltChess.java" Implct="true" Intrnl_Id="3729">
<Cond/>
<LocList/>
<StmntSeq Intrnl_Id="3730">
<LocList/>
</StmntSeq>
</Branch>
<Keyword EndOffset="18590" SrcFileId="11" StartOffset="18588"/>
<LocList>
<Loc EndOffset="18833" SrcFileId="11" StartOffset="18588"/>
</LocList>
<RootTerm CovItemId="C90" CovItemPrefix="game.PeasantsRevoltChess.java" Intrnl_Id="3731">
<BasicBoolTerm Intrnl_Id="3732">
<LocList>
<Loc EndOffset="18601" SrcFileId="11" StartOffset="18592"/>
</LocList>
</BasicBoolTerm>
</RootTerm>
</CondStmnt>
<BasicStmnt CovItemId="S259" CovItemPrefix="game.PeasantsRevoltChess.java" Intrnl_Id="3733">
<LocList>
<Loc EndOffset="18926" SrcFileId="11" StartOffset="18838"/>
</LocList>
</BasicStmnt>
</StmntSeq>
</Branch>
<Branch CovItemId="B144" CovItemPrefix="game.PeasantsRevoltChess.java" Implct="true" Intrnl_Id="3734">
<Cond/>
<LocList/>
<StmntSeq Intrnl_Id="3735">
<LocList/>
</StmntSeq>
</Branch>
<Keyword EndOffset="16530" SrcFileId="11" StartOffset="16528"/>
<LocList>
<Loc EndOffset="18930" SrcFileId="11" StartOffset="16528"/>
</LocList>
<RootTerm CovItemId="C80" CovItemPrefix="game.PeasantsRevoltChess.java" Intrnl_Id="3736">
<BasicBoolTerm Intrnl_Id="3737">
<LocList>
<Loc EndOffset="16566" SrcFileId="11" StartOffset="16532"/>
</LocList>
</BasicBoolTerm>
</RootTerm>
</CondStmnt>
<BasicStmnt CovItemId="S260" CovItemPrefix="game.PeasantsRevoltChess.java" Intrnl_Id="3738">
<LocList>
<Loc EndOffset="18970" SrcFileId="11" StartOffset="18933"/>
</LocList>
</BasicStmnt>
</StmntSeq>
</HierarchyLvl>
<HierarchyLvl HierarchyLvlId="1090" HierarchyLvlTypeId="27" Intrnl_Id="3739" Name="getPawnPromotionInput">
<Header>
<Loc EndOffset="19087" SrcFileId="11" StartOffset="19030"/>
</Header>
<LocList>
<Loc EndOffset="20636" SrcFileId="11" StartOffset="19030"/>
</LocList>
<StmntSeq Intrnl_Id="3740">
<LocList>
<Loc EndOffset="19224" SrcFileId="11" StartOffset="19091"/>
<Loc EndOffset="19300" SrcFileId="11" StartOffset="19227"/>
<Loc EndOffset="19323" SrcFileId="11" StartOffset="19303"/>
<Loc EndOffset="20633" SrcFileId="11" StartOffset="19326"/>
</LocList>
<BasicStmnt CovItemId="S261" CovItemPrefix="game.PeasantsRevoltChess.java" Intrnl_Id="3741">
<LocList>
<Loc EndOffset="19224" SrcFileId="11" StartOffset="19091"/>
</LocList>
</BasicStmnt>
<BasicStmnt CovItemId="S262" CovItemPrefix="game.PeasantsRevoltChess.java" Intrnl_Id="3742">
<LocList>
<Loc EndOffset="19300" SrcFileId="11" StartOffset="19227"/>
</LocList>
</BasicStmnt>
<BasicStmnt CovItemId="S263" CovItemPrefix="game.PeasantsRevoltChess.java" Intrnl_Id="3743">
<LocList>
<Loc EndOffset="19323" SrcFileId="11" StartOffset="19303"/>
</LocList>
</BasicStmnt>
<LoopStmnt CovItemId="S264" CovItemPrefix="game.PeasantsRevoltChess.java" Intrnl_Id="3744" MltplExecId="L13-2" MltplExecPrefix="game.PeasantsRevoltChess.java" NvrExecId="L13-0" NvrExecPrefix="game.PeasantsRevoltChess.java" OnceExecutedId="L13-1" OnceExecutedPrefix="game.PeasantsRevoltChess.java" OptBodyExec="true">
<StmntSeq Intrnl_Id="3745">
<LocList>
<Loc EndOffset="19385" SrcFileId="11" StartOffset="19363"/>
<Loc EndOffset="19499" SrcFileId="11" StartOffset="19353"/>
<Loc EndOffset="20629" SrcFileId="11" StartOffset="19503"/>
</LocList>
<BasicStmnt CovItemId="S266" CovItemPrefix="game.PeasantsRevoltChess.java" Intrnl_Id="3746">
<LocList>
<Loc EndOffset="19385" SrcFileId="11" StartOffset="19363"/>
</LocList>
</BasicStmnt>
<CondStmnt CovItemId="S265" CovItemPrefix="game.PeasantsRevoltChess.java" Intrnl_Id="3747">
<Branch CovItemId="B165" CovItemPrefix="game.PeasantsRevoltChess.java" Implct="true" Intrnl_Id="3748">
<Cond/>
<LocList/>
<StmntSeq Intrnl_Id="3749">
<LocList/>
</StmntSeq>
</Branch>
<Branch CovItemId="B166" CovItemPrefix="game.PeasantsRevoltChess.java" Implct="false" Intrnl_Id="3750">
<Cond>
<Loc EndOffset="19412" SrcFileId="11" StartOffset="19391"/>
</Cond>
<LocList>
<Loc EndOffset="19499" SrcFileId="11" StartOffset="19413"/>
</LocList>
<StmntSeq Intrnl_Id="3751">
<LocList>
<Loc EndOffset="19432" SrcFileId="11" StartOffset="19419"/>
<Loc EndOffset="19494" SrcFileId="11" StartOffset="19437"/>
</LocList>
<BasicStmnt CovItemId="S267" CovItemPrefix="game.PeasantsRevoltChess.java" Intrnl_Id="3752">
<LocList>
<Loc EndOffset="19432" SrcFileId="11" StartOffset="19419"/>
</LocList>
</BasicStmnt>
<BasicStmnt CovItemId="S268" CovItemPrefix="game.PeasantsRevoltChess.java" Intrnl_Id="3753">
<LocList>
<Loc EndOffset="19494" SrcFileId="11" StartOffset="19437"/>
</LocList>
</BasicStmnt>
</StmntSeq>
</Branch>
<Keyword EndOffset="19356" SrcFileId="11" StartOffset="19353"/>
<LocList>
<Loc EndOffset="19499" SrcFileId="11" StartOffset="19353"/>
</LocList>
</CondStmnt>
<CondStmnt CovItemId="S269" CovItemPrefix="game.PeasantsRevoltChess.java" Intrnl_Id="3754">
<Branch CovItemId="B167" CovItemPrefix="game.PeasantsRevoltChess.java" Implct="false" Intrnl_Id="3755">
<Cond/>
<LocList>
<Loc EndOffset="20629" SrcFileId="11" StartOffset="19522"/>
</LocList>
<StmntSeq Intrnl_Id="3756">
<LocList>
<Loc EndOffset="20450" SrcFileId="11" StartOffset="19539"/>
<Loc EndOffset="20624" SrcFileId="11" StartOffset="19528"/>
</LocList>
<CondStmnt CovItemId="S271" CovItemPrefix="game.PeasantsRevoltChess.java" Intrnl_Id="3757">
<Branch CovItemId="B170" CovItemPrefix="game.PeasantsRevoltChess.java" Implct="false" Intrnl_Id="3758">
<Cond/>
<LocList>
<Loc EndOffset="19720" SrcFileId="11" StartOffset="19606"/>
</LocList>
<StmntSeq Intrnl_Id="3759">
<LocList>
<Loc EndOffset="19713" SrcFileId="11" StartOffset="19614"/>
</LocList>
<BasicStmnt CovItemId="S272" CovItemPrefix="game.PeasantsRevoltChess.java" Intrnl_Id="3760">
<LocList>
<Loc EndOffset="19713" SrcFileId="11" StartOffset="19614"/>
</LocList>
</BasicStmnt>
</StmntSeq>
</Branch>
<Branch CovItemId="B171" CovItemPrefix="game.PeasantsRevoltChess.java" Implct="false" Intrnl_Id="3761">
<Cond>
<Loc EndOffset="19730" SrcFileId="11" StartOffset="19726"/>
</Cond>
<LocList>
<Loc EndOffset="20450" SrcFileId="11" StartOffset="19731"/>
</LocList>
<StmntSeq Intrnl_Id="3762">
<LocList>
<Loc EndOffset="20450" SrcFileId="11" StartOffset="19731"/>
</LocList>
<CondStmnt CovItemId="S273" CovItemPrefix="game.PeasantsRevoltChess.java" Intrnl_Id="3763">
<Branch CovItemId="B172" CovItemPrefix="game.PeasantsRevoltChess.java" Implct="false" Intrnl_Id="3764">
<Cond/>
<LocList>
<Loc EndOffset="19910" SrcFileId="11" StartOffset="19797"/>
</LocList>
<StmntSeq Intrnl_Id="3765">
<LocList>
<Loc EndOffset="19903" SrcFileId="11" StartOffset="19805"/>
</LocList>
<BasicStmnt CovItemId="S274" CovItemPrefix="game.PeasantsRevoltChess.java" Intrnl_Id="3766">
<LocList>
<Loc EndOffset="19903" SrcFileId="11" StartOffset="19805"/>
</LocList>
</BasicStmnt>
</StmntSeq>
</Branch>
<Branch CovItemId="B173" CovItemPrefix="game.PeasantsRevoltChess.java" Implct="false" Intrnl_Id="3767">
<Cond>
<Loc EndOffset="19920" SrcFileId="11" StartOffset="19916"/>
</Cond>
<LocList>
<Loc EndOffset="20450" SrcFileId="11" StartOffset="19921"/>
</LocList>
<StmntSeq Intrnl_Id="3768">
<LocList>
<Loc EndOffset="20450" SrcFileId="11" StartOffset="19921"/>
</LocList>
<CondStmnt CovItemId="S275" CovItemPrefix="game.PeasantsRevoltChess.java" Intrnl_Id="3769">
<Branch CovItemId="B174" CovItemPrefix="game.PeasantsRevoltChess.java" Implct="false" Intrnl_Id="3770">
<Cond/>
<LocList>
<Loc EndOffset="20104" SrcFileId="11" StartOffset="19989"/>
</LocList>
<StmntSeq Intrnl_Id="3771">
<LocList>
<Loc EndOffset="20097" SrcFileId="11" StartOffset="19997"/>
</LocList>
<BasicStmnt CovItemId="S276" CovItemPrefix="game.PeasantsRevoltChess.java" Intrnl_Id="3772">
<LocList>
<Loc EndOffset="20097" SrcFileId="11" StartOffset="19997"/>
</LocList>
</BasicStmnt>
</StmntSeq>
</Branch>
<Branch CovItemId="B175" CovItemPrefix="game.PeasantsRevoltChess.java" Implct="false" Intrnl_Id="3773">
<Cond>
<Loc EndOffset="20114" SrcFileId="11" StartOffset="20110"/>
</Cond>
<LocList>
<Loc EndOffset="20450" SrcFileId="11" StartOffset="20115"/>
</LocList>
<StmntSeq Intrnl_Id="3774">
<LocList>
<Loc EndOffset="20450" SrcFileId="11" StartOffset="20115"/>
</LocList>
<CondStmnt CovItemId="S277" CovItemPrefix="game.PeasantsRevoltChess.java" Intrnl_Id="3775">
<Branch CovItemId="B176" CovItemPrefix="game.PeasantsRevoltChess.java" Implct="false" Intrnl_Id="3776">
<Cond/>
<LocList>
<Loc EndOffset="20298" SrcFileId="11" StartOffset="20183"/>
</LocList>
<StmntSeq Intrnl_Id="3777">
<LocList>
<Loc EndOffset="20291" SrcFileId="11" StartOffset="20191"/>
</LocList>
<BasicStmnt CovItemId="S278" CovItemPrefix="game.PeasantsRevoltChess.java" Intrnl_Id="3778">
<LocList>
<Loc EndOffset="20291" SrcFileId="11" StartOffset="20191"/>
</LocList>
</BasicStmnt>
</StmntSeq>
</Branch>
<Branch CovItemId="B177" CovItemPrefix="game.PeasantsRevoltChess.java" Implct="false" Intrnl_Id="3779">
<Cond>
<Loc EndOffset="20308" SrcFileId="11" StartOffset="20304"/>
</Cond>
<LocList>
<Loc EndOffset="20450" SrcFileId="11" StartOffset="20308"/>
</LocList>
<StmntSeq Intrnl_Id="3780">
<LocList>
<Loc EndOffset="20329" SrcFileId="11" StartOffset="20316"/>
<Loc EndOffset="20443" SrcFileId="11" StartOffset="20336"/>
</LocList>
<BasicStmnt CovItemId="S279" CovItemPrefix="game.PeasantsRevoltChess.java" Intrnl_Id="3781">
<LocList>
<Loc EndOffset="20329" SrcFileId="11" StartOffset="20316"/>
</LocList>
</BasicStmnt>
<BasicStmnt CovItemId="S280" CovItemPrefix="game.PeasantsRevoltChess.java" Intrnl_Id="3782">
<LocList>
<Loc EndOffset="20443" SrcFileId="11" StartOffset="20336"/>
</LocList>
</BasicStmnt>
</StmntSeq>
</Branch>
<Keyword EndOffset="20117" SrcFileId="11" StartOffset="20115"/>
<LocList>
<Loc EndOffset="20450" SrcFileId="11" StartOffset="20115"/>
</LocList>
<RootTerm CovItemId="C96" CovItemPrefix="game.PeasantsRevoltChess.java" Intrnl_Id="3783">
<OpTerm BooleanOpId="24" Intrnl_Id="3784">
<BasicBoolTerm Intrnl_Id="3785">
<LocList>
<Loc EndOffset="20145" SrcFileId="11" StartOffset="20118"/>
</LocList>
</BasicBoolTerm>
<BasicBoolTerm Intrnl_Id="3786">
<LocList>
<Loc EndOffset="20181" SrcFileId="11" StartOffset="20149"/>
</LocList>
</BasicBoolTerm>
<LocList>
<Loc EndOffset="20148" SrcFileId="11" StartOffset="20146"/>
</LocList>
</OpTerm>
</RootTerm>
</CondStmnt>
</StmntSeq>
</Branch>
<Keyword EndOffset="19923" SrcFileId="11" StartOffset="19921"/>
<LocList>
<Loc EndOffset="20450" SrcFileId="11" StartOffset="19921"/>
</LocList>
<RootTerm CovItemId="C95" CovItemPrefix="game.PeasantsRevoltChess.java" Intrnl_Id="3787">
<OpTerm BooleanOpId="24" Intrnl_Id="3788">
<BasicBoolTerm Intrnl_Id="3789">
<LocList>
<Loc EndOffset="19951" SrcFileId="11" StartOffset="19924"/>
</LocList>
</BasicBoolTerm>
<BasicBoolTerm Intrnl_Id="3790">
<LocList>
<Loc EndOffset="19987" SrcFileId="11" StartOffset="19955"/>
</LocList>
</BasicBoolTerm>
<LocList>
<Loc EndOffset="19954" SrcFileId="11" StartOffset="19952"/>
</LocList>
</OpTerm>
</RootTerm>
</CondStmnt>
</StmntSeq>
</Branch>
<Keyword EndOffset="19733" SrcFileId="11" StartOffset="19731"/>
<LocList>
<Loc EndOffset="20450" SrcFileId="11" StartOffset="19731"/>
</LocList>
<RootTerm CovItemId="C94" CovItemPrefix="game.PeasantsRevoltChess.java" Intrnl_Id="3791">
<OpTerm BooleanOpId="24" Intrnl_Id="3792">
<BasicBoolTerm Intrnl_Id="3793">
<LocList>
<Loc EndOffset="19761" SrcFileId="11" StartOffset="19734"/>
</LocList>
</BasicBoolTerm>
<BasicBoolTerm Intrnl_Id="3794">
<LocList>
<Loc EndOffset="19795" SrcFileId="11" StartOffset="19765"/>
</LocList>
</BasicBoolTerm>
<LocList>
<Loc EndOffset="19764" SrcFileId="11" StartOffset="19762"/>
</LocList>
</OpTerm>
</RootTerm>
</CondStmnt>
</StmntSeq>
</Branch>
<Keyword EndOffset="19541" SrcFileId="11" StartOffset="19539"/>
<LocList>
<Loc EndOffset="20450" SrcFileId="11" StartOffset="19539"/>
</LocList>
<RootTerm CovItemId="C93" CovItemPrefix="game.PeasantsRevoltChess.java" Intrnl_Id="3795">
<OpTerm BooleanOpId="24" Intrnl_Id="3796">
<BasicBoolTerm Intrnl_Id="3797">
<LocList>
<Loc EndOffset="19569" SrcFileId="11" StartOffset="19542"/>
</LocList>
</BasicBoolTerm>
<BasicBoolTerm Intrnl_Id="3798">
<LocList>
<Loc EndOffset="19604" SrcFileId="11" StartOffset="19573"/>
</LocList>
</BasicBoolTerm>
<LocList>
<Loc EndOffset="19572" SrcFileId="11" StartOffset="19570"/>
</LocList>
</OpTerm>
</RootTerm>
</CondStmnt>
<CondStmnt CovItemId="S270" CovItemPrefix="game.PeasantsRevoltChess.java" Intrnl_Id="3799">
<Branch CovItemId="B169" CovItemPrefix="game.PeasantsRevoltChess.java" Implct="true" Intrnl_Id="3800">
<Cond/>
<LocList/>
<StmntSeq Intrnl_Id="3801">
<LocList/>
</StmntSeq>
</Branch>
<Branch CovItemId="B178" CovItemPrefix="game.PeasantsRevoltChess.java" Implct="false" Intrnl_Id="3802">
<Cond>
<Loc EndOffset="20480" SrcFileId="11" StartOffset="20461"/>
</Cond>
<LocList>
<Loc EndOffset="20624" SrcFileId="11" StartOffset="20485"/>
</LocList>
<StmntSeq Intrnl_Id="3803">
<LocList>
<Loc EndOffset="20505" SrcFileId="11" StartOffset="20492"/>
<Loc EndOffset="20618" SrcFileId="11" StartOffset="20511"/>
</LocList>
<BasicStmnt CovItemId="S281" CovItemPrefix="game.PeasantsRevoltChess.java" Intrnl_Id="3804">
<LocList>
<Loc EndOffset="20505" SrcFileId="11" StartOffset="20492"/>
</LocList>
</BasicStmnt>
<BasicStmnt CovItemId="S282" CovItemPrefix="game.PeasantsRevoltChess.java" Intrnl_Id="3805">
<LocList>
<Loc EndOffset="20618" SrcFileId="11" StartOffset="20511"/>
</LocList>
</BasicStmnt>
</StmntSeq>
</Branch>
<Keyword EndOffset="19531" SrcFileId="11" StartOffset="19528"/>
<LocList>
<Loc EndOffset="20624" SrcFileId="11" StartOffset="19528"/>
</LocList>
</CondStmnt>
</StmntSeq>
</Branch>
<Branch CovItemId="B168" CovItemPrefix="game.PeasantsRevoltChess.java" Implct="true" Intrnl_Id="3806">
<Cond/>
<LocList/>
<StmntSeq Intrnl_Id="3807">
<LocList/>
</StmntSeq>
</Branch>
<Keyword EndOffset="19505" SrcFileId="11" StartOffset="19503"/>
<LocList>
<Loc EndOffset="20629" SrcFileId="11" StartOffset="19503"/>
</LocList>
<RootTerm CovItemId="C92" CovItemPrefix="game.PeasantsRevoltChess.java" Intrnl_Id="3808">
<BasicBoolTerm Intrnl_Id="3809">
<LocList>
<Loc EndOffset="19520" SrcFileId="11" StartOffset="19507"/>
</LocList>
</BasicBoolTerm>
</RootTerm>
</CondStmnt>
</StmntSeq>
<Keyword EndOffset="19331" SrcFileId="11" StartOffset="19326"/>
<LocList>
<Loc EndOffset="20633" SrcFileId="11" StartOffset="19326"/>
</LocList>
<RootTerm CovItemId="C91" CovItemPrefix="game.PeasantsRevoltChess.java" Intrnl_Id="3810">
<BasicBoolTerm Intrnl_Id="3811">
<LocList>
<Loc EndOffset="19346" SrcFileId="11" StartOffset="19333"/>
</LocList>
</BasicBoolTerm>
</RootTerm>
</LoopStmnt>
</StmntSeq>
</HierarchyLvl>
<HierarchyLvl HierarchyLvlId="1091" HierarchyLvlTypeId="27" Intrnl_Id="3812" Name="checkForStalemate">
<Header>
<Loc EndOffset="20797" SrcFileId="11" StartOffset="20731"/>
</Header>
<LocList>
<Loc EndOffset="22978" SrcFileId="11" StartOffset="20731"/>
</LocList>
<StmntSeq Intrnl_Id="3813">
<LocList>
<Loc EndOffset="20918" SrcFileId="11" StartOffset="20897"/>
<Loc EndOffset="22006" SrcFileId="11" StartOffset="20922"/>
<Loc EndOffset="22167" SrcFileId="11" StartOffset="22066"/>
<Loc EndOffset="22305" SrcFileId="11" StartOffset="22280"/>
<Loc EndOffset="22343" SrcFileId="11" StartOffset="22308"/>
<Loc EndOffset="22378" SrcFileId="11" StartOffset="22346"/>
<Loc EndOffset="22411" SrcFileId="11" StartOffset="22381"/>
<Loc EndOffset="22959" SrcFileId="11" StartOffset="22415"/>
<Loc EndOffset="22975" SrcFileId="11" StartOffset="22963"/>
</LocList>
<BasicStmnt CovItemId="S283" CovItemPrefix="game.PeasantsRevoltChess.java" Intrnl_Id="3814">
<LocList>
<Loc EndOffset="20918" SrcFileId="11" StartOffset="20897"/>
</LocList>
</BasicStmnt>
<LoopStmnt CovItemId="S284" CovItemPrefix="game.PeasantsRevoltChess.java" Intrnl_Id="3815" MltplExecId="L14-2" MltplExecPrefix="game.PeasantsRevoltChess.java" NvrExecId="L14-0" NvrExecPrefix="game.PeasantsRevoltChess.java" OnceExecutedId="L14-1" OnceExecutedPrefix="game.PeasantsRevoltChess.java" OptBodyExec="true">
<StmntSeq Intrnl_Id="3816">
<LocList>
<Loc EndOffset="22002" SrcFileId="11" StartOffset="20963"/>
</LocList>
<CondStmnt CovItemId="S285" CovItemPrefix="game.PeasantsRevoltChess.java" Intrnl_Id="3817">
<Branch CovItemId="B179" CovItemPrefix="game.PeasantsRevoltChess.java" Implct="false" Intrnl_Id="3818">
<Cond/>
<LocList>
<Loc EndOffset="22002" SrcFileId="11" StartOffset="20987"/>
</LocList>
<StmntSeq Intrnl_Id="3819">
<LocList>
<Loc EndOffset="21997" SrcFileId="11" StartOffset="20993"/>
</LocList>
<CondStmnt CovItemId="S286" CovItemPrefix="game.PeasantsRevoltChess.java" Intrnl_Id="3820">
<Branch CovItemId="B181" CovItemPrefix="game.PeasantsRevoltChess.java" Implct="false" Intrnl_Id="3821">
<Cond/>
<LocList>
<Loc EndOffset="21997" SrcFileId="11" StartOffset="21031"/>
</LocList>
<StmntSeq Intrnl_Id="3822">
<LocList>
<Loc EndOffset="21063" SrcFileId="11" StartOffset="21038"/>
<Loc EndOffset="21108" SrcFileId="11" StartOffset="21069"/>
<Loc EndOffset="21142" SrcFileId="11" StartOffset="21114"/>
<Loc EndOffset="21174" SrcFileId="11" StartOffset="21148"/>
<Loc EndOffset="21251" SrcFileId="11" StartOffset="21180"/>
<Loc EndOffset="21991" SrcFileId="11" StartOffset="21257"/>
</LocList>
<BasicStmnt CovItemId="S287" CovItemPrefix="game.PeasantsRevoltChess.java" Intrnl_Id="3823">
<LocList>
<Loc EndOffset="21063" SrcFileId="11" StartOffset="21038"/>
</LocList>
</BasicStmnt>
<BasicStmnt CovItemId="S288" CovItemPrefix="game.PeasantsRevoltChess.java" Intrnl_Id="3824">
<LocList>
<Loc EndOffset="21108" SrcFileId="11" StartOffset="21069"/>
</LocList>
</BasicStmnt>
<BasicStmnt CovItemId="S289" CovItemPrefix="game.PeasantsRevoltChess.java" Intrnl_Id="3825">
<LocList>
<Loc EndOffset="21142" SrcFileId="11" StartOffset="21114"/>
</LocList>
</BasicStmnt>
<BasicStmnt CovItemId="S290" CovItemPrefix="game.PeasantsRevoltChess.java" Intrnl_Id="3826">
<LocList>
<Loc EndOffset="21174" SrcFileId="11" StartOffset="21148"/>
</LocList>
</BasicStmnt>
<CondStmnt CovItemId="S291" CovItemPrefix="game.PeasantsRevoltChess.java" Intrnl_Id="3827">
<Branch CovItemId="B183" CovItemPrefix="game.PeasantsRevoltChess.java" Implct="false" Intrnl_Id="3828">
<Cond/>
<LocList>
<Loc EndOffset="21251" SrcFileId="11" StartOffset="21220"/>
</LocList>
<StmntSeq Intrnl_Id="3829">
<LocList>
<Loc EndOffset="21244" SrcFileId="11" StartOffset="21228"/>
</LocList>
<BasicStmnt CovItemId="S292" CovItemPrefix="game.PeasantsRevoltChess.java" Intrnl_Id="3830">
<LocList>
<Loc EndOffset="21244" SrcFileId="11" StartOffset="21228"/>
</LocList>
</BasicStmnt>
</StmntSeq>
</Branch>
<Branch CovItemId="B184" CovItemPrefix="game.PeasantsRevoltChess.java" Implct="true" Intrnl_Id="3831">
<Cond/>
<LocList/>
<StmntSeq Intrnl_Id="3832">
<LocList/>
</StmntSeq>
</Branch>
<Keyword EndOffset="21182" SrcFileId="11" StartOffset="21180"/>
<LocList>
<Loc EndOffset="21251" SrcFileId="11" StartOffset="21180"/>
</LocList>
<RootTerm CovItemId="C99" CovItemPrefix="game.PeasantsRevoltChess.java" Intrnl_Id="3833">
<BasicBoolTerm Intrnl_Id="3834">
<LocList>
<Loc EndOffset="21218" SrcFileId="11" StartOffset="21183"/>
</LocList>
</BasicBoolTerm>
</RootTerm>
</CondStmnt>
<LoopStmnt CovItemId="S293" CovItemPrefix="game.PeasantsRevoltChess.java" Intrnl_Id="3835" MltplExecId="L15-2" MltplExecPrefix="game.PeasantsRevoltChess.java" NvrExecId="L15-0" NvrExecPrefix="game.PeasantsRevoltChess.java" OnceExecutedId="L15-1" OnceExecutedPrefix="game.PeasantsRevoltChess.java" OptBodyExec="true">
<StmntSeq Intrnl_Id="3836">
<LocList>
<Loc EndOffset="21333" SrcFileId="11" StartOffset="21304"/>
<Loc EndOffset="21364" SrcFileId="11" StartOffset="21340"/>
<Loc EndOffset="21934" SrcFileId="11" StartOffset="21371"/>
<Loc EndOffset="21984" SrcFileId="11" StartOffset="21941"/>
</LocList>
<BasicStmnt CovItemId="S294" CovItemPrefix="game.PeasantsRevoltChess.java" Intrnl_Id="3837">
<LocList>
<Loc EndOffset="21333" SrcFileId="11" StartOffset="21304"/>
</LocList>
</BasicStmnt>
<BasicStmnt CovItemId="S295" CovItemPrefix="game.PeasantsRevoltChess.java" Intrnl_Id="3838">
<LocList>
<Loc EndOffset="21364" SrcFileId="11" StartOffset="21340"/>
</LocList>
</BasicStmnt>
<CondStmnt CovItemId="S296" CovItemPrefix="game.PeasantsRevoltChess.java" Intrnl_Id="3839">
<Branch CovItemId="B185" CovItemPrefix="game.PeasantsRevoltChess.java" Implct="false" Intrnl_Id="3840">
<Cond/>
<LocList>
<Loc EndOffset="21472" SrcFileId="11" StartOffset="21413"/>
</LocList>
<StmntSeq Intrnl_Id="3841">
<LocList>
<Loc EndOffset="21464" SrcFileId="11" StartOffset="21422"/>
</LocList>
<BasicStmnt CovItemId="S297" CovItemPrefix="game.PeasantsRevoltChess.java" Intrnl_Id="3842">
<LocList>
<Loc EndOffset="21464" SrcFileId="11" StartOffset="21422"/>
</LocList>
</BasicStmnt>
</StmntSeq>
</Branch>
<Branch CovItemId="B186" CovItemPrefix="game.PeasantsRevoltChess.java" Implct="false" Intrnl_Id="3843">
<Cond>
<Loc EndOffset="21483" SrcFileId="11" StartOffset="21479"/>
</Cond>
<LocList>
<Loc EndOffset="21934" SrcFileId="11" StartOffset="21484"/>
</LocList>
<StmntSeq Intrnl_Id="3844">
<LocList>
<Loc EndOffset="21934" SrcFileId="11" StartOffset="21484"/>
</LocList>
<CondStmnt CovItemId="S298" CovItemPrefix="game.PeasantsRevoltChess.java" Intrnl_Id="3845">
<Branch CovItemId="B187" CovItemPrefix="game.PeasantsRevoltChess.java" Implct="false" Intrnl_Id="3846">
<Cond/>
<LocList>
<Loc EndOffset="21589" SrcFileId="11" StartOffset="21528"/>
</LocList>
<StmntSeq Intrnl_Id="3847">
<LocList>
<Loc EndOffset="21581" SrcFileId="11" StartOffset="21537"/>
</LocList>
<BasicStmnt CovItemId="S299" CovItemPrefix="game.PeasantsRevoltChess.java" Intrnl_Id="3848">
<LocList>
<Loc EndOffset="21581" SrcFileId="11" StartOffset="21537"/>
</LocList>
</BasicStmnt>
</StmntSeq>
</Branch>
<Branch CovItemId="B188" CovItemPrefix="game.PeasantsRevoltChess.java" Implct="false" Intrnl_Id="3849">
<Cond>
<Loc EndOffset="21600" SrcFileId="11" StartOffset="21596"/>
</Cond>
<LocList>
<Loc EndOffset="21934" SrcFileId="11" StartOffset="21601"/>
</LocList>
<StmntSeq Intrnl_Id="3850">
<LocList>
<Loc EndOffset="21934" SrcFileId="11" StartOffset="21601"/>
</LocList>
<CondStmnt CovItemId="S300" CovItemPrefix="game.PeasantsRevoltChess.java" Intrnl_Id="3851">
<Branch CovItemId="B189" CovItemPrefix="game.PeasantsRevoltChess.java" Implct="false" Intrnl_Id="3852">
<Cond/>
<LocList>
<Loc EndOffset="21704" SrcFileId="11" StartOffset="21644"/>
</LocList>
<StmntSeq Intrnl_Id="3853">
<LocList>
<Loc EndOffset="21696" SrcFileId="11" StartOffset="21653"/>
</LocList>
<BasicStmnt CovItemId="S301" CovItemPrefix="game.PeasantsRevoltChess.java" Intrnl_Id="3854">
<LocList>
<Loc EndOffset="21696" SrcFileId="11" StartOffset="21653"/>
</LocList>
</BasicStmnt>
</StmntSeq>
</Branch>
<Branch CovItemId="B190" CovItemPrefix="game.PeasantsRevoltChess.java" Implct="false" Intrnl_Id="3855">
<Cond>
<Loc EndOffset="21715" SrcFileId="11" StartOffset="21711"/>
</Cond>
<LocList>
<Loc EndOffset="21934" SrcFileId="11" StartOffset="21716"/>
</LocList>
<StmntSeq Intrnl_Id="3856">
<LocList>
<Loc EndOffset="21934" SrcFileId="11" StartOffset="21716"/>
</LocList>
<CondStmnt CovItemId="S302" CovItemPrefix="game.PeasantsRevoltChess.java" Intrnl_Id="3857">
<Branch CovItemId="B191" CovItemPrefix="game.PeasantsRevoltChess.java" Implct="false" Intrnl_Id="3858">
<Cond/>
<LocList>
<Loc EndOffset="21817" SrcFileId="11" StartOffset="21758"/>
</LocList>
<StmntSeq Intrnl_Id="3859">
<LocList>
<Loc EndOffset="21809" SrcFileId="11" StartOffset="21767"/>
</LocList>
<BasicStmnt CovItemId="S303" CovItemPrefix="game.PeasantsRevoltChess.java" Intrnl_Id="3860">
<LocList>
<Loc EndOffset="21809" SrcFileId="11" StartOffset="21767"/>
</LocList>
</BasicStmnt>
</StmntSeq>
</Branch>
<Branch CovItemId="B192" CovItemPrefix="game.PeasantsRevoltChess.java" Implct="false" Intrnl_Id="3861">
<Cond>
<Loc EndOffset="21828" SrcFileId="11" StartOffset="21824"/>
</Cond>
<LocList>
<Loc EndOffset="21934" SrcFileId="11" StartOffset="21829"/>
</LocList>
<StmntSeq Intrnl_Id="3862">
<LocList>
<Loc EndOffset="21934" SrcFileId="11" StartOffset="21829"/>
</LocList>
<CondStmnt CovItemId="S304" CovItemPrefix="game.PeasantsRevoltChess.java" Intrnl_Id="3863">
<Branch CovItemId="B193" CovItemPrefix="game.PeasantsRevoltChess.java" Implct="false" Intrnl_Id="3864">
<Cond/>
<LocList>
<Loc EndOffset="21934" SrcFileId="11" StartOffset="21873"/>
</LocList>
<StmntSeq Intrnl_Id="3865">
<LocList>
<Loc EndOffset="21926" SrcFileId="11" StartOffset="21882"/>
</LocList>
<BasicStmnt CovItemId="S305" CovItemPrefix="game.PeasantsRevoltChess.java" Intrnl_Id="3866">
<LocList>
<Loc EndOffset="21926" SrcFileId="11" StartOffset="21882"/>
</LocList>
</BasicStmnt>
</StmntSeq>
</Branch>
<Branch CovItemId="B194" CovItemPrefix="game.PeasantsRevoltChess.java" Implct="true" Intrnl_Id="3867">
<Cond/>
<LocList/>
<StmntSeq Intrnl_Id="3868">
<LocList/>
</StmntSeq>
</Branch>
<Keyword EndOffset="21831" SrcFileId="11" StartOffset="21829"/>
<LocList>
<Loc EndOffset="21934" SrcFileId="11" StartOffset="21829"/>
</LocList>
<RootTerm CovItemId="C104" CovItemPrefix="game.PeasantsRevoltChess.java" Intrnl_Id="3869">
<BasicBoolTerm Intrnl_Id="3870">
<LocList>
<Loc EndOffset="21871" SrcFileId="11" StartOffset="21832"/>
</LocList>
</BasicBoolTerm>
</RootTerm>
</CondStmnt>
</StmntSeq>
</Branch>
<Keyword EndOffset="21718" SrcFileId="11" StartOffset="21716"/>
<LocList>
<Loc EndOffset="21934" SrcFileId="11" StartOffset="21716"/>
</LocList>
<RootTerm CovItemId="C103" CovItemPrefix="game.PeasantsRevoltChess.java" Intrnl_Id="3871">
<BasicBoolTerm Intrnl_Id="3872">
<LocList>
<Loc EndOffset="21756" SrcFileId="11" StartOffset="21719"/>
</LocList>
</BasicBoolTerm>
</RootTerm>
</CondStmnt>
</StmntSeq>
</Branch>
<Keyword EndOffset="21603" SrcFileId="11" StartOffset="21601"/>
<LocList>
<Loc EndOffset="21934" SrcFileId="11" StartOffset="21601"/>
</LocList>
<RootTerm CovItemId="C102" CovItemPrefix="game.PeasantsRevoltChess.java" Intrnl_Id="3873">
<BasicBoolTerm Intrnl_Id="3874">
<LocList>
<Loc EndOffset="21642" SrcFileId="11" StartOffset="21604"/>
</LocList>
</BasicBoolTerm>
</RootTerm>
</CondStmnt>
</StmntSeq>
</Branch>
<Keyword EndOffset="21486" SrcFileId="11" StartOffset="21484"/>
<LocList>
<Loc EndOffset="21934" SrcFileId="11" StartOffset="21484"/>
</LocList>
<RootTerm CovItemId="C101" CovItemPrefix="game.PeasantsRevoltChess.java" Intrnl_Id="3875">
<BasicBoolTerm Intrnl_Id="3876">
<LocList>
<Loc EndOffset="21526" SrcFileId="11" StartOffset="21487"/>
</LocList>
</BasicBoolTerm>
</RootTerm>
</CondStmnt>
</StmntSeq>
</Branch>
<Keyword EndOffset="21373" SrcFileId="11" StartOffset="21371"/>
<LocList>
<Loc EndOffset="21934" SrcFileId="11" StartOffset="21371"/>
</LocList>
<RootTerm CovItemId="C100" CovItemPrefix="game.PeasantsRevoltChess.java" Intrnl_Id="3877">
<BasicBoolTerm Intrnl_Id="3878">
<LocList>
<Loc EndOffset="21411" SrcFileId="11" StartOffset="21374"/>
</LocList>
</BasicBoolTerm>
</RootTerm>
</CondStmnt>
<CondStmnt CovItemId="S306" CovItemPrefix="game.PeasantsRevoltChess.java" Intrnl_Id="3879">
<Branch CovItemId="B195" CovItemPrefix="game.PeasantsRevoltChess.java" Implct="false" Intrnl_Id="3880">
<Cond/>
<LocList>
<Loc EndOffset="21984" SrcFileId="11" StartOffset="21954"/>
</LocList>
<StmntSeq Intrnl_Id="3881">
<LocList>
<Loc EndOffset="21976" SrcFileId="11" StartOffset="21963"/>
</LocList>
<BasicStmnt CovItemId="S307" CovItemPrefix="game.PeasantsRevoltChess.java" Intrnl_Id="3882">
<LocList>
<Loc EndOffset="21976" SrcFileId="11" StartOffset="21963"/>
</LocList>
</BasicStmnt>
</StmntSeq>
</Branch>
<Branch CovItemId="B196" CovItemPrefix="game.PeasantsRevoltChess.java" Implct="true" Intrnl_Id="3883">
<Cond/>
<LocList/>
<StmntSeq Intrnl_Id="3884">
<LocList/>
</StmntSeq>
</Branch>
<Keyword EndOffset="21943" SrcFileId="11" StartOffset="21941"/>
<LocList>
<Loc EndOffset="21984" SrcFileId="11" StartOffset="21941"/>
</LocList>
<RootTerm CovItemId="C105" CovItemPrefix="game.PeasantsRevoltChess.java" Intrnl_Id="3885">
<BasicBoolTerm Intrnl_Id="3886">
<LocList>
<Loc EndOffset="21952" SrcFileId="11" StartOffset="21945"/>
</LocList>
</BasicBoolTerm>
</RootTerm>
</CondStmnt>
</StmntSeq>
<Keyword EndOffset="21260" SrcFileId="11" StartOffset="21257"/>
<LocList>
<Loc EndOffset="21991" SrcFileId="11" StartOffset="21257"/>
</LocList>
</LoopStmnt>
</StmntSeq>
</Branch>
<Branch CovItemId="B182" CovItemPrefix="game.PeasantsRevoltChess.java" Implct="true" Intrnl_Id="3887">
<Cond/>
<LocList/>
<StmntSeq Intrnl_Id="3888">
<LocList/>
</StmntSeq>
</Branch>
<Keyword EndOffset="20995" SrcFileId="11" StartOffset="20993"/>
<LocList>
<Loc EndOffset="21997" SrcFileId="11" StartOffset="20993"/>
</LocList>
<RootTerm CovItemId="C98" CovItemPrefix="game.PeasantsRevoltChess.java" Intrnl_Id="3889">
<BasicBoolTerm Intrnl_Id="3890">
<LocList>
<Loc EndOffset="21029" SrcFileId="11" StartOffset="20997"/>
</LocList>
</BasicBoolTerm>
</RootTerm>
</CondStmnt>
</StmntSeq>
</Branch>
<Branch CovItemId="B180" CovItemPrefix="game.PeasantsRevoltChess.java" Implct="true" Intrnl_Id="3891">
<Cond/>
<LocList/>
<StmntSeq Intrnl_Id="3892">
<LocList/>
</StmntSeq>
</Branch>
<Keyword EndOffset="20965" SrcFileId="11" StartOffset="20963"/>
<LocList>
<Loc EndOffset="22002" SrcFileId="11" StartOffset="20963"/>
</LocList>
<RootTerm CovItemId="C97" CovItemPrefix="game.PeasantsRevoltChess.java" Intrnl_Id="3893">
<BasicBoolTerm Intrnl_Id="3894">
<LocList>
<Loc EndOffset="20985" SrcFileId="11" StartOffset="20967"/>
</LocList>
</BasicBoolTerm>
</RootTerm>
</CondStmnt>
</StmntSeq>
<Keyword EndOffset="20925" SrcFileId="11" StartOffset="20922"/>
<LocList>
<Loc EndOffset="22006" SrcFileId="11" StartOffset="20922"/>
</LocList>
</LoopStmnt>
<CondStmnt CovItemId="S308" CovItemPrefix="game.PeasantsRevoltChess.java" Intrnl_Id="3895">
<Branch CovItemId="B197" CovItemPrefix="game.PeasantsRevoltChess.java" Implct="false" Intrnl_Id="3896">
<Cond/>
<LocList>
<Loc EndOffset="22167" SrcFileId="11" StartOffset="22087"/>
</LocList>
<StmntSeq Intrnl_Id="3897">
<LocList>
<Loc EndOffset="22163" SrcFileId="11" StartOffset="22150"/>
</LocList>
<BasicStmnt CovItemId="S309" CovItemPrefix="game.PeasantsRevoltChess.java" Intrnl_Id="3898">
<LocList>
<Loc EndOffset="22163" SrcFileId="11" StartOffset="22150"/>
</LocList>
</BasicStmnt>
</StmntSeq>
</Branch>
<Branch CovItemId="B198" CovItemPrefix="game.PeasantsRevoltChess.java" Implct="true" Intrnl_Id="3899">
<Cond/>
<LocList/>
<StmntSeq Intrnl_Id="3900">
<LocList/>
</StmntSeq>
</Branch>
<Keyword EndOffset="22068" SrcFileId="11" StartOffset="22066"/>
<LocList>
<Loc EndOffset="22167" SrcFileId="11" StartOffset="22066"/>
</LocList>
<RootTerm CovItemId="C106" CovItemPrefix="game.PeasantsRevoltChess.java" Intrnl_Id="3901">
<BasicBoolTerm Intrnl_Id="3902">
<LocList>
<Loc EndOffset="22085" SrcFileId="11" StartOffset="22069"/>
</LocList>
</BasicBoolTerm>
</RootTerm>
</CondStmnt>
<BasicStmnt CovItemId="S310" CovItemPrefix="game.PeasantsRevoltChess.java" Intrnl_Id="3903">
<LocList>
<Loc EndOffset="22305" SrcFileId="11" StartOffset="22280"/>
</LocList>
</BasicStmnt>
<BasicStmnt CovItemId="S311" CovItemPrefix="game.PeasantsRevoltChess.java" Intrnl_Id="3904">
<LocList>
<Loc EndOffset="22343" SrcFileId="11" StartOffset="22308"/>
</LocList>
</BasicStmnt>
<BasicStmnt CovItemId="S312" CovItemPrefix="game.PeasantsRevoltChess.java" Intrnl_Id="3905">
<LocList>
<Loc EndOffset="22378" SrcFileId="11" StartOffset="22346"/>
</LocList>
</BasicStmnt>
<BasicStmnt CovItemId="S313" CovItemPrefix="game.PeasantsRevoltChess.java" Intrnl_Id="3906">
<LocList>
<Loc EndOffset="22411" SrcFileId="11" StartOffset="22381"/>
</LocList>
</BasicStmnt>
<LoopStmnt CovItemId="S314" CovItemPrefix="game.PeasantsRevoltChess.java" Intrnl_Id="3907" MltplExecId="L16-2" MltplExecPrefix="game.PeasantsRevoltChess.java" NvrExecId="L16-0" NvrExecPrefix="game.PeasantsRevoltChess.java" OnceExecutedId="L16-1" OnceExecutedPrefix="game.PeasantsRevoltChess.java" OptBodyExec="true">
<StmntSeq Intrnl_Id="3908">
<LocList>
<Loc EndOffset="22488" SrcFileId="11" StartOffset="22459"/>
<Loc EndOffset="22549" SrcFileId="11" StartOffset="22492"/>
<Loc EndOffset="22676" SrcFileId="11" StartOffset="22642"/>
<Loc EndOffset="22757" SrcFileId="11" StartOffset="22681"/>
<Loc EndOffset="22821" SrcFileId="11" StartOffset="22761"/>
<Loc EndOffset="22955" SrcFileId="11" StartOffset="22826"/>
</LocList>
<BasicStmnt CovItemId="S315" CovItemPrefix="game.PeasantsRevoltChess.java" Intrnl_Id="3909">
<LocList>
<Loc EndOffset="22488" SrcFileId="11" StartOffset="22459"/>
</LocList>
</BasicStmnt>
<CondStmnt CovItemId="S316" CovItemPrefix="game.PeasantsRevoltChess.java" Intrnl_Id="3910">
<Branch CovItemId="B199" CovItemPrefix="game.PeasantsRevoltChess.java" Implct="false" Intrnl_Id="3911">
<Cond/>
<LocList>
<Loc EndOffset="22549" SrcFileId="11" StartOffset="22529"/>
</LocList>
<StmntSeq Intrnl_Id="3912">
<LocList>
<Loc EndOffset="22544" SrcFileId="11" StartOffset="22535"/>
</LocList>
<BasicStmnt CovItemId="S317" CovItemPrefix="game.PeasantsRevoltChess.java" Intrnl_Id="3913">
<LocList>
<Loc EndOffset="22544" SrcFileId="11" StartOffset="22535"/>
</LocList>
</BasicStmnt>
</StmntSeq>
</Branch>
<Branch CovItemId="B200" CovItemPrefix="game.PeasantsRevoltChess.java" Implct="true" Intrnl_Id="3914">
<Cond/>
<LocList/>
<StmntSeq Intrnl_Id="3915">
<LocList/>
</StmntSeq>
</Branch>
<Keyword EndOffset="22494" SrcFileId="11" StartOffset="22492"/>
<LocList>
<Loc EndOffset="22549" SrcFileId="11" StartOffset="22492"/>
</LocList>
<RootTerm CovItemId="C107" CovItemPrefix="game.PeasantsRevoltChess.java" Intrnl_Id="3916">
<OpTerm BooleanOpId="22" Intrnl_Id="3917">
<BasicBoolTerm Intrnl_Id="3918">
<LocList>
<Loc EndOffset="22527" SrcFileId="11" StartOffset="22496"/>
</LocList>
</BasicBoolTerm>
<LocList>
<Loc EndOffset="22496" SrcFileId="11" StartOffset="22495"/>
</LocList>
</OpTerm>
</RootTerm>
</CondStmnt>
<BasicStmnt CovItemId="S318" CovItemPrefix="game.PeasantsRevoltChess.java" Intrnl_Id="3919">
<LocList>
<Loc EndOffset="22676" SrcFileId="11" StartOffset="22642"/>
</LocList>
</BasicStmnt>
<BasicStmnt CovItemId="S319" CovItemPrefix="game.PeasantsRevoltChess.java" Intrnl_Id="3920">
<LocList>
<Loc EndOffset="22757" SrcFileId="11" StartOffset="22681"/>
</LocList>
</BasicStmnt>
<BasicStmnt CovItemId="S320" CovItemPrefix="game.PeasantsRevoltChess.java" Intrnl_Id="3921">
<LocList>
<Loc EndOffset="22821" SrcFileId="11" StartOffset="22761"/>
</LocList>
</BasicStmnt>
<CondStmnt CovItemId="S321" CovItemPrefix="game.PeasantsRevoltChess.java" Intrnl_Id="3922">
<Branch CovItemId="B201" CovItemPrefix="game.PeasantsRevoltChess.java" Implct="false" Intrnl_Id="3923">
<Cond/>
<LocList>
<Loc EndOffset="22955" SrcFileId="11" StartOffset="22878"/>
</LocList>
<StmntSeq Intrnl_Id="3924">
<LocList>
<Loc EndOffset="22950" SrcFileId="11" StartOffset="22937"/>
</LocList>
<BasicStmnt CovItemId="S322" CovItemPrefix="game.PeasantsRevoltChess.java" Intrnl_Id="3925">
<LocList>
<Loc EndOffset="22950" SrcFileId="11" StartOffset="22937"/>
</LocList>
</BasicStmnt>
</StmntSeq>
</Branch>
<Branch CovItemId="B202" CovItemPrefix="game.PeasantsRevoltChess.java" Implct="true" Intrnl_Id="3926">
<Cond/>
<LocList/>
<StmntSeq Intrnl_Id="3927">
<LocList/>
</StmntSeq>
</Branch>
<Keyword EndOffset="22828" SrcFileId="11" StartOffset="22826"/>
<LocList>
<Loc EndOffset="22955" SrcFileId="11" StartOffset="22826"/>
</LocList>
<RootTerm CovItemId="C108" CovItemPrefix="game.PeasantsRevoltChess.java" Intrnl_Id="3928">
<OpTerm BooleanOpId="22" Intrnl_Id="3929">
<BasicBoolTerm Intrnl_Id="3930">
<LocList>
<Loc EndOffset="22876" SrcFileId="11" StartOffset="22830"/>
</LocList>
</BasicBoolTerm>
<LocList>
<Loc EndOffset="22830" SrcFileId="11" StartOffset="22829"/>
</LocList>
</OpTerm>
</RootTerm>
</CondStmnt>
</StmntSeq>
<Keyword EndOffset="22418" SrcFileId="11" StartOffset="22415"/>
<LocList>
<Loc EndOffset="22959" SrcFileId="11" StartOffset="22415"/>
</LocList>
</LoopStmnt>
<BasicStmnt CovItemId="S323" CovItemPrefix="game.PeasantsRevoltChess.java" Intrnl_Id="3931">
<LocList>
<Loc EndOffset="22975" SrcFileId="11" StartOffset="22963"/>
</LocList>
</BasicStmnt>
</StmntSeq>
</HierarchyLvl>
<HierarchyLvl HierarchyLvlId="1092" HierarchyLvlTypeId="27" Intrnl_Id="3932" Name="getStalemateMessage">
<Header>
<Loc EndOffset="23278" SrcFileId="11" StartOffset="23224"/>
</Header>
<LocList>
<Loc EndOffset="23315" SrcFileId="11" StartOffset="23224"/>
</LocList>
<StmntSeq Intrnl_Id="3933">
<LocList>
<Loc EndOffset="23312" SrcFileId="11" StartOffset="23283"/>
</LocList>
<BasicStmnt CovItemId="S324" CovItemPrefix="game.PeasantsRevoltChess.java" Intrnl_Id="3934">
<LocList>
<Loc EndOffset="23312" SrcFileId="11" StartOffset="23283"/>
</LocList>
</BasicStmnt>
</StmntSeq>
</HierarchyLvl>
</HierarchyLvl>
<HierarchyLvl HierarchyLvlId="1096" HierarchyLvlTypeId="26" Intrnl_Id="3935" Name="Pawn">
<Header>
<Loc EndOffset="112" SrcFileId="12" StartOffset="81"/>
</Header>
<LocList>
<Loc EndOffset="394" SrcFileId="12" StartOffset="81"/>
</LocList>
<StmntSeq Intrnl_Id="3936">
<LocList>
<Loc EndOffset="152" SrcFileId="12" StartOffset="116"/>
</LocList>
<BasicStmnt CovItemId="S1" CovItemPrefix="game.Pawn.java" Intrnl_Id="3937">
<LocList>
<Loc EndOffset="152" SrcFileId="12" StartOffset="116"/>
</LocList>
</BasicStmnt>
</StmntSeq>
<HierarchyLvl HierarchyLvlId="1094" HierarchyLvlTypeId="27" Intrnl_Id="3938" Name="Pawn">
<Header>
<Loc EndOffset="180" SrcFileId="12" StartOffset="154"/>
</Header>
<LocList>
<Loc EndOffset="201" SrcFileId="12" StartOffset="154"/>
</LocList>
<StmntSeq Intrnl_Id="3939">
<LocList>
<Loc EndOffset="198" SrcFileId="12" StartOffset="185"/>
</LocList>
<BasicStmnt CovItemId="S2" CovItemPrefix="game.Pawn.java" Intrnl_Id="3940">
<LocList>
<Loc EndOffset="198" SrcFileId="12" StartOffset="185"/>
</LocList>
</BasicStmnt>
</StmntSeq>
</HierarchyLvl>
<HierarchyLvl HierarchyLvlId="1095" HierarchyLvlTypeId="27" Intrnl_Id="3941" Name="toString">
<Header>
<Loc EndOffset="314" SrcFileId="12" StartOffset="290"/>
</Header>
<LocList>
<Loc EndOffset="392" SrcFileId="12" StartOffset="290"/>
</LocList>
<StmntSeq Intrnl_Id="3942">
<LocList>
<Loc EndOffset="372" SrcFileId="12" StartOffset="319"/>
<Loc EndOffset="386" SrcFileId="12" StartOffset="375"/>
</LocList>
<CondStmnt CovItemId="S3" CovItemPrefix="game.Pawn.java" Intrnl_Id="3943">
<Branch CovItemId="B1" CovItemPrefix="game.Pawn.java" Implct="false" Intrnl_Id="3944">
<Cond/>
<LocList>
<Loc EndOffset="372" SrcFileId="12" StartOffset="352"/>
</LocList>
<StmntSeq Intrnl_Id="3945">
<LocList>
<Loc EndOffset="368" SrcFileId="12" StartOffset="357"/>
</LocList>
<BasicStmnt CovItemId="S4" CovItemPrefix="game.Pawn.java" Intrnl_Id="3946">
<LocList>
<Loc EndOffset="368" SrcFileId="12" StartOffset="357"/>
</LocList>
</BasicStmnt>
</StmntSeq>
</Branch>
<Branch CovItemId="B2" CovItemPrefix="game.Pawn.java" Implct="true" Intrnl_Id="3947">
<Cond/>
<LocList/>
<StmntSeq Intrnl_Id="3948">
<LocList/>
</StmntSeq>
</Branch>
<Keyword EndOffset="321" SrcFileId="12" StartOffset="319"/>
<LocList>
<Loc EndOffset="372" SrcFileId="12" StartOffset="319"/>
</LocList>
<RootTerm CovItemId="C1" CovItemPrefix="game.Pawn.java" Intrnl_Id="3949">
<BasicBoolTerm Intrnl_Id="3950">
<LocList>
<Loc EndOffset="350" SrcFileId="12" StartOffset="323"/>
</LocList>
</BasicBoolTerm>
</RootTerm>
</CondStmnt>
<BasicStmnt CovItemId="S5" CovItemPrefix="game.Pawn.java" Intrnl_Id="3951">
<LocList>
<Loc EndOffset="386" SrcFileId="12" StartOffset="375"/>
</LocList>
</BasicStmnt>
</StmntSeq>
</HierarchyLvl>
</HierarchyLvl>
<HierarchyLvl HierarchyLvlId="1098" HierarchyLvlTypeId="26" Intrnl_Id="3952" Name="MoveCompleteResult">
<Header>
<Loc EndOffset="233" SrcFileId="13" StartOffset="202"/>
</Header>
<LocList>
<Loc EndOffset="360" SrcFileId="13" StartOffset="202"/>
</LocList>
<HierarchyLvl HierarchyLvlId="1097" HierarchyLvlTypeId="27" Intrnl_Id="3953" Name="MoveCompleteResult">
<Header>
<Loc EndOffset="330" SrcFileId="13" StartOffset="288"/>
</Header>
<LocList>
<Loc EndOffset="358" SrcFileId="13" StartOffset="288"/>
</LocList>
<StmntSeq Intrnl_Id="3954">
<LocList>
<Loc EndOffset="355" SrcFileId="13" StartOffset="336"/>
</LocList>
<BasicStmnt CovItemId="S1" CovItemPrefix="game.MoveCompleteResult.java" Intrnl_Id="3955">
<LocList>
<Loc EndOffset="355" SrcFileId="13" StartOffset="336"/>
</LocList>
</BasicStmnt>
</StmntSeq>
</HierarchyLvl>
</HierarchyLvl>
<HierarchyLvl HierarchyLvlId="1106" HierarchyLvlTypeId="26" Intrnl_Id="3956" Name="Move">
<Header>
<Loc EndOffset="127" SrcFileId="14" StartOffset="110"/>
</Header>
<LocList>
<Loc EndOffset="3963" SrcFileId="14" StartOffset="110"/>
</LocList>
<StmntSeq Intrnl_Id="3957">
<LocList>
<Loc EndOffset="167" SrcFileId="14" StartOffset="133"/>
<Loc EndOffset="195" SrcFileId="14" StartOffset="169"/>
<Loc EndOffset="228" SrcFileId="14" StartOffset="197"/>
<Loc EndOffset="263" SrcFileId="14" StartOffset="230"/>
<Loc EndOffset="289" SrcFileId="14" StartOffset="265"/>
</LocList>
<BasicStmnt CovItemId="S1" CovItemPrefix="game.Move.java" Intrnl_Id="3958">
<LocList>
<Loc EndOffset="167" SrcFileId="14" StartOffset="133"/>
</LocList>
</BasicStmnt>
<BasicStmnt CovItemId="S2" CovItemPrefix="game.Move.java" Intrnl_Id="3959">
<LocList>
<Loc EndOffset="195" SrcFileId="14" StartOffset="169"/>
</LocList>
</BasicStmnt>
<BasicStmnt CovItemId="S3" CovItemPrefix="game.Move.java" Intrnl_Id="3960">
<LocList>
<Loc EndOffset="228" SrcFileId="14" StartOffset="197"/>
</LocList>
</BasicStmnt>
<BasicStmnt CovItemId="S4" CovItemPrefix="game.Move.java" Intrnl_Id="3961">
<LocList>
<Loc EndOffset="263" SrcFileId="14" StartOffset="230"/>
</LocList>
</BasicStmnt>
<BasicStmnt CovItemId="S5" CovItemPrefix="game.Move.java" Intrnl_Id="3962">
<LocList>
<Loc EndOffset="289" SrcFileId="14" StartOffset="265"/>
</LocList>
</BasicStmnt>
</StmntSeq>
<HierarchyLvl HierarchyLvlId="1099" HierarchyLvlTypeId="27" Intrnl_Id="3963" Name="Move">
<Header>
<Loc EndOffset="306" SrcFileId="14" StartOffset="293"/>
</Header>
<LocList>
<Loc EndOffset="309" SrcFileId="14" StartOffset="293"/>
</LocList>
</HierarchyLvl>
<HierarchyLvl HierarchyLvlId="1100" HierarchyLvlTypeId="27" Intrnl_Id="3964" Name="Move">
<Header>
<Loc EndOffset="335" SrcFileId="14" StartOffset="313"/>
</Header>
<LocList>
<Loc EndOffset="490" SrcFileId="14" StartOffset="313"/>
</LocList>
<StmntSeq Intrnl_Id="3965">
<LocList>
<Loc EndOffset="378" SrcFileId="14" StartOffset="340"/>
<Loc EndOffset="421" SrcFileId="14" StartOffset="381"/>
<Loc EndOffset="460" SrcFileId="14" StartOffset="424"/>
<Loc EndOffset="487" SrcFileId="14" StartOffset="463"/>
</LocList>
<BasicStmnt CovItemId="S6" CovItemPrefix="game.Move.java" Intrnl_Id="3966">
<LocList>
<Loc EndOffset="378" SrcFileId="14" StartOffset="340"/>
</LocList>
</BasicStmnt>
<BasicStmnt CovItemId="S7" CovItemPrefix="game.Move.java" Intrnl_Id="3967">
<LocList>
<Loc EndOffset="421" SrcFileId="14" StartOffset="381"/>
</LocList>
</BasicStmnt>
<BasicStmnt CovItemId="S8" CovItemPrefix="game.Move.java" Intrnl_Id="3968">
<LocList>
<Loc EndOffset="460" SrcFileId="14" StartOffset="424"/>
</LocList>
</BasicStmnt>
<BasicStmnt CovItemId="S9" CovItemPrefix="game.Move.java" Intrnl_Id="3969">
<LocList>
<Loc EndOffset="487" SrcFileId="14" StartOffset="463"/>
</LocList>
</BasicStmnt>
</StmntSeq>
</HierarchyLvl>
<HierarchyLvl HierarchyLvlId="1101" HierarchyLvlTypeId="27" Intrnl_Id="3970" Name="Move">
<Header>
<Loc EndOffset="555" SrcFileId="14" StartOffset="493"/>
</Header>
<LocList>
<Loc EndOffset="692" SrcFileId="14" StartOffset="493"/>
</LocList>
<StmntSeq Intrnl_Id="3971">
<LocList>
<Loc EndOffset="593" SrcFileId="14" StartOffset="560"/>
<Loc EndOffset="627" SrcFileId="14" StartOffset="596"/>
<Loc EndOffset="659" SrcFileId="14" StartOffset="630"/>
<Loc EndOffset="689" SrcFileId="14" StartOffset="662"/>
</LocList>
<BasicStmnt CovItemId="S10" CovItemPrefix="game.Move.java" Intrnl_Id="3972">
<LocList>
<Loc EndOffset="593" SrcFileId="14" StartOffset="560"/>
</LocList>
</BasicStmnt>
<BasicStmnt CovItemId="S11" CovItemPrefix="game.Move.java" Intrnl_Id="3973">
<LocList>
<Loc EndOffset="627" SrcFileId="14" StartOffset="596"/>
</LocList>
</BasicStmnt>
<BasicStmnt CovItemId="S12" CovItemPrefix="game.Move.java" Intrnl_Id="3974">
<LocList>
<Loc EndOffset="659" SrcFileId="14" StartOffset="630"/>
</LocList>
</BasicStmnt>
<BasicStmnt CovItemId="S13" CovItemPrefix="game.Move.java" Intrnl_Id="3975">
<LocList>
<Loc EndOffset="689" SrcFileId="14" StartOffset="662"/>
</LocList>
</BasicStmnt>
</StmntSeq>
</HierarchyLvl>
<HierarchyLvl HierarchyLvlId="1102" HierarchyLvlTypeId="27" Intrnl_Id="3976" Name="Move">
<Header>
<Loc EndOffset="754" SrcFileId="14" StartOffset="696"/>
</Header>
<LocList>
<Loc EndOffset="2457" SrcFileId="14" StartOffset="696"/>
</LocList>
<StmntSeq Intrnl_Id="3977">
<LocList>
<Loc EndOffset="776" SrcFileId="14" StartOffset="759"/>
<Loc EndOffset="812" SrcFileId="14" StartOffset="779"/>
<Loc EndOffset="882" SrcFileId="14" StartOffset="816"/>
<Loc EndOffset="948" SrcFileId="14" StartOffset="885"/>
<Loc EndOffset="968" SrcFileId="14" StartOffset="952"/>
<Loc EndOffset="1020" SrcFileId="14" StartOffset="971"/>
<Loc EndOffset="1119" SrcFileId="14" StartOffset="1072"/>
<Loc EndOffset="1169" SrcFileId="14" StartOffset="1122"/>
<Loc EndOffset="1219" SrcFileId="14" StartOffset="1172"/>
<Loc EndOffset="1269" SrcFileId="14" StartOffset="1222"/>
<Loc EndOffset="1319" SrcFileId="14" StartOffset="1272"/>
<Loc EndOffset="1369" SrcFileId="14" StartOffset="1322"/>
<Loc EndOffset="1419" SrcFileId="14" StartOffset="1372"/>
<Loc EndOffset="1469" SrcFileId="14" StartOffset="1422"/>
<Loc EndOffset="1519" SrcFileId="14" StartOffset="1472"/>
<Loc EndOffset="1569" SrcFileId="14" StartOffset="1522"/>
<Loc EndOffset="1780" SrcFileId="14" StartOffset="1577"/>
<Loc EndOffset="1800" SrcFileId="14" StartOffset="1786"/>
<Loc EndOffset="1848" SrcFileId="14" StartOffset="1803"/>
<Loc EndOffset="1849" SrcFileId="14" StartOffset="1848"/>
<Loc EndOffset="1896" SrcFileId="14" StartOffset="1855"/>
<Loc EndOffset="1940" SrcFileId="14" StartOffset="1899"/>
<Loc EndOffset="1984" SrcFileId="14" StartOffset="1943"/>
<Loc EndOffset="2028" SrcFileId="14" StartOffset="1987"/>
<Loc EndOffset="2072" SrcFileId="14" StartOffset="2031"/>
<Loc EndOffset="2116" SrcFileId="14" StartOffset="2075"/>
<Loc EndOffset="2160" SrcFileId="14" StartOffset="2119"/>
<Loc EndOffset="2204" SrcFileId="14" StartOffset="2163"/>
<Loc EndOffset="2248" SrcFileId="14" StartOffset="2207"/>
<Loc EndOffset="2292" SrcFileId="14" StartOffset="2251"/>
<Loc EndOffset="2454" SrcFileId="14" StartOffset="2298"/>
</LocList>
<BasicStmnt CovItemId="S14" CovItemPrefix="game.Move.java" Intrnl_Id="3978">
<LocList>
<Loc EndOffset="776" SrcFileId="14" StartOffset="759"/>
</LocList>
</BasicStmnt>
<BasicStmnt CovItemId="S15" CovItemPrefix="game.Move.java" Intrnl_Id="3979">
<LocList>
<Loc EndOffset="812" SrcFileId="14" StartOffset="779"/>
</LocList>
</BasicStmnt>
<BasicStmnt CovItemId="S16" CovItemPrefix="game.Move.java" Intrnl_Id="3980">
<LocList>
<Loc EndOffset="882" SrcFileId="14" StartOffset="816"/>
</LocList>
</BasicStmnt>
<BasicStmnt CovItemId="S17" CovItemPrefix="game.Move.java" Intrnl_Id="3981">
<LocList>
<Loc EndOffset="948" SrcFileId="14" StartOffset="885"/>
</LocList>
</BasicStmnt>
<BasicStmnt CovItemId="S18" CovItemPrefix="game.Move.java" Intrnl_Id="3982">
<LocList>
<Loc EndOffset="968" SrcFileId="14" StartOffset="952"/>
</LocList>
</BasicStmnt>
<BasicStmnt CovItemId="S19" CovItemPrefix="game.Move.java" Intrnl_Id="3983">
<LocList>
<Loc EndOffset="1020" SrcFileId="14" StartOffset="971"/>
</LocList>
</BasicStmnt>
<BasicStmnt CovItemId="S20" CovItemPrefix="game.Move.java" Intrnl_Id="3984">
<LocList>
<Loc EndOffset="1119" SrcFileId="14" StartOffset="1072"/>
</LocList>
<QMO CovItemId="Q0" CovItemPrefix="game.Move.java" Intrnl_Id="3985">
<LocList>
<Loc EndOffset="1105" SrcFileId="14" StartOffset="1081"/>
</LocList>
<QMO_E CovItemId="Q0-0" CovItemPrefix="game.Move.java" Intrnl_Id="3986">
<LocList>
<Loc EndOffset="1109" SrcFileId="14" StartOffset="1108"/>
</LocList>
</QMO_E>
<QMO_E CovItemId="Q0-1" CovItemPrefix="game.Move.java" Intrnl_Id="3987">
<LocList>
<Loc EndOffset="1118" SrcFileId="14" StartOffset="1112"/>
</LocList>
</QMO_E>
</QMO>
</BasicStmnt>
<BasicStmnt CovItemId="S21" CovItemPrefix="game.Move.java" Intrnl_Id="3988">
<LocList>
<Loc EndOffset="1169" SrcFileId="14" StartOffset="1122"/>
</LocList>
<QMO CovItemId="Q1" CovItemPrefix="game.Move.java" Intrnl_Id="3989">
<LocList>
<Loc EndOffset="1155" SrcFileId="14" StartOffset="1131"/>
</LocList>
<QMO_E CovItemId="Q1-0" CovItemPrefix="game.Move.java" Intrnl_Id="3990">
<LocList>
<Loc EndOffset="1159" SrcFileId="14" StartOffset="1158"/>
</LocList>
</QMO_E>
<QMO_E CovItemId="Q1-1" CovItemPrefix="game.Move.java" Intrnl_Id="3991">
<LocList>
<Loc EndOffset="1168" SrcFileId="14" StartOffset="1162"/>
</LocList>
</QMO_E>
</QMO>
</BasicStmnt>
<BasicStmnt CovItemId="S22" CovItemPrefix="game.Move.java" Intrnl_Id="3992">
<LocList>
<Loc EndOffset="1219" SrcFileId="14" StartOffset="1172"/>
</LocList>
<QMO CovItemId="Q2" CovItemPrefix="game.Move.java" Intrnl_Id="3993">
<LocList>
<Loc EndOffset="1205" SrcFileId="14" StartOffset="1181"/>
</LocList>
<QMO_E CovItemId="Q2-0" CovItemPrefix="game.Move.java" Intrnl_Id="3994">
<LocList>
<Loc EndOffset="1209" SrcFileId="14" StartOffset="1208"/>
</LocList>
</QMO_E>
<QMO_E CovItemId="Q2-1" CovItemPrefix="game.Move.java" Intrnl_Id="3995">
<LocList>
<Loc EndOffset="1218" SrcFileId="14" StartOffset="1212"/>
</LocList>
</QMO_E>
</QMO>
</BasicStmnt>
<BasicStmnt CovItemId="S23" CovItemPrefix="game.Move.java" Intrnl_Id="3996">
<LocList>
<Loc EndOffset="1269" SrcFileId="14" StartOffset="1222"/>
</LocList>
<QMO CovItemId="Q3" CovItemPrefix="game.Move.java" Intrnl_Id="3997">
<LocList>
<Loc EndOffset="1255" SrcFileId="14" StartOffset="1231"/>
</LocList>
<QMO_E CovItemId="Q3-0" CovItemPrefix="game.Move.java" Intrnl_Id="3998">
<LocList>
<Loc EndOffset="1259" SrcFileId="14" StartOffset="1258"/>
</LocList>
</QMO_E>
<QMO_E CovItemId="Q3-1" CovItemPrefix="game.Move.java" Intrnl_Id="3999">
<LocList>
<Loc EndOffset="1268" SrcFileId="14" StartOffset="1262"/>
</LocList>
</QMO_E>
</QMO>
</BasicStmnt>
<BasicStmnt CovItemId="S24" CovItemPrefix="game.Move.java" Intrnl_Id="4000">
<LocList>
<Loc EndOffset="1319" SrcFileId="14" StartOffset="1272"/>
</LocList>
<QMO CovItemId="Q4" CovItemPrefix="game.Move.java" Intrnl_Id="4001">
<LocList>
<Loc EndOffset="1305" SrcFileId="14" StartOffset="1281"/>
</LocList>
<QMO_E CovItemId="Q4-0" CovItemPrefix="game.Move.java" Intrnl_Id="4002">
<LocList>
<Loc EndOffset="1309" SrcFileId="14" StartOffset="1308"/>
</LocList>
</QMO_E>
<QMO_E CovItemId="Q4-1" CovItemPrefix="game.Move.java" Intrnl_Id="4003">
<LocList>
<Loc EndOffset="1318" SrcFileId="14" StartOffset="1312"/>
</LocList>
</QMO_E>
</QMO>
</BasicStmnt>
<BasicStmnt CovItemId="S25" CovItemPrefix="game.Move.java" Intrnl_Id="4004">
<LocList>
<Loc EndOffset="1369" SrcFileId="14" StartOffset="1322"/>
</LocList>
<QMO CovItemId="Q5" CovItemPrefix="game.Move.java" Intrnl_Id="4005">
<LocList>
<Loc EndOffset="1355" SrcFileId="14" StartOffset="1331"/>
</LocList>
<QMO_E CovItemId="Q5-0" CovItemPrefix="game.Move.java" Intrnl_Id="4006">
<LocList>
<Loc EndOffset="1359" SrcFileId="14" StartOffset="1358"/>
</LocList>
</QMO_E>
<QMO_E CovItemId="Q5-1" CovItemPrefix="game.Move.java" Intrnl_Id="4007">
<LocList>
<Loc EndOffset="1368" SrcFileId="14" StartOffset="1362"/>
</LocList>
</QMO_E>
</QMO>
</BasicStmnt>
<BasicStmnt CovItemId="S26" CovItemPrefix="game.Move.java" Intrnl_Id="4008">
<LocList>
<Loc EndOffset="1419" SrcFileId="14" StartOffset="1372"/>
</LocList>
<QMO CovItemId="Q6" CovItemPrefix="game.Move.java" Intrnl_Id="4009">
<LocList>
<Loc EndOffset="1405" SrcFileId="14" StartOffset="1381"/>
</LocList>
<QMO_E CovItemId="Q6-0" CovItemPrefix="game.Move.java" Intrnl_Id="4010">
<LocList>
<Loc EndOffset="1409" SrcFileId="14" StartOffset="1408"/>
</LocList>
</QMO_E>
<QMO_E CovItemId="Q6-1" CovItemPrefix="game.Move.java" Intrnl_Id="4011">
<LocList>
<Loc EndOffset="1418" SrcFileId="14" StartOffset="1412"/>
</LocList>
</QMO_E>
</QMO>
</BasicStmnt>
<BasicStmnt CovItemId="S27" CovItemPrefix="game.Move.java" Intrnl_Id="4012">
<LocList>
<Loc EndOffset="1469" SrcFileId="14" StartOffset="1422"/>
</LocList>
<QMO CovItemId="Q7" CovItemPrefix="game.Move.java" Intrnl_Id="4013">
<LocList>
<Loc EndOffset="1455" SrcFileId="14" StartOffset="1431"/>
</LocList>
<QMO_E CovItemId="Q7-0" CovItemPrefix="game.Move.java" Intrnl_Id="4014">
<LocList>
<Loc EndOffset="1459" SrcFileId="14" StartOffset="1458"/>
</LocList>
</QMO_E>
<QMO_E CovItemId="Q7-1" CovItemPrefix="game.Move.java" Intrnl_Id="4015">
<LocList>
<Loc EndOffset="1468" SrcFileId="14" StartOffset="1462"/>
</LocList>
</QMO_E>
</QMO>
</BasicStmnt>
<BasicStmnt CovItemId="S28" CovItemPrefix="game.Move.java" Intrnl_Id="4016">
<LocList>
<Loc EndOffset="1519" SrcFileId="14" StartOffset="1472"/>
</LocList>
<QMO CovItemId="Q8" CovItemPrefix="game.Move.java" Intrnl_Id="4017">
<LocList>
<Loc EndOffset="1505" SrcFileId="14" StartOffset="1481"/>
</LocList>
<QMO_E CovItemId="Q8-0" CovItemPrefix="game.Move.java" Intrnl_Id="4018">
<LocList>
<Loc EndOffset="1509" SrcFileId="14" StartOffset="1508"/>
</LocList>
</QMO_E>
<QMO_E CovItemId="Q8-1" CovItemPrefix="game.Move.java" Intrnl_Id="4019">
<LocList>
<Loc EndOffset="1518" SrcFileId="14" StartOffset="1512"/>
</LocList>
</QMO_E>
</QMO>
</BasicStmnt>
<BasicStmnt CovItemId="S29" CovItemPrefix="game.Move.java" Intrnl_Id="4020">
<LocList>
<Loc EndOffset="1569" SrcFileId="14" StartOffset="1522"/>
</LocList>
<QMO CovItemId="Q9" CovItemPrefix="game.Move.java" Intrnl_Id="4021">
<LocList>
<Loc EndOffset="1555" SrcFileId="14" StartOffset="1531"/>
</LocList>
<QMO_E CovItemId="Q9-0" CovItemPrefix="game.Move.java" Intrnl_Id="4022">
<LocList>
<Loc EndOffset="1559" SrcFileId="14" StartOffset="1558"/>
</LocList>
</QMO_E>
<QMO_E CovItemId="Q9-1" CovItemPrefix="game.Move.java" Intrnl_Id="4023">
<LocList>
<Loc EndOffset="1568" SrcFileId="14" StartOffset="1562"/>
</LocList>
</QMO_E>
</QMO>
</BasicStmnt>
<CondStmnt CovItemId="S30" CovItemPrefix="game.Move.java" Intrnl_Id="4024">
<Branch CovItemId="B1" CovItemPrefix="game.Move.java" Implct="false" Intrnl_Id="4025">
<Cond/>
<LocList>
<Loc EndOffset="1780" SrcFileId="14" StartOffset="1634"/>
</LocList>
<StmntSeq Intrnl_Id="4026">
<LocList>
<Loc EndOffset="1679" SrcFileId="14" StartOffset="1639"/>
<Loc EndOffset="1703" SrcFileId="14" StartOffset="1684"/>
<Loc EndOffset="1728" SrcFileId="14" StartOffset="1707"/>
<Loc EndOffset="1752" SrcFileId="14" StartOffset="1732"/>
<Loc EndOffset="1776" SrcFileId="14" StartOffset="1756"/>
</LocList>
<BasicStmnt CovItemId="S31" CovItemPrefix="game.Move.java" Intrnl_Id="4027">
<LocList>
<Loc EndOffset="1679" SrcFileId="14" StartOffset="1639"/>
</LocList>
</BasicStmnt>
<BasicStmnt CovItemId="S32" CovItemPrefix="game.Move.java" Intrnl_Id="4028">
<LocList>
<Loc EndOffset="1703" SrcFileId="14" StartOffset="1684"/>
</LocList>
</BasicStmnt>
<BasicStmnt CovItemId="S33" CovItemPrefix="game.Move.java" Intrnl_Id="4029">
<LocList>
<Loc EndOffset="1728" SrcFileId="14" StartOffset="1707"/>
</LocList>
</BasicStmnt>
<BasicStmnt CovItemId="S34" CovItemPrefix="game.Move.java" Intrnl_Id="4030">
<LocList>
<Loc EndOffset="1752" SrcFileId="14" StartOffset="1732"/>
</LocList>
</BasicStmnt>
<BasicStmnt CovItemId="S35" CovItemPrefix="game.Move.java" Intrnl_Id="4031">
<LocList>
<Loc EndOffset="1776" SrcFileId="14" StartOffset="1756"/>
</LocList>
</BasicStmnt>
</StmntSeq>
</Branch>
<Branch CovItemId="B2" CovItemPrefix="game.Move.java" Implct="true" Intrnl_Id="4032">
<Cond/>
<LocList/>
<StmntSeq Intrnl_Id="4033">
<LocList/>
</StmntSeq>
</Branch>
<Keyword EndOffset="1579" SrcFileId="14" StartOffset="1577"/>
<LocList>
<Loc EndOffset="1780" SrcFileId="14" StartOffset="1577"/>
</LocList>
<RootTerm CovItemId="C1" CovItemPrefix="game.Move.java" Intrnl_Id="4034">
<OpTerm BooleanOpId="23" Intrnl_Id="4035">
<OpTerm BooleanOpId="23" Intrnl_Id="4036">
<BasicBoolTerm Intrnl_Id="4037">
<LocList>
<Loc EndOffset="1592" SrcFileId="14" StartOffset="1580"/>
</LocList>
</BasicBoolTerm>
<BasicBoolTerm Intrnl_Id="4038">
<LocList>
<Loc EndOffset="1617" SrcFileId="14" StartOffset="1596"/>
</LocList>
</BasicBoolTerm>
<LocList>
<Loc EndOffset="1595" SrcFileId="14" StartOffset="1593"/>
</LocList>
</OpTerm>
<BasicBoolTerm Intrnl_Id="4039">
<LocList>
<Loc EndOffset="1632" SrcFileId="14" StartOffset="1621"/>
</LocList>
</BasicBoolTerm>
<LocList>
<Loc EndOffset="1620" SrcFileId="14" StartOffset="1618"/>
</LocList>
</OpTerm>
</RootTerm>
</CondStmnt>
<BasicStmnt CovItemId="S36" CovItemPrefix="game.Move.java" Intrnl_Id="4040">
<LocList>
<Loc EndOffset="1800" SrcFileId="14" StartOffset="1786"/>
</LocList>
</BasicStmnt>
<BasicStmnt CovItemId="S37" CovItemPrefix="game.Move.java" Intrnl_Id="4041">
<LocList>
<Loc EndOffset="1848" SrcFileId="14" StartOffset="1803"/>
</LocList>
</BasicStmnt>
<BasicStmnt CovItemId="S38" CovItemPrefix="game.Move.java" Intrnl_Id="4042">
<LocList>
<Loc EndOffset="1849" SrcFileId="14" StartOffset="1848"/>
</LocList>
</BasicStmnt>
<BasicStmnt CovItemId="S39" CovItemPrefix="game.Move.java" Intrnl_Id="4043">
<LocList>
<Loc EndOffset="1896" SrcFileId="14" StartOffset="1855"/>
</LocList>
<QMO CovItemId="Q10" CovItemPrefix="game.Move.java" Intrnl_Id="4044">
<LocList>
<Loc EndOffset="1884" SrcFileId="14" StartOffset="1862"/>
</LocList>
<QMO_E CovItemId="Q10-0" CovItemPrefix="game.Move.java" Intrnl_Id="4045">
<LocList>
<Loc EndOffset="1888" SrcFileId="14" StartOffset="1887"/>
</LocList>
</QMO_E>
<QMO_E CovItemId="Q10-1" CovItemPrefix="game.Move.java" Intrnl_Id="4046">
<LocList>
<Loc EndOffset="1895" SrcFileId="14" StartOffset="1891"/>
</LocList>
</QMO_E>
</QMO>
</BasicStmnt>
<BasicStmnt CovItemId="S40" CovItemPrefix="game.Move.java" Intrnl_Id="4047">
<LocList>
<Loc EndOffset="1940" SrcFileId="14" StartOffset="1899"/>
</LocList>
<QMO CovItemId="Q11" CovItemPrefix="game.Move.java" Intrnl_Id="4048">
<LocList>
<Loc EndOffset="1928" SrcFileId="14" StartOffset="1906"/>
</LocList>
<QMO_E CovItemId="Q11-0" CovItemPrefix="game.Move.java" Intrnl_Id="4049">
<LocList>
<Loc EndOffset="1932" SrcFileId="14" StartOffset="1931"/>
</LocList>
</QMO_E>
<QMO_E CovItemId="Q11-1" CovItemPrefix="game.Move.java" Intrnl_Id="4050">
<LocList>
<Loc EndOffset="1939" SrcFileId="14" StartOffset="1935"/>
</LocList>
</QMO_E>
</QMO>
</BasicStmnt>
<BasicStmnt CovItemId="S41" CovItemPrefix="game.Move.java" Intrnl_Id="4051">
<LocList>
<Loc EndOffset="1984" SrcFileId="14" StartOffset="1943"/>
</LocList>
<QMO CovItemId="Q12" CovItemPrefix="game.Move.java" Intrnl_Id="4052">
<LocList>
<Loc EndOffset="1972" SrcFileId="14" StartOffset="1950"/>
</LocList>
<QMO_E CovItemId="Q12-0" CovItemPrefix="game.Move.java" Intrnl_Id="4053">
<LocList>
<Loc EndOffset="1976" SrcFileId="14" StartOffset="1975"/>
</LocList>
</QMO_E>
<QMO_E CovItemId="Q12-1" CovItemPrefix="game.Move.java" Intrnl_Id="4054">
<LocList>
<Loc EndOffset="1983" SrcFileId="14" StartOffset="1979"/>
</LocList>
</QMO_E>
</QMO>
</BasicStmnt>
<BasicStmnt CovItemId="S42" CovItemPrefix="game.Move.java" Intrnl_Id="4055">
<LocList>
<Loc EndOffset="2028" SrcFileId="14" StartOffset="1987"/>
</LocList>
<QMO CovItemId="Q13" CovItemPrefix="game.Move.java" Intrnl_Id="4056">
<LocList>
<Loc EndOffset="2016" SrcFileId="14" StartOffset="1994"/>
</LocList>
<QMO_E CovItemId="Q13-0" CovItemPrefix="game.Move.java" Intrnl_Id="4057">
<LocList>
<Loc EndOffset="2020" SrcFileId="14" StartOffset="2019"/>
</LocList>
</QMO_E>
<QMO_E CovItemId="Q13-1" CovItemPrefix="game.Move.java" Intrnl_Id="4058">
<LocList>
<Loc EndOffset="2027" SrcFileId="14" StartOffset="2023"/>
</LocList>
</QMO_E>
</QMO>
</BasicStmnt>
<BasicStmnt CovItemId="S43" CovItemPrefix="game.Move.java" Intrnl_Id="4059">
<LocList>
<Loc EndOffset="2072" SrcFileId="14" StartOffset="2031"/>
</LocList>
<QMO CovItemId="Q14" CovItemPrefix="game.Move.java" Intrnl_Id="4060">
<LocList>
<Loc EndOffset="2060" SrcFileId="14" StartOffset="2038"/>
</LocList>
<QMO_E CovItemId="Q14-0" CovItemPrefix="game.Move.java" Intrnl_Id="4061">
<LocList>
<Loc EndOffset="2064" SrcFileId="14" StartOffset="2063"/>
</LocList>
</QMO_E>
<QMO_E CovItemId="Q14-1" CovItemPrefix="game.Move.java" Intrnl_Id="4062">
<LocList>
<Loc EndOffset="2071" SrcFileId="14" StartOffset="2067"/>
</LocList>
</QMO_E>
</QMO>
</BasicStmnt>
<BasicStmnt CovItemId="S44" CovItemPrefix="game.Move.java" Intrnl_Id="4063">
<LocList>
<Loc EndOffset="2116" SrcFileId="14" StartOffset="2075"/>
</LocList>
<QMO CovItemId="Q15" CovItemPrefix="game.Move.java" Intrnl_Id="4064">
<LocList>
<Loc EndOffset="2104" SrcFileId="14" StartOffset="2082"/>
</LocList>
<QMO_E CovItemId="Q15-0" CovItemPrefix="game.Move.java" Intrnl_Id="4065">
<LocList>
<Loc EndOffset="2108" SrcFileId="14" StartOffset="2107"/>
</LocList>
</QMO_E>
<QMO_E CovItemId="Q15-1" CovItemPrefix="game.Move.java" Intrnl_Id="4066">
<LocList>
<Loc EndOffset="2115" SrcFileId="14" StartOffset="2111"/>
</LocList>
</QMO_E>
</QMO>
</BasicStmnt>
<BasicStmnt CovItemId="S45" CovItemPrefix="game.Move.java" Intrnl_Id="4067">
<LocList>
<Loc EndOffset="2160" SrcFileId="14" StartOffset="2119"/>
</LocList>
<QMO CovItemId="Q16" CovItemPrefix="game.Move.java" Intrnl_Id="4068">
<LocList>
<Loc EndOffset="2148" SrcFileId="14" StartOffset="2126"/>
</LocList>
<QMO_E CovItemId="Q16-0" CovItemPrefix="game.Move.java" Intrnl_Id="4069">
<LocList>
<Loc EndOffset="2152" SrcFileId="14" StartOffset="2151"/>
</LocList>
</QMO_E>
<QMO_E CovItemId="Q16-1" CovItemPrefix="game.Move.java" Intrnl_Id="4070">
<LocList>
<Loc EndOffset="2159" SrcFileId="14" StartOffset="2155"/>
</LocList>
</QMO_E>
</QMO>
</BasicStmnt>
<BasicStmnt CovItemId="S46" CovItemPrefix="game.Move.java" Intrnl_Id="4071">
<LocList>
<Loc EndOffset="2204" SrcFileId="14" StartOffset="2163"/>
</LocList>
<QMO CovItemId="Q17" CovItemPrefix="game.Move.java" Intrnl_Id="4072">
<LocList>
<Loc EndOffset="2192" SrcFileId="14" StartOffset="2170"/>
</LocList>
<QMO_E CovItemId="Q17-0" CovItemPrefix="game.Move.java" Intrnl_Id="4073">
<LocList>
<Loc EndOffset="2196" SrcFileId="14" StartOffset="2195"/>
</LocList>
</QMO_E>
<QMO_E CovItemId="Q17-1" CovItemPrefix="game.Move.java" Intrnl_Id="4074">
<LocList>
<Loc EndOffset="2203" SrcFileId="14" StartOffset="2199"/>
</LocList>
</QMO_E>
</QMO>
</BasicStmnt>
<BasicStmnt CovItemId="S47" CovItemPrefix="game.Move.java" Intrnl_Id="4075">
<LocList>
<Loc EndOffset="2248" SrcFileId="14" StartOffset="2207"/>
</LocList>
<QMO CovItemId="Q18" CovItemPrefix="game.Move.java" Intrnl_Id="4076">
<LocList>
<Loc EndOffset="2236" SrcFileId="14" StartOffset="2214"/>
</LocList>
<QMO_E CovItemId="Q18-0" CovItemPrefix="game.Move.java" Intrnl_Id="4077">
<LocList>
<Loc EndOffset="2240" SrcFileId="14" StartOffset="2239"/>
</LocList>
</QMO_E>
<QMO_E CovItemId="Q18-1" CovItemPrefix="game.Move.java" Intrnl_Id="4078">
<LocList>
<Loc EndOffset="2247" SrcFileId="14" StartOffset="2243"/>
</LocList>
</QMO_E>
</QMO>
</BasicStmnt>
<BasicStmnt CovItemId="S48" CovItemPrefix="game.Move.java" Intrnl_Id="4079">
<LocList>
<Loc EndOffset="2292" SrcFileId="14" StartOffset="2251"/>
</LocList>
<QMO CovItemId="Q19" CovItemPrefix="game.Move.java" Intrnl_Id="4080">
<LocList>
<Loc EndOffset="2280" SrcFileId="14" StartOffset="2258"/>
</LocList>
<QMO_E CovItemId="Q19-0" CovItemPrefix="game.Move.java" Intrnl_Id="4081">
<LocList>
<Loc EndOffset="2284" SrcFileId="14" StartOffset="2283"/>
</LocList>
</QMO_E>
<QMO_E CovItemId="Q19-1" CovItemPrefix="game.Move.java" Intrnl_Id="4082">
<LocList>
<Loc EndOffset="2291" SrcFileId="14" StartOffset="2287"/>
</LocList>
</QMO_E>
</QMO>
</BasicStmnt>
<CondStmnt CovItemId="S49" CovItemPrefix="game.Move.java" Intrnl_Id="4083">
<Branch CovItemId="B3" CovItemPrefix="game.Move.java" Implct="false" Intrnl_Id="4084">
<Cond/>
<LocList>
<Loc EndOffset="2454" SrcFileId="14" StartOffset="2349"/>
</LocList>
<StmntSeq Intrnl_Id="4085">
<LocList>
<Loc EndOffset="2392" SrcFileId="14" StartOffset="2354"/>
<Loc EndOffset="2421" SrcFileId="14" StartOffset="2396"/>
<Loc EndOffset="2450" SrcFileId="14" StartOffset="2425"/>
</LocList>
<BasicStmnt CovItemId="S50" CovItemPrefix="game.Move.java" Intrnl_Id="4086">
<LocList>
<Loc EndOffset="2392" SrcFileId="14" StartOffset="2354"/>
</LocList>
</BasicStmnt>
<BasicStmnt CovItemId="S51" CovItemPrefix="game.Move.java" Intrnl_Id="4087">
<LocList>
<Loc EndOffset="2421" SrcFileId="14" StartOffset="2396"/>
</LocList>
</BasicStmnt>
<BasicStmnt CovItemId="S52" CovItemPrefix="game.Move.java" Intrnl_Id="4088">
<LocList>
<Loc EndOffset="2450" SrcFileId="14" StartOffset="2425"/>
</LocList>
</BasicStmnt>
</StmntSeq>
</Branch>
<Branch CovItemId="B4" CovItemPrefix="game.Move.java" Implct="true" Intrnl_Id="4089">
<Cond/>
<LocList/>
<StmntSeq Intrnl_Id="4090">
<LocList/>
</StmntSeq>
</Branch>
<Keyword EndOffset="2300" SrcFileId="14" StartOffset="2298"/>
<LocList>
<Loc EndOffset="2454" SrcFileId="14" StartOffset="2298"/>
</LocList>
<RootTerm CovItemId="C2" CovItemPrefix="game.Move.java" Intrnl_Id="4091">
<OpTerm BooleanOpId="23" Intrnl_Id="4092">
<OpTerm BooleanOpId="23" Intrnl_Id="4093">
<BasicBoolTerm Intrnl_Id="4094">
<LocList>
<Loc EndOffset="2311" SrcFileId="14" StartOffset="2301"/>
</LocList>
</BasicBoolTerm>
<BasicBoolTerm Intrnl_Id="4095">
<LocList>
<Loc EndOffset="2334" SrcFileId="14" StartOffset="2315"/>
</LocList>
</BasicBoolTerm>
<LocList>
<Loc EndOffset="2314" SrcFileId="14" StartOffset="2312"/>
</LocList>
</OpTerm>
<BasicBoolTerm Intrnl_Id="4096">
<LocList>
<Loc EndOffset="2347" SrcFileId="14" StartOffset="2338"/>
</LocList>
</BasicBoolTerm>
<LocList>
<Loc EndOffset="2337" SrcFileId="14" StartOffset="2335"/>
</LocList>
</OpTerm>
</RootTerm>
</CondStmnt>
</StmntSeq>
</HierarchyLvl>
<HierarchyLvl HierarchyLvlId="1103" HierarchyLvlTypeId="27" Intrnl_Id="4097" Name="IsValid">
<Header>
<Loc EndOffset="2648" SrcFileId="14" StartOffset="2624"/>
</Header>
<LocList>
<Loc EndOffset="3409" SrcFileId="14" StartOffset="2624"/>
</LocList>
<StmntSeq Intrnl_Id="4098">
<LocList>
<Loc EndOffset="2791" SrcFileId="14" StartOffset="2654"/>
<Loc EndOffset="2913" SrcFileId="14" StartOffset="2795"/>
<Loc EndOffset="3038" SrcFileId="14" StartOffset="2916"/>
<Loc EndOffset="3126" SrcFileId="14" StartOffset="3041"/>
<Loc EndOffset="3233" SrcFileId="14" StartOffset="3129"/>
<Loc EndOffset="3387" SrcFileId="14" StartOffset="3236"/>
<Loc EndOffset="3406" SrcFileId="14" StartOffset="3393"/>
</LocList>
<CondStmnt CovItemId="S53" CovItemPrefix="game.Move.java" Intrnl_Id="4099">
<Branch CovItemId="B5" CovItemPrefix="game.Move.java" Implct="false" Intrnl_Id="4100">
<Cond/>
<LocList>
<Loc EndOffset="2791" SrcFileId="14" StartOffset="2779"/>
</LocList>
<StmntSeq Intrnl_Id="4101">
<LocList>
<Loc EndOffset="2791" SrcFileId="14" StartOffset="2779"/>
</LocList>
<BasicStmnt CovItemId="S54" CovItemPrefix="game.Move.java" Intrnl_Id="4102">
<LocList>
<Loc EndOffset="2791" SrcFileId="14" StartOffset="2779"/>
</LocList>
</BasicStmnt>
</StmntSeq>
</Branch>
<Branch CovItemId="B6" CovItemPrefix="game.Move.java" Implct="true" Intrnl_Id="4103">
<Cond/>
<LocList/>
<StmntSeq Intrnl_Id="4104">
<LocList/>
</StmntSeq>
</Branch>
<Keyword EndOffset="2656" SrcFileId="14" StartOffset="2654"/>
<LocList>
<Loc EndOffset="2791" SrcFileId="14" StartOffset="2654"/>
</LocList>
<RootTerm CovItemId="C3" CovItemPrefix="game.Move.java" Intrnl_Id="4105">
<OpTerm BooleanOpId="23" Intrnl_Id="4106">
<OpTerm BooleanOpId="23" Intrnl_Id="4107">
<OpTerm BooleanOpId="23" Intrnl_Id="4108">
<OpTerm BooleanOpId="23" Intrnl_Id="4109">
<BasicBoolTerm Intrnl_Id="4110">
<LocList>
<Loc EndOffset="2671" SrcFileId="14" StartOffset="2658"/>
</LocList>
</BasicBoolTerm>
<BasicBoolTerm Intrnl_Id="4111">
<LocList>
<Loc EndOffset="2696" SrcFileId="14" StartOffset="2675"/>
</LocList>
</BasicBoolTerm>
<LocList>
<Loc EndOffset="2674" SrcFileId="14" StartOffset="2672"/>
</LocList>
</OpTerm>
<BasicBoolTerm Intrnl_Id="4112">
<LocList>
<Loc EndOffset="2719" SrcFileId="14" StartOffset="2700"/>
</LocList>
</BasicBoolTerm>
<LocList>
<Loc EndOffset="2699" SrcFileId="14" StartOffset="2697"/>
</LocList>
</OpTerm>
<BasicBoolTerm Intrnl_Id="4113">
<LocList>
<Loc EndOffset="2743" SrcFileId="14" StartOffset="2723"/>
</LocList>
</BasicBoolTerm>
<LocList>
<Loc EndOffset="2722" SrcFileId="14" StartOffset="2720"/>
</LocList>
</OpTerm>
<BasicBoolTerm Intrnl_Id="4114">
<LocList>
<Loc EndOffset="2774" SrcFileId="14" StartOffset="2747"/>
</LocList>
</BasicBoolTerm>
<LocList>
<Loc EndOffset="2746" SrcFileId="14" StartOffset="2744"/>
</LocList>
</OpTerm>
</RootTerm>
</CondStmnt>
<CondStmnt CovItemId="S55" CovItemPrefix="game.Move.java" Intrnl_Id="4115">
<Branch CovItemId="B7" CovItemPrefix="game.Move.java" Implct="false" Intrnl_Id="4116">
<Cond/>
<LocList>
<Loc EndOffset="2913" SrcFileId="14" StartOffset="2819"/>
</LocList>
<StmntSeq Intrnl_Id="4117">
<LocList>
<Loc EndOffset="2911" SrcFileId="14" StartOffset="2821"/>
</LocList>
<BasicStmnt CovItemId="S56" CovItemPrefix="game.Move.java" Intrnl_Id="4118">
<LocList>
<Loc EndOffset="2911" SrcFileId="14" StartOffset="2821"/>
</LocList>
</BasicStmnt>
</StmntSeq>
</Branch>
<Branch CovItemId="B8" CovItemPrefix="game.Move.java" Implct="true" Intrnl_Id="4119">
<Cond/>
<LocList/>
<StmntSeq Intrnl_Id="4120">
<LocList/>
</StmntSeq>
</Branch>
<Keyword EndOffset="2797" SrcFileId="14" StartOffset="2795"/>
<LocList>
<Loc EndOffset="2913" SrcFileId="14" StartOffset="2795"/>
</LocList>
<RootTerm CovItemId="C4" CovItemPrefix="game.Move.java" Intrnl_Id="4121">
<BasicBoolTerm Intrnl_Id="4122">
<LocList>
<Loc EndOffset="2817" SrcFileId="14" StartOffset="2798"/>
</LocList>
</BasicBoolTerm>
</RootTerm>
</CondStmnt>
<CondStmnt CovItemId="S57" CovItemPrefix="game.Move.java" Intrnl_Id="4123">
<Branch CovItemId="B9" CovItemPrefix="game.Move.java" Implct="false" Intrnl_Id="4124">
<Cond/>
<LocList>
<Loc EndOffset="3038" SrcFileId="14" StartOffset="2942"/>
</LocList>
<StmntSeq Intrnl_Id="4125">
<LocList>
<Loc EndOffset="3036" SrcFileId="14" StartOffset="2944"/>
</LocList>
<BasicStmnt CovItemId="S58" CovItemPrefix="game.Move.java" Intrnl_Id="4126">
<LocList>
<Loc EndOffset="3036" SrcFileId="14" StartOffset="2944"/>
</LocList>
</BasicStmnt>
</StmntSeq>
</Branch>
<Branch CovItemId="B10" CovItemPrefix="game.Move.java" Implct="true" Intrnl_Id="4127">
<Cond/>
<LocList/>
<StmntSeq Intrnl_Id="4128">
<LocList/>
</StmntSeq>
</Branch>
<Keyword EndOffset="2918" SrcFileId="14" StartOffset="2916"/>
<LocList>
<Loc EndOffset="3038" SrcFileId="14" StartOffset="2916"/>
</LocList>
<RootTerm CovItemId="C5" CovItemPrefix="game.Move.java" Intrnl_Id="4129">
<BasicBoolTerm Intrnl_Id="4130">
<LocList>
<Loc EndOffset="2940" SrcFileId="14" StartOffset="2919"/>
</LocList>
</BasicBoolTerm>
</RootTerm>
</CondStmnt>
<CondStmnt CovItemId="S59" CovItemPrefix="game.Move.java" Intrnl_Id="4131">
<Branch CovItemId="B11" CovItemPrefix="game.Move.java" Implct="false" Intrnl_Id="4132">
<Cond/>
<LocList>
<Loc EndOffset="3126" SrcFileId="14" StartOffset="3066"/>
</LocList>
<StmntSeq Intrnl_Id="4133">
<LocList>
<Loc EndOffset="3124" SrcFileId="14" StartOffset="3068"/>
</LocList>
<BasicStmnt CovItemId="S60" CovItemPrefix="game.Move.java" Intrnl_Id="4134">
<LocList>
<Loc EndOffset="3124" SrcFileId="14" StartOffset="3068"/>
</LocList>
</BasicStmnt>
</StmntSeq>
</Branch>
<Branch CovItemId="B12" CovItemPrefix="game.Move.java" Implct="true" Intrnl_Id="4135">
<Cond/>
<LocList/>
<StmntSeq Intrnl_Id="4136">
<LocList/>
</StmntSeq>
</Branch>
<Keyword EndOffset="3043" SrcFileId="14" StartOffset="3041"/>
<LocList>
<Loc EndOffset="3126" SrcFileId="14" StartOffset="3041"/>
</LocList>
<RootTerm CovItemId="C6" CovItemPrefix="game.Move.java" Intrnl_Id="4137">
<BasicBoolTerm Intrnl_Id="4138">
<LocList>
<Loc EndOffset="3064" SrcFileId="14" StartOffset="3044"/>
</LocList>
</BasicBoolTerm>
</RootTerm>
</CondStmnt>
<CondStmnt CovItemId="S61" CovItemPrefix="game.Move.java" Intrnl_Id="4139">
<Branch CovItemId="B13" CovItemPrefix="game.Move.java" Implct="false" Intrnl_Id="4140">
<Cond/>
<LocList>
<Loc EndOffset="3233" SrcFileId="14" StartOffset="3147"/>
</LocList>
<StmntSeq Intrnl_Id="4141">
<LocList>
<Loc EndOffset="3231" SrcFileId="14" StartOffset="3149"/>
</LocList>
<BasicStmnt CovItemId="S62" CovItemPrefix="game.Move.java" Intrnl_Id="4142">
<LocList>
<Loc EndOffset="3231" SrcFileId="14" StartOffset="3149"/>
</LocList>
</BasicStmnt>
</StmntSeq>
</Branch>
<Branch CovItemId="B14" CovItemPrefix="game.Move.java" Implct="true" Intrnl_Id="4143">
<Cond/>
<LocList/>
<StmntSeq Intrnl_Id="4144">
<LocList/>
</StmntSeq>
</Branch>
<Keyword EndOffset="3131" SrcFileId="14" StartOffset="3129"/>
<LocList>
<Loc EndOffset="3233" SrcFileId="14" StartOffset="3129"/>
</LocList>
<RootTerm CovItemId="C7" CovItemPrefix="game.Move.java" Intrnl_Id="4145">
<BasicBoolTerm Intrnl_Id="4146">
<LocList>
<Loc EndOffset="3145" SrcFileId="14" StartOffset="3132"/>
</LocList>
</BasicBoolTerm>
</RootTerm>
</CondStmnt>
<CondStmnt CovItemId="S63" CovItemPrefix="game.Move.java" Intrnl_Id="4147">
<Branch CovItemId="B15" CovItemPrefix="game.Move.java" Implct="false" Intrnl_Id="4148">
<Cond/>
<LocList>
<Loc EndOffset="3387" SrcFileId="14" StartOffset="3285"/>
</LocList>
<StmntSeq Intrnl_Id="4149">
<LocList>
<Loc EndOffset="3385" SrcFileId="14" StartOffset="3287"/>
</LocList>
<BasicStmnt CovItemId="S64" CovItemPrefix="game.Move.java" Intrnl_Id="4150">
<LocList>
<Loc EndOffset="3385" SrcFileId="14" StartOffset="3287"/>
</LocList>
</BasicStmnt>
</StmntSeq>
</Branch>
<Branch CovItemId="B16" CovItemPrefix="game.Move.java" Implct="true" Intrnl_Id="4151">
<Cond/>
<LocList/>
<StmntSeq Intrnl_Id="4152">
<LocList/>
</StmntSeq>
</Branch>
<Keyword EndOffset="3238" SrcFileId="14" StartOffset="3236"/>
<LocList>
<Loc EndOffset="3387" SrcFileId="14" StartOffset="3236"/>
</LocList>
<RootTerm CovItemId="C8" CovItemPrefix="game.Move.java" Intrnl_Id="4153">
<OpTerm BooleanOpId="23" Intrnl_Id="4154">
<BasicBoolTerm Intrnl_Id="4155">
<LocList>
<Loc EndOffset="3252" SrcFileId="14" StartOffset="3239"/>
</LocList>
</BasicBoolTerm>
<BasicBoolTerm Intrnl_Id="4156">
<LocList>
<Loc EndOffset="3283" SrcFileId="14" StartOffset="3256"/>
</LocList>
</BasicBoolTerm>
<LocList>
<Loc EndOffset="3255" SrcFileId="14" StartOffset="3253"/>
</LocList>
</OpTerm>
</RootTerm>
</CondStmnt>
<BasicStmnt CovItemId="S65" CovItemPrefix="game.Move.java" Intrnl_Id="4157">
<LocList>
<Loc EndOffset="3406" SrcFileId="14" StartOffset="3393"/>
</LocList>
</BasicStmnt>
</StmntSeq>
</HierarchyLvl>
<HierarchyLvl HierarchyLvlId="1104" HierarchyLvlTypeId="27" Intrnl_Id="4158" Name="toString">
<Header>
<Loc EndOffset="3437" SrcFileId="14" StartOffset="3413"/>
</Header>
<LocList>
<Loc EndOffset="3589" SrcFileId="14" StartOffset="3413"/>
</LocList>
<StmntSeq Intrnl_Id="4159">
<LocList>
<Loc EndOffset="3584" SrcFileId="14" StartOffset="3442"/>
</LocList>
<BasicStmnt CovItemId="S66" CovItemPrefix="game.Move.java" Intrnl_Id="4160">
<LocList>
<Loc EndOffset="3584" SrcFileId="14" StartOffset="3442"/>
</LocList>
</BasicStmnt>
</StmntSeq>
</HierarchyLvl>
<HierarchyLvl HierarchyLvlId="1105" HierarchyLvlTypeId="27" Intrnl_Id="4161" Name="ConvertToDifferentBoard">
<Header>
<Loc EndOffset="3643" SrcFileId="14" StartOffset="3592"/>
</Header>
<LocList>
<Loc EndOffset="3959" SrcFileId="14" StartOffset="3592"/>
</LocList>
<StmntSeq Intrnl_Id="4162">
<LocList>
<Loc EndOffset="3956" SrcFileId="14" StartOffset="3648"/>
</LocList>
<LoopStmnt CovItemId="S67" CovItemPrefix="game.Move.java" Intrnl_Id="4163" MltplExecId="L1-2" MltplExecPrefix="game.Move.java" NvrExecId="L1-0" NvrExecPrefix="game.Move.java" OnceExecutedId="L1-1" OnceExecutedPrefix="game.Move.java" OptBodyExec="true">
<StmntSeq Intrnl_Id="4164">
<LocList>
<Loc EndOffset="3952" SrcFileId="14" StartOffset="3691"/>
</LocList>
<CondStmnt CovItemId="S68" CovItemPrefix="game.Move.java" Intrnl_Id="4165">
<Branch CovItemId="B17" CovItemPrefix="game.Move.java" Implct="false" Intrnl_Id="4166">
<Cond/>
<LocList>
<Loc EndOffset="3820" SrcFileId="14" StartOffset="3783"/>
</LocList>
<StmntSeq Intrnl_Id="4167">
<LocList>
<Loc EndOffset="3815" SrcFileId="14" StartOffset="3789"/>
</LocList>
<BasicStmnt CovItemId="S69" CovItemPrefix="game.Move.java" Intrnl_Id="4168">
<LocList>
<Loc EndOffset="3815" SrcFileId="14" StartOffset="3789"/>
</LocList>
</BasicStmnt>
</StmntSeq>
</Branch>
<Branch CovItemId="B18" CovItemPrefix="game.Move.java" Implct="false" Intrnl_Id="4169">
<Cond>
<Loc EndOffset="3828" SrcFileId="14" StartOffset="3824"/>
</Cond>
<LocList>
<Loc EndOffset="3952" SrcFileId="14" StartOffset="3829"/>
</LocList>
<StmntSeq Intrnl_Id="4170">
<LocList>
<Loc EndOffset="3952" SrcFileId="14" StartOffset="3829"/>
</LocList>
<CondStmnt CovItemId="S70" CovItemPrefix="game.Move.java" Intrnl_Id="4171">
<Branch CovItemId="B19" CovItemPrefix="game.Move.java" Implct="false" Intrnl_Id="4172">
<Cond/>
<LocList>
<Loc EndOffset="3952" SrcFileId="14" StartOffset="3917"/>
</LocList>
<StmntSeq Intrnl_Id="4173">
<LocList>
<Loc EndOffset="3947" SrcFileId="14" StartOffset="3923"/>
</LocList>
<BasicStmnt CovItemId="S71" CovItemPrefix="game.Move.java" Intrnl_Id="4174">
<LocList>
<Loc EndOffset="3947" SrcFileId="14" StartOffset="3923"/>
</LocList>
</BasicStmnt>
</StmntSeq>
</Branch>
<Branch CovItemId="B20" CovItemPrefix="game.Move.java" Implct="true" Intrnl_Id="4175">
<Cond/>
<LocList/>
<StmntSeq Intrnl_Id="4176">
<LocList/>
</StmntSeq>
</Branch>
<Keyword EndOffset="3831" SrcFileId="14" StartOffset="3829"/>
<LocList>
<Loc EndOffset="3952" SrcFileId="14" StartOffset="3829"/>
</LocList>
<RootTerm CovItemId="C10" CovItemPrefix="game.Move.java" Intrnl_Id="4177">
<OpTerm BooleanOpId="23" Intrnl_Id="4178">
<BasicBoolTerm Intrnl_Id="4179">
<LocList>
<Loc EndOffset="3869" SrcFileId="14" StartOffset="3833"/>
</LocList>
</BasicBoolTerm>
<BasicBoolTerm Intrnl_Id="4180">
<LocList>
<Loc EndOffset="3915" SrcFileId="14" StartOffset="3879"/>
</LocList>
</BasicBoolTerm>
<LocList>
<Loc EndOffset="3872" SrcFileId="14" StartOffset="3870"/>
</LocList>
</OpTerm>
</RootTerm>
</CondStmnt>
</StmntSeq>
</Branch>
<Keyword EndOffset="3693" SrcFileId="14" StartOffset="3691"/>
<LocList>
<Loc EndOffset="3952" SrcFileId="14" StartOffset="3691"/>
</LocList>
<RootTerm CovItemId="C9" CovItemPrefix="game.Move.java" Intrnl_Id="4181">
<OpTerm BooleanOpId="23" Intrnl_Id="4182">
<BasicBoolTerm Intrnl_Id="4183">
<LocList>
<Loc EndOffset="3733" SrcFileId="14" StartOffset="3695"/>
</LocList>
</BasicBoolTerm>
<BasicBoolTerm Intrnl_Id="4184">
<LocList>
<Loc EndOffset="3781" SrcFileId="14" StartOffset="3743"/>
</LocList>
</BasicBoolTerm>
<LocList>
<Loc EndOffset="3736" SrcFileId="14" StartOffset="3734"/>
</LocList>
</OpTerm>
</RootTerm>
</CondStmnt>
</StmntSeq>
<Keyword EndOffset="3651" SrcFileId="14" StartOffset="3648"/>
<LocList>
<Loc EndOffset="3956" SrcFileId="14" StartOffset="3648"/>
</LocList>
</LoopStmnt>
</StmntSeq>
</HierarchyLvl>
</HierarchyLvl>
<HierarchyLvl HierarchyLvlId="1109" HierarchyLvlTypeId="26" Intrnl_Id="4185" Name="Knight">
<Header>
<Loc EndOffset="115" SrcFileId="15" StartOffset="82"/>
</Header>
<LocList>
<Loc EndOffset="360" SrcFileId="15" StartOffset="82"/>
</LocList>
<HierarchyLvl HierarchyLvlId="1107" HierarchyLvlTypeId="27" Intrnl_Id="4186" Name="Knight">
<Header>
<Loc EndOffset="147" SrcFileId="15" StartOffset="119"/>
</Header>
<LocList>
<Loc EndOffset="168" SrcFileId="15" StartOffset="119"/>
</LocList>
<StmntSeq Intrnl_Id="4187">
<LocList>
<Loc EndOffset="165" SrcFileId="15" StartOffset="152"/>
</LocList>
<BasicStmnt CovItemId="S1" CovItemPrefix="game.Knight.java" Intrnl_Id="4188">
<LocList>
<Loc EndOffset="165" SrcFileId="15" StartOffset="152"/>
</LocList>
</BasicStmnt>
</StmntSeq>
</HierarchyLvl>
<HierarchyLvl HierarchyLvlId="1108" HierarchyLvlTypeId="27" Intrnl_Id="4189" Name="toString">
<Header>
<Loc EndOffset="280" SrcFileId="15" StartOffset="256"/>
</Header>
<LocList>
<Loc EndOffset="358" SrcFileId="15" StartOffset="256"/>
</LocList>
<StmntSeq Intrnl_Id="4190">
<LocList>
<Loc EndOffset="338" SrcFileId="15" StartOffset="285"/>
<Loc EndOffset="352" SrcFileId="15" StartOffset="341"/>
</LocList>
<CondStmnt CovItemId="S2" CovItemPrefix="game.Knight.java" Intrnl_Id="4191">
<Branch CovItemId="B1" CovItemPrefix="game.Knight.java" Implct="false" Intrnl_Id="4192">
<Cond/>
<LocList>
<Loc EndOffset="338" SrcFileId="15" StartOffset="318"/>
</LocList>
<StmntSeq Intrnl_Id="4193">
<LocList>
<Loc EndOffset="334" SrcFileId="15" StartOffset="323"/>
</LocList>
<BasicStmnt CovItemId="S3" CovItemPrefix="game.Knight.java" Intrnl_Id="4194">
<LocList>
<Loc EndOffset="334" SrcFileId="15" StartOffset="323"/>
</LocList>
</BasicStmnt>
</StmntSeq>
</Branch>
<Branch CovItemId="B2" CovItemPrefix="game.Knight.java" Implct="true" Intrnl_Id="4195">
<Cond/>
<LocList/>
<StmntSeq Intrnl_Id="4196">
<LocList/>
</StmntSeq>
</Branch>
<Keyword EndOffset="287" SrcFileId="15" StartOffset="285"/>
<LocList>
<Loc EndOffset="338" SrcFileId="15" StartOffset="285"/>
</LocList>
<RootTerm CovItemId="C1" CovItemPrefix="game.Knight.java" Intrnl_Id="4197">
<BasicBoolTerm Intrnl_Id="4198">
<LocList>
<Loc EndOffset="316" SrcFileId="15" StartOffset="289"/>
</LocList>
</BasicBoolTerm>
</RootTerm>
</CondStmnt>
<BasicStmnt CovItemId="S4" CovItemPrefix="game.Knight.java" Intrnl_Id="4199">
<LocList>
<Loc EndOffset="352" SrcFileId="15" StartOffset="341"/>
</LocList>
</BasicStmnt>
</StmntSeq>
</HierarchyLvl>
</HierarchyLvl>
<HierarchyLvl HierarchyLvlId="1112" HierarchyLvlTypeId="26" Intrnl_Id="4200" Name="King">
<Header>
<Loc EndOffset="112" SrcFileId="16" StartOffset="81"/>
</Header>
<LocList>
<Loc EndOffset="355" SrcFileId="16" StartOffset="81"/>
</LocList>
<HierarchyLvl HierarchyLvlId="1110" HierarchyLvlTypeId="27" Intrnl_Id="4201" Name="King">
<Header>
<Loc EndOffset="142" SrcFileId="16" StartOffset="116"/>
</Header>
<LocList>
<Loc EndOffset="163" SrcFileId="16" StartOffset="116"/>
</LocList>
<StmntSeq Intrnl_Id="4202">
<LocList>
<Loc EndOffset="160" SrcFileId="16" StartOffset="147"/>
</LocList>
<BasicStmnt CovItemId="S1" CovItemPrefix="game.King.java" Intrnl_Id="4203">
<LocList>
<Loc EndOffset="160" SrcFileId="16" StartOffset="147"/>
</LocList>
</BasicStmnt>
</StmntSeq>
</HierarchyLvl>
<HierarchyLvl HierarchyLvlId="1111" HierarchyLvlTypeId="27" Intrnl_Id="4204" Name="toString">
<Header>
<Loc EndOffset="275" SrcFileId="16" StartOffset="251"/>
</Header>
<LocList>
<Loc EndOffset="353" SrcFileId="16" StartOffset="251"/>
</LocList>
<StmntSeq Intrnl_Id="4205">
<LocList>
<Loc EndOffset="333" SrcFileId="16" StartOffset="280"/>
<Loc EndOffset="347" SrcFileId="16" StartOffset="336"/>
</LocList>
<CondStmnt CovItemId="S2" CovItemPrefix="game.King.java" Intrnl_Id="4206">
<Branch CovItemId="B1" CovItemPrefix="game.King.java" Implct="false" Intrnl_Id="4207">
<Cond/>
<LocList>
<Loc EndOffset="333" SrcFileId="16" StartOffset="313"/>
</LocList>
<StmntSeq Intrnl_Id="4208">
<LocList>
<Loc EndOffset="329" SrcFileId="16" StartOffset="318"/>
</LocList>
<BasicStmnt CovItemId="S3" CovItemPrefix="game.King.java" Intrnl_Id="4209">
<LocList>
<Loc EndOffset="329" SrcFileId="16" StartOffset="318"/>
</LocList>
</BasicStmnt>
</StmntSeq>
</Branch>
<Branch CovItemId="B2" CovItemPrefix="game.King.java" Implct="true" Intrnl_Id="4210">
<Cond/>
<LocList/>
<StmntSeq Intrnl_Id="4211">
<LocList/>
</StmntSeq>
</Branch>
<Keyword EndOffset="282" SrcFileId="16" StartOffset="280"/>
<LocList>
<Loc EndOffset="333" SrcFileId="16" StartOffset="280"/>
</LocList>
<RootTerm CovItemId="C1" CovItemPrefix="game.King.java" Intrnl_Id="4212">
<BasicBoolTerm Intrnl_Id="4213">
<LocList>
<Loc EndOffset="311" SrcFileId="16" StartOffset="284"/>
</LocList>
</BasicBoolTerm>
</RootTerm>
</CondStmnt>
<BasicStmnt CovItemId="S4" CovItemPrefix="game.King.java" Intrnl_Id="4214">
<LocList>
<Loc EndOffset="347" SrcFileId="16" StartOffset="336"/>
</LocList>
</BasicStmnt>
</StmntSeq>
</HierarchyLvl>
</HierarchyLvl>
<HierarchyLvl HierarchyLvlId="1117" HierarchyLvlTypeId="26" Intrnl_Id="4215" Name="Game">
<Header>
<Loc EndOffset="200" SrcFileId="17" StartOffset="183"/>
</Header>
<LocList>
<Loc EndOffset="1695" SrcFileId="17" StartOffset="183"/>
</LocList>
<StmntSeq Intrnl_Id="4216">
<LocList>
<Loc EndOffset="232" SrcFileId="17" StartOffset="206"/>
<Loc EndOffset="260" SrcFileId="17" StartOffset="234"/>
<Loc EndOffset="290" SrcFileId="17" StartOffset="264"/>
<Loc EndOffset="326" SrcFileId="17" StartOffset="292"/>
<Loc EndOffset="357" SrcFileId="17" StartOffset="330"/>
<Loc EndOffset="386" SrcFileId="17" StartOffset="359"/>
<Loc EndOffset="422" SrcFileId="17" StartOffset="390"/>
</LocList>
<BasicStmnt CovItemId="S1" CovItemPrefix="game.Game.java" Intrnl_Id="4217">
<LocList>
<Loc EndOffset="232" SrcFileId="17" StartOffset="206"/>
</LocList>
</BasicStmnt>
<BasicStmnt CovItemId="S2" CovItemPrefix="game.Game.java" Intrnl_Id="4218">
<LocList>
<Loc EndOffset="260" SrcFileId="17" StartOffset="234"/>
</LocList>
</BasicStmnt>
<BasicStmnt CovItemId="S3" CovItemPrefix="game.Game.java" Intrnl_Id="4219">
<LocList>
<Loc EndOffset="290" SrcFileId="17" StartOffset="264"/>
</LocList>
</BasicStmnt>
<BasicStmnt CovItemId="S4" CovItemPrefix="game.Game.java" Intrnl_Id="4220">
<LocList>
<Loc EndOffset="326" SrcFileId="17" StartOffset="292"/>
</LocList>
</BasicStmnt>
<BasicStmnt CovItemId="S5" CovItemPrefix="game.Game.java" Intrnl_Id="4221">
<LocList>
<Loc EndOffset="357" SrcFileId="17" StartOffset="330"/>
</LocList>
</BasicStmnt>
<BasicStmnt CovItemId="S6" CovItemPrefix="game.Game.java" Intrnl_Id="4222">
<LocList>
<Loc EndOffset="386" SrcFileId="17" StartOffset="359"/>
</LocList>
</BasicStmnt>
<BasicStmnt CovItemId="S7" CovItemPrefix="game.Game.java" Intrnl_Id="4223">
<LocList>
<Loc EndOffset="422" SrcFileId="17" StartOffset="390"/>
</LocList>
</BasicStmnt>
</StmntSeq>
<HierarchyLvl HierarchyLvlId="1113" HierarchyLvlTypeId="27" Intrnl_Id="4224" Name="Game">
<Header>
<Loc EndOffset="439" SrcFileId="17" StartOffset="426"/>
</Header>
<LocList>
<Loc EndOffset="645" SrcFileId="17" StartOffset="426"/>
</LocList>
<StmntSeq Intrnl_Id="4225">
<LocList>
<Loc EndOffset="465" SrcFileId="17" StartOffset="444"/>
<Loc EndOffset="489" SrcFileId="17" StartOffset="468"/>
<Loc EndOffset="517" SrcFileId="17" StartOffset="495"/>
<Loc EndOffset="542" SrcFileId="17" StartOffset="520"/>
<Loc EndOffset="571" SrcFileId="17" StartOffset="548"/>
<Loc EndOffset="597" SrcFileId="17" StartOffset="574"/>
<Loc EndOffset="618" SrcFileId="17" StartOffset="603"/>
<Loc EndOffset="642" SrcFileId="17" StartOffset="621"/>
</LocList>
<BasicStmnt CovItemId="S8" CovItemPrefix="game.Game.java" Intrnl_Id="4226">
<LocList>
<Loc EndOffset="465" SrcFileId="17" StartOffset="444"/>
</LocList>
</BasicStmnt>
<BasicStmnt CovItemId="S9" CovItemPrefix="game.Game.java" Intrnl_Id="4227">
<LocList>
<Loc EndOffset="489" SrcFileId="17" StartOffset="468"/>
</LocList>
</BasicStmnt>
<BasicStmnt CovItemId="S10" CovItemPrefix="game.Game.java" Intrnl_Id="4228">
<LocList>
<Loc EndOffset="517" SrcFileId="17" StartOffset="495"/>
</LocList>
</BasicStmnt>
<BasicStmnt CovItemId="S11" CovItemPrefix="game.Game.java" Intrnl_Id="4229">
<LocList>
<Loc EndOffset="542" SrcFileId="17" StartOffset="520"/>
</LocList>
</BasicStmnt>
<BasicStmnt CovItemId="S12" CovItemPrefix="game.Game.java" Intrnl_Id="4230">
<LocList>
<Loc EndOffset="571" SrcFileId="17" StartOffset="548"/>
</LocList>
</BasicStmnt>
<BasicStmnt CovItemId="S13" CovItemPrefix="game.Game.java" Intrnl_Id="4231">
<LocList>
<Loc EndOffset="597" SrcFileId="17" StartOffset="574"/>
</LocList>
</BasicStmnt>
<BasicStmnt CovItemId="S14" CovItemPrefix="game.Game.java" Intrnl_Id="4232">
<LocList>
<Loc EndOffset="618" SrcFileId="17" StartOffset="603"/>
</LocList>
</BasicStmnt>
<BasicStmnt CovItemId="S15" CovItemPrefix="game.Game.java" Intrnl_Id="4233">
<LocList>
<Loc EndOffset="642" SrcFileId="17" StartOffset="621"/>
</LocList>
</BasicStmnt>
</StmntSeq>
</HierarchyLvl>
<HierarchyLvl HierarchyLvlId="1114" HierarchyLvlTypeId="27" Intrnl_Id="4234" Name="NextTurn">
<Header>
<Loc EndOffset="810" SrcFileId="17" StartOffset="788"/>
</Header>
<LocList>
<Loc EndOffset="932" SrcFileId="17" StartOffset="788"/>
</LocList>
<StmntSeq Intrnl_Id="4235">
<LocList>
<Loc EndOffset="828" SrcFileId="17" StartOffset="815"/>
<Loc EndOffset="929" SrcFileId="17" StartOffset="834"/>
</LocList>
<BasicStmnt CovItemId="S16" CovItemPrefix="game.Game.java" Intrnl_Id="4236">
<LocList>
<Loc EndOffset="828" SrcFileId="17" StartOffset="815"/>
</LocList>
</BasicStmnt>
<CondStmnt CovItemId="S17" CovItemPrefix="game.Game.java" Intrnl_Id="4237">
<Branch CovItemId="B1" CovItemPrefix="game.Game.java" Implct="false" Intrnl_Id="4238">
<Cond/>
<LocList>
<Loc EndOffset="891" SrcFileId="17" StartOffset="861"/>
</LocList>
<StmntSeq Intrnl_Id="4239">
<LocList>
<Loc EndOffset="887" SrcFileId="17" StartOffset="866"/>
</LocList>
<BasicStmnt CovItemId="S18" CovItemPrefix="game.Game.java" Intrnl_Id="4240">
<LocList>
<Loc EndOffset="887" SrcFileId="17" StartOffset="866"/>
</LocList>
</BasicStmnt>
</StmntSeq>
</Branch>
<Branch CovItemId="B2" CovItemPrefix="game.Game.java" Implct="false" Intrnl_Id="4241">
<Cond>
<Loc EndOffset="898" SrcFileId="17" StartOffset="894"/>
</Cond>
<LocList>
<Loc EndOffset="929" SrcFileId="17" StartOffset="899"/>
</LocList>
<StmntSeq Intrnl_Id="4242">
<LocList>
<Loc EndOffset="925" SrcFileId="17" StartOffset="904"/>
</LocList>
<BasicStmnt CovItemId="S19" CovItemPrefix="game.Game.java" Intrnl_Id="4243">
<LocList>
<Loc EndOffset="925" SrcFileId="17" StartOffset="904"/>
</LocList>
</BasicStmnt>
</StmntSeq>
</Branch>
<Keyword EndOffset="836" SrcFileId="17" StartOffset="834"/>
<LocList>
<Loc EndOffset="929" SrcFileId="17" StartOffset="834"/>
</LocList>
<RootTerm CovItemId="C1" CovItemPrefix="game.Game.java" Intrnl_Id="4244">
<BasicBoolTerm Intrnl_Id="4245">
<LocList>
<Loc EndOffset="859" SrcFileId="17" StartOffset="838"/>
</LocList>
</BasicBoolTerm>
</RootTerm>
</CondStmnt>
</StmntSeq>
</HierarchyLvl>
<HierarchyLvl HierarchyLvlId="1115" HierarchyLvlTypeId="27" Intrnl_Id="4246" Name="CompleteMove">
<Header>
<Loc EndOffset="1207" SrcFileId="17" StartOffset="1158"/>
</Header>
<LocList>
<Loc EndOffset="1429" SrcFileId="17" StartOffset="1158"/>
</LocList>
<StmntSeq Intrnl_Id="4247">
<LocList>
<Loc EndOffset="1237" SrcFileId="17" StartOffset="1212"/>
<Loc EndOffset="1275" SrcFileId="17" StartOffset="1243"/>
<Loc EndOffset="1309" SrcFileId="17" StartOffset="1278"/>
<Loc EndOffset="1334" SrcFileId="17" StartOffset="1312"/>
<Loc EndOffset="1405" SrcFileId="17" StartOffset="1337"/>
<Loc EndOffset="1426" SrcFileId="17" StartOffset="1408"/>
</LocList>
<BasicStmnt CovItemId="S20" CovItemPrefix="game.Game.java" Intrnl_Id="4248">
<LocList>
<Loc EndOffset="1237" SrcFileId="17" StartOffset="1212"/>
</LocList>
</BasicStmnt>
<BasicStmnt CovItemId="S21" CovItemPrefix="game.Game.java" Intrnl_Id="4249">
<LocList>
<Loc EndOffset="1275" SrcFileId="17" StartOffset="1243"/>
</LocList>
</BasicStmnt>
<BasicStmnt CovItemId="S22" CovItemPrefix="game.Game.java" Intrnl_Id="4250">
<LocList>
<Loc EndOffset="1309" SrcFileId="17" StartOffset="1278"/>
</LocList>
</BasicStmnt>
<BasicStmnt CovItemId="S23" CovItemPrefix="game.Game.java" Intrnl_Id="4251">
<LocList>
<Loc EndOffset="1334" SrcFileId="17" StartOffset="1312"/>
</LocList>
</BasicStmnt>
<BasicStmnt CovItemId="S24" CovItemPrefix="game.Game.java" Intrnl_Id="4252">
<LocList>
<Loc EndOffset="1405" SrcFileId="17" StartOffset="1337"/>
</LocList>
</BasicStmnt>
<BasicStmnt CovItemId="S25" CovItemPrefix="game.Game.java" Intrnl_Id="4253">
<LocList>
<Loc EndOffset="1426" SrcFileId="17" StartOffset="1408"/>
</LocList>
</BasicStmnt>
</StmntSeq>
</HierarchyLvl>
<HierarchyLvl HierarchyLvlId="1116" HierarchyLvlTypeId="27" Intrnl_Id="4254" Name="main">
<Header>
<Loc EndOffset="1600" SrcFileId="17" StartOffset="1562"/>
</Header>
<LocList>
<Loc EndOffset="1692" SrcFileId="17" StartOffset="1562"/>
</LocList>
<StmntSeq Intrnl_Id="4255">
<LocList>
<Loc EndOffset="1662" SrcFileId="17" StartOffset="1611"/>
<Loc EndOffset="1686" SrcFileId="17" StartOffset="1668"/>
</LocList>
<BasicStmnt CovItemId="S26" CovItemPrefix="game.Game.java" Intrnl_Id="4256">
<LocList>
<Loc EndOffset="1662" SrcFileId="17" StartOffset="1611"/>
</LocList>
</BasicStmnt>
<BasicStmnt CovItemId="S27" CovItemPrefix="game.Game.java" Intrnl_Id="4257">
<LocList>
<Loc EndOffset="1686" SrcFileId="17" StartOffset="1668"/>
</LocList>
</BasicStmnt>
</StmntSeq>
</HierarchyLvl>
</HierarchyLvl>
<HierarchyLvl HierarchyLvlId="1120" HierarchyLvlTypeId="26" Intrnl_Id="4258" Name="Controller">
<Header>
<Loc EndOffset="109" SrcFileId="18" StartOffset="86"/>
</Header>
<LocList>
<Loc EndOffset="3458" SrcFileId="18" StartOffset="86"/>
</LocList>
<StmntSeq Intrnl_Id="4259">
<LocList>
<Loc EndOffset="137" SrcFileId="18" StartOffset="113"/>
<Loc EndOffset="163" SrcFileId="18" StartOffset="139"/>
</LocList>
<BasicStmnt CovItemId="S1" CovItemPrefix="game.Controller.java" Intrnl_Id="4260">
<LocList>
<Loc EndOffset="137" SrcFileId="18" StartOffset="113"/>
</LocList>
</BasicStmnt>
<BasicStmnt CovItemId="S2" CovItemPrefix="game.Controller.java" Intrnl_Id="4261">
<LocList>
<Loc EndOffset="163" SrcFileId="18" StartOffset="139"/>
</LocList>
</BasicStmnt>
</StmntSeq>
<HierarchyLvl HierarchyLvlId="1118" HierarchyLvlTypeId="27" Intrnl_Id="4262" Name="Controller">
<Header>
<Loc EndOffset="195" SrcFileId="18" StartOffset="167"/>
</Header>
<LocList>
<Loc EndOffset="220" SrcFileId="18" StartOffset="167"/>
</LocList>
<StmntSeq Intrnl_Id="4263">
<LocList>
<Loc EndOffset="217" SrcFileId="18" StartOffset="200"/>
</LocList>
<BasicStmnt CovItemId="S3" CovItemPrefix="game.Controller.java" Intrnl_Id="4264">
<LocList>
<Loc EndOffset="217" SrcFileId="18" StartOffset="200"/>
</LocList>
</BasicStmnt>
</StmntSeq>
</HierarchyLvl>
<HierarchyLvl HierarchyLvlId="1119" HierarchyLvlTypeId="27" Intrnl_Id="4265" Name="play">
<Header>
<Loc EndOffset="325" SrcFileId="18" StartOffset="307"/>
</Header>
<LocList>
<Loc EndOffset="3454" SrcFileId="18" StartOffset="307"/>
</LocList>
<StmntSeq Intrnl_Id="4266">
<LocList>
<Loc EndOffset="3444" SrcFileId="18" StartOffset="333"/>
</LocList>
<LoopStmnt CovItemId="S4" CovItemPrefix="game.Controller.java" Intrnl_Id="4267" MltplExecId="L1-2" MltplExecPrefix="game.Controller.java" NvrExecId="L1-0" NvrExecPrefix="game.Controller.java" OnceExecutedId="L1-1" OnceExecutedPrefix="game.Controller.java" OptBodyExec="true">
<StmntSeq Intrnl_Id="4268">
<LocList>
<Loc EndOffset="432" SrcFileId="18" StartOffset="355"/>
<Loc EndOffset="1684" SrcFileId="18" StartOffset="440"/>
<Loc EndOffset="3439" SrcFileId="18" StartOffset="1692"/>
</LocList>
<CondStmnt CovItemId="S5" CovItemPrefix="game.Controller.java" Intrnl_Id="4269">
<Branch CovItemId="B1" CovItemPrefix="game.Controller.java" Implct="false" Intrnl_Id="4270">
<Cond/>
<LocList>
<Loc EndOffset="432" SrcFileId="18" StartOffset="373"/>
</LocList>
<StmntSeq Intrnl_Id="4271">
<LocList>
<Loc EndOffset="423" SrcFileId="18" StartOffset="400"/>
</LocList>
<BasicStmnt CovItemId="S6" CovItemPrefix="game.Controller.java" Intrnl_Id="4272">
<LocList>
<Loc EndOffset="423" SrcFileId="18" StartOffset="400"/>
</LocList>
</BasicStmnt>
</StmntSeq>
</Branch>
<Branch CovItemId="B2" CovItemPrefix="game.Controller.java" Implct="true" Intrnl_Id="4273">
<Cond/>
<LocList/>
<StmntSeq Intrnl_Id="4274">
<LocList/>
</StmntSeq>
</Branch>
<Keyword EndOffset="357" SrcFileId="18" StartOffset="355"/>
<LocList>
<Loc EndOffset="432" SrcFileId="18" StartOffset="355"/>
</LocList>
<RootTerm CovItemId="C2" CovItemPrefix="game.Controller.java" Intrnl_Id="4275">
<BasicBoolTerm Intrnl_Id="4276">
<LocList>
<Loc EndOffset="371" SrcFileId="18" StartOffset="359"/>
</LocList>
</BasicBoolTerm>
</RootTerm>
</CondStmnt>
<CondStmnt CovItemId="S7" CovItemPrefix="game.Controller.java" Intrnl_Id="4277">
<Branch CovItemId="B3" CovItemPrefix="game.Controller.java" Implct="false" Intrnl_Id="4278">
<Cond/>
<LocList>
<Loc EndOffset="1684" SrcFileId="18" StartOffset="464"/>
</LocList>
<StmntSeq Intrnl_Id="4279">
<LocList>
<Loc EndOffset="548" SrcFileId="18" StartOffset="475"/>
<Loc EndOffset="573" SrcFileId="18" StartOffset="553"/>
<Loc EndOffset="1595" SrcFileId="18" StartOffset="578"/>
<Loc EndOffset="1679" SrcFileId="18" StartOffset="1600"/>
</LocList>
<BasicStmnt CovItemId="S8" CovItemPrefix="game.Controller.java" Intrnl_Id="4280">
<LocList>
<Loc EndOffset="548" SrcFileId="18" StartOffset="475"/>
</LocList>
</BasicStmnt>
<BasicStmnt CovItemId="S9" CovItemPrefix="game.Controller.java" Intrnl_Id="4281">
<LocList>
<Loc EndOffset="573" SrcFileId="18" StartOffset="553"/>
</LocList>
</BasicStmnt>
<LoopStmnt CovItemId="S10" CovItemPrefix="game.Controller.java" Intrnl_Id="4282" MltplExecId="L2-2" MltplExecPrefix="game.Controller.java" NvrExecId="L2-0" NvrExecPrefix="game.Controller.java" OnceExecutedId="L2-1" OnceExecutedPrefix="game.Controller.java" OptBodyExec="true">
<StmntSeq Intrnl_Id="4283">
<LocList>
<Loc EndOffset="626" SrcFileId="18" StartOffset="607"/>
<Loc EndOffset="667" SrcFileId="18" StartOffset="645"/>
<Loc EndOffset="789" SrcFileId="18" StartOffset="632"/>
<Loc EndOffset="1583" SrcFileId="18" StartOffset="801"/>
</LocList>
<BasicStmnt CovItemId="S11" CovItemPrefix="game.Controller.java" Intrnl_Id="4284">
<LocList>
<Loc EndOffset="626" SrcFileId="18" StartOffset="607"/>
</LocList>
</BasicStmnt>
<BasicStmnt CovItemId="S13" CovItemPrefix="game.Controller.java" Intrnl_Id="4285">
<LocList>
<Loc EndOffset="667" SrcFileId="18" StartOffset="645"/>
</LocList>
</BasicStmnt>
<CondStmnt CovItemId="S12" CovItemPrefix="game.Controller.java" Intrnl_Id="4286">
<Branch CovItemId="B5" CovItemPrefix="game.Controller.java" Implct="true" Intrnl_Id="4287">
<Cond/>
<LocList/>
<StmntSeq Intrnl_Id="4288">
<LocList/>
</StmntSeq>
</Branch>
<Branch CovItemId="B6" CovItemPrefix="game.Controller.java" Implct="false" Intrnl_Id="4289">
<Cond>
<Loc EndOffset="696" SrcFileId="18" StartOffset="675"/>
</Cond>
<LocList>
<Loc EndOffset="789" SrcFileId="18" StartOffset="697"/>
</LocList>
<StmntSeq Intrnl_Id="4290">
<LocList>
<Loc EndOffset="718" SrcFileId="18" StartOffset="705"/>
<Loc EndOffset="782" SrcFileId="18" StartOffset="725"/>
</LocList>
<BasicStmnt CovItemId="S14" CovItemPrefix="game.Controller.java" Intrnl_Id="4291">
<LocList>
<Loc EndOffset="718" SrcFileId="18" StartOffset="705"/>
</LocList>
</BasicStmnt>
<BasicStmnt CovItemId="S15" CovItemPrefix="game.Controller.java" Intrnl_Id="4292">
<LocList>
<Loc EndOffset="782" SrcFileId="18" StartOffset="725"/>
</LocList>
</BasicStmnt>
</StmntSeq>
</Branch>
<Keyword EndOffset="635" SrcFileId="18" StartOffset="632"/>
<LocList>
<Loc EndOffset="789" SrcFileId="18" StartOffset="632"/>
</LocList>
</CondStmnt>
<CondStmnt CovItemId="S16" CovItemPrefix="game.Controller.java" Intrnl_Id="4293">
<Branch CovItemId="B7" CovItemPrefix="game.Controller.java" Implct="false" Intrnl_Id="4294">
<Cond/>
<LocList>
<Loc EndOffset="1583" SrcFileId="18" StartOffset="820"/>
</LocList>
<StmntSeq Intrnl_Id="4295">
<LocList>
<Loc EndOffset="945" SrcFileId="18" StartOffset="841"/>
<Loc EndOffset="1001" SrcFileId="18" StartOffset="961"/>
<Loc EndOffset="1450" SrcFileId="18" StartOffset="1017"/>
<Loc EndOffset="1576" SrcFileId="18" StartOffset="828"/>
</LocList>
<CondStmnt CovItemId="S18" CovItemPrefix="game.Controller.java" Intrnl_Id="4296">
<Branch CovItemId="B10" CovItemPrefix="game.Controller.java" Implct="false" Intrnl_Id="4297">
<Cond/>
<LocList>
<Loc EndOffset="945" SrcFileId="18" StartOffset="876"/>
</LocList>
<StmntSeq Intrnl_Id="4298">
<LocList>
<Loc EndOffset="912" SrcFileId="18" StartOffset="886"/>
<Loc EndOffset="936" SrcFileId="18" StartOffset="921"/>
</LocList>
<BasicStmnt CovItemId="S19" CovItemPrefix="game.Controller.java" Intrnl_Id="4299">
<LocList>
<Loc EndOffset="912" SrcFileId="18" StartOffset="886"/>
</LocList>
</BasicStmnt>
<BasicStmnt CovItemId="S20" CovItemPrefix="game.Controller.java" Intrnl_Id="4300">
<LocList>
<Loc EndOffset="936" SrcFileId="18" StartOffset="921"/>
</LocList>
</BasicStmnt>
</StmntSeq>
</Branch>
<Branch CovItemId="B11" CovItemPrefix="game.Controller.java" Implct="true" Intrnl_Id="4301">
<Cond/>
<LocList/>
<StmntSeq Intrnl_Id="4302">
<LocList/>
</StmntSeq>
</Branch>
<Keyword EndOffset="843" SrcFileId="18" StartOffset="841"/>
<LocList>
<Loc EndOffset="945" SrcFileId="18" StartOffset="841"/>
</LocList>
<RootTerm CovItemId="C6" CovItemPrefix="game.Controller.java" Intrnl_Id="4303">
<BasicBoolTerm Intrnl_Id="4304">
<LocList>
<Loc EndOffset="874" SrcFileId="18" StartOffset="844"/>
</LocList>
</BasicBoolTerm>
</RootTerm>
</CondStmnt>
<BasicStmnt CovItemId="S21" CovItemPrefix="game.Controller.java" Intrnl_Id="4305">
<LocList>
<Loc EndOffset="1001" SrcFileId="18" StartOffset="961"/>
</LocList>
</BasicStmnt>
<CondStmnt CovItemId="S22" CovItemPrefix="game.Controller.java" Intrnl_Id="4306">
<Branch CovItemId="B12" CovItemPrefix="game.Controller.java" Implct="false" Intrnl_Id="4307">
<Cond/>
<LocList>
<Loc EndOffset="1073" SrcFileId="18" StartOffset="1037"/>
</LocList>
<StmntSeq Intrnl_Id="4308">
<LocList>
<Loc EndOffset="1071" SrcFileId="18" StartOffset="1039"/>
</LocList>
<BasicStmnt CovItemId="S23" CovItemPrefix="game.Controller.java" Intrnl_Id="4309">
<LocList>
<Loc EndOffset="1071" SrcFileId="18" StartOffset="1039"/>
</LocList>
</BasicStmnt>
</StmntSeq>
</Branch>
<Branch CovItemId="B13" CovItemPrefix="game.Controller.java" Implct="false" Intrnl_Id="4310">
<Cond>
<Loc EndOffset="1085" SrcFileId="18" StartOffset="1081"/>
</Cond>
<LocList>
<Loc EndOffset="1450" SrcFileId="18" StartOffset="1086"/>
</LocList>
<StmntSeq Intrnl_Id="4311">
<LocList>
<Loc EndOffset="1450" SrcFileId="18" StartOffset="1086"/>
</LocList>
<CondStmnt CovItemId="S24" CovItemPrefix="game.Controller.java" Intrnl_Id="4312">
<Branch CovItemId="B14" CovItemPrefix="game.Controller.java" Implct="false" Intrnl_Id="4313">
<Cond/>
<LocList>
<Loc EndOffset="1149" SrcFileId="18" StartOffset="1106"/>
</LocList>
<StmntSeq Intrnl_Id="4314">
<LocList>
<Loc EndOffset="1147" SrcFileId="18" StartOffset="1108"/>
</LocList>
<BasicStmnt CovItemId="S25" CovItemPrefix="game.Controller.java" Intrnl_Id="4315">
<LocList>
<Loc EndOffset="1147" SrcFileId="18" StartOffset="1108"/>
</LocList>
</BasicStmnt>
</StmntSeq>
</Branch>
<Branch CovItemId="B15" CovItemPrefix="game.Controller.java" Implct="false" Intrnl_Id="4316">
<Cond>
<Loc EndOffset="1161" SrcFileId="18" StartOffset="1157"/>
</Cond>
<LocList>
<Loc EndOffset="1450" SrcFileId="18" StartOffset="1162"/>
</LocList>
<StmntSeq Intrnl_Id="4317">
<LocList>
<Loc EndOffset="1450" SrcFileId="18" StartOffset="1162"/>
</LocList>
<CondStmnt CovItemId="S26" CovItemPrefix="game.Controller.java" Intrnl_Id="4318">
<Branch CovItemId="B16" CovItemPrefix="game.Controller.java" Implct="false" Intrnl_Id="4319">
<Cond/>
<LocList>
<Loc EndOffset="1218" SrcFileId="18" StartOffset="1182"/>
</LocList>
<StmntSeq Intrnl_Id="4320">
<LocList>
<Loc EndOffset="1216" SrcFileId="18" StartOffset="1184"/>
</LocList>
<BasicStmnt CovItemId="S27" CovItemPrefix="game.Controller.java" Intrnl_Id="4321">
<LocList>
<Loc EndOffset="1216" SrcFileId="18" StartOffset="1184"/>
</LocList>
</BasicStmnt>
</StmntSeq>
</Branch>
<Branch CovItemId="B17" CovItemPrefix="game.Controller.java" Implct="false" Intrnl_Id="4322">
<Cond>
<Loc EndOffset="1230" SrcFileId="18" StartOffset="1226"/>
</Cond>
<LocList>
<Loc EndOffset="1450" SrcFileId="18" StartOffset="1231"/>
</LocList>
<StmntSeq Intrnl_Id="4323">
<LocList>
<Loc EndOffset="1450" SrcFileId="18" StartOffset="1231"/>
</LocList>
<CondStmnt CovItemId="S28" CovItemPrefix="game.Controller.java" Intrnl_Id="4324">
<Branch CovItemId="B18" CovItemPrefix="game.Controller.java" Implct="false" Intrnl_Id="4325">
<Cond/>
<LocList>
<Loc EndOffset="1332" SrcFileId="18" StartOffset="1251"/>
</LocList>
<StmntSeq Intrnl_Id="4326">
<LocList>
<Loc EndOffset="1299" SrcFileId="18" StartOffset="1262"/>
<Loc EndOffset="1322" SrcFileId="18" StartOffset="1309"/>
</LocList>
<BasicStmnt CovItemId="S29" CovItemPrefix="game.Controller.java" Intrnl_Id="4327">
<LocList>
<Loc EndOffset="1299" SrcFileId="18" StartOffset="1262"/>
</LocList>
</BasicStmnt>
<BasicStmnt CovItemId="S30" CovItemPrefix="game.Controller.java" Intrnl_Id="4328">
<LocList>
<Loc EndOffset="1322" SrcFileId="18" StartOffset="1309"/>
</LocList>
</BasicStmnt>
</StmntSeq>
</Branch>
<Branch CovItemId="B19" CovItemPrefix="game.Controller.java" Implct="false" Intrnl_Id="4329">
<Cond>
<Loc EndOffset="1344" SrcFileId="18" StartOffset="1340"/>
</Cond>
<LocList>
<Loc EndOffset="1450" SrcFileId="18" StartOffset="1345"/>
</LocList>
<StmntSeq Intrnl_Id="4330">
<LocList>
<Loc EndOffset="1368" SrcFileId="18" StartOffset="1355"/>
<Loc EndOffset="1441" SrcFileId="18" StartOffset="1377"/>
</LocList>
<BasicStmnt CovItemId="S31" CovItemPrefix="game.Controller.java" Intrnl_Id="4331">
<LocList>
<Loc EndOffset="1368" SrcFileId="18" StartOffset="1355"/>
</LocList>
</BasicStmnt>
<BasicStmnt CovItemId="S32" CovItemPrefix="game.Controller.java" Intrnl_Id="4332">
<LocList>
<Loc EndOffset="1441" SrcFileId="18" StartOffset="1377"/>
</LocList>
</BasicStmnt>
</StmntSeq>
</Branch>
<Keyword EndOffset="1233" SrcFileId="18" StartOffset="1231"/>
<LocList>
<Loc EndOffset="1450" SrcFileId="18" StartOffset="1231"/>
</LocList>
<RootTerm CovItemId="C10" CovItemPrefix="game.Controller.java" Intrnl_Id="4333">
<BasicBoolTerm Intrnl_Id="4334">
<LocList>
<Loc EndOffset="1249" SrcFileId="18" StartOffset="1235"/>
</LocList>
</BasicBoolTerm>
</RootTerm>
</CondStmnt>
</StmntSeq>
</Branch>
<Keyword EndOffset="1164" SrcFileId="18" StartOffset="1162"/>
<LocList>
<Loc EndOffset="1450" SrcFileId="18" StartOffset="1162"/>
</LocList>
<RootTerm CovItemId="C9" CovItemPrefix="game.Controller.java" Intrnl_Id="4335">
<BasicBoolTerm Intrnl_Id="4336">
<LocList>
<Loc EndOffset="1180" SrcFileId="18" StartOffset="1166"/>
</LocList>
</BasicBoolTerm>
</RootTerm>
</CondStmnt>
</StmntSeq>
</Branch>
<Keyword EndOffset="1088" SrcFileId="18" StartOffset="1086"/>
<LocList>
<Loc EndOffset="1450" SrcFileId="18" StartOffset="1086"/>
</LocList>
<RootTerm CovItemId="C8" CovItemPrefix="game.Controller.java" Intrnl_Id="4337">
<BasicBoolTerm Intrnl_Id="4338">
<LocList>
<Loc EndOffset="1104" SrcFileId="18" StartOffset="1090"/>
</LocList>
</BasicBoolTerm>
</RootTerm>
</CondStmnt>
</StmntSeq>
</Branch>
<Keyword EndOffset="1019" SrcFileId="18" StartOffset="1017"/>
<LocList>
<Loc EndOffset="1450" SrcFileId="18" StartOffset="1017"/>
</LocList>
<RootTerm CovItemId="C7" CovItemPrefix="game.Controller.java" Intrnl_Id="4339">
<BasicBoolTerm Intrnl_Id="4340">
<LocList>
<Loc EndOffset="1035" SrcFileId="18" StartOffset="1021"/>
</LocList>
</BasicBoolTerm>
</RootTerm>
</CondStmnt>
<CondStmnt CovItemId="S17" CovItemPrefix="game.Controller.java" Intrnl_Id="4341">
<Branch CovItemId="B9" CovItemPrefix="game.Controller.java" Implct="true" Intrnl_Id="4342">
<Cond/>
<LocList/>
<StmntSeq Intrnl_Id="4343">
<LocList/>
</StmntSeq>
</Branch>
<Branch CovItemId="B20" CovItemPrefix="game.Controller.java" Implct="false" Intrnl_Id="4344">
<Cond>
<Loc EndOffset="1484" SrcFileId="18" StartOffset="1465"/>
</Cond>
<LocList>
<Loc EndOffset="1576" SrcFileId="18" StartOffset="1491"/>
</LocList>
<StmntSeq Intrnl_Id="4345">
<LocList>
<Loc EndOffset="1513" SrcFileId="18" StartOffset="1500"/>
<Loc EndOffset="1568" SrcFileId="18" StartOffset="1521"/>
</LocList>
<BasicStmnt CovItemId="S33" CovItemPrefix="game.Controller.java" Intrnl_Id="4346">
<LocList>
<Loc EndOffset="1513" SrcFileId="18" StartOffset="1500"/>
</LocList>
</BasicStmnt>
<BasicStmnt CovItemId="S34" CovItemPrefix="game.Controller.java" Intrnl_Id="4347">
<LocList>
<Loc EndOffset="1568" SrcFileId="18" StartOffset="1521"/>
</LocList>
</BasicStmnt>
</StmntSeq>
</Branch>
<Keyword EndOffset="831" SrcFileId="18" StartOffset="828"/>
<LocList>
<Loc EndOffset="1576" SrcFileId="18" StartOffset="828"/>
</LocList>
</CondStmnt>
</StmntSeq>
</Branch>
<Branch CovItemId="B8" CovItemPrefix="game.Controller.java" Implct="true" Intrnl_Id="4348">
<Cond/>
<LocList/>
<StmntSeq Intrnl_Id="4349">
<LocList/>
</StmntSeq>
</Branch>
<Keyword EndOffset="803" SrcFileId="18" StartOffset="801"/>
<LocList>
<Loc EndOffset="1583" SrcFileId="18" StartOffset="801"/>
</LocList>
<RootTerm CovItemId="C5" CovItemPrefix="game.Controller.java" Intrnl_Id="4350">
<BasicBoolTerm Intrnl_Id="4351">
<LocList>
<Loc EndOffset="818" SrcFileId="18" StartOffset="805"/>
</LocList>
</BasicBoolTerm>
</RootTerm>
</CondStmnt>
</StmntSeq>
<Keyword EndOffset="583" SrcFileId="18" StartOffset="578"/>
<LocList>
<Loc EndOffset="1595" SrcFileId="18" StartOffset="578"/>
</LocList>
<RootTerm CovItemId="C4" CovItemPrefix="game.Controller.java" Intrnl_Id="4352">
<BasicBoolTerm Intrnl_Id="4353">
<LocList>
<Loc EndOffset="598" SrcFileId="18" StartOffset="585"/>
</LocList>
</BasicBoolTerm>
</RootTerm>
</LoopStmnt>
<BasicStmnt CovItemId="S35" CovItemPrefix="game.Controller.java" Intrnl_Id="4354">
<LocList>
<Loc EndOffset="1679" SrcFileId="18" StartOffset="1600"/>
</LocList>
</BasicStmnt>
</StmntSeq>
</Branch>
<Branch CovItemId="B4" CovItemPrefix="game.Controller.java" Implct="true" Intrnl_Id="4355">
<Cond/>
<LocList/>
<StmntSeq Intrnl_Id="4356">
<LocList/>
</StmntSeq>
</Branch>
<Keyword EndOffset="442" SrcFileId="18" StartOffset="440"/>
<LocList>
<Loc EndOffset="1684" SrcFileId="18" StartOffset="440"/>
</LocList>
<RootTerm CovItemId="C3" CovItemPrefix="game.Controller.java" Intrnl_Id="4357">
<BasicBoolTerm Intrnl_Id="4358">
<LocList>
<Loc EndOffset="462" SrcFileId="18" StartOffset="444"/>
</LocList>
</BasicBoolTerm>
</RootTerm>
</CondStmnt>
<CondStmnt CovItemId="S36" CovItemPrefix="game.Controller.java" Intrnl_Id="4359">
<Branch CovItemId="B21" CovItemPrefix="game.Controller.java" Implct="false" Intrnl_Id="4360">
<Cond/>
<LocList>
<Loc EndOffset="3439" SrcFileId="18" StartOffset="1710"/>
</LocList>
<StmntSeq Intrnl_Id="4361">
<LocList>
<Loc EndOffset="1746" SrcFileId="18" StartOffset="1716"/>
<Loc EndOffset="1767" SrcFileId="18" StartOffset="1751"/>
<Loc EndOffset="1855" SrcFileId="18" StartOffset="1782"/>
<Loc EndOffset="1880" SrcFileId="18" StartOffset="1860"/>
<Loc EndOffset="3434" SrcFileId="18" StartOffset="1885"/>
</LocList>
<BasicStmnt CovItemId="S37" CovItemPrefix="game.Controller.java" Intrnl_Id="4362">
<LocList>
<Loc EndOffset="1746" SrcFileId="18" StartOffset="1716"/>
</LocList>
</BasicStmnt>
<BasicStmnt CovItemId="S38" CovItemPrefix="game.Controller.java" Intrnl_Id="4363">
<LocList>
<Loc EndOffset="1767" SrcFileId="18" StartOffset="1751"/>
</LocList>
</BasicStmnt>
<BasicStmnt CovItemId="S39" CovItemPrefix="game.Controller.java" Intrnl_Id="4364">
<LocList>
<Loc EndOffset="1855" SrcFileId="18" StartOffset="1782"/>
</LocList>
</BasicStmnt>
<BasicStmnt CovItemId="S40" CovItemPrefix="game.Controller.java" Intrnl_Id="4365">
<LocList>
<Loc EndOffset="1880" SrcFileId="18" StartOffset="1860"/>
</LocList>
</BasicStmnt>
<LoopStmnt CovItemId="S41" CovItemPrefix="game.Controller.java" Intrnl_Id="4366" MltplExecId="L3-2" MltplExecPrefix="game.Controller.java" NvrExecId="L3-0" NvrExecPrefix="game.Controller.java" OnceExecutedId="L3-1" OnceExecutedPrefix="game.Controller.java" OptBodyExec="true">
<StmntSeq Intrnl_Id="4367">
<LocList>
<Loc EndOffset="2105" SrcFileId="18" StartOffset="1914"/>
<Loc EndOffset="2188" SrcFileId="18" StartOffset="2117"/>
<Loc EndOffset="2229" SrcFileId="18" StartOffset="2207"/>
<Loc EndOffset="2387" SrcFileId="18" StartOffset="2194"/>
<Loc EndOffset="3422" SrcFileId="18" StartOffset="2399"/>
</LocList>
<CondStmnt CovItemId="S42" CovItemPrefix="game.Controller.java" Intrnl_Id="4368">
<Branch CovItemId="B23" CovItemPrefix="game.Controller.java" Implct="false" Intrnl_Id="4369">
<Cond/>
<LocList>
<Loc EndOffset="2105" SrcFileId="18" StartOffset="1978"/>
</LocList>
<StmntSeq Intrnl_Id="4370">
<LocList>
<Loc EndOffset="2066" SrcFileId="18" StartOffset="1986"/>
<Loc EndOffset="2085" SrcFileId="18" StartOffset="2073"/>
<Loc EndOffset="2098" SrcFileId="18" StartOffset="2092"/>
</LocList>
<BasicStmnt CovItemId="S43" CovItemPrefix="game.Controller.java" Intrnl_Id="4371">
<LocList>
<Loc EndOffset="2066" SrcFileId="18" StartOffset="1986"/>
</LocList>
</BasicStmnt>
<BasicStmnt CovItemId="S44" CovItemPrefix="game.Controller.java" Intrnl_Id="4372">
<LocList>
<Loc EndOffset="2085" SrcFileId="18" StartOffset="2073"/>
</LocList>
</BasicStmnt>
<BasicStmnt CovItemId="S45" CovItemPrefix="game.Controller.java" Intrnl_Id="4373">
<LocList>
<Loc EndOffset="2098" SrcFileId="18" StartOffset="2092"/>
</LocList>
</BasicStmnt>
</StmntSeq>
</Branch>
<Branch CovItemId="B24" CovItemPrefix="game.Controller.java" Implct="true" Intrnl_Id="4374">
<Cond/>
<LocList/>
<StmntSeq Intrnl_Id="4375">
<LocList/>
</StmntSeq>
</Branch>
<Keyword EndOffset="1916" SrcFileId="18" StartOffset="1914"/>
<LocList>
<Loc EndOffset="2105" SrcFileId="18" StartOffset="1914"/>
</LocList>
<RootTerm CovItemId="C13" CovItemPrefix="game.Controller.java" Intrnl_Id="4376">
<BasicBoolTerm Intrnl_Id="4377">
<LocList>
<Loc EndOffset="1976" SrcFileId="18" StartOffset="1917"/>
</LocList>
</BasicBoolTerm>
</RootTerm>
</CondStmnt>
<BasicStmnt CovItemId="S46" CovItemPrefix="game.Controller.java" Intrnl_Id="4378">
<LocList>
<Loc EndOffset="2188" SrcFileId="18" StartOffset="2117"/>
</LocList>
</BasicStmnt>
<BasicStmnt CovItemId="S48" CovItemPrefix="game.Controller.java" Intrnl_Id="4379">
<LocList>
<Loc EndOffset="2229" SrcFileId="18" StartOffset="2207"/>
</LocList>
</BasicStmnt>
<CondStmnt CovItemId="S47" CovItemPrefix="game.Controller.java" Intrnl_Id="4380">
<Branch CovItemId="B25" CovItemPrefix="game.Controller.java" Implct="true" Intrnl_Id="4381">
<Cond/>
<LocList/>
<StmntSeq Intrnl_Id="4382">
<LocList/>
</StmntSeq>
</Branch>
<Branch CovItemId="B26" CovItemPrefix="game.Controller.java" Implct="false" Intrnl_Id="4383">
<Cond>
<Loc EndOffset="2258" SrcFileId="18" StartOffset="2237"/>
</Cond>
<LocList>
<Loc EndOffset="2387" SrcFileId="18" StartOffset="2259"/>
</LocList>
<StmntSeq Intrnl_Id="4384">
<LocList>
<Loc EndOffset="2280" SrcFileId="18" StartOffset="2267"/>
<Loc EndOffset="2346" SrcFileId="18" StartOffset="2287"/>
<Loc EndOffset="2380" SrcFileId="18" StartOffset="2353"/>
</LocList>
<BasicStmnt CovItemId="S49" CovItemPrefix="game.Controller.java" Intrnl_Id="4385">
<LocList>
<Loc EndOffset="2280" SrcFileId="18" StartOffset="2267"/>
</LocList>
</BasicStmnt>
<BasicStmnt CovItemId="S50" CovItemPrefix="game.Controller.java" Intrnl_Id="4386">
<LocList>
<Loc EndOffset="2346" SrcFileId="18" StartOffset="2287"/>
</LocList>
</BasicStmnt>
<BasicStmnt CovItemId="S51" CovItemPrefix="game.Controller.java" Intrnl_Id="4387">
<LocList>
<Loc EndOffset="2380" SrcFileId="18" StartOffset="2353"/>
</LocList>
</BasicStmnt>
</StmntSeq>
</Branch>
<Keyword EndOffset="2197" SrcFileId="18" StartOffset="2194"/>
<LocList>
<Loc EndOffset="2387" SrcFileId="18" StartOffset="2194"/>
</LocList>
</CondStmnt>
<CondStmnt CovItemId="S52" CovItemPrefix="game.Controller.java" Intrnl_Id="4388">
<Branch CovItemId="B27" CovItemPrefix="game.Controller.java" Implct="false" Intrnl_Id="4389">
<Cond/>
<LocList>
<Loc EndOffset="3422" SrcFileId="18" StartOffset="2418"/>
</LocList>
<StmntSeq Intrnl_Id="4390">
<LocList>
<Loc EndOffset="2622" SrcFileId="18" StartOffset="2447"/>
<Loc EndOffset="2742" SrcFileId="18" StartOffset="2638"/>
<Loc EndOffset="2833" SrcFileId="18" StartOffset="2774"/>
<Loc EndOffset="3250" SrcFileId="18" StartOffset="2847"/>
<Loc EndOffset="3415" SrcFileId="18" StartOffset="2426"/>
</LocList>
<CondStmnt CovItemId="S54" CovItemPrefix="game.Controller.java" Intrnl_Id="4391">
<Branch CovItemId="B30" CovItemPrefix="game.Controller.java" Implct="false" Intrnl_Id="4392">
<Cond/>
<LocList>
<Loc EndOffset="2622" SrcFileId="18" StartOffset="2513"/>
</LocList>
<StmntSeq Intrnl_Id="4393">
<LocList>
<Loc EndOffset="2577" SrcFileId="18" StartOffset="2523"/>
<Loc EndOffset="2598" SrcFileId="18" StartOffset="2586"/>
<Loc EndOffset="2613" SrcFileId="18" StartOffset="2607"/>
</LocList>
<BasicStmnt CovItemId="S55" CovItemPrefix="game.Controller.java" Intrnl_Id="4394">
<LocList>
<Loc EndOffset="2577" SrcFileId="18" StartOffset="2523"/>
</LocList>
</BasicStmnt>
<BasicStmnt CovItemId="S56" CovItemPrefix="game.Controller.java" Intrnl_Id="4395">
<LocList>
<Loc EndOffset="2598" SrcFileId="18" StartOffset="2586"/>
</LocList>
</BasicStmnt>
<BasicStmnt CovItemId="S57" CovItemPrefix="game.Controller.java" Intrnl_Id="4396">
<LocList>
<Loc EndOffset="2613" SrcFileId="18" StartOffset="2607"/>
</LocList>
</BasicStmnt>
</StmntSeq>
</Branch>
<Branch CovItemId="B31" CovItemPrefix="game.Controller.java" Implct="true" Intrnl_Id="4397">
<Cond/>
<LocList/>
<StmntSeq Intrnl_Id="4398">
<LocList/>
</StmntSeq>
</Branch>
<Keyword EndOffset="2449" SrcFileId="18" StartOffset="2447"/>
<LocList>
<Loc EndOffset="2622" SrcFileId="18" StartOffset="2447"/>
</LocList>
<RootTerm CovItemId="C15" CovItemPrefix="game.Controller.java" Intrnl_Id="4399">
<OpTerm BooleanOpId="24" Intrnl_Id="4400">
<BasicBoolTerm Intrnl_Id="4401">
<LocList>
<Loc EndOffset="2477" SrcFileId="18" StartOffset="2450"/>
</LocList>
</BasicBoolTerm>
<BasicBoolTerm Intrnl_Id="4402">
<LocList>
<Loc EndOffset="2511" SrcFileId="18" StartOffset="2481"/>
</LocList>
</BasicBoolTerm>
<LocList>
<Loc EndOffset="2480" SrcFileId="18" StartOffset="2478"/>
</LocList>
</OpTerm>
</RootTerm>
</CondStmnt>
<CondStmnt CovItemId="S58" CovItemPrefix="game.Controller.java" Intrnl_Id="4403">
<Branch CovItemId="B32" CovItemPrefix="game.Controller.java" Implct="false" Intrnl_Id="4404">
<Cond/>
<LocList>
<Loc EndOffset="2742" SrcFileId="18" StartOffset="2673"/>
</LocList>
<StmntSeq Intrnl_Id="4405">
<LocList>
<Loc EndOffset="2709" SrcFileId="18" StartOffset="2683"/>
<Loc EndOffset="2733" SrcFileId="18" StartOffset="2718"/>
</LocList>
<BasicStmnt CovItemId="S59" CovItemPrefix="game.Controller.java" Intrnl_Id="4406">
<LocList>
<Loc EndOffset="2709" SrcFileId="18" StartOffset="2683"/>
</LocList>
</BasicStmnt>
<BasicStmnt CovItemId="S60" CovItemPrefix="game.Controller.java" Intrnl_Id="4407">
<LocList>
<Loc EndOffset="2733" SrcFileId="18" StartOffset="2718"/>
</LocList>
</BasicStmnt>
</StmntSeq>
</Branch>
<Branch CovItemId="B33" CovItemPrefix="game.Controller.java" Implct="true" Intrnl_Id="4408">
<Cond/>
<LocList/>
<StmntSeq Intrnl_Id="4409">
<LocList/>
</StmntSeq>
</Branch>
<Keyword EndOffset="2640" SrcFileId="18" StartOffset="2638"/>
<LocList>
<Loc EndOffset="2742" SrcFileId="18" StartOffset="2638"/>
</LocList>
<RootTerm CovItemId="C16" CovItemPrefix="game.Controller.java" Intrnl_Id="4410">
<BasicBoolTerm Intrnl_Id="4411">
<LocList>
<Loc EndOffset="2671" SrcFileId="18" StartOffset="2641"/>
</LocList>
</BasicBoolTerm>
</RootTerm>
</CondStmnt>
<BasicStmnt CovItemId="S61" CovItemPrefix="game.Controller.java" Intrnl_Id="4412">
<LocList>
<Loc EndOffset="2833" SrcFileId="18" StartOffset="2774"/>
</LocList>
</BasicStmnt>
<CondStmnt CovItemId="S62" CovItemPrefix="game.Controller.java" Intrnl_Id="4413">
<Branch CovItemId="B34" CovItemPrefix="game.Controller.java" Implct="false" Intrnl_Id="4414">
<Cond/>
<LocList>
<Loc EndOffset="3169" SrcFileId="18" StartOffset="2917"/>
</LocList>
<StmntSeq Intrnl_Id="4415">
<LocList>
<Loc EndOffset="2983" SrcFileId="18" StartOffset="2927"/>
<Loc EndOffset="3160" SrcFileId="18" StartOffset="3035"/>
</LocList>
<BasicStmnt CovItemId="S63" CovItemPrefix="game.Controller.java" Intrnl_Id="4416">
<LocList>
<Loc EndOffset="2983" SrcFileId="18" StartOffset="2927"/>
</LocList>
</BasicStmnt>
<CondStmnt CovItemId="S64" CovItemPrefix="game.Controller.java" Intrnl_Id="4417">
<Branch CovItemId="B36" CovItemPrefix="game.Controller.java" Implct="false" Intrnl_Id="4418">
<Cond/>
<LocList>
<Loc EndOffset="3160" SrcFileId="18" StartOffset="3059"/>
</LocList>
<StmntSeq Intrnl_Id="4419">
<LocList>
<Loc EndOffset="3112" SrcFileId="18" StartOffset="3070"/>
<Loc EndOffset="3134" SrcFileId="18" StartOffset="3122"/>
<Loc EndOffset="3150" SrcFileId="18" StartOffset="3144"/>
</LocList>
<BasicStmnt CovItemId="S65" CovItemPrefix="game.Controller.java" Intrnl_Id="4420">
<LocList>
<Loc EndOffset="3112" SrcFileId="18" StartOffset="3070"/>
</LocList>
</BasicStmnt>
<BasicStmnt CovItemId="S66" CovItemPrefix="game.Controller.java" Intrnl_Id="4421">
<LocList>
<Loc EndOffset="3134" SrcFileId="18" StartOffset="3122"/>
</LocList>
</BasicStmnt>
<BasicStmnt CovItemId="S67" CovItemPrefix="game.Controller.java" Intrnl_Id="4422">
<LocList>
<Loc EndOffset="3150" SrcFileId="18" StartOffset="3144"/>
</LocList>
</BasicStmnt>
</StmntSeq>
</Branch>
<Branch CovItemId="B37" CovItemPrefix="game.Controller.java" Implct="true" Intrnl_Id="4423">
<Cond/>
<LocList/>
<StmntSeq Intrnl_Id="4424">
<LocList/>
</StmntSeq>
</Branch>
<Keyword EndOffset="3037" SrcFileId="18" StartOffset="3035"/>
<LocList>
<Loc EndOffset="3160" SrcFileId="18" StartOffset="3035"/>
</LocList>
<RootTerm CovItemId="C18" CovItemPrefix="game.Controller.java" Intrnl_Id="4425">
<BasicBoolTerm Intrnl_Id="4426">
<LocList>
<Loc EndOffset="3057" SrcFileId="18" StartOffset="3038"/>
</LocList>
</BasicBoolTerm>
</RootTerm>
</CondStmnt>
</StmntSeq>
</Branch>
<Branch CovItemId="B35" CovItemPrefix="game.Controller.java" Implct="false" Intrnl_Id="4427">
<Cond>
<Loc EndOffset="3181" SrcFileId="18" StartOffset="3177"/>
</Cond>
<LocList>
<Loc EndOffset="3250" SrcFileId="18" StartOffset="3182"/>
</LocList>
<StmntSeq Intrnl_Id="4428">
<LocList>
<Loc EndOffset="3205" SrcFileId="18" StartOffset="3192"/>
<Loc EndOffset="3241" SrcFileId="18" StartOffset="3214"/>
</LocList>
<BasicStmnt CovItemId="S68" CovItemPrefix="game.Controller.java" Intrnl_Id="4429">
<LocList>
<Loc EndOffset="3205" SrcFileId="18" StartOffset="3192"/>
</LocList>
</BasicStmnt>
<BasicStmnt CovItemId="S69" CovItemPrefix="game.Controller.java" Intrnl_Id="4430">
<LocList>
<Loc EndOffset="3241" SrcFileId="18" StartOffset="3214"/>
</LocList>
</BasicStmnt>
</StmntSeq>
</Branch>
<Keyword EndOffset="2849" SrcFileId="18" StartOffset="2847"/>
<LocList>
<Loc EndOffset="3250" SrcFileId="18" StartOffset="2847"/>
</LocList>
<RootTerm CovItemId="C17" CovItemPrefix="game.Controller.java" Intrnl_Id="4431">
<OpTerm BooleanOpId="23" Intrnl_Id="4432">
<BasicBoolTerm Intrnl_Id="4433">
<LocList>
<Loc EndOffset="2865" SrcFileId="18" StartOffset="2851"/>
</LocList>
</BasicBoolTerm>
<BasicBoolTerm Intrnl_Id="4434">
<LocList>
<Loc EndOffset="2915" SrcFileId="18" StartOffset="2869"/>
</LocList>
</BasicBoolTerm>
<LocList>
<Loc EndOffset="2868" SrcFileId="18" StartOffset="2866"/>
</LocList>
</OpTerm>
</RootTerm>
</CondStmnt>
<CondStmnt CovItemId="S53" CovItemPrefix="game.Controller.java" Intrnl_Id="4435">
<Branch CovItemId="B29" CovItemPrefix="game.Controller.java" Implct="true" Intrnl_Id="4436">
<Cond/>
<LocList/>
<StmntSeq Intrnl_Id="4437">
<LocList/>
</StmntSeq>
</Branch>
<Branch CovItemId="B38" CovItemPrefix="game.Controller.java" Implct="false" Intrnl_Id="4438">
<Cond>
<Loc EndOffset="3284" SrcFileId="18" StartOffset="3265"/>
</Cond>
<LocList>
<Loc EndOffset="3415" SrcFileId="18" StartOffset="3291"/>
</LocList>
<StmntSeq Intrnl_Id="4439">
<LocList>
<Loc EndOffset="3313" SrcFileId="18" StartOffset="3300"/>
<Loc EndOffset="3379" SrcFileId="18" StartOffset="3321"/>
<Loc EndOffset="3407" SrcFileId="18" StartOffset="3387"/>
</LocList>
<BasicStmnt CovItemId="S70" CovItemPrefix="game.Controller.java" Intrnl_Id="4440">
<LocList>
<Loc EndOffset="3313" SrcFileId="18" StartOffset="3300"/>
</LocList>
</BasicStmnt>
<BasicStmnt CovItemId="S71" CovItemPrefix="game.Controller.java" Intrnl_Id="4441">
<LocList>
<Loc EndOffset="3379" SrcFileId="18" StartOffset="3321"/>
</LocList>
</BasicStmnt>
<BasicStmnt CovItemId="S72" CovItemPrefix="game.Controller.java" Intrnl_Id="4442">
<LocList>
<Loc EndOffset="3407" SrcFileId="18" StartOffset="3387"/>
</LocList>
</BasicStmnt>
</StmntSeq>
</Branch>
<Keyword EndOffset="2429" SrcFileId="18" StartOffset="2426"/>
<LocList>
<Loc EndOffset="3415" SrcFileId="18" StartOffset="2426"/>
</LocList>
</CondStmnt>
</StmntSeq>
</Branch>
<Branch CovItemId="B28" CovItemPrefix="game.Controller.java" Implct="true" Intrnl_Id="4443">
<Cond/>
<LocList/>
<StmntSeq Intrnl_Id="4444">
<LocList/>
</StmntSeq>
</Branch>
<Keyword EndOffset="2401" SrcFileId="18" StartOffset="2399"/>
<LocList>
<Loc EndOffset="3422" SrcFileId="18" StartOffset="2399"/>
</LocList>
<RootTerm CovItemId="C14" CovItemPrefix="game.Controller.java" Intrnl_Id="4445">
<BasicBoolTerm Intrnl_Id="4446">
<LocList>
<Loc EndOffset="2416" SrcFileId="18" StartOffset="2403"/>
</LocList>
</BasicBoolTerm>
</RootTerm>
</CondStmnt>
</StmntSeq>
<Keyword EndOffset="1890" SrcFileId="18" StartOffset="1885"/>
<LocList>
<Loc EndOffset="3434" SrcFileId="18" StartOffset="1885"/>
</LocList>
<RootTerm CovItemId="C12" CovItemPrefix="game.Controller.java" Intrnl_Id="4447">
<BasicBoolTerm Intrnl_Id="4448">
<LocList>
<Loc EndOffset="1905" SrcFileId="18" StartOffset="1892"/>
</LocList>
</BasicBoolTerm>
</RootTerm>
</LoopStmnt>
</StmntSeq>
</Branch>
<Branch CovItemId="B22" CovItemPrefix="game.Controller.java" Implct="true" Intrnl_Id="4449">
<Cond/>
<LocList/>
<StmntSeq Intrnl_Id="4450">
<LocList/>
</StmntSeq>
</Branch>
<Keyword EndOffset="1694" SrcFileId="18" StartOffset="1692"/>
<LocList>
<Loc EndOffset="3439" SrcFileId="18" StartOffset="1692"/>
</LocList>
<RootTerm CovItemId="C11" CovItemPrefix="game.Controller.java" Intrnl_Id="4451">
<BasicBoolTerm Intrnl_Id="4452">
<LocList>
<Loc EndOffset="1708" SrcFileId="18" StartOffset="1696"/>
</LocList>
</BasicBoolTerm>
</RootTerm>
</CondStmnt>
</StmntSeq>
<Keyword EndOffset="338" SrcFileId="18" StartOffset="333"/>
<LocList>
<Loc EndOffset="3444" SrcFileId="18" StartOffset="333"/>
</LocList>
</LoopStmnt>
</StmntSeq>
</HierarchyLvl>
</HierarchyLvl>
<HierarchyLvl HierarchyLvlId="1137" HierarchyLvlTypeId="26" Intrnl_Id="4453" Name="ClassicChess">
<Header>
<Loc EndOffset="261" SrcFileId="19" StartOffset="222"/>
</Header>
<LocList>
<Loc EndOffset="24262" SrcFileId="19" StartOffset="222"/>
</LocList>
<HierarchyLvl HierarchyLvlId="1121" HierarchyLvlTypeId="27" Intrnl_Id="4454" Name="ClassicChess">
<Header>
<Loc EndOffset="287" SrcFileId="19" StartOffset="266"/>
</Header>
<LocList>
<Loc EndOffset="385" SrcFileId="19" StartOffset="266"/>
</LocList>
<StmntSeq Intrnl_Id="4455">
<LocList>
<Loc EndOffset="300" SrcFileId="19" StartOffset="292"/>
<Loc EndOffset="382" SrcFileId="19" StartOffset="304"/>
</LocList>
<BasicStmnt CovItemId="S1" CovItemPrefix="game.ClassicChess.java" Intrnl_Id="4456">
<LocList>
<Loc EndOffset="300" SrcFileId="19" StartOffset="292"/>
</LocList>
</BasicStmnt>
<BasicStmnt CovItemId="S2" CovItemPrefix="game.ClassicChess.java" Intrnl_Id="4457">
<LocList>
<Loc EndOffset="382" SrcFileId="19" StartOffset="304"/>
</LocList>
</BasicStmnt>
</StmntSeq>
</HierarchyLvl>
<HierarchyLvl HierarchyLvlId="1122" HierarchyLvlTypeId="27" Intrnl_Id="4458" Name="SetStartingPositions">
<Header>
<Loc EndOffset="464" SrcFileId="19" StartOffset="403"/>
</Header>
<LocList>
<Loc EndOffset="1851" SrcFileId="19" StartOffset="403"/>
</LocList>
<StmntSeq Intrnl_Id="4459">
<LocList>
<Loc EndOffset="499" SrcFileId="19" StartOffset="470"/>
<Loc EndOffset="541" SrcFileId="19" StartOffset="503"/>
<Loc EndOffset="582" SrcFileId="19" StartOffset="544"/>
<Loc EndOffset="623" SrcFileId="19" StartOffset="585"/>
<Loc EndOffset="664" SrcFileId="19" StartOffset="626"/>
<Loc EndOffset="705" SrcFileId="19" StartOffset="667"/>
<Loc EndOffset="746" SrcFileId="19" StartOffset="708"/>
<Loc EndOffset="787" SrcFileId="19" StartOffset="749"/>
<Loc EndOffset="828" SrcFileId="19" StartOffset="790"/>
<Loc EndOffset="869" SrcFileId="19" StartOffset="831"/>
<Loc EndOffset="912" SrcFileId="19" StartOffset="872"/>
<Loc EndOffset="955" SrcFileId="19" StartOffset="915"/>
<Loc EndOffset="997" SrcFileId="19" StartOffset="958"/>
<Loc EndOffset="1038" SrcFileId="19" StartOffset="1000"/>
<Loc EndOffset="1081" SrcFileId="19" StartOffset="1041"/>
<Loc EndOffset="1124" SrcFileId="19" StartOffset="1084"/>
<Loc EndOffset="1165" SrcFileId="19" StartOffset="1127"/>
<Loc EndOffset="1207" SrcFileId="19" StartOffset="1169"/>
<Loc EndOffset="1248" SrcFileId="19" StartOffset="1210"/>
<Loc EndOffset="1289" SrcFileId="19" StartOffset="1251"/>
<Loc EndOffset="1330" SrcFileId="19" StartOffset="1292"/>
<Loc EndOffset="1371" SrcFileId="19" StartOffset="1333"/>
<Loc EndOffset="1412" SrcFileId="19" StartOffset="1374"/>
<Loc EndOffset="1453" SrcFileId="19" StartOffset="1415"/>
<Loc EndOffset="1494" SrcFileId="19" StartOffset="1456"/>
<Loc EndOffset="1535" SrcFileId="19" StartOffset="1497"/>
<Loc EndOffset="1578" SrcFileId="19" StartOffset="1538"/>
<Loc EndOffset="1621" SrcFileId="19" StartOffset="1581"/>
<Loc EndOffset="1662" SrcFileId="19" StartOffset="1624"/>
<Loc EndOffset="1704" SrcFileId="19" StartOffset="1665"/>
<Loc EndOffset="1747" SrcFileId="19" StartOffset="1707"/>
<Loc EndOffset="1790" SrcFileId="19" StartOffset="1750"/>
<Loc EndOffset="1831" SrcFileId="19" StartOffset="1793"/>
<Loc EndOffset="1848" SrcFileId="19" StartOffset="1835"/>
</LocList>
<BasicStmnt CovItemId="S3" CovItemPrefix="game.ClassicChess.java" Intrnl_Id="4460">
<LocList>
<Loc EndOffset="499" SrcFileId="19" StartOffset="470"/>
</LocList>
</BasicStmnt>
<BasicStmnt CovItemId="S4" CovItemPrefix="game.ClassicChess.java" Intrnl_Id="4461">
<LocList>
<Loc EndOffset="541" SrcFileId="19" StartOffset="503"/>
</LocList>
</BasicStmnt>
<BasicStmnt CovItemId="S5" CovItemPrefix="game.ClassicChess.java" Intrnl_Id="4462">
<LocList>
<Loc EndOffset="582" SrcFileId="19" StartOffset="544"/>
</LocList>
</BasicStmnt>
<BasicStmnt CovItemId="S6" CovItemPrefix="game.ClassicChess.java" Intrnl_Id="4463">
<LocList>
<Loc EndOffset="623" SrcFileId="19" StartOffset="585"/>
</LocList>
</BasicStmnt>
<BasicStmnt CovItemId="S7" CovItemPrefix="game.ClassicChess.java" Intrnl_Id="4464">
<LocList>
<Loc EndOffset="664" SrcFileId="19" StartOffset="626"/>
</LocList>
</BasicStmnt>
<BasicStmnt CovItemId="S8" CovItemPrefix="game.ClassicChess.java" Intrnl_Id="4465">
<LocList>
<Loc EndOffset="705" SrcFileId="19" StartOffset="667"/>
</LocList>
</BasicStmnt>
<BasicStmnt CovItemId="S9" CovItemPrefix="game.ClassicChess.java" Intrnl_Id="4466">
<LocList>
<Loc EndOffset="746" SrcFileId="19" StartOffset="708"/>
</LocList>
</BasicStmnt>
<BasicStmnt CovItemId="S10" CovItemPrefix="game.ClassicChess.java" Intrnl_Id="4467">
<LocList>
<Loc EndOffset="787" SrcFileId="19" StartOffset="749"/>
</LocList>
</BasicStmnt>
<BasicStmnt CovItemId="S11" CovItemPrefix="game.ClassicChess.java" Intrnl_Id="4468">
<LocList>
<Loc EndOffset="828" SrcFileId="19" StartOffset="790"/>
</LocList>
</BasicStmnt>
<BasicStmnt CovItemId="S12" CovItemPrefix="game.ClassicChess.java" Intrnl_Id="4469">
<LocList>
<Loc EndOffset="869" SrcFileId="19" StartOffset="831"/>
</LocList>
</BasicStmnt>
<BasicStmnt CovItemId="S13" CovItemPrefix="game.ClassicChess.java" Intrnl_Id="4470">
<LocList>
<Loc EndOffset="912" SrcFileId="19" StartOffset="872"/>
</LocList>
</BasicStmnt>
<BasicStmnt CovItemId="S14" CovItemPrefix="game.ClassicChess.java" Intrnl_Id="4471">
<LocList>
<Loc EndOffset="955" SrcFileId="19" StartOffset="915"/>
</LocList>
</BasicStmnt>
<BasicStmnt CovItemId="S15" CovItemPrefix="game.ClassicChess.java" Intrnl_Id="4472">
<LocList>
<Loc EndOffset="997" SrcFileId="19" StartOffset="958"/>
</LocList>
</BasicStmnt>
<BasicStmnt CovItemId="S16" CovItemPrefix="game.ClassicChess.java" Intrnl_Id="4473">
<LocList>
<Loc EndOffset="1038" SrcFileId="19" StartOffset="1000"/>
</LocList>
</BasicStmnt>
<BasicStmnt CovItemId="S17" CovItemPrefix="game.ClassicChess.java" Intrnl_Id="4474">
<LocList>
<Loc EndOffset="1081" SrcFileId="19" StartOffset="1041"/>
</LocList>
</BasicStmnt>
<BasicStmnt CovItemId="S18" CovItemPrefix="game.ClassicChess.java" Intrnl_Id="4475">
<LocList>
<Loc EndOffset="1124" SrcFileId="19" StartOffset="1084"/>
</LocList>
</BasicStmnt>
<BasicStmnt CovItemId="S19" CovItemPrefix="game.ClassicChess.java" Intrnl_Id="4476">
<LocList>
<Loc EndOffset="1165" SrcFileId="19" StartOffset="1127"/>
</LocList>
</BasicStmnt>
<BasicStmnt CovItemId="S20" CovItemPrefix="game.ClassicChess.java" Intrnl_Id="4477">
<LocList>
<Loc EndOffset="1207" SrcFileId="19" StartOffset="1169"/>
</LocList>
</BasicStmnt>
<BasicStmnt CovItemId="S21" CovItemPrefix="game.ClassicChess.java" Intrnl_Id="4478">
<LocList>
<Loc EndOffset="1248" SrcFileId="19" StartOffset="1210"/>
</LocList>
</BasicStmnt>
<BasicStmnt CovItemId="S22" CovItemPrefix="game.ClassicChess.java" Intrnl_Id="4479">
<LocList>
<Loc EndOffset="1289" SrcFileId="19" StartOffset="1251"/>
</LocList>
</BasicStmnt>
<BasicStmnt CovItemId="S23" CovItemPrefix="game.ClassicChess.java" Intrnl_Id="4480">
<LocList>
<Loc EndOffset="1330" SrcFileId="19" StartOffset="1292"/>
</LocList>
</BasicStmnt>
<BasicStmnt CovItemId="S24" CovItemPrefix="game.ClassicChess.java" Intrnl_Id="4481">
<LocList>
<Loc EndOffset="1371" SrcFileId="19" StartOffset="1333"/>
</LocList>
</BasicStmnt>
<BasicStmnt CovItemId="S25" CovItemPrefix="game.ClassicChess.java" Intrnl_Id="4482">
<LocList>
<Loc EndOffset="1412" SrcFileId="19" StartOffset="1374"/>
</LocList>
</BasicStmnt>
<BasicStmnt CovItemId="S26" CovItemPrefix="game.ClassicChess.java" Intrnl_Id="4483">
<LocList>
<Loc EndOffset="1453" SrcFileId="19" StartOffset="1415"/>
</LocList>
</BasicStmnt>
<BasicStmnt CovItemId="S27" CovItemPrefix="game.ClassicChess.java" Intrnl_Id="4484">
<LocList>
<Loc EndOffset="1494" SrcFileId="19" StartOffset="1456"/>
</LocList>
</BasicStmnt>
<BasicStmnt CovItemId="S28" CovItemPrefix="game.ClassicChess.java" Intrnl_Id="4485">
<LocList>
<Loc EndOffset="1535" SrcFileId="19" StartOffset="1497"/>
</LocList>
</BasicStmnt>
<BasicStmnt CovItemId="S29" CovItemPrefix="game.ClassicChess.java" Intrnl_Id="4486">
<LocList>
<Loc EndOffset="1578" SrcFileId="19" StartOffset="1538"/>
</LocList>
</BasicStmnt>
<BasicStmnt CovItemId="S30" CovItemPrefix="game.ClassicChess.java" Intrnl_Id="4487">
<LocList>
<Loc EndOffset="1621" SrcFileId="19" StartOffset="1581"/>
</LocList>
</BasicStmnt>
<BasicStmnt CovItemId="S31" CovItemPrefix="game.ClassicChess.java" Intrnl_Id="4488">
<LocList>
<Loc EndOffset="1662" SrcFileId="19" StartOffset="1624"/>
</LocList>
</BasicStmnt>
<BasicStmnt CovItemId="S32" CovItemPrefix="game.ClassicChess.java" Intrnl_Id="4489">
<LocList>
<Loc EndOffset="1704" SrcFileId="19" StartOffset="1665"/>
</LocList>
</BasicStmnt>
<BasicStmnt CovItemId="S33" CovItemPrefix="game.ClassicChess.java" Intrnl_Id="4490">
<LocList>
<Loc EndOffset="1747" SrcFileId="19" StartOffset="1707"/>
</LocList>
</BasicStmnt>
<BasicStmnt CovItemId="S34" CovItemPrefix="game.ClassicChess.java" Intrnl_Id="4491">
<LocList>
<Loc EndOffset="1790" SrcFileId="19" StartOffset="1750"/>
</LocList>
</BasicStmnt>
<BasicStmnt CovItemId="S35" CovItemPrefix="game.ClassicChess.java" Intrnl_Id="4492">
<LocList>
<Loc EndOffset="1831" SrcFileId="19" StartOffset="1793"/>
</LocList>
</BasicStmnt>
<BasicStmnt CovItemId="S36" CovItemPrefix="game.ClassicChess.java" Intrnl_Id="4493">
<LocList>
<Loc EndOffset="1848" SrcFileId="19" StartOffset="1835"/>
</LocList>
</BasicStmnt>
</StmntSeq>
</HierarchyLvl>
<HierarchyLvl HierarchyLvlId="1123" HierarchyLvlTypeId="27" Intrnl_Id="4494" Name="validatePawnMove">
<Header>
<Loc EndOffset="2149" SrcFileId="19" StartOffset="2094"/>
</Header>
<LocList>
<Loc EndOffset="4130" SrcFileId="19" StartOffset="2094"/>
</LocList>
<StmntSeq Intrnl_Id="4495">
<LocList>
<Loc EndOffset="2206" SrcFileId="19" StartOffset="2187"/>
<Loc EndOffset="2295" SrcFileId="19" StartOffset="2228"/>
<Loc EndOffset="2367" SrcFileId="19" StartOffset="2299"/>
<Loc EndOffset="2448" SrcFileId="19" StartOffset="2370"/>
<Loc EndOffset="4111" SrcFileId="19" StartOffset="2451"/>
<Loc EndOffset="4127" SrcFileId="19" StartOffset="4114"/>
</LocList>
<BasicStmnt CovItemId="S37" CovItemPrefix="game.ClassicChess.java" Intrnl_Id="4496">
<LocList>
<Loc EndOffset="2206" SrcFileId="19" StartOffset="2187"/>
</LocList>
</BasicStmnt>
<CondStmnt CovItemId="S38" CovItemPrefix="game.ClassicChess.java" Intrnl_Id="4497">
<Branch CovItemId="B1" CovItemPrefix="game.ClassicChess.java" Implct="false" Intrnl_Id="4498">
<Cond/>
<LocList>
<Loc EndOffset="2295" SrcFileId="19" StartOffset="2272"/>
</LocList>
<StmntSeq Intrnl_Id="4499">
<LocList>
<Loc EndOffset="2291" SrcFileId="19" StartOffset="2277"/>
</LocList>
<BasicStmnt CovItemId="S39" CovItemPrefix="game.ClassicChess.java" Intrnl_Id="4500">
<LocList>
<Loc EndOffset="2291" SrcFileId="19" StartOffset="2277"/>
</LocList>
</BasicStmnt>
</StmntSeq>
</Branch>
<Branch CovItemId="B2" CovItemPrefix="game.ClassicChess.java" Implct="true" Intrnl_Id="4501">
<Cond/>
<LocList/>
<StmntSeq Intrnl_Id="4502">
<LocList/>
</StmntSeq>
</Branch>
<Keyword EndOffset="2230" SrcFileId="19" StartOffset="2228"/>
<LocList>
<Loc EndOffset="2295" SrcFileId="19" StartOffset="2228"/>
</LocList>
<RootTerm CovItemId="C1" CovItemPrefix="game.ClassicChess.java" Intrnl_Id="4503">
<BasicBoolTerm Intrnl_Id="4504">
<LocList>
<Loc EndOffset="2270" SrcFileId="19" StartOffset="2231"/>
</LocList>
</BasicBoolTerm>
</RootTerm>
</CondStmnt>
<BasicStmnt CovItemId="S40" CovItemPrefix="game.ClassicChess.java" Intrnl_Id="4505">
<LocList>
<Loc EndOffset="2367" SrcFileId="19" StartOffset="2299"/>
</LocList>
</BasicStmnt>
<BasicStmnt CovItemId="S41" CovItemPrefix="game.ClassicChess.java" Intrnl_Id="4506">
<LocList>
<Loc EndOffset="2448" SrcFileId="19" StartOffset="2370"/>
</LocList>
</BasicStmnt>
<CondStmnt CovItemId="S42" CovItemPrefix="game.ClassicChess.java" Intrnl_Id="4507">
<Branch CovItemId="B3" CovItemPrefix="game.ClassicChess.java" Implct="false" Intrnl_Id="4508">
<Cond/>
<LocList>
<Loc EndOffset="3673" SrcFileId="19" StartOffset="2480"/>
</LocList>
<StmntSeq Intrnl_Id="4509">
<LocList>
<Loc EndOffset="3669" SrcFileId="19" StartOffset="2526"/>
</LocList>
<CondStmnt CovItemId="S43" CovItemPrefix="game.ClassicChess.java" Intrnl_Id="4510">
<Branch CovItemId="B5" CovItemPrefix="game.ClassicChess.java" Implct="false" Intrnl_Id="4511">
<Cond/>
<LocList>
<Loc EndOffset="2700" SrcFileId="19" StartOffset="2547"/>
</LocList>
<StmntSeq Intrnl_Id="4512">
<LocList>
<Loc EndOffset="2695" SrcFileId="19" StartOffset="2599"/>
</LocList>
<CondStmnt CovItemId="S44" CovItemPrefix="game.ClassicChess.java" Intrnl_Id="4513">
<Branch CovItemId="B7" CovItemPrefix="game.ClassicChess.java" Implct="false" Intrnl_Id="4514">
<Cond/>
<LocList>
<Loc EndOffset="2659" SrcFileId="19" StartOffset="2634"/>
</LocList>
<StmntSeq Intrnl_Id="4515">
<LocList>
<Loc EndOffset="2653" SrcFileId="19" StartOffset="2641"/>
</LocList>
<BasicStmnt CovItemId="S45" CovItemPrefix="game.ClassicChess.java" Intrnl_Id="4516">
<LocList>
<Loc EndOffset="2653" SrcFileId="19" StartOffset="2641"/>
</LocList>
</BasicStmnt>
</StmntSeq>
</Branch>
<Branch CovItemId="B8" CovItemPrefix="game.ClassicChess.java" Implct="false" Intrnl_Id="4517">
<Cond>
<Loc EndOffset="2668" SrcFileId="19" StartOffset="2664"/>
</Cond>
<LocList>
<Loc EndOffset="2695" SrcFileId="19" StartOffset="2669"/>
</LocList>
<StmntSeq Intrnl_Id="4518">
<LocList>
<Loc EndOffset="2689" SrcFileId="19" StartOffset="2676"/>
</LocList>
<BasicStmnt CovItemId="S46" CovItemPrefix="game.ClassicChess.java" Intrnl_Id="4519">
<LocList>
<Loc EndOffset="2689" SrcFileId="19" StartOffset="2676"/>
</LocList>
</BasicStmnt>
</StmntSeq>
</Branch>
<Keyword EndOffset="2601" SrcFileId="19" StartOffset="2599"/>
<LocList>
<Loc EndOffset="2695" SrcFileId="19" StartOffset="2599"/>
</LocList>
<RootTerm CovItemId="C4" CovItemPrefix="game.ClassicChess.java" Intrnl_Id="4520">
<BasicBoolTerm Intrnl_Id="4521">
<LocList>
<Loc EndOffset="2632" SrcFileId="19" StartOffset="2602"/>
</LocList>
</BasicBoolTerm>
</RootTerm>
</CondStmnt>
</StmntSeq>
</Branch>
<Branch CovItemId="B6" CovItemPrefix="game.ClassicChess.java" Implct="false" Intrnl_Id="4522">
<Cond>
<Loc EndOffset="2749" SrcFileId="19" StartOffset="2745"/>
</Cond>
<LocList>
<Loc EndOffset="3669" SrcFileId="19" StartOffset="2750"/>
</LocList>
<StmntSeq Intrnl_Id="4523">
<LocList>
<Loc EndOffset="3669" SrcFileId="19" StartOffset="2750"/>
</LocList>
<CondStmnt CovItemId="S47" CovItemPrefix="game.ClassicChess.java" Intrnl_Id="4524">
<Branch CovItemId="B9" CovItemPrefix="game.ClassicChess.java" Implct="false" Intrnl_Id="4525">
<Cond/>
<LocList>
<Loc EndOffset="3669" SrcFileId="19" StartOffset="2771"/>
</LocList>
<StmntSeq Intrnl_Id="4526">
<LocList>
<Loc EndOffset="3664" SrcFileId="19" StartOffset="2820"/>
</LocList>
<CondStmnt CovItemId="S48" CovItemPrefix="game.ClassicChess.java" Intrnl_Id="4527">
<Branch CovItemId="B11" CovItemPrefix="game.ClassicChess.java" Implct="false" Intrnl_Id="4528">
<Cond/>
<LocList>
<Loc EndOffset="3503" SrcFileId="19" StartOffset="2855"/>
</LocList>
<StmntSeq Intrnl_Id="4529">
<LocList>
<Loc EndOffset="3478" SrcFileId="19" StartOffset="3007"/>
<Loc EndOffset="3497" SrcFileId="19" StartOffset="3484"/>
</LocList>
<CondStmnt CovItemId="S49" CovItemPrefix="game.ClassicChess.java" Intrnl_Id="4530">
<Branch CovItemId="B13" CovItemPrefix="game.ClassicChess.java" Implct="false" Intrnl_Id="4531">
<Cond/>
<LocList>
<Loc EndOffset="3478" SrcFileId="19" StartOffset="3086"/>
</LocList>
<StmntSeq Intrnl_Id="4532">
<LocList>
<Loc EndOffset="3471" SrcFileId="19" StartOffset="3094"/>
</LocList>
<CondStmnt CovItemId="S50" CovItemPrefix="game.ClassicChess.java" Intrnl_Id="4533">
<Branch CovItemId="B15" CovItemPrefix="game.ClassicChess.java" Implct="false" Intrnl_Id="4534">
<Cond/>
<LocList>
<Loc EndOffset="3471" SrcFileId="19" StartOffset="3190"/>
</LocList>
<StmntSeq Intrnl_Id="4535">
<LocList>
<Loc EndOffset="3282" SrcFileId="19" StartOffset="3199"/>
<Loc EndOffset="3463" SrcFileId="19" StartOffset="3290"/>
</LocList>
<BasicStmnt CovItemId="S51" CovItemPrefix="game.ClassicChess.java" Intrnl_Id="4536">
<LocList>
<Loc EndOffset="3282" SrcFileId="19" StartOffset="3199"/>
</LocList>
</BasicStmnt>
<CondStmnt CovItemId="S52" CovItemPrefix="game.ClassicChess.java" Intrnl_Id="4537">
<Branch CovItemId="B17" CovItemPrefix="game.ClassicChess.java" Implct="false" Intrnl_Id="4538">
<Cond/>
<LocList>
<Loc EndOffset="3463" SrcFileId="19" StartOffset="3348"/>
</LocList>
<StmntSeq Intrnl_Id="4539">
<LocList>
<Loc EndOffset="3433" SrcFileId="19" StartOffset="3358"/>
<Loc EndOffset="3454" SrcFileId="19" StartOffset="3442"/>
</LocList>
<BasicStmnt CovItemId="S53" CovItemPrefix="game.ClassicChess.java" Intrnl_Id="4540">
<LocList>
<Loc EndOffset="3433" SrcFileId="19" StartOffset="3358"/>
</LocList>
</BasicStmnt>
<BasicStmnt CovItemId="S54" CovItemPrefix="game.ClassicChess.java" Intrnl_Id="4541">
<LocList>
<Loc EndOffset="3454" SrcFileId="19" StartOffset="3442"/>
</LocList>
</BasicStmnt>
</StmntSeq>
</Branch>
<Branch CovItemId="B18" CovItemPrefix="game.ClassicChess.java" Implct="true" Intrnl_Id="4542">
<Cond/>
<LocList/>
<StmntSeq Intrnl_Id="4543">
<LocList/>
</StmntSeq>
</Branch>
<Keyword EndOffset="3292" SrcFileId="19" StartOffset="3290"/>
<LocList>
<Loc EndOffset="3463" SrcFileId="19" StartOffset="3290"/>
</LocList>
<RootTerm CovItemId="C9" CovItemPrefix="game.ClassicChess.java" Intrnl_Id="4544">
<OpTerm BooleanOpId="23" Intrnl_Id="4545">
<BasicBoolTerm Intrnl_Id="4546">
<LocList>
<Loc EndOffset="3315" SrcFileId="19" StartOffset="3293"/>
</LocList>
</BasicBoolTerm>
<BasicBoolTerm Intrnl_Id="4547">
<LocList>
<Loc EndOffset="3347" SrcFileId="19" StartOffset="3319"/>
</LocList>
</BasicBoolTerm>
<LocList>
<Loc EndOffset="3318" SrcFileId="19" StartOffset="3316"/>
</LocList>
</OpTerm>
</RootTerm>
</CondStmnt>
</StmntSeq>
</Branch>
<Branch CovItemId="B16" CovItemPrefix="game.ClassicChess.java" Implct="true" Intrnl_Id="4548">
<Cond/>
<LocList/>
<StmntSeq Intrnl_Id="4549">
<LocList/>
</StmntSeq>
</Branch>
<Keyword EndOffset="3096" SrcFileId="19" StartOffset="3094"/>
<LocList>
<Loc EndOffset="3471" SrcFileId="19" StartOffset="3094"/>
</LocList>
<RootTerm CovItemId="C8" CovItemPrefix="game.ClassicChess.java" Intrnl_Id="4550">
<BasicBoolTerm Intrnl_Id="4551">
<LocList>
<Loc EndOffset="3189" SrcFileId="19" StartOffset="3097"/>
</LocList>
</BasicBoolTerm>
</RootTerm>
</CondStmnt>
</StmntSeq>
</Branch>
<Branch CovItemId="B14" CovItemPrefix="game.ClassicChess.java" Implct="true" Intrnl_Id="4552">
<Cond/>
<LocList/>
<StmntSeq Intrnl_Id="4553">
<LocList/>
</StmntSeq>
</Branch>
<Keyword EndOffset="3009" SrcFileId="19" StartOffset="3007"/>
<LocList>
<Loc EndOffset="3478" SrcFileId="19" StartOffset="3007"/>
</LocList>
<RootTerm CovItemId="C7" CovItemPrefix="game.ClassicChess.java" Intrnl_Id="4554">
<BasicBoolTerm Intrnl_Id="4555">
<LocList>
<Loc EndOffset="3085" SrcFileId="19" StartOffset="3010"/>
</LocList>
</BasicBoolTerm>
</RootTerm>
</CondStmnt>
<BasicStmnt CovItemId="S55" CovItemPrefix="game.ClassicChess.java" Intrnl_Id="4556">
<LocList>
<Loc EndOffset="3497" SrcFileId="19" StartOffset="3484"/>
</LocList>
</BasicStmnt>
</StmntSeq>
</Branch>
<Branch CovItemId="B12" CovItemPrefix="game.ClassicChess.java" Implct="false" Intrnl_Id="4557">
<Cond>
<Loc EndOffset="3584" SrcFileId="19" StartOffset="3580"/>
</Cond>
<LocList>
<Loc EndOffset="3664" SrcFileId="19" StartOffset="3585"/>
</LocList>
<StmntSeq Intrnl_Id="4558">
<LocList>
<Loc EndOffset="3664" SrcFileId="19" StartOffset="3585"/>
</LocList>
<CondStmnt CovItemId="S56" CovItemPrefix="game.ClassicChess.java" Intrnl_Id="4559">
<Branch CovItemId="B19" CovItemPrefix="game.ClassicChess.java" Implct="false" Intrnl_Id="4560">
<Cond/>
<LocList>
<Loc EndOffset="3664" SrcFileId="19" StartOffset="3639"/>
</LocList>
<StmntSeq Intrnl_Id="4561">
<LocList>
<Loc EndOffset="3658" SrcFileId="19" StartOffset="3646"/>
</LocList>
<BasicStmnt CovItemId="S57" CovItemPrefix="game.ClassicChess.java" Intrnl_Id="4562">
<LocList>
<Loc EndOffset="3658" SrcFileId="19" StartOffset="3646"/>
</LocList>
</BasicStmnt>
</StmntSeq>
</Branch>
<Branch CovItemId="B20" CovItemPrefix="game.ClassicChess.java" Implct="true" Intrnl_Id="4563">
<Cond/>
<LocList/>
<StmntSeq Intrnl_Id="4564">
<LocList/>
</StmntSeq>
</Branch>
<Keyword EndOffset="3587" SrcFileId="19" StartOffset="3585"/>
<LocList>
<Loc EndOffset="3664" SrcFileId="19" StartOffset="3585"/>
</LocList>
<RootTerm CovItemId="C10" CovItemPrefix="game.ClassicChess.java" Intrnl_Id="4565">
<BasicBoolTerm Intrnl_Id="4566">
<LocList>
<Loc EndOffset="3637" SrcFileId="19" StartOffset="3588"/>
</LocList>
</BasicBoolTerm>
</RootTerm>
</CondStmnt>
</StmntSeq>
</Branch>
<Keyword EndOffset="2822" SrcFileId="19" StartOffset="2820"/>
<LocList>
<Loc EndOffset="3664" SrcFileId="19" StartOffset="2820"/>
</LocList>
<RootTerm CovItemId="C6" CovItemPrefix="game.ClassicChess.java" Intrnl_Id="4567">
<BasicBoolTerm Intrnl_Id="4568">
<LocList>
<Loc EndOffset="2853" SrcFileId="19" StartOffset="2823"/>
</LocList>
</BasicBoolTerm>
</RootTerm>
</CondStmnt>
</StmntSeq>
</Branch>
<Branch CovItemId="B10" CovItemPrefix="game.ClassicChess.java" Implct="true" Intrnl_Id="4569">
<Cond/>
<LocList/>
<StmntSeq Intrnl_Id="4570">
<LocList/>
</StmntSeq>
</Branch>
<Keyword EndOffset="2752" SrcFileId="19" StartOffset="2750"/>
<LocList>
<Loc EndOffset="3669" SrcFileId="19" StartOffset="2750"/>
</LocList>
<RootTerm CovItemId="C5" CovItemPrefix="game.ClassicChess.java" Intrnl_Id="4571">
<BasicBoolTerm Intrnl_Id="4572">
<LocList>
<Loc EndOffset="2769" SrcFileId="19" StartOffset="2753"/>
</LocList>
</BasicBoolTerm>
</RootTerm>
</CondStmnt>
</StmntSeq>
</Branch>
<Keyword EndOffset="2528" SrcFileId="19" StartOffset="2526"/>
<LocList>
<Loc EndOffset="3669" SrcFileId="19" StartOffset="2526"/>
</LocList>
<RootTerm CovItemId="C3" CovItemPrefix="game.ClassicChess.java" Intrnl_Id="4573">
<BasicBoolTerm Intrnl_Id="4574">
<LocList>
<Loc EndOffset="2545" SrcFileId="19" StartOffset="2529"/>
</LocList>
</BasicBoolTerm>
</RootTerm>
</CondStmnt>
</StmntSeq>
</Branch>
<Branch CovItemId="B4" CovItemPrefix="game.ClassicChess.java" Implct="false" Intrnl_Id="4575">
<Cond>
<Loc EndOffset="3680" SrcFileId="19" StartOffset="3676"/>
</Cond>
<LocList>
<Loc EndOffset="4111" SrcFileId="19" StartOffset="3681"/>
</LocList>
<StmntSeq Intrnl_Id="4576">
<LocList>
<Loc EndOffset="4111" SrcFileId="19" StartOffset="3681"/>
</LocList>
<CondStmnt CovItemId="S58" CovItemPrefix="game.ClassicChess.java" Intrnl_Id="4577">
<Branch CovItemId="B21" CovItemPrefix="game.ClassicChess.java" Implct="false" Intrnl_Id="4578">
<Cond/>
<LocList>
<Loc EndOffset="4111" SrcFileId="19" StartOffset="3766"/>
</LocList>
<StmntSeq Intrnl_Id="4579">
<LocList>
<Loc EndOffset="4107" SrcFileId="19" StartOffset="3923"/>
</LocList>
<CondStmnt CovItemId="S59" CovItemPrefix="game.ClassicChess.java" Intrnl_Id="4580">
<Branch CovItemId="B23" CovItemPrefix="game.ClassicChess.java" Implct="false" Intrnl_Id="4581">
<Cond/>
<LocList>
<Loc EndOffset="4074" SrcFileId="19" StartOffset="4051"/>
</LocList>
<StmntSeq Intrnl_Id="4582">
<LocList>
<Loc EndOffset="4069" SrcFileId="19" StartOffset="4057"/>
</LocList>
<BasicStmnt CovItemId="S60" CovItemPrefix="game.ClassicChess.java" Intrnl_Id="4583">
<LocList>
<Loc EndOffset="4069" SrcFileId="19" StartOffset="4057"/>
</LocList>
</BasicStmnt>
</StmntSeq>
</Branch>
<Branch CovItemId="B24" CovItemPrefix="game.ClassicChess.java" Implct="false" Intrnl_Id="4584">
<Cond>
<Loc EndOffset="4082" SrcFileId="19" StartOffset="4078"/>
</Cond>
<LocList>
<Loc EndOffset="4107" SrcFileId="19" StartOffset="4083"/>
</LocList>
<StmntSeq Intrnl_Id="4585">
<LocList>
<Loc EndOffset="4102" SrcFileId="19" StartOffset="4089"/>
</LocList>
<BasicStmnt CovItemId="S61" CovItemPrefix="game.ClassicChess.java" Intrnl_Id="4586">
<LocList>
<Loc EndOffset="4102" SrcFileId="19" StartOffset="4089"/>
</LocList>
</BasicStmnt>
</StmntSeq>
</Branch>
<Keyword EndOffset="3925" SrcFileId="19" StartOffset="3923"/>
<LocList>
<Loc EndOffset="4107" SrcFileId="19" StartOffset="3923"/>
</LocList>
<RootTerm CovItemId="C12" CovItemPrefix="game.ClassicChess.java" Intrnl_Id="4587">
<OpTerm BooleanOpId="23" Intrnl_Id="4588">
<BasicBoolTerm Intrnl_Id="4589">
<LocList>
<Loc EndOffset="3956" SrcFileId="19" StartOffset="3926"/>
</LocList>
</BasicBoolTerm>
<BasicBoolTerm Intrnl_Id="4590">
<LocList>
<Loc EndOffset="4049" SrcFileId="19" StartOffset="3960"/>
</LocList>
</BasicBoolTerm>
<LocList>
<Loc EndOffset="3959" SrcFileId="19" StartOffset="3957"/>
</LocList>
</OpTerm>
</RootTerm>
</CondStmnt>
</StmntSeq>
</Branch>
<Branch CovItemId="B22" CovItemPrefix="game.ClassicChess.java" Implct="true" Intrnl_Id="4591">
<Cond/>
<LocList/>
<StmntSeq Intrnl_Id="4592">
<LocList/>
</StmntSeq>
</Branch>
<Keyword EndOffset="3683" SrcFileId="19" StartOffset="3681"/>
<LocList>
<Loc EndOffset="4111" SrcFileId="19" StartOffset="3681"/>
</LocList>
<RootTerm CovItemId="C11" CovItemPrefix="game.ClassicChess.java" Intrnl_Id="4593">
<OpTerm BooleanOpId="23" Intrnl_Id="4594">
<OpTerm BooleanOpId="23" Intrnl_Id="4595">
<BasicBoolTerm Intrnl_Id="4596">
<LocList>
<Loc EndOffset="3712" SrcFileId="19" StartOffset="3684"/>
</LocList>
</BasicBoolTerm>
<BasicBoolTerm Intrnl_Id="4597">
<LocList>
<Loc EndOffset="3744" SrcFileId="19" StartOffset="3716"/>
</LocList>
</BasicBoolTerm>
<LocList>
<Loc EndOffset="3715" SrcFileId="19" StartOffset="3713"/>
</LocList>
</OpTerm>
<BasicBoolTerm Intrnl_Id="4598">
<LocList>
<Loc EndOffset="3764" SrcFileId="19" StartOffset="3748"/>
</LocList>
</BasicBoolTerm>
<LocList>
<Loc EndOffset="3747" SrcFileId="19" StartOffset="3745"/>
</LocList>
</OpTerm>
</RootTerm>
</CondStmnt>
</StmntSeq>
</Branch>
<Keyword EndOffset="2453" SrcFileId="19" StartOffset="2451"/>
<LocList>
<Loc EndOffset="4111" SrcFileId="19" StartOffset="2451"/>
</LocList>
<RootTerm CovItemId="C2" CovItemPrefix="game.ClassicChess.java" Intrnl_Id="4599">
<BasicBoolTerm Intrnl_Id="4600">
<LocList>
<Loc EndOffset="2478" SrcFileId="19" StartOffset="2454"/>
</LocList>
</BasicBoolTerm>
</RootTerm>
</CondStmnt>
<BasicStmnt CovItemId="S62" CovItemPrefix="game.ClassicChess.java" Intrnl_Id="4601">
<LocList>
<Loc EndOffset="4127" SrcFileId="19" StartOffset="4114"/>
</LocList>
</BasicStmnt>
</StmntSeq>
</HierarchyLvl>
<HierarchyLvl HierarchyLvlId="1124" HierarchyLvlTypeId="27" Intrnl_Id="4602" Name="validateQueenMove">
<Header>
<Loc EndOffset="4429" SrcFileId="19" StartOffset="4373"/>
</Header>
<LocList>
<Loc EndOffset="5793" SrcFileId="19" StartOffset="4373"/>
</LocList>
<StmntSeq Intrnl_Id="4603">
<LocList>
<Loc EndOffset="4563" SrcFileId="19" StartOffset="4491"/>
<Loc EndOffset="4638" SrcFileId="19" StartOffset="4566"/>
<Loc EndOffset="4785" SrcFileId="19" StartOffset="4675"/>
<Loc EndOffset="4802" SrcFileId="19" StartOffset="4789"/>
<Loc EndOffset="4818" SrcFileId="19" StartOffset="4805"/>
<Loc EndOffset="4916" SrcFileId="19" StartOffset="4839"/>
<Loc EndOffset="5011" SrcFileId="19" StartOffset="4934"/>
<Loc EndOffset="5773" SrcFileId="19" StartOffset="5038"/>
<Loc EndOffset="5790" SrcFileId="19" StartOffset="5777"/>
</LocList>
<BasicStmnt CovItemId="S63" CovItemPrefix="game.ClassicChess.java" Intrnl_Id="4604">
<LocList>
<Loc EndOffset="4563" SrcFileId="19" StartOffset="4491"/>
</LocList>
</BasicStmnt>
<BasicStmnt CovItemId="S64" CovItemPrefix="game.ClassicChess.java" Intrnl_Id="4605">
<LocList>
<Loc EndOffset="4638" SrcFileId="19" StartOffset="4566"/>
</LocList>
</BasicStmnt>
<CondStmnt CovItemId="S65" CovItemPrefix="game.ClassicChess.java" Intrnl_Id="4606">
<Branch CovItemId="B25" CovItemPrefix="game.ClassicChess.java" Implct="false" Intrnl_Id="4607">
<Cond/>
<LocList>
<Loc EndOffset="4785" SrcFileId="19" StartOffset="4763"/>
</LocList>
<StmntSeq Intrnl_Id="4608">
<LocList>
<Loc EndOffset="4781" SrcFileId="19" StartOffset="4768"/>
</LocList>
<BasicStmnt CovItemId="S66" CovItemPrefix="game.ClassicChess.java" Intrnl_Id="4609">
<LocList>
<Loc EndOffset="4781" SrcFileId="19" StartOffset="4768"/>
</LocList>
</BasicStmnt>
</StmntSeq>
</Branch>
<Branch CovItemId="B26" CovItemPrefix="game.ClassicChess.java" Implct="true" Intrnl_Id="4610">
<Cond/>
<LocList/>
<StmntSeq Intrnl_Id="4611">
<LocList/>
</StmntSeq>
</Branch>
<Keyword EndOffset="4677" SrcFileId="19" StartOffset="4675"/>
<LocList>
<Loc EndOffset="4785" SrcFileId="19" StartOffset="4675"/>
</LocList>
<RootTerm CovItemId="C13" CovItemPrefix="game.ClassicChess.java" Intrnl_Id="4612">
<OpTerm BooleanOpId="23" Intrnl_Id="4613">
<BasicBoolTerm Intrnl_Id="4614">
<LocList>
<Loc EndOffset="4708" SrcFileId="19" StartOffset="4678"/>
</LocList>
</BasicBoolTerm>
<BasicBoolTerm Intrnl_Id="4615">
<LocList>
<Loc EndOffset="4761" SrcFileId="19" StartOffset="4712"/>
</LocList>
</BasicBoolTerm>
<LocList>
<Loc EndOffset="4711" SrcFileId="19" StartOffset="4709"/>
</LocList>
</OpTerm>
</RootTerm>
</CondStmnt>
<BasicStmnt CovItemId="S67" CovItemPrefix="game.ClassicChess.java" Intrnl_Id="4616">
<LocList>
<Loc EndOffset="4802" SrcFileId="19" StartOffset="4789"/>
</LocList>
</BasicStmnt>
<BasicStmnt CovItemId="S68" CovItemPrefix="game.ClassicChess.java" Intrnl_Id="4617">
<LocList>
<Loc EndOffset="4818" SrcFileId="19" StartOffset="4805"/>
</LocList>
</BasicStmnt>
<CondStmnt CovItemId="S69" CovItemPrefix="game.ClassicChess.java" Intrnl_Id="4618">
<Branch CovItemId="B27" CovItemPrefix="game.ClassicChess.java" Implct="false" Intrnl_Id="4619">
<Cond/>
<LocList>
<Loc EndOffset="4916" SrcFileId="19" StartOffset="4897"/>
</LocList>
<StmntSeq Intrnl_Id="4620">
<LocList>
<Loc EndOffset="4912" SrcFileId="19" StartOffset="4902"/>
</LocList>
<BasicStmnt CovItemId="S70" CovItemPrefix="game.ClassicChess.java" Intrnl_Id="4621">
<LocList>
<Loc EndOffset="4912" SrcFileId="19" StartOffset="4902"/>
</LocList>
</BasicStmnt>
</StmntSeq>
</Branch>
<Branch CovItemId="B28" CovItemPrefix="game.ClassicChess.java" Implct="true" Intrnl_Id="4622">
<Cond/>
<LocList/>
<StmntSeq Intrnl_Id="4623">
<LocList/>
</StmntSeq>
</Branch>
<Keyword EndOffset="4841" SrcFileId="19" StartOffset="4839"/>
<LocList>
<Loc EndOffset="4916" SrcFileId="19" StartOffset="4839"/>
</LocList>
<RootTerm CovItemId="C14" CovItemPrefix="game.ClassicChess.java" Intrnl_Id="4624">
<BasicBoolTerm Intrnl_Id="4625">
<LocList>
<Loc EndOffset="4895" SrcFileId="19" StartOffset="4842"/>
</LocList>
</BasicBoolTerm>
</RootTerm>
</CondStmnt>
<CondStmnt CovItemId="S71" CovItemPrefix="game.ClassicChess.java" Intrnl_Id="4626">
<Branch CovItemId="B29" CovItemPrefix="game.ClassicChess.java" Implct="false" Intrnl_Id="4627">
<Cond/>
<LocList>
<Loc EndOffset="5011" SrcFileId="19" StartOffset="4992"/>
</LocList>
<StmntSeq Intrnl_Id="4628">
<LocList>
<Loc EndOffset="5007" SrcFileId="19" StartOffset="4997"/>
</LocList>
<BasicStmnt CovItemId="S72" CovItemPrefix="game.ClassicChess.java" Intrnl_Id="4629">
<LocList>
<Loc EndOffset="5007" SrcFileId="19" StartOffset="4997"/>
</LocList>
</BasicStmnt>
</StmntSeq>
</Branch>
<Branch CovItemId="B30" CovItemPrefix="game.ClassicChess.java" Implct="true" Intrnl_Id="4630">
<Cond/>
<LocList/>
<StmntSeq Intrnl_Id="4631">
<LocList/>
</StmntSeq>
</Branch>
<Keyword EndOffset="4936" SrcFileId="19" StartOffset="4934"/>
<LocList>
<Loc EndOffset="5011" SrcFileId="19" StartOffset="4934"/>
</LocList>
<RootTerm CovItemId="C15" CovItemPrefix="game.ClassicChess.java" Intrnl_Id="4632">
<BasicBoolTerm Intrnl_Id="4633">
<LocList>
<Loc EndOffset="4990" SrcFileId="19" StartOffset="4937"/>
</LocList>
</BasicBoolTerm>
</RootTerm>
</CondStmnt>
<CondStmnt CovItemId="S73" CovItemPrefix="game.ClassicChess.java" Intrnl_Id="4634">
<Branch CovItemId="B31" CovItemPrefix="game.ClassicChess.java" Implct="false" Intrnl_Id="4635">
<Cond/>
<LocList>
<Loc EndOffset="5273" SrcFileId="19" StartOffset="5057"/>
</LocList>
<StmntSeq Intrnl_Id="4636">
<LocList>
<Loc EndOffset="5253" SrcFileId="19" StartOffset="5062"/>
<Loc EndOffset="5269" SrcFileId="19" StartOffset="5257"/>
</LocList>
<LoopStmnt CovItemId="S74" CovItemPrefix="game.ClassicChess.java" Intrnl_Id="4637" MltplExecId="L1-2" MltplExecPrefix="game.ClassicChess.java" NvrExecId="L1-0" NvrExecPrefix="game.ClassicChess.java" OnceExecutedId="L1-1" OnceExecutedPrefix="game.ClassicChess.java" OptBodyExec="true">
<StmntSeq Intrnl_Id="4638">
<LocList>
<Loc EndOffset="5197" SrcFileId="19" StartOffset="5098"/>
<Loc EndOffset="5248" SrcFileId="19" StartOffset="5202"/>
</LocList>
<BasicStmnt CovItemId="S75" CovItemPrefix="game.ClassicChess.java" Intrnl_Id="4639">
<LocList>
<Loc EndOffset="5197" SrcFileId="19" StartOffset="5098"/>
</LocList>
</BasicStmnt>
<CondStmnt CovItemId="S76" CovItemPrefix="game.ClassicChess.java" Intrnl_Id="4640">
<Branch CovItemId="B33" CovItemPrefix="game.ClassicChess.java" Implct="false" Intrnl_Id="4641">
<Cond/>
<LocList>
<Loc EndOffset="5248" SrcFileId="19" StartOffset="5222"/>
</LocList>
<StmntSeq Intrnl_Id="4642">
<LocList>
<Loc EndOffset="5242" SrcFileId="19" StartOffset="5229"/>
</LocList>
<BasicStmnt CovItemId="S77" CovItemPrefix="game.ClassicChess.java" Intrnl_Id="4643">
<LocList>
<Loc EndOffset="5242" SrcFileId="19" StartOffset="5229"/>
</LocList>
</BasicStmnt>
</StmntSeq>
</Branch>
<Branch CovItemId="B34" CovItemPrefix="game.ClassicChess.java" Implct="true" Intrnl_Id="4644">
<Cond/>
<LocList/>
<StmntSeq Intrnl_Id="4645">
<LocList/>
</StmntSeq>
</Branch>
<Keyword EndOffset="5204" SrcFileId="19" StartOffset="5202"/>
<LocList>
<Loc EndOffset="5248" SrcFileId="19" StartOffset="5202"/>
</LocList>
<RootTerm CovItemId="C18" CovItemPrefix="game.ClassicChess.java" Intrnl_Id="4646">
<BasicBoolTerm Intrnl_Id="4647">
<LocList>
<Loc EndOffset="5220" SrcFileId="19" StartOffset="5205"/>
</LocList>
</BasicBoolTerm>
</RootTerm>
</CondStmnt>
</StmntSeq>
<Keyword EndOffset="5065" SrcFileId="19" StartOffset="5062"/>
<LocList>
<Loc EndOffset="5253" SrcFileId="19" StartOffset="5062"/>
</LocList>
<RootTerm CovItemId="C17" CovItemPrefix="game.ClassicChess.java" Intrnl_Id="4648">
<BasicBoolTerm Intrnl_Id="4649">
<LocList>
<Loc EndOffset="5084" SrcFileId="19" StartOffset="5075"/>
</LocList>
</BasicBoolTerm>
</RootTerm>
</LoopStmnt>
<BasicStmnt CovItemId="S78" CovItemPrefix="game.ClassicChess.java" Intrnl_Id="4650">
<LocList>
<Loc EndOffset="5269" SrcFileId="19" StartOffset="5257"/>
</LocList>
</BasicStmnt>
</StmntSeq>
</Branch>
<Branch CovItemId="B32" CovItemPrefix="game.ClassicChess.java" Implct="false" Intrnl_Id="4651">
<Cond>
<Loc EndOffset="5305" SrcFileId="19" StartOffset="5301"/>
</Cond>
<LocList>
<Loc EndOffset="5773" SrcFileId="19" StartOffset="5306"/>
</LocList>
<StmntSeq Intrnl_Id="4652">
<LocList>
<Loc EndOffset="5773" SrcFileId="19" StartOffset="5306"/>
</LocList>
<CondStmnt CovItemId="S79" CovItemPrefix="game.ClassicChess.java" Intrnl_Id="4653">
<Branch CovItemId="B35" CovItemPrefix="game.ClassicChess.java" Implct="false" Intrnl_Id="4654">
<Cond/>
<LocList>
<Loc EndOffset="5524" SrcFileId="19" StartOffset="5321"/>
</LocList>
<StmntSeq Intrnl_Id="4655">
<LocList>
<Loc EndOffset="5504" SrcFileId="19" StartOffset="5326"/>
<Loc EndOffset="5520" SrcFileId="19" StartOffset="5508"/>
</LocList>
<LoopStmnt CovItemId="S80" CovItemPrefix="game.ClassicChess.java" Intrnl_Id="4656" MltplExecId="L2-2" MltplExecPrefix="game.ClassicChess.java" NvrExecId="L2-0" NvrExecPrefix="game.ClassicChess.java" OnceExecutedId="L2-1" OnceExecutedPrefix="game.ClassicChess.java" OptBodyExec="true">
<StmntSeq Intrnl_Id="4657">
<LocList>
<Loc EndOffset="5448" SrcFileId="19" StartOffset="5362"/>
<Loc EndOffset="5499" SrcFileId="19" StartOffset="5453"/>
</LocList>
<BasicStmnt CovItemId="S81" CovItemPrefix="game.ClassicChess.java" Intrnl_Id="4658">
<LocList>
<Loc EndOffset="5448" SrcFileId="19" StartOffset="5362"/>
</LocList>
</BasicStmnt>
<CondStmnt CovItemId="S82" CovItemPrefix="game.ClassicChess.java" Intrnl_Id="4659">
<Branch CovItemId="B37" CovItemPrefix="game.ClassicChess.java" Implct="false" Intrnl_Id="4660">
<Cond/>
<LocList>
<Loc EndOffset="5499" SrcFileId="19" StartOffset="5473"/>
</LocList>
<StmntSeq Intrnl_Id="4661">
<LocList>
<Loc EndOffset="5493" SrcFileId="19" StartOffset="5480"/>
</LocList>
<BasicStmnt CovItemId="S83" CovItemPrefix="game.ClassicChess.java" Intrnl_Id="4662">
<LocList>
<Loc EndOffset="5493" SrcFileId="19" StartOffset="5480"/>
</LocList>
</BasicStmnt>
</StmntSeq>
</Branch>
<Branch CovItemId="B38" CovItemPrefix="game.ClassicChess.java" Implct="true" Intrnl_Id="4663">
<Cond/>
<LocList/>
<StmntSeq Intrnl_Id="4664">
<LocList/>
</StmntSeq>
</Branch>
<Keyword EndOffset="5455" SrcFileId="19" StartOffset="5453"/>
<LocList>
<Loc EndOffset="5499" SrcFileId="19" StartOffset="5453"/>
</LocList>
<RootTerm CovItemId="C21" CovItemPrefix="game.ClassicChess.java" Intrnl_Id="4665">
<BasicBoolTerm Intrnl_Id="4666">
<LocList>
<Loc EndOffset="5471" SrcFileId="19" StartOffset="5456"/>
</LocList>
</BasicBoolTerm>
</RootTerm>
</CondStmnt>
</StmntSeq>
<Keyword EndOffset="5329" SrcFileId="19" StartOffset="5326"/>
<LocList>
<Loc EndOffset="5504" SrcFileId="19" StartOffset="5326"/>
</LocList>
<RootTerm CovItemId="C20" CovItemPrefix="game.ClassicChess.java" Intrnl_Id="4667">
<BasicBoolTerm Intrnl_Id="4668">
<LocList>
<Loc EndOffset="5348" SrcFileId="19" StartOffset="5339"/>
</LocList>
</BasicBoolTerm>
</RootTerm>
</LoopStmnt>
<BasicStmnt CovItemId="S84" CovItemPrefix="game.ClassicChess.java" Intrnl_Id="4669">
<LocList>
<Loc EndOffset="5520" SrcFileId="19" StartOffset="5508"/>
</LocList>
</BasicStmnt>
</StmntSeq>
</Branch>
<Branch CovItemId="B36" CovItemPrefix="game.ClassicChess.java" Implct="false" Intrnl_Id="4670">
<Cond>
<Loc EndOffset="5554" SrcFileId="19" StartOffset="5550"/>
</Cond>
<LocList>
<Loc EndOffset="5773" SrcFileId="19" StartOffset="5555"/>
</LocList>
<StmntSeq Intrnl_Id="4671">
<LocList>
<Loc EndOffset="5773" SrcFileId="19" StartOffset="5555"/>
</LocList>
<CondStmnt CovItemId="S85" CovItemPrefix="game.ClassicChess.java" Intrnl_Id="4672">
<Branch CovItemId="B39" CovItemPrefix="game.ClassicChess.java" Implct="false" Intrnl_Id="4673">
<Cond/>
<LocList>
<Loc EndOffset="5773" SrcFileId="19" StartOffset="5570"/>
</LocList>
<StmntSeq Intrnl_Id="4674">
<LocList>
<Loc EndOffset="5753" SrcFileId="19" StartOffset="5575"/>
<Loc EndOffset="5769" SrcFileId="19" StartOffset="5757"/>
</LocList>
<LoopStmnt CovItemId="S86" CovItemPrefix="game.ClassicChess.java" Intrnl_Id="4675" MltplExecId="L3-2" MltplExecPrefix="game.ClassicChess.java" NvrExecId="L3-0" NvrExecPrefix="game.ClassicChess.java" OnceExecutedId="L3-1" OnceExecutedPrefix="game.ClassicChess.java" OptBodyExec="true">
<StmntSeq Intrnl_Id="4676">
<LocList>
<Loc EndOffset="5697" SrcFileId="19" StartOffset="5611"/>
<Loc EndOffset="5748" SrcFileId="19" StartOffset="5702"/>
</LocList>
<BasicStmnt CovItemId="S87" CovItemPrefix="game.ClassicChess.java" Intrnl_Id="4677">
<LocList>
<Loc EndOffset="5697" SrcFileId="19" StartOffset="5611"/>
</LocList>
</BasicStmnt>
<CondStmnt CovItemId="S88" CovItemPrefix="game.ClassicChess.java" Intrnl_Id="4678">
<Branch CovItemId="B41" CovItemPrefix="game.ClassicChess.java" Implct="false" Intrnl_Id="4679">
<Cond/>
<LocList>
<Loc EndOffset="5748" SrcFileId="19" StartOffset="5722"/>
</LocList>
<StmntSeq Intrnl_Id="4680">
<LocList>
<Loc EndOffset="5742" SrcFileId="19" StartOffset="5729"/>
</LocList>
<BasicStmnt CovItemId="S89" CovItemPrefix="game.ClassicChess.java" Intrnl_Id="4681">
<LocList>
<Loc EndOffset="5742" SrcFileId="19" StartOffset="5729"/>
</LocList>
</BasicStmnt>
</StmntSeq>
</Branch>
<Branch CovItemId="B42" CovItemPrefix="game.ClassicChess.java" Implct="true" Intrnl_Id="4682">
<Cond/>
<LocList/>
<StmntSeq Intrnl_Id="4683">
<LocList/>
</StmntSeq>
</Branch>
<Keyword EndOffset="5704" SrcFileId="19" StartOffset="5702"/>
<LocList>
<Loc EndOffset="5748" SrcFileId="19" StartOffset="5702"/>
</LocList>
<RootTerm CovItemId="C24" CovItemPrefix="game.ClassicChess.java" Intrnl_Id="4684">
<BasicBoolTerm Intrnl_Id="4685">
<LocList>
<Loc EndOffset="5720" SrcFileId="19" StartOffset="5705"/>
</LocList>
</BasicBoolTerm>
</RootTerm>
</CondStmnt>
</StmntSeq>
<Keyword EndOffset="5578" SrcFileId="19" StartOffset="5575"/>
<LocList>
<Loc EndOffset="5753" SrcFileId="19" StartOffset="5575"/>
</LocList>
<RootTerm CovItemId="C23" CovItemPrefix="game.ClassicChess.java" Intrnl_Id="4686">
<BasicBoolTerm Intrnl_Id="4687">
<LocList>
<Loc EndOffset="5597" SrcFileId="19" StartOffset="5588"/>
</LocList>
</BasicBoolTerm>
</RootTerm>
</LoopStmnt>
<BasicStmnt CovItemId="S90" CovItemPrefix="game.ClassicChess.java" Intrnl_Id="4688">
<LocList>
<Loc EndOffset="5769" SrcFileId="19" StartOffset="5757"/>
</LocList>
</BasicStmnt>
</StmntSeq>
</Branch>
<Branch CovItemId="B40" CovItemPrefix="game.ClassicChess.java" Implct="true" Intrnl_Id="4689">
<Cond/>
<LocList/>
<StmntSeq Intrnl_Id="4690">
<LocList/>
</StmntSeq>
</Branch>
<Keyword EndOffset="5557" SrcFileId="19" StartOffset="5555"/>
<LocList>
<Loc EndOffset="5773" SrcFileId="19" StartOffset="5555"/>
</LocList>
<RootTerm CovItemId="C22" CovItemPrefix="game.ClassicChess.java" Intrnl_Id="4691">
<BasicBoolTerm Intrnl_Id="4692">
<LocList>
<Loc EndOffset="5568" SrcFileId="19" StartOffset="5558"/>
</LocList>
</BasicBoolTerm>
</RootTerm>
</CondStmnt>
</StmntSeq>
</Branch>
<Keyword EndOffset="5308" SrcFileId="19" StartOffset="5306"/>
<LocList>
<Loc EndOffset="5773" SrcFileId="19" StartOffset="5306"/>
</LocList>
<RootTerm CovItemId="C19" CovItemPrefix="game.ClassicChess.java" Intrnl_Id="4693">
<BasicBoolTerm Intrnl_Id="4694">
<LocList>
<Loc EndOffset="5319" SrcFileId="19" StartOffset="5309"/>
</LocList>
</BasicBoolTerm>
</RootTerm>
</CondStmnt>
</StmntSeq>
</Branch>
<Keyword EndOffset="5040" SrcFileId="19" StartOffset="5038"/>
<LocList>
<Loc EndOffset="5773" SrcFileId="19" StartOffset="5038"/>
</LocList>
<RootTerm CovItemId="C16" CovItemPrefix="game.ClassicChess.java" Intrnl_Id="4695">
<BasicBoolTerm Intrnl_Id="4696">
<LocList>
<Loc EndOffset="5055" SrcFileId="19" StartOffset="5041"/>
</LocList>
</BasicBoolTerm>
</RootTerm>
</CondStmnt>
<BasicStmnt CovItemId="S91" CovItemPrefix="game.ClassicChess.java" Intrnl_Id="4697">
<LocList>
<Loc EndOffset="5790" SrcFileId="19" StartOffset="5777"/>
</LocList>
</BasicStmnt>
</StmntSeq>
</HierarchyLvl>
<HierarchyLvl HierarchyLvlId="1125" HierarchyLvlTypeId="27" Intrnl_Id="4698" Name="validateBishopMove">
<Header>
<Loc EndOffset="6093" SrcFileId="19" StartOffset="6036"/>
</Header>
<LocList>
<Loc EndOffset="6967" SrcFileId="19" StartOffset="6036"/>
</LocList>
<StmntSeq Intrnl_Id="4699">
<LocList>
<Loc EndOffset="6227" SrcFileId="19" StartOffset="6155"/>
<Loc EndOffset="6302" SrcFileId="19" StartOffset="6230"/>
<Loc EndOffset="6449" SrcFileId="19" StartOffset="6339"/>
<Loc EndOffset="6947" SrcFileId="19" StartOffset="6476"/>
<Loc EndOffset="6964" SrcFileId="19" StartOffset="6951"/>
</LocList>
<BasicStmnt CovItemId="S92" CovItemPrefix="game.ClassicChess.java" Intrnl_Id="4700">
<LocList>
<Loc EndOffset="6227" SrcFileId="19" StartOffset="6155"/>
</LocList>
</BasicStmnt>
<BasicStmnt CovItemId="S93" CovItemPrefix="game.ClassicChess.java" Intrnl_Id="4701">
<LocList>
<Loc EndOffset="6302" SrcFileId="19" StartOffset="6230"/>
</LocList>
</BasicStmnt>
<CondStmnt CovItemId="S94" CovItemPrefix="game.ClassicChess.java" Intrnl_Id="4702">
<Branch CovItemId="B43" CovItemPrefix="game.ClassicChess.java" Implct="false" Intrnl_Id="4703">
<Cond/>
<LocList>
<Loc EndOffset="6449" SrcFileId="19" StartOffset="6427"/>
</LocList>
<StmntSeq Intrnl_Id="4704">
<LocList>
<Loc EndOffset="6445" SrcFileId="19" StartOffset="6432"/>
</LocList>
<BasicStmnt CovItemId="S95" CovItemPrefix="game.ClassicChess.java" Intrnl_Id="4705">
<LocList>
<Loc EndOffset="6445" SrcFileId="19" StartOffset="6432"/>
</LocList>
</BasicStmnt>
</StmntSeq>
</Branch>
<Branch CovItemId="B44" CovItemPrefix="game.ClassicChess.java" Implct="true" Intrnl_Id="4706">
<Cond/>
<LocList/>
<StmntSeq Intrnl_Id="4707">
<LocList/>
</StmntSeq>
</Branch>
<Keyword EndOffset="6341" SrcFileId="19" StartOffset="6339"/>
<LocList>
<Loc EndOffset="6449" SrcFileId="19" StartOffset="6339"/>
</LocList>
<RootTerm CovItemId="C25" CovItemPrefix="game.ClassicChess.java" Intrnl_Id="4708">
<OpTerm BooleanOpId="23" Intrnl_Id="4709">
<BasicBoolTerm Intrnl_Id="4710">
<LocList>
<Loc EndOffset="6372" SrcFileId="19" StartOffset="6342"/>
</LocList>
</BasicBoolTerm>
<BasicBoolTerm Intrnl_Id="4711">
<LocList>
<Loc EndOffset="6425" SrcFileId="19" StartOffset="6376"/>
</LocList>
</BasicBoolTerm>
<LocList>
<Loc EndOffset="6375" SrcFileId="19" StartOffset="6373"/>
</LocList>
</OpTerm>
</RootTerm>
</CondStmnt>
<CondStmnt CovItemId="S96" CovItemPrefix="game.ClassicChess.java" Intrnl_Id="4712">
<Branch CovItemId="B45" CovItemPrefix="game.ClassicChess.java" Implct="false" Intrnl_Id="4713">
<Cond/>
<LocList>
<Loc EndOffset="6947" SrcFileId="19" StartOffset="6495"/>
</LocList>
<StmntSeq Intrnl_Id="4714">
<LocList>
<Loc EndOffset="6513" SrcFileId="19" StartOffset="6500"/>
<Loc EndOffset="6530" SrcFileId="19" StartOffset="6517"/>
<Loc EndOffset="6632" SrcFileId="19" StartOffset="6553"/>
<Loc EndOffset="6731" SrcFileId="19" StartOffset="6652"/>
<Loc EndOffset="6927" SrcFileId="19" StartOffset="6736"/>
<Loc EndOffset="6943" SrcFileId="19" StartOffset="6931"/>
</LocList>
<BasicStmnt CovItemId="S97" CovItemPrefix="game.ClassicChess.java" Intrnl_Id="4715">
<LocList>
<Loc EndOffset="6513" SrcFileId="19" StartOffset="6500"/>
</LocList>
</BasicStmnt>
<BasicStmnt CovItemId="S98" CovItemPrefix="game.ClassicChess.java" Intrnl_Id="4716">
<LocList>
<Loc EndOffset="6530" SrcFileId="19" StartOffset="6517"/>
</LocList>
</BasicStmnt>
<CondStmnt CovItemId="S99" CovItemPrefix="game.ClassicChess.java" Intrnl_Id="4717">
<Branch CovItemId="B47" CovItemPrefix="game.ClassicChess.java" Implct="false" Intrnl_Id="4718">
<Cond/>
<LocList>
<Loc EndOffset="6632" SrcFileId="19" StartOffset="6611"/>
</LocList>
<StmntSeq Intrnl_Id="4719">
<LocList>
<Loc EndOffset="6627" SrcFileId="19" StartOffset="6617"/>
</LocList>
<BasicStmnt CovItemId="S100" CovItemPrefix="game.ClassicChess.java" Intrnl_Id="4720">
<LocList>
<Loc EndOffset="6627" SrcFileId="19" StartOffset="6617"/>
</LocList>
</BasicStmnt>
</StmntSeq>
</Branch>
<Branch CovItemId="B48" CovItemPrefix="game.ClassicChess.java" Implct="true" Intrnl_Id="4721">
<Cond/>
<LocList/>
<StmntSeq Intrnl_Id="4722">
<LocList/>
</StmntSeq>
</Branch>
<Keyword EndOffset="6555" SrcFileId="19" StartOffset="6553"/>
<LocList>
<Loc EndOffset="6632" SrcFileId="19" StartOffset="6553"/>
</LocList>
<RootTerm CovItemId="C27" CovItemPrefix="game.ClassicChess.java" Intrnl_Id="4723">
<BasicBoolTerm Intrnl_Id="4724">
<LocList>
<Loc EndOffset="6609" SrcFileId="19" StartOffset="6556"/>
</LocList>
</BasicBoolTerm>
</RootTerm>
</CondStmnt>
<CondStmnt CovItemId="S101" CovItemPrefix="game.ClassicChess.java" Intrnl_Id="4725">
<Branch CovItemId="B49" CovItemPrefix="game.ClassicChess.java" Implct="false" Intrnl_Id="4726">
<Cond/>
<LocList>
<Loc EndOffset="6731" SrcFileId="19" StartOffset="6710"/>
</LocList>
<StmntSeq Intrnl_Id="4727">
<LocList>
<Loc EndOffset="6726" SrcFileId="19" StartOffset="6716"/>
</LocList>
<BasicStmnt CovItemId="S102" CovItemPrefix="game.ClassicChess.java" Intrnl_Id="4728">
<LocList>
<Loc EndOffset="6726" SrcFileId="19" StartOffset="6716"/>
</LocList>
</BasicStmnt>
</StmntSeq>
</Branch>
<Branch CovItemId="B50" CovItemPrefix="game.ClassicChess.java" Implct="true" Intrnl_Id="4729">
<Cond/>
<LocList/>
<StmntSeq Intrnl_Id="4730">
<LocList/>
</StmntSeq>
</Branch>
<Keyword EndOffset="6654" SrcFileId="19" StartOffset="6652"/>
<LocList>
<Loc EndOffset="6731" SrcFileId="19" StartOffset="6652"/>
</LocList>
<RootTerm CovItemId="C28" CovItemPrefix="game.ClassicChess.java" Intrnl_Id="4731">
<BasicBoolTerm Intrnl_Id="4732">
<LocList>
<Loc EndOffset="6708" SrcFileId="19" StartOffset="6655"/>
</LocList>
</BasicBoolTerm>
</RootTerm>
</CondStmnt>
<LoopStmnt CovItemId="S103" CovItemPrefix="game.ClassicChess.java" Intrnl_Id="4733" MltplExecId="L4-2" MltplExecPrefix="game.ClassicChess.java" NvrExecId="L4-0" NvrExecPrefix="game.ClassicChess.java" OnceExecutedId="L4-1" OnceExecutedPrefix="game.ClassicChess.java" OptBodyExec="true">
<StmntSeq Intrnl_Id="4734">
<LocList>
<Loc EndOffset="6871" SrcFileId="19" StartOffset="6772"/>
<Loc EndOffset="6922" SrcFileId="19" StartOffset="6876"/>
</LocList>
<BasicStmnt CovItemId="S104" CovItemPrefix="game.ClassicChess.java" Intrnl_Id="4735">
<LocList>
<Loc EndOffset="6871" SrcFileId="19" StartOffset="6772"/>
</LocList>
</BasicStmnt>
<CondStmnt CovItemId="S105" CovItemPrefix="game.ClassicChess.java" Intrnl_Id="4736">
<Branch CovItemId="B51" CovItemPrefix="game.ClassicChess.java" Implct="false" Intrnl_Id="4737">
<Cond/>
<LocList>
<Loc EndOffset="6922" SrcFileId="19" StartOffset="6896"/>
</LocList>
<StmntSeq Intrnl_Id="4738">
<LocList>
<Loc EndOffset="6916" SrcFileId="19" StartOffset="6903"/>
</LocList>
<BasicStmnt CovItemId="S106" CovItemPrefix="game.ClassicChess.java" Intrnl_Id="4739">
<LocList>
<Loc EndOffset="6916" SrcFileId="19" StartOffset="6903"/>
</LocList>
</BasicStmnt>
</StmntSeq>
</Branch>
<Branch CovItemId="B52" CovItemPrefix="game.ClassicChess.java" Implct="true" Intrnl_Id="4740">
<Cond/>
<LocList/>
<StmntSeq Intrnl_Id="4741">
<LocList/>
</StmntSeq>
</Branch>
<Keyword EndOffset="6878" SrcFileId="19" StartOffset="6876"/>
<LocList>
<Loc EndOffset="6922" SrcFileId="19" StartOffset="6876"/>
</LocList>
<RootTerm CovItemId="C30" CovItemPrefix="game.ClassicChess.java" Intrnl_Id="4742">
<BasicBoolTerm Intrnl_Id="4743">
<LocList>
<Loc EndOffset="6894" SrcFileId="19" StartOffset="6879"/>
</LocList>
</BasicBoolTerm>
</RootTerm>
</CondStmnt>
</StmntSeq>
<Keyword EndOffset="6739" SrcFileId="19" StartOffset="6736"/>
<LocList>
<Loc EndOffset="6927" SrcFileId="19" StartOffset="6736"/>
</LocList>
<RootTerm CovItemId="C29" CovItemPrefix="game.ClassicChess.java" Intrnl_Id="4744">
<BasicBoolTerm Intrnl_Id="4745">
<LocList>
<Loc EndOffset="6758" SrcFileId="19" StartOffset="6749"/>
</LocList>
</BasicBoolTerm>
</RootTerm>
</LoopStmnt>
<BasicStmnt CovItemId="S107" CovItemPrefix="game.ClassicChess.java" Intrnl_Id="4746">
<LocList>
<Loc EndOffset="6943" SrcFileId="19" StartOffset="6931"/>
</LocList>
</BasicStmnt>
</StmntSeq>
</Branch>
<Branch CovItemId="B46" CovItemPrefix="game.ClassicChess.java" Implct="true" Intrnl_Id="4747">
<Cond/>
<LocList/>
<StmntSeq Intrnl_Id="4748">
<LocList/>
</StmntSeq>
</Branch>
<Keyword EndOffset="6478" SrcFileId="19" StartOffset="6476"/>
<LocList>
<Loc EndOffset="6947" SrcFileId="19" StartOffset="6476"/>
</LocList>
<RootTerm CovItemId="C26" CovItemPrefix="game.ClassicChess.java" Intrnl_Id="4749">
<BasicBoolTerm Intrnl_Id="4750">
<LocList>
<Loc EndOffset="6493" SrcFileId="19" StartOffset="6479"/>
</LocList>
</BasicBoolTerm>
</RootTerm>
</CondStmnt>
<BasicStmnt CovItemId="S108" CovItemPrefix="game.ClassicChess.java" Intrnl_Id="4751">
<LocList>
<Loc EndOffset="6964" SrcFileId="19" StartOffset="6951"/>
</LocList>
</BasicStmnt>
</StmntSeq>
</HierarchyLvl>
<HierarchyLvl HierarchyLvlId="1126" HierarchyLvlTypeId="27" Intrnl_Id="4752" Name="validateRookMove">
<Header>
<Loc EndOffset="7265" SrcFileId="19" StartOffset="7210"/>
</Header>
<LocList>
<Loc EndOffset="8364" SrcFileId="19" StartOffset="7210"/>
</LocList>
<StmntSeq Intrnl_Id="4753">
<LocList>
<Loc EndOffset="7399" SrcFileId="19" StartOffset="7327"/>
<Loc EndOffset="7474" SrcFileId="19" StartOffset="7402"/>
<Loc EndOffset="7621" SrcFileId="19" StartOffset="7511"/>
<Loc EndOffset="7638" SrcFileId="19" StartOffset="7625"/>
<Loc EndOffset="7654" SrcFileId="19" StartOffset="7641"/>
<Loc EndOffset="7752" SrcFileId="19" StartOffset="7675"/>
<Loc EndOffset="7847" SrcFileId="19" StartOffset="7770"/>
<Loc EndOffset="8344" SrcFileId="19" StartOffset="7874"/>
<Loc EndOffset="8361" SrcFileId="19" StartOffset="8348"/>
</LocList>
<BasicStmnt CovItemId="S109" CovItemPrefix="game.ClassicChess.java" Intrnl_Id="4754">
<LocList>
<Loc EndOffset="7399" SrcFileId="19" StartOffset="7327"/>
</LocList>
</BasicStmnt>
<BasicStmnt CovItemId="S110" CovItemPrefix="game.ClassicChess.java" Intrnl_Id="4755">
<LocList>
<Loc EndOffset="7474" SrcFileId="19" StartOffset="7402"/>
</LocList>
</BasicStmnt>
<CondStmnt CovItemId="S111" CovItemPrefix="game.ClassicChess.java" Intrnl_Id="4756">
<Branch CovItemId="B53" CovItemPrefix="game.ClassicChess.java" Implct="false" Intrnl_Id="4757">
<Cond/>
<LocList>
<Loc EndOffset="7621" SrcFileId="19" StartOffset="7599"/>
</LocList>
<StmntSeq Intrnl_Id="4758">
<LocList>
<Loc EndOffset="7617" SrcFileId="19" StartOffset="7604"/>
</LocList>
<BasicStmnt CovItemId="S112" CovItemPrefix="game.ClassicChess.java" Intrnl_Id="4759">
<LocList>
<Loc EndOffset="7617" SrcFileId="19" StartOffset="7604"/>
</LocList>
</BasicStmnt>
</StmntSeq>
</Branch>
<Branch CovItemId="B54" CovItemPrefix="game.ClassicChess.java" Implct="true" Intrnl_Id="4760">
<Cond/>
<LocList/>
<StmntSeq Intrnl_Id="4761">
<LocList/>
</StmntSeq>
</Branch>
<Keyword EndOffset="7513" SrcFileId="19" StartOffset="7511"/>
<LocList>
<Loc EndOffset="7621" SrcFileId="19" StartOffset="7511"/>
</LocList>
<RootTerm CovItemId="C31" CovItemPrefix="game.ClassicChess.java" Intrnl_Id="4762">
<OpTerm BooleanOpId="23" Intrnl_Id="4763">
<BasicBoolTerm Intrnl_Id="4764">
<LocList>
<Loc EndOffset="7544" SrcFileId="19" StartOffset="7514"/>
</LocList>
</BasicBoolTerm>
<BasicBoolTerm Intrnl_Id="4765">
<LocList>
<Loc EndOffset="7597" SrcFileId="19" StartOffset="7548"/>
</LocList>
</BasicBoolTerm>
<LocList>
<Loc EndOffset="7547" SrcFileId="19" StartOffset="7545"/>
</LocList>
</OpTerm>
</RootTerm>
</CondStmnt>
<BasicStmnt CovItemId="S113" CovItemPrefix="game.ClassicChess.java" Intrnl_Id="4766">
<LocList>
<Loc EndOffset="7638" SrcFileId="19" StartOffset="7625"/>
</LocList>
</BasicStmnt>
<BasicStmnt CovItemId="S114" CovItemPrefix="game.ClassicChess.java" Intrnl_Id="4767">
<LocList>
<Loc EndOffset="7654" SrcFileId="19" StartOffset="7641"/>
</LocList>
</BasicStmnt>
<CondStmnt CovItemId="S115" CovItemPrefix="game.ClassicChess.java" Intrnl_Id="4768">
<Branch CovItemId="B55" CovItemPrefix="game.ClassicChess.java" Implct="false" Intrnl_Id="4769">
<Cond/>
<LocList>
<Loc EndOffset="7752" SrcFileId="19" StartOffset="7733"/>
</LocList>
<StmntSeq Intrnl_Id="4770">
<LocList>
<Loc EndOffset="7748" SrcFileId="19" StartOffset="7738"/>
</LocList>
<BasicStmnt CovItemId="S116" CovItemPrefix="game.ClassicChess.java" Intrnl_Id="4771">
<LocList>
<Loc EndOffset="7748" SrcFileId="19" StartOffset="7738"/>
</LocList>
</BasicStmnt>
</StmntSeq>
</Branch>
<Branch CovItemId="B56" CovItemPrefix="game.ClassicChess.java" Implct="true" Intrnl_Id="4772">
<Cond/>
<LocList/>
<StmntSeq Intrnl_Id="4773">
<LocList/>
</StmntSeq>
</Branch>
<Keyword EndOffset="7677" SrcFileId="19" StartOffset="7675"/>
<LocList>
<Loc EndOffset="7752" SrcFileId="19" StartOffset="7675"/>
</LocList>
<RootTerm CovItemId="C32" CovItemPrefix="game.ClassicChess.java" Intrnl_Id="4774">
<BasicBoolTerm Intrnl_Id="4775">
<LocList>
<Loc EndOffset="7731" SrcFileId="19" StartOffset="7678"/>
</LocList>
</BasicBoolTerm>
</RootTerm>
</CondStmnt>
<CondStmnt CovItemId="S117" CovItemPrefix="game.ClassicChess.java" Intrnl_Id="4776">
<Branch CovItemId="B57" CovItemPrefix="game.ClassicChess.java" Implct="false" Intrnl_Id="4777">
<Cond/>
<LocList>
<Loc EndOffset="7847" SrcFileId="19" StartOffset="7828"/>
</LocList>
<StmntSeq Intrnl_Id="4778">
<LocList>
<Loc EndOffset="7843" SrcFileId="19" StartOffset="7833"/>
</LocList>
<BasicStmnt CovItemId="S118" CovItemPrefix="game.ClassicChess.java" Intrnl_Id="4779">
<LocList>
<Loc EndOffset="7843" SrcFileId="19" StartOffset="7833"/>
</LocList>
</BasicStmnt>
</StmntSeq>
</Branch>
<Branch CovItemId="B58" CovItemPrefix="game.ClassicChess.java" Implct="true" Intrnl_Id="4780">
<Cond/>
<LocList/>
<StmntSeq Intrnl_Id="4781">
<LocList/>
</StmntSeq>
</Branch>
<Keyword EndOffset="7772" SrcFileId="19" StartOffset="7770"/>
<LocList>
<Loc EndOffset="7847" SrcFileId="19" StartOffset="7770"/>
</LocList>
<RootTerm CovItemId="C33" CovItemPrefix="game.ClassicChess.java" Intrnl_Id="4782">
<BasicBoolTerm Intrnl_Id="4783">
<LocList>
<Loc EndOffset="7826" SrcFileId="19" StartOffset="7773"/>
</LocList>
</BasicBoolTerm>
</RootTerm>
</CondStmnt>
<CondStmnt CovItemId="S119" CovItemPrefix="game.ClassicChess.java" Intrnl_Id="4784">
<Branch CovItemId="B59" CovItemPrefix="game.ClassicChess.java" Implct="false" Intrnl_Id="4785">
<Cond/>
<LocList>
<Loc EndOffset="8093" SrcFileId="19" StartOffset="7889"/>
</LocList>
<StmntSeq Intrnl_Id="4786">
<LocList>
<Loc EndOffset="8073" SrcFileId="19" StartOffset="7894"/>
<Loc EndOffset="8089" SrcFileId="19" StartOffset="8077"/>
</LocList>
<LoopStmnt CovItemId="S120" CovItemPrefix="game.ClassicChess.java" Intrnl_Id="4787" MltplExecId="L5-2" MltplExecPrefix="game.ClassicChess.java" NvrExecId="L5-0" NvrExecPrefix="game.ClassicChess.java" OnceExecutedId="L5-1" OnceExecutedPrefix="game.ClassicChess.java" OptBodyExec="true">
<StmntSeq Intrnl_Id="4788">
<LocList>
<Loc EndOffset="8017" SrcFileId="19" StartOffset="7931"/>
<Loc EndOffset="8068" SrcFileId="19" StartOffset="8022"/>
</LocList>
<BasicStmnt CovItemId="S121" CovItemPrefix="game.ClassicChess.java" Intrnl_Id="4789">
<LocList>
<Loc EndOffset="8017" SrcFileId="19" StartOffset="7931"/>
</LocList>
</BasicStmnt>
<CondStmnt CovItemId="S122" CovItemPrefix="game.ClassicChess.java" Intrnl_Id="4790">
<Branch CovItemId="B61" CovItemPrefix="game.ClassicChess.java" Implct="false" Intrnl_Id="4791">
<Cond/>
<LocList>
<Loc EndOffset="8068" SrcFileId="19" StartOffset="8042"/>
</LocList>
<StmntSeq Intrnl_Id="4792">
<LocList>
<Loc EndOffset="8062" SrcFileId="19" StartOffset="8049"/>
</LocList>
<BasicStmnt CovItemId="S123" CovItemPrefix="game.ClassicChess.java" Intrnl_Id="4793">
<LocList>
<Loc EndOffset="8062" SrcFileId="19" StartOffset="8049"/>
</LocList>
</BasicStmnt>
</StmntSeq>
</Branch>
<Branch CovItemId="B62" CovItemPrefix="game.ClassicChess.java" Implct="true" Intrnl_Id="4794">
<Cond/>
<LocList/>
<StmntSeq Intrnl_Id="4795">
<LocList/>
</StmntSeq>
</Branch>
<Keyword EndOffset="8024" SrcFileId="19" StartOffset="8022"/>
<LocList>
<Loc EndOffset="8068" SrcFileId="19" StartOffset="8022"/>
</LocList>
<RootTerm CovItemId="C36" CovItemPrefix="game.ClassicChess.java" Intrnl_Id="4796">
<BasicBoolTerm Intrnl_Id="4797">
<LocList>
<Loc EndOffset="8040" SrcFileId="19" StartOffset="8025"/>
</LocList>
</BasicBoolTerm>
</RootTerm>
</CondStmnt>
</StmntSeq>
<Keyword EndOffset="7897" SrcFileId="19" StartOffset="7894"/>
<LocList>
<Loc EndOffset="8073" SrcFileId="19" StartOffset="7894"/>
</LocList>
<RootTerm CovItemId="C35" CovItemPrefix="game.ClassicChess.java" Intrnl_Id="4798">
<BasicBoolTerm Intrnl_Id="4799">
<LocList>
<Loc EndOffset="7916" SrcFileId="19" StartOffset="7907"/>
</LocList>
</BasicBoolTerm>
</RootTerm>
</LoopStmnt>
<BasicStmnt CovItemId="S124" CovItemPrefix="game.ClassicChess.java" Intrnl_Id="4800">
<LocList>
<Loc EndOffset="8089" SrcFileId="19" StartOffset="8077"/>
</LocList>
</BasicStmnt>
</StmntSeq>
</Branch>
<Branch CovItemId="B60" CovItemPrefix="game.ClassicChess.java" Implct="false" Intrnl_Id="4801">
<Cond>
<Loc EndOffset="8125" SrcFileId="19" StartOffset="8121"/>
</Cond>
<LocList>
<Loc EndOffset="8344" SrcFileId="19" StartOffset="8126"/>
</LocList>
<StmntSeq Intrnl_Id="4802">
<LocList>
<Loc EndOffset="8344" SrcFileId="19" StartOffset="8126"/>
</LocList>
<CondStmnt CovItemId="S125" CovItemPrefix="game.ClassicChess.java" Intrnl_Id="4803">
<Branch CovItemId="B63" CovItemPrefix="game.ClassicChess.java" Implct="false" Intrnl_Id="4804">
<Cond/>
<LocList>
<Loc EndOffset="8344" SrcFileId="19" StartOffset="8141"/>
</LocList>
<StmntSeq Intrnl_Id="4805">
<LocList>
<Loc EndOffset="8324" SrcFileId="19" StartOffset="8146"/>
<Loc EndOffset="8340" SrcFileId="19" StartOffset="8328"/>
</LocList>
<LoopStmnt CovItemId="S126" CovItemPrefix="game.ClassicChess.java" Intrnl_Id="4806" MltplExecId="L6-2" MltplExecPrefix="game.ClassicChess.java" NvrExecId="L6-0" NvrExecPrefix="game.ClassicChess.java" OnceExecutedId="L6-1" OnceExecutedPrefix="game.ClassicChess.java" OptBodyExec="true">
<StmntSeq Intrnl_Id="4807">
<LocList>
<Loc EndOffset="8268" SrcFileId="19" StartOffset="8182"/>
<Loc EndOffset="8319" SrcFileId="19" StartOffset="8273"/>
</LocList>
<BasicStmnt CovItemId="S127" CovItemPrefix="game.ClassicChess.java" Intrnl_Id="4808">
<LocList>
<Loc EndOffset="8268" SrcFileId="19" StartOffset="8182"/>
</LocList>
</BasicStmnt>
<CondStmnt CovItemId="S128" CovItemPrefix="game.ClassicChess.java" Intrnl_Id="4809">
<Branch CovItemId="B65" CovItemPrefix="game.ClassicChess.java" Implct="false" Intrnl_Id="4810">
<Cond/>
<LocList>
<Loc EndOffset="8319" SrcFileId="19" StartOffset="8293"/>
</LocList>
<StmntSeq Intrnl_Id="4811">
<LocList>
<Loc EndOffset="8313" SrcFileId="19" StartOffset="8300"/>
</LocList>
<BasicStmnt CovItemId="S129" CovItemPrefix="game.ClassicChess.java" Intrnl_Id="4812">
<LocList>
<Loc EndOffset="8313" SrcFileId="19" StartOffset="8300"/>
</LocList>
</BasicStmnt>
</StmntSeq>
</Branch>
<Branch CovItemId="B66" CovItemPrefix="game.ClassicChess.java" Implct="true" Intrnl_Id="4813">
<Cond/>
<LocList/>
<StmntSeq Intrnl_Id="4814">
<LocList/>
</StmntSeq>
</Branch>
<Keyword EndOffset="8275" SrcFileId="19" StartOffset="8273"/>
<LocList>
<Loc EndOffset="8319" SrcFileId="19" StartOffset="8273"/>
</LocList>
<RootTerm CovItemId="C39" CovItemPrefix="game.ClassicChess.java" Intrnl_Id="4815">
<BasicBoolTerm Intrnl_Id="4816">
<LocList>
<Loc EndOffset="8291" SrcFileId="19" StartOffset="8276"/>
</LocList>
</BasicBoolTerm>
</RootTerm>
</CondStmnt>
</StmntSeq>
<Keyword EndOffset="8149" SrcFileId="19" StartOffset="8146"/>
<LocList>
<Loc EndOffset="8324" SrcFileId="19" StartOffset="8146"/>
</LocList>
<RootTerm CovItemId="C38" CovItemPrefix="game.ClassicChess.java" Intrnl_Id="4817">
<BasicBoolTerm Intrnl_Id="4818">
<LocList>
<Loc EndOffset="8168" SrcFileId="19" StartOffset="8159"/>
</LocList>
</BasicBoolTerm>
</RootTerm>
</LoopStmnt>
<BasicStmnt CovItemId="S130" CovItemPrefix="game.ClassicChess.java" Intrnl_Id="4819">
<LocList>
<Loc EndOffset="8340" SrcFileId="19" StartOffset="8328"/>
</LocList>
</BasicStmnt>
</StmntSeq>
</Branch>
<Branch CovItemId="B64" CovItemPrefix="game.ClassicChess.java" Implct="true" Intrnl_Id="4820">
<Cond/>
<LocList/>
<StmntSeq Intrnl_Id="4821">
<LocList/>
</StmntSeq>
</Branch>
<Keyword EndOffset="8128" SrcFileId="19" StartOffset="8126"/>
<LocList>
<Loc EndOffset="8344" SrcFileId="19" StartOffset="8126"/>
</LocList>
<RootTerm CovItemId="C37" CovItemPrefix="game.ClassicChess.java" Intrnl_Id="4822">
<BasicBoolTerm Intrnl_Id="4823">
<LocList>
<Loc EndOffset="8139" SrcFileId="19" StartOffset="8129"/>
</LocList>
</BasicBoolTerm>
</RootTerm>
</CondStmnt>
</StmntSeq>
</Branch>
<Keyword EndOffset="7876" SrcFileId="19" StartOffset="7874"/>
<LocList>
<Loc EndOffset="8344" SrcFileId="19" StartOffset="7874"/>
</LocList>
<RootTerm CovItemId="C34" CovItemPrefix="game.ClassicChess.java" Intrnl_Id="4824">
<BasicBoolTerm Intrnl_Id="4825">
<LocList>
<Loc EndOffset="7887" SrcFileId="19" StartOffset="7877"/>
</LocList>
</BasicBoolTerm>
</RootTerm>
</CondStmnt>
<BasicStmnt CovItemId="S131" CovItemPrefix="game.ClassicChess.java" Intrnl_Id="4826">
<LocList>
<Loc EndOffset="8361" SrcFileId="19" StartOffset="8348"/>
</LocList>
</BasicStmnt>
</StmntSeq>
</HierarchyLvl>
<HierarchyLvl HierarchyLvlId="1127" HierarchyLvlTypeId="27" Intrnl_Id="4827" Name="validateKnightMove">
<Header>
<Loc EndOffset="8664" SrcFileId="19" StartOffset="8607"/>
</Header>
<LocList>
<Loc EndOffset="9153" SrcFileId="19" StartOffset="8607"/>
</LocList>
<StmntSeq Intrnl_Id="4828">
<LocList>
<Loc EndOffset="8813" SrcFileId="19" StartOffset="8703"/>
<Loc EndOffset="8945" SrcFileId="19" StartOffset="8873"/>
<Loc EndOffset="9020" SrcFileId="19" StartOffset="8948"/>
<Loc EndOffset="9133" SrcFileId="19" StartOffset="9025"/>
<Loc EndOffset="9150" SrcFileId="19" StartOffset="9137"/>
</LocList>
<CondStmnt CovItemId="S132" CovItemPrefix="game.ClassicChess.java" Intrnl_Id="4829">
<Branch CovItemId="B67" CovItemPrefix="game.ClassicChess.java" Implct="false" Intrnl_Id="4830">
<Cond/>
<LocList>
<Loc EndOffset="8813" SrcFileId="19" StartOffset="8791"/>
</LocList>
<StmntSeq Intrnl_Id="4831">
<LocList>
<Loc EndOffset="8809" SrcFileId="19" StartOffset="8796"/>
</LocList>
<BasicStmnt CovItemId="S133" CovItemPrefix="game.ClassicChess.java" Intrnl_Id="4832">
<LocList>
<Loc EndOffset="8809" SrcFileId="19" StartOffset="8796"/>
</LocList>
</BasicStmnt>
</StmntSeq>
</Branch>
<Branch CovItemId="B68" CovItemPrefix="game.ClassicChess.java" Implct="true" Intrnl_Id="4833">
<Cond/>
<LocList/>
<StmntSeq Intrnl_Id="4834">
<LocList/>
</StmntSeq>
</Branch>
<Keyword EndOffset="8705" SrcFileId="19" StartOffset="8703"/>
<LocList>
<Loc EndOffset="8813" SrcFileId="19" StartOffset="8703"/>
</LocList>
<RootTerm CovItemId="C40" CovItemPrefix="game.ClassicChess.java" Intrnl_Id="4835">
<OpTerm BooleanOpId="23" Intrnl_Id="4836">
<BasicBoolTerm Intrnl_Id="4837">
<LocList>
<Loc EndOffset="8736" SrcFileId="19" StartOffset="8706"/>
</LocList>
</BasicBoolTerm>
<BasicBoolTerm Intrnl_Id="4838">
<LocList>
<Loc EndOffset="8789" SrcFileId="19" StartOffset="8740"/>
</LocList>
</BasicBoolTerm>
<LocList>
<Loc EndOffset="8739" SrcFileId="19" StartOffset="8737"/>
</LocList>
</OpTerm>
</RootTerm>
</CondStmnt>
<BasicStmnt CovItemId="S134" CovItemPrefix="game.ClassicChess.java" Intrnl_Id="4839">
<LocList>
<Loc EndOffset="8945" SrcFileId="19" StartOffset="8873"/>
</LocList>
</BasicStmnt>
<BasicStmnt CovItemId="S135" CovItemPrefix="game.ClassicChess.java" Intrnl_Id="4840">
<LocList>
<Loc EndOffset="9020" SrcFileId="19" StartOffset="8948"/>
</LocList>
</BasicStmnt>
<CondStmnt CovItemId="S136" CovItemPrefix="game.ClassicChess.java" Intrnl_Id="4841">
<Branch CovItemId="B69" CovItemPrefix="game.ClassicChess.java" Implct="false" Intrnl_Id="4842">
<Cond/>
<LocList>
<Loc EndOffset="9075" SrcFileId="19" StartOffset="9054"/>
</LocList>
<StmntSeq Intrnl_Id="4843">
<LocList>
<Loc EndOffset="9071" SrcFileId="19" StartOffset="9059"/>
</LocList>
<BasicStmnt CovItemId="S137" CovItemPrefix="game.ClassicChess.java" Intrnl_Id="4844">
<LocList>
<Loc EndOffset="9071" SrcFileId="19" StartOffset="9059"/>
</LocList>
</BasicStmnt>
</StmntSeq>
</Branch>
<Branch CovItemId="B70" CovItemPrefix="game.ClassicChess.java" Implct="false" Intrnl_Id="4845">
<Cond>
<Loc EndOffset="9082" SrcFileId="19" StartOffset="9078"/>
</Cond>
<LocList>
<Loc EndOffset="9133" SrcFileId="19" StartOffset="9083"/>
</LocList>
<StmntSeq Intrnl_Id="4846">
<LocList>
<Loc EndOffset="9133" SrcFileId="19" StartOffset="9083"/>
</LocList>
<CondStmnt CovItemId="S138" CovItemPrefix="game.ClassicChess.java" Intrnl_Id="4847">
<Branch CovItemId="B71" CovItemPrefix="game.ClassicChess.java" Implct="false" Intrnl_Id="4848">
<Cond/>
<LocList>
<Loc EndOffset="9133" SrcFileId="19" StartOffset="9112"/>
</LocList>
<StmntSeq Intrnl_Id="4849">
<LocList>
<Loc EndOffset="9129" SrcFileId="19" StartOffset="9117"/>
</LocList>
<BasicStmnt CovItemId="S139" CovItemPrefix="game.ClassicChess.java" Intrnl_Id="4850">
<LocList>
<Loc EndOffset="9129" SrcFileId="19" StartOffset="9117"/>
</LocList>
</BasicStmnt>
</StmntSeq>
</Branch>
<Branch CovItemId="B72" CovItemPrefix="game.ClassicChess.java" Implct="true" Intrnl_Id="4851">
<Cond/>
<LocList/>
<StmntSeq Intrnl_Id="4852">
<LocList/>
</StmntSeq>
</Branch>
<Keyword EndOffset="9085" SrcFileId="19" StartOffset="9083"/>
<LocList>
<Loc EndOffset="9133" SrcFileId="19" StartOffset="9083"/>
</LocList>
<RootTerm CovItemId="C42" CovItemPrefix="game.ClassicChess.java" Intrnl_Id="4853">
<OpTerm BooleanOpId="23" Intrnl_Id="4854">
<BasicBoolTerm Intrnl_Id="4855">
<LocList>
<Loc EndOffset="9096" SrcFileId="19" StartOffset="9086"/>
</LocList>
</BasicBoolTerm>
<BasicBoolTerm Intrnl_Id="4856">
<LocList>
<Loc EndOffset="9110" SrcFileId="19" StartOffset="9100"/>
</LocList>
</BasicBoolTerm>
<LocList>
<Loc EndOffset="9099" SrcFileId="19" StartOffset="9097"/>
</LocList>
</OpTerm>
</RootTerm>
</CondStmnt>
</StmntSeq>
</Branch>
<Keyword EndOffset="9027" SrcFileId="19" StartOffset="9025"/>
<LocList>
<Loc EndOffset="9133" SrcFileId="19" StartOffset="9025"/>
</LocList>
<RootTerm CovItemId="C41" CovItemPrefix="game.ClassicChess.java" Intrnl_Id="4857">
<OpTerm BooleanOpId="23" Intrnl_Id="4858">
<BasicBoolTerm Intrnl_Id="4859">
<LocList>
<Loc EndOffset="9038" SrcFileId="19" StartOffset="9028"/>
</LocList>
</BasicBoolTerm>
<BasicBoolTerm Intrnl_Id="4860">
<LocList>
<Loc EndOffset="9052" SrcFileId="19" StartOffset="9042"/>
</LocList>
</BasicBoolTerm>
<LocList>
<Loc EndOffset="9041" SrcFileId="19" StartOffset="9039"/>
</LocList>
</OpTerm>
</RootTerm>
</CondStmnt>
<BasicStmnt CovItemId="S140" CovItemPrefix="game.ClassicChess.java" Intrnl_Id="4861">
<LocList>
<Loc EndOffset="9150" SrcFileId="19" StartOffset="9137"/>
</LocList>
</BasicStmnt>
</StmntSeq>
</HierarchyLvl>
<HierarchyLvl HierarchyLvlId="1128" HierarchyLvlTypeId="27" Intrnl_Id="4862" Name="validateKingMove">
<Header>
<Loc EndOffset="9451" SrcFileId="19" StartOffset="9396"/>
</Header>
<LocList>
<Loc EndOffset="11515" SrcFileId="19" StartOffset="9396"/>
</LocList>
<StmntSeq Intrnl_Id="4863">
<LocList>
<Loc EndOffset="9600" SrcFileId="19" StartOffset="9490"/>
<Loc EndOffset="9732" SrcFileId="19" StartOffset="9660"/>
<Loc EndOffset="9807" SrcFileId="19" StartOffset="9735"/>
<Loc EndOffset="11495" SrcFileId="19" StartOffset="9812"/>
<Loc EndOffset="11512" SrcFileId="19" StartOffset="11499"/>
</LocList>
<CondStmnt CovItemId="S141" CovItemPrefix="game.ClassicChess.java" Intrnl_Id="4864">
<Branch CovItemId="B73" CovItemPrefix="game.ClassicChess.java" Implct="false" Intrnl_Id="4865">
<Cond/>
<LocList>
<Loc EndOffset="9600" SrcFileId="19" StartOffset="9578"/>
</LocList>
<StmntSeq Intrnl_Id="4866">
<LocList>
<Loc EndOffset="9596" SrcFileId="19" StartOffset="9583"/>
</LocList>
<BasicStmnt CovItemId="S142" CovItemPrefix="game.ClassicChess.java" Intrnl_Id="4867">
<LocList>
<Loc EndOffset="9596" SrcFileId="19" StartOffset="9583"/>
</LocList>
</BasicStmnt>
</StmntSeq>
</Branch>
<Branch CovItemId="B74" CovItemPrefix="game.ClassicChess.java" Implct="true" Intrnl_Id="4868">
<Cond/>
<LocList/>
<StmntSeq Intrnl_Id="4869">
<LocList/>
</StmntSeq>
</Branch>
<Keyword EndOffset="9492" SrcFileId="19" StartOffset="9490"/>
<LocList>
<Loc EndOffset="9600" SrcFileId="19" StartOffset="9490"/>
</LocList>
<RootTerm CovItemId="C43" CovItemPrefix="game.ClassicChess.java" Intrnl_Id="4870">
<OpTerm BooleanOpId="23" Intrnl_Id="4871">
<BasicBoolTerm Intrnl_Id="4872">
<LocList>
<Loc EndOffset="9523" SrcFileId="19" StartOffset="9493"/>
</LocList>
</BasicBoolTerm>
<BasicBoolTerm Intrnl_Id="4873">
<LocList>
<Loc EndOffset="9576" SrcFileId="19" StartOffset="9527"/>
</LocList>
</BasicBoolTerm>
<LocList>
<Loc EndOffset="9526" SrcFileId="19" StartOffset="9524"/>
</LocList>
</OpTerm>
</RootTerm>
</CondStmnt>
<BasicStmnt CovItemId="S143" CovItemPrefix="game.ClassicChess.java" Intrnl_Id="4874">
<LocList>
<Loc EndOffset="9732" SrcFileId="19" StartOffset="9660"/>
</LocList>
</BasicStmnt>
<BasicStmnt CovItemId="S144" CovItemPrefix="game.ClassicChess.java" Intrnl_Id="4875">
<LocList>
<Loc EndOffset="9807" SrcFileId="19" StartOffset="9735"/>
</LocList>
</BasicStmnt>
<CondStmnt CovItemId="S145" CovItemPrefix="game.ClassicChess.java" Intrnl_Id="4876">
<Branch CovItemId="B75" CovItemPrefix="game.ClassicChess.java" Implct="false" Intrnl_Id="4877">
<Cond/>
<LocList>
<Loc EndOffset="9862" SrcFileId="19" StartOffset="9841"/>
</LocList>
<StmntSeq Intrnl_Id="4878">
<LocList>
<Loc EndOffset="9858" SrcFileId="19" StartOffset="9846"/>
</LocList>
<BasicStmnt CovItemId="S146" CovItemPrefix="game.ClassicChess.java" Intrnl_Id="4879">
<LocList>
<Loc EndOffset="9858" SrcFileId="19" StartOffset="9846"/>
</LocList>
</BasicStmnt>
</StmntSeq>
</Branch>
<Branch CovItemId="B76" CovItemPrefix="game.ClassicChess.java" Implct="false" Intrnl_Id="4880">
<Cond>
<Loc EndOffset="9907" SrcFileId="19" StartOffset="9903"/>
</Cond>
<LocList>
<Loc EndOffset="11495" SrcFileId="19" StartOffset="9908"/>
</LocList>
<StmntSeq Intrnl_Id="4881">
<LocList>
<Loc EndOffset="11495" SrcFileId="19" StartOffset="9908"/>
</LocList>
<CondStmnt CovItemId="S147" CovItemPrefix="game.ClassicChess.java" Intrnl_Id="4882">
<Branch CovItemId="B77" CovItemPrefix="game.ClassicChess.java" Implct="false" Intrnl_Id="4883">
<Cond/>
<LocList>
<Loc EndOffset="11495" SrcFileId="19" StartOffset="9923"/>
</LocList>
<StmntSeq Intrnl_Id="4884">
<LocList>
<Loc EndOffset="10025" SrcFileId="19" StartOffset="9969"/>
<Loc EndOffset="10071" SrcFileId="19" StartOffset="10029"/>
<Loc EndOffset="10117" SrcFileId="19" StartOffset="10075"/>
<Loc EndOffset="11491" SrcFileId="19" StartOffset="10145"/>
</LocList>
<CondStmnt CovItemId="S148" CovItemPrefix="game.ClassicChess.java" Intrnl_Id="4885">
<Branch CovItemId="B79" CovItemPrefix="game.ClassicChess.java" Implct="false" Intrnl_Id="4886">
<Cond/>
<LocList>
<Loc EndOffset="10025" SrcFileId="19" StartOffset="10001"/>
</LocList>
<StmntSeq Intrnl_Id="4887">
<LocList>
<Loc EndOffset="10020" SrcFileId="19" StartOffset="10007"/>
</LocList>
<BasicStmnt CovItemId="S149" CovItemPrefix="game.ClassicChess.java" Intrnl_Id="4888">
<LocList>
<Loc EndOffset="10020" SrcFileId="19" StartOffset="10007"/>
</LocList>
</BasicStmnt>
</StmntSeq>
</Branch>
<Branch CovItemId="B80" CovItemPrefix="game.ClassicChess.java" Implct="true" Intrnl_Id="4889">
<Cond/>
<LocList/>
<StmntSeq Intrnl_Id="4890">
<LocList/>
</StmntSeq>
</Branch>
<Keyword EndOffset="9971" SrcFileId="19" StartOffset="9969"/>
<LocList>
<Loc EndOffset="10025" SrcFileId="19" StartOffset="9969"/>
</LocList>
<RootTerm CovItemId="C46" CovItemPrefix="game.ClassicChess.java" Intrnl_Id="4891">
<BasicBoolTerm Intrnl_Id="4892">
<LocList>
<Loc EndOffset="9999" SrcFileId="19" StartOffset="9972"/>
</LocList>
</BasicBoolTerm>
</RootTerm>
</CondStmnt>
<BasicStmnt CovItemId="S150" CovItemPrefix="game.ClassicChess.java" Intrnl_Id="4893">
<LocList>
<Loc EndOffset="10071" SrcFileId="19" StartOffset="10029"/>
</LocList>
</BasicStmnt>
<BasicStmnt CovItemId="S151" CovItemPrefix="game.ClassicChess.java" Intrnl_Id="4894">
<LocList>
<Loc EndOffset="10117" SrcFileId="19" StartOffset="10075"/>
</LocList>
</BasicStmnt>
<CondStmnt CovItemId="S152" CovItemPrefix="game.ClassicChess.java" Intrnl_Id="4895">
<Branch CovItemId="B81" CovItemPrefix="game.ClassicChess.java" Implct="false" Intrnl_Id="4896">
<Cond/>
<LocList>
<Loc EndOffset="10858" SrcFileId="19" StartOffset="10199"/>
</LocList>
<StmntSeq Intrnl_Id="4897">
<LocList>
<Loc EndOffset="10477" SrcFileId="19" StartOffset="10292"/>
<Loc EndOffset="10853" SrcFileId="19" StartOffset="10523"/>
</LocList>
<CondStmnt CovItemId="S153" CovItemPrefix="game.ClassicChess.java" Intrnl_Id="4898">
<Branch CovItemId="B83" CovItemPrefix="game.ClassicChess.java" Implct="false" Intrnl_Id="4899">
<Cond/>
<LocList>
<Loc EndOffset="10477" SrcFileId="19" StartOffset="10451"/>
</LocList>
<StmntSeq Intrnl_Id="4900">
<LocList>
<Loc EndOffset="10471" SrcFileId="19" StartOffset="10458"/>
</LocList>
<BasicStmnt CovItemId="S154" CovItemPrefix="game.ClassicChess.java" Intrnl_Id="4901">
<LocList>
<Loc EndOffset="10471" SrcFileId="19" StartOffset="10458"/>
</LocList>
</BasicStmnt>
</StmntSeq>
</Branch>
<Branch CovItemId="B84" CovItemPrefix="game.ClassicChess.java" Implct="true" Intrnl_Id="4902">
<Cond/>
<LocList/>
<StmntSeq Intrnl_Id="4903">
<LocList/>
</StmntSeq>
</Branch>
<Keyword EndOffset="10294" SrcFileId="19" StartOffset="10292"/>
<LocList>
<Loc EndOffset="10477" SrcFileId="19" StartOffset="10292"/>
</LocList>
<RootTerm CovItemId="C48" CovItemPrefix="game.ClassicChess.java" Intrnl_Id="4904">
<OpTerm BooleanOpId="24" Intrnl_Id="4905">
<OpTerm BooleanOpId="24" Intrnl_Id="4906">
<BasicBoolTerm Intrnl_Id="4907">
<LocList>
<Loc EndOffset="10335" SrcFileId="19" StartOffset="10295"/>
</LocList>
</BasicBoolTerm>
<BasicBoolTerm Intrnl_Id="4908">
<LocList>
<Loc EndOffset="10388" SrcFileId="19" StartOffset="10339"/>
</LocList>
</BasicBoolTerm>
<LocList>
<Loc EndOffset="10338" SrcFileId="19" StartOffset="10336"/>
</LocList>
</OpTerm>
<BasicBoolTerm Intrnl_Id="4909">
<LocList>
<Loc EndOffset="10449" SrcFileId="19" StartOffset="10392"/>
</LocList>
</BasicBoolTerm>
<LocList>
<Loc EndOffset="10391" SrcFileId="19" StartOffset="10389"/>
</LocList>
</OpTerm>
</RootTerm>
</CondStmnt>
<CondStmnt CovItemId="S155" CovItemPrefix="game.ClassicChess.java" Intrnl_Id="4910">
<Branch CovItemId="B85" CovItemPrefix="game.ClassicChess.java" Implct="false" Intrnl_Id="4911">
<Cond/>
<LocList>
<Loc EndOffset="10853" SrcFileId="19" StartOffset="10695"/>
</LocList>
<StmntSeq Intrnl_Id="4912">
<LocList>
<Loc EndOffset="10783" SrcFileId="19" StartOffset="10702"/>
<Loc EndOffset="10829" SrcFileId="19" StartOffset="10789"/>
<Loc EndOffset="10847" SrcFileId="19" StartOffset="10835"/>
</LocList>
<BasicStmnt CovItemId="S156" CovItemPrefix="game.ClassicChess.java" Intrnl_Id="4913">
<LocList>
<Loc EndOffset="10783" SrcFileId="19" StartOffset="10702"/>
</LocList>
</BasicStmnt>
<BasicStmnt CovItemId="S157" CovItemPrefix="game.ClassicChess.java" Intrnl_Id="4914">
<LocList>
<Loc EndOffset="10829" SrcFileId="19" StartOffset="10789"/>
</LocList>
</BasicStmnt>
<BasicStmnt CovItemId="S158" CovItemPrefix="game.ClassicChess.java" Intrnl_Id="4915">
<LocList>
<Loc EndOffset="10847" SrcFileId="19" StartOffset="10835"/>
</LocList>
</BasicStmnt>
</StmntSeq>
</Branch>
<Branch CovItemId="B86" CovItemPrefix="game.ClassicChess.java" Implct="true" Intrnl_Id="4916">
<Cond/>
<LocList/>
<StmntSeq Intrnl_Id="4917">
<LocList/>
</StmntSeq>
</Branch>
<Keyword EndOffset="10525" SrcFileId="19" StartOffset="10523"/>
<LocList>
<Loc EndOffset="10853" SrcFileId="19" StartOffset="10523"/>
</LocList>
<RootTerm CovItemId="C49" CovItemPrefix="game.ClassicChess.java" Intrnl_Id="4918">
<OpTerm BooleanOpId="23" Intrnl_Id="4919">
<OpTerm BooleanOpId="23" Intrnl_Id="4920">
<BasicBoolTerm Intrnl_Id="4921">
<LocList>
<Loc EndOffset="10579" SrcFileId="19" StartOffset="10526"/>
</LocList>
</BasicBoolTerm>
<BasicBoolTerm Intrnl_Id="4922">
<LocList>
<Loc EndOffset="10636" SrcFileId="19" StartOffset="10583"/>
</LocList>
</BasicBoolTerm>
<LocList>
<Loc EndOffset="10582" SrcFileId="19" StartOffset="10580"/>
</LocList>
</OpTerm>
<BasicBoolTerm Intrnl_Id="4923">
<LocList>
<Loc EndOffset="10693" SrcFileId="19" StartOffset="10640"/>
</LocList>
</BasicBoolTerm>
<LocList>
<Loc EndOffset="10639" SrcFileId="19" StartOffset="10637"/>
</LocList>
</OpTerm>
</RootTerm>
</CondStmnt>
</StmntSeq>
</Branch>
<Branch CovItemId="B82" CovItemPrefix="game.ClassicChess.java" Implct="false" Intrnl_Id="4924">
<Cond>
<Loc EndOffset="10888" SrcFileId="19" StartOffset="10884"/>
</Cond>
<LocList>
<Loc EndOffset="11491" SrcFileId="19" StartOffset="10889"/>
</LocList>
<StmntSeq Intrnl_Id="4925">
<LocList>
<Loc EndOffset="11167" SrcFileId="19" StartOffset="10982"/>
<Loc EndOffset="11486" SrcFileId="19" StartOffset="11213"/>
</LocList>
<CondStmnt CovItemId="S159" CovItemPrefix="game.ClassicChess.java" Intrnl_Id="4926">
<Branch CovItemId="B87" CovItemPrefix="game.ClassicChess.java" Implct="false" Intrnl_Id="4927">
<Cond/>
<LocList>
<Loc EndOffset="11167" SrcFileId="19" StartOffset="11141"/>
</LocList>
<StmntSeq Intrnl_Id="4928">
<LocList>
<Loc EndOffset="11161" SrcFileId="19" StartOffset="11148"/>
</LocList>
<BasicStmnt CovItemId="S160" CovItemPrefix="game.ClassicChess.java" Intrnl_Id="4929">
<LocList>
<Loc EndOffset="11161" SrcFileId="19" StartOffset="11148"/>
</LocList>
</BasicStmnt>
</StmntSeq>
</Branch>
<Branch CovItemId="B88" CovItemPrefix="game.ClassicChess.java" Implct="true" Intrnl_Id="4930">
<Cond/>
<LocList/>
<StmntSeq Intrnl_Id="4931">
<LocList/>
</StmntSeq>
</Branch>
<Keyword EndOffset="10984" SrcFileId="19" StartOffset="10982"/>
<LocList>
<Loc EndOffset="11167" SrcFileId="19" StartOffset="10982"/>
</LocList>
<RootTerm CovItemId="C50" CovItemPrefix="game.ClassicChess.java" Intrnl_Id="4932">
<OpTerm BooleanOpId="24" Intrnl_Id="4933">
<OpTerm BooleanOpId="24" Intrnl_Id="4934">
<BasicBoolTerm Intrnl_Id="4935">
<LocList>
<Loc EndOffset="11025" SrcFileId="19" StartOffset="10985"/>
</LocList>
</BasicBoolTerm>
<BasicBoolTerm Intrnl_Id="4936">
<LocList>
<Loc EndOffset="11078" SrcFileId="19" StartOffset="11029"/>
</LocList>
</BasicBoolTerm>
<LocList>
<Loc EndOffset="11028" SrcFileId="19" StartOffset="11026"/>
</LocList>
</OpTerm>
<BasicBoolTerm Intrnl_Id="4937">
<LocList>
<Loc EndOffset="11139" SrcFileId="19" StartOffset="11082"/>
</LocList>
</BasicBoolTerm>
<LocList>
<Loc EndOffset="11081" SrcFileId="19" StartOffset="11079"/>
</LocList>
</OpTerm>
</RootTerm>
</CondStmnt>
<CondStmnt CovItemId="S161" CovItemPrefix="game.ClassicChess.java" Intrnl_Id="4938">
<Branch CovItemId="B89" CovItemPrefix="game.ClassicChess.java" Implct="false" Intrnl_Id="4939">
<Cond/>
<LocList>
<Loc EndOffset="11486" SrcFileId="19" StartOffset="11328"/>
</LocList>
<StmntSeq Intrnl_Id="4940">
<LocList>
<Loc EndOffset="11416" SrcFileId="19" StartOffset="11335"/>
<Loc EndOffset="11462" SrcFileId="19" StartOffset="11422"/>
<Loc EndOffset="11480" SrcFileId="19" StartOffset="11468"/>
</LocList>
<BasicStmnt CovItemId="S162" CovItemPrefix="game.ClassicChess.java" Intrnl_Id="4941">
<LocList>
<Loc EndOffset="11416" SrcFileId="19" StartOffset="11335"/>
</LocList>
</BasicStmnt>
<BasicStmnt CovItemId="S163" CovItemPrefix="game.ClassicChess.java" Intrnl_Id="4942">
<LocList>
<Loc EndOffset="11462" SrcFileId="19" StartOffset="11422"/>
</LocList>
</BasicStmnt>
<BasicStmnt CovItemId="S164" CovItemPrefix="game.ClassicChess.java" Intrnl_Id="4943">
<LocList>
<Loc EndOffset="11480" SrcFileId="19" StartOffset="11468"/>
</LocList>
</BasicStmnt>
</StmntSeq>
</Branch>
<Branch CovItemId="B90" CovItemPrefix="game.ClassicChess.java" Implct="true" Intrnl_Id="4944">
<Cond/>
<LocList/>
<StmntSeq Intrnl_Id="4945">
<LocList/>
</StmntSeq>
</Branch>
<Keyword EndOffset="11215" SrcFileId="19" StartOffset="11213"/>
<LocList>
<Loc EndOffset="11486" SrcFileId="19" StartOffset="11213"/>
</LocList>
<RootTerm CovItemId="C51" CovItemPrefix="game.ClassicChess.java" Intrnl_Id="4946">
<OpTerm BooleanOpId="23" Intrnl_Id="4947">
<BasicBoolTerm Intrnl_Id="4948">
<LocList>
<Loc EndOffset="11269" SrcFileId="19" StartOffset="11216"/>
</LocList>
</BasicBoolTerm>
<BasicBoolTerm Intrnl_Id="4949">
<LocList>
<Loc EndOffset="11326" SrcFileId="19" StartOffset="11273"/>
</LocList>
</BasicBoolTerm>
<LocList>
<Loc EndOffset="11272" SrcFileId="19" StartOffset="11270"/>
</LocList>
</OpTerm>
</RootTerm>
</CondStmnt>
</StmntSeq>
</Branch>
<Keyword EndOffset="10147" SrcFileId="19" StartOffset="10145"/>
<LocList>
<Loc EndOffset="11491" SrcFileId="19" StartOffset="10145"/>
</LocList>
<RootTerm CovItemId="C47" CovItemPrefix="game.ClassicChess.java" Intrnl_Id="4950">
<BasicBoolTerm Intrnl_Id="4951">
<LocList>
<Loc EndOffset="10197" SrcFileId="19" StartOffset="10148"/>
</LocList>
</BasicBoolTerm>
</RootTerm>
</CondStmnt>
</StmntSeq>
</Branch>
<Branch CovItemId="B78" CovItemPrefix="game.ClassicChess.java" Implct="true" Intrnl_Id="4952">
<Cond/>
<LocList/>
<StmntSeq Intrnl_Id="4953">
<LocList/>
</StmntSeq>
</Branch>
<Keyword EndOffset="9910" SrcFileId="19" StartOffset="9908"/>
<LocList>
<Loc EndOffset="11495" SrcFileId="19" StartOffset="9908"/>
</LocList>
<RootTerm CovItemId="C45" CovItemPrefix="game.ClassicChess.java" Intrnl_Id="4954">
<BasicBoolTerm Intrnl_Id="4955">
<LocList>
<Loc EndOffset="9921" SrcFileId="19" StartOffset="9911"/>
</LocList>
</BasicBoolTerm>
</RootTerm>
</CondStmnt>
</StmntSeq>
</Branch>
<Keyword EndOffset="9814" SrcFileId="19" StartOffset="9812"/>
<LocList>
<Loc EndOffset="11495" SrcFileId="19" StartOffset="9812"/>
</LocList>
<RootTerm CovItemId="C44" CovItemPrefix="game.ClassicChess.java" Intrnl_Id="4956">
<OpTerm BooleanOpId="23" Intrnl_Id="4957">
<BasicBoolTerm Intrnl_Id="4958">
<LocList>
<Loc EndOffset="9825" SrcFileId="19" StartOffset="9815"/>
</LocList>
</BasicBoolTerm>
<BasicBoolTerm Intrnl_Id="4959">
<LocList>
<Loc EndOffset="9839" SrcFileId="19" StartOffset="9829"/>
</LocList>
</BasicBoolTerm>
<LocList>
<Loc EndOffset="9828" SrcFileId="19" StartOffset="9826"/>
</LocList>
</OpTerm>
</RootTerm>
</CondStmnt>
<BasicStmnt CovItemId="S165" CovItemPrefix="game.ClassicChess.java" Intrnl_Id="4960">
<LocList>
<Loc EndOffset="11512" SrcFileId="19" StartOffset="11499"/>
</LocList>
</BasicStmnt>
</StmntSeq>
</HierarchyLvl>
<HierarchyLvl HierarchyLvlId="1129" HierarchyLvlTypeId="27" Intrnl_Id="4961" Name="ValidateMove">
<Header>
<Loc EndOffset="11911" SrcFileId="19" StartOffset="11864"/>
</Header>
<LocList>
<Loc EndOffset="12913" SrcFileId="19" StartOffset="11864"/>
</LocList>
<StmntSeq Intrnl_Id="4962">
<LocList>
<Loc EndOffset="11933" SrcFileId="19" StartOffset="11917"/>
<Loc EndOffset="12629" SrcFileId="19" StartOffset="11937"/>
<Loc EndOffset="12750" SrcFileId="19" StartOffset="12633"/>
<Loc EndOffset="12810" SrcFileId="19" StartOffset="12754"/>
<Loc EndOffset="12891" SrcFileId="19" StartOffset="12813"/>
<Loc EndOffset="12910" SrcFileId="19" StartOffset="12895"/>
</LocList>
<BasicStmnt CovItemId="S166" CovItemPrefix="game.ClassicChess.java" Intrnl_Id="4963">
<LocList>
<Loc EndOffset="11933" SrcFileId="19" StartOffset="11917"/>
</LocList>
</BasicStmnt>
<CondStmnt CovItemId="S167" CovItemPrefix="game.ClassicChess.java" Intrnl_Id="4964">
<Branch CovItemId="B91" CovItemPrefix="game.ClassicChess.java" Implct="false" Intrnl_Id="4965">
<Cond/>
<LocList>
<Loc EndOffset="12044" SrcFileId="19" StartOffset="11977"/>
</LocList>
<StmntSeq Intrnl_Id="4966">
<LocList>
<Loc EndOffset="12040" SrcFileId="19" StartOffset="11982"/>
</LocList>
<BasicStmnt CovItemId="S168" CovItemPrefix="game.ClassicChess.java" Intrnl_Id="4967">
<LocList>
<Loc EndOffset="12040" SrcFileId="19" StartOffset="11982"/>
</LocList>
<QMO CovItemId="Q0" CovItemPrefix="game.ClassicChess.java" Intrnl_Id="4968">
<LocList>
<Loc EndOffset="12031" SrcFileId="19" StartOffset="11992"/>
</LocList>
<QMO_E CovItemId="Q0-0" CovItemPrefix="game.ClassicChess.java" Intrnl_Id="4969">
<LocList>
<Loc EndOffset="12035" SrcFileId="19" StartOffset="12034"/>
</LocList>
</QMO_E>
<QMO_E CovItemId="Q0-1" CovItemPrefix="game.ClassicChess.java" Intrnl_Id="4970">
<LocList>
<Loc EndOffset="12039" SrcFileId="19" StartOffset="12038"/>
</LocList>
</QMO_E>
</QMO>
</BasicStmnt>
</StmntSeq>
</Branch>
<Branch CovItemId="B92" CovItemPrefix="game.ClassicChess.java" Implct="false" Intrnl_Id="4971">
<Cond>
<Loc EndOffset="12051" SrcFileId="19" StartOffset="12047"/>
</Cond>
<LocList>
<Loc EndOffset="12629" SrcFileId="19" StartOffset="12052"/>
</LocList>
<StmntSeq Intrnl_Id="4972">
<LocList>
<Loc EndOffset="12629" SrcFileId="19" StartOffset="12052"/>
</LocList>
<CondStmnt CovItemId="S169" CovItemPrefix="game.ClassicChess.java" Intrnl_Id="4973">
<Branch CovItemId="B93" CovItemPrefix="game.ClassicChess.java" Implct="false" Intrnl_Id="4974">
<Cond/>
<LocList>
<Loc EndOffset="12163" SrcFileId="19" StartOffset="12094"/>
</LocList>
<StmntSeq Intrnl_Id="4975">
<LocList>
<Loc EndOffset="12159" SrcFileId="19" StartOffset="12099"/>
</LocList>
<BasicStmnt CovItemId="S170" CovItemPrefix="game.ClassicChess.java" Intrnl_Id="4976">
<LocList>
<Loc EndOffset="12159" SrcFileId="19" StartOffset="12099"/>
</LocList>
<QMO CovItemId="Q1" CovItemPrefix="game.ClassicChess.java" Intrnl_Id="4977">
<LocList>
<Loc EndOffset="12150" SrcFileId="19" StartOffset="12109"/>
</LocList>
<QMO_E CovItemId="Q1-0" CovItemPrefix="game.ClassicChess.java" Intrnl_Id="4978">
<LocList>
<Loc EndOffset="12154" SrcFileId="19" StartOffset="12153"/>
</LocList>
</QMO_E>
<QMO_E CovItemId="Q1-1" CovItemPrefix="game.ClassicChess.java" Intrnl_Id="4979">
<LocList>
<Loc EndOffset="12158" SrcFileId="19" StartOffset="12157"/>
</LocList>
</QMO_E>
</QMO>
</BasicStmnt>
</StmntSeq>
</Branch>
<Branch CovItemId="B94" CovItemPrefix="game.ClassicChess.java" Implct="false" Intrnl_Id="4980">
<Cond>
<Loc EndOffset="12170" SrcFileId="19" StartOffset="12166"/>
</Cond>
<LocList>
<Loc EndOffset="12629" SrcFileId="19" StartOffset="12171"/>
</LocList>
<StmntSeq Intrnl_Id="4981">
<LocList>
<Loc EndOffset="12629" SrcFileId="19" StartOffset="12171"/>
</LocList>
<CondStmnt CovItemId="S171" CovItemPrefix="game.ClassicChess.java" Intrnl_Id="4982">
<Branch CovItemId="B95" CovItemPrefix="game.ClassicChess.java" Implct="false" Intrnl_Id="4983">
<Cond/>
<LocList>
<Loc EndOffset="12280" SrcFileId="19" StartOffset="12212"/>
</LocList>
<StmntSeq Intrnl_Id="4984">
<LocList>
<Loc EndOffset="12276" SrcFileId="19" StartOffset="12217"/>
</LocList>
<BasicStmnt CovItemId="S172" CovItemPrefix="game.ClassicChess.java" Intrnl_Id="4985">
<LocList>
<Loc EndOffset="12276" SrcFileId="19" StartOffset="12217"/>
</LocList>
<QMO CovItemId="Q2" CovItemPrefix="game.ClassicChess.java" Intrnl_Id="4986">
<LocList>
<Loc EndOffset="12267" SrcFileId="19" StartOffset="12227"/>
</LocList>
<QMO_E CovItemId="Q2-0" CovItemPrefix="game.ClassicChess.java" Intrnl_Id="4987">
<LocList>
<Loc EndOffset="12271" SrcFileId="19" StartOffset="12270"/>
</LocList>
</QMO_E>
<QMO_E CovItemId="Q2-1" CovItemPrefix="game.ClassicChess.java" Intrnl_Id="4988">
<LocList>
<Loc EndOffset="12275" SrcFileId="19" StartOffset="12274"/>
</LocList>
</QMO_E>
</QMO>
</BasicStmnt>
</StmntSeq>
</Branch>
<Branch CovItemId="B96" CovItemPrefix="game.ClassicChess.java" Implct="false" Intrnl_Id="4989">
<Cond>
<Loc EndOffset="12287" SrcFileId="19" StartOffset="12283"/>
</Cond>
<LocList>
<Loc EndOffset="12629" SrcFileId="19" StartOffset="12288"/>
</LocList>
<StmntSeq Intrnl_Id="4990">
<LocList>
<Loc EndOffset="12629" SrcFileId="19" StartOffset="12288"/>
</LocList>
<CondStmnt CovItemId="S173" CovItemPrefix="game.ClassicChess.java" Intrnl_Id="4991">
<Branch CovItemId="B97" CovItemPrefix="game.ClassicChess.java" Implct="false" Intrnl_Id="4992">
<Cond/>
<LocList>
<Loc EndOffset="12395" SrcFileId="19" StartOffset="12328"/>
</LocList>
<StmntSeq Intrnl_Id="4993">
<LocList>
<Loc EndOffset="12391" SrcFileId="19" StartOffset="12333"/>
</LocList>
<BasicStmnt CovItemId="S174" CovItemPrefix="game.ClassicChess.java" Intrnl_Id="4994">
<LocList>
<Loc EndOffset="12391" SrcFileId="19" StartOffset="12333"/>
</LocList>
<QMO CovItemId="Q3" CovItemPrefix="game.ClassicChess.java" Intrnl_Id="4995">
<LocList>
<Loc EndOffset="12382" SrcFileId="19" StartOffset="12343"/>
</LocList>
<QMO_E CovItemId="Q3-0" CovItemPrefix="game.ClassicChess.java" Intrnl_Id="4996">
<LocList>
<Loc EndOffset="12386" SrcFileId="19" StartOffset="12385"/>
</LocList>
</QMO_E>
<QMO_E CovItemId="Q3-1" CovItemPrefix="game.ClassicChess.java" Intrnl_Id="4997">
<LocList>
<Loc EndOffset="12390" SrcFileId="19" StartOffset="12389"/>
</LocList>
</QMO_E>
</QMO>
</BasicStmnt>
</StmntSeq>
</Branch>
<Branch CovItemId="B98" CovItemPrefix="game.ClassicChess.java" Implct="false" Intrnl_Id="4998">
<Cond>
<Loc EndOffset="12402" SrcFileId="19" StartOffset="12398"/>
</Cond>
<LocList>
<Loc EndOffset="12629" SrcFileId="19" StartOffset="12403"/>
</LocList>
<StmntSeq Intrnl_Id="4999">
<LocList>
<Loc EndOffset="12629" SrcFileId="19" StartOffset="12403"/>
</LocList>
<CondStmnt CovItemId="S175" CovItemPrefix="game.ClassicChess.java" Intrnl_Id="5000">
<Branch CovItemId="B99" CovItemPrefix="game.ClassicChess.java" Implct="false" Intrnl_Id="5001">
<Cond/>
<LocList>
<Loc EndOffset="12514" SrcFileId="19" StartOffset="12445"/>
</LocList>
<StmntSeq Intrnl_Id="5002">
<LocList>
<Loc EndOffset="12510" SrcFileId="19" StartOffset="12450"/>
</LocList>
<BasicStmnt CovItemId="S176" CovItemPrefix="game.ClassicChess.java" Intrnl_Id="5003">
<LocList>
<Loc EndOffset="12510" SrcFileId="19" StartOffset="12450"/>
</LocList>
<QMO CovItemId="Q4" CovItemPrefix="game.ClassicChess.java" Intrnl_Id="5004">
<LocList>
<Loc EndOffset="12501" SrcFileId="19" StartOffset="12460"/>
</LocList>
<QMO_E CovItemId="Q4-0" CovItemPrefix="game.ClassicChess.java" Intrnl_Id="5005">
<LocList>
<Loc EndOffset="12505" SrcFileId="19" StartOffset="12504"/>
</LocList>
</QMO_E>
<QMO_E CovItemId="Q4-1" CovItemPrefix="game.ClassicChess.java" Intrnl_Id="5006">
<LocList>
<Loc EndOffset="12509" SrcFileId="19" StartOffset="12508"/>
</LocList>
</QMO_E>
</QMO>
</BasicStmnt>
</StmntSeq>
</Branch>
<Branch CovItemId="B100" CovItemPrefix="game.ClassicChess.java" Implct="false" Intrnl_Id="5007">
<Cond>
<Loc EndOffset="12521" SrcFileId="19" StartOffset="12517"/>
</Cond>
<LocList>
<Loc EndOffset="12629" SrcFileId="19" StartOffset="12522"/>
</LocList>
<StmntSeq Intrnl_Id="5008">
<LocList>
<Loc EndOffset="12629" SrcFileId="19" StartOffset="12522"/>
</LocList>
<CondStmnt CovItemId="S177" CovItemPrefix="game.ClassicChess.java" Intrnl_Id="5009">
<Branch CovItemId="B101" CovItemPrefix="game.ClassicChess.java" Implct="false" Intrnl_Id="5010">
<Cond/>
<LocList>
<Loc EndOffset="12629" SrcFileId="19" StartOffset="12562"/>
</LocList>
<StmntSeq Intrnl_Id="5011">
<LocList>
<Loc EndOffset="12625" SrcFileId="19" StartOffset="12567"/>
</LocList>
<BasicStmnt CovItemId="S178" CovItemPrefix="game.ClassicChess.java" Intrnl_Id="5012">
<LocList>
<Loc EndOffset="12625" SrcFileId="19" StartOffset="12567"/>
</LocList>
<QMO CovItemId="Q5" CovItemPrefix="game.ClassicChess.java" Intrnl_Id="5013">
<LocList>
<Loc EndOffset="12616" SrcFileId="19" StartOffset="12577"/>
</LocList>
<QMO_E CovItemId="Q5-0" CovItemPrefix="game.ClassicChess.java" Intrnl_Id="5014">
<LocList>
<Loc EndOffset="12620" SrcFileId="19" StartOffset="12619"/>
</LocList>
</QMO_E>
<QMO_E CovItemId="Q5-1" CovItemPrefix="game.ClassicChess.java" Intrnl_Id="5015">
<LocList>
<Loc EndOffset="12624" SrcFileId="19" StartOffset="12623"/>
</LocList>
</QMO_E>
</QMO>
</BasicStmnt>
</StmntSeq>
</Branch>
<Branch CovItemId="B102" CovItemPrefix="game.ClassicChess.java" Implct="true" Intrnl_Id="5016">
<Cond/>
<LocList/>
<StmntSeq Intrnl_Id="5017">
<LocList/>
</StmntSeq>
</Branch>
<Keyword EndOffset="12524" SrcFileId="19" StartOffset="12522"/>
<LocList>
<Loc EndOffset="12629" SrcFileId="19" StartOffset="12522"/>
</LocList>
<RootTerm CovItemId="C57" CovItemPrefix="game.ClassicChess.java" Intrnl_Id="5018">
<BasicBoolTerm Intrnl_Id="5019">
<LocList>
<Loc EndOffset="12560" SrcFileId="19" StartOffset="12525"/>
</LocList>
</BasicBoolTerm>
</RootTerm>
</CondStmnt>
</StmntSeq>
</Branch>
<Keyword EndOffset="12405" SrcFileId="19" StartOffset="12403"/>
<LocList>
<Loc EndOffset="12629" SrcFileId="19" StartOffset="12403"/>
</LocList>
<RootTerm CovItemId="C56" CovItemPrefix="game.ClassicChess.java" Intrnl_Id="5020">
<BasicBoolTerm Intrnl_Id="5021">
<LocList>
<Loc EndOffset="12443" SrcFileId="19" StartOffset="12406"/>
</LocList>
</BasicBoolTerm>
</RootTerm>
</CondStmnt>
</StmntSeq>
</Branch>
<Keyword EndOffset="12290" SrcFileId="19" StartOffset="12288"/>
<LocList>
<Loc EndOffset="12629" SrcFileId="19" StartOffset="12288"/>
</LocList>
<RootTerm CovItemId="C55" CovItemPrefix="game.ClassicChess.java" Intrnl_Id="5022">
<BasicBoolTerm Intrnl_Id="5023">
<LocList>
<Loc EndOffset="12326" SrcFileId="19" StartOffset="12291"/>
</LocList>
</BasicBoolTerm>
</RootTerm>
</CondStmnt>
</StmntSeq>
</Branch>
<Keyword EndOffset="12173" SrcFileId="19" StartOffset="12171"/>
<LocList>
<Loc EndOffset="12629" SrcFileId="19" StartOffset="12171"/>
</LocList>
<RootTerm CovItemId="C54" CovItemPrefix="game.ClassicChess.java" Intrnl_Id="5024">
<BasicBoolTerm Intrnl_Id="5025">
<LocList>
<Loc EndOffset="12210" SrcFileId="19" StartOffset="12174"/>
</LocList>
</BasicBoolTerm>
</RootTerm>
</CondStmnt>
</StmntSeq>
</Branch>
<Keyword EndOffset="12054" SrcFileId="19" StartOffset="12052"/>
<LocList>
<Loc EndOffset="12629" SrcFileId="19" StartOffset="12052"/>
</LocList>
<RootTerm CovItemId="C53" CovItemPrefix="game.ClassicChess.java" Intrnl_Id="5026">
<BasicBoolTerm Intrnl_Id="5027">
<LocList>
<Loc EndOffset="12092" SrcFileId="19" StartOffset="12055"/>
</LocList>
</BasicBoolTerm>
</RootTerm>
</CondStmnt>
</StmntSeq>
</Branch>
<Keyword EndOffset="11939" SrcFileId="19" StartOffset="11937"/>
<LocList>
<Loc EndOffset="12629" SrcFileId="19" StartOffset="11937"/>
</LocList>
<RootTerm CovItemId="C52" CovItemPrefix="game.ClassicChess.java" Intrnl_Id="5028">
<BasicBoolTerm Intrnl_Id="5029">
<LocList>
<Loc EndOffset="11975" SrcFileId="19" StartOffset="11940"/>
</LocList>
</BasicBoolTerm>
</RootTerm>
</CondStmnt>
<CondStmnt CovItemId="S179" CovItemPrefix="game.ClassicChess.java" Intrnl_Id="5030">
<Branch CovItemId="B103" CovItemPrefix="game.ClassicChess.java" Implct="false" Intrnl_Id="5031">
<Cond/>
<LocList>
<Loc EndOffset="12750" SrcFileId="19" StartOffset="12650"/>
</LocList>
<StmntSeq Intrnl_Id="5032">
<LocList>
<Loc EndOffset="12746" SrcFileId="19" StartOffset="12655"/>
</LocList>
<BasicStmnt CovItemId="S180" CovItemPrefix="game.ClassicChess.java" Intrnl_Id="5033">
<LocList>
<Loc EndOffset="12746" SrcFileId="19" StartOffset="12655"/>
</LocList>
</BasicStmnt>
</StmntSeq>
</Branch>
<Branch CovItemId="B104" CovItemPrefix="game.ClassicChess.java" Implct="true" Intrnl_Id="5034">
<Cond/>
<LocList/>
<StmntSeq Intrnl_Id="5035">
<LocList/>
</StmntSeq>
</Branch>
<Keyword EndOffset="12635" SrcFileId="19" StartOffset="12633"/>
<LocList>
<Loc EndOffset="12750" SrcFileId="19" StartOffset="12633"/>
</LocList>
<RootTerm CovItemId="C58" CovItemPrefix="game.ClassicChess.java" Intrnl_Id="5036">
<BasicBoolTerm Intrnl_Id="5037">
<LocList>
<Loc EndOffset="12648" SrcFileId="19" StartOffset="12636"/>
</LocList>
</BasicBoolTerm>
</RootTerm>
</CondStmnt>
<BasicStmnt CovItemId="S181" CovItemPrefix="game.ClassicChess.java" Intrnl_Id="5038">
<LocList>
<Loc EndOffset="12810" SrcFileId="19" StartOffset="12754"/>
</LocList>
<QMO CovItemId="Q6" CovItemPrefix="game.ClassicChess.java" Intrnl_Id="5039">
<LocList>
<Loc EndOffset="12795" SrcFileId="19" StartOffset="12764"/>
</LocList>
<QMO_E CovItemId="Q6-0" CovItemPrefix="game.ClassicChess.java" Intrnl_Id="5040">
<LocList>
<Loc EndOffset="12805" SrcFileId="19" StartOffset="12798"/>
</LocList>
</QMO_E>
<QMO_E CovItemId="Q6-1" CovItemPrefix="game.ClassicChess.java" Intrnl_Id="5041">
<LocList>
<Loc EndOffset="12809" SrcFileId="19" StartOffset="12808"/>
</LocList>
</QMO_E>
</QMO>
</BasicStmnt>
<CondStmnt CovItemId="S182" CovItemPrefix="game.ClassicChess.java" Intrnl_Id="5042">
<Branch CovItemId="B105" CovItemPrefix="game.ClassicChess.java" Implct="false" Intrnl_Id="5043">
<Cond/>
<LocList>
<Loc EndOffset="12891" SrcFileId="19" StartOffset="12830"/>
</LocList>
<StmntSeq Intrnl_Id="5044">
<LocList>
<Loc EndOffset="12887" SrcFileId="19" StartOffset="12835"/>
</LocList>
<BasicStmnt CovItemId="S183" CovItemPrefix="game.ClassicChess.java" Intrnl_Id="5045">
<LocList>
<Loc EndOffset="12887" SrcFileId="19" StartOffset="12835"/>
</LocList>
</BasicStmnt>
</StmntSeq>
</Branch>
<Branch CovItemId="B106" CovItemPrefix="game.ClassicChess.java" Implct="true" Intrnl_Id="5046">
<Cond/>
<LocList/>
<StmntSeq Intrnl_Id="5047">
<LocList/>
</StmntSeq>
</Branch>
<Keyword EndOffset="12815" SrcFileId="19" StartOffset="12813"/>
<LocList>
<Loc EndOffset="12891" SrcFileId="19" StartOffset="12813"/>
</LocList>
<RootTerm CovItemId="C59" CovItemPrefix="game.ClassicChess.java" Intrnl_Id="5048">
<BasicBoolTerm Intrnl_Id="5049">
<LocList>
<Loc EndOffset="12828" SrcFileId="19" StartOffset="12816"/>
</LocList>
</BasicBoolTerm>
</RootTerm>
</CondStmnt>
<BasicStmnt CovItemId="S184" CovItemPrefix="game.ClassicChess.java" Intrnl_Id="5050">
<LocList>
<Loc EndOffset="12910" SrcFileId="19" StartOffset="12895"/>
</LocList>
</BasicStmnt>
</StmntSeq>
</HierarchyLvl>
<HierarchyLvl HierarchyLvlId="1130" HierarchyLvlTypeId="27" Intrnl_Id="5051" Name="CheckForCheck">
<Header>
<Loc EndOffset="13288" SrcFileId="19" StartOffset="13226"/>
</Header>
<LocList>
<Loc EndOffset="15084" SrcFileId="19" StartOffset="13226"/>
</LocList>
<StmntSeq Intrnl_Id="5052">
<LocList>
<Loc EndOffset="13359" SrcFileId="19" StartOffset="13334"/>
<Loc EndOffset="13384" SrcFileId="19" StartOffset="13362"/>
<Loc EndOffset="13693" SrcFileId="19" StartOffset="13387"/>
<Loc EndOffset="13784" SrcFileId="19" StartOffset="13744"/>
<Loc EndOffset="15064" SrcFileId="19" StartOffset="13956"/>
<Loc EndOffset="15081" SrcFileId="19" StartOffset="15068"/>
</LocList>
<BasicStmnt CovItemId="S185" CovItemPrefix="game.ClassicChess.java" Intrnl_Id="5053">
<LocList>
<Loc EndOffset="13359" SrcFileId="19" StartOffset="13334"/>
</LocList>
</BasicStmnt>
<BasicStmnt CovItemId="S186" CovItemPrefix="game.ClassicChess.java" Intrnl_Id="5054">
<LocList>
<Loc EndOffset="13384" SrcFileId="19" StartOffset="13362"/>
</LocList>
</BasicStmnt>
<LoopStmnt CovItemId="S187" CovItemPrefix="game.ClassicChess.java" Intrnl_Id="5055" MltplExecId="L7-2" MltplExecPrefix="game.ClassicChess.java" NvrExecId="L7-0" NvrExecPrefix="game.ClassicChess.java" OnceExecutedId="L7-1" OnceExecutedPrefix="game.ClassicChess.java" OptBodyExec="true">
<StmntSeq Intrnl_Id="5056">
<LocList>
<Loc EndOffset="13689" SrcFileId="19" StartOffset="13427"/>
</LocList>
<CondStmnt CovItemId="S188" CovItemPrefix="game.ClassicChess.java" Intrnl_Id="5057">
<Branch CovItemId="B107" CovItemPrefix="game.ClassicChess.java" Implct="false" Intrnl_Id="5058">
<Cond/>
<LocList>
<Loc EndOffset="13689" SrcFileId="19" StartOffset="13451"/>
</LocList>
<StmntSeq Intrnl_Id="5059">
<LocList>
<Loc EndOffset="13684" SrcFileId="19" StartOffset="13457"/>
</LocList>
<CondStmnt CovItemId="S189" CovItemPrefix="game.ClassicChess.java" Intrnl_Id="5060">
<Branch CovItemId="B109" CovItemPrefix="game.ClassicChess.java" Implct="false" Intrnl_Id="5061">
<Cond/>
<LocList>
<Loc EndOffset="13567" SrcFileId="19" StartOffset="13534"/>
</LocList>
<StmntSeq Intrnl_Id="5062">
<LocList>
<Loc EndOffset="13561" SrcFileId="19" StartOffset="13541"/>
</LocList>
<BasicStmnt CovItemId="S190" CovItemPrefix="game.ClassicChess.java" Intrnl_Id="5063">
<LocList>
<Loc EndOffset="13561" SrcFileId="19" StartOffset="13541"/>
</LocList>
</BasicStmnt>
</StmntSeq>
</Branch>
<Branch CovItemId="B110" CovItemPrefix="game.ClassicChess.java" Implct="false" Intrnl_Id="5064">
<Cond>
<Loc EndOffset="13576" SrcFileId="19" StartOffset="13572"/>
</Cond>
<LocList>
<Loc EndOffset="13684" SrcFileId="19" StartOffset="13577"/>
</LocList>
<StmntSeq Intrnl_Id="5065">
<LocList>
<Loc EndOffset="13684" SrcFileId="19" StartOffset="13577"/>
</LocList>
<CondStmnt CovItemId="S191" CovItemPrefix="game.ClassicChess.java" Intrnl_Id="5066">
<Branch CovItemId="B111" CovItemPrefix="game.ClassicChess.java" Implct="false" Intrnl_Id="5067">
<Cond/>
<LocList>
<Loc EndOffset="13684" SrcFileId="19" StartOffset="13654"/>
</LocList>
<StmntSeq Intrnl_Id="5068">
<LocList>
<Loc EndOffset="13678" SrcFileId="19" StartOffset="13661"/>
</LocList>
<BasicStmnt CovItemId="S192" CovItemPrefix="game.ClassicChess.java" Intrnl_Id="5069">
<LocList>
<Loc EndOffset="13678" SrcFileId="19" StartOffset="13661"/>
</LocList>
</BasicStmnt>
</StmntSeq>
</Branch>
<Branch CovItemId="B112" CovItemPrefix="game.ClassicChess.java" Implct="true" Intrnl_Id="5070">
<Cond/>
<LocList/>
<StmntSeq Intrnl_Id="5071">
<LocList/>
</StmntSeq>
</Branch>
<Keyword EndOffset="13579" SrcFileId="19" StartOffset="13577"/>
<LocList>
<Loc EndOffset="13684" SrcFileId="19" StartOffset="13577"/>
</LocList>
<RootTerm CovItemId="C62" CovItemPrefix="game.ClassicChess.java" Intrnl_Id="5072">
<OpTerm BooleanOpId="23" Intrnl_Id="5073">
<BasicBoolTerm Intrnl_Id="5074">
<LocList>
<Loc EndOffset="13616" SrcFileId="19" StartOffset="13581"/>
</LocList>
</BasicBoolTerm>
<BasicBoolTerm Intrnl_Id="5075">
<LocList>
<Loc EndOffset="13652" SrcFileId="19" StartOffset="13620"/>
</LocList>
</BasicBoolTerm>
<LocList>
<Loc EndOffset="13619" SrcFileId="19" StartOffset="13617"/>
</LocList>
</OpTerm>
</RootTerm>
</CondStmnt>
</StmntSeq>
</Branch>
<Keyword EndOffset="13459" SrcFileId="19" StartOffset="13457"/>
<LocList>
<Loc EndOffset="13684" SrcFileId="19" StartOffset="13457"/>
</LocList>
<RootTerm CovItemId="C61" CovItemPrefix="game.ClassicChess.java" Intrnl_Id="5076">
<OpTerm BooleanOpId="23" Intrnl_Id="5077">
<BasicBoolTerm Intrnl_Id="5078">
<LocList>
<Loc EndOffset="13496" SrcFileId="19" StartOffset="13461"/>
</LocList>
</BasicBoolTerm>
<BasicBoolTerm Intrnl_Id="5079">
<LocList>
<Loc EndOffset="13532" SrcFileId="19" StartOffset="13500"/>
</LocList>
</BasicBoolTerm>
<LocList>
<Loc EndOffset="13499" SrcFileId="19" StartOffset="13497"/>
</LocList>
</OpTerm>
</RootTerm>
</CondStmnt>
</StmntSeq>
</Branch>
<Branch CovItemId="B108" CovItemPrefix="game.ClassicChess.java" Implct="true" Intrnl_Id="5080">
<Cond/>
<LocList/>
<StmntSeq Intrnl_Id="5081">
<LocList/>
</StmntSeq>
</Branch>
<Keyword EndOffset="13429" SrcFileId="19" StartOffset="13427"/>
<LocList>
<Loc EndOffset="13689" SrcFileId="19" StartOffset="13427"/>
</LocList>
<RootTerm CovItemId="C60" CovItemPrefix="game.ClassicChess.java" Intrnl_Id="5082">
<BasicBoolTerm Intrnl_Id="5083">
<LocList>
<Loc EndOffset="13449" SrcFileId="19" StartOffset="13431"/>
</LocList>
</BasicBoolTerm>
</RootTerm>
</CondStmnt>
</StmntSeq>
<Keyword EndOffset="13390" SrcFileId="19" StartOffset="13387"/>
<LocList>
<Loc EndOffset="13693" SrcFileId="19" StartOffset="13387"/>
</LocList>
</LoopStmnt>
<CondStmnt CovItemId="S193" CovItemPrefix="game.ClassicChess.java" Intrnl_Id="5084">
<Branch CovItemId="B113" CovItemPrefix="game.ClassicChess.java" Implct="false" Intrnl_Id="5085">
<Cond/>
<LocList>
<Loc EndOffset="13784" SrcFileId="19" StartOffset="13767"/>
</LocList>
<StmntSeq Intrnl_Id="5086">
<LocList>
<Loc EndOffset="13782" SrcFileId="19" StartOffset="13769"/>
</LocList>
<BasicStmnt CovItemId="S194" CovItemPrefix="game.ClassicChess.java" Intrnl_Id="5087">
<LocList>
<Loc EndOffset="13782" SrcFileId="19" StartOffset="13769"/>
</LocList>
</BasicStmnt>
</StmntSeq>
</Branch>
<Branch CovItemId="B114" CovItemPrefix="game.ClassicChess.java" Implct="true" Intrnl_Id="5088">
<Cond/>
<LocList/>
<StmntSeq Intrnl_Id="5089">
<LocList/>
</StmntSeq>
</Branch>
<Keyword EndOffset="13746" SrcFileId="19" StartOffset="13744"/>
<LocList>
<Loc EndOffset="13784" SrcFileId="19" StartOffset="13744"/>
</LocList>
<RootTerm CovItemId="C63" CovItemPrefix="game.ClassicChess.java" Intrnl_Id="5090">
<BasicBoolTerm Intrnl_Id="5091">
<LocList>
<Loc EndOffset="13765" SrcFileId="19" StartOffset="13748"/>
</LocList>
</BasicBoolTerm>
</RootTerm>
</CondStmnt>
<LoopStmnt CovItemId="S195" CovItemPrefix="game.ClassicChess.java" Intrnl_Id="5092" MltplExecId="L8-2" MltplExecPrefix="game.ClassicChess.java" NvrExecId="L8-0" NvrExecPrefix="game.ClassicChess.java" OnceExecutedId="L8-1" OnceExecutedPrefix="game.ClassicChess.java" OptBodyExec="true">
<StmntSeq Intrnl_Id="5093">
<LocList>
<Loc EndOffset="15060" SrcFileId="19" StartOffset="13997"/>
</LocList>
<CondStmnt CovItemId="S196" CovItemPrefix="game.ClassicChess.java" Intrnl_Id="5094">
<Branch CovItemId="B115" CovItemPrefix="game.ClassicChess.java" Implct="false" Intrnl_Id="5095">
<Cond/>
<LocList>
<Loc EndOffset="15060" SrcFileId="19" StartOffset="14021"/>
</LocList>
<StmntSeq Intrnl_Id="5096">
<LocList>
<Loc EndOffset="15055" SrcFileId="19" StartOffset="14027"/>
</LocList>
<CondStmnt CovItemId="S197" CovItemPrefix="game.ClassicChess.java" Intrnl_Id="5097">
<Branch CovItemId="B117" CovItemPrefix="game.ClassicChess.java" Implct="false" Intrnl_Id="5098">
<Cond/>
<LocList>
<Loc EndOffset="15055" SrcFileId="19" StartOffset="14065"/>
</LocList>
<StmntSeq Intrnl_Id="5099">
<LocList>
<Loc EndOffset="14127" SrcFileId="19" StartOffset="14100"/>
<Loc EndOffset="14174" SrcFileId="19" StartOffset="14133"/>
<Loc EndOffset="14210" SrcFileId="19" StartOffset="14180"/>
<Loc EndOffset="14249" SrcFileId="19" StartOffset="14216"/>
<Loc EndOffset="14283" SrcFileId="19" StartOffset="14255"/>
<Loc EndOffset="14314" SrcFileId="19" StartOffset="14290"/>
<Loc EndOffset="15003" SrcFileId="19" StartOffset="14320"/>
<Loc EndOffset="15049" SrcFileId="19" StartOffset="15009"/>
</LocList>
<BasicStmnt CovItemId="S198" CovItemPrefix="game.ClassicChess.java" Intrnl_Id="5100">
<LocList>
<Loc EndOffset="14127" SrcFileId="19" StartOffset="14100"/>
</LocList>
</BasicStmnt>
<BasicStmnt CovItemId="S199" CovItemPrefix="game.ClassicChess.java" Intrnl_Id="5101">
<LocList>
<Loc EndOffset="14174" SrcFileId="19" StartOffset="14133"/>
</LocList>
</BasicStmnt>
<BasicStmnt CovItemId="S200" CovItemPrefix="game.ClassicChess.java" Intrnl_Id="5102">
<LocList>
<Loc EndOffset="14210" SrcFileId="19" StartOffset="14180"/>
</LocList>
</BasicStmnt>
<BasicStmnt CovItemId="S201" CovItemPrefix="game.ClassicChess.java" Intrnl_Id="5103">
<LocList>
<Loc EndOffset="14249" SrcFileId="19" StartOffset="14216"/>
</LocList>
</BasicStmnt>
<BasicStmnt CovItemId="S202" CovItemPrefix="game.ClassicChess.java" Intrnl_Id="5104">
<LocList>
<Loc EndOffset="14283" SrcFileId="19" StartOffset="14255"/>
</LocList>
</BasicStmnt>
<BasicStmnt CovItemId="S203" CovItemPrefix="game.ClassicChess.java" Intrnl_Id="5105">
<LocList>
<Loc EndOffset="14314" SrcFileId="19" StartOffset="14290"/>
</LocList>
</BasicStmnt>
<CondStmnt CovItemId="S204" CovItemPrefix="game.ClassicChess.java" Intrnl_Id="5106">
<Branch CovItemId="B119" CovItemPrefix="game.ClassicChess.java" Implct="false" Intrnl_Id="5107">
<Cond/>
<LocList>
<Loc EndOffset="14423" SrcFileId="19" StartOffset="14364"/>
</LocList>
<StmntSeq Intrnl_Id="5108">
<LocList>
<Loc EndOffset="14416" SrcFileId="19" StartOffset="14372"/>
</LocList>
<BasicStmnt CovItemId="S205" CovItemPrefix="game.ClassicChess.java" Intrnl_Id="5109">
<LocList>
<Loc EndOffset="14416" SrcFileId="19" StartOffset="14372"/>
</LocList>
</BasicStmnt>
</StmntSeq>
</Branch>
<Branch CovItemId="B120" CovItemPrefix="game.ClassicChess.java" Implct="false" Intrnl_Id="5110">
<Cond>
<Loc EndOffset="14433" SrcFileId="19" StartOffset="14429"/>
</Cond>
<LocList>
<Loc EndOffset="15003" SrcFileId="19" StartOffset="14434"/>
</LocList>
<StmntSeq Intrnl_Id="5111">
<LocList>
<Loc EndOffset="15003" SrcFileId="19" StartOffset="14434"/>
</LocList>
<CondStmnt CovItemId="S206" CovItemPrefix="game.ClassicChess.java" Intrnl_Id="5112">
<Branch CovItemId="B121" CovItemPrefix="game.ClassicChess.java" Implct="false" Intrnl_Id="5113">
<Cond/>
<LocList>
<Loc EndOffset="14541" SrcFileId="19" StartOffset="14480"/>
</LocList>
<StmntSeq Intrnl_Id="5114">
<LocList>
<Loc EndOffset="14534" SrcFileId="19" StartOffset="14488"/>
</LocList>
<BasicStmnt CovItemId="S207" CovItemPrefix="game.ClassicChess.java" Intrnl_Id="5115">
<LocList>
<Loc EndOffset="14534" SrcFileId="19" StartOffset="14488"/>
</LocList>
</BasicStmnt>
</StmntSeq>
</Branch>
<Branch CovItemId="B122" CovItemPrefix="game.ClassicChess.java" Implct="false" Intrnl_Id="5116">
<Cond>
<Loc EndOffset="14551" SrcFileId="19" StartOffset="14547"/>
</Cond>
<LocList>
<Loc EndOffset="15003" SrcFileId="19" StartOffset="14552"/>
</LocList>
<StmntSeq Intrnl_Id="5117">
<LocList>
<Loc EndOffset="15003" SrcFileId="19" StartOffset="14552"/>
</LocList>
<CondStmnt CovItemId="S208" CovItemPrefix="game.ClassicChess.java" Intrnl_Id="5118">
<Branch CovItemId="B123" CovItemPrefix="game.ClassicChess.java" Implct="false" Intrnl_Id="5119">
<Cond/>
<LocList>
<Loc EndOffset="14657" SrcFileId="19" StartOffset="14597"/>
</LocList>
<StmntSeq Intrnl_Id="5120">
<LocList>
<Loc EndOffset="14650" SrcFileId="19" StartOffset="14605"/>
</LocList>
<BasicStmnt CovItemId="S209" CovItemPrefix="game.ClassicChess.java" Intrnl_Id="5121">
<LocList>
<Loc EndOffset="14650" SrcFileId="19" StartOffset="14605"/>
</LocList>
</BasicStmnt>
</StmntSeq>
</Branch>
<Branch CovItemId="B124" CovItemPrefix="game.ClassicChess.java" Implct="false" Intrnl_Id="5122">
<Cond>
<Loc EndOffset="14667" SrcFileId="19" StartOffset="14663"/>
</Cond>
<LocList>
<Loc EndOffset="15003" SrcFileId="19" StartOffset="14668"/>
</LocList>
<StmntSeq Intrnl_Id="5123">
<LocList>
<Loc EndOffset="15003" SrcFileId="19" StartOffset="14668"/>
</LocList>
<CondStmnt CovItemId="S210" CovItemPrefix="game.ClassicChess.java" Intrnl_Id="5124">
<Branch CovItemId="B125" CovItemPrefix="game.ClassicChess.java" Implct="false" Intrnl_Id="5125">
<Cond/>
<LocList>
<Loc EndOffset="14771" SrcFileId="19" StartOffset="14712"/>
</LocList>
<StmntSeq Intrnl_Id="5126">
<LocList>
<Loc EndOffset="14764" SrcFileId="19" StartOffset="14720"/>
</LocList>
<BasicStmnt CovItemId="S211" CovItemPrefix="game.ClassicChess.java" Intrnl_Id="5127">
<LocList>
<Loc EndOffset="14764" SrcFileId="19" StartOffset="14720"/>
</LocList>
</BasicStmnt>
</StmntSeq>
</Branch>
<Branch CovItemId="B126" CovItemPrefix="game.ClassicChess.java" Implct="false" Intrnl_Id="5128">
<Cond>
<Loc EndOffset="14781" SrcFileId="19" StartOffset="14777"/>
</Cond>
<LocList>
<Loc EndOffset="15003" SrcFileId="19" StartOffset="14782"/>
</LocList>
<StmntSeq Intrnl_Id="5129">
<LocList>
<Loc EndOffset="15003" SrcFileId="19" StartOffset="14782"/>
</LocList>
<CondStmnt CovItemId="S212" CovItemPrefix="game.ClassicChess.java" Intrnl_Id="5130">
<Branch CovItemId="B127" CovItemPrefix="game.ClassicChess.java" Implct="false" Intrnl_Id="5131">
<Cond/>
<LocList>
<Loc EndOffset="14889" SrcFileId="19" StartOffset="14828"/>
</LocList>
<StmntSeq Intrnl_Id="5132">
<LocList>
<Loc EndOffset="14882" SrcFileId="19" StartOffset="14836"/>
</LocList>
<BasicStmnt CovItemId="S213" CovItemPrefix="game.ClassicChess.java" Intrnl_Id="5133">
<LocList>
<Loc EndOffset="14882" SrcFileId="19" StartOffset="14836"/>
</LocList>
</BasicStmnt>
</StmntSeq>
</Branch>
<Branch CovItemId="B128" CovItemPrefix="game.ClassicChess.java" Implct="false" Intrnl_Id="5134">
<Cond>
<Loc EndOffset="14899" SrcFileId="19" StartOffset="14895"/>
</Cond>
<LocList>
<Loc EndOffset="15003" SrcFileId="19" StartOffset="14900"/>
</LocList>
<StmntSeq Intrnl_Id="5135">
<LocList>
<Loc EndOffset="15003" SrcFileId="19" StartOffset="14900"/>
</LocList>
<CondStmnt CovItemId="S214" CovItemPrefix="game.ClassicChess.java" Intrnl_Id="5136">
<Branch CovItemId="B129" CovItemPrefix="game.ClassicChess.java" Implct="false" Intrnl_Id="5137">
<Cond/>
<LocList>
<Loc EndOffset="15003" SrcFileId="19" StartOffset="14944"/>
</LocList>
<StmntSeq Intrnl_Id="5138">
<LocList>
<Loc EndOffset="14996" SrcFileId="19" StartOffset="14952"/>
</LocList>
<BasicStmnt CovItemId="S215" CovItemPrefix="game.ClassicChess.java" Intrnl_Id="5139">
<LocList>
<Loc EndOffset="14996" SrcFileId="19" StartOffset="14952"/>
</LocList>
</BasicStmnt>
</StmntSeq>
</Branch>
<Branch CovItemId="B130" CovItemPrefix="game.ClassicChess.java" Implct="true" Intrnl_Id="5140">
<Cond/>
<LocList/>
<StmntSeq Intrnl_Id="5141">
<LocList/>
</StmntSeq>
</Branch>
<Keyword EndOffset="14902" SrcFileId="19" StartOffset="14900"/>
<LocList>
<Loc EndOffset="15003" SrcFileId="19" StartOffset="14900"/>
</LocList>
<RootTerm CovItemId="C71" CovItemPrefix="game.ClassicChess.java" Intrnl_Id="5142">
<BasicBoolTerm Intrnl_Id="5143">
<LocList>
<Loc EndOffset="14942" SrcFileId="19" StartOffset="14903"/>
</LocList>
</BasicBoolTerm>
</RootTerm>
</CondStmnt>
</StmntSeq>
</Branch>
<Keyword EndOffset="14784" SrcFileId="19" StartOffset="14782"/>
<LocList>
<Loc EndOffset="15003" SrcFileId="19" StartOffset="14782"/>
</LocList>
<RootTerm CovItemId="C70" CovItemPrefix="game.ClassicChess.java" Intrnl_Id="5144">
<BasicBoolTerm Intrnl_Id="5145">
<LocList>
<Loc EndOffset="14826" SrcFileId="19" StartOffset="14785"/>
</LocList>
</BasicBoolTerm>
</RootTerm>
</CondStmnt>
</StmntSeq>
</Branch>
<Keyword EndOffset="14670" SrcFileId="19" StartOffset="14668"/>
<LocList>
<Loc EndOffset="15003" SrcFileId="19" StartOffset="14668"/>
</LocList>
<RootTerm CovItemId="C69" CovItemPrefix="game.ClassicChess.java" Intrnl_Id="5146">
<BasicBoolTerm Intrnl_Id="5147">
<LocList>
<Loc EndOffset="14710" SrcFileId="19" StartOffset="14671"/>
</LocList>
</BasicBoolTerm>
</RootTerm>
</CondStmnt>
</StmntSeq>
</Branch>
<Keyword EndOffset="14554" SrcFileId="19" StartOffset="14552"/>
<LocList>
<Loc EndOffset="15003" SrcFileId="19" StartOffset="14552"/>
</LocList>
<RootTerm CovItemId="C68" CovItemPrefix="game.ClassicChess.java" Intrnl_Id="5148">
<BasicBoolTerm Intrnl_Id="5149">
<LocList>
<Loc EndOffset="14595" SrcFileId="19" StartOffset="14555"/>
</LocList>
</BasicBoolTerm>
</RootTerm>
</CondStmnt>
</StmntSeq>
</Branch>
<Keyword EndOffset="14436" SrcFileId="19" StartOffset="14434"/>
<LocList>
<Loc EndOffset="15003" SrcFileId="19" StartOffset="14434"/>
</LocList>
<RootTerm CovItemId="C67" CovItemPrefix="game.ClassicChess.java" Intrnl_Id="5150">
<BasicBoolTerm Intrnl_Id="5151">
<LocList>
<Loc EndOffset="14478" SrcFileId="19" StartOffset="14437"/>
</LocList>
</BasicBoolTerm>
</RootTerm>
</CondStmnt>
</StmntSeq>
</Branch>
<Keyword EndOffset="14322" SrcFileId="19" StartOffset="14320"/>
<LocList>
<Loc EndOffset="15003" SrcFileId="19" StartOffset="14320"/>
</LocList>
<RootTerm CovItemId="C66" CovItemPrefix="game.ClassicChess.java" Intrnl_Id="5152">
<BasicBoolTerm Intrnl_Id="5153">
<LocList>
<Loc EndOffset="14362" SrcFileId="19" StartOffset="14323"/>
</LocList>
</BasicBoolTerm>
</RootTerm>
</CondStmnt>
<CondStmnt CovItemId="S216" CovItemPrefix="game.ClassicChess.java" Intrnl_Id="5154">
<Branch CovItemId="B131" CovItemPrefix="game.ClassicChess.java" Implct="false" Intrnl_Id="5155">
<Cond/>
<LocList>
<Loc EndOffset="15049" SrcFileId="19" StartOffset="15022"/>
</LocList>
<StmntSeq Intrnl_Id="5156">
<LocList>
<Loc EndOffset="15042" SrcFileId="19" StartOffset="15030"/>
</LocList>
<BasicStmnt CovItemId="S217" CovItemPrefix="game.ClassicChess.java" Intrnl_Id="5157">
<LocList>
<Loc EndOffset="15042" SrcFileId="19" StartOffset="15030"/>
</LocList>
</BasicStmnt>
</StmntSeq>
</Branch>
<Branch CovItemId="B132" CovItemPrefix="game.ClassicChess.java" Implct="true" Intrnl_Id="5158">
<Cond/>
<LocList/>
<StmntSeq Intrnl_Id="5159">
<LocList/>
</StmntSeq>
</Branch>
<Keyword EndOffset="15011" SrcFileId="19" StartOffset="15009"/>
<LocList>
<Loc EndOffset="15049" SrcFileId="19" StartOffset="15009"/>
</LocList>
<RootTerm CovItemId="C72" CovItemPrefix="game.ClassicChess.java" Intrnl_Id="5160">
<BasicBoolTerm Intrnl_Id="5161">
<LocList>
<Loc EndOffset="15020" SrcFileId="19" StartOffset="15013"/>
</LocList>
</BasicBoolTerm>
</RootTerm>
</CondStmnt>
</StmntSeq>
</Branch>
<Branch CovItemId="B118" CovItemPrefix="game.ClassicChess.java" Implct="true" Intrnl_Id="5162">
<Cond/>
<LocList/>
<StmntSeq Intrnl_Id="5163">
<LocList/>
</StmntSeq>
</Branch>
<Keyword EndOffset="14029" SrcFileId="19" StartOffset="14027"/>
<LocList>
<Loc EndOffset="15055" SrcFileId="19" StartOffset="14027"/>
</LocList>
<RootTerm CovItemId="C65" CovItemPrefix="game.ClassicChess.java" Intrnl_Id="5164">
<BasicBoolTerm Intrnl_Id="5165">
<LocList>
<Loc EndOffset="14063" SrcFileId="19" StartOffset="14031"/>
</LocList>
</BasicBoolTerm>
</RootTerm>
</CondStmnt>
</StmntSeq>
</Branch>
<Branch CovItemId="B116" CovItemPrefix="game.ClassicChess.java" Implct="true" Intrnl_Id="5166">
<Cond/>
<LocList/>
<StmntSeq Intrnl_Id="5167">
<LocList/>
</StmntSeq>
</Branch>
<Keyword EndOffset="13999" SrcFileId="19" StartOffset="13997"/>
<LocList>
<Loc EndOffset="15060" SrcFileId="19" StartOffset="13997"/>
</LocList>
<RootTerm CovItemId="C64" CovItemPrefix="game.ClassicChess.java" Intrnl_Id="5168">
<BasicBoolTerm Intrnl_Id="5169">
<LocList>
<Loc EndOffset="14019" SrcFileId="19" StartOffset="14001"/>
</LocList>
</BasicBoolTerm>
</RootTerm>
</CondStmnt>
</StmntSeq>
<Keyword EndOffset="13959" SrcFileId="19" StartOffset="13956"/>
<LocList>
<Loc EndOffset="15064" SrcFileId="19" StartOffset="13956"/>
</LocList>
</LoopStmnt>
<BasicStmnt CovItemId="S218" CovItemPrefix="game.ClassicChess.java" Intrnl_Id="5170">
<LocList>
<Loc EndOffset="15081" SrcFileId="19" StartOffset="15068"/>
</LocList>
</BasicStmnt>
</StmntSeq>
</HierarchyLvl>
<HierarchyLvl HierarchyLvlId="1131" HierarchyLvlTypeId="27" Intrnl_Id="5171" Name="validateBoardState">
<Header>
<Loc EndOffset="15438" SrcFileId="19" StartOffset="15380"/>
</Header>
<LocList>
<Loc EndOffset="15799" SrcFileId="19" StartOffset="15380"/>
</LocList>
<StmntSeq Intrnl_Id="5172">
<LocList>
<Loc EndOffset="15519" SrcFileId="19" StartOffset="15485"/>
<Loc EndOffset="15552" SrcFileId="19" StartOffset="15522"/>
<Loc EndOffset="15598" SrcFileId="19" StartOffset="15556"/>
<Loc EndOffset="15683" SrcFileId="19" StartOffset="15648"/>
<Loc EndOffset="15728" SrcFileId="19" StartOffset="15686"/>
<Loc EndOffset="15795" SrcFileId="19" StartOffset="15732"/>
</LocList>
<BasicStmnt CovItemId="S219" CovItemPrefix="game.ClassicChess.java" Intrnl_Id="5173">
<LocList>
<Loc EndOffset="15519" SrcFileId="19" StartOffset="15485"/>
</LocList>
</BasicStmnt>
<BasicStmnt CovItemId="S220" CovItemPrefix="game.ClassicChess.java" Intrnl_Id="5174">
<LocList>
<Loc EndOffset="15552" SrcFileId="19" StartOffset="15522"/>
</LocList>
</BasicStmnt>
<BasicStmnt CovItemId="S221" CovItemPrefix="game.ClassicChess.java" Intrnl_Id="5175">
<LocList>
<Loc EndOffset="15598" SrcFileId="19" StartOffset="15556"/>
</LocList>
</BasicStmnt>
<BasicStmnt CovItemId="S222" CovItemPrefix="game.ClassicChess.java" Intrnl_Id="5176">
<LocList>
<Loc EndOffset="15683" SrcFileId="19" StartOffset="15648"/>
</LocList>
</BasicStmnt>
<BasicStmnt CovItemId="S223" CovItemPrefix="game.ClassicChess.java" Intrnl_Id="5177">
<LocList>
<Loc EndOffset="15728" SrcFileId="19" StartOffset="15686"/>
</LocList>
</BasicStmnt>
<BasicStmnt CovItemId="S224" CovItemPrefix="game.ClassicChess.java" Intrnl_Id="5178">
<LocList>
<Loc EndOffset="15795" SrcFileId="19" StartOffset="15732"/>
</LocList>
</BasicStmnt>
</StmntSeq>
</HierarchyLvl>
<HierarchyLvl HierarchyLvlId="1132" HierarchyLvlTypeId="27" Intrnl_Id="5179" Name="setLastMoveJump">
<Header>
<Loc EndOffset="16032" SrcFileId="19" StartOffset="15971"/>
</Header>
<LocList>
<Loc EndOffset="16369" SrcFileId="19" StartOffset="15971"/>
</LocList>
<StmntSeq Intrnl_Id="5180">
<LocList>
<Loc EndOffset="16366" SrcFileId="19" StartOffset="16036"/>
</LocList>
<LoopStmnt CovItemId="S225" CovItemPrefix="game.ClassicChess.java" Intrnl_Id="5181" MltplExecId="L9-2" MltplExecPrefix="game.ClassicChess.java" NvrExecId="L9-0" NvrExecPrefix="game.ClassicChess.java" OnceExecutedId="L9-1" OnceExecutedPrefix="game.ClassicChess.java" OptBodyExec="true">
<StmntSeq Intrnl_Id="5182">
<LocList>
<Loc EndOffset="16362" SrcFileId="19" StartOffset="16079"/>
</LocList>
<LoopStmnt CovItemId="S226" CovItemPrefix="game.ClassicChess.java" Intrnl_Id="5183" MltplExecId="L10-2" MltplExecPrefix="game.ClassicChess.java" NvrExecId="L10-0" NvrExecPrefix="game.ClassicChess.java" OnceExecutedId="L10-1" OnceExecutedPrefix="game.ClassicChess.java" OptBodyExec="true">
<StmntSeq Intrnl_Id="5184">
<LocList>
<Loc EndOffset="16357" SrcFileId="19" StartOffset="16122"/>
</LocList>
<CondStmnt CovItemId="S227" CovItemPrefix="game.ClassicChess.java" Intrnl_Id="5185">
<Branch CovItemId="B133" CovItemPrefix="game.ClassicChess.java" Implct="false" Intrnl_Id="5186">
<Cond/>
<LocList>
<Loc EndOffset="16357" SrcFileId="19" StartOffset="16159"/>
</LocList>
<StmntSeq Intrnl_Id="5187">
<LocList>
<Loc EndOffset="16351" SrcFileId="19" StartOffset="16166"/>
</LocList>
<CondStmnt CovItemId="S228" CovItemPrefix="game.ClassicChess.java" Intrnl_Id="5188">
<Branch CovItemId="B135" CovItemPrefix="game.ClassicChess.java" Implct="false" Intrnl_Id="5189">
<Cond/>
<LocList>
<Loc EndOffset="16351" SrcFileId="19" StartOffset="16267"/>
</LocList>
<StmntSeq Intrnl_Id="5190">
<LocList>
<Loc EndOffset="16314" SrcFileId="19" StartOffset="16275"/>
<Loc EndOffset="16344" SrcFileId="19" StartOffset="16321"/>
</LocList>
<BasicStmnt CovItemId="S229" CovItemPrefix="game.ClassicChess.java" Intrnl_Id="5191">
<LocList>
<Loc EndOffset="16314" SrcFileId="19" StartOffset="16275"/>
</LocList>
</BasicStmnt>
<BasicStmnt CovItemId="S230" CovItemPrefix="game.ClassicChess.java" Intrnl_Id="5192">
<LocList>
<Loc EndOffset="16344" SrcFileId="19" StartOffset="16321"/>
</LocList>
</BasicStmnt>
</StmntSeq>
</Branch>
<Branch CovItemId="B136" CovItemPrefix="game.ClassicChess.java" Implct="true" Intrnl_Id="5193">
<Cond/>
<LocList/>
<StmntSeq Intrnl_Id="5194">
<LocList/>
</StmntSeq>
</Branch>
<Keyword EndOffset="16168" SrcFileId="19" StartOffset="16166"/>
<LocList>
<Loc EndOffset="16351" SrcFileId="19" StartOffset="16166"/>
</LocList>
<RootTerm CovItemId="C76" CovItemPrefix="game.ClassicChess.java" Intrnl_Id="5195">
<OpTerm BooleanOpId="23" Intrnl_Id="5196">
<BasicBoolTerm Intrnl_Id="5197">
<LocList>
<Loc EndOffset="16217" SrcFileId="19" StartOffset="16169"/>
</LocList>
</BasicBoolTerm>
<BasicBoolTerm Intrnl_Id="5198">
<LocList>
<Loc EndOffset="16266" SrcFileId="19" StartOffset="16221"/>
</LocList>
</BasicBoolTerm>
<LocList>
<Loc EndOffset="16220" SrcFileId="19" StartOffset="16218"/>
</LocList>
</OpTerm>
</RootTerm>
</CondStmnt>
</StmntSeq>
</Branch>
<Branch CovItemId="B134" CovItemPrefix="game.ClassicChess.java" Implct="true" Intrnl_Id="5199">
<Cond/>
<LocList/>
<StmntSeq Intrnl_Id="5200">
<LocList/>
</StmntSeq>
</Branch>
<Keyword EndOffset="16124" SrcFileId="19" StartOffset="16122"/>
<LocList>
<Loc EndOffset="16357" SrcFileId="19" StartOffset="16122"/>
</LocList>
<RootTerm CovItemId="C75" CovItemPrefix="game.ClassicChess.java" Intrnl_Id="5201">
<BasicBoolTerm Intrnl_Id="5202">
<LocList>
<Loc EndOffset="16157" SrcFileId="19" StartOffset="16126"/>
</LocList>
</BasicBoolTerm>
</RootTerm>
</CondStmnt>
</StmntSeq>
<Keyword EndOffset="16082" SrcFileId="19" StartOffset="16079"/>
<LocList>
<Loc EndOffset="16362" SrcFileId="19" StartOffset="16079"/>
</LocList>
<RootTerm CovItemId="C74" CovItemPrefix="game.ClassicChess.java" Intrnl_Id="5203">
<BasicBoolTerm Intrnl_Id="5204">
<LocList>
<Loc EndOffset="16109" SrcFileId="19" StartOffset="16094"/>
</LocList>
</BasicBoolTerm>
</RootTerm>
</LoopStmnt>
</StmntSeq>
<Keyword EndOffset="16039" SrcFileId="19" StartOffset="16036"/>
<LocList>
<Loc EndOffset="16366" SrcFileId="19" StartOffset="16036"/>
</LocList>
<RootTerm CovItemId="C73" CovItemPrefix="game.ClassicChess.java" Intrnl_Id="5205">
<BasicBoolTerm Intrnl_Id="5206">
<LocList>
<Loc EndOffset="16067" SrcFileId="19" StartOffset="16051"/>
</LocList>
</BasicBoolTerm>
</RootTerm>
</LoopStmnt>
</StmntSeq>
</HierarchyLvl>
<HierarchyLvl HierarchyLvlId="1133" HierarchyLvlTypeId="27" Intrnl_Id="5207" Name="ruleCompleteMove">
<Header>
<Loc EndOffset="16702" SrcFileId="19" StartOffset="16636"/>
</Header>
<LocList>
<Loc EndOffset="19918" SrcFileId="19" StartOffset="16636"/>
</LocList>
<StmntSeq Intrnl_Id="5208">
<LocList>
<Loc EndOffset="16748" SrcFileId="19" StartOffset="16706"/>
<Loc EndOffset="17244" SrcFileId="19" StartOffset="16751"/>
<Loc EndOffset="19875" SrcFileId="19" StartOffset="17423"/>
<Loc EndOffset="19915" SrcFileId="19" StartOffset="19878"/>
</LocList>
<BasicStmnt CovItemId="S231" CovItemPrefix="game.ClassicChess.java" Intrnl_Id="5209">
<LocList>
<Loc EndOffset="16748" SrcFileId="19" StartOffset="16706"/>
</LocList>
</BasicStmnt>
<CondStmnt CovItemId="S232" CovItemPrefix="game.ClassicChess.java" Intrnl_Id="5210">
<Branch CovItemId="B137" CovItemPrefix="game.ClassicChess.java" Implct="false" Intrnl_Id="5211">
<Cond/>
<LocList>
<Loc EndOffset="16920" SrcFileId="19" StartOffset="16859"/>
</LocList>
<StmntSeq Intrnl_Id="5212">
<LocList>
<Loc EndOffset="16890" SrcFileId="19" StartOffset="16864"/>
<Loc EndOffset="16916" SrcFileId="19" StartOffset="16894"/>
</LocList>
<BasicStmnt CovItemId="S233" CovItemPrefix="game.ClassicChess.java" Intrnl_Id="5213">
<LocList>
<Loc EndOffset="16890" SrcFileId="19" StartOffset="16864"/>
</LocList>
</BasicStmnt>
<BasicStmnt CovItemId="S234" CovItemPrefix="game.ClassicChess.java" Intrnl_Id="5214">
<LocList>
<Loc EndOffset="16916" SrcFileId="19" StartOffset="16894"/>
</LocList>
</BasicStmnt>
</StmntSeq>
</Branch>
<Branch CovItemId="B138" CovItemPrefix="game.ClassicChess.java" Implct="false" Intrnl_Id="5215">
<Cond>
<Loc EndOffset="16924" SrcFileId="19" StartOffset="16920"/>
</Cond>
<LocList>
<Loc EndOffset="17244" SrcFileId="19" StartOffset="16925"/>
</LocList>
<StmntSeq Intrnl_Id="5216">
<LocList>
<Loc EndOffset="17244" SrcFileId="19" StartOffset="16925"/>
</LocList>
<CondStmnt CovItemId="S235" CovItemPrefix="game.ClassicChess.java" Intrnl_Id="5217">
<Branch CovItemId="B139" CovItemPrefix="game.ClassicChess.java" Implct="false" Intrnl_Id="5218">
<Cond/>
<LocList>
<Loc EndOffset="17082" SrcFileId="19" StartOffset="17038"/>
</LocList>
<StmntSeq Intrnl_Id="5219">
<LocList>
<Loc EndOffset="17078" SrcFileId="19" StartOffset="17043"/>
</LocList>
<BasicStmnt CovItemId="S236" CovItemPrefix="game.ClassicChess.java" Intrnl_Id="5220">
<LocList>
<Loc EndOffset="17078" SrcFileId="19" StartOffset="17043"/>
</LocList>
</BasicStmnt>
</StmntSeq>
</Branch>
<Branch CovItemId="B140" CovItemPrefix="game.ClassicChess.java" Implct="false" Intrnl_Id="5221">
<Cond>
<Loc EndOffset="17086" SrcFileId="19" StartOffset="17082"/>
</Cond>
<LocList>
<Loc EndOffset="17244" SrcFileId="19" StartOffset="17087"/>
</LocList>
<StmntSeq Intrnl_Id="5222">
<LocList>
<Loc EndOffset="17244" SrcFileId="19" StartOffset="17087"/>
</LocList>
<CondStmnt CovItemId="S237" CovItemPrefix="game.ClassicChess.java" Intrnl_Id="5223">
<Branch CovItemId="B141" CovItemPrefix="game.ClassicChess.java" Implct="false" Intrnl_Id="5224">
<Cond/>
<LocList>
<Loc EndOffset="17244" SrcFileId="19" StartOffset="17200"/>
</LocList>
<StmntSeq Intrnl_Id="5225">
<LocList>
<Loc EndOffset="17240" SrcFileId="19" StartOffset="17205"/>
</LocList>
<BasicStmnt CovItemId="S238" CovItemPrefix="game.ClassicChess.java" Intrnl_Id="5226">
<LocList>
<Loc EndOffset="17240" SrcFileId="19" StartOffset="17205"/>
</LocList>
</BasicStmnt>
</StmntSeq>
</Branch>
<Branch CovItemId="B142" CovItemPrefix="game.ClassicChess.java" Implct="true" Intrnl_Id="5227">
<Cond/>
<LocList/>
<StmntSeq Intrnl_Id="5228">
<LocList/>
</StmntSeq>
</Branch>
<Keyword EndOffset="17089" SrcFileId="19" StartOffset="17087"/>
<LocList>
<Loc EndOffset="17244" SrcFileId="19" StartOffset="17087"/>
</LocList>
<RootTerm CovItemId="C79" CovItemPrefix="game.ClassicChess.java" Intrnl_Id="5229">
<OpTerm BooleanOpId="23" Intrnl_Id="5230">
<OpTerm BooleanOpId="23" Intrnl_Id="5231">
<BasicBoolTerm Intrnl_Id="5232">
<LocList>
<Loc EndOffset="17125" SrcFileId="19" StartOffset="17090"/>
</LocList>
</BasicBoolTerm>
<BasicBoolTerm Intrnl_Id="5233">
<LocList>
<Loc EndOffset="17156" SrcFileId="19" StartOffset="17129"/>
</LocList>
</BasicBoolTerm>
<LocList>
<Loc EndOffset="17128" SrcFileId="19" StartOffset="17126"/>
</LocList>
</OpTerm>
<BasicBoolTerm Intrnl_Id="5234">
<LocList>
<Loc EndOffset="17198" SrcFileId="19" StartOffset="17160"/>
</LocList>
</BasicBoolTerm>
<LocList>
<Loc EndOffset="17159" SrcFileId="19" StartOffset="17157"/>
</LocList>
</OpTerm>
</RootTerm>
</CondStmnt>
</StmntSeq>
</Branch>
<Keyword EndOffset="16927" SrcFileId="19" StartOffset="16925"/>
<LocList>
<Loc EndOffset="17244" SrcFileId="19" StartOffset="16925"/>
</LocList>
<RootTerm CovItemId="C78" CovItemPrefix="game.ClassicChess.java" Intrnl_Id="5235">
<OpTerm BooleanOpId="23" Intrnl_Id="5236">
<OpTerm BooleanOpId="23" Intrnl_Id="5237">
<BasicBoolTerm Intrnl_Id="5238">
<LocList>
<Loc EndOffset="16963" SrcFileId="19" StartOffset="16928"/>
</LocList>
</BasicBoolTerm>
<BasicBoolTerm Intrnl_Id="5239">
<LocList>
<Loc EndOffset="16994" SrcFileId="19" StartOffset="16967"/>
</LocList>
</BasicBoolTerm>
<LocList>
<Loc EndOffset="16966" SrcFileId="19" StartOffset="16964"/>
</LocList>
</OpTerm>
<BasicBoolTerm Intrnl_Id="5240">
<LocList>
<Loc EndOffset="17036" SrcFileId="19" StartOffset="16998"/>
</LocList>
</BasicBoolTerm>
<LocList>
<Loc EndOffset="16997" SrcFileId="19" StartOffset="16995"/>
</LocList>
</OpTerm>
</RootTerm>
</CondStmnt>
</StmntSeq>
</Branch>
<Keyword EndOffset="16753" SrcFileId="19" StartOffset="16751"/>
<LocList>
<Loc EndOffset="17244" SrcFileId="19" StartOffset="16751"/>
</LocList>
<RootTerm CovItemId="C77" CovItemPrefix="game.ClassicChess.java" Intrnl_Id="5241">
<OpTerm BooleanOpId="23" Intrnl_Id="5242">
<BasicBoolTerm Intrnl_Id="5243">
<LocList>
<Loc EndOffset="16789" SrcFileId="19" StartOffset="16754"/>
</LocList>
</BasicBoolTerm>
<BasicBoolTerm Intrnl_Id="5244">
<LocList>
<Loc EndOffset="16857" SrcFileId="19" StartOffset="16793"/>
</LocList>
</BasicBoolTerm>
<LocList>
<Loc EndOffset="16792" SrcFileId="19" StartOffset="16790"/>
</LocList>
</OpTerm>
</RootTerm>
</CondStmnt>
<CondStmnt CovItemId="S239" CovItemPrefix="game.ClassicChess.java" Intrnl_Id="5245">
<Branch CovItemId="B143" CovItemPrefix="game.ClassicChess.java" Implct="false" Intrnl_Id="5246">
<Cond/>
<LocList>
<Loc EndOffset="19875" SrcFileId="19" StartOffset="17468"/>
</LocList>
<StmntSeq Intrnl_Id="5247">
<LocList>
<Loc EndOffset="17499" SrcFileId="19" StartOffset="17474"/>
<Loc EndOffset="17537" SrcFileId="19" StartOffset="17503"/>
<Loc EndOffset="17564" SrcFileId="19" StartOffset="17541"/>
<Loc EndOffset="19503" SrcFileId="19" StartOffset="17569"/>
<Loc EndOffset="19768" SrcFileId="19" StartOffset="19508"/>
<Loc EndOffset="19871" SrcFileId="19" StartOffset="19773"/>
</LocList>
<BasicStmnt CovItemId="S240" CovItemPrefix="game.ClassicChess.java" Intrnl_Id="5248">
<LocList>
<Loc EndOffset="17499" SrcFileId="19" StartOffset="17474"/>
</LocList>
</BasicStmnt>
<BasicStmnt CovItemId="S241" CovItemPrefix="game.ClassicChess.java" Intrnl_Id="5249">
<LocList>
<Loc EndOffset="17537" SrcFileId="19" StartOffset="17503"/>
</LocList>
</BasicStmnt>
<BasicStmnt CovItemId="S242" CovItemPrefix="game.ClassicChess.java" Intrnl_Id="5250">
<LocList>
<Loc EndOffset="17564" SrcFileId="19" StartOffset="17541"/>
</LocList>
</BasicStmnt>
<LoopStmnt CovItemId="S243" CovItemPrefix="game.ClassicChess.java" Intrnl_Id="5251" MltplExecId="L11-2" MltplExecPrefix="game.ClassicChess.java" NvrExecId="L11-0" NvrExecPrefix="game.ClassicChess.java" OnceExecutedId="L11-1" OnceExecutedPrefix="game.ClassicChess.java" OptBodyExec="true">
<StmntSeq Intrnl_Id="5252">
<LocList>
<Loc EndOffset="19498" SrcFileId="19" StartOffset="17613"/>
</LocList>
<CondStmnt CovItemId="S244" CovItemPrefix="game.ClassicChess.java" Intrnl_Id="5253">
<Branch CovItemId="B145" CovItemPrefix="game.ClassicChess.java" Implct="false" Intrnl_Id="5254">
<Cond/>
<LocList>
<Loc EndOffset="19498" SrcFileId="19" StartOffset="17700"/>
</LocList>
<StmntSeq Intrnl_Id="5255">
<LocList>
<Loc EndOffset="19492" SrcFileId="19" StartOffset="17708"/>
</LocList>
<LoopStmnt CovItemId="S245" CovItemPrefix="game.ClassicChess.java" Intrnl_Id="5256" MltplExecId="L12-2" MltplExecPrefix="game.ClassicChess.java" NvrExecId="L12-0" NvrExecPrefix="game.ClassicChess.java" OnceExecutedId="L12-1" OnceExecutedPrefix="game.ClassicChess.java" OptBodyExec="true">
<StmntSeq Intrnl_Id="5257">
<LocList>
<Loc EndOffset="17785" SrcFileId="19" StartOffset="17761"/>
<Loc EndOffset="17845" SrcFileId="19" StartOffset="17792"/>
<Loc EndOffset="17882" SrcFileId="19" StartOffset="17852"/>
<Loc EndOffset="17921" SrcFileId="19" StartOffset="17889"/>
<Loc EndOffset="17965" SrcFileId="19" StartOffset="17928"/>
<Loc EndOffset="18225" SrcFileId="19" StartOffset="18201"/>
<Loc EndOffset="18974" SrcFileId="19" StartOffset="18232"/>
<Loc EndOffset="19485" SrcFileId="19" StartOffset="19030"/>
</LocList>
<BasicStmnt CovItemId="S246" CovItemPrefix="game.ClassicChess.java" Intrnl_Id="5258">
<LocList>
<Loc EndOffset="17785" SrcFileId="19" StartOffset="17761"/>
</LocList>
</BasicStmnt>
<BasicStmnt CovItemId="S247" CovItemPrefix="game.ClassicChess.java" Intrnl_Id="5259">
<LocList>
<Loc EndOffset="17845" SrcFileId="19" StartOffset="17792"/>
</LocList>
</BasicStmnt>
<BasicStmnt CovItemId="S248" CovItemPrefix="game.ClassicChess.java" Intrnl_Id="5260">
<LocList>
<Loc EndOffset="17882" SrcFileId="19" StartOffset="17852"/>
</LocList>
</BasicStmnt>
<BasicStmnt CovItemId="S249" CovItemPrefix="game.ClassicChess.java" Intrnl_Id="5261">
<LocList>
<Loc EndOffset="17921" SrcFileId="19" StartOffset="17889"/>
</LocList>
</BasicStmnt>
<BasicStmnt CovItemId="S250" CovItemPrefix="game.ClassicChess.java" Intrnl_Id="5262">
<LocList>
<Loc EndOffset="17965" SrcFileId="19" StartOffset="17928"/>
</LocList>
</BasicStmnt>
<BasicStmnt CovItemId="S251" CovItemPrefix="game.ClassicChess.java" Intrnl_Id="5263">
<LocList>
<Loc EndOffset="18225" SrcFileId="19" StartOffset="18201"/>
</LocList>
</BasicStmnt>
<CondStmnt CovItemId="S252" CovItemPrefix="game.ClassicChess.java" Intrnl_Id="5264">
<Branch CovItemId="B147" CovItemPrefix="game.ClassicChess.java" Implct="false" Intrnl_Id="5265">
<Cond/>
<LocList>
<Loc EndOffset="18344" SrcFileId="19" StartOffset="18278"/>
</LocList>
<StmntSeq Intrnl_Id="5266">
<LocList>
<Loc EndOffset="18336" SrcFileId="19" StartOffset="18287"/>
</LocList>
<BasicStmnt CovItemId="S253" CovItemPrefix="game.ClassicChess.java" Intrnl_Id="5267">
<LocList>
<Loc EndOffset="18336" SrcFileId="19" StartOffset="18287"/>
</LocList>
</BasicStmnt>
</StmntSeq>
</Branch>
<Branch CovItemId="B148" CovItemPrefix="game.ClassicChess.java" Implct="false" Intrnl_Id="5268">
<Cond>
<Loc EndOffset="18355" SrcFileId="19" StartOffset="18351"/>
</Cond>
<LocList>
<Loc EndOffset="18974" SrcFileId="19" StartOffset="18356"/>
</LocList>
<StmntSeq Intrnl_Id="5269">
<LocList>
<Loc EndOffset="18974" SrcFileId="19" StartOffset="18356"/>
</LocList>
<CondStmnt CovItemId="S254" CovItemPrefix="game.ClassicChess.java" Intrnl_Id="5270">
<Branch CovItemId="B149" CovItemPrefix="game.ClassicChess.java" Implct="false" Intrnl_Id="5271">
<Cond/>
<LocList>
<Loc EndOffset="18472" SrcFileId="19" StartOffset="18404"/>
</LocList>
<StmntSeq Intrnl_Id="5272">
<LocList>
<Loc EndOffset="18464" SrcFileId="19" StartOffset="18413"/>
</LocList>
<BasicStmnt CovItemId="S255" CovItemPrefix="game.ClassicChess.java" Intrnl_Id="5273">
<LocList>
<Loc EndOffset="18464" SrcFileId="19" StartOffset="18413"/>
</LocList>
</BasicStmnt>
</StmntSeq>
</Branch>
<Branch CovItemId="B150" CovItemPrefix="game.ClassicChess.java" Implct="false" Intrnl_Id="5274">
<Cond>
<Loc EndOffset="18483" SrcFileId="19" StartOffset="18479"/>
</Cond>
<LocList>
<Loc EndOffset="18974" SrcFileId="19" StartOffset="18484"/>
</LocList>
<StmntSeq Intrnl_Id="5275">
<LocList>
<Loc EndOffset="18974" SrcFileId="19" StartOffset="18484"/>
</LocList>
<CondStmnt CovItemId="S256" CovItemPrefix="game.ClassicChess.java" Intrnl_Id="5276">
<Branch CovItemId="B151" CovItemPrefix="game.ClassicChess.java" Implct="false" Intrnl_Id="5277">
<Cond/>
<LocList>
<Loc EndOffset="18598" SrcFileId="19" StartOffset="18531"/>
</LocList>
<StmntSeq Intrnl_Id="5278">
<LocList>
<Loc EndOffset="18590" SrcFileId="19" StartOffset="18540"/>
</LocList>
<BasicStmnt CovItemId="S257" CovItemPrefix="game.ClassicChess.java" Intrnl_Id="5279">
<LocList>
<Loc EndOffset="18590" SrcFileId="19" StartOffset="18540"/>
</LocList>
</BasicStmnt>
</StmntSeq>
</Branch>
<Branch CovItemId="B152" CovItemPrefix="game.ClassicChess.java" Implct="false" Intrnl_Id="5280">
<Cond>
<Loc EndOffset="18609" SrcFileId="19" StartOffset="18605"/>
</Cond>
<LocList>
<Loc EndOffset="18974" SrcFileId="19" StartOffset="18610"/>
</LocList>
<StmntSeq Intrnl_Id="5281">
<LocList>
<Loc EndOffset="18974" SrcFileId="19" StartOffset="18610"/>
</LocList>
<CondStmnt CovItemId="S258" CovItemPrefix="game.ClassicChess.java" Intrnl_Id="5282">
<Branch CovItemId="B153" CovItemPrefix="game.ClassicChess.java" Implct="false" Intrnl_Id="5283">
<Cond/>
<LocList>
<Loc EndOffset="18722" SrcFileId="19" StartOffset="18656"/>
</LocList>
<StmntSeq Intrnl_Id="5284">
<LocList>
<Loc EndOffset="18714" SrcFileId="19" StartOffset="18665"/>
</LocList>
<BasicStmnt CovItemId="S259" CovItemPrefix="game.ClassicChess.java" Intrnl_Id="5285">
<LocList>
<Loc EndOffset="18714" SrcFileId="19" StartOffset="18665"/>
</LocList>
</BasicStmnt>
</StmntSeq>
</Branch>
<Branch CovItemId="B154" CovItemPrefix="game.ClassicChess.java" Implct="false" Intrnl_Id="5286">
<Cond>
<Loc EndOffset="18733" SrcFileId="19" StartOffset="18729"/>
</Cond>
<LocList>
<Loc EndOffset="18974" SrcFileId="19" StartOffset="18734"/>
</LocList>
<StmntSeq Intrnl_Id="5287">
<LocList>
<Loc EndOffset="18974" SrcFileId="19" StartOffset="18734"/>
</LocList>
<CondStmnt CovItemId="S260" CovItemPrefix="game.ClassicChess.java" Intrnl_Id="5288">
<Branch CovItemId="B155" CovItemPrefix="game.ClassicChess.java" Implct="false" Intrnl_Id="5289">
<Cond/>
<LocList>
<Loc EndOffset="18850" SrcFileId="19" StartOffset="18782"/>
</LocList>
<StmntSeq Intrnl_Id="5290">
<LocList>
<Loc EndOffset="18842" SrcFileId="19" StartOffset="18791"/>
</LocList>
<BasicStmnt CovItemId="S261" CovItemPrefix="game.ClassicChess.java" Intrnl_Id="5291">
<LocList>
<Loc EndOffset="18842" SrcFileId="19" StartOffset="18791"/>
</LocList>
</BasicStmnt>
</StmntSeq>
</Branch>
<Branch CovItemId="B156" CovItemPrefix="game.ClassicChess.java" Implct="false" Intrnl_Id="5292">
<Cond>
<Loc EndOffset="18861" SrcFileId="19" StartOffset="18857"/>
</Cond>
<LocList>
<Loc EndOffset="18974" SrcFileId="19" StartOffset="18862"/>
</LocList>
<StmntSeq Intrnl_Id="5293">
<LocList>
<Loc EndOffset="18974" SrcFileId="19" StartOffset="18862"/>
</LocList>
<CondStmnt CovItemId="S262" CovItemPrefix="game.ClassicChess.java" Intrnl_Id="5294">
<Branch CovItemId="B157" CovItemPrefix="game.ClassicChess.java" Implct="false" Intrnl_Id="5295">
<Cond/>
<LocList>
<Loc EndOffset="18974" SrcFileId="19" StartOffset="18908"/>
</LocList>
<StmntSeq Intrnl_Id="5296">
<LocList>
<Loc EndOffset="18966" SrcFileId="19" StartOffset="18917"/>
</LocList>
<BasicStmnt CovItemId="S263" CovItemPrefix="game.ClassicChess.java" Intrnl_Id="5297">
<LocList>
<Loc EndOffset="18966" SrcFileId="19" StartOffset="18917"/>
</LocList>
</BasicStmnt>
</StmntSeq>
</Branch>
<Branch CovItemId="B158" CovItemPrefix="game.ClassicChess.java" Implct="true" Intrnl_Id="5298">
<Cond/>
<LocList/>
<StmntSeq Intrnl_Id="5299">
<LocList/>
</StmntSeq>
</Branch>
<Keyword EndOffset="18864" SrcFileId="19" StartOffset="18862"/>
<LocList>
<Loc EndOffset="18974" SrcFileId="19" StartOffset="18862"/>
</LocList>
<RootTerm CovItemId="C87" CovItemPrefix="game.ClassicChess.java" Intrnl_Id="5300">
<BasicBoolTerm Intrnl_Id="5301">
<LocList>
<Loc EndOffset="18906" SrcFileId="19" StartOffset="18865"/>
</LocList>
</BasicBoolTerm>
</RootTerm>
</CondStmnt>
</StmntSeq>
</Branch>
<Keyword EndOffset="18736" SrcFileId="19" StartOffset="18734"/>
<LocList>
<Loc EndOffset="18974" SrcFileId="19" StartOffset="18734"/>
</LocList>
<RootTerm CovItemId="C86" CovItemPrefix="game.ClassicChess.java" Intrnl_Id="5302">
<BasicBoolTerm Intrnl_Id="5303">
<LocList>
<Loc EndOffset="18780" SrcFileId="19" StartOffset="18737"/>
</LocList>
</BasicBoolTerm>
</RootTerm>
</CondStmnt>
</StmntSeq>
</Branch>
<Keyword EndOffset="18612" SrcFileId="19" StartOffset="18610"/>
<LocList>
<Loc EndOffset="18974" SrcFileId="19" StartOffset="18610"/>
</LocList>
<RootTerm CovItemId="C85" CovItemPrefix="game.ClassicChess.java" Intrnl_Id="5304">
<BasicBoolTerm Intrnl_Id="5305">
<LocList>
<Loc EndOffset="18654" SrcFileId="19" StartOffset="18613"/>
</LocList>
</BasicBoolTerm>
</RootTerm>
</CondStmnt>
</StmntSeq>
</Branch>
<Keyword EndOffset="18486" SrcFileId="19" StartOffset="18484"/>
<LocList>
<Loc EndOffset="18974" SrcFileId="19" StartOffset="18484"/>
</LocList>
<RootTerm CovItemId="C84" CovItemPrefix="game.ClassicChess.java" Intrnl_Id="5306">
<BasicBoolTerm Intrnl_Id="5307">
<LocList>
<Loc EndOffset="18529" SrcFileId="19" StartOffset="18487"/>
</LocList>
</BasicBoolTerm>
</RootTerm>
</CondStmnt>
</StmntSeq>
</Branch>
<Keyword EndOffset="18358" SrcFileId="19" StartOffset="18356"/>
<LocList>
<Loc EndOffset="18974" SrcFileId="19" StartOffset="18356"/>
</LocList>
<RootTerm CovItemId="C83" CovItemPrefix="game.ClassicChess.java" Intrnl_Id="5308">
<BasicBoolTerm Intrnl_Id="5309">
<LocList>
<Loc EndOffset="18402" SrcFileId="19" StartOffset="18359"/>
</LocList>
</BasicBoolTerm>
</RootTerm>
</CondStmnt>
</StmntSeq>
</Branch>
<Keyword EndOffset="18234" SrcFileId="19" StartOffset="18232"/>
<LocList>
<Loc EndOffset="18974" SrcFileId="19" StartOffset="18232"/>
</LocList>
<RootTerm CovItemId="C82" CovItemPrefix="game.ClassicChess.java" Intrnl_Id="5310">
<BasicBoolTerm Intrnl_Id="5311">
<LocList>
<Loc EndOffset="18276" SrcFileId="19" StartOffset="18235"/>
</LocList>
</BasicBoolTerm>
</RootTerm>
</CondStmnt>
<CondStmnt CovItemId="S264" CovItemPrefix="game.ClassicChess.java" Intrnl_Id="5312">
<Branch CovItemId="B159" CovItemPrefix="game.ClassicChess.java" Implct="false" Intrnl_Id="5313">
<Cond/>
<LocList>
<Loc EndOffset="19485" SrcFileId="19" StartOffset="19043"/>
</LocList>
<StmntSeq Intrnl_Id="5314">
<LocList>
<Loc EndOffset="19090" SrcFileId="19" StartOffset="19052"/>
<Loc EndOffset="19144" SrcFileId="19" StartOffset="19098"/>
<Loc EndOffset="19212" SrcFileId="19" StartOffset="19174"/>
<Loc EndOffset="19268" SrcFileId="19" StartOffset="19220"/>
<Loc EndOffset="19477" SrcFileId="19" StartOffset="19390"/>
</LocList>
<BasicStmnt CovItemId="S265" CovItemPrefix="game.ClassicChess.java" Intrnl_Id="5315">
<LocList>
<Loc EndOffset="19090" SrcFileId="19" StartOffset="19052"/>
</LocList>
</BasicStmnt>
<BasicStmnt CovItemId="S266" CovItemPrefix="game.ClassicChess.java" Intrnl_Id="5316">
<LocList>
<Loc EndOffset="19144" SrcFileId="19" StartOffset="19098"/>
</LocList>
</BasicStmnt>
<BasicStmnt CovItemId="S267" CovItemPrefix="game.ClassicChess.java" Intrnl_Id="5317">
<LocList>
<Loc EndOffset="19212" SrcFileId="19" StartOffset="19174"/>
</LocList>
</BasicStmnt>
<BasicStmnt CovItemId="S268" CovItemPrefix="game.ClassicChess.java" Intrnl_Id="5318">
<LocList>
<Loc EndOffset="19268" SrcFileId="19" StartOffset="19220"/>
</LocList>
</BasicStmnt>
<CondStmnt CovItemId="S269" CovItemPrefix="game.ClassicChess.java" Intrnl_Id="5319">
<Branch CovItemId="B161" CovItemPrefix="game.ClassicChess.java" Implct="false" Intrnl_Id="5320">
<Cond/>
<LocList>
<Loc EndOffset="19477" SrcFileId="19" StartOffset="19440"/>
</LocList>
<StmntSeq Intrnl_Id="5321">
<LocList>
<Loc EndOffset="19468" SrcFileId="19" StartOffset="19450"/>
</LocList>
<BasicStmnt CovItemId="S270" CovItemPrefix="game.ClassicChess.java" Intrnl_Id="5322">
<LocList>
<Loc EndOffset="19468" SrcFileId="19" StartOffset="19450"/>
</LocList>
</BasicStmnt>
</StmntSeq>
</Branch>
<Branch CovItemId="B162" CovItemPrefix="game.ClassicChess.java" Implct="true" Intrnl_Id="5323">
<Cond/>
<LocList/>
<StmntSeq Intrnl_Id="5324">
<LocList/>
</StmntSeq>
</Branch>
<Keyword EndOffset="19392" SrcFileId="19" StartOffset="19390"/>
<LocList>
<Loc EndOffset="19477" SrcFileId="19" StartOffset="19390"/>
</LocList>
<RootTerm CovItemId="C89" CovItemPrefix="game.ClassicChess.java" Intrnl_Id="5325">
<OpTerm BooleanOpId="22" Intrnl_Id="5326">
<BasicBoolTerm Intrnl_Id="5327">
<LocList>
<Loc EndOffset="19438" SrcFileId="19" StartOffset="19395"/>
</LocList>
</BasicBoolTerm>
<LocList>
<Loc EndOffset="19395" SrcFileId="19" StartOffset="19394"/>
</LocList>
</OpTerm>
</RootTerm>
</CondStmnt>
</StmntSeq>
</Branch>
<Branch CovItemId="B160" CovItemPrefix="game.ClassicChess.java" Implct="true" Intrnl_Id="5328">
<Cond/>
<LocList/>
<StmntSeq Intrnl_Id="5329">
<LocList/>
</StmntSeq>
</Branch>
<Keyword EndOffset="19032" SrcFileId="19" StartOffset="19030"/>
<LocList>
<Loc EndOffset="19485" SrcFileId="19" StartOffset="19030"/>
</LocList>
<RootTerm CovItemId="C88" CovItemPrefix="game.ClassicChess.java" Intrnl_Id="5330">
<BasicBoolTerm Intrnl_Id="5331">
<LocList>
<Loc EndOffset="19041" SrcFileId="19" StartOffset="19034"/>
</LocList>
</BasicBoolTerm>
</RootTerm>
</CondStmnt>
</StmntSeq>
<Keyword EndOffset="17711" SrcFileId="19" StartOffset="17708"/>
<LocList>
<Loc EndOffset="19492" SrcFileId="19" StartOffset="17708"/>
</LocList>
</LoopStmnt>
</StmntSeq>
</Branch>
<Branch CovItemId="B146" CovItemPrefix="game.ClassicChess.java" Implct="true" Intrnl_Id="5332">
<Cond/>
<LocList/>
<StmntSeq Intrnl_Id="5333">
<LocList/>
</StmntSeq>
</Branch>
<Keyword EndOffset="17615" SrcFileId="19" StartOffset="17613"/>
<LocList>
<Loc EndOffset="19498" SrcFileId="19" StartOffset="17613"/>
</LocList>
<RootTerm CovItemId="C81" CovItemPrefix="game.ClassicChess.java" Intrnl_Id="5334">
<OpTerm BooleanOpId="23" Intrnl_Id="5335">
<OpTerm BooleanOpId="23" Intrnl_Id="5336">
<BasicBoolTerm Intrnl_Id="5337">
<LocList>
<Loc EndOffset="17626" SrcFileId="19" StartOffset="17617"/>
</LocList>
</BasicBoolTerm>
<BasicBoolTerm Intrnl_Id="5338">
<LocList>
<Loc EndOffset="17648" SrcFileId="19" StartOffset="17630"/>
</LocList>
</BasicBoolTerm>
<LocList>
<Loc EndOffset="17629" SrcFileId="19" StartOffset="17627"/>
</LocList>
</OpTerm>
<BasicBoolTerm Intrnl_Id="5339">
<LocList>
<Loc EndOffset="17698" SrcFileId="19" StartOffset="17652"/>
</LocList>
</BasicBoolTerm>
<LocList>
<Loc EndOffset="17651" SrcFileId="19" StartOffset="17649"/>
</LocList>
</OpTerm>
</RootTerm>
</CondStmnt>
</StmntSeq>
<Keyword EndOffset="17572" SrcFileId="19" StartOffset="17569"/>
<LocList>
<Loc EndOffset="19503" SrcFileId="19" StartOffset="17569"/>
</LocList>
</LoopStmnt>
<CondStmnt CovItemId="S271" CovItemPrefix="game.ClassicChess.java" Intrnl_Id="5340">
<Branch CovItemId="B163" CovItemPrefix="game.ClassicChess.java" Implct="false" Intrnl_Id="5341">
<Cond/>
<LocList>
<Loc EndOffset="19768" SrcFileId="19" StartOffset="19523"/>
</LocList>
<StmntSeq Intrnl_Id="5342">
<LocList>
<Loc EndOffset="19631" SrcFileId="19" StartOffset="19529"/>
<Loc EndOffset="19697" SrcFileId="19" StartOffset="19636"/>
<Loc EndOffset="19740" SrcFileId="19" StartOffset="19702"/>
<Loc EndOffset="19763" SrcFileId="19" StartOffset="19745"/>
</LocList>
<BasicStmnt CovItemId="S272" CovItemPrefix="game.ClassicChess.java" Intrnl_Id="5343">
<LocList>
<Loc EndOffset="19631" SrcFileId="19" StartOffset="19529"/>
</LocList>
</BasicStmnt>
<BasicStmnt CovItemId="S273" CovItemPrefix="game.ClassicChess.java" Intrnl_Id="5344">
<LocList>
<Loc EndOffset="19697" SrcFileId="19" StartOffset="19636"/>
</LocList>
</BasicStmnt>
<BasicStmnt CovItemId="S274" CovItemPrefix="game.ClassicChess.java" Intrnl_Id="5345">
<LocList>
<Loc EndOffset="19740" SrcFileId="19" StartOffset="19702"/>
</LocList>
</BasicStmnt>
<BasicStmnt CovItemId="S275" CovItemPrefix="game.ClassicChess.java" Intrnl_Id="5346">
<LocList>
<Loc EndOffset="19763" SrcFileId="19" StartOffset="19745"/>
</LocList>
</BasicStmnt>
</StmntSeq>
</Branch>
<Branch CovItemId="B164" CovItemPrefix="game.ClassicChess.java" Implct="true" Intrnl_Id="5347">
<Cond/>
<LocList/>
<StmntSeq Intrnl_Id="5348">
<LocList/>
</StmntSeq>
</Branch>
<Keyword EndOffset="19510" SrcFileId="19" StartOffset="19508"/>
<LocList>
<Loc EndOffset="19768" SrcFileId="19" StartOffset="19508"/>
</LocList>
<RootTerm CovItemId="C90" CovItemPrefix="game.ClassicChess.java" Intrnl_Id="5349">
<BasicBoolTerm Intrnl_Id="5350">
<LocList>
<Loc EndOffset="19521" SrcFileId="19" StartOffset="19512"/>
</LocList>
</BasicBoolTerm>
</RootTerm>
</CondStmnt>
<BasicStmnt CovItemId="S276" CovItemPrefix="game.ClassicChess.java" Intrnl_Id="5351">
<LocList>
<Loc EndOffset="19871" SrcFileId="19" StartOffset="19773"/>
</LocList>
</BasicStmnt>
</StmntSeq>
</Branch>
<Branch CovItemId="B144" CovItemPrefix="game.ClassicChess.java" Implct="true" Intrnl_Id="5352">
<Cond/>
<LocList/>
<StmntSeq Intrnl_Id="5353">
<LocList/>
</StmntSeq>
</Branch>
<Keyword EndOffset="17425" SrcFileId="19" StartOffset="17423"/>
<LocList>
<Loc EndOffset="19875" SrcFileId="19" StartOffset="17423"/>
</LocList>
<RootTerm CovItemId="C80" CovItemPrefix="game.ClassicChess.java" Intrnl_Id="5354">
<BasicBoolTerm Intrnl_Id="5355">
<LocList>
<Loc EndOffset="17466" SrcFileId="19" StartOffset="17427"/>
</LocList>
</BasicBoolTerm>
</RootTerm>
</CondStmnt>
<BasicStmnt CovItemId="S277" CovItemPrefix="game.ClassicChess.java" Intrnl_Id="5356">
<LocList>
<Loc EndOffset="19915" SrcFileId="19" StartOffset="19878"/>
</LocList>
</BasicStmnt>
</StmntSeq>
</HierarchyLvl>
<HierarchyLvl HierarchyLvlId="1134" HierarchyLvlTypeId="27" Intrnl_Id="5357" Name="getPawnPromotionInput">
<Header>
<Loc EndOffset="20032" SrcFileId="19" StartOffset="19975"/>
</Header>
<LocList>
<Loc EndOffset="21581" SrcFileId="19" StartOffset="19975"/>
</LocList>
<StmntSeq Intrnl_Id="5358">
<LocList>
<Loc EndOffset="20169" SrcFileId="19" StartOffset="20036"/>
<Loc EndOffset="20245" SrcFileId="19" StartOffset="20172"/>
<Loc EndOffset="20268" SrcFileId="19" StartOffset="20248"/>
<Loc EndOffset="21578" SrcFileId="19" StartOffset="20271"/>
</LocList>
<BasicStmnt CovItemId="S278" CovItemPrefix="game.ClassicChess.java" Intrnl_Id="5359">
<LocList>
<Loc EndOffset="20169" SrcFileId="19" StartOffset="20036"/>
</LocList>
</BasicStmnt>
<BasicStmnt CovItemId="S279" CovItemPrefix="game.ClassicChess.java" Intrnl_Id="5360">
<LocList>
<Loc EndOffset="20245" SrcFileId="19" StartOffset="20172"/>
</LocList>
</BasicStmnt>
<BasicStmnt CovItemId="S280" CovItemPrefix="game.ClassicChess.java" Intrnl_Id="5361">
<LocList>
<Loc EndOffset="20268" SrcFileId="19" StartOffset="20248"/>
</LocList>
</BasicStmnt>
<LoopStmnt CovItemId="S281" CovItemPrefix="game.ClassicChess.java" Intrnl_Id="5362" MltplExecId="L13-2" MltplExecPrefix="game.ClassicChess.java" NvrExecId="L13-0" NvrExecPrefix="game.ClassicChess.java" OnceExecutedId="L13-1" OnceExecutedPrefix="game.ClassicChess.java" OptBodyExec="true">
<StmntSeq Intrnl_Id="5363">
<LocList>
<Loc EndOffset="20330" SrcFileId="19" StartOffset="20308"/>
<Loc EndOffset="20444" SrcFileId="19" StartOffset="20298"/>
<Loc EndOffset="21574" SrcFileId="19" StartOffset="20448"/>
</LocList>
<BasicStmnt CovItemId="S283" CovItemPrefix="game.ClassicChess.java" Intrnl_Id="5364">
<LocList>
<Loc EndOffset="20330" SrcFileId="19" StartOffset="20308"/>
</LocList>
</BasicStmnt>
<CondStmnt CovItemId="S282" CovItemPrefix="game.ClassicChess.java" Intrnl_Id="5365">
<Branch CovItemId="B165" CovItemPrefix="game.ClassicChess.java" Implct="true" Intrnl_Id="5366">
<Cond/>
<LocList/>
<StmntSeq Intrnl_Id="5367">
<LocList/>
</StmntSeq>
</Branch>
<Branch CovItemId="B166" CovItemPrefix="game.ClassicChess.java" Implct="false" Intrnl_Id="5368">
<Cond>
<Loc EndOffset="20357" SrcFileId="19" StartOffset="20336"/>
</Cond>
<LocList>
<Loc EndOffset="20444" SrcFileId="19" StartOffset="20358"/>
</LocList>
<StmntSeq Intrnl_Id="5369">
<LocList>
<Loc EndOffset="20377" SrcFileId="19" StartOffset="20364"/>
<Loc EndOffset="20439" SrcFileId="19" StartOffset="20382"/>
</LocList>
<BasicStmnt CovItemId="S284" CovItemPrefix="game.ClassicChess.java" Intrnl_Id="5370">
<LocList>
<Loc EndOffset="20377" SrcFileId="19" StartOffset="20364"/>
</LocList>
</BasicStmnt>
<BasicStmnt CovItemId="S285" CovItemPrefix="game.ClassicChess.java" Intrnl_Id="5371">
<LocList>
<Loc EndOffset="20439" SrcFileId="19" StartOffset="20382"/>
</LocList>
</BasicStmnt>
</StmntSeq>
</Branch>
<Keyword EndOffset="20301" SrcFileId="19" StartOffset="20298"/>
<LocList>
<Loc EndOffset="20444" SrcFileId="19" StartOffset="20298"/>
</LocList>
</CondStmnt>
<CondStmnt CovItemId="S286" CovItemPrefix="game.ClassicChess.java" Intrnl_Id="5372">
<Branch CovItemId="B167" CovItemPrefix="game.ClassicChess.java" Implct="false" Intrnl_Id="5373">
<Cond/>
<LocList>
<Loc EndOffset="21574" SrcFileId="19" StartOffset="20467"/>
</LocList>
<StmntSeq Intrnl_Id="5374">
<LocList>
<Loc EndOffset="21395" SrcFileId="19" StartOffset="20484"/>
<Loc EndOffset="21569" SrcFileId="19" StartOffset="20473"/>
</LocList>
<CondStmnt CovItemId="S288" CovItemPrefix="game.ClassicChess.java" Intrnl_Id="5375">
<Branch CovItemId="B170" CovItemPrefix="game.ClassicChess.java" Implct="false" Intrnl_Id="5376">
<Cond/>
<LocList>
<Loc EndOffset="20665" SrcFileId="19" StartOffset="20551"/>
</LocList>
<StmntSeq Intrnl_Id="5377">
<LocList>
<Loc EndOffset="20658" SrcFileId="19" StartOffset="20559"/>
</LocList>
<BasicStmnt CovItemId="S289" CovItemPrefix="game.ClassicChess.java" Intrnl_Id="5378">
<LocList>
<Loc EndOffset="20658" SrcFileId="19" StartOffset="20559"/>
</LocList>
</BasicStmnt>
</StmntSeq>
</Branch>
<Branch CovItemId="B171" CovItemPrefix="game.ClassicChess.java" Implct="false" Intrnl_Id="5379">
<Cond>
<Loc EndOffset="20675" SrcFileId="19" StartOffset="20671"/>
</Cond>
<LocList>
<Loc EndOffset="21395" SrcFileId="19" StartOffset="20676"/>
</LocList>
<StmntSeq Intrnl_Id="5380">
<LocList>
<Loc EndOffset="21395" SrcFileId="19" StartOffset="20676"/>
</LocList>
<CondStmnt CovItemId="S290" CovItemPrefix="game.ClassicChess.java" Intrnl_Id="5381">
<Branch CovItemId="B172" CovItemPrefix="game.ClassicChess.java" Implct="false" Intrnl_Id="5382">
<Cond/>
<LocList>
<Loc EndOffset="20855" SrcFileId="19" StartOffset="20742"/>
</LocList>
<StmntSeq Intrnl_Id="5383">
<LocList>
<Loc EndOffset="20848" SrcFileId="19" StartOffset="20750"/>
</LocList>
<BasicStmnt CovItemId="S291" CovItemPrefix="game.ClassicChess.java" Intrnl_Id="5384">
<LocList>
<Loc EndOffset="20848" SrcFileId="19" StartOffset="20750"/>
</LocList>
</BasicStmnt>
</StmntSeq>
</Branch>
<Branch CovItemId="B173" CovItemPrefix="game.ClassicChess.java" Implct="false" Intrnl_Id="5385">
<Cond>
<Loc EndOffset="20865" SrcFileId="19" StartOffset="20861"/>
</Cond>
<LocList>
<Loc EndOffset="21395" SrcFileId="19" StartOffset="20866"/>
</LocList>
<StmntSeq Intrnl_Id="5386">
<LocList>
<Loc EndOffset="21395" SrcFileId="19" StartOffset="20866"/>
</LocList>
<CondStmnt CovItemId="S292" CovItemPrefix="game.ClassicChess.java" Intrnl_Id="5387">
<Branch CovItemId="B174" CovItemPrefix="game.ClassicChess.java" Implct="false" Intrnl_Id="5388">
<Cond/>
<LocList>
<Loc EndOffset="21049" SrcFileId="19" StartOffset="20934"/>
</LocList>
<StmntSeq Intrnl_Id="5389">
<LocList>
<Loc EndOffset="21042" SrcFileId="19" StartOffset="20942"/>
</LocList>
<BasicStmnt CovItemId="S293" CovItemPrefix="game.ClassicChess.java" Intrnl_Id="5390">
<LocList>
<Loc EndOffset="21042" SrcFileId="19" StartOffset="20942"/>
</LocList>
</BasicStmnt>
</StmntSeq>
</Branch>
<Branch CovItemId="B175" CovItemPrefix="game.ClassicChess.java" Implct="false" Intrnl_Id="5391">
<Cond>
<Loc EndOffset="21059" SrcFileId="19" StartOffset="21055"/>
</Cond>
<LocList>
<Loc EndOffset="21395" SrcFileId="19" StartOffset="21060"/>
</LocList>
<StmntSeq Intrnl_Id="5392">
<LocList>
<Loc EndOffset="21395" SrcFileId="19" StartOffset="21060"/>
</LocList>
<CondStmnt CovItemId="S294" CovItemPrefix="game.ClassicChess.java" Intrnl_Id="5393">
<Branch CovItemId="B176" CovItemPrefix="game.ClassicChess.java" Implct="false" Intrnl_Id="5394">
<Cond/>
<LocList>
<Loc EndOffset="21243" SrcFileId="19" StartOffset="21128"/>
</LocList>
<StmntSeq Intrnl_Id="5395">
<LocList>
<Loc EndOffset="21236" SrcFileId="19" StartOffset="21136"/>
</LocList>
<BasicStmnt CovItemId="S295" CovItemPrefix="game.ClassicChess.java" Intrnl_Id="5396">
<LocList>
<Loc EndOffset="21236" SrcFileId="19" StartOffset="21136"/>
</LocList>
</BasicStmnt>
</StmntSeq>
</Branch>
<Branch CovItemId="B177" CovItemPrefix="game.ClassicChess.java" Implct="false" Intrnl_Id="5397">
<Cond>
<Loc EndOffset="21253" SrcFileId="19" StartOffset="21249"/>
</Cond>
<LocList>
<Loc EndOffset="21395" SrcFileId="19" StartOffset="21253"/>
</LocList>
<StmntSeq Intrnl_Id="5398">
<LocList>
<Loc EndOffset="21274" SrcFileId="19" StartOffset="21261"/>
<Loc EndOffset="21388" SrcFileId="19" StartOffset="21281"/>
</LocList>
<BasicStmnt CovItemId="S296" CovItemPrefix="game.ClassicChess.java" Intrnl_Id="5399">
<LocList>
<Loc EndOffset="21274" SrcFileId="19" StartOffset="21261"/>
</LocList>
</BasicStmnt>
<BasicStmnt CovItemId="S297" CovItemPrefix="game.ClassicChess.java" Intrnl_Id="5400">
<LocList>
<Loc EndOffset="21388" SrcFileId="19" StartOffset="21281"/>
</LocList>
</BasicStmnt>
</StmntSeq>
</Branch>
<Keyword EndOffset="21062" SrcFileId="19" StartOffset="21060"/>
<LocList>
<Loc EndOffset="21395" SrcFileId="19" StartOffset="21060"/>
</LocList>
<RootTerm CovItemId="C96" CovItemPrefix="game.ClassicChess.java" Intrnl_Id="5401">
<OpTerm BooleanOpId="24" Intrnl_Id="5402">
<BasicBoolTerm Intrnl_Id="5403">
<LocList>
<Loc EndOffset="21090" SrcFileId="19" StartOffset="21063"/>
</LocList>
</BasicBoolTerm>
<BasicBoolTerm Intrnl_Id="5404">
<LocList>
<Loc EndOffset="21126" SrcFileId="19" StartOffset="21094"/>
</LocList>
</BasicBoolTerm>
<LocList>
<Loc EndOffset="21093" SrcFileId="19" StartOffset="21091"/>
</LocList>
</OpTerm>
</RootTerm>
</CondStmnt>
</StmntSeq>
</Branch>
<Keyword EndOffset="20868" SrcFileId="19" StartOffset="20866"/>
<LocList>
<Loc EndOffset="21395" SrcFileId="19" StartOffset="20866"/>
</LocList>
<RootTerm CovItemId="C95" CovItemPrefix="game.ClassicChess.java" Intrnl_Id="5405">
<OpTerm BooleanOpId="24" Intrnl_Id="5406">
<BasicBoolTerm Intrnl_Id="5407">
<LocList>
<Loc EndOffset="20896" SrcFileId="19" StartOffset="20869"/>
</LocList>
</BasicBoolTerm>
<BasicBoolTerm Intrnl_Id="5408">
<LocList>
<Loc EndOffset="20932" SrcFileId="19" StartOffset="20900"/>
</LocList>
</BasicBoolTerm>
<LocList>
<Loc EndOffset="20899" SrcFileId="19" StartOffset="20897"/>
</LocList>
</OpTerm>
</RootTerm>
</CondStmnt>
</StmntSeq>
</Branch>
<Keyword EndOffset="20678" SrcFileId="19" StartOffset="20676"/>
<LocList>
<Loc EndOffset="21395" SrcFileId="19" StartOffset="20676"/>
</LocList>
<RootTerm CovItemId="C94" CovItemPrefix="game.ClassicChess.java" Intrnl_Id="5409">
<OpTerm BooleanOpId="24" Intrnl_Id="5410">
<BasicBoolTerm Intrnl_Id="5411">
<LocList>
<Loc EndOffset="20706" SrcFileId="19" StartOffset="20679"/>
</LocList>
</BasicBoolTerm>
<BasicBoolTerm Intrnl_Id="5412">
<LocList>
<Loc EndOffset="20740" SrcFileId="19" StartOffset="20710"/>
</LocList>
</BasicBoolTerm>
<LocList>
<Loc EndOffset="20709" SrcFileId="19" StartOffset="20707"/>
</LocList>
</OpTerm>
</RootTerm>
</CondStmnt>
</StmntSeq>
</Branch>
<Keyword EndOffset="20486" SrcFileId="19" StartOffset="20484"/>
<LocList>
<Loc EndOffset="21395" SrcFileId="19" StartOffset="20484"/>
</LocList>
<RootTerm CovItemId="C93" CovItemPrefix="game.ClassicChess.java" Intrnl_Id="5413">
<OpTerm BooleanOpId="24" Intrnl_Id="5414">
<BasicBoolTerm Intrnl_Id="5415">
<LocList>
<Loc EndOffset="20514" SrcFileId="19" StartOffset="20487"/>
</LocList>
</BasicBoolTerm>
<BasicBoolTerm Intrnl_Id="5416">
<LocList>
<Loc EndOffset="20549" SrcFileId="19" StartOffset="20518"/>
</LocList>
</BasicBoolTerm>
<LocList>
<Loc EndOffset="20517" SrcFileId="19" StartOffset="20515"/>
</LocList>
</OpTerm>
</RootTerm>
</CondStmnt>
<CondStmnt CovItemId="S287" CovItemPrefix="game.ClassicChess.java" Intrnl_Id="5417">
<Branch CovItemId="B169" CovItemPrefix="game.ClassicChess.java" Implct="true" Intrnl_Id="5418">
<Cond/>
<LocList/>
<StmntSeq Intrnl_Id="5419">
<LocList/>
</StmntSeq>
</Branch>
<Branch CovItemId="B178" CovItemPrefix="game.ClassicChess.java" Implct="false" Intrnl_Id="5420">
<Cond>
<Loc EndOffset="21425" SrcFileId="19" StartOffset="21406"/>
</Cond>
<LocList>
<Loc EndOffset="21569" SrcFileId="19" StartOffset="21430"/>
</LocList>
<StmntSeq Intrnl_Id="5421">
<LocList>
<Loc EndOffset="21450" SrcFileId="19" StartOffset="21437"/>
<Loc EndOffset="21563" SrcFileId="19" StartOffset="21456"/>
</LocList>
<BasicStmnt CovItemId="S298" CovItemPrefix="game.ClassicChess.java" Intrnl_Id="5422">
<LocList>
<Loc EndOffset="21450" SrcFileId="19" StartOffset="21437"/>
</LocList>
</BasicStmnt>
<BasicStmnt CovItemId="S299" CovItemPrefix="game.ClassicChess.java" Intrnl_Id="5423">
<LocList>
<Loc EndOffset="21563" SrcFileId="19" StartOffset="21456"/>
</LocList>
</BasicStmnt>
</StmntSeq>
</Branch>
<Keyword EndOffset="20476" SrcFileId="19" StartOffset="20473"/>
<LocList>
<Loc EndOffset="21569" SrcFileId="19" StartOffset="20473"/>
</LocList>
</CondStmnt>
</StmntSeq>
</Branch>
<Branch CovItemId="B168" CovItemPrefix="game.ClassicChess.java" Implct="true" Intrnl_Id="5424">
<Cond/>
<LocList/>
<StmntSeq Intrnl_Id="5425">
<LocList/>
</StmntSeq>
</Branch>
<Keyword EndOffset="20450" SrcFileId="19" StartOffset="20448"/>
<LocList>
<Loc EndOffset="21574" SrcFileId="19" StartOffset="20448"/>
</LocList>
<RootTerm CovItemId="C92" CovItemPrefix="game.ClassicChess.java" Intrnl_Id="5426">
<BasicBoolTerm Intrnl_Id="5427">
<LocList>
<Loc EndOffset="20465" SrcFileId="19" StartOffset="20452"/>
</LocList>
</BasicBoolTerm>
</RootTerm>
</CondStmnt>
</StmntSeq>
<Keyword EndOffset="20276" SrcFileId="19" StartOffset="20271"/>
<LocList>
<Loc EndOffset="21578" SrcFileId="19" StartOffset="20271"/>
</LocList>
<RootTerm CovItemId="C91" CovItemPrefix="game.ClassicChess.java" Intrnl_Id="5428">
<BasicBoolTerm Intrnl_Id="5429">
<LocList>
<Loc EndOffset="20291" SrcFileId="19" StartOffset="20278"/>
</LocList>
</BasicBoolTerm>
</RootTerm>
</LoopStmnt>
</StmntSeq>
</HierarchyLvl>
<HierarchyLvl HierarchyLvlId="1135" HierarchyLvlTypeId="27" Intrnl_Id="5430" Name="checkForStalemate">
<Header>
<Loc EndOffset="21742" SrcFileId="19" StartOffset="21676"/>
</Header>
<LocList>
<Loc EndOffset="23923" SrcFileId="19" StartOffset="21676"/>
</LocList>
<StmntSeq Intrnl_Id="5431">
<LocList>
<Loc EndOffset="21863" SrcFileId="19" StartOffset="21842"/>
<Loc EndOffset="22951" SrcFileId="19" StartOffset="21867"/>
<Loc EndOffset="23112" SrcFileId="19" StartOffset="23011"/>
<Loc EndOffset="23250" SrcFileId="19" StartOffset="23225"/>
<Loc EndOffset="23288" SrcFileId="19" StartOffset="23253"/>
<Loc EndOffset="23323" SrcFileId="19" StartOffset="23291"/>
<Loc EndOffset="23356" SrcFileId="19" StartOffset="23326"/>
<Loc EndOffset="23904" SrcFileId="19" StartOffset="23360"/>
<Loc EndOffset="23920" SrcFileId="19" StartOffset="23908"/>
</LocList>
<BasicStmnt CovItemId="S300" CovItemPrefix="game.ClassicChess.java" Intrnl_Id="5432">
<LocList>
<Loc EndOffset="21863" SrcFileId="19" StartOffset="21842"/>
</LocList>
</BasicStmnt>
<LoopStmnt CovItemId="S301" CovItemPrefix="game.ClassicChess.java" Intrnl_Id="5433" MltplExecId="L14-2" MltplExecPrefix="game.ClassicChess.java" NvrExecId="L14-0" NvrExecPrefix="game.ClassicChess.java" OnceExecutedId="L14-1" OnceExecutedPrefix="game.ClassicChess.java" OptBodyExec="true">
<StmntSeq Intrnl_Id="5434">
<LocList>
<Loc EndOffset="22947" SrcFileId="19" StartOffset="21908"/>
</LocList>
<CondStmnt CovItemId="S302" CovItemPrefix="game.ClassicChess.java" Intrnl_Id="5435">
<Branch CovItemId="B179" CovItemPrefix="game.ClassicChess.java" Implct="false" Intrnl_Id="5436">
<Cond/>
<LocList>
<Loc EndOffset="22947" SrcFileId="19" StartOffset="21932"/>
</LocList>
<StmntSeq Intrnl_Id="5437">
<LocList>
<Loc EndOffset="22942" SrcFileId="19" StartOffset="21938"/>
</LocList>
<CondStmnt CovItemId="S303" CovItemPrefix="game.ClassicChess.java" Intrnl_Id="5438">
<Branch CovItemId="B181" CovItemPrefix="game.ClassicChess.java" Implct="false" Intrnl_Id="5439">
<Cond/>
<LocList>
<Loc EndOffset="22942" SrcFileId="19" StartOffset="21976"/>
</LocList>
<StmntSeq Intrnl_Id="5440">
<LocList>
<Loc EndOffset="22008" SrcFileId="19" StartOffset="21983"/>
<Loc EndOffset="22053" SrcFileId="19" StartOffset="22014"/>
<Loc EndOffset="22087" SrcFileId="19" StartOffset="22059"/>
<Loc EndOffset="22119" SrcFileId="19" StartOffset="22093"/>
<Loc EndOffset="22196" SrcFileId="19" StartOffset="22125"/>
<Loc EndOffset="22936" SrcFileId="19" StartOffset="22202"/>
</LocList>
<BasicStmnt CovItemId="S304" CovItemPrefix="game.ClassicChess.java" Intrnl_Id="5441">
<LocList>
<Loc EndOffset="22008" SrcFileId="19" StartOffset="21983"/>
</LocList>
</BasicStmnt>
<BasicStmnt CovItemId="S305" CovItemPrefix="game.ClassicChess.java" Intrnl_Id="5442">
<LocList>
<Loc EndOffset="22053" SrcFileId="19" StartOffset="22014"/>
</LocList>
</BasicStmnt>
<BasicStmnt CovItemId="S306" CovItemPrefix="game.ClassicChess.java" Intrnl_Id="5443">
<LocList>
<Loc EndOffset="22087" SrcFileId="19" StartOffset="22059"/>
</LocList>
</BasicStmnt>
<BasicStmnt CovItemId="S307" CovItemPrefix="game.ClassicChess.java" Intrnl_Id="5444">
<LocList>
<Loc EndOffset="22119" SrcFileId="19" StartOffset="22093"/>
</LocList>
</BasicStmnt>
<CondStmnt CovItemId="S308" CovItemPrefix="game.ClassicChess.java" Intrnl_Id="5445">
<Branch CovItemId="B183" CovItemPrefix="game.ClassicChess.java" Implct="false" Intrnl_Id="5446">
<Cond/>
<LocList>
<Loc EndOffset="22196" SrcFileId="19" StartOffset="22165"/>
</LocList>
<StmntSeq Intrnl_Id="5447">
<LocList>
<Loc EndOffset="22189" SrcFileId="19" StartOffset="22173"/>
</LocList>
<BasicStmnt CovItemId="S309" CovItemPrefix="game.ClassicChess.java" Intrnl_Id="5448">
<LocList>
<Loc EndOffset="22189" SrcFileId="19" StartOffset="22173"/>
</LocList>
</BasicStmnt>
</StmntSeq>
</Branch>
<Branch CovItemId="B184" CovItemPrefix="game.ClassicChess.java" Implct="true" Intrnl_Id="5449">
<Cond/>
<LocList/>
<StmntSeq Intrnl_Id="5450">
<LocList/>
</StmntSeq>
</Branch>
<Keyword EndOffset="22127" SrcFileId="19" StartOffset="22125"/>
<LocList>
<Loc EndOffset="22196" SrcFileId="19" StartOffset="22125"/>
</LocList>
<RootTerm CovItemId="C99" CovItemPrefix="game.ClassicChess.java" Intrnl_Id="5451">
<BasicBoolTerm Intrnl_Id="5452">
<LocList>
<Loc EndOffset="22163" SrcFileId="19" StartOffset="22128"/>
</LocList>
</BasicBoolTerm>
</RootTerm>
</CondStmnt>
<LoopStmnt CovItemId="S310" CovItemPrefix="game.ClassicChess.java" Intrnl_Id="5453" MltplExecId="L15-2" MltplExecPrefix="game.ClassicChess.java" NvrExecId="L15-0" NvrExecPrefix="game.ClassicChess.java" OnceExecutedId="L15-1" OnceExecutedPrefix="game.ClassicChess.java" OptBodyExec="true">
<StmntSeq Intrnl_Id="5454">
<LocList>
<Loc EndOffset="22278" SrcFileId="19" StartOffset="22249"/>
<Loc EndOffset="22309" SrcFileId="19" StartOffset="22285"/>
<Loc EndOffset="22879" SrcFileId="19" StartOffset="22316"/>
<Loc EndOffset="22929" SrcFileId="19" StartOffset="22886"/>
</LocList>
<BasicStmnt CovItemId="S311" CovItemPrefix="game.ClassicChess.java" Intrnl_Id="5455">
<LocList>
<Loc EndOffset="22278" SrcFileId="19" StartOffset="22249"/>
</LocList>
</BasicStmnt>
<BasicStmnt CovItemId="S312" CovItemPrefix="game.ClassicChess.java" Intrnl_Id="5456">
<LocList>
<Loc EndOffset="22309" SrcFileId="19" StartOffset="22285"/>
</LocList>
</BasicStmnt>
<CondStmnt CovItemId="S313" CovItemPrefix="game.ClassicChess.java" Intrnl_Id="5457">
<Branch CovItemId="B185" CovItemPrefix="game.ClassicChess.java" Implct="false" Intrnl_Id="5458">
<Cond/>
<LocList>
<Loc EndOffset="22417" SrcFileId="19" StartOffset="22358"/>
</LocList>
<StmntSeq Intrnl_Id="5459">
<LocList>
<Loc EndOffset="22409" SrcFileId="19" StartOffset="22367"/>
</LocList>
<BasicStmnt CovItemId="S314" CovItemPrefix="game.ClassicChess.java" Intrnl_Id="5460">
<LocList>
<Loc EndOffset="22409" SrcFileId="19" StartOffset="22367"/>
</LocList>
</BasicStmnt>
</StmntSeq>
</Branch>
<Branch CovItemId="B186" CovItemPrefix="game.ClassicChess.java" Implct="false" Intrnl_Id="5461">
<Cond>
<Loc EndOffset="22428" SrcFileId="19" StartOffset="22424"/>
</Cond>
<LocList>
<Loc EndOffset="22879" SrcFileId="19" StartOffset="22429"/>
</LocList>
<StmntSeq Intrnl_Id="5462">
<LocList>
<Loc EndOffset="22879" SrcFileId="19" StartOffset="22429"/>
</LocList>
<CondStmnt CovItemId="S315" CovItemPrefix="game.ClassicChess.java" Intrnl_Id="5463">
<Branch CovItemId="B187" CovItemPrefix="game.ClassicChess.java" Implct="false" Intrnl_Id="5464">
<Cond/>
<LocList>
<Loc EndOffset="22534" SrcFileId="19" StartOffset="22473"/>
</LocList>
<StmntSeq Intrnl_Id="5465">
<LocList>
<Loc EndOffset="22526" SrcFileId="19" StartOffset="22482"/>
</LocList>
<BasicStmnt CovItemId="S316" CovItemPrefix="game.ClassicChess.java" Intrnl_Id="5466">
<LocList>
<Loc EndOffset="22526" SrcFileId="19" StartOffset="22482"/>
</LocList>
</BasicStmnt>
</StmntSeq>
</Branch>
<Branch CovItemId="B188" CovItemPrefix="game.ClassicChess.java" Implct="false" Intrnl_Id="5467">
<Cond>
<Loc EndOffset="22545" SrcFileId="19" StartOffset="22541"/>
</Cond>
<LocList>
<Loc EndOffset="22879" SrcFileId="19" StartOffset="22546"/>
</LocList>
<StmntSeq Intrnl_Id="5468">
<LocList>
<Loc EndOffset="22879" SrcFileId="19" StartOffset="22546"/>
</LocList>
<CondStmnt CovItemId="S317" CovItemPrefix="game.ClassicChess.java" Intrnl_Id="5469">
<Branch CovItemId="B189" CovItemPrefix="game.ClassicChess.java" Implct="false" Intrnl_Id="5470">
<Cond/>
<LocList>
<Loc EndOffset="22649" SrcFileId="19" StartOffset="22589"/>
</LocList>
<StmntSeq Intrnl_Id="5471">
<LocList>
<Loc EndOffset="22641" SrcFileId="19" StartOffset="22598"/>
</LocList>
<BasicStmnt CovItemId="S318" CovItemPrefix="game.ClassicChess.java" Intrnl_Id="5472">
<LocList>
<Loc EndOffset="22641" SrcFileId="19" StartOffset="22598"/>
</LocList>
</BasicStmnt>
</StmntSeq>
</Branch>
<Branch CovItemId="B190" CovItemPrefix="game.ClassicChess.java" Implct="false" Intrnl_Id="5473">
<Cond>
<Loc EndOffset="22660" SrcFileId="19" StartOffset="22656"/>
</Cond>
<LocList>
<Loc EndOffset="22879" SrcFileId="19" StartOffset="22661"/>
</LocList>
<StmntSeq Intrnl_Id="5474">
<LocList>
<Loc EndOffset="22879" SrcFileId="19" StartOffset="22661"/>
</LocList>
<CondStmnt CovItemId="S319" CovItemPrefix="game.ClassicChess.java" Intrnl_Id="5475">
<Branch CovItemId="B191" CovItemPrefix="game.ClassicChess.java" Implct="false" Intrnl_Id="5476">
<Cond/>
<LocList>
<Loc EndOffset="22762" SrcFileId="19" StartOffset="22703"/>
</LocList>
<StmntSeq Intrnl_Id="5477">
<LocList>
<Loc EndOffset="22754" SrcFileId="19" StartOffset="22712"/>
</LocList>
<BasicStmnt CovItemId="S320" CovItemPrefix="game.ClassicChess.java" Intrnl_Id="5478">
<LocList>
<Loc EndOffset="22754" SrcFileId="19" StartOffset="22712"/>
</LocList>
</BasicStmnt>
</StmntSeq>
</Branch>
<Branch CovItemId="B192" CovItemPrefix="game.ClassicChess.java" Implct="false" Intrnl_Id="5479">
<Cond>
<Loc EndOffset="22773" SrcFileId="19" StartOffset="22769"/>
</Cond>
<LocList>
<Loc EndOffset="22879" SrcFileId="19" StartOffset="22774"/>
</LocList>
<StmntSeq Intrnl_Id="5480">
<LocList>
<Loc EndOffset="22879" SrcFileId="19" StartOffset="22774"/>
</LocList>
<CondStmnt CovItemId="S321" CovItemPrefix="game.ClassicChess.java" Intrnl_Id="5481">
<Branch CovItemId="B193" CovItemPrefix="game.ClassicChess.java" Implct="false" Intrnl_Id="5482">
<Cond/>
<LocList>
<Loc EndOffset="22879" SrcFileId="19" StartOffset="22818"/>
</LocList>
<StmntSeq Intrnl_Id="5483">
<LocList>
<Loc EndOffset="22871" SrcFileId="19" StartOffset="22827"/>
</LocList>
<BasicStmnt CovItemId="S322" CovItemPrefix="game.ClassicChess.java" Intrnl_Id="5484">
<LocList>
<Loc EndOffset="22871" SrcFileId="19" StartOffset="22827"/>
</LocList>
</BasicStmnt>
</StmntSeq>
</Branch>
<Branch CovItemId="B194" CovItemPrefix="game.ClassicChess.java" Implct="true" Intrnl_Id="5485">
<Cond/>
<LocList/>
<StmntSeq Intrnl_Id="5486">
<LocList/>
</StmntSeq>
</Branch>
<Keyword EndOffset="22776" SrcFileId="19" StartOffset="22774"/>
<LocList>
<Loc EndOffset="22879" SrcFileId="19" StartOffset="22774"/>
</LocList>
<RootTerm CovItemId="C104" CovItemPrefix="game.ClassicChess.java" Intrnl_Id="5487">
<BasicBoolTerm Intrnl_Id="5488">
<LocList>
<Loc EndOffset="22816" SrcFileId="19" StartOffset="22777"/>
</LocList>
</BasicBoolTerm>
</RootTerm>
</CondStmnt>
</StmntSeq>
</Branch>
<Keyword EndOffset="22663" SrcFileId="19" StartOffset="22661"/>
<LocList>
<Loc EndOffset="22879" SrcFileId="19" StartOffset="22661"/>
</LocList>
<RootTerm CovItemId="C103" CovItemPrefix="game.ClassicChess.java" Intrnl_Id="5489">
<BasicBoolTerm Intrnl_Id="5490">
<LocList>
<Loc EndOffset="22701" SrcFileId="19" StartOffset="22664"/>
</LocList>
</BasicBoolTerm>
</RootTerm>
</CondStmnt>
</StmntSeq>
</Branch>
<Keyword EndOffset="22548" SrcFileId="19" StartOffset="22546"/>
<LocList>
<Loc EndOffset="22879" SrcFileId="19" StartOffset="22546"/>
</LocList>
<RootTerm CovItemId="C102" CovItemPrefix="game.ClassicChess.java" Intrnl_Id="5491">
<BasicBoolTerm Intrnl_Id="5492">
<LocList>
<Loc EndOffset="22587" SrcFileId="19" StartOffset="22549"/>
</LocList>
</BasicBoolTerm>
</RootTerm>
</CondStmnt>
</StmntSeq>
</Branch>
<Keyword EndOffset="22431" SrcFileId="19" StartOffset="22429"/>
<LocList>
<Loc EndOffset="22879" SrcFileId="19" StartOffset="22429"/>
</LocList>
<RootTerm CovItemId="C101" CovItemPrefix="game.ClassicChess.java" Intrnl_Id="5493">
<BasicBoolTerm Intrnl_Id="5494">
<LocList>
<Loc EndOffset="22471" SrcFileId="19" StartOffset="22432"/>
</LocList>
</BasicBoolTerm>
</RootTerm>
</CondStmnt>
</StmntSeq>
</Branch>
<Keyword EndOffset="22318" SrcFileId="19" StartOffset="22316"/>
<LocList>
<Loc EndOffset="22879" SrcFileId="19" StartOffset="22316"/>
</LocList>
<RootTerm CovItemId="C100" CovItemPrefix="game.ClassicChess.java" Intrnl_Id="5495">
<BasicBoolTerm Intrnl_Id="5496">
<LocList>
<Loc EndOffset="22356" SrcFileId="19" StartOffset="22319"/>
</LocList>
</BasicBoolTerm>
</RootTerm>
</CondStmnt>
<CondStmnt CovItemId="S323" CovItemPrefix="game.ClassicChess.java" Intrnl_Id="5497">
<Branch CovItemId="B195" CovItemPrefix="game.ClassicChess.java" Implct="false" Intrnl_Id="5498">
<Cond/>
<LocList>
<Loc EndOffset="22929" SrcFileId="19" StartOffset="22899"/>
</LocList>
<StmntSeq Intrnl_Id="5499">
<LocList>
<Loc EndOffset="22921" SrcFileId="19" StartOffset="22908"/>
</LocList>
<BasicStmnt CovItemId="S324" CovItemPrefix="game.ClassicChess.java" Intrnl_Id="5500">
<LocList>
<Loc EndOffset="22921" SrcFileId="19" StartOffset="22908"/>
</LocList>
</BasicStmnt>
</StmntSeq>
</Branch>
<Branch CovItemId="B196" CovItemPrefix="game.ClassicChess.java" Implct="true" Intrnl_Id="5501">
<Cond/>
<LocList/>
<StmntSeq Intrnl_Id="5502">
<LocList/>
</StmntSeq>
</Branch>
<Keyword EndOffset="22888" SrcFileId="19" StartOffset="22886"/>
<LocList>
<Loc EndOffset="22929" SrcFileId="19" StartOffset="22886"/>
</LocList>
<RootTerm CovItemId="C105" CovItemPrefix="game.ClassicChess.java" Intrnl_Id="5503">
<BasicBoolTerm Intrnl_Id="5504">
<LocList>
<Loc EndOffset="22897" SrcFileId="19" StartOffset="22890"/>
</LocList>
</BasicBoolTerm>
</RootTerm>
</CondStmnt>
</StmntSeq>
<Keyword EndOffset="22205" SrcFileId="19" StartOffset="22202"/>
<LocList>
<Loc EndOffset="22936" SrcFileId="19" StartOffset="22202"/>
</LocList>
</LoopStmnt>
</StmntSeq>
</Branch>
<Branch CovItemId="B182" CovItemPrefix="game.ClassicChess.java" Implct="true" Intrnl_Id="5505">
<Cond/>
<LocList/>
<StmntSeq Intrnl_Id="5506">
<LocList/>
</StmntSeq>
</Branch>
<Keyword EndOffset="21940" SrcFileId="19" StartOffset="21938"/>
<LocList>
<Loc EndOffset="22942" SrcFileId="19" StartOffset="21938"/>
</LocList>
<RootTerm CovItemId="C98" CovItemPrefix="game.ClassicChess.java" Intrnl_Id="5507">
<BasicBoolTerm Intrnl_Id="5508">
<LocList>
<Loc EndOffset="21974" SrcFileId="19" StartOffset="21942"/>
</LocList>
</BasicBoolTerm>
</RootTerm>
</CondStmnt>
</StmntSeq>
</Branch>
<Branch CovItemId="B180" CovItemPrefix="game.ClassicChess.java" Implct="true" Intrnl_Id="5509">
<Cond/>
<LocList/>
<StmntSeq Intrnl_Id="5510">
<LocList/>
</StmntSeq>
</Branch>
<Keyword EndOffset="21910" SrcFileId="19" StartOffset="21908"/>
<LocList>
<Loc EndOffset="22947" SrcFileId="19" StartOffset="21908"/>
</LocList>
<RootTerm CovItemId="C97" CovItemPrefix="game.ClassicChess.java" Intrnl_Id="5511">
<BasicBoolTerm Intrnl_Id="5512">
<LocList>
<Loc EndOffset="21930" SrcFileId="19" StartOffset="21912"/>
</LocList>
</BasicBoolTerm>
</RootTerm>
</CondStmnt>
</StmntSeq>
<Keyword EndOffset="21870" SrcFileId="19" StartOffset="21867"/>
<LocList>
<Loc EndOffset="22951" SrcFileId="19" StartOffset="21867"/>
</LocList>
</LoopStmnt>
<CondStmnt CovItemId="S325" CovItemPrefix="game.ClassicChess.java" Intrnl_Id="5513">
<Branch CovItemId="B197" CovItemPrefix="game.ClassicChess.java" Implct="false" Intrnl_Id="5514">
<Cond/>
<LocList>
<Loc EndOffset="23112" SrcFileId="19" StartOffset="23032"/>
</LocList>
<StmntSeq Intrnl_Id="5515">
<LocList>
<Loc EndOffset="23108" SrcFileId="19" StartOffset="23095"/>
</LocList>
<BasicStmnt CovItemId="S326" CovItemPrefix="game.ClassicChess.java" Intrnl_Id="5516">
<LocList>
<Loc EndOffset="23108" SrcFileId="19" StartOffset="23095"/>
</LocList>
</BasicStmnt>
</StmntSeq>
</Branch>
<Branch CovItemId="B198" CovItemPrefix="game.ClassicChess.java" Implct="true" Intrnl_Id="5517">
<Cond/>
<LocList/>
<StmntSeq Intrnl_Id="5518">
<LocList/>
</StmntSeq>
</Branch>
<Keyword EndOffset="23013" SrcFileId="19" StartOffset="23011"/>
<LocList>
<Loc EndOffset="23112" SrcFileId="19" StartOffset="23011"/>
</LocList>
<RootTerm CovItemId="C106" CovItemPrefix="game.ClassicChess.java" Intrnl_Id="5519">
<BasicBoolTerm Intrnl_Id="5520">
<LocList>
<Loc EndOffset="23030" SrcFileId="19" StartOffset="23014"/>
</LocList>
</BasicBoolTerm>
</RootTerm>
</CondStmnt>
<BasicStmnt CovItemId="S327" CovItemPrefix="game.ClassicChess.java" Intrnl_Id="5521">
<LocList>
<Loc EndOffset="23250" SrcFileId="19" StartOffset="23225"/>
</LocList>
</BasicStmnt>
<BasicStmnt CovItemId="S328" CovItemPrefix="game.ClassicChess.java" Intrnl_Id="5522">
<LocList>
<Loc EndOffset="23288" SrcFileId="19" StartOffset="23253"/>
</LocList>
</BasicStmnt>
<BasicStmnt CovItemId="S329" CovItemPrefix="game.ClassicChess.java" Intrnl_Id="5523">
<LocList>
<Loc EndOffset="23323" SrcFileId="19" StartOffset="23291"/>
</LocList>
</BasicStmnt>
<BasicStmnt CovItemId="S330" CovItemPrefix="game.ClassicChess.java" Intrnl_Id="5524">
<LocList>
<Loc EndOffset="23356" SrcFileId="19" StartOffset="23326"/>
</LocList>
</BasicStmnt>
<LoopStmnt CovItemId="S331" CovItemPrefix="game.ClassicChess.java" Intrnl_Id="5525" MltplExecId="L16-2" MltplExecPrefix="game.ClassicChess.java" NvrExecId="L16-0" NvrExecPrefix="game.ClassicChess.java" OnceExecutedId="L16-1" OnceExecutedPrefix="game.ClassicChess.java" OptBodyExec="true">
<StmntSeq Intrnl_Id="5526">
<LocList>
<Loc EndOffset="23433" SrcFileId="19" StartOffset="23404"/>
<Loc EndOffset="23494" SrcFileId="19" StartOffset="23437"/>
<Loc EndOffset="23621" SrcFileId="19" StartOffset="23587"/>
<Loc EndOffset="23702" SrcFileId="19" StartOffset="23626"/>
<Loc EndOffset="23766" SrcFileId="19" StartOffset="23706"/>
<Loc EndOffset="23900" SrcFileId="19" StartOffset="23771"/>
</LocList>
<BasicStmnt CovItemId="S332" CovItemPrefix="game.ClassicChess.java" Intrnl_Id="5527">
<LocList>
<Loc EndOffset="23433" SrcFileId="19" StartOffset="23404"/>
</LocList>
</BasicStmnt>
<CondStmnt CovItemId="S333" CovItemPrefix="game.ClassicChess.java" Intrnl_Id="5528">
<Branch CovItemId="B199" CovItemPrefix="game.ClassicChess.java" Implct="false" Intrnl_Id="5529">
<Cond/>
<LocList>
<Loc EndOffset="23494" SrcFileId="19" StartOffset="23474"/>
</LocList>
<StmntSeq Intrnl_Id="5530">
<LocList>
<Loc EndOffset="23489" SrcFileId="19" StartOffset="23480"/>
</LocList>
<BasicStmnt CovItemId="S334" CovItemPrefix="game.ClassicChess.java" Intrnl_Id="5531">
<LocList>
<Loc EndOffset="23489" SrcFileId="19" StartOffset="23480"/>
</LocList>
</BasicStmnt>
</StmntSeq>
</Branch>
<Branch CovItemId="B200" CovItemPrefix="game.ClassicChess.java" Implct="true" Intrnl_Id="5532">
<Cond/>
<LocList/>
<StmntSeq Intrnl_Id="5533">
<LocList/>
</StmntSeq>
</Branch>
<Keyword EndOffset="23439" SrcFileId="19" StartOffset="23437"/>
<LocList>
<Loc EndOffset="23494" SrcFileId="19" StartOffset="23437"/>
</LocList>
<RootTerm CovItemId="C107" CovItemPrefix="game.ClassicChess.java" Intrnl_Id="5534">
<OpTerm BooleanOpId="22" Intrnl_Id="5535">
<BasicBoolTerm Intrnl_Id="5536">
<LocList>
<Loc EndOffset="23472" SrcFileId="19" StartOffset="23441"/>
</LocList>
</BasicBoolTerm>
<LocList>
<Loc EndOffset="23441" SrcFileId="19" StartOffset="23440"/>
</LocList>
</OpTerm>
</RootTerm>
</CondStmnt>
<BasicStmnt CovItemId="S335" CovItemPrefix="game.ClassicChess.java" Intrnl_Id="5537">
<LocList>
<Loc EndOffset="23621" SrcFileId="19" StartOffset="23587"/>
</LocList>
</BasicStmnt>
<BasicStmnt CovItemId="S336" CovItemPrefix="game.ClassicChess.java" Intrnl_Id="5538">
<LocList>
<Loc EndOffset="23702" SrcFileId="19" StartOffset="23626"/>
</LocList>
</BasicStmnt>
<BasicStmnt CovItemId="S337" CovItemPrefix="game.ClassicChess.java" Intrnl_Id="5539">
<LocList>
<Loc EndOffset="23766" SrcFileId="19" StartOffset="23706"/>
</LocList>
</BasicStmnt>
<CondStmnt CovItemId="S338" CovItemPrefix="game.ClassicChess.java" Intrnl_Id="5540">
<Branch CovItemId="B201" CovItemPrefix="game.ClassicChess.java" Implct="false" Intrnl_Id="5541">
<Cond/>
<LocList>
<Loc EndOffset="23900" SrcFileId="19" StartOffset="23823"/>
</LocList>
<StmntSeq Intrnl_Id="5542">
<LocList>
<Loc EndOffset="23895" SrcFileId="19" StartOffset="23882"/>
</LocList>
<BasicStmnt CovItemId="S339" CovItemPrefix="game.ClassicChess.java" Intrnl_Id="5543">
<LocList>
<Loc EndOffset="23895" SrcFileId="19" StartOffset="23882"/>
</LocList>
</BasicStmnt>
</StmntSeq>
</Branch>
<Branch CovItemId="B202" CovItemPrefix="game.ClassicChess.java" Implct="true" Intrnl_Id="5544">
<Cond/>
<LocList/>
<StmntSeq Intrnl_Id="5545">
<LocList/>
</StmntSeq>
</Branch>
<Keyword EndOffset="23773" SrcFileId="19" StartOffset="23771"/>
<LocList>
<Loc EndOffset="23900" SrcFileId="19" StartOffset="23771"/>
</LocList>
<RootTerm CovItemId="C108" CovItemPrefix="game.ClassicChess.java" Intrnl_Id="5546">
<OpTerm BooleanOpId="22" Intrnl_Id="5547">
<BasicBoolTerm Intrnl_Id="5548">
<LocList>
<Loc EndOffset="23821" SrcFileId="19" StartOffset="23775"/>
</LocList>
</BasicBoolTerm>
<LocList>
<Loc EndOffset="23775" SrcFileId="19" StartOffset="23774"/>
</LocList>
</OpTerm>
</RootTerm>
</CondStmnt>
</StmntSeq>
<Keyword EndOffset="23363" SrcFileId="19" StartOffset="23360"/>
<LocList>
<Loc EndOffset="23904" SrcFileId="19" StartOffset="23360"/>
</LocList>
</LoopStmnt>
<BasicStmnt CovItemId="S340" CovItemPrefix="game.ClassicChess.java" Intrnl_Id="5549">
<LocList>
<Loc EndOffset="23920" SrcFileId="19" StartOffset="23908"/>
</LocList>
</BasicStmnt>
</StmntSeq>
</HierarchyLvl>
<HierarchyLvl HierarchyLvlId="1136" HierarchyLvlTypeId="27" Intrnl_Id="5550" Name="getStalemateMessage">
<Header>
<Loc EndOffset="24223" SrcFileId="19" StartOffset="24169"/>
</Header>
<LocList>
<Loc EndOffset="24260" SrcFileId="19" StartOffset="24169"/>
</LocList>
<StmntSeq Intrnl_Id="5551">
<LocList>
<Loc EndOffset="24257" SrcFileId="19" StartOffset="24228"/>
</LocList>
<BasicStmnt CovItemId="S341" CovItemPrefix="game.ClassicChess.java" Intrnl_Id="5552">
<LocList>
<Loc EndOffset="24257" SrcFileId="19" StartOffset="24228"/>
</LocList>
</BasicStmnt>
</StmntSeq>
</HierarchyLvl>
</HierarchyLvl>
<HierarchyLvl HierarchyLvlId="1141" HierarchyLvlTypeId="26" Intrnl_Id="5553" Name="Board">
<Header>
<Loc EndOffset="53" SrcFileId="20" StartOffset="35"/>
</Header>
<LocList>
<Loc EndOffset="1105" SrcFileId="20" StartOffset="35"/>
</LocList>
<StmntSeq Intrnl_Id="5554">
<LocList>
<Loc EndOffset="102" SrcFileId="20" StartOffset="81"/>
<Loc EndOffset="126" SrcFileId="20" StartOffset="104"/>
<Loc EndOffset="184" SrcFileId="20" StartOffset="130"/>
</LocList>
<BasicStmnt CovItemId="S1" CovItemPrefix="game.Board.java" Intrnl_Id="5555">
<LocList>
<Loc EndOffset="102" SrcFileId="20" StartOffset="81"/>
</LocList>
</BasicStmnt>
<BasicStmnt CovItemId="S2" CovItemPrefix="game.Board.java" Intrnl_Id="5556">
<LocList>
<Loc EndOffset="126" SrcFileId="20" StartOffset="104"/>
</LocList>
</BasicStmnt>
<BasicStmnt CovItemId="S3" CovItemPrefix="game.Board.java" Intrnl_Id="5557">
<LocList>
<Loc EndOffset="184" SrcFileId="20" StartOffset="130"/>
</LocList>
</BasicStmnt>
</StmntSeq>
<HierarchyLvl HierarchyLvlId="1138" HierarchyLvlTypeId="27" Intrnl_Id="5558" Name="Board">
<Header>
<Loc EndOffset="225" SrcFileId="20" StartOffset="190"/>
</Header>
<LocList>
<Loc EndOffset="517" SrcFileId="20" StartOffset="190"/>
</LocList>
<StmntSeq Intrnl_Id="5559">
<LocList>
<Loc EndOffset="252" SrcFileId="20" StartOffset="233"/>
<Loc EndOffset="276" SrcFileId="20" StartOffset="255"/>
<Loc EndOffset="314" SrcFileId="20" StartOffset="282"/>
<Loc EndOffset="514" SrcFileId="20" StartOffset="317"/>
</LocList>
<BasicStmnt CovItemId="S4" CovItemPrefix="game.Board.java" Intrnl_Id="5560">
<LocList>
<Loc EndOffset="252" SrcFileId="20" StartOffset="233"/>
</LocList>
</BasicStmnt>
<BasicStmnt CovItemId="S5" CovItemPrefix="game.Board.java" Intrnl_Id="5561">
<LocList>
<Loc EndOffset="276" SrcFileId="20" StartOffset="255"/>
</LocList>
</BasicStmnt>
<BasicStmnt CovItemId="S6" CovItemPrefix="game.Board.java" Intrnl_Id="5562">
<LocList>
<Loc EndOffset="314" SrcFileId="20" StartOffset="282"/>
</LocList>
</BasicStmnt>
<LoopStmnt CovItemId="S7" CovItemPrefix="game.Board.java" Intrnl_Id="5563" MltplExecId="L1-2" MltplExecPrefix="game.Board.java" NvrExecId="L1-0" NvrExecPrefix="game.Board.java" OnceExecutedId="L1-1" OnceExecutedPrefix="game.Board.java" OptBodyExec="true">
<StmntSeq Intrnl_Id="5564">
<LocList>
<Loc EndOffset="510" SrcFileId="20" StartOffset="353"/>
</LocList>
<LoopStmnt CovItemId="S8" CovItemPrefix="game.Board.java" Intrnl_Id="5565" MltplExecId="L2-2" MltplExecPrefix="game.Board.java" NvrExecId="L2-0" NvrExecPrefix="game.Board.java" OnceExecutedId="L2-1" OnceExecutedPrefix="game.Board.java" OptBodyExec="true">
<StmntSeq Intrnl_Id="5566">
<LocList>
<Loc EndOffset="414" SrcFileId="20" StartOffset="391"/>
<Loc EndOffset="434" SrcFileId="20" StartOffset="419"/>
<Loc EndOffset="454" SrcFileId="20" StartOffset="439"/>
<Loc EndOffset="478" SrcFileId="20" StartOffset="459"/>
<Loc EndOffset="505" SrcFileId="20" StartOffset="483"/>
</LocList>
<BasicStmnt CovItemId="S9" CovItemPrefix="game.Board.java" Intrnl_Id="5567">
<LocList>
<Loc EndOffset="414" SrcFileId="20" StartOffset="391"/>
</LocList>
</BasicStmnt>
<BasicStmnt CovItemId="S10" CovItemPrefix="game.Board.java" Intrnl_Id="5568">
<LocList>
<Loc EndOffset="434" SrcFileId="20" StartOffset="419"/>
</LocList>
</BasicStmnt>
<BasicStmnt CovItemId="S11" CovItemPrefix="game.Board.java" Intrnl_Id="5569">
<LocList>
<Loc EndOffset="454" SrcFileId="20" StartOffset="439"/>
</LocList>
</BasicStmnt>
<BasicStmnt CovItemId="S12" CovItemPrefix="game.Board.java" Intrnl_Id="5570">
<LocList>
<Loc EndOffset="478" SrcFileId="20" StartOffset="459"/>
</LocList>
</BasicStmnt>
<BasicStmnt CovItemId="S13" CovItemPrefix="game.Board.java" Intrnl_Id="5571">
<LocList>
<Loc EndOffset="505" SrcFileId="20" StartOffset="483"/>
</LocList>
</BasicStmnt>
</StmntSeq>
<Keyword EndOffset="356" SrcFileId="20" StartOffset="353"/>
<LocList>
<Loc EndOffset="510" SrcFileId="20" StartOffset="353"/>
</LocList>
<RootTerm CovItemId="C2" CovItemPrefix="game.Board.java" Intrnl_Id="5572">
<BasicBoolTerm Intrnl_Id="5573">
<LocList>
<Loc EndOffset="378" SrcFileId="20" StartOffset="368"/>
</LocList>
</BasicBoolTerm>
</RootTerm>
</LoopStmnt>
</StmntSeq>
<Keyword EndOffset="320" SrcFileId="20" StartOffset="317"/>
<LocList>
<Loc EndOffset="514" SrcFileId="20" StartOffset="317"/>
</LocList>
<RootTerm CovItemId="C1" CovItemPrefix="game.Board.java" Intrnl_Id="5574">
<BasicBoolTerm Intrnl_Id="5575">
<LocList>
<Loc EndOffset="341" SrcFileId="20" StartOffset="332"/>
</LocList>
</BasicBoolTerm>
</RootTerm>
</LoopStmnt>
</StmntSeq>
</HierarchyLvl>
<HierarchyLvl HierarchyLvlId="1139" HierarchyLvlTypeId="27" Intrnl_Id="5576" Name="Board">
<Header>
<Loc EndOffset="578" SrcFileId="20" StartOffset="553"/>
</Header>
<LocList>
<Loc EndOffset="996" SrcFileId="20" StartOffset="553"/>
</LocList>
<StmntSeq Intrnl_Id="5577">
<LocList>
<Loc EndOffset="603" SrcFileId="20" StartOffset="583"/>
<Loc EndOffset="628" SrcFileId="20" StartOffset="606"/>
<Loc EndOffset="666" SrcFileId="20" StartOffset="634"/>
<Loc EndOffset="866" SrcFileId="20" StartOffset="669"/>
<Loc EndOffset="993" SrcFileId="20" StartOffset="869"/>
</LocList>
<BasicStmnt CovItemId="S14" CovItemPrefix="game.Board.java" Intrnl_Id="5578">
<LocList>
<Loc EndOffset="603" SrcFileId="20" StartOffset="583"/>
</LocList>
</BasicStmnt>
<BasicStmnt CovItemId="S15" CovItemPrefix="game.Board.java" Intrnl_Id="5579">
<LocList>
<Loc EndOffset="628" SrcFileId="20" StartOffset="606"/>
</LocList>
</BasicStmnt>
<BasicStmnt CovItemId="S16" CovItemPrefix="game.Board.java" Intrnl_Id="5580">
<LocList>
<Loc EndOffset="666" SrcFileId="20" StartOffset="634"/>
</LocList>
</BasicStmnt>
<LoopStmnt CovItemId="S17" CovItemPrefix="game.Board.java" Intrnl_Id="5581" MltplExecId="L3-2" MltplExecPrefix="game.Board.java" NvrExecId="L3-0" NvrExecPrefix="game.Board.java" OnceExecutedId="L3-1" OnceExecutedPrefix="game.Board.java" OptBodyExec="true">
<StmntSeq Intrnl_Id="5582">
<LocList>
<Loc EndOffset="862" SrcFileId="20" StartOffset="705"/>
</LocList>
<LoopStmnt CovItemId="S18" CovItemPrefix="game.Board.java" Intrnl_Id="5583" MltplExecId="L4-2" MltplExecPrefix="game.Board.java" NvrExecId="L4-0" NvrExecPrefix="game.Board.java" OnceExecutedId="L4-1" OnceExecutedPrefix="game.Board.java" OptBodyExec="true">
<StmntSeq Intrnl_Id="5584">
<LocList>
<Loc EndOffset="766" SrcFileId="20" StartOffset="743"/>
<Loc EndOffset="786" SrcFileId="20" StartOffset="771"/>
<Loc EndOffset="806" SrcFileId="20" StartOffset="791"/>
<Loc EndOffset="830" SrcFileId="20" StartOffset="811"/>
<Loc EndOffset="857" SrcFileId="20" StartOffset="835"/>
</LocList>
<BasicStmnt CovItemId="S19" CovItemPrefix="game.Board.java" Intrnl_Id="5585">
<LocList>
<Loc EndOffset="766" SrcFileId="20" StartOffset="743"/>
</LocList>
</BasicStmnt>
<BasicStmnt CovItemId="S20" CovItemPrefix="game.Board.java" Intrnl_Id="5586">
<LocList>
<Loc EndOffset="786" SrcFileId="20" StartOffset="771"/>
</LocList>
</BasicStmnt>
<BasicStmnt CovItemId="S21" CovItemPrefix="game.Board.java" Intrnl_Id="5587">
<LocList>
<Loc EndOffset="806" SrcFileId="20" StartOffset="791"/>
</LocList>
</BasicStmnt>
<BasicStmnt CovItemId="S22" CovItemPrefix="game.Board.java" Intrnl_Id="5588">
<LocList>
<Loc EndOffset="830" SrcFileId="20" StartOffset="811"/>
</LocList>
</BasicStmnt>
<BasicStmnt CovItemId="S23" CovItemPrefix="game.Board.java" Intrnl_Id="5589">
<LocList>
<Loc EndOffset="857" SrcFileId="20" StartOffset="835"/>
</LocList>
</BasicStmnt>
</StmntSeq>
<Keyword EndOffset="708" SrcFileId="20" StartOffset="705"/>
<LocList>
<Loc EndOffset="862" SrcFileId="20" StartOffset="705"/>
</LocList>
<RootTerm CovItemId="C4" CovItemPrefix="game.Board.java" Intrnl_Id="5590">
<BasicBoolTerm Intrnl_Id="5591">
<LocList>
<Loc EndOffset="730" SrcFileId="20" StartOffset="720"/>
</LocList>
</BasicBoolTerm>
</RootTerm>
</LoopStmnt>
</StmntSeq>
<Keyword EndOffset="672" SrcFileId="20" StartOffset="669"/>
<LocList>
<Loc EndOffset="866" SrcFileId="20" StartOffset="669"/>
</LocList>
<RootTerm CovItemId="C3" CovItemPrefix="game.Board.java" Intrnl_Id="5592">
<BasicBoolTerm Intrnl_Id="5593">
<LocList>
<Loc EndOffset="693" SrcFileId="20" StartOffset="684"/>
</LocList>
</BasicBoolTerm>
</RootTerm>
</LoopStmnt>
<LoopStmnt CovItemId="S24" CovItemPrefix="game.Board.java" Intrnl_Id="5594" MltplExecId="L5-2" MltplExecPrefix="game.Board.java" NvrExecId="L5-0" NvrExecPrefix="game.Board.java" OnceExecutedId="L5-1" OnceExecutedPrefix="game.Board.java" OptBodyExec="true">
<StmntSeq Intrnl_Id="5595">
<LocList>
<Loc EndOffset="989" SrcFileId="20" StartOffset="909"/>
</LocList>
<CondStmnt CovItemId="S25" CovItemPrefix="game.Board.java" Intrnl_Id="5596">
<Branch CovItemId="B1" CovItemPrefix="game.Board.java" Implct="false" Intrnl_Id="5597">
<Cond/>
<LocList>
<Loc EndOffset="989" SrcFileId="20" StartOffset="933"/>
</LocList>
<StmntSeq Intrnl_Id="5598">
<LocList>
<Loc EndOffset="984" SrcFileId="20" StartOffset="939"/>
</LocList>
<BasicStmnt CovItemId="S26" CovItemPrefix="game.Board.java" Intrnl_Id="5599">
<LocList>
<Loc EndOffset="984" SrcFileId="20" StartOffset="939"/>
</LocList>
</BasicStmnt>
</StmntSeq>
</Branch>
<Branch CovItemId="B2" CovItemPrefix="game.Board.java" Implct="true" Intrnl_Id="5600">
<Cond/>
<LocList/>
<StmntSeq Intrnl_Id="5601">
<LocList/>
</StmntSeq>
</Branch>
<Keyword EndOffset="911" SrcFileId="20" StartOffset="909"/>
<LocList>
<Loc EndOffset="989" SrcFileId="20" StartOffset="909"/>
</LocList>
<RootTerm CovItemId="C5" CovItemPrefix="game.Board.java" Intrnl_Id="5602">
<BasicBoolTerm Intrnl_Id="5603">
<LocList>
<Loc EndOffset="931" SrcFileId="20" StartOffset="913"/>
</LocList>
</BasicBoolTerm>
</RootTerm>
</CondStmnt>
</StmntSeq>
<Keyword EndOffset="872" SrcFileId="20" StartOffset="869"/>
<LocList>
<Loc EndOffset="993" SrcFileId="20" StartOffset="869"/>
</LocList>
</LoopStmnt>
</StmntSeq>
</HierarchyLvl>
<HierarchyLvl HierarchyLvlId="1140" HierarchyLvlTypeId="27" Intrnl_Id="5604" Name="AddPiece">
<Header>
<Loc EndOffset="1057" SrcFileId="20" StartOffset="1000"/>
</Header>
<LocList>
<Loc EndOffset="1103" SrcFileId="20" StartOffset="1000"/>
</LocList>
<StmntSeq Intrnl_Id="5605">
<LocList>
<Loc EndOffset="1100" SrcFileId="20" StartOffset="1062"/>
</LocList>
<BasicStmnt CovItemId="S27" CovItemPrefix="game.Board.java" Intrnl_Id="5606">
<LocList>
<Loc EndOffset="1100" SrcFileId="20" StartOffset="1062"/>
</LocList>
</BasicStmnt>
</StmntSeq>
</HierarchyLvl>
</HierarchyLvl>
<HierarchyLvl HierarchyLvlId="1144" HierarchyLvlTypeId="26" Intrnl_Id="5607" Name="Bishop">
<Header>
<Loc EndOffset="114" SrcFileId="21" StartOffset="81"/>
</Header>
<LocList>
<Loc EndOffset="359" SrcFileId="21" StartOffset="81"/>
</LocList>
<HierarchyLvl HierarchyLvlId="1142" HierarchyLvlTypeId="27" Intrnl_Id="5608" Name="Bishop">
<Header>
<Loc EndOffset="146" SrcFileId="21" StartOffset="118"/>
</Header>
<LocList>
<Loc EndOffset="167" SrcFileId="21" StartOffset="118"/>
</LocList>
<StmntSeq Intrnl_Id="5609">
<LocList>
<Loc EndOffset="164" SrcFileId="21" StartOffset="151"/>
</LocList>
<BasicStmnt CovItemId="S1" CovItemPrefix="game.Bishop.java" Intrnl_Id="5610">
<LocList>
<Loc EndOffset="164" SrcFileId="21" StartOffset="151"/>
</LocList>
</BasicStmnt>
</StmntSeq>
</HierarchyLvl>
<HierarchyLvl HierarchyLvlId="1143" HierarchyLvlTypeId="27" Intrnl_Id="5611" Name="toString">
<Header>
<Loc EndOffset="279" SrcFileId="21" StartOffset="255"/>
</Header>
<LocList>
<Loc EndOffset="357" SrcFileId="21" StartOffset="255"/>
</LocList>
<StmntSeq Intrnl_Id="5612">
<LocList>
<Loc EndOffset="337" SrcFileId="21" StartOffset="284"/>
<Loc EndOffset="351" SrcFileId="21" StartOffset="340"/>
</LocList>
<CondStmnt CovItemId="S2" CovItemPrefix="game.Bishop.java" Intrnl_Id="5613">
<Branch CovItemId="B1" CovItemPrefix="game.Bishop.java" Implct="false" Intrnl_Id="5614">
<Cond/>
<LocList>
<Loc EndOffset="337" SrcFileId="21" StartOffset="317"/>
</LocList>
<StmntSeq Intrnl_Id="5615">
<LocList>
<Loc EndOffset="333" SrcFileId="21" StartOffset="322"/>
</LocList>
<BasicStmnt CovItemId="S3" CovItemPrefix="game.Bishop.java" Intrnl_Id="5616">
<LocList>
<Loc EndOffset="333" SrcFileId="21" StartOffset="322"/>
</LocList>
</BasicStmnt>
</StmntSeq>
</Branch>
<Branch CovItemId="B2" CovItemPrefix="game.Bishop.java" Implct="true" Intrnl_Id="5617">
<Cond/>
<LocList/>
<StmntSeq Intrnl_Id="5618">
<LocList/>
</StmntSeq>
</Branch>
<Keyword EndOffset="286" SrcFileId="21" StartOffset="284"/>
<LocList>
<Loc EndOffset="337" SrcFileId="21" StartOffset="284"/>
</LocList>
<RootTerm CovItemId="C1" CovItemPrefix="game.Bishop.java" Intrnl_Id="5619">
<BasicBoolTerm Intrnl_Id="5620">
<LocList>
<Loc EndOffset="315" SrcFileId="21" StartOffset="288"/>
</LocList>
</BasicBoolTerm>
</RootTerm>
</CondStmnt>
<BasicStmnt CovItemId="S4" CovItemPrefix="game.Bishop.java" Intrnl_Id="5621">
<LocList>
<Loc EndOffset="351" SrcFileId="21" StartOffset="340"/>
</LocList>
</BasicStmnt>
</StmntSeq>
</HierarchyLvl>
</HierarchyLvl>
</HierarchyLvl>
</HierarchyLvl>
</MASTRoot>
<TestSession Comment="" Date="1416509040894" Name="20-Nov-2014 1:44:00 PM">
<TestCase Comment="This is a test case containing all coverage results cause no startTestCase methods where captured." Date="1416509033488" Name="UNNAMED TESTCASE">
<CovList>
<CovPrefix CovItemPrefix="game.Controller.java">
<Cov CovItemId="B1" Value="1"/>
<Cov CovItemId="B11" Value="1"/>
<Cov CovItemId="B13" Value="1"/>
<Cov CovItemId="B15" Value="1"/>
<Cov CovItemId="B17" Value="1"/>
<Cov CovItemId="B18" Value="1"/>
<Cov CovItemId="B3" Value="1"/>
<Cov CovItemId="B5" Value="1"/>
<Cov CovItemId="B7" Value="1"/>
<Cov CovItemId="B9" Value="1"/>
<Cov CovItemId="S1" Value="1"/>
<Cov CovItemId="S10" Value="1"/>
<Cov CovItemId="S11" Value="1"/>
<Cov CovItemId="S12" Value="1"/>
<Cov CovItemId="S13" Value="1"/>
<Cov CovItemId="S16" Value="1"/>
<Cov CovItemId="S17" Value="1"/>
<Cov CovItemId="S18" Value="1"/>
<Cov CovItemId="S2" Value="1"/>
<Cov CovItemId="S21" Value="1"/>
<Cov CovItemId="S22" Value="1"/>
<Cov CovItemId="S24" Value="1"/>
<Cov CovItemId="S26" Value="1"/>
<Cov CovItemId="S28" Value="1"/>
<Cov CovItemId="S29" Value="1"/>
<Cov CovItemId="S3" Value="1"/>
<Cov CovItemId="S4" Value="1"/>
<Cov CovItemId="S5" Value="1"/>
<Cov CovItemId="S6" Value="1"/>
<Cov CovItemId="S7" Value="1"/>
<Cov CovItemId="S8" Value="1"/>
<Cov CovItemId="S9" Value="1"/>
</CovPrefix>
<CovPrefix CovItemPrefix="game.Game.java">
<Cov CovItemId="S1" Value="1"/>
<Cov CovItemId="S10" Value="1"/>
<Cov CovItemId="S11" Value="1"/>
<Cov CovItemId="S12" Value="1"/>
<Cov CovItemId="S13" Value="1"/>
<Cov CovItemId="S14" Value="1"/>
<Cov CovItemId="S15" Value="1"/>
<Cov CovItemId="S2" Value="1"/>
<Cov CovItemId="S26" Value="1"/>
<Cov CovItemId="S27" Value="1"/>
<Cov CovItemId="S3" Value="1"/>
<Cov CovItemId="S4" Value="1"/>
<Cov CovItemId="S5" Value="1"/>
<Cov CovItemId="S6" Value="1"/>
<Cov CovItemId="S7" Value="1"/>
<Cov CovItemId="S8" Value="1"/>
<Cov CovItemId="S9" Value="1"/>
</CovPrefix>
<CovPrefix CovItemPrefix="game.Player.java">
<Cov CovItemId="S1" Value="2"/>
</CovPrefix>
<CovPrefix CovItemPrefix="game.View.java">
<Cov CovItemId="S1" Value="1"/>
<Cov CovItemId="S2" Value="1"/>
<Cov CovItemId="S3" Value="1"/>
<Cov CovItemId="S4" Value="1"/>
<Cov CovItemId="S5" Value="1"/>
<Cov CovItemId="S6" Value="1"/>
</CovPrefix>
</CovList>
<AssgnmntList>
<AssgnmntPrefix RootTermCovItemPrefix="game.Controller.java">
<AssgnmntListEntry Length="1" RootTermCovItemId="C10">
<MapEntry BoolAssgnmnt="1" Value="1"/>
</AssgnmntListEntry>
<AssgnmntListEntry Length="1" RootTermCovItemId="C2">
<MapEntry BoolAssgnmnt="1" Value="1"/>
</AssgnmntListEntry>
<AssgnmntListEntry Length="1" RootTermCovItemId="C3">
<MapEntry BoolAssgnmnt="1" Value="1"/>
</AssgnmntListEntry>
<AssgnmntListEntry Length="1" RootTermCovItemId="C4">
<MapEntry BoolAssgnmnt="1" Value="1"/>
</AssgnmntListEntry>
<AssgnmntListEntry Length="1" RootTermCovItemId="C5">
<MapEntry BoolAssgnmnt="1" Value="1"/>
</AssgnmntListEntry>
<AssgnmntListEntry Length="1" RootTermCovItemId="C6">
<MapEntry BoolAssgnmnt="0" Value="1"/>
</AssgnmntListEntry>
<AssgnmntListEntry Length="1" RootTermCovItemId="C7">
<MapEntry BoolAssgnmnt="0" Value="1"/>
</AssgnmntListEntry>
<AssgnmntListEntry Length="1" RootTermCovItemId="C8">
<MapEntry BoolAssgnmnt="0" Value="1"/>
</AssgnmntListEntry>
<AssgnmntListEntry Length="1" RootTermCovItemId="C9">
<MapEntry BoolAssgnmnt="0" Value="1"/>
</AssgnmntListEntry>
</AssgnmntPrefix>
</AssgnmntList>
<ObjMetaDataList/>
<MetaDataList/>
</TestCase>
<MetaDataList/>
</TestSession>
</TestSessionContainer>
