<?xml version="1.0" encoding="UTF-8"?>
<!-- Generated by org.testng.reporters.JUnitReportReporter -->
<<<<<<< HEAD
<testsuite hostname="Alienware18" name="game.TestNG" tests="7" failures="0" timestamp="12 Nov 2014 02:14:30 GMT" time="20.801" errors="0">
  <testcase name="testFuzzInput" time="20.784" classname="game.TestNG"/>
  <testcase name="testAddPiece" time="0.009" classname="game.TestNG"/>
  <testcase name="testBoardInstantiation" time="0.000" classname="game.TestNG"/>
  <testcase name="testGameInstantiation" time="0.001" classname="game.TestNG"/>
  <testcase name="testPieceInstantiation" time="0.001" classname="game.TestNG"/>
  <testcase name="testCheckMate" time="0.002" classname="game.TestNG"/>
  <testcase name="testCheck" time="0.004" classname="game.TestNG"/>
=======
<testsuite hostname="derek-Aspire-S3" name="game.TestNG" tests="7" failures="0" timestamp="20 Nov 2014 18:39:21 GMT" time="0.309" errors="0">
  <testcase name="testAddPiece" time="0.017" classname="game.TestNG"/>
  <testcase name="testFuzzInput" time="0.277" classname="game.TestNG"/>
  <testcase name="testPieceInstantiation" time="0.001" classname="game.TestNG"/>
  <testcase name="testCheck" time="0.007" classname="game.TestNG"/>
  <testcase name="testCheckMate" time="0.005" classname="game.TestNG"/>
  <testcase name="testGameInstantiation" time="0.001" classname="game.TestNG"/>
  <testcase name="testBoardInstantiation" time="0.001" classname="game.TestNG"/>
>>>>>>> origin/master
</testsuite> <!-- game.TestNG -->
